[2024-12-06T21:41:00.106+0000] {processor.py:186} INFO - Started process (PID=125) to work on /home/airflow/.local/lib/python3.12/site-packages/airflow/example_dags/example_external_task_marker_dag.py
[2024-12-06T21:41:00.107+0000] {processor.py:914} INFO - Processing file /home/airflow/.local/lib/python3.12/site-packages/airflow/example_dags/example_external_task_marker_dag.py for tasks to queue
[2024-12-06T21:41:00.110+0000] {logging_mixin.py:190} INFO - [2024-12-06T21:41:00.110+0000] {dagbag.py:588} INFO - Filling up the DagBag from /home/airflow/.local/lib/python3.12/site-packages/airflow/example_dags/example_external_task_marker_dag.py
[2024-12-06T21:41:00.122+0000] {processor.py:925} INFO - DAG(s) 'example_external_task_marker_parent', 'example_external_task_marker_child' retrieved from /home/airflow/.local/lib/python3.12/site-packages/airflow/example_dags/example_external_task_marker_dag.py
[2024-12-06T21:41:00.269+0000] {logging_mixin.py:190} INFO - [2024-12-06T21:41:00.268+0000] {override.py:1911} INFO - Created Permission View: can edit on DAG:example_external_task_marker_parent
[2024-12-06T21:41:00.283+0000] {logging_mixin.py:190} INFO - [2024-12-06T21:41:00.283+0000] {override.py:1911} INFO - Created Permission View: can delete on DAG:example_external_task_marker_parent
[2024-12-06T21:41:00.292+0000] {logging_mixin.py:190} INFO - [2024-12-06T21:41:00.292+0000] {override.py:1911} INFO - Created Permission View: can read on DAG:example_external_task_marker_parent
[2024-12-06T21:41:00.304+0000] {logging_mixin.py:190} INFO - [2024-12-06T21:41:00.303+0000] {override.py:1911} INFO - Created Permission View: menu access on DAG Run:example_external_task_marker_parent
[2024-12-06T21:41:00.313+0000] {logging_mixin.py:190} INFO - [2024-12-06T21:41:00.312+0000] {override.py:1911} INFO - Created Permission View: can create on DAG Run:example_external_task_marker_parent
[2024-12-06T21:41:00.322+0000] {logging_mixin.py:190} INFO - [2024-12-06T21:41:00.321+0000] {override.py:1911} INFO - Created Permission View: can delete on DAG Run:example_external_task_marker_parent
[2024-12-06T21:41:00.331+0000] {logging_mixin.py:190} INFO - [2024-12-06T21:41:00.330+0000] {override.py:1911} INFO - Created Permission View: can read on DAG Run:example_external_task_marker_parent
[2024-12-06T21:41:00.350+0000] {logging_mixin.py:190} INFO - [2024-12-06T21:41:00.350+0000] {override.py:1911} INFO - Created Permission View: can edit on DAG:example_external_task_marker_child
[2024-12-06T21:41:00.360+0000] {logging_mixin.py:190} INFO - [2024-12-06T21:41:00.359+0000] {override.py:1911} INFO - Created Permission View: can delete on DAG:example_external_task_marker_child
[2024-12-06T21:41:00.369+0000] {logging_mixin.py:190} INFO - [2024-12-06T21:41:00.369+0000] {override.py:1911} INFO - Created Permission View: can read on DAG:example_external_task_marker_child
[2024-12-06T21:41:00.380+0000] {logging_mixin.py:190} INFO - [2024-12-06T21:41:00.380+0000] {override.py:1911} INFO - Created Permission View: menu access on DAG Run:example_external_task_marker_child
[2024-12-06T21:41:00.389+0000] {logging_mixin.py:190} INFO - [2024-12-06T21:41:00.388+0000] {override.py:1911} INFO - Created Permission View: can create on DAG Run:example_external_task_marker_child
[2024-12-06T21:41:00.397+0000] {logging_mixin.py:190} INFO - [2024-12-06T21:41:00.397+0000] {override.py:1911} INFO - Created Permission View: can delete on DAG Run:example_external_task_marker_child
[2024-12-06T21:41:00.406+0000] {logging_mixin.py:190} INFO - [2024-12-06T21:41:00.406+0000] {override.py:1911} INFO - Created Permission View: can read on DAG Run:example_external_task_marker_child
[2024-12-06T21:41:00.407+0000] {logging_mixin.py:190} INFO - [2024-12-06T21:41:00.407+0000] {dag.py:3239} INFO - Sync 2 DAGs
[2024-12-06T21:41:00.424+0000] {logging_mixin.py:190} INFO - [2024-12-06T21:41:00.424+0000] {dag.py:3262} INFO - Creating ORM DAG for example_external_task_marker_child
[2024-12-06T21:41:00.425+0000] {logging_mixin.py:190} INFO - [2024-12-06T21:41:00.425+0000] {dag.py:3262} INFO - Creating ORM DAG for example_external_task_marker_parent
[2024-12-06T21:41:00.427+0000] {logging_mixin.py:190} INFO - [2024-12-06T21:41:00.426+0000] {dag.py:4180} INFO - Setting next_dagrun for example_external_task_marker_child to None, run_after=None
[2024-12-06T21:41:00.428+0000] {logging_mixin.py:190} INFO - [2024-12-06T21:41:00.428+0000] {dag.py:4180} INFO - Setting next_dagrun for example_external_task_marker_parent to None, run_after=None
[2024-12-06T21:41:00.449+0000] {processor.py:208} INFO - Processing /home/airflow/.local/lib/python3.12/site-packages/airflow/example_dags/example_external_task_marker_dag.py took 0.352 seconds
[2024-12-06T21:41:30.677+0000] {processor.py:186} INFO - Started process (PID=188) to work on /home/airflow/.local/lib/python3.12/site-packages/airflow/example_dags/example_external_task_marker_dag.py
[2024-12-06T21:41:30.678+0000] {processor.py:914} INFO - Processing file /home/airflow/.local/lib/python3.12/site-packages/airflow/example_dags/example_external_task_marker_dag.py for tasks to queue
[2024-12-06T21:41:30.681+0000] {logging_mixin.py:190} INFO - [2024-12-06T21:41:30.681+0000] {dagbag.py:588} INFO - Filling up the DagBag from /home/airflow/.local/lib/python3.12/site-packages/airflow/example_dags/example_external_task_marker_dag.py
[2024-12-06T21:41:30.692+0000] {processor.py:925} INFO - DAG(s) 'example_external_task_marker_child', 'example_external_task_marker_parent' retrieved from /home/airflow/.local/lib/python3.12/site-packages/airflow/example_dags/example_external_task_marker_dag.py
[2024-12-06T21:41:30.721+0000] {logging_mixin.py:190} INFO - [2024-12-06T21:41:30.721+0000] {dag.py:3239} INFO - Sync 2 DAGs
[2024-12-06T21:41:30.741+0000] {logging_mixin.py:190} INFO - [2024-12-06T21:41:30.740+0000] {dag.py:4180} INFO - Setting next_dagrun for example_external_task_marker_child to None, run_after=None
[2024-12-06T21:41:30.745+0000] {logging_mixin.py:190} INFO - [2024-12-06T21:41:30.745+0000] {dag.py:4180} INFO - Setting next_dagrun for example_external_task_marker_parent to None, run_after=None
[2024-12-06T21:41:30.767+0000] {processor.py:208} INFO - Processing /home/airflow/.local/lib/python3.12/site-packages/airflow/example_dags/example_external_task_marker_dag.py took 0.098 seconds
[2024-12-06T21:42:01.704+0000] {processor.py:186} INFO - Started process (PID=251) to work on /home/airflow/.local/lib/python3.12/site-packages/airflow/example_dags/example_external_task_marker_dag.py
[2024-12-06T21:42:01.706+0000] {processor.py:914} INFO - Processing file /home/airflow/.local/lib/python3.12/site-packages/airflow/example_dags/example_external_task_marker_dag.py for tasks to queue
[2024-12-06T21:42:01.709+0000] {logging_mixin.py:190} INFO - [2024-12-06T21:42:01.708+0000] {dagbag.py:588} INFO - Filling up the DagBag from /home/airflow/.local/lib/python3.12/site-packages/airflow/example_dags/example_external_task_marker_dag.py
[2024-12-06T21:42:01.719+0000] {processor.py:925} INFO - DAG(s) 'example_external_task_marker_child', 'example_external_task_marker_parent' retrieved from /home/airflow/.local/lib/python3.12/site-packages/airflow/example_dags/example_external_task_marker_dag.py
[2024-12-06T21:42:01.748+0000] {logging_mixin.py:190} INFO - [2024-12-06T21:42:01.747+0000] {dag.py:3239} INFO - Sync 2 DAGs
[2024-12-06T21:42:01.771+0000] {logging_mixin.py:190} INFO - [2024-12-06T21:42:01.771+0000] {dag.py:4180} INFO - Setting next_dagrun for example_external_task_marker_child to None, run_after=None
[2024-12-06T21:42:01.776+0000] {logging_mixin.py:190} INFO - [2024-12-06T21:42:01.776+0000] {dag.py:4180} INFO - Setting next_dagrun for example_external_task_marker_parent to None, run_after=None
[2024-12-06T21:42:01.795+0000] {processor.py:208} INFO - Processing /home/airflow/.local/lib/python3.12/site-packages/airflow/example_dags/example_external_task_marker_dag.py took 0.099 seconds
[2024-12-06T21:42:32.972+0000] {processor.py:186} INFO - Started process (PID=314) to work on /home/airflow/.local/lib/python3.12/site-packages/airflow/example_dags/example_external_task_marker_dag.py
[2024-12-06T21:42:32.973+0000] {processor.py:914} INFO - Processing file /home/airflow/.local/lib/python3.12/site-packages/airflow/example_dags/example_external_task_marker_dag.py for tasks to queue
[2024-12-06T21:42:32.976+0000] {logging_mixin.py:190} INFO - [2024-12-06T21:42:32.976+0000] {dagbag.py:588} INFO - Filling up the DagBag from /home/airflow/.local/lib/python3.12/site-packages/airflow/example_dags/example_external_task_marker_dag.py
[2024-12-06T21:42:32.986+0000] {processor.py:925} INFO - DAG(s) 'example_external_task_marker_child', 'example_external_task_marker_parent' retrieved from /home/airflow/.local/lib/python3.12/site-packages/airflow/example_dags/example_external_task_marker_dag.py
[2024-12-06T21:42:33.014+0000] {logging_mixin.py:190} INFO - [2024-12-06T21:42:33.014+0000] {dag.py:3239} INFO - Sync 2 DAGs
[2024-12-06T21:42:33.033+0000] {logging_mixin.py:190} INFO - [2024-12-06T21:42:33.032+0000] {dag.py:4180} INFO - Setting next_dagrun for example_external_task_marker_child to None, run_after=None
[2024-12-06T21:42:33.037+0000] {logging_mixin.py:190} INFO - [2024-12-06T21:42:33.037+0000] {dag.py:4180} INFO - Setting next_dagrun for example_external_task_marker_parent to None, run_after=None
[2024-12-06T21:42:33.057+0000] {processor.py:208} INFO - Processing /home/airflow/.local/lib/python3.12/site-packages/airflow/example_dags/example_external_task_marker_dag.py took 0.093 seconds
[2024-12-06T21:43:03.158+0000] {processor.py:186} INFO - Started process (PID=377) to work on /home/airflow/.local/lib/python3.12/site-packages/airflow/example_dags/example_external_task_marker_dag.py
[2024-12-06T21:43:03.160+0000] {processor.py:914} INFO - Processing file /home/airflow/.local/lib/python3.12/site-packages/airflow/example_dags/example_external_task_marker_dag.py for tasks to queue
[2024-12-06T21:43:03.165+0000] {logging_mixin.py:190} INFO - [2024-12-06T21:43:03.164+0000] {dagbag.py:588} INFO - Filling up the DagBag from /home/airflow/.local/lib/python3.12/site-packages/airflow/example_dags/example_external_task_marker_dag.py
[2024-12-06T21:43:03.179+0000] {processor.py:925} INFO - DAG(s) 'example_external_task_marker_child', 'example_external_task_marker_parent' retrieved from /home/airflow/.local/lib/python3.12/site-packages/airflow/example_dags/example_external_task_marker_dag.py
[2024-12-06T21:43:03.220+0000] {logging_mixin.py:190} INFO - [2024-12-06T21:43:03.220+0000] {dag.py:3239} INFO - Sync 2 DAGs
[2024-12-06T21:43:03.255+0000] {logging_mixin.py:190} INFO - [2024-12-06T21:43:03.255+0000] {dag.py:4180} INFO - Setting next_dagrun for example_external_task_marker_child to None, run_after=None
[2024-12-06T21:43:03.262+0000] {logging_mixin.py:190} INFO - [2024-12-06T21:43:03.262+0000] {dag.py:4180} INFO - Setting next_dagrun for example_external_task_marker_parent to None, run_after=None
[2024-12-06T21:43:03.292+0000] {processor.py:208} INFO - Processing /home/airflow/.local/lib/python3.12/site-packages/airflow/example_dags/example_external_task_marker_dag.py took 0.145 seconds
[2024-12-06T21:43:33.821+0000] {processor.py:186} INFO - Started process (PID=440) to work on /home/airflow/.local/lib/python3.12/site-packages/airflow/example_dags/example_external_task_marker_dag.py
[2024-12-06T21:43:33.822+0000] {processor.py:914} INFO - Processing file /home/airflow/.local/lib/python3.12/site-packages/airflow/example_dags/example_external_task_marker_dag.py for tasks to queue
[2024-12-06T21:43:33.825+0000] {logging_mixin.py:190} INFO - [2024-12-06T21:43:33.825+0000] {dagbag.py:588} INFO - Filling up the DagBag from /home/airflow/.local/lib/python3.12/site-packages/airflow/example_dags/example_external_task_marker_dag.py
[2024-12-06T21:43:33.835+0000] {processor.py:925} INFO - DAG(s) 'example_external_task_marker_child', 'example_external_task_marker_parent' retrieved from /home/airflow/.local/lib/python3.12/site-packages/airflow/example_dags/example_external_task_marker_dag.py
[2024-12-06T21:43:33.865+0000] {logging_mixin.py:190} INFO - [2024-12-06T21:43:33.865+0000] {dag.py:3239} INFO - Sync 2 DAGs
[2024-12-06T21:43:33.885+0000] {logging_mixin.py:190} INFO - [2024-12-06T21:43:33.885+0000] {dag.py:4180} INFO - Setting next_dagrun for example_external_task_marker_child to None, run_after=None
[2024-12-06T21:43:33.890+0000] {logging_mixin.py:190} INFO - [2024-12-06T21:43:33.890+0000] {dag.py:4180} INFO - Setting next_dagrun for example_external_task_marker_parent to None, run_after=None
[2024-12-06T21:43:33.912+0000] {processor.py:208} INFO - Processing /home/airflow/.local/lib/python3.12/site-packages/airflow/example_dags/example_external_task_marker_dag.py took 0.099 seconds
[2024-12-06T21:44:04.500+0000] {processor.py:186} INFO - Started process (PID=503) to work on /home/airflow/.local/lib/python3.12/site-packages/airflow/example_dags/example_external_task_marker_dag.py
[2024-12-06T21:44:04.501+0000] {processor.py:914} INFO - Processing file /home/airflow/.local/lib/python3.12/site-packages/airflow/example_dags/example_external_task_marker_dag.py for tasks to queue
[2024-12-06T21:44:04.504+0000] {logging_mixin.py:190} INFO - [2024-12-06T21:44:04.504+0000] {dagbag.py:588} INFO - Filling up the DagBag from /home/airflow/.local/lib/python3.12/site-packages/airflow/example_dags/example_external_task_marker_dag.py
[2024-12-06T21:44:04.514+0000] {processor.py:925} INFO - DAG(s) 'example_external_task_marker_child', 'example_external_task_marker_parent' retrieved from /home/airflow/.local/lib/python3.12/site-packages/airflow/example_dags/example_external_task_marker_dag.py
[2024-12-06T21:44:04.544+0000] {logging_mixin.py:190} INFO - [2024-12-06T21:44:04.544+0000] {dag.py:3239} INFO - Sync 2 DAGs
[2024-12-06T21:44:04.565+0000] {logging_mixin.py:190} INFO - [2024-12-06T21:44:04.564+0000] {dag.py:4180} INFO - Setting next_dagrun for example_external_task_marker_child to None, run_after=None
[2024-12-06T21:44:04.570+0000] {logging_mixin.py:190} INFO - [2024-12-06T21:44:04.569+0000] {dag.py:4180} INFO - Setting next_dagrun for example_external_task_marker_parent to None, run_after=None
[2024-12-06T21:44:04.593+0000] {processor.py:208} INFO - Processing /home/airflow/.local/lib/python3.12/site-packages/airflow/example_dags/example_external_task_marker_dag.py took 0.101 seconds
[2024-12-06T21:44:36.602+0000] {processor.py:186} INFO - Started process (PID=566) to work on /home/airflow/.local/lib/python3.12/site-packages/airflow/example_dags/example_external_task_marker_dag.py
[2024-12-06T21:44:36.604+0000] {processor.py:914} INFO - Processing file /home/airflow/.local/lib/python3.12/site-packages/airflow/example_dags/example_external_task_marker_dag.py for tasks to queue
[2024-12-06T21:44:36.608+0000] {logging_mixin.py:190} INFO - [2024-12-06T21:44:36.608+0000] {dagbag.py:588} INFO - Filling up the DagBag from /home/airflow/.local/lib/python3.12/site-packages/airflow/example_dags/example_external_task_marker_dag.py
[2024-12-06T21:44:36.622+0000] {processor.py:925} INFO - DAG(s) 'example_external_task_marker_child', 'example_external_task_marker_parent' retrieved from /home/airflow/.local/lib/python3.12/site-packages/airflow/example_dags/example_external_task_marker_dag.py
[2024-12-06T21:44:36.658+0000] {logging_mixin.py:190} INFO - [2024-12-06T21:44:36.658+0000] {dag.py:3239} INFO - Sync 2 DAGs
[2024-12-06T21:44:36.683+0000] {logging_mixin.py:190} INFO - [2024-12-06T21:44:36.683+0000] {dag.py:4180} INFO - Setting next_dagrun for example_external_task_marker_child to None, run_after=None
[2024-12-06T21:44:36.689+0000] {logging_mixin.py:190} INFO - [2024-12-06T21:44:36.689+0000] {dag.py:4180} INFO - Setting next_dagrun for example_external_task_marker_parent to None, run_after=None
[2024-12-06T21:44:36.719+0000] {processor.py:208} INFO - Processing /home/airflow/.local/lib/python3.12/site-packages/airflow/example_dags/example_external_task_marker_dag.py took 0.127 seconds
[2024-12-06T21:45:07.321+0000] {processor.py:186} INFO - Started process (PID=629) to work on /home/airflow/.local/lib/python3.12/site-packages/airflow/example_dags/example_external_task_marker_dag.py
[2024-12-06T21:45:07.322+0000] {processor.py:914} INFO - Processing file /home/airflow/.local/lib/python3.12/site-packages/airflow/example_dags/example_external_task_marker_dag.py for tasks to queue
[2024-12-06T21:45:07.325+0000] {logging_mixin.py:190} INFO - [2024-12-06T21:45:07.325+0000] {dagbag.py:588} INFO - Filling up the DagBag from /home/airflow/.local/lib/python3.12/site-packages/airflow/example_dags/example_external_task_marker_dag.py
[2024-12-06T21:45:07.336+0000] {processor.py:925} INFO - DAG(s) 'example_external_task_marker_child', 'example_external_task_marker_parent' retrieved from /home/airflow/.local/lib/python3.12/site-packages/airflow/example_dags/example_external_task_marker_dag.py
[2024-12-06T21:45:07.365+0000] {logging_mixin.py:190} INFO - [2024-12-06T21:45:07.364+0000] {dag.py:3239} INFO - Sync 2 DAGs
[2024-12-06T21:45:07.384+0000] {logging_mixin.py:190} INFO - [2024-12-06T21:45:07.384+0000] {dag.py:4180} INFO - Setting next_dagrun for example_external_task_marker_child to None, run_after=None
[2024-12-06T21:45:07.390+0000] {logging_mixin.py:190} INFO - [2024-12-06T21:45:07.390+0000] {dag.py:4180} INFO - Setting next_dagrun for example_external_task_marker_parent to None, run_after=None
[2024-12-06T21:45:07.415+0000] {processor.py:208} INFO - Processing /home/airflow/.local/lib/python3.12/site-packages/airflow/example_dags/example_external_task_marker_dag.py took 0.102 seconds
[2024-12-06T21:45:39.259+0000] {processor.py:186} INFO - Started process (PID=693) to work on /home/airflow/.local/lib/python3.12/site-packages/airflow/example_dags/example_external_task_marker_dag.py
[2024-12-06T21:45:39.260+0000] {processor.py:914} INFO - Processing file /home/airflow/.local/lib/python3.12/site-packages/airflow/example_dags/example_external_task_marker_dag.py for tasks to queue
[2024-12-06T21:45:39.264+0000] {logging_mixin.py:190} INFO - [2024-12-06T21:45:39.263+0000] {dagbag.py:588} INFO - Filling up the DagBag from /home/airflow/.local/lib/python3.12/site-packages/airflow/example_dags/example_external_task_marker_dag.py
[2024-12-06T21:45:39.275+0000] {processor.py:925} INFO - DAG(s) 'example_external_task_marker_parent', 'example_external_task_marker_child' retrieved from /home/airflow/.local/lib/python3.12/site-packages/airflow/example_dags/example_external_task_marker_dag.py
[2024-12-06T21:45:39.307+0000] {logging_mixin.py:190} INFO - [2024-12-06T21:45:39.306+0000] {dag.py:3239} INFO - Sync 2 DAGs
[2024-12-06T21:45:39.326+0000] {logging_mixin.py:190} INFO - [2024-12-06T21:45:39.326+0000] {dag.py:4180} INFO - Setting next_dagrun for example_external_task_marker_child to None, run_after=None
[2024-12-06T21:45:39.332+0000] {logging_mixin.py:190} INFO - [2024-12-06T21:45:39.332+0000] {dag.py:4180} INFO - Setting next_dagrun for example_external_task_marker_parent to None, run_after=None
[2024-12-06T21:45:39.356+0000] {processor.py:208} INFO - Processing /home/airflow/.local/lib/python3.12/site-packages/airflow/example_dags/example_external_task_marker_dag.py took 0.106 seconds
[2024-12-06T21:46:10.054+0000] {processor.py:186} INFO - Started process (PID=756) to work on /home/airflow/.local/lib/python3.12/site-packages/airflow/example_dags/example_external_task_marker_dag.py
[2024-12-06T21:46:10.056+0000] {processor.py:914} INFO - Processing file /home/airflow/.local/lib/python3.12/site-packages/airflow/example_dags/example_external_task_marker_dag.py for tasks to queue
[2024-12-06T21:46:10.059+0000] {logging_mixin.py:190} INFO - [2024-12-06T21:46:10.059+0000] {dagbag.py:588} INFO - Filling up the DagBag from /home/airflow/.local/lib/python3.12/site-packages/airflow/example_dags/example_external_task_marker_dag.py
[2024-12-06T21:46:10.073+0000] {processor.py:925} INFO - DAG(s) 'example_external_task_marker_child', 'example_external_task_marker_parent' retrieved from /home/airflow/.local/lib/python3.12/site-packages/airflow/example_dags/example_external_task_marker_dag.py
[2024-12-06T21:46:10.108+0000] {logging_mixin.py:190} INFO - [2024-12-06T21:46:10.108+0000] {dag.py:3239} INFO - Sync 2 DAGs
[2024-12-06T21:46:10.132+0000] {logging_mixin.py:190} INFO - [2024-12-06T21:46:10.132+0000] {dag.py:4180} INFO - Setting next_dagrun for example_external_task_marker_child to None, run_after=None
[2024-12-06T21:46:10.138+0000] {logging_mixin.py:190} INFO - [2024-12-06T21:46:10.138+0000] {dag.py:4180} INFO - Setting next_dagrun for example_external_task_marker_parent to None, run_after=None
[2024-12-06T21:46:10.166+0000] {processor.py:208} INFO - Processing /home/airflow/.local/lib/python3.12/site-packages/airflow/example_dags/example_external_task_marker_dag.py took 0.121 seconds
[2024-12-06T21:46:42.743+0000] {processor.py:186} INFO - Started process (PID=824) to work on /home/airflow/.local/lib/python3.12/site-packages/airflow/example_dags/example_external_task_marker_dag.py
[2024-12-06T21:46:42.744+0000] {processor.py:914} INFO - Processing file /home/airflow/.local/lib/python3.12/site-packages/airflow/example_dags/example_external_task_marker_dag.py for tasks to queue
[2024-12-06T21:46:42.747+0000] {logging_mixin.py:190} INFO - [2024-12-06T21:46:42.747+0000] {dagbag.py:588} INFO - Filling up the DagBag from /home/airflow/.local/lib/python3.12/site-packages/airflow/example_dags/example_external_task_marker_dag.py
[2024-12-06T21:46:42.758+0000] {processor.py:925} INFO - DAG(s) 'example_external_task_marker_child', 'example_external_task_marker_parent' retrieved from /home/airflow/.local/lib/python3.12/site-packages/airflow/example_dags/example_external_task_marker_dag.py
[2024-12-06T21:46:42.788+0000] {logging_mixin.py:190} INFO - [2024-12-06T21:46:42.788+0000] {dag.py:3239} INFO - Sync 2 DAGs
[2024-12-06T21:46:42.807+0000] {logging_mixin.py:190} INFO - [2024-12-06T21:46:42.807+0000] {dag.py:4180} INFO - Setting next_dagrun for example_external_task_marker_child to None, run_after=None
[2024-12-06T21:46:42.813+0000] {logging_mixin.py:190} INFO - [2024-12-06T21:46:42.813+0000] {dag.py:4180} INFO - Setting next_dagrun for example_external_task_marker_parent to None, run_after=None
[2024-12-06T21:46:42.835+0000] {processor.py:208} INFO - Processing /home/airflow/.local/lib/python3.12/site-packages/airflow/example_dags/example_external_task_marker_dag.py took 0.101 seconds
[2024-12-06T21:47:15.409+0000] {processor.py:186} INFO - Started process (PID=892) to work on /home/airflow/.local/lib/python3.12/site-packages/airflow/example_dags/example_external_task_marker_dag.py
[2024-12-06T21:47:15.411+0000] {processor.py:914} INFO - Processing file /home/airflow/.local/lib/python3.12/site-packages/airflow/example_dags/example_external_task_marker_dag.py for tasks to queue
[2024-12-06T21:47:15.416+0000] {logging_mixin.py:190} INFO - [2024-12-06T21:47:15.416+0000] {dagbag.py:588} INFO - Filling up the DagBag from /home/airflow/.local/lib/python3.12/site-packages/airflow/example_dags/example_external_task_marker_dag.py
[2024-12-06T21:47:15.434+0000] {processor.py:925} INFO - DAG(s) 'example_external_task_marker_child', 'example_external_task_marker_parent' retrieved from /home/airflow/.local/lib/python3.12/site-packages/airflow/example_dags/example_external_task_marker_dag.py
[2024-12-06T21:47:15.483+0000] {logging_mixin.py:190} INFO - [2024-12-06T21:47:15.483+0000] {dag.py:3239} INFO - Sync 2 DAGs
[2024-12-06T21:47:15.521+0000] {logging_mixin.py:190} INFO - [2024-12-06T21:47:15.521+0000] {dag.py:4180} INFO - Setting next_dagrun for example_external_task_marker_child to None, run_after=None
[2024-12-06T21:47:15.532+0000] {logging_mixin.py:190} INFO - [2024-12-06T21:47:15.532+0000] {dag.py:4180} INFO - Setting next_dagrun for example_external_task_marker_parent to None, run_after=None
[2024-12-06T21:47:15.590+0000] {processor.py:208} INFO - Processing /home/airflow/.local/lib/python3.12/site-packages/airflow/example_dags/example_external_task_marker_dag.py took 0.197 seconds
[2024-12-06T21:47:47.287+0000] {processor.py:186} INFO - Started process (PID=961) to work on /home/airflow/.local/lib/python3.12/site-packages/airflow/example_dags/example_external_task_marker_dag.py
[2024-12-06T21:47:47.289+0000] {processor.py:914} INFO - Processing file /home/airflow/.local/lib/python3.12/site-packages/airflow/example_dags/example_external_task_marker_dag.py for tasks to queue
[2024-12-06T21:47:47.292+0000] {logging_mixin.py:190} INFO - [2024-12-06T21:47:47.292+0000] {dagbag.py:588} INFO - Filling up the DagBag from /home/airflow/.local/lib/python3.12/site-packages/airflow/example_dags/example_external_task_marker_dag.py
[2024-12-06T21:47:47.304+0000] {processor.py:925} INFO - DAG(s) 'example_external_task_marker_parent', 'example_external_task_marker_child' retrieved from /home/airflow/.local/lib/python3.12/site-packages/airflow/example_dags/example_external_task_marker_dag.py
[2024-12-06T21:47:47.337+0000] {logging_mixin.py:190} INFO - [2024-12-06T21:47:47.337+0000] {dag.py:3239} INFO - Sync 2 DAGs
[2024-12-06T21:47:47.358+0000] {logging_mixin.py:190} INFO - [2024-12-06T21:47:47.358+0000] {dag.py:4180} INFO - Setting next_dagrun for example_external_task_marker_child to None, run_after=None
[2024-12-06T21:47:47.364+0000] {logging_mixin.py:190} INFO - [2024-12-06T21:47:47.363+0000] {dag.py:4180} INFO - Setting next_dagrun for example_external_task_marker_parent to None, run_after=None
[2024-12-06T21:47:47.391+0000] {processor.py:208} INFO - Processing /home/airflow/.local/lib/python3.12/site-packages/airflow/example_dags/example_external_task_marker_dag.py took 0.112 seconds
[2024-12-06T21:48:18.365+0000] {processor.py:186} INFO - Started process (PID=1024) to work on /home/airflow/.local/lib/python3.12/site-packages/airflow/example_dags/example_external_task_marker_dag.py
[2024-12-06T21:48:18.366+0000] {processor.py:914} INFO - Processing file /home/airflow/.local/lib/python3.12/site-packages/airflow/example_dags/example_external_task_marker_dag.py for tasks to queue
[2024-12-06T21:48:18.372+0000] {logging_mixin.py:190} INFO - [2024-12-06T21:48:18.371+0000] {dagbag.py:588} INFO - Filling up the DagBag from /home/airflow/.local/lib/python3.12/site-packages/airflow/example_dags/example_external_task_marker_dag.py
[2024-12-06T21:48:18.383+0000] {processor.py:925} INFO - DAG(s) 'example_external_task_marker_parent', 'example_external_task_marker_child' retrieved from /home/airflow/.local/lib/python3.12/site-packages/airflow/example_dags/example_external_task_marker_dag.py
[2024-12-06T21:48:18.416+0000] {logging_mixin.py:190} INFO - [2024-12-06T21:48:18.415+0000] {dag.py:3239} INFO - Sync 2 DAGs
[2024-12-06T21:48:18.440+0000] {logging_mixin.py:190} INFO - [2024-12-06T21:48:18.439+0000] {dag.py:4180} INFO - Setting next_dagrun for example_external_task_marker_child to None, run_after=None
[2024-12-06T21:48:18.445+0000] {logging_mixin.py:190} INFO - [2024-12-06T21:48:18.445+0000] {dag.py:4180} INFO - Setting next_dagrun for example_external_task_marker_parent to None, run_after=None
[2024-12-06T21:48:18.473+0000] {processor.py:208} INFO - Processing /home/airflow/.local/lib/python3.12/site-packages/airflow/example_dags/example_external_task_marker_dag.py took 0.116 seconds
[2024-12-06T21:48:49.706+0000] {processor.py:186} INFO - Started process (PID=1087) to work on /home/airflow/.local/lib/python3.12/site-packages/airflow/example_dags/example_external_task_marker_dag.py
[2024-12-06T21:48:49.707+0000] {processor.py:914} INFO - Processing file /home/airflow/.local/lib/python3.12/site-packages/airflow/example_dags/example_external_task_marker_dag.py for tasks to queue
[2024-12-06T21:48:49.710+0000] {logging_mixin.py:190} INFO - [2024-12-06T21:48:49.710+0000] {dagbag.py:588} INFO - Filling up the DagBag from /home/airflow/.local/lib/python3.12/site-packages/airflow/example_dags/example_external_task_marker_dag.py
[2024-12-06T21:48:49.722+0000] {processor.py:925} INFO - DAG(s) 'example_external_task_marker_parent', 'example_external_task_marker_child' retrieved from /home/airflow/.local/lib/python3.12/site-packages/airflow/example_dags/example_external_task_marker_dag.py
[2024-12-06T21:48:49.756+0000] {logging_mixin.py:190} INFO - [2024-12-06T21:48:49.755+0000] {dag.py:3239} INFO - Sync 2 DAGs
[2024-12-06T21:48:49.778+0000] {logging_mixin.py:190} INFO - [2024-12-06T21:48:49.778+0000] {dag.py:4180} INFO - Setting next_dagrun for example_external_task_marker_child to None, run_after=None
[2024-12-06T21:48:49.784+0000] {logging_mixin.py:190} INFO - [2024-12-06T21:48:49.783+0000] {dag.py:4180} INFO - Setting next_dagrun for example_external_task_marker_parent to None, run_after=None
[2024-12-06T21:48:49.810+0000] {processor.py:208} INFO - Processing /home/airflow/.local/lib/python3.12/site-packages/airflow/example_dags/example_external_task_marker_dag.py took 0.114 seconds
[2024-12-06T21:49:21.923+0000] {processor.py:186} INFO - Started process (PID=1150) to work on /home/airflow/.local/lib/python3.12/site-packages/airflow/example_dags/example_external_task_marker_dag.py
[2024-12-06T21:49:21.925+0000] {processor.py:914} INFO - Processing file /home/airflow/.local/lib/python3.12/site-packages/airflow/example_dags/example_external_task_marker_dag.py for tasks to queue
[2024-12-06T21:49:21.928+0000] {logging_mixin.py:190} INFO - [2024-12-06T21:49:21.928+0000] {dagbag.py:588} INFO - Filling up the DagBag from /home/airflow/.local/lib/python3.12/site-packages/airflow/example_dags/example_external_task_marker_dag.py
[2024-12-06T21:49:21.941+0000] {processor.py:925} INFO - DAG(s) 'example_external_task_marker_child', 'example_external_task_marker_parent' retrieved from /home/airflow/.local/lib/python3.12/site-packages/airflow/example_dags/example_external_task_marker_dag.py
[2024-12-06T21:49:21.977+0000] {logging_mixin.py:190} INFO - [2024-12-06T21:49:21.976+0000] {dag.py:3239} INFO - Sync 2 DAGs
[2024-12-06T21:49:21.999+0000] {logging_mixin.py:190} INFO - [2024-12-06T21:49:21.998+0000] {dag.py:4180} INFO - Setting next_dagrun for example_external_task_marker_child to None, run_after=None
[2024-12-06T21:49:22.005+0000] {logging_mixin.py:190} INFO - [2024-12-06T21:49:22.005+0000] {dag.py:4180} INFO - Setting next_dagrun for example_external_task_marker_parent to None, run_after=None
[2024-12-06T21:49:22.032+0000] {processor.py:208} INFO - Processing /home/airflow/.local/lib/python3.12/site-packages/airflow/example_dags/example_external_task_marker_dag.py took 0.119 seconds
[2024-12-06T21:49:52.977+0000] {processor.py:186} INFO - Started process (PID=1213) to work on /home/airflow/.local/lib/python3.12/site-packages/airflow/example_dags/example_external_task_marker_dag.py
[2024-12-06T21:49:52.978+0000] {processor.py:914} INFO - Processing file /home/airflow/.local/lib/python3.12/site-packages/airflow/example_dags/example_external_task_marker_dag.py for tasks to queue
[2024-12-06T21:49:52.982+0000] {logging_mixin.py:190} INFO - [2024-12-06T21:49:52.982+0000] {dagbag.py:588} INFO - Filling up the DagBag from /home/airflow/.local/lib/python3.12/site-packages/airflow/example_dags/example_external_task_marker_dag.py
[2024-12-06T21:49:52.994+0000] {processor.py:925} INFO - DAG(s) 'example_external_task_marker_parent', 'example_external_task_marker_child' retrieved from /home/airflow/.local/lib/python3.12/site-packages/airflow/example_dags/example_external_task_marker_dag.py
[2024-12-06T21:49:53.033+0000] {logging_mixin.py:190} INFO - [2024-12-06T21:49:53.032+0000] {dag.py:3239} INFO - Sync 2 DAGs
[2024-12-06T21:49:53.056+0000] {logging_mixin.py:190} INFO - [2024-12-06T21:49:53.056+0000] {dag.py:4180} INFO - Setting next_dagrun for example_external_task_marker_child to None, run_after=None
[2024-12-06T21:49:53.062+0000] {logging_mixin.py:190} INFO - [2024-12-06T21:49:53.062+0000] {dag.py:4180} INFO - Setting next_dagrun for example_external_task_marker_parent to None, run_after=None
[2024-12-06T21:49:53.088+0000] {processor.py:208} INFO - Processing /home/airflow/.local/lib/python3.12/site-packages/airflow/example_dags/example_external_task_marker_dag.py took 0.120 seconds
[2024-12-06T21:50:24.999+0000] {processor.py:186} INFO - Started process (PID=1275) to work on /home/airflow/.local/lib/python3.12/site-packages/airflow/example_dags/example_external_task_marker_dag.py
[2024-12-06T21:50:25.001+0000] {processor.py:914} INFO - Processing file /home/airflow/.local/lib/python3.12/site-packages/airflow/example_dags/example_external_task_marker_dag.py for tasks to queue
[2024-12-06T21:50:25.005+0000] {logging_mixin.py:190} INFO - [2024-12-06T21:50:25.004+0000] {dagbag.py:588} INFO - Filling up the DagBag from /home/airflow/.local/lib/python3.12/site-packages/airflow/example_dags/example_external_task_marker_dag.py
[2024-12-06T21:50:25.019+0000] {processor.py:925} INFO - DAG(s) 'example_external_task_marker_parent', 'example_external_task_marker_child' retrieved from /home/airflow/.local/lib/python3.12/site-packages/airflow/example_dags/example_external_task_marker_dag.py
[2024-12-06T21:50:25.058+0000] {logging_mixin.py:190} INFO - [2024-12-06T21:50:25.058+0000] {dag.py:3239} INFO - Sync 2 DAGs
[2024-12-06T21:50:25.085+0000] {logging_mixin.py:190} INFO - [2024-12-06T21:50:25.084+0000] {dag.py:4180} INFO - Setting next_dagrun for example_external_task_marker_child to None, run_after=None
[2024-12-06T21:50:25.091+0000] {logging_mixin.py:190} INFO - [2024-12-06T21:50:25.090+0000] {dag.py:4180} INFO - Setting next_dagrun for example_external_task_marker_parent to None, run_after=None
[2024-12-06T21:50:25.120+0000] {processor.py:208} INFO - Processing /home/airflow/.local/lib/python3.12/site-packages/airflow/example_dags/example_external_task_marker_dag.py took 0.132 seconds
[2024-12-06T21:50:57.136+0000] {processor.py:186} INFO - Started process (PID=1339) to work on /home/airflow/.local/lib/python3.12/site-packages/airflow/example_dags/example_external_task_marker_dag.py
[2024-12-06T21:50:57.138+0000] {processor.py:914} INFO - Processing file /home/airflow/.local/lib/python3.12/site-packages/airflow/example_dags/example_external_task_marker_dag.py for tasks to queue
[2024-12-06T21:50:57.142+0000] {logging_mixin.py:190} INFO - [2024-12-06T21:50:57.142+0000] {dagbag.py:588} INFO - Filling up the DagBag from /home/airflow/.local/lib/python3.12/site-packages/airflow/example_dags/example_external_task_marker_dag.py
[2024-12-06T21:50:57.159+0000] {processor.py:925} INFO - DAG(s) 'example_external_task_marker_parent', 'example_external_task_marker_child' retrieved from /home/airflow/.local/lib/python3.12/site-packages/airflow/example_dags/example_external_task_marker_dag.py
[2024-12-06T21:50:57.216+0000] {logging_mixin.py:190} INFO - [2024-12-06T21:50:57.216+0000] {dag.py:3239} INFO - Sync 2 DAGs
[2024-12-06T21:50:57.257+0000] {logging_mixin.py:190} INFO - [2024-12-06T21:50:57.257+0000] {dag.py:4180} INFO - Setting next_dagrun for example_external_task_marker_child to None, run_after=None
[2024-12-06T21:50:57.266+0000] {logging_mixin.py:190} INFO - [2024-12-06T21:50:57.266+0000] {dag.py:4180} INFO - Setting next_dagrun for example_external_task_marker_parent to None, run_after=None
[2024-12-06T21:50:57.301+0000] {processor.py:208} INFO - Processing /home/airflow/.local/lib/python3.12/site-packages/airflow/example_dags/example_external_task_marker_dag.py took 0.176 seconds
[2024-12-06T21:51:28.577+0000] {processor.py:186} INFO - Started process (PID=1402) to work on /home/airflow/.local/lib/python3.12/site-packages/airflow/example_dags/example_external_task_marker_dag.py
[2024-12-06T21:51:28.579+0000] {processor.py:914} INFO - Processing file /home/airflow/.local/lib/python3.12/site-packages/airflow/example_dags/example_external_task_marker_dag.py for tasks to queue
[2024-12-06T21:51:28.582+0000] {logging_mixin.py:190} INFO - [2024-12-06T21:51:28.582+0000] {dagbag.py:588} INFO - Filling up the DagBag from /home/airflow/.local/lib/python3.12/site-packages/airflow/example_dags/example_external_task_marker_dag.py
[2024-12-06T21:51:28.596+0000] {processor.py:925} INFO - DAG(s) 'example_external_task_marker_parent', 'example_external_task_marker_child' retrieved from /home/airflow/.local/lib/python3.12/site-packages/airflow/example_dags/example_external_task_marker_dag.py
[2024-12-06T21:51:28.639+0000] {logging_mixin.py:190} INFO - [2024-12-06T21:51:28.639+0000] {dag.py:3239} INFO - Sync 2 DAGs
[2024-12-06T21:51:28.675+0000] {logging_mixin.py:190} INFO - [2024-12-06T21:51:28.675+0000] {dag.py:4180} INFO - Setting next_dagrun for example_external_task_marker_child to None, run_after=None
[2024-12-06T21:51:28.683+0000] {logging_mixin.py:190} INFO - [2024-12-06T21:51:28.682+0000] {dag.py:4180} INFO - Setting next_dagrun for example_external_task_marker_parent to None, run_after=None
[2024-12-06T21:51:28.711+0000] {processor.py:208} INFO - Processing /home/airflow/.local/lib/python3.12/site-packages/airflow/example_dags/example_external_task_marker_dag.py took 0.142 seconds
[2024-12-06T21:51:59.208+0000] {processor.py:186} INFO - Started process (PID=1465) to work on /home/airflow/.local/lib/python3.12/site-packages/airflow/example_dags/example_external_task_marker_dag.py
[2024-12-06T21:51:59.209+0000] {processor.py:914} INFO - Processing file /home/airflow/.local/lib/python3.12/site-packages/airflow/example_dags/example_external_task_marker_dag.py for tasks to queue
[2024-12-06T21:51:59.213+0000] {logging_mixin.py:190} INFO - [2024-12-06T21:51:59.213+0000] {dagbag.py:588} INFO - Filling up the DagBag from /home/airflow/.local/lib/python3.12/site-packages/airflow/example_dags/example_external_task_marker_dag.py
[2024-12-06T21:51:59.227+0000] {processor.py:925} INFO - DAG(s) 'example_external_task_marker_parent', 'example_external_task_marker_child' retrieved from /home/airflow/.local/lib/python3.12/site-packages/airflow/example_dags/example_external_task_marker_dag.py
[2024-12-06T21:51:59.265+0000] {logging_mixin.py:190} INFO - [2024-12-06T21:51:59.265+0000] {dag.py:3239} INFO - Sync 2 DAGs
[2024-12-06T21:51:59.294+0000] {logging_mixin.py:190} INFO - [2024-12-06T21:51:59.294+0000] {dag.py:4180} INFO - Setting next_dagrun for example_external_task_marker_child to None, run_after=None
[2024-12-06T21:51:59.301+0000] {logging_mixin.py:190} INFO - [2024-12-06T21:51:59.300+0000] {dag.py:4180} INFO - Setting next_dagrun for example_external_task_marker_parent to None, run_after=None
[2024-12-06T21:51:59.331+0000] {processor.py:208} INFO - Processing /home/airflow/.local/lib/python3.12/site-packages/airflow/example_dags/example_external_task_marker_dag.py took 0.135 seconds
[2024-12-06T21:52:30.416+0000] {processor.py:186} INFO - Started process (PID=1528) to work on /home/airflow/.local/lib/python3.12/site-packages/airflow/example_dags/example_external_task_marker_dag.py
[2024-12-06T21:52:30.417+0000] {processor.py:914} INFO - Processing file /home/airflow/.local/lib/python3.12/site-packages/airflow/example_dags/example_external_task_marker_dag.py for tasks to queue
[2024-12-06T21:52:30.421+0000] {logging_mixin.py:190} INFO - [2024-12-06T21:52:30.420+0000] {dagbag.py:588} INFO - Filling up the DagBag from /home/airflow/.local/lib/python3.12/site-packages/airflow/example_dags/example_external_task_marker_dag.py
[2024-12-06T21:52:30.435+0000] {processor.py:925} INFO - DAG(s) 'example_external_task_marker_child', 'example_external_task_marker_parent' retrieved from /home/airflow/.local/lib/python3.12/site-packages/airflow/example_dags/example_external_task_marker_dag.py
[2024-12-06T21:52:30.475+0000] {logging_mixin.py:190} INFO - [2024-12-06T21:52:30.475+0000] {dag.py:3239} INFO - Sync 2 DAGs
[2024-12-06T21:52:30.498+0000] {logging_mixin.py:190} INFO - [2024-12-06T21:52:30.498+0000] {dag.py:4180} INFO - Setting next_dagrun for example_external_task_marker_child to None, run_after=None
[2024-12-06T21:52:30.504+0000] {logging_mixin.py:190} INFO - [2024-12-06T21:52:30.504+0000] {dag.py:4180} INFO - Setting next_dagrun for example_external_task_marker_parent to None, run_after=None
[2024-12-06T21:52:30.533+0000] {processor.py:208} INFO - Processing /home/airflow/.local/lib/python3.12/site-packages/airflow/example_dags/example_external_task_marker_dag.py took 0.128 seconds
[2024-12-06T21:53:02.686+0000] {processor.py:186} INFO - Started process (PID=1593) to work on /home/airflow/.local/lib/python3.12/site-packages/airflow/example_dags/example_external_task_marker_dag.py
[2024-12-06T21:53:02.687+0000] {processor.py:914} INFO - Processing file /home/airflow/.local/lib/python3.12/site-packages/airflow/example_dags/example_external_task_marker_dag.py for tasks to queue
[2024-12-06T21:53:02.692+0000] {logging_mixin.py:190} INFO - [2024-12-06T21:53:02.691+0000] {dagbag.py:588} INFO - Filling up the DagBag from /home/airflow/.local/lib/python3.12/site-packages/airflow/example_dags/example_external_task_marker_dag.py
[2024-12-06T21:53:02.706+0000] {processor.py:925} INFO - DAG(s) 'example_external_task_marker_parent', 'example_external_task_marker_child' retrieved from /home/airflow/.local/lib/python3.12/site-packages/airflow/example_dags/example_external_task_marker_dag.py
[2024-12-06T21:53:02.745+0000] {logging_mixin.py:190} INFO - [2024-12-06T21:53:02.745+0000] {dag.py:3239} INFO - Sync 2 DAGs
[2024-12-06T21:53:02.770+0000] {logging_mixin.py:190} INFO - [2024-12-06T21:53:02.769+0000] {dag.py:4180} INFO - Setting next_dagrun for example_external_task_marker_child to None, run_after=None
[2024-12-06T21:53:02.777+0000] {logging_mixin.py:190} INFO - [2024-12-06T21:53:02.777+0000] {dag.py:4180} INFO - Setting next_dagrun for example_external_task_marker_parent to None, run_after=None
[2024-12-06T21:53:02.806+0000] {processor.py:208} INFO - Processing /home/airflow/.local/lib/python3.12/site-packages/airflow/example_dags/example_external_task_marker_dag.py took 0.132 seconds
[2024-12-06T21:53:33.675+0000] {processor.py:186} INFO - Started process (PID=1656) to work on /home/airflow/.local/lib/python3.12/site-packages/airflow/example_dags/example_external_task_marker_dag.py
[2024-12-06T21:53:33.676+0000] {processor.py:914} INFO - Processing file /home/airflow/.local/lib/python3.12/site-packages/airflow/example_dags/example_external_task_marker_dag.py for tasks to queue
[2024-12-06T21:53:33.681+0000] {logging_mixin.py:190} INFO - [2024-12-06T21:53:33.680+0000] {dagbag.py:588} INFO - Filling up the DagBag from /home/airflow/.local/lib/python3.12/site-packages/airflow/example_dags/example_external_task_marker_dag.py
[2024-12-06T21:53:33.693+0000] {processor.py:925} INFO - DAG(s) 'example_external_task_marker_parent', 'example_external_task_marker_child' retrieved from /home/airflow/.local/lib/python3.12/site-packages/airflow/example_dags/example_external_task_marker_dag.py
[2024-12-06T21:53:33.725+0000] {logging_mixin.py:190} INFO - [2024-12-06T21:53:33.725+0000] {dag.py:3239} INFO - Sync 2 DAGs
[2024-12-06T21:53:33.746+0000] {logging_mixin.py:190} INFO - [2024-12-06T21:53:33.746+0000] {dag.py:4180} INFO - Setting next_dagrun for example_external_task_marker_child to None, run_after=None
[2024-12-06T21:53:33.753+0000] {logging_mixin.py:190} INFO - [2024-12-06T21:53:33.753+0000] {dag.py:4180} INFO - Setting next_dagrun for example_external_task_marker_parent to None, run_after=None
[2024-12-06T21:53:33.776+0000] {processor.py:208} INFO - Processing /home/airflow/.local/lib/python3.12/site-packages/airflow/example_dags/example_external_task_marker_dag.py took 0.112 seconds
[2024-12-06T21:54:05.644+0000] {processor.py:186} INFO - Started process (PID=1722) to work on /home/airflow/.local/lib/python3.12/site-packages/airflow/example_dags/example_external_task_marker_dag.py
[2024-12-06T21:54:05.645+0000] {processor.py:914} INFO - Processing file /home/airflow/.local/lib/python3.12/site-packages/airflow/example_dags/example_external_task_marker_dag.py for tasks to queue
[2024-12-06T21:54:05.650+0000] {logging_mixin.py:190} INFO - [2024-12-06T21:54:05.649+0000] {dagbag.py:588} INFO - Filling up the DagBag from /home/airflow/.local/lib/python3.12/site-packages/airflow/example_dags/example_external_task_marker_dag.py
[2024-12-06T21:54:05.664+0000] {processor.py:925} INFO - DAG(s) 'example_external_task_marker_parent', 'example_external_task_marker_child' retrieved from /home/airflow/.local/lib/python3.12/site-packages/airflow/example_dags/example_external_task_marker_dag.py
[2024-12-06T21:54:05.706+0000] {logging_mixin.py:190} INFO - [2024-12-06T21:54:05.706+0000] {dag.py:3239} INFO - Sync 2 DAGs
[2024-12-06T21:54:05.732+0000] {logging_mixin.py:190} INFO - [2024-12-06T21:54:05.732+0000] {dag.py:4180} INFO - Setting next_dagrun for example_external_task_marker_child to None, run_after=None
[2024-12-06T21:54:05.740+0000] {logging_mixin.py:190} INFO - [2024-12-06T21:54:05.740+0000] {dag.py:4180} INFO - Setting next_dagrun for example_external_task_marker_parent to None, run_after=None
[2024-12-06T21:54:05.783+0000] {processor.py:208} INFO - Processing /home/airflow/.local/lib/python3.12/site-packages/airflow/example_dags/example_external_task_marker_dag.py took 0.150 seconds
[2024-12-06T21:54:37.706+0000] {processor.py:186} INFO - Started process (PID=1785) to work on /home/airflow/.local/lib/python3.12/site-packages/airflow/example_dags/example_external_task_marker_dag.py
[2024-12-06T21:54:37.708+0000] {processor.py:914} INFO - Processing file /home/airflow/.local/lib/python3.12/site-packages/airflow/example_dags/example_external_task_marker_dag.py for tasks to queue
[2024-12-06T21:54:37.712+0000] {logging_mixin.py:190} INFO - [2024-12-06T21:54:37.712+0000] {dagbag.py:588} INFO - Filling up the DagBag from /home/airflow/.local/lib/python3.12/site-packages/airflow/example_dags/example_external_task_marker_dag.py
[2024-12-06T21:54:37.728+0000] {processor.py:925} INFO - DAG(s) 'example_external_task_marker_parent', 'example_external_task_marker_child' retrieved from /home/airflow/.local/lib/python3.12/site-packages/airflow/example_dags/example_external_task_marker_dag.py
[2024-12-06T21:54:37.774+0000] {logging_mixin.py:190} INFO - [2024-12-06T21:54:37.773+0000] {dag.py:3239} INFO - Sync 2 DAGs
[2024-12-06T21:54:37.803+0000] {logging_mixin.py:190} INFO - [2024-12-06T21:54:37.802+0000] {dag.py:4180} INFO - Setting next_dagrun for example_external_task_marker_child to None, run_after=None
[2024-12-06T21:54:37.812+0000] {logging_mixin.py:190} INFO - [2024-12-06T21:54:37.812+0000] {dag.py:4180} INFO - Setting next_dagrun for example_external_task_marker_parent to None, run_after=None
[2024-12-06T21:54:37.844+0000] {processor.py:208} INFO - Processing /home/airflow/.local/lib/python3.12/site-packages/airflow/example_dags/example_external_task_marker_dag.py took 0.149 seconds
[2024-12-06T21:55:08.914+0000] {processor.py:186} INFO - Started process (PID=1848) to work on /home/airflow/.local/lib/python3.12/site-packages/airflow/example_dags/example_external_task_marker_dag.py
[2024-12-06T21:55:08.915+0000] {processor.py:914} INFO - Processing file /home/airflow/.local/lib/python3.12/site-packages/airflow/example_dags/example_external_task_marker_dag.py for tasks to queue
[2024-12-06T21:55:08.919+0000] {logging_mixin.py:190} INFO - [2024-12-06T21:55:08.918+0000] {dagbag.py:588} INFO - Filling up the DagBag from /home/airflow/.local/lib/python3.12/site-packages/airflow/example_dags/example_external_task_marker_dag.py
[2024-12-06T21:55:08.932+0000] {processor.py:925} INFO - DAG(s) 'example_external_task_marker_parent', 'example_external_task_marker_child' retrieved from /home/airflow/.local/lib/python3.12/site-packages/airflow/example_dags/example_external_task_marker_dag.py
[2024-12-06T21:55:08.968+0000] {logging_mixin.py:190} INFO - [2024-12-06T21:55:08.968+0000] {dag.py:3239} INFO - Sync 2 DAGs
[2024-12-06T21:55:08.993+0000] {logging_mixin.py:190} INFO - [2024-12-06T21:55:08.993+0000] {dag.py:4180} INFO - Setting next_dagrun for example_external_task_marker_child to None, run_after=None
[2024-12-06T21:55:08.999+0000] {logging_mixin.py:190} INFO - [2024-12-06T21:55:08.999+0000] {dag.py:4180} INFO - Setting next_dagrun for example_external_task_marker_parent to None, run_after=None
[2024-12-06T21:55:09.025+0000] {processor.py:208} INFO - Processing /home/airflow/.local/lib/python3.12/site-packages/airflow/example_dags/example_external_task_marker_dag.py took 0.122 seconds
[2024-12-06T21:55:41.369+0000] {processor.py:186} INFO - Started process (PID=1911) to work on /home/airflow/.local/lib/python3.12/site-packages/airflow/example_dags/example_external_task_marker_dag.py
[2024-12-06T21:55:41.370+0000] {processor.py:914} INFO - Processing file /home/airflow/.local/lib/python3.12/site-packages/airflow/example_dags/example_external_task_marker_dag.py for tasks to queue
[2024-12-06T21:55:41.373+0000] {logging_mixin.py:190} INFO - [2024-12-06T21:55:41.373+0000] {dagbag.py:588} INFO - Filling up the DagBag from /home/airflow/.local/lib/python3.12/site-packages/airflow/example_dags/example_external_task_marker_dag.py
[2024-12-06T21:55:41.386+0000] {processor.py:925} INFO - DAG(s) 'example_external_task_marker_parent', 'example_external_task_marker_child' retrieved from /home/airflow/.local/lib/python3.12/site-packages/airflow/example_dags/example_external_task_marker_dag.py
[2024-12-06T21:55:41.420+0000] {logging_mixin.py:190} INFO - [2024-12-06T21:55:41.420+0000] {dag.py:3239} INFO - Sync 2 DAGs
[2024-12-06T21:55:41.444+0000] {logging_mixin.py:190} INFO - [2024-12-06T21:55:41.443+0000] {dag.py:4180} INFO - Setting next_dagrun for example_external_task_marker_child to None, run_after=None
[2024-12-06T21:55:41.450+0000] {logging_mixin.py:190} INFO - [2024-12-06T21:55:41.450+0000] {dag.py:4180} INFO - Setting next_dagrun for example_external_task_marker_parent to None, run_after=None
[2024-12-06T21:55:41.474+0000] {processor.py:208} INFO - Processing /home/airflow/.local/lib/python3.12/site-packages/airflow/example_dags/example_external_task_marker_dag.py took 0.114 seconds
[2024-12-06T21:56:13.178+0000] {processor.py:186} INFO - Started process (PID=1975) to work on /home/airflow/.local/lib/python3.12/site-packages/airflow/example_dags/example_external_task_marker_dag.py
[2024-12-06T21:56:13.181+0000] {processor.py:914} INFO - Processing file /home/airflow/.local/lib/python3.12/site-packages/airflow/example_dags/example_external_task_marker_dag.py for tasks to queue
[2024-12-06T21:56:13.184+0000] {logging_mixin.py:190} INFO - [2024-12-06T21:56:13.183+0000] {dagbag.py:588} INFO - Filling up the DagBag from /home/airflow/.local/lib/python3.12/site-packages/airflow/example_dags/example_external_task_marker_dag.py
[2024-12-06T21:56:13.194+0000] {processor.py:925} INFO - DAG(s) 'example_external_task_marker_child', 'example_external_task_marker_parent' retrieved from /home/airflow/.local/lib/python3.12/site-packages/airflow/example_dags/example_external_task_marker_dag.py
[2024-12-06T21:56:13.226+0000] {logging_mixin.py:190} INFO - [2024-12-06T21:56:13.225+0000] {dag.py:3239} INFO - Sync 2 DAGs
[2024-12-06T21:56:13.247+0000] {logging_mixin.py:190} INFO - [2024-12-06T21:56:13.247+0000] {dag.py:4180} INFO - Setting next_dagrun for example_external_task_marker_child to None, run_after=None
[2024-12-06T21:56:13.253+0000] {logging_mixin.py:190} INFO - [2024-12-06T21:56:13.252+0000] {dag.py:4180} INFO - Setting next_dagrun for example_external_task_marker_parent to None, run_after=None
[2024-12-06T21:56:13.275+0000] {processor.py:208} INFO - Processing /home/airflow/.local/lib/python3.12/site-packages/airflow/example_dags/example_external_task_marker_dag.py took 0.105 seconds
[2024-12-06T21:56:43.754+0000] {processor.py:186} INFO - Started process (PID=2037) to work on /home/airflow/.local/lib/python3.12/site-packages/airflow/example_dags/example_external_task_marker_dag.py
[2024-12-06T21:56:43.756+0000] {processor.py:914} INFO - Processing file /home/airflow/.local/lib/python3.12/site-packages/airflow/example_dags/example_external_task_marker_dag.py for tasks to queue
[2024-12-06T21:56:43.760+0000] {logging_mixin.py:190} INFO - [2024-12-06T21:56:43.759+0000] {dagbag.py:588} INFO - Filling up the DagBag from /home/airflow/.local/lib/python3.12/site-packages/airflow/example_dags/example_external_task_marker_dag.py
[2024-12-06T21:56:43.775+0000] {processor.py:925} INFO - DAG(s) 'example_external_task_marker_child', 'example_external_task_marker_parent' retrieved from /home/airflow/.local/lib/python3.12/site-packages/airflow/example_dags/example_external_task_marker_dag.py
[2024-12-06T21:56:43.822+0000] {logging_mixin.py:190} INFO - [2024-12-06T21:56:43.822+0000] {dag.py:3239} INFO - Sync 2 DAGs
[2024-12-06T21:56:43.853+0000] {logging_mixin.py:190} INFO - [2024-12-06T21:56:43.853+0000] {dag.py:4180} INFO - Setting next_dagrun for example_external_task_marker_child to None, run_after=None
[2024-12-06T21:56:43.860+0000] {logging_mixin.py:190} INFO - [2024-12-06T21:56:43.860+0000] {dag.py:4180} INFO - Setting next_dagrun for example_external_task_marker_parent to None, run_after=None
[2024-12-06T21:56:43.891+0000] {processor.py:208} INFO - Processing /home/airflow/.local/lib/python3.12/site-packages/airflow/example_dags/example_external_task_marker_dag.py took 0.148 seconds
[2024-12-06T21:57:14.956+0000] {processor.py:186} INFO - Started process (PID=2100) to work on /home/airflow/.local/lib/python3.12/site-packages/airflow/example_dags/example_external_task_marker_dag.py
[2024-12-06T21:57:14.957+0000] {processor.py:914} INFO - Processing file /home/airflow/.local/lib/python3.12/site-packages/airflow/example_dags/example_external_task_marker_dag.py for tasks to queue
[2024-12-06T21:57:14.961+0000] {logging_mixin.py:190} INFO - [2024-12-06T21:57:14.961+0000] {dagbag.py:588} INFO - Filling up the DagBag from /home/airflow/.local/lib/python3.12/site-packages/airflow/example_dags/example_external_task_marker_dag.py
[2024-12-06T21:57:14.974+0000] {processor.py:925} INFO - DAG(s) 'example_external_task_marker_child', 'example_external_task_marker_parent' retrieved from /home/airflow/.local/lib/python3.12/site-packages/airflow/example_dags/example_external_task_marker_dag.py
[2024-12-06T21:57:15.009+0000] {logging_mixin.py:190} INFO - [2024-12-06T21:57:15.009+0000] {dag.py:3239} INFO - Sync 2 DAGs
[2024-12-06T21:57:15.030+0000] {logging_mixin.py:190} INFO - [2024-12-06T21:57:15.029+0000] {dag.py:4180} INFO - Setting next_dagrun for example_external_task_marker_child to None, run_after=None
[2024-12-06T21:57:15.035+0000] {logging_mixin.py:190} INFO - [2024-12-06T21:57:15.034+0000] {dag.py:4180} INFO - Setting next_dagrun for example_external_task_marker_parent to None, run_after=None
[2024-12-06T21:57:15.060+0000] {processor.py:208} INFO - Processing /home/airflow/.local/lib/python3.12/site-packages/airflow/example_dags/example_external_task_marker_dag.py took 0.115 seconds
[2024-12-06T21:57:45.944+0000] {processor.py:186} INFO - Started process (PID=2163) to work on /home/airflow/.local/lib/python3.12/site-packages/airflow/example_dags/example_external_task_marker_dag.py
[2024-12-06T21:57:45.946+0000] {processor.py:914} INFO - Processing file /home/airflow/.local/lib/python3.12/site-packages/airflow/example_dags/example_external_task_marker_dag.py for tasks to queue
[2024-12-06T21:57:45.949+0000] {logging_mixin.py:190} INFO - [2024-12-06T21:57:45.949+0000] {dagbag.py:588} INFO - Filling up the DagBag from /home/airflow/.local/lib/python3.12/site-packages/airflow/example_dags/example_external_task_marker_dag.py
[2024-12-06T21:57:45.964+0000] {processor.py:925} INFO - DAG(s) 'example_external_task_marker_child', 'example_external_task_marker_parent' retrieved from /home/airflow/.local/lib/python3.12/site-packages/airflow/example_dags/example_external_task_marker_dag.py
[2024-12-06T21:57:45.998+0000] {logging_mixin.py:190} INFO - [2024-12-06T21:57:45.997+0000] {dag.py:3239} INFO - Sync 2 DAGs
[2024-12-06T21:57:46.018+0000] {logging_mixin.py:190} INFO - [2024-12-06T21:57:46.018+0000] {dag.py:4180} INFO - Setting next_dagrun for example_external_task_marker_child to None, run_after=None
[2024-12-06T21:57:46.026+0000] {logging_mixin.py:190} INFO - [2024-12-06T21:57:46.026+0000] {dag.py:4180} INFO - Setting next_dagrun for example_external_task_marker_parent to None, run_after=None
[2024-12-06T21:57:46.050+0000] {processor.py:208} INFO - Processing /home/airflow/.local/lib/python3.12/site-packages/airflow/example_dags/example_external_task_marker_dag.py took 0.118 seconds
[2024-12-06T21:58:17.573+0000] {processor.py:186} INFO - Started process (PID=2226) to work on /home/airflow/.local/lib/python3.12/site-packages/airflow/example_dags/example_external_task_marker_dag.py
[2024-12-06T21:58:17.574+0000] {processor.py:914} INFO - Processing file /home/airflow/.local/lib/python3.12/site-packages/airflow/example_dags/example_external_task_marker_dag.py for tasks to queue
[2024-12-06T21:58:17.579+0000] {logging_mixin.py:190} INFO - [2024-12-06T21:58:17.579+0000] {dagbag.py:588} INFO - Filling up the DagBag from /home/airflow/.local/lib/python3.12/site-packages/airflow/example_dags/example_external_task_marker_dag.py
[2024-12-06T21:58:17.591+0000] {processor.py:925} INFO - DAG(s) 'example_external_task_marker_child', 'example_external_task_marker_parent' retrieved from /home/airflow/.local/lib/python3.12/site-packages/airflow/example_dags/example_external_task_marker_dag.py
[2024-12-06T21:58:17.626+0000] {logging_mixin.py:190} INFO - [2024-12-06T21:58:17.626+0000] {dag.py:3239} INFO - Sync 2 DAGs
[2024-12-06T21:58:17.652+0000] {logging_mixin.py:190} INFO - [2024-12-06T21:58:17.652+0000] {dag.py:4180} INFO - Setting next_dagrun for example_external_task_marker_child to None, run_after=None
[2024-12-06T21:58:17.658+0000] {logging_mixin.py:190} INFO - [2024-12-06T21:58:17.658+0000] {dag.py:4180} INFO - Setting next_dagrun for example_external_task_marker_parent to None, run_after=None
[2024-12-06T21:58:17.686+0000] {processor.py:208} INFO - Processing /home/airflow/.local/lib/python3.12/site-packages/airflow/example_dags/example_external_task_marker_dag.py took 0.121 seconds
[2024-12-06T21:58:49.175+0000] {processor.py:186} INFO - Started process (PID=2294) to work on /home/airflow/.local/lib/python3.12/site-packages/airflow/example_dags/example_external_task_marker_dag.py
[2024-12-06T21:58:49.177+0000] {processor.py:914} INFO - Processing file /home/airflow/.local/lib/python3.12/site-packages/airflow/example_dags/example_external_task_marker_dag.py for tasks to queue
[2024-12-06T21:58:49.185+0000] {logging_mixin.py:190} INFO - [2024-12-06T21:58:49.184+0000] {dagbag.py:588} INFO - Filling up the DagBag from /home/airflow/.local/lib/python3.12/site-packages/airflow/example_dags/example_external_task_marker_dag.py
[2024-12-06T21:58:49.209+0000] {processor.py:925} INFO - DAG(s) 'example_external_task_marker_child', 'example_external_task_marker_parent' retrieved from /home/airflow/.local/lib/python3.12/site-packages/airflow/example_dags/example_external_task_marker_dag.py
[2024-12-06T21:58:49.255+0000] {logging_mixin.py:190} INFO - [2024-12-06T21:58:49.254+0000] {dag.py:3239} INFO - Sync 2 DAGs
[2024-12-06T21:58:49.283+0000] {logging_mixin.py:190} INFO - [2024-12-06T21:58:49.283+0000] {dag.py:4180} INFO - Setting next_dagrun for example_external_task_marker_child to None, run_after=None
[2024-12-06T21:58:49.290+0000] {logging_mixin.py:190} INFO - [2024-12-06T21:58:49.290+0000] {dag.py:4180} INFO - Setting next_dagrun for example_external_task_marker_parent to None, run_after=None
[2024-12-06T21:58:49.322+0000] {processor.py:208} INFO - Processing /home/airflow/.local/lib/python3.12/site-packages/airflow/example_dags/example_external_task_marker_dag.py took 0.157 seconds
[2024-12-06T21:59:20.784+0000] {processor.py:186} INFO - Started process (PID=2357) to work on /home/airflow/.local/lib/python3.12/site-packages/airflow/example_dags/example_external_task_marker_dag.py
[2024-12-06T21:59:20.786+0000] {processor.py:914} INFO - Processing file /home/airflow/.local/lib/python3.12/site-packages/airflow/example_dags/example_external_task_marker_dag.py for tasks to queue
[2024-12-06T21:59:20.790+0000] {logging_mixin.py:190} INFO - [2024-12-06T21:59:20.789+0000] {dagbag.py:588} INFO - Filling up the DagBag from /home/airflow/.local/lib/python3.12/site-packages/airflow/example_dags/example_external_task_marker_dag.py
[2024-12-06T21:59:20.806+0000] {processor.py:925} INFO - DAG(s) 'example_external_task_marker_child', 'example_external_task_marker_parent' retrieved from /home/airflow/.local/lib/python3.12/site-packages/airflow/example_dags/example_external_task_marker_dag.py
[2024-12-06T21:59:20.844+0000] {logging_mixin.py:190} INFO - [2024-12-06T21:59:20.844+0000] {dag.py:3239} INFO - Sync 2 DAGs
[2024-12-06T21:59:20.870+0000] {logging_mixin.py:190} INFO - [2024-12-06T21:59:20.870+0000] {dag.py:4180} INFO - Setting next_dagrun for example_external_task_marker_child to None, run_after=None
[2024-12-06T21:59:20.877+0000] {logging_mixin.py:190} INFO - [2024-12-06T21:59:20.876+0000] {dag.py:4180} INFO - Setting next_dagrun for example_external_task_marker_parent to None, run_after=None
[2024-12-06T21:59:20.905+0000] {processor.py:208} INFO - Processing /home/airflow/.local/lib/python3.12/site-packages/airflow/example_dags/example_external_task_marker_dag.py took 0.132 seconds
[2024-12-06T21:59:53.526+0000] {processor.py:186} INFO - Started process (PID=2420) to work on /home/airflow/.local/lib/python3.12/site-packages/airflow/example_dags/example_external_task_marker_dag.py
[2024-12-06T21:59:53.528+0000] {processor.py:914} INFO - Processing file /home/airflow/.local/lib/python3.12/site-packages/airflow/example_dags/example_external_task_marker_dag.py for tasks to queue
[2024-12-06T21:59:53.531+0000] {logging_mixin.py:190} INFO - [2024-12-06T21:59:53.530+0000] {dagbag.py:588} INFO - Filling up the DagBag from /home/airflow/.local/lib/python3.12/site-packages/airflow/example_dags/example_external_task_marker_dag.py
[2024-12-06T21:59:53.544+0000] {processor.py:925} INFO - DAG(s) 'example_external_task_marker_child', 'example_external_task_marker_parent' retrieved from /home/airflow/.local/lib/python3.12/site-packages/airflow/example_dags/example_external_task_marker_dag.py
[2024-12-06T21:59:53.579+0000] {logging_mixin.py:190} INFO - [2024-12-06T21:59:53.578+0000] {dag.py:3239} INFO - Sync 2 DAGs
[2024-12-06T21:59:53.602+0000] {logging_mixin.py:190} INFO - [2024-12-06T21:59:53.601+0000] {dag.py:4180} INFO - Setting next_dagrun for example_external_task_marker_child to None, run_after=None
[2024-12-06T21:59:53.608+0000] {logging_mixin.py:190} INFO - [2024-12-06T21:59:53.607+0000] {dag.py:4180} INFO - Setting next_dagrun for example_external_task_marker_parent to None, run_after=None
[2024-12-06T21:59:53.631+0000] {processor.py:208} INFO - Processing /home/airflow/.local/lib/python3.12/site-packages/airflow/example_dags/example_external_task_marker_dag.py took 0.114 seconds
[2024-12-06T22:00:25.690+0000] {processor.py:186} INFO - Started process (PID=2483) to work on /home/airflow/.local/lib/python3.12/site-packages/airflow/example_dags/example_external_task_marker_dag.py
[2024-12-06T22:00:25.692+0000] {processor.py:914} INFO - Processing file /home/airflow/.local/lib/python3.12/site-packages/airflow/example_dags/example_external_task_marker_dag.py for tasks to queue
[2024-12-06T22:00:25.696+0000] {logging_mixin.py:190} INFO - [2024-12-06T22:00:25.696+0000] {dagbag.py:588} INFO - Filling up the DagBag from /home/airflow/.local/lib/python3.12/site-packages/airflow/example_dags/example_external_task_marker_dag.py
[2024-12-06T22:00:25.710+0000] {processor.py:925} INFO - DAG(s) 'example_external_task_marker_child', 'example_external_task_marker_parent' retrieved from /home/airflow/.local/lib/python3.12/site-packages/airflow/example_dags/example_external_task_marker_dag.py
[2024-12-06T22:00:25.748+0000] {logging_mixin.py:190} INFO - [2024-12-06T22:00:25.748+0000] {dag.py:3239} INFO - Sync 2 DAGs
[2024-12-06T22:00:25.774+0000] {logging_mixin.py:190} INFO - [2024-12-06T22:00:25.773+0000] {dag.py:4180} INFO - Setting next_dagrun for example_external_task_marker_child to None, run_after=None
[2024-12-06T22:00:25.780+0000] {logging_mixin.py:190} INFO - [2024-12-06T22:00:25.779+0000] {dag.py:4180} INFO - Setting next_dagrun for example_external_task_marker_parent to None, run_after=None
[2024-12-06T22:00:25.806+0000] {processor.py:208} INFO - Processing /home/airflow/.local/lib/python3.12/site-packages/airflow/example_dags/example_external_task_marker_dag.py took 0.128 seconds
[2024-12-06T22:00:56.979+0000] {processor.py:186} INFO - Started process (PID=2546) to work on /home/airflow/.local/lib/python3.12/site-packages/airflow/example_dags/example_external_task_marker_dag.py
[2024-12-06T22:00:56.980+0000] {processor.py:914} INFO - Processing file /home/airflow/.local/lib/python3.12/site-packages/airflow/example_dags/example_external_task_marker_dag.py for tasks to queue
[2024-12-06T22:00:56.984+0000] {logging_mixin.py:190} INFO - [2024-12-06T22:00:56.983+0000] {dagbag.py:588} INFO - Filling up the DagBag from /home/airflow/.local/lib/python3.12/site-packages/airflow/example_dags/example_external_task_marker_dag.py
[2024-12-06T22:00:56.997+0000] {processor.py:925} INFO - DAG(s) 'example_external_task_marker_child', 'example_external_task_marker_parent' retrieved from /home/airflow/.local/lib/python3.12/site-packages/airflow/example_dags/example_external_task_marker_dag.py
[2024-12-06T22:00:57.032+0000] {logging_mixin.py:190} INFO - [2024-12-06T22:00:57.032+0000] {dag.py:3239} INFO - Sync 2 DAGs
[2024-12-06T22:00:57.054+0000] {logging_mixin.py:190} INFO - [2024-12-06T22:00:57.054+0000] {dag.py:4180} INFO - Setting next_dagrun for example_external_task_marker_child to None, run_after=None
[2024-12-06T22:00:57.061+0000] {logging_mixin.py:190} INFO - [2024-12-06T22:00:57.061+0000] {dag.py:4180} INFO - Setting next_dagrun for example_external_task_marker_parent to None, run_after=None
[2024-12-06T22:00:57.086+0000] {processor.py:208} INFO - Processing /home/airflow/.local/lib/python3.12/site-packages/airflow/example_dags/example_external_task_marker_dag.py took 0.117 seconds
[2024-12-06T22:01:28.924+0000] {processor.py:186} INFO - Started process (PID=2609) to work on /home/airflow/.local/lib/python3.12/site-packages/airflow/example_dags/example_external_task_marker_dag.py
[2024-12-06T22:01:28.926+0000] {processor.py:914} INFO - Processing file /home/airflow/.local/lib/python3.12/site-packages/airflow/example_dags/example_external_task_marker_dag.py for tasks to queue
[2024-12-06T22:01:28.931+0000] {logging_mixin.py:190} INFO - [2024-12-06T22:01:28.931+0000] {dagbag.py:588} INFO - Filling up the DagBag from /home/airflow/.local/lib/python3.12/site-packages/airflow/example_dags/example_external_task_marker_dag.py
[2024-12-06T22:01:28.945+0000] {processor.py:925} INFO - DAG(s) 'example_external_task_marker_parent', 'example_external_task_marker_child' retrieved from /home/airflow/.local/lib/python3.12/site-packages/airflow/example_dags/example_external_task_marker_dag.py
[2024-12-06T22:01:28.983+0000] {logging_mixin.py:190} INFO - [2024-12-06T22:01:28.982+0000] {dag.py:3239} INFO - Sync 2 DAGs
[2024-12-06T22:01:29.006+0000] {logging_mixin.py:190} INFO - [2024-12-06T22:01:29.006+0000] {dag.py:4180} INFO - Setting next_dagrun for example_external_task_marker_child to None, run_after=None
[2024-12-06T22:01:29.015+0000] {logging_mixin.py:190} INFO - [2024-12-06T22:01:29.014+0000] {dag.py:4180} INFO - Setting next_dagrun for example_external_task_marker_parent to None, run_after=None
[2024-12-06T22:01:29.039+0000] {processor.py:208} INFO - Processing /home/airflow/.local/lib/python3.12/site-packages/airflow/example_dags/example_external_task_marker_dag.py took 0.124 seconds
[2024-12-06T22:02:00.410+0000] {processor.py:186} INFO - Started process (PID=2672) to work on /home/airflow/.local/lib/python3.12/site-packages/airflow/example_dags/example_external_task_marker_dag.py
[2024-12-06T22:02:00.412+0000] {processor.py:914} INFO - Processing file /home/airflow/.local/lib/python3.12/site-packages/airflow/example_dags/example_external_task_marker_dag.py for tasks to queue
[2024-12-06T22:02:00.417+0000] {logging_mixin.py:190} INFO - [2024-12-06T22:02:00.416+0000] {dagbag.py:588} INFO - Filling up the DagBag from /home/airflow/.local/lib/python3.12/site-packages/airflow/example_dags/example_external_task_marker_dag.py
[2024-12-06T22:02:00.430+0000] {processor.py:925} INFO - DAG(s) 'example_external_task_marker_parent', 'example_external_task_marker_child' retrieved from /home/airflow/.local/lib/python3.12/site-packages/airflow/example_dags/example_external_task_marker_dag.py
[2024-12-06T22:02:00.470+0000] {logging_mixin.py:190} INFO - [2024-12-06T22:02:00.470+0000] {dag.py:3239} INFO - Sync 2 DAGs
[2024-12-06T22:02:00.494+0000] {logging_mixin.py:190} INFO - [2024-12-06T22:02:00.494+0000] {dag.py:4180} INFO - Setting next_dagrun for example_external_task_marker_child to None, run_after=None
[2024-12-06T22:02:00.505+0000] {logging_mixin.py:190} INFO - [2024-12-06T22:02:00.505+0000] {dag.py:4180} INFO - Setting next_dagrun for example_external_task_marker_parent to None, run_after=None
[2024-12-06T22:02:00.537+0000] {processor.py:208} INFO - Processing /home/airflow/.local/lib/python3.12/site-packages/airflow/example_dags/example_external_task_marker_dag.py took 0.136 seconds
[2024-12-06T22:02:32.008+0000] {processor.py:186} INFO - Started process (PID=2735) to work on /home/airflow/.local/lib/python3.12/site-packages/airflow/example_dags/example_external_task_marker_dag.py
[2024-12-06T22:02:32.010+0000] {processor.py:914} INFO - Processing file /home/airflow/.local/lib/python3.12/site-packages/airflow/example_dags/example_external_task_marker_dag.py for tasks to queue
[2024-12-06T22:02:32.013+0000] {logging_mixin.py:190} INFO - [2024-12-06T22:02:32.013+0000] {dagbag.py:588} INFO - Filling up the DagBag from /home/airflow/.local/lib/python3.12/site-packages/airflow/example_dags/example_external_task_marker_dag.py
[2024-12-06T22:02:32.027+0000] {processor.py:925} INFO - DAG(s) 'example_external_task_marker_parent', 'example_external_task_marker_child' retrieved from /home/airflow/.local/lib/python3.12/site-packages/airflow/example_dags/example_external_task_marker_dag.py
[2024-12-06T22:02:32.062+0000] {logging_mixin.py:190} INFO - [2024-12-06T22:02:32.062+0000] {dag.py:3239} INFO - Sync 2 DAGs
[2024-12-06T22:02:32.088+0000] {logging_mixin.py:190} INFO - [2024-12-06T22:02:32.088+0000] {dag.py:4180} INFO - Setting next_dagrun for example_external_task_marker_child to None, run_after=None
[2024-12-06T22:02:32.094+0000] {logging_mixin.py:190} INFO - [2024-12-06T22:02:32.094+0000] {dag.py:4180} INFO - Setting next_dagrun for example_external_task_marker_parent to None, run_after=None
[2024-12-06T22:02:32.126+0000] {processor.py:208} INFO - Processing /home/airflow/.local/lib/python3.12/site-packages/airflow/example_dags/example_external_task_marker_dag.py took 0.131 seconds
[2024-12-06T22:03:04.442+0000] {processor.py:186} INFO - Started process (PID=2798) to work on /home/airflow/.local/lib/python3.12/site-packages/airflow/example_dags/example_external_task_marker_dag.py
[2024-12-06T22:03:04.444+0000] {processor.py:914} INFO - Processing file /home/airflow/.local/lib/python3.12/site-packages/airflow/example_dags/example_external_task_marker_dag.py for tasks to queue
[2024-12-06T22:03:04.447+0000] {logging_mixin.py:190} INFO - [2024-12-06T22:03:04.447+0000] {dagbag.py:588} INFO - Filling up the DagBag from /home/airflow/.local/lib/python3.12/site-packages/airflow/example_dags/example_external_task_marker_dag.py
[2024-12-06T22:03:04.461+0000] {processor.py:925} INFO - DAG(s) 'example_external_task_marker_child', 'example_external_task_marker_parent' retrieved from /home/airflow/.local/lib/python3.12/site-packages/airflow/example_dags/example_external_task_marker_dag.py
[2024-12-06T22:03:04.495+0000] {logging_mixin.py:190} INFO - [2024-12-06T22:03:04.495+0000] {dag.py:3239} INFO - Sync 2 DAGs
[2024-12-06T22:03:04.517+0000] {logging_mixin.py:190} INFO - [2024-12-06T22:03:04.516+0000] {dag.py:4180} INFO - Setting next_dagrun for example_external_task_marker_child to None, run_after=None
[2024-12-06T22:03:04.524+0000] {logging_mixin.py:190} INFO - [2024-12-06T22:03:04.524+0000] {dag.py:4180} INFO - Setting next_dagrun for example_external_task_marker_parent to None, run_after=None
[2024-12-06T22:03:04.549+0000] {processor.py:208} INFO - Processing /home/airflow/.local/lib/python3.12/site-packages/airflow/example_dags/example_external_task_marker_dag.py took 0.117 seconds
[2024-12-06T22:03:37.155+0000] {processor.py:186} INFO - Started process (PID=2865) to work on /home/airflow/.local/lib/python3.12/site-packages/airflow/example_dags/example_external_task_marker_dag.py
[2024-12-06T22:03:37.158+0000] {processor.py:914} INFO - Processing file /home/airflow/.local/lib/python3.12/site-packages/airflow/example_dags/example_external_task_marker_dag.py for tasks to queue
[2024-12-06T22:03:37.162+0000] {logging_mixin.py:190} INFO - [2024-12-06T22:03:37.162+0000] {dagbag.py:588} INFO - Filling up the DagBag from /home/airflow/.local/lib/python3.12/site-packages/airflow/example_dags/example_external_task_marker_dag.py
[2024-12-06T22:03:37.178+0000] {processor.py:925} INFO - DAG(s) 'example_external_task_marker_parent', 'example_external_task_marker_child' retrieved from /home/airflow/.local/lib/python3.12/site-packages/airflow/example_dags/example_external_task_marker_dag.py
[2024-12-06T22:03:37.217+0000] {logging_mixin.py:190} INFO - [2024-12-06T22:03:37.217+0000] {dag.py:3239} INFO - Sync 2 DAGs
[2024-12-06T22:03:37.245+0000] {logging_mixin.py:190} INFO - [2024-12-06T22:03:37.245+0000] {dag.py:4180} INFO - Setting next_dagrun for example_external_task_marker_child to None, run_after=None
[2024-12-06T22:03:37.252+0000] {logging_mixin.py:190} INFO - [2024-12-06T22:03:37.252+0000] {dag.py:4180} INFO - Setting next_dagrun for example_external_task_marker_parent to None, run_after=None
[2024-12-06T22:03:37.282+0000] {processor.py:208} INFO - Processing /home/airflow/.local/lib/python3.12/site-packages/airflow/example_dags/example_external_task_marker_dag.py took 0.137 seconds
[2024-12-06T22:04:08.396+0000] {processor.py:186} INFO - Started process (PID=2927) to work on /home/airflow/.local/lib/python3.12/site-packages/airflow/example_dags/example_external_task_marker_dag.py
[2024-12-06T22:04:08.397+0000] {processor.py:914} INFO - Processing file /home/airflow/.local/lib/python3.12/site-packages/airflow/example_dags/example_external_task_marker_dag.py for tasks to queue
[2024-12-06T22:04:08.400+0000] {logging_mixin.py:190} INFO - [2024-12-06T22:04:08.400+0000] {dagbag.py:588} INFO - Filling up the DagBag from /home/airflow/.local/lib/python3.12/site-packages/airflow/example_dags/example_external_task_marker_dag.py
[2024-12-06T22:04:08.413+0000] {processor.py:925} INFO - DAG(s) 'example_external_task_marker_parent', 'example_external_task_marker_child' retrieved from /home/airflow/.local/lib/python3.12/site-packages/airflow/example_dags/example_external_task_marker_dag.py
[2024-12-06T22:04:08.445+0000] {logging_mixin.py:190} INFO - [2024-12-06T22:04:08.444+0000] {dag.py:3239} INFO - Sync 2 DAGs
[2024-12-06T22:04:08.465+0000] {logging_mixin.py:190} INFO - [2024-12-06T22:04:08.465+0000] {dag.py:4180} INFO - Setting next_dagrun for example_external_task_marker_child to None, run_after=None
[2024-12-06T22:04:08.470+0000] {logging_mixin.py:190} INFO - [2024-12-06T22:04:08.470+0000] {dag.py:4180} INFO - Setting next_dagrun for example_external_task_marker_parent to None, run_after=None
[2024-12-06T22:04:08.494+0000] {processor.py:208} INFO - Processing /home/airflow/.local/lib/python3.12/site-packages/airflow/example_dags/example_external_task_marker_dag.py took 0.108 seconds
[2024-12-06T22:04:39.121+0000] {processor.py:186} INFO - Started process (PID=2990) to work on /home/airflow/.local/lib/python3.12/site-packages/airflow/example_dags/example_external_task_marker_dag.py
[2024-12-06T22:04:39.123+0000] {processor.py:914} INFO - Processing file /home/airflow/.local/lib/python3.12/site-packages/airflow/example_dags/example_external_task_marker_dag.py for tasks to queue
[2024-12-06T22:04:39.127+0000] {logging_mixin.py:190} INFO - [2024-12-06T22:04:39.126+0000] {dagbag.py:588} INFO - Filling up the DagBag from /home/airflow/.local/lib/python3.12/site-packages/airflow/example_dags/example_external_task_marker_dag.py
[2024-12-06T22:04:39.142+0000] {processor.py:925} INFO - DAG(s) 'example_external_task_marker_parent', 'example_external_task_marker_child' retrieved from /home/airflow/.local/lib/python3.12/site-packages/airflow/example_dags/example_external_task_marker_dag.py
[2024-12-06T22:04:39.182+0000] {logging_mixin.py:190} INFO - [2024-12-06T22:04:39.182+0000] {dag.py:3239} INFO - Sync 2 DAGs
[2024-12-06T22:04:39.209+0000] {logging_mixin.py:190} INFO - [2024-12-06T22:04:39.209+0000] {dag.py:4180} INFO - Setting next_dagrun for example_external_task_marker_child to None, run_after=None
[2024-12-06T22:04:39.217+0000] {logging_mixin.py:190} INFO - [2024-12-06T22:04:39.217+0000] {dag.py:4180} INFO - Setting next_dagrun for example_external_task_marker_parent to None, run_after=None
[2024-12-06T22:04:39.243+0000] {processor.py:208} INFO - Processing /home/airflow/.local/lib/python3.12/site-packages/airflow/example_dags/example_external_task_marker_dag.py took 0.133 seconds
[2024-12-06T22:05:11.109+0000] {processor.py:186} INFO - Started process (PID=3053) to work on /home/airflow/.local/lib/python3.12/site-packages/airflow/example_dags/example_external_task_marker_dag.py
[2024-12-06T22:05:11.111+0000] {processor.py:914} INFO - Processing file /home/airflow/.local/lib/python3.12/site-packages/airflow/example_dags/example_external_task_marker_dag.py for tasks to queue
[2024-12-06T22:05:11.114+0000] {logging_mixin.py:190} INFO - [2024-12-06T22:05:11.114+0000] {dagbag.py:588} INFO - Filling up the DagBag from /home/airflow/.local/lib/python3.12/site-packages/airflow/example_dags/example_external_task_marker_dag.py
[2024-12-06T22:05:11.130+0000] {processor.py:925} INFO - DAG(s) 'example_external_task_marker_child', 'example_external_task_marker_parent' retrieved from /home/airflow/.local/lib/python3.12/site-packages/airflow/example_dags/example_external_task_marker_dag.py
[2024-12-06T22:05:11.172+0000] {logging_mixin.py:190} INFO - [2024-12-06T22:05:11.172+0000] {dag.py:3239} INFO - Sync 2 DAGs
[2024-12-06T22:05:11.195+0000] {logging_mixin.py:190} INFO - [2024-12-06T22:05:11.195+0000] {dag.py:4180} INFO - Setting next_dagrun for example_external_task_marker_child to None, run_after=None
[2024-12-06T22:05:11.202+0000] {logging_mixin.py:190} INFO - [2024-12-06T22:05:11.201+0000] {dag.py:4180} INFO - Setting next_dagrun for example_external_task_marker_parent to None, run_after=None
[2024-12-06T22:05:11.228+0000] {processor.py:208} INFO - Processing /home/airflow/.local/lib/python3.12/site-packages/airflow/example_dags/example_external_task_marker_dag.py took 0.129 seconds
[2024-12-06T22:05:43.372+0000] {processor.py:186} INFO - Started process (PID=3116) to work on /home/airflow/.local/lib/python3.12/site-packages/airflow/example_dags/example_external_task_marker_dag.py
[2024-12-06T22:05:43.374+0000] {processor.py:914} INFO - Processing file /home/airflow/.local/lib/python3.12/site-packages/airflow/example_dags/example_external_task_marker_dag.py for tasks to queue
[2024-12-06T22:05:43.378+0000] {logging_mixin.py:190} INFO - [2024-12-06T22:05:43.377+0000] {dagbag.py:588} INFO - Filling up the DagBag from /home/airflow/.local/lib/python3.12/site-packages/airflow/example_dags/example_external_task_marker_dag.py
[2024-12-06T22:05:43.393+0000] {processor.py:925} INFO - DAG(s) 'example_external_task_marker_parent', 'example_external_task_marker_child' retrieved from /home/airflow/.local/lib/python3.12/site-packages/airflow/example_dags/example_external_task_marker_dag.py
[2024-12-06T22:05:43.431+0000] {logging_mixin.py:190} INFO - [2024-12-06T22:05:43.431+0000] {dag.py:3239} INFO - Sync 2 DAGs
[2024-12-06T22:05:43.462+0000] {logging_mixin.py:190} INFO - [2024-12-06T22:05:43.461+0000] {dag.py:4180} INFO - Setting next_dagrun for example_external_task_marker_child to None, run_after=None
[2024-12-06T22:05:43.468+0000] {logging_mixin.py:190} INFO - [2024-12-06T22:05:43.467+0000] {dag.py:4180} INFO - Setting next_dagrun for example_external_task_marker_parent to None, run_after=None
[2024-12-06T22:05:43.497+0000] {processor.py:208} INFO - Processing /home/airflow/.local/lib/python3.12/site-packages/airflow/example_dags/example_external_task_marker_dag.py took 0.137 seconds
[2024-12-06T22:06:14.840+0000] {processor.py:186} INFO - Started process (PID=3179) to work on /home/airflow/.local/lib/python3.12/site-packages/airflow/example_dags/example_external_task_marker_dag.py
[2024-12-06T22:06:14.844+0000] {processor.py:914} INFO - Processing file /home/airflow/.local/lib/python3.12/site-packages/airflow/example_dags/example_external_task_marker_dag.py for tasks to queue
[2024-12-06T22:06:14.848+0000] {logging_mixin.py:190} INFO - [2024-12-06T22:06:14.847+0000] {dagbag.py:588} INFO - Filling up the DagBag from /home/airflow/.local/lib/python3.12/site-packages/airflow/example_dags/example_external_task_marker_dag.py
[2024-12-06T22:06:14.861+0000] {processor.py:925} INFO - DAG(s) 'example_external_task_marker_child', 'example_external_task_marker_parent' retrieved from /home/airflow/.local/lib/python3.12/site-packages/airflow/example_dags/example_external_task_marker_dag.py
[2024-12-06T22:06:14.898+0000] {logging_mixin.py:190} INFO - [2024-12-06T22:06:14.897+0000] {dag.py:3239} INFO - Sync 2 DAGs
[2024-12-06T22:06:14.921+0000] {logging_mixin.py:190} INFO - [2024-12-06T22:06:14.921+0000] {dag.py:4180} INFO - Setting next_dagrun for example_external_task_marker_child to None, run_after=None
[2024-12-06T22:06:14.929+0000] {logging_mixin.py:190} INFO - [2024-12-06T22:06:14.928+0000] {dag.py:4180} INFO - Setting next_dagrun for example_external_task_marker_parent to None, run_after=None
[2024-12-06T22:06:14.955+0000] {processor.py:208} INFO - Processing /home/airflow/.local/lib/python3.12/site-packages/airflow/example_dags/example_external_task_marker_dag.py took 0.125 seconds
[2024-12-06T22:06:46.456+0000] {processor.py:186} INFO - Started process (PID=3245) to work on /home/airflow/.local/lib/python3.12/site-packages/airflow/example_dags/example_external_task_marker_dag.py
[2024-12-06T22:06:46.458+0000] {processor.py:914} INFO - Processing file /home/airflow/.local/lib/python3.12/site-packages/airflow/example_dags/example_external_task_marker_dag.py for tasks to queue
[2024-12-06T22:06:46.463+0000] {logging_mixin.py:190} INFO - [2024-12-06T22:06:46.462+0000] {dagbag.py:588} INFO - Filling up the DagBag from /home/airflow/.local/lib/python3.12/site-packages/airflow/example_dags/example_external_task_marker_dag.py
[2024-12-06T22:06:46.475+0000] {processor.py:925} INFO - DAG(s) 'example_external_task_marker_parent', 'example_external_task_marker_child' retrieved from /home/airflow/.local/lib/python3.12/site-packages/airflow/example_dags/example_external_task_marker_dag.py
[2024-12-06T22:06:46.514+0000] {logging_mixin.py:190} INFO - [2024-12-06T22:06:46.513+0000] {dag.py:3239} INFO - Sync 2 DAGs
[2024-12-06T22:06:46.537+0000] {logging_mixin.py:190} INFO - [2024-12-06T22:06:46.537+0000] {dag.py:4180} INFO - Setting next_dagrun for example_external_task_marker_child to None, run_after=None
[2024-12-06T22:06:46.543+0000] {logging_mixin.py:190} INFO - [2024-12-06T22:06:46.543+0000] {dag.py:4180} INFO - Setting next_dagrun for example_external_task_marker_parent to None, run_after=None
[2024-12-06T22:06:46.568+0000] {processor.py:208} INFO - Processing /home/airflow/.local/lib/python3.12/site-packages/airflow/example_dags/example_external_task_marker_dag.py took 0.121 seconds
[2024-12-06T22:07:20.190+0000] {processor.py:186} INFO - Started process (PID=3314) to work on /home/airflow/.local/lib/python3.12/site-packages/airflow/example_dags/example_external_task_marker_dag.py
[2024-12-06T22:07:20.192+0000] {processor.py:914} INFO - Processing file /home/airflow/.local/lib/python3.12/site-packages/airflow/example_dags/example_external_task_marker_dag.py for tasks to queue
[2024-12-06T22:07:20.196+0000] {logging_mixin.py:190} INFO - [2024-12-06T22:07:20.195+0000] {dagbag.py:588} INFO - Filling up the DagBag from /home/airflow/.local/lib/python3.12/site-packages/airflow/example_dags/example_external_task_marker_dag.py
[2024-12-06T22:07:20.208+0000] {processor.py:925} INFO - DAG(s) 'example_external_task_marker_child', 'example_external_task_marker_parent' retrieved from /home/airflow/.local/lib/python3.12/site-packages/airflow/example_dags/example_external_task_marker_dag.py
[2024-12-06T22:07:20.242+0000] {logging_mixin.py:190} INFO - [2024-12-06T22:07:20.242+0000] {dag.py:3239} INFO - Sync 2 DAGs
[2024-12-06T22:07:20.266+0000] {logging_mixin.py:190} INFO - [2024-12-06T22:07:20.266+0000] {dag.py:4180} INFO - Setting next_dagrun for example_external_task_marker_child to None, run_after=None
[2024-12-06T22:07:20.271+0000] {logging_mixin.py:190} INFO - [2024-12-06T22:07:20.271+0000] {dag.py:4180} INFO - Setting next_dagrun for example_external_task_marker_parent to None, run_after=None
[2024-12-06T22:07:20.300+0000] {processor.py:208} INFO - Processing /home/airflow/.local/lib/python3.12/site-packages/airflow/example_dags/example_external_task_marker_dag.py took 0.118 seconds
[2024-12-06T22:07:54.544+0000] {processor.py:186} INFO - Started process (PID=3381) to work on /home/airflow/.local/lib/python3.12/site-packages/airflow/example_dags/example_external_task_marker_dag.py
[2024-12-06T22:07:54.546+0000] {processor.py:914} INFO - Processing file /home/airflow/.local/lib/python3.12/site-packages/airflow/example_dags/example_external_task_marker_dag.py for tasks to queue
[2024-12-06T22:07:54.552+0000] {logging_mixin.py:190} INFO - [2024-12-06T22:07:54.551+0000] {dagbag.py:588} INFO - Filling up the DagBag from /home/airflow/.local/lib/python3.12/site-packages/airflow/example_dags/example_external_task_marker_dag.py
[2024-12-06T22:07:54.566+0000] {processor.py:925} INFO - DAG(s) 'example_external_task_marker_child', 'example_external_task_marker_parent' retrieved from /home/airflow/.local/lib/python3.12/site-packages/airflow/example_dags/example_external_task_marker_dag.py
[2024-12-06T22:07:54.605+0000] {logging_mixin.py:190} INFO - [2024-12-06T22:07:54.604+0000] {dag.py:3239} INFO - Sync 2 DAGs
[2024-12-06T22:07:54.629+0000] {logging_mixin.py:190} INFO - [2024-12-06T22:07:54.629+0000] {dag.py:4180} INFO - Setting next_dagrun for example_external_task_marker_child to None, run_after=None
[2024-12-06T22:07:54.888+0000] {logging_mixin.py:190} INFO - [2024-12-06T22:07:54.888+0000] {dag.py:4180} INFO - Setting next_dagrun for example_external_task_marker_parent to None, run_after=None
[2024-12-06T22:07:54.924+0000] {processor.py:208} INFO - Processing /home/airflow/.local/lib/python3.12/site-packages/airflow/example_dags/example_external_task_marker_dag.py took 0.389 seconds
[2024-12-06T22:08:26.625+0000] {processor.py:186} INFO - Started process (PID=3444) to work on /home/airflow/.local/lib/python3.12/site-packages/airflow/example_dags/example_external_task_marker_dag.py
[2024-12-06T22:08:26.626+0000] {processor.py:914} INFO - Processing file /home/airflow/.local/lib/python3.12/site-packages/airflow/example_dags/example_external_task_marker_dag.py for tasks to queue
[2024-12-06T22:08:26.629+0000] {logging_mixin.py:190} INFO - [2024-12-06T22:08:26.629+0000] {dagbag.py:588} INFO - Filling up the DagBag from /home/airflow/.local/lib/python3.12/site-packages/airflow/example_dags/example_external_task_marker_dag.py
[2024-12-06T22:08:26.642+0000] {processor.py:925} INFO - DAG(s) 'example_external_task_marker_child', 'example_external_task_marker_parent' retrieved from /home/airflow/.local/lib/python3.12/site-packages/airflow/example_dags/example_external_task_marker_dag.py
[2024-12-06T22:08:26.682+0000] {logging_mixin.py:190} INFO - [2024-12-06T22:08:26.682+0000] {dag.py:3239} INFO - Sync 2 DAGs
[2024-12-06T22:08:26.711+0000] {logging_mixin.py:190} INFO - [2024-12-06T22:08:26.711+0000] {dag.py:4180} INFO - Setting next_dagrun for example_external_task_marker_child to None, run_after=None
[2024-12-06T22:08:26.717+0000] {logging_mixin.py:190} INFO - [2024-12-06T22:08:26.716+0000] {dag.py:4180} INFO - Setting next_dagrun for example_external_task_marker_parent to None, run_after=None
[2024-12-06T22:08:26.747+0000] {processor.py:208} INFO - Processing /home/airflow/.local/lib/python3.12/site-packages/airflow/example_dags/example_external_task_marker_dag.py took 0.133 seconds
[2024-12-06T22:08:59.295+0000] {processor.py:186} INFO - Started process (PID=3507) to work on /home/airflow/.local/lib/python3.12/site-packages/airflow/example_dags/example_external_task_marker_dag.py
[2024-12-06T22:08:59.296+0000] {processor.py:914} INFO - Processing file /home/airflow/.local/lib/python3.12/site-packages/airflow/example_dags/example_external_task_marker_dag.py for tasks to queue
[2024-12-06T22:08:59.300+0000] {logging_mixin.py:190} INFO - [2024-12-06T22:08:59.300+0000] {dagbag.py:588} INFO - Filling up the DagBag from /home/airflow/.local/lib/python3.12/site-packages/airflow/example_dags/example_external_task_marker_dag.py
[2024-12-06T22:08:59.565+0000] {processor.py:925} INFO - DAG(s) 'example_external_task_marker_child', 'example_external_task_marker_parent' retrieved from /home/airflow/.local/lib/python3.12/site-packages/airflow/example_dags/example_external_task_marker_dag.py
[2024-12-06T22:08:59.598+0000] {logging_mixin.py:190} INFO - [2024-12-06T22:08:59.598+0000] {dag.py:3239} INFO - Sync 2 DAGs
[2024-12-06T22:08:59.626+0000] {logging_mixin.py:190} INFO - [2024-12-06T22:08:59.626+0000] {dag.py:4180} INFO - Setting next_dagrun for example_external_task_marker_child to None, run_after=None
[2024-12-06T22:08:59.632+0000] {logging_mixin.py:190} INFO - [2024-12-06T22:08:59.632+0000] {dag.py:4180} INFO - Setting next_dagrun for example_external_task_marker_parent to None, run_after=None
[2024-12-06T22:08:59.662+0000] {processor.py:208} INFO - Processing /home/airflow/.local/lib/python3.12/site-packages/airflow/example_dags/example_external_task_marker_dag.py took 0.379 seconds
[2024-12-06T22:09:30.984+0000] {processor.py:186} INFO - Started process (PID=3572) to work on /home/airflow/.local/lib/python3.12/site-packages/airflow/example_dags/example_external_task_marker_dag.py
[2024-12-06T22:09:30.986+0000] {processor.py:914} INFO - Processing file /home/airflow/.local/lib/python3.12/site-packages/airflow/example_dags/example_external_task_marker_dag.py for tasks to queue
[2024-12-06T22:09:30.990+0000] {logging_mixin.py:190} INFO - [2024-12-06T22:09:30.990+0000] {dagbag.py:588} INFO - Filling up the DagBag from /home/airflow/.local/lib/python3.12/site-packages/airflow/example_dags/example_external_task_marker_dag.py
[2024-12-06T22:09:31.010+0000] {processor.py:925} INFO - DAG(s) 'example_external_task_marker_child', 'example_external_task_marker_parent' retrieved from /home/airflow/.local/lib/python3.12/site-packages/airflow/example_dags/example_external_task_marker_dag.py
[2024-12-06T22:09:31.051+0000] {logging_mixin.py:190} INFO - [2024-12-06T22:09:31.050+0000] {dag.py:3239} INFO - Sync 2 DAGs
[2024-12-06T22:09:31.082+0000] {logging_mixin.py:190} INFO - [2024-12-06T22:09:31.081+0000] {dag.py:4180} INFO - Setting next_dagrun for example_external_task_marker_child to None, run_after=None
[2024-12-06T22:09:31.087+0000] {logging_mixin.py:190} INFO - [2024-12-06T22:09:31.087+0000] {dag.py:4180} INFO - Setting next_dagrun for example_external_task_marker_parent to None, run_after=None
[2024-12-06T22:09:31.118+0000] {processor.py:208} INFO - Processing /home/airflow/.local/lib/python3.12/site-packages/airflow/example_dags/example_external_task_marker_dag.py took 0.146 seconds
[2024-12-06T22:10:01.976+0000] {processor.py:186} INFO - Started process (PID=3635) to work on /home/airflow/.local/lib/python3.12/site-packages/airflow/example_dags/example_external_task_marker_dag.py
[2024-12-06T22:10:01.979+0000] {processor.py:914} INFO - Processing file /home/airflow/.local/lib/python3.12/site-packages/airflow/example_dags/example_external_task_marker_dag.py for tasks to queue
[2024-12-06T22:10:01.984+0000] {logging_mixin.py:190} INFO - [2024-12-06T22:10:01.983+0000] {dagbag.py:588} INFO - Filling up the DagBag from /home/airflow/.local/lib/python3.12/site-packages/airflow/example_dags/example_external_task_marker_dag.py
[2024-12-06T22:10:02.002+0000] {processor.py:925} INFO - DAG(s) 'example_external_task_marker_parent', 'example_external_task_marker_child' retrieved from /home/airflow/.local/lib/python3.12/site-packages/airflow/example_dags/example_external_task_marker_dag.py
[2024-12-06T22:10:02.046+0000] {logging_mixin.py:190} INFO - [2024-12-06T22:10:02.045+0000] {dag.py:3239} INFO - Sync 2 DAGs
[2024-12-06T22:10:02.081+0000] {logging_mixin.py:190} INFO - [2024-12-06T22:10:02.081+0000] {dag.py:4180} INFO - Setting next_dagrun for example_external_task_marker_child to None, run_after=None
[2024-12-06T22:10:02.088+0000] {logging_mixin.py:190} INFO - [2024-12-06T22:10:02.087+0000] {dag.py:4180} INFO - Setting next_dagrun for example_external_task_marker_parent to None, run_after=None
[2024-12-06T22:10:02.122+0000] {processor.py:208} INFO - Processing /home/airflow/.local/lib/python3.12/site-packages/airflow/example_dags/example_external_task_marker_dag.py took 0.157 seconds
[2024-12-06T22:10:33.650+0000] {processor.py:186} INFO - Started process (PID=3701) to work on /home/airflow/.local/lib/python3.12/site-packages/airflow/example_dags/example_external_task_marker_dag.py
[2024-12-06T22:10:33.652+0000] {processor.py:914} INFO - Processing file /home/airflow/.local/lib/python3.12/site-packages/airflow/example_dags/example_external_task_marker_dag.py for tasks to queue
[2024-12-06T22:10:33.656+0000] {logging_mixin.py:190} INFO - [2024-12-06T22:10:33.655+0000] {dagbag.py:588} INFO - Filling up the DagBag from /home/airflow/.local/lib/python3.12/site-packages/airflow/example_dags/example_external_task_marker_dag.py
[2024-12-06T22:10:33.670+0000] {processor.py:925} INFO - DAG(s) 'example_external_task_marker_child', 'example_external_task_marker_parent' retrieved from /home/airflow/.local/lib/python3.12/site-packages/airflow/example_dags/example_external_task_marker_dag.py
[2024-12-06T22:10:33.709+0000] {logging_mixin.py:190} INFO - [2024-12-06T22:10:33.708+0000] {dag.py:3239} INFO - Sync 2 DAGs
[2024-12-06T22:10:33.734+0000] {logging_mixin.py:190} INFO - [2024-12-06T22:10:33.734+0000] {dag.py:4180} INFO - Setting next_dagrun for example_external_task_marker_child to None, run_after=None
[2024-12-06T22:10:33.740+0000] {logging_mixin.py:190} INFO - [2024-12-06T22:10:33.740+0000] {dag.py:4180} INFO - Setting next_dagrun for example_external_task_marker_parent to None, run_after=None
[2024-12-06T22:10:33.769+0000] {processor.py:208} INFO - Processing /home/airflow/.local/lib/python3.12/site-packages/airflow/example_dags/example_external_task_marker_dag.py took 0.130 seconds
