[2024-12-06T21:41:00.233+0000] {processor.py:186} INFO - Started process (PID=126) to work on /home/airflow/.local/lib/python3.12/site-packages/airflow/example_dags/example_xcomargs.py
[2024-12-06T21:41:00.234+0000] {processor.py:914} INFO - Processing file /home/airflow/.local/lib/python3.12/site-packages/airflow/example_dags/example_xcomargs.py for tasks to queue
[2024-12-06T21:41:00.238+0000] {logging_mixin.py:190} INFO - [2024-12-06T21:41:00.237+0000] {dagbag.py:588} INFO - Filling up the DagBag from /home/airflow/.local/lib/python3.12/site-packages/airflow/example_dags/example_xcomargs.py
[2024-12-06T21:41:00.254+0000] {processor.py:925} INFO - DAG(s) 'example_xcom_args_with_operators', 'example_xcom_args' retrieved from /home/airflow/.local/lib/python3.12/site-packages/airflow/example_dags/example_xcomargs.py
[2024-12-06T21:41:00.383+0000] {logging_mixin.py:190} INFO - [2024-12-06T21:41:00.383+0000] {override.py:1911} INFO - Created Permission View: can edit on DAG:example_xcom_args_with_operators
[2024-12-06T21:41:00.396+0000] {logging_mixin.py:190} INFO - [2024-12-06T21:41:00.396+0000] {override.py:1911} INFO - Created Permission View: can delete on DAG:example_xcom_args_with_operators
[2024-12-06T21:41:00.405+0000] {logging_mixin.py:190} INFO - [2024-12-06T21:41:00.405+0000] {override.py:1911} INFO - Created Permission View: can read on DAG:example_xcom_args_with_operators
[2024-12-06T21:41:00.415+0000] {logging_mixin.py:190} INFO - [2024-12-06T21:41:00.415+0000] {override.py:1911} INFO - Created Permission View: menu access on DAG Run:example_xcom_args_with_operators
[2024-12-06T21:41:00.424+0000] {logging_mixin.py:190} INFO - [2024-12-06T21:41:00.424+0000] {override.py:1911} INFO - Created Permission View: can create on DAG Run:example_xcom_args_with_operators
[2024-12-06T21:41:00.433+0000] {logging_mixin.py:190} INFO - [2024-12-06T21:41:00.432+0000] {override.py:1911} INFO - Created Permission View: can delete on DAG Run:example_xcom_args_with_operators
[2024-12-06T21:41:00.441+0000] {logging_mixin.py:190} INFO - [2024-12-06T21:41:00.441+0000] {override.py:1911} INFO - Created Permission View: can read on DAG Run:example_xcom_args_with_operators
[2024-12-06T21:41:00.458+0000] {logging_mixin.py:190} INFO - [2024-12-06T21:41:00.458+0000] {override.py:1911} INFO - Created Permission View: can edit on DAG:example_xcom_args
[2024-12-06T21:41:00.468+0000] {logging_mixin.py:190} INFO - [2024-12-06T21:41:00.467+0000] {override.py:1911} INFO - Created Permission View: can delete on DAG:example_xcom_args
[2024-12-06T21:41:00.478+0000] {logging_mixin.py:190} INFO - [2024-12-06T21:41:00.477+0000] {override.py:1911} INFO - Created Permission View: can read on DAG:example_xcom_args
[2024-12-06T21:41:00.489+0000] {logging_mixin.py:190} INFO - [2024-12-06T21:41:00.488+0000] {override.py:1911} INFO - Created Permission View: menu access on DAG Run:example_xcom_args
[2024-12-06T21:41:00.497+0000] {logging_mixin.py:190} INFO - [2024-12-06T21:41:00.497+0000] {override.py:1911} INFO - Created Permission View: can create on DAG Run:example_xcom_args
[2024-12-06T21:41:00.506+0000] {logging_mixin.py:190} INFO - [2024-12-06T21:41:00.506+0000] {override.py:1911} INFO - Created Permission View: can delete on DAG Run:example_xcom_args
[2024-12-06T21:41:00.515+0000] {logging_mixin.py:190} INFO - [2024-12-06T21:41:00.515+0000] {override.py:1911} INFO - Created Permission View: can read on DAG Run:example_xcom_args
[2024-12-06T21:41:00.516+0000] {logging_mixin.py:190} INFO - [2024-12-06T21:41:00.516+0000] {dag.py:3239} INFO - Sync 2 DAGs
[2024-12-06T21:41:00.533+0000] {logging_mixin.py:190} INFO - [2024-12-06T21:41:00.532+0000] {dag.py:3262} INFO - Creating ORM DAG for example_xcom_args_with_operators
[2024-12-06T21:41:00.534+0000] {logging_mixin.py:190} INFO - [2024-12-06T21:41:00.534+0000] {dag.py:3262} INFO - Creating ORM DAG for example_xcom_args
[2024-12-06T21:41:00.535+0000] {logging_mixin.py:190} INFO - [2024-12-06T21:41:00.535+0000] {dag.py:4180} INFO - Setting next_dagrun for example_xcom_args to None, run_after=None
[2024-12-06T21:41:00.537+0000] {logging_mixin.py:190} INFO - [2024-12-06T21:41:00.536+0000] {dag.py:4180} INFO - Setting next_dagrun for example_xcom_args_with_operators to None, run_after=None
[2024-12-06T21:41:00.559+0000] {processor.py:208} INFO - Processing /home/airflow/.local/lib/python3.12/site-packages/airflow/example_dags/example_xcomargs.py took 0.334 seconds
[2024-12-06T21:41:30.820+0000] {processor.py:186} INFO - Started process (PID=189) to work on /home/airflow/.local/lib/python3.12/site-packages/airflow/example_dags/example_xcomargs.py
[2024-12-06T21:41:30.821+0000] {processor.py:914} INFO - Processing file /home/airflow/.local/lib/python3.12/site-packages/airflow/example_dags/example_xcomargs.py for tasks to queue
[2024-12-06T21:41:30.824+0000] {logging_mixin.py:190} INFO - [2024-12-06T21:41:30.824+0000] {dagbag.py:588} INFO - Filling up the DagBag from /home/airflow/.local/lib/python3.12/site-packages/airflow/example_dags/example_xcomargs.py
[2024-12-06T21:41:30.837+0000] {processor.py:925} INFO - DAG(s) 'example_xcom_args', 'example_xcom_args_with_operators' retrieved from /home/airflow/.local/lib/python3.12/site-packages/airflow/example_dags/example_xcomargs.py
[2024-12-06T21:41:30.866+0000] {logging_mixin.py:190} INFO - [2024-12-06T21:41:30.865+0000] {dag.py:3239} INFO - Sync 2 DAGs
[2024-12-06T21:41:30.885+0000] {logging_mixin.py:190} INFO - [2024-12-06T21:41:30.885+0000] {dag.py:4180} INFO - Setting next_dagrun for example_xcom_args to None, run_after=None
[2024-12-06T21:41:30.890+0000] {logging_mixin.py:190} INFO - [2024-12-06T21:41:30.890+0000] {dag.py:4180} INFO - Setting next_dagrun for example_xcom_args_with_operators to None, run_after=None
[2024-12-06T21:41:30.909+0000] {processor.py:208} INFO - Processing /home/airflow/.local/lib/python3.12/site-packages/airflow/example_dags/example_xcomargs.py took 0.097 seconds
[2024-12-06T21:42:01.704+0000] {processor.py:186} INFO - Started process (PID=252) to work on /home/airflow/.local/lib/python3.12/site-packages/airflow/example_dags/example_xcomargs.py
[2024-12-06T21:42:01.706+0000] {processor.py:914} INFO - Processing file /home/airflow/.local/lib/python3.12/site-packages/airflow/example_dags/example_xcomargs.py for tasks to queue
[2024-12-06T21:42:01.709+0000] {logging_mixin.py:190} INFO - [2024-12-06T21:42:01.708+0000] {dagbag.py:588} INFO - Filling up the DagBag from /home/airflow/.local/lib/python3.12/site-packages/airflow/example_dags/example_xcomargs.py
[2024-12-06T21:42:01.721+0000] {processor.py:925} INFO - DAG(s) 'example_xcom_args', 'example_xcom_args_with_operators' retrieved from /home/airflow/.local/lib/python3.12/site-packages/airflow/example_dags/example_xcomargs.py
[2024-12-06T21:42:01.750+0000] {logging_mixin.py:190} INFO - [2024-12-06T21:42:01.750+0000] {dag.py:3239} INFO - Sync 2 DAGs
[2024-12-06T21:42:01.773+0000] {logging_mixin.py:190} INFO - [2024-12-06T21:42:01.773+0000] {dag.py:4180} INFO - Setting next_dagrun for example_xcom_args to None, run_after=None
[2024-12-06T21:42:01.778+0000] {logging_mixin.py:190} INFO - [2024-12-06T21:42:01.777+0000] {dag.py:4180} INFO - Setting next_dagrun for example_xcom_args_with_operators to None, run_after=None
[2024-12-06T21:42:01.796+0000] {processor.py:208} INFO - Processing /home/airflow/.local/lib/python3.12/site-packages/airflow/example_dags/example_xcomargs.py took 0.099 seconds
[2024-12-06T21:42:32.972+0000] {processor.py:186} INFO - Started process (PID=315) to work on /home/airflow/.local/lib/python3.12/site-packages/airflow/example_dags/example_xcomargs.py
[2024-12-06T21:42:32.973+0000] {processor.py:914} INFO - Processing file /home/airflow/.local/lib/python3.12/site-packages/airflow/example_dags/example_xcomargs.py for tasks to queue
[2024-12-06T21:42:32.976+0000] {logging_mixin.py:190} INFO - [2024-12-06T21:42:32.976+0000] {dagbag.py:588} INFO - Filling up the DagBag from /home/airflow/.local/lib/python3.12/site-packages/airflow/example_dags/example_xcomargs.py
[2024-12-06T21:42:32.989+0000] {processor.py:925} INFO - DAG(s) 'example_xcom_args', 'example_xcom_args_with_operators' retrieved from /home/airflow/.local/lib/python3.12/site-packages/airflow/example_dags/example_xcomargs.py
[2024-12-06T21:42:33.017+0000] {logging_mixin.py:190} INFO - [2024-12-06T21:42:33.017+0000] {dag.py:3239} INFO - Sync 2 DAGs
[2024-12-06T21:42:33.035+0000] {logging_mixin.py:190} INFO - [2024-12-06T21:42:33.034+0000] {dag.py:4180} INFO - Setting next_dagrun for example_xcom_args to None, run_after=None
[2024-12-06T21:42:33.039+0000] {logging_mixin.py:190} INFO - [2024-12-06T21:42:33.039+0000] {dag.py:4180} INFO - Setting next_dagrun for example_xcom_args_with_operators to None, run_after=None
[2024-12-06T21:42:33.058+0000] {processor.py:208} INFO - Processing /home/airflow/.local/lib/python3.12/site-packages/airflow/example_dags/example_xcomargs.py took 0.094 seconds
[2024-12-06T21:43:03.159+0000] {processor.py:186} INFO - Started process (PID=378) to work on /home/airflow/.local/lib/python3.12/site-packages/airflow/example_dags/example_xcomargs.py
[2024-12-06T21:43:03.160+0000] {processor.py:914} INFO - Processing file /home/airflow/.local/lib/python3.12/site-packages/airflow/example_dags/example_xcomargs.py for tasks to queue
[2024-12-06T21:43:03.165+0000] {logging_mixin.py:190} INFO - [2024-12-06T21:43:03.164+0000] {dagbag.py:588} INFO - Filling up the DagBag from /home/airflow/.local/lib/python3.12/site-packages/airflow/example_dags/example_xcomargs.py
[2024-12-06T21:43:03.183+0000] {processor.py:925} INFO - DAG(s) 'example_xcom_args', 'example_xcom_args_with_operators' retrieved from /home/airflow/.local/lib/python3.12/site-packages/airflow/example_dags/example_xcomargs.py
[2024-12-06T21:43:03.224+0000] {logging_mixin.py:190} INFO - [2024-12-06T21:43:03.224+0000] {dag.py:3239} INFO - Sync 2 DAGs
[2024-12-06T21:43:03.258+0000] {logging_mixin.py:190} INFO - [2024-12-06T21:43:03.258+0000] {dag.py:4180} INFO - Setting next_dagrun for example_xcom_args to None, run_after=None
[2024-12-06T21:43:03.265+0000] {logging_mixin.py:190} INFO - [2024-12-06T21:43:03.264+0000] {dag.py:4180} INFO - Setting next_dagrun for example_xcom_args_with_operators to None, run_after=None
[2024-12-06T21:43:03.294+0000] {processor.py:208} INFO - Processing /home/airflow/.local/lib/python3.12/site-packages/airflow/example_dags/example_xcomargs.py took 0.146 seconds
[2024-12-06T21:43:33.957+0000] {processor.py:186} INFO - Started process (PID=441) to work on /home/airflow/.local/lib/python3.12/site-packages/airflow/example_dags/example_xcomargs.py
[2024-12-06T21:43:33.959+0000] {processor.py:914} INFO - Processing file /home/airflow/.local/lib/python3.12/site-packages/airflow/example_dags/example_xcomargs.py for tasks to queue
[2024-12-06T21:43:33.962+0000] {logging_mixin.py:190} INFO - [2024-12-06T21:43:33.961+0000] {dagbag.py:588} INFO - Filling up the DagBag from /home/airflow/.local/lib/python3.12/site-packages/airflow/example_dags/example_xcomargs.py
[2024-12-06T21:43:33.975+0000] {processor.py:925} INFO - DAG(s) 'example_xcom_args', 'example_xcom_args_with_operators' retrieved from /home/airflow/.local/lib/python3.12/site-packages/airflow/example_dags/example_xcomargs.py
[2024-12-06T21:43:34.005+0000] {logging_mixin.py:190} INFO - [2024-12-06T21:43:34.004+0000] {dag.py:3239} INFO - Sync 2 DAGs
[2024-12-06T21:43:34.023+0000] {logging_mixin.py:190} INFO - [2024-12-06T21:43:34.023+0000] {dag.py:4180} INFO - Setting next_dagrun for example_xcom_args to None, run_after=None
[2024-12-06T21:43:34.039+0000] {logging_mixin.py:190} INFO - [2024-12-06T21:43:34.039+0000] {dag.py:4180} INFO - Setting next_dagrun for example_xcom_args_with_operators to None, run_after=None
[2024-12-06T21:43:34.060+0000] {processor.py:208} INFO - Processing /home/airflow/.local/lib/python3.12/site-packages/airflow/example_dags/example_xcomargs.py took 0.111 seconds
[2024-12-06T21:44:04.603+0000] {processor.py:186} INFO - Started process (PID=504) to work on /home/airflow/.local/lib/python3.12/site-packages/airflow/example_dags/example_xcomargs.py
[2024-12-06T21:44:04.604+0000] {processor.py:914} INFO - Processing file /home/airflow/.local/lib/python3.12/site-packages/airflow/example_dags/example_xcomargs.py for tasks to queue
[2024-12-06T21:44:04.608+0000] {logging_mixin.py:190} INFO - [2024-12-06T21:44:04.607+0000] {dagbag.py:588} INFO - Filling up the DagBag from /home/airflow/.local/lib/python3.12/site-packages/airflow/example_dags/example_xcomargs.py
[2024-12-06T21:44:04.622+0000] {processor.py:925} INFO - DAG(s) 'example_xcom_args_with_operators', 'example_xcom_args' retrieved from /home/airflow/.local/lib/python3.12/site-packages/airflow/example_dags/example_xcomargs.py
[2024-12-06T21:44:04.655+0000] {logging_mixin.py:190} INFO - [2024-12-06T21:44:04.655+0000] {dag.py:3239} INFO - Sync 2 DAGs
[2024-12-06T21:44:04.679+0000] {logging_mixin.py:190} INFO - [2024-12-06T21:44:04.679+0000] {dag.py:4180} INFO - Setting next_dagrun for example_xcom_args to None, run_after=None
[2024-12-06T21:44:04.685+0000] {logging_mixin.py:190} INFO - [2024-12-06T21:44:04.685+0000] {dag.py:4180} INFO - Setting next_dagrun for example_xcom_args_with_operators to None, run_after=None
[2024-12-06T21:44:04.711+0000] {processor.py:208} INFO - Processing /home/airflow/.local/lib/python3.12/site-packages/airflow/example_dags/example_xcomargs.py took 0.116 seconds
[2024-12-06T21:44:36.751+0000] {processor.py:186} INFO - Started process (PID=567) to work on /home/airflow/.local/lib/python3.12/site-packages/airflow/example_dags/example_xcomargs.py
[2024-12-06T21:44:36.753+0000] {processor.py:914} INFO - Processing file /home/airflow/.local/lib/python3.12/site-packages/airflow/example_dags/example_xcomargs.py for tasks to queue
[2024-12-06T21:44:36.758+0000] {logging_mixin.py:190} INFO - [2024-12-06T21:44:36.757+0000] {dagbag.py:588} INFO - Filling up the DagBag from /home/airflow/.local/lib/python3.12/site-packages/airflow/example_dags/example_xcomargs.py
[2024-12-06T21:44:36.776+0000] {processor.py:925} INFO - DAG(s) 'example_xcom_args', 'example_xcom_args_with_operators' retrieved from /home/airflow/.local/lib/python3.12/site-packages/airflow/example_dags/example_xcomargs.py
[2024-12-06T21:44:36.814+0000] {logging_mixin.py:190} INFO - [2024-12-06T21:44:36.813+0000] {dag.py:3239} INFO - Sync 2 DAGs
[2024-12-06T21:44:36.846+0000] {logging_mixin.py:190} INFO - [2024-12-06T21:44:36.845+0000] {dag.py:4180} INFO - Setting next_dagrun for example_xcom_args to None, run_after=None
[2024-12-06T21:44:36.857+0000] {logging_mixin.py:190} INFO - [2024-12-06T21:44:36.857+0000] {dag.py:4180} INFO - Setting next_dagrun for example_xcom_args_with_operators to None, run_after=None
[2024-12-06T21:44:36.889+0000] {processor.py:208} INFO - Processing /home/airflow/.local/lib/python3.12/site-packages/airflow/example_dags/example_xcomargs.py took 0.147 seconds
[2024-12-06T21:45:07.423+0000] {processor.py:186} INFO - Started process (PID=630) to work on /home/airflow/.local/lib/python3.12/site-packages/airflow/example_dags/example_xcomargs.py
[2024-12-06T21:45:07.425+0000] {processor.py:914} INFO - Processing file /home/airflow/.local/lib/python3.12/site-packages/airflow/example_dags/example_xcomargs.py for tasks to queue
[2024-12-06T21:45:07.429+0000] {logging_mixin.py:190} INFO - [2024-12-06T21:45:07.429+0000] {dagbag.py:588} INFO - Filling up the DagBag from /home/airflow/.local/lib/python3.12/site-packages/airflow/example_dags/example_xcomargs.py
[2024-12-06T21:45:07.447+0000] {processor.py:925} INFO - DAG(s) 'example_xcom_args_with_operators', 'example_xcom_args' retrieved from /home/airflow/.local/lib/python3.12/site-packages/airflow/example_dags/example_xcomargs.py
[2024-12-06T21:45:07.482+0000] {logging_mixin.py:190} INFO - [2024-12-06T21:45:07.482+0000] {dag.py:3239} INFO - Sync 2 DAGs
[2024-12-06T21:45:07.505+0000] {logging_mixin.py:190} INFO - [2024-12-06T21:45:07.505+0000] {dag.py:4180} INFO - Setting next_dagrun for example_xcom_args to None, run_after=None
[2024-12-06T21:45:07.511+0000] {logging_mixin.py:190} INFO - [2024-12-06T21:45:07.511+0000] {dag.py:4180} INFO - Setting next_dagrun for example_xcom_args_with_operators to None, run_after=None
[2024-12-06T21:45:07.537+0000] {processor.py:208} INFO - Processing /home/airflow/.local/lib/python3.12/site-packages/airflow/example_dags/example_xcomargs.py took 0.124 seconds
[2024-12-06T21:45:39.384+0000] {processor.py:186} INFO - Started process (PID=694) to work on /home/airflow/.local/lib/python3.12/site-packages/airflow/example_dags/example_xcomargs.py
[2024-12-06T21:45:39.385+0000] {processor.py:914} INFO - Processing file /home/airflow/.local/lib/python3.12/site-packages/airflow/example_dags/example_xcomargs.py for tasks to queue
[2024-12-06T21:45:39.389+0000] {logging_mixin.py:190} INFO - [2024-12-06T21:45:39.388+0000] {dagbag.py:588} INFO - Filling up the DagBag from /home/airflow/.local/lib/python3.12/site-packages/airflow/example_dags/example_xcomargs.py
[2024-12-06T21:45:39.406+0000] {processor.py:925} INFO - DAG(s) 'example_xcom_args', 'example_xcom_args_with_operators' retrieved from /home/airflow/.local/lib/python3.12/site-packages/airflow/example_dags/example_xcomargs.py
[2024-12-06T21:45:39.440+0000] {logging_mixin.py:190} INFO - [2024-12-06T21:45:39.440+0000] {dag.py:3239} INFO - Sync 2 DAGs
[2024-12-06T21:45:39.474+0000] {logging_mixin.py:190} INFO - [2024-12-06T21:45:39.473+0000] {dag.py:4180} INFO - Setting next_dagrun for example_xcom_args to None, run_after=None
[2024-12-06T21:45:39.483+0000] {logging_mixin.py:190} INFO - [2024-12-06T21:45:39.482+0000] {dag.py:4180} INFO - Setting next_dagrun for example_xcom_args_with_operators to None, run_after=None
[2024-12-06T21:45:39.520+0000] {processor.py:208} INFO - Processing /home/airflow/.local/lib/python3.12/site-packages/airflow/example_dags/example_xcomargs.py took 0.146 seconds
[2024-12-06T21:46:10.136+0000] {processor.py:186} INFO - Started process (PID=757) to work on /home/airflow/.local/lib/python3.12/site-packages/airflow/example_dags/example_xcomargs.py
[2024-12-06T21:46:10.138+0000] {processor.py:914} INFO - Processing file /home/airflow/.local/lib/python3.12/site-packages/airflow/example_dags/example_xcomargs.py for tasks to queue
[2024-12-06T21:46:10.141+0000] {logging_mixin.py:190} INFO - [2024-12-06T21:46:10.140+0000] {dagbag.py:588} INFO - Filling up the DagBag from /home/airflow/.local/lib/python3.12/site-packages/airflow/example_dags/example_xcomargs.py
[2024-12-06T21:46:10.159+0000] {processor.py:925} INFO - DAG(s) 'example_xcom_args_with_operators', 'example_xcom_args' retrieved from /home/airflow/.local/lib/python3.12/site-packages/airflow/example_dags/example_xcomargs.py
[2024-12-06T21:46:10.203+0000] {logging_mixin.py:190} INFO - [2024-12-06T21:46:10.203+0000] {dag.py:3239} INFO - Sync 2 DAGs
[2024-12-06T21:46:10.224+0000] {logging_mixin.py:190} INFO - [2024-12-06T21:46:10.224+0000] {dag.py:4180} INFO - Setting next_dagrun for example_xcom_args to None, run_after=None
[2024-12-06T21:46:10.230+0000] {logging_mixin.py:190} INFO - [2024-12-06T21:46:10.229+0000] {dag.py:4180} INFO - Setting next_dagrun for example_xcom_args_with_operators to None, run_after=None
[2024-12-06T21:46:10.253+0000] {processor.py:208} INFO - Processing /home/airflow/.local/lib/python3.12/site-packages/airflow/example_dags/example_xcomargs.py took 0.126 seconds
[2024-12-06T21:46:42.801+0000] {processor.py:186} INFO - Started process (PID=825) to work on /home/airflow/.local/lib/python3.12/site-packages/airflow/example_dags/example_xcomargs.py
[2024-12-06T21:46:42.802+0000] {processor.py:914} INFO - Processing file /home/airflow/.local/lib/python3.12/site-packages/airflow/example_dags/example_xcomargs.py for tasks to queue
[2024-12-06T21:46:42.805+0000] {logging_mixin.py:190} INFO - [2024-12-06T21:46:42.805+0000] {dagbag.py:588} INFO - Filling up the DagBag from /home/airflow/.local/lib/python3.12/site-packages/airflow/example_dags/example_xcomargs.py
[2024-12-06T21:46:42.819+0000] {processor.py:925} INFO - DAG(s) 'example_xcom_args', 'example_xcom_args_with_operators' retrieved from /home/airflow/.local/lib/python3.12/site-packages/airflow/example_dags/example_xcomargs.py
[2024-12-06T21:46:42.850+0000] {logging_mixin.py:190} INFO - [2024-12-06T21:46:42.849+0000] {dag.py:3239} INFO - Sync 2 DAGs
[2024-12-06T21:46:42.870+0000] {logging_mixin.py:190} INFO - [2024-12-06T21:46:42.869+0000] {dag.py:4180} INFO - Setting next_dagrun for example_xcom_args to None, run_after=None
[2024-12-06T21:46:42.874+0000] {logging_mixin.py:190} INFO - [2024-12-06T21:46:42.874+0000] {dag.py:4180} INFO - Setting next_dagrun for example_xcom_args_with_operators to None, run_after=None
[2024-12-06T21:46:42.895+0000] {processor.py:208} INFO - Processing /home/airflow/.local/lib/python3.12/site-packages/airflow/example_dags/example_xcomargs.py took 0.102 seconds
[2024-12-06T21:47:15.582+0000] {processor.py:186} INFO - Started process (PID=893) to work on /home/airflow/.local/lib/python3.12/site-packages/airflow/example_dags/example_xcomargs.py
[2024-12-06T21:47:15.584+0000] {processor.py:914} INFO - Processing file /home/airflow/.local/lib/python3.12/site-packages/airflow/example_dags/example_xcomargs.py for tasks to queue
[2024-12-06T21:47:15.590+0000] {logging_mixin.py:190} INFO - [2024-12-06T21:47:15.589+0000] {dagbag.py:588} INFO - Filling up the DagBag from /home/airflow/.local/lib/python3.12/site-packages/airflow/example_dags/example_xcomargs.py
[2024-12-06T21:47:15.619+0000] {processor.py:925} INFO - DAG(s) 'example_xcom_args_with_operators', 'example_xcom_args' retrieved from /home/airflow/.local/lib/python3.12/site-packages/airflow/example_dags/example_xcomargs.py
[2024-12-06T21:47:15.679+0000] {logging_mixin.py:190} INFO - [2024-12-06T21:47:15.679+0000] {dag.py:3239} INFO - Sync 2 DAGs
[2024-12-06T21:47:15.706+0000] {logging_mixin.py:190} INFO - [2024-12-06T21:47:15.706+0000] {dag.py:4180} INFO - Setting next_dagrun for example_xcom_args to None, run_after=None
[2024-12-06T21:47:15.712+0000] {logging_mixin.py:190} INFO - [2024-12-06T21:47:15.712+0000] {dag.py:4180} INFO - Setting next_dagrun for example_xcom_args_with_operators to None, run_after=None
[2024-12-06T21:47:15.736+0000] {processor.py:208} INFO - Processing /home/airflow/.local/lib/python3.12/site-packages/airflow/example_dags/example_xcomargs.py took 0.171 seconds
[2024-12-06T21:47:47.444+0000] {processor.py:186} INFO - Started process (PID=962) to work on /home/airflow/.local/lib/python3.12/site-packages/airflow/example_dags/example_xcomargs.py
[2024-12-06T21:47:47.446+0000] {processor.py:914} INFO - Processing file /home/airflow/.local/lib/python3.12/site-packages/airflow/example_dags/example_xcomargs.py for tasks to queue
[2024-12-06T21:47:47.451+0000] {logging_mixin.py:190} INFO - [2024-12-06T21:47:47.451+0000] {dagbag.py:588} INFO - Filling up the DagBag from /home/airflow/.local/lib/python3.12/site-packages/airflow/example_dags/example_xcomargs.py
[2024-12-06T21:47:47.467+0000] {processor.py:925} INFO - DAG(s) 'example_xcom_args_with_operators', 'example_xcom_args' retrieved from /home/airflow/.local/lib/python3.12/site-packages/airflow/example_dags/example_xcomargs.py
[2024-12-06T21:47:47.499+0000] {logging_mixin.py:190} INFO - [2024-12-06T21:47:47.499+0000] {dag.py:3239} INFO - Sync 2 DAGs
[2024-12-06T21:47:47.521+0000] {logging_mixin.py:190} INFO - [2024-12-06T21:47:47.521+0000] {dag.py:4180} INFO - Setting next_dagrun for example_xcom_args to None, run_after=None
[2024-12-06T21:47:47.526+0000] {logging_mixin.py:190} INFO - [2024-12-06T21:47:47.526+0000] {dag.py:4180} INFO - Setting next_dagrun for example_xcom_args_with_operators to None, run_after=None
[2024-12-06T21:47:47.552+0000] {processor.py:208} INFO - Processing /home/airflow/.local/lib/python3.12/site-packages/airflow/example_dags/example_xcomargs.py took 0.116 seconds
[2024-12-06T21:48:18.490+0000] {processor.py:186} INFO - Started process (PID=1025) to work on /home/airflow/.local/lib/python3.12/site-packages/airflow/example_dags/example_xcomargs.py
[2024-12-06T21:48:18.491+0000] {processor.py:914} INFO - Processing file /home/airflow/.local/lib/python3.12/site-packages/airflow/example_dags/example_xcomargs.py for tasks to queue
[2024-12-06T21:48:18.495+0000] {logging_mixin.py:190} INFO - [2024-12-06T21:48:18.495+0000] {dagbag.py:588} INFO - Filling up the DagBag from /home/airflow/.local/lib/python3.12/site-packages/airflow/example_dags/example_xcomargs.py
[2024-12-06T21:48:18.511+0000] {processor.py:925} INFO - DAG(s) 'example_xcom_args_with_operators', 'example_xcom_args' retrieved from /home/airflow/.local/lib/python3.12/site-packages/airflow/example_dags/example_xcomargs.py
[2024-12-06T21:48:18.547+0000] {logging_mixin.py:190} INFO - [2024-12-06T21:48:18.547+0000] {dag.py:3239} INFO - Sync 2 DAGs
[2024-12-06T21:48:18.571+0000] {logging_mixin.py:190} INFO - [2024-12-06T21:48:18.571+0000] {dag.py:4180} INFO - Setting next_dagrun for example_xcom_args to None, run_after=None
[2024-12-06T21:48:18.577+0000] {logging_mixin.py:190} INFO - [2024-12-06T21:48:18.577+0000] {dag.py:4180} INFO - Setting next_dagrun for example_xcom_args_with_operators to None, run_after=None
[2024-12-06T21:48:18.603+0000] {processor.py:208} INFO - Processing /home/airflow/.local/lib/python3.12/site-packages/airflow/example_dags/example_xcomargs.py took 0.124 seconds
[2024-12-06T21:48:49.839+0000] {processor.py:186} INFO - Started process (PID=1088) to work on /home/airflow/.local/lib/python3.12/site-packages/airflow/example_dags/example_xcomargs.py
[2024-12-06T21:48:49.840+0000] {processor.py:914} INFO - Processing file /home/airflow/.local/lib/python3.12/site-packages/airflow/example_dags/example_xcomargs.py for tasks to queue
[2024-12-06T21:48:49.844+0000] {logging_mixin.py:190} INFO - [2024-12-06T21:48:49.843+0000] {dagbag.py:588} INFO - Filling up the DagBag from /home/airflow/.local/lib/python3.12/site-packages/airflow/example_dags/example_xcomargs.py
[2024-12-06T21:48:49.860+0000] {processor.py:925} INFO - DAG(s) 'example_xcom_args_with_operators', 'example_xcom_args' retrieved from /home/airflow/.local/lib/python3.12/site-packages/airflow/example_dags/example_xcomargs.py
[2024-12-06T21:48:49.894+0000] {logging_mixin.py:190} INFO - [2024-12-06T21:48:49.893+0000] {dag.py:3239} INFO - Sync 2 DAGs
[2024-12-06T21:48:49.917+0000] {logging_mixin.py:190} INFO - [2024-12-06T21:48:49.916+0000] {dag.py:4180} INFO - Setting next_dagrun for example_xcom_args to None, run_after=None
[2024-12-06T21:48:49.923+0000] {logging_mixin.py:190} INFO - [2024-12-06T21:48:49.923+0000] {dag.py:4180} INFO - Setting next_dagrun for example_xcom_args_with_operators to None, run_after=None
[2024-12-06T21:48:49.947+0000] {processor.py:208} INFO - Processing /home/airflow/.local/lib/python3.12/site-packages/airflow/example_dags/example_xcomargs.py took 0.118 seconds
[2024-12-06T21:49:22.069+0000] {processor.py:186} INFO - Started process (PID=1151) to work on /home/airflow/.local/lib/python3.12/site-packages/airflow/example_dags/example_xcomargs.py
[2024-12-06T21:49:22.071+0000] {processor.py:914} INFO - Processing file /home/airflow/.local/lib/python3.12/site-packages/airflow/example_dags/example_xcomargs.py for tasks to queue
[2024-12-06T21:49:22.074+0000] {logging_mixin.py:190} INFO - [2024-12-06T21:49:22.074+0000] {dagbag.py:588} INFO - Filling up the DagBag from /home/airflow/.local/lib/python3.12/site-packages/airflow/example_dags/example_xcomargs.py
[2024-12-06T21:49:22.089+0000] {processor.py:925} INFO - DAG(s) 'example_xcom_args', 'example_xcom_args_with_operators' retrieved from /home/airflow/.local/lib/python3.12/site-packages/airflow/example_dags/example_xcomargs.py
[2024-12-06T21:49:22.125+0000] {logging_mixin.py:190} INFO - [2024-12-06T21:49:22.125+0000] {dag.py:3239} INFO - Sync 2 DAGs
[2024-12-06T21:49:22.148+0000] {logging_mixin.py:190} INFO - [2024-12-06T21:49:22.147+0000] {dag.py:4180} INFO - Setting next_dagrun for example_xcom_args to None, run_after=None
[2024-12-06T21:49:22.154+0000] {logging_mixin.py:190} INFO - [2024-12-06T21:49:22.153+0000] {dag.py:4180} INFO - Setting next_dagrun for example_xcom_args_with_operators to None, run_after=None
[2024-12-06T21:49:22.183+0000] {processor.py:208} INFO - Processing /home/airflow/.local/lib/python3.12/site-packages/airflow/example_dags/example_xcomargs.py took 0.122 seconds
[2024-12-06T21:49:53.145+0000] {processor.py:186} INFO - Started process (PID=1214) to work on /home/airflow/.local/lib/python3.12/site-packages/airflow/example_dags/example_xcomargs.py
[2024-12-06T21:49:53.147+0000] {processor.py:914} INFO - Processing file /home/airflow/.local/lib/python3.12/site-packages/airflow/example_dags/example_xcomargs.py for tasks to queue
[2024-12-06T21:49:53.150+0000] {logging_mixin.py:190} INFO - [2024-12-06T21:49:53.150+0000] {dagbag.py:588} INFO - Filling up the DagBag from /home/airflow/.local/lib/python3.12/site-packages/airflow/example_dags/example_xcomargs.py
[2024-12-06T21:49:53.168+0000] {processor.py:925} INFO - DAG(s) 'example_xcom_args', 'example_xcom_args_with_operators' retrieved from /home/airflow/.local/lib/python3.12/site-packages/airflow/example_dags/example_xcomargs.py
[2024-12-06T21:49:53.202+0000] {logging_mixin.py:190} INFO - [2024-12-06T21:49:53.202+0000] {dag.py:3239} INFO - Sync 2 DAGs
[2024-12-06T21:49:53.227+0000] {logging_mixin.py:190} INFO - [2024-12-06T21:49:53.227+0000] {dag.py:4180} INFO - Setting next_dagrun for example_xcom_args to None, run_after=None
[2024-12-06T21:49:53.233+0000] {logging_mixin.py:190} INFO - [2024-12-06T21:49:53.233+0000] {dag.py:4180} INFO - Setting next_dagrun for example_xcom_args_with_operators to None, run_after=None
[2024-12-06T21:49:53.259+0000] {processor.py:208} INFO - Processing /home/airflow/.local/lib/python3.12/site-packages/airflow/example_dags/example_xcomargs.py took 0.124 seconds
[2024-12-06T21:50:25.181+0000] {processor.py:186} INFO - Started process (PID=1277) to work on /home/airflow/.local/lib/python3.12/site-packages/airflow/example_dags/example_xcomargs.py
[2024-12-06T21:50:25.183+0000] {processor.py:914} INFO - Processing file /home/airflow/.local/lib/python3.12/site-packages/airflow/example_dags/example_xcomargs.py for tasks to queue
[2024-12-06T21:50:25.187+0000] {logging_mixin.py:190} INFO - [2024-12-06T21:50:25.187+0000] {dagbag.py:588} INFO - Filling up the DagBag from /home/airflow/.local/lib/python3.12/site-packages/airflow/example_dags/example_xcomargs.py
[2024-12-06T21:50:25.204+0000] {processor.py:925} INFO - DAG(s) 'example_xcom_args_with_operators', 'example_xcom_args' retrieved from /home/airflow/.local/lib/python3.12/site-packages/airflow/example_dags/example_xcomargs.py
[2024-12-06T21:50:25.241+0000] {logging_mixin.py:190} INFO - [2024-12-06T21:50:25.241+0000] {dag.py:3239} INFO - Sync 2 DAGs
[2024-12-06T21:50:25.268+0000] {logging_mixin.py:190} INFO - [2024-12-06T21:50:25.268+0000] {dag.py:4180} INFO - Setting next_dagrun for example_xcom_args to None, run_after=None
[2024-12-06T21:50:25.274+0000] {logging_mixin.py:190} INFO - [2024-12-06T21:50:25.274+0000] {dag.py:4180} INFO - Setting next_dagrun for example_xcom_args_with_operators to None, run_after=None
[2024-12-06T21:50:25.303+0000] {processor.py:208} INFO - Processing /home/airflow/.local/lib/python3.12/site-packages/airflow/example_dags/example_xcomargs.py took 0.133 seconds
[2024-12-06T21:50:57.246+0000] {processor.py:186} INFO - Started process (PID=1340) to work on /home/airflow/.local/lib/python3.12/site-packages/airflow/example_dags/example_xcomargs.py
[2024-12-06T21:50:57.250+0000] {processor.py:914} INFO - Processing file /home/airflow/.local/lib/python3.12/site-packages/airflow/example_dags/example_xcomargs.py for tasks to queue
[2024-12-06T21:50:57.257+0000] {logging_mixin.py:190} INFO - [2024-12-06T21:50:57.256+0000] {dagbag.py:588} INFO - Filling up the DagBag from /home/airflow/.local/lib/python3.12/site-packages/airflow/example_dags/example_xcomargs.py
[2024-12-06T21:50:57.284+0000] {processor.py:925} INFO - DAG(s) 'example_xcom_args_with_operators', 'example_xcom_args' retrieved from /home/airflow/.local/lib/python3.12/site-packages/airflow/example_dags/example_xcomargs.py
[2024-12-06T21:50:57.342+0000] {logging_mixin.py:190} INFO - [2024-12-06T21:50:57.341+0000] {dag.py:3239} INFO - Sync 2 DAGs
[2024-12-06T21:50:57.377+0000] {logging_mixin.py:190} INFO - [2024-12-06T21:50:57.376+0000] {dag.py:4180} INFO - Setting next_dagrun for example_xcom_args to None, run_after=None
[2024-12-06T21:50:57.386+0000] {logging_mixin.py:190} INFO - [2024-12-06T21:50:57.386+0000] {dag.py:4180} INFO - Setting next_dagrun for example_xcom_args_with_operators to None, run_after=None
[2024-12-06T21:50:57.423+0000] {processor.py:208} INFO - Processing /home/airflow/.local/lib/python3.12/site-packages/airflow/example_dags/example_xcomargs.py took 0.194 seconds
[2024-12-06T21:51:28.704+0000] {processor.py:186} INFO - Started process (PID=1403) to work on /home/airflow/.local/lib/python3.12/site-packages/airflow/example_dags/example_xcomargs.py
[2024-12-06T21:51:28.706+0000] {processor.py:914} INFO - Processing file /home/airflow/.local/lib/python3.12/site-packages/airflow/example_dags/example_xcomargs.py for tasks to queue
[2024-12-06T21:51:28.709+0000] {logging_mixin.py:190} INFO - [2024-12-06T21:51:28.709+0000] {dagbag.py:588} INFO - Filling up the DagBag from /home/airflow/.local/lib/python3.12/site-packages/airflow/example_dags/example_xcomargs.py
[2024-12-06T21:51:28.729+0000] {processor.py:925} INFO - DAG(s) 'example_xcom_args_with_operators', 'example_xcom_args' retrieved from /home/airflow/.local/lib/python3.12/site-packages/airflow/example_dags/example_xcomargs.py
[2024-12-06T21:51:28.776+0000] {logging_mixin.py:190} INFO - [2024-12-06T21:51:28.776+0000] {dag.py:3239} INFO - Sync 2 DAGs
[2024-12-06T21:51:28.806+0000] {logging_mixin.py:190} INFO - [2024-12-06T21:51:28.806+0000] {dag.py:4180} INFO - Setting next_dagrun for example_xcom_args to None, run_after=None
[2024-12-06T21:51:28.812+0000] {logging_mixin.py:190} INFO - [2024-12-06T21:51:28.812+0000] {dag.py:4180} INFO - Setting next_dagrun for example_xcom_args_with_operators to None, run_after=None
[2024-12-06T21:51:28.841+0000] {processor.py:208} INFO - Processing /home/airflow/.local/lib/python3.12/site-packages/airflow/example_dags/example_xcomargs.py took 0.147 seconds
[2024-12-06T21:51:59.330+0000] {processor.py:186} INFO - Started process (PID=1466) to work on /home/airflow/.local/lib/python3.12/site-packages/airflow/example_dags/example_xcomargs.py
[2024-12-06T21:51:59.332+0000] {processor.py:914} INFO - Processing file /home/airflow/.local/lib/python3.12/site-packages/airflow/example_dags/example_xcomargs.py for tasks to queue
[2024-12-06T21:51:59.338+0000] {logging_mixin.py:190} INFO - [2024-12-06T21:51:59.336+0000] {dagbag.py:588} INFO - Filling up the DagBag from /home/airflow/.local/lib/python3.12/site-packages/airflow/example_dags/example_xcomargs.py
[2024-12-06T21:51:59.358+0000] {processor.py:925} INFO - DAG(s) 'example_xcom_args', 'example_xcom_args_with_operators' retrieved from /home/airflow/.local/lib/python3.12/site-packages/airflow/example_dags/example_xcomargs.py
[2024-12-06T21:51:59.398+0000] {logging_mixin.py:190} INFO - [2024-12-06T21:51:59.397+0000] {dag.py:3239} INFO - Sync 2 DAGs
[2024-12-06T21:51:59.426+0000] {logging_mixin.py:190} INFO - [2024-12-06T21:51:59.426+0000] {dag.py:4180} INFO - Setting next_dagrun for example_xcom_args to None, run_after=None
[2024-12-06T21:51:59.432+0000] {logging_mixin.py:190} INFO - [2024-12-06T21:51:59.432+0000] {dag.py:4180} INFO - Setting next_dagrun for example_xcom_args_with_operators to None, run_after=None
[2024-12-06T21:51:59.465+0000] {processor.py:208} INFO - Processing /home/airflow/.local/lib/python3.12/site-packages/airflow/example_dags/example_xcomargs.py took 0.148 seconds
[2024-12-06T21:52:30.501+0000] {processor.py:186} INFO - Started process (PID=1529) to work on /home/airflow/.local/lib/python3.12/site-packages/airflow/example_dags/example_xcomargs.py
[2024-12-06T21:52:30.502+0000] {processor.py:914} INFO - Processing file /home/airflow/.local/lib/python3.12/site-packages/airflow/example_dags/example_xcomargs.py for tasks to queue
[2024-12-06T21:52:30.506+0000] {logging_mixin.py:190} INFO - [2024-12-06T21:52:30.506+0000] {dagbag.py:588} INFO - Filling up the DagBag from /home/airflow/.local/lib/python3.12/site-packages/airflow/example_dags/example_xcomargs.py
[2024-12-06T21:52:30.523+0000] {processor.py:925} INFO - DAG(s) 'example_xcom_args_with_operators', 'example_xcom_args' retrieved from /home/airflow/.local/lib/python3.12/site-packages/airflow/example_dags/example_xcomargs.py
[2024-12-06T21:52:30.572+0000] {logging_mixin.py:190} INFO - [2024-12-06T21:52:30.572+0000] {dag.py:3239} INFO - Sync 2 DAGs
[2024-12-06T21:52:30.605+0000] {logging_mixin.py:190} INFO - [2024-12-06T21:52:30.604+0000] {dag.py:4180} INFO - Setting next_dagrun for example_xcom_args to None, run_after=None
[2024-12-06T21:52:30.615+0000] {logging_mixin.py:190} INFO - [2024-12-06T21:52:30.614+0000] {dag.py:4180} INFO - Setting next_dagrun for example_xcom_args_with_operators to None, run_after=None
[2024-12-06T21:52:30.647+0000] {processor.py:208} INFO - Processing /home/airflow/.local/lib/python3.12/site-packages/airflow/example_dags/example_xcomargs.py took 0.156 seconds
[2024-12-06T21:53:02.744+0000] {processor.py:186} INFO - Started process (PID=1594) to work on /home/airflow/.local/lib/python3.12/site-packages/airflow/example_dags/example_xcomargs.py
[2024-12-06T21:53:02.746+0000] {processor.py:914} INFO - Processing file /home/airflow/.local/lib/python3.12/site-packages/airflow/example_dags/example_xcomargs.py for tasks to queue
[2024-12-06T21:53:02.750+0000] {logging_mixin.py:190} INFO - [2024-12-06T21:53:02.750+0000] {dagbag.py:588} INFO - Filling up the DagBag from /home/airflow/.local/lib/python3.12/site-packages/airflow/example_dags/example_xcomargs.py
[2024-12-06T21:53:02.767+0000] {processor.py:925} INFO - DAG(s) 'example_xcom_args', 'example_xcom_args_with_operators' retrieved from /home/airflow/.local/lib/python3.12/site-packages/airflow/example_dags/example_xcomargs.py
[2024-12-06T21:53:02.809+0000] {logging_mixin.py:190} INFO - [2024-12-06T21:53:02.808+0000] {dag.py:3239} INFO - Sync 2 DAGs
[2024-12-06T21:53:02.836+0000] {logging_mixin.py:190} INFO - [2024-12-06T21:53:02.836+0000] {dag.py:4180} INFO - Setting next_dagrun for example_xcom_args to None, run_after=None
[2024-12-06T21:53:02.843+0000] {logging_mixin.py:190} INFO - [2024-12-06T21:53:02.843+0000] {dag.py:4180} INFO - Setting next_dagrun for example_xcom_args_with_operators to None, run_after=None
[2024-12-06T21:53:02.871+0000] {processor.py:208} INFO - Processing /home/airflow/.local/lib/python3.12/site-packages/airflow/example_dags/example_xcomargs.py took 0.138 seconds
[2024-12-06T21:53:33.835+0000] {processor.py:186} INFO - Started process (PID=1657) to work on /home/airflow/.local/lib/python3.12/site-packages/airflow/example_dags/example_xcomargs.py
[2024-12-06T21:53:33.836+0000] {processor.py:914} INFO - Processing file /home/airflow/.local/lib/python3.12/site-packages/airflow/example_dags/example_xcomargs.py for tasks to queue
[2024-12-06T21:53:33.839+0000] {logging_mixin.py:190} INFO - [2024-12-06T21:53:33.839+0000] {dagbag.py:588} INFO - Filling up the DagBag from /home/airflow/.local/lib/python3.12/site-packages/airflow/example_dags/example_xcomargs.py
[2024-12-06T21:53:33.854+0000] {processor.py:925} INFO - DAG(s) 'example_xcom_args', 'example_xcom_args_with_operators' retrieved from /home/airflow/.local/lib/python3.12/site-packages/airflow/example_dags/example_xcomargs.py
[2024-12-06T21:53:33.887+0000] {logging_mixin.py:190} INFO - [2024-12-06T21:53:33.887+0000] {dag.py:3239} INFO - Sync 2 DAGs
[2024-12-06T21:53:33.909+0000] {logging_mixin.py:190} INFO - [2024-12-06T21:53:33.909+0000] {dag.py:4180} INFO - Setting next_dagrun for example_xcom_args to None, run_after=None
[2024-12-06T21:53:33.915+0000] {logging_mixin.py:190} INFO - [2024-12-06T21:53:33.915+0000] {dag.py:4180} INFO - Setting next_dagrun for example_xcom_args_with_operators to None, run_after=None
[2024-12-06T21:53:33.938+0000] {processor.py:208} INFO - Processing /home/airflow/.local/lib/python3.12/site-packages/airflow/example_dags/example_xcomargs.py took 0.113 seconds
[2024-12-06T21:54:05.786+0000] {processor.py:186} INFO - Started process (PID=1723) to work on /home/airflow/.local/lib/python3.12/site-packages/airflow/example_dags/example_xcomargs.py
[2024-12-06T21:54:05.788+0000] {processor.py:914} INFO - Processing file /home/airflow/.local/lib/python3.12/site-packages/airflow/example_dags/example_xcomargs.py for tasks to queue
[2024-12-06T21:54:05.793+0000] {logging_mixin.py:190} INFO - [2024-12-06T21:54:05.793+0000] {dagbag.py:588} INFO - Filling up the DagBag from /home/airflow/.local/lib/python3.12/site-packages/airflow/example_dags/example_xcomargs.py
[2024-12-06T21:54:05.821+0000] {processor.py:925} INFO - DAG(s) 'example_xcom_args_with_operators', 'example_xcom_args' retrieved from /home/airflow/.local/lib/python3.12/site-packages/airflow/example_dags/example_xcomargs.py
[2024-12-06T21:54:05.888+0000] {logging_mixin.py:190} INFO - [2024-12-06T21:54:05.887+0000] {dag.py:3239} INFO - Sync 2 DAGs
[2024-12-06T21:54:05.937+0000] {logging_mixin.py:190} INFO - [2024-12-06T21:54:05.936+0000] {dag.py:4180} INFO - Setting next_dagrun for example_xcom_args to None, run_after=None
[2024-12-06T21:54:05.949+0000] {logging_mixin.py:190} INFO - [2024-12-06T21:54:05.948+0000] {dag.py:4180} INFO - Setting next_dagrun for example_xcom_args_with_operators to None, run_after=None
[2024-12-06T21:54:05.988+0000] {processor.py:208} INFO - Processing /home/airflow/.local/lib/python3.12/site-packages/airflow/example_dags/example_xcomargs.py took 0.217 seconds
[2024-12-06T21:54:37.822+0000] {processor.py:186} INFO - Started process (PID=1786) to work on /home/airflow/.local/lib/python3.12/site-packages/airflow/example_dags/example_xcomargs.py
[2024-12-06T21:54:37.825+0000] {processor.py:914} INFO - Processing file /home/airflow/.local/lib/python3.12/site-packages/airflow/example_dags/example_xcomargs.py for tasks to queue
[2024-12-06T21:54:37.829+0000] {logging_mixin.py:190} INFO - [2024-12-06T21:54:37.829+0000] {dagbag.py:588} INFO - Filling up the DagBag from /home/airflow/.local/lib/python3.12/site-packages/airflow/example_dags/example_xcomargs.py
[2024-12-06T21:54:37.849+0000] {processor.py:925} INFO - DAG(s) 'example_xcom_args', 'example_xcom_args_with_operators' retrieved from /home/airflow/.local/lib/python3.12/site-packages/airflow/example_dags/example_xcomargs.py
[2024-12-06T21:54:37.894+0000] {logging_mixin.py:190} INFO - [2024-12-06T21:54:37.893+0000] {dag.py:3239} INFO - Sync 2 DAGs
[2024-12-06T21:54:37.919+0000] {logging_mixin.py:190} INFO - [2024-12-06T21:54:37.918+0000] {dag.py:4180} INFO - Setting next_dagrun for example_xcom_args to None, run_after=None
[2024-12-06T21:54:37.926+0000] {logging_mixin.py:190} INFO - [2024-12-06T21:54:37.925+0000] {dag.py:4180} INFO - Setting next_dagrun for example_xcom_args_with_operators to None, run_after=None
[2024-12-06T21:54:37.954+0000] {processor.py:208} INFO - Processing /home/airflow/.local/lib/python3.12/site-packages/airflow/example_dags/example_xcomargs.py took 0.142 seconds
[2024-12-06T21:55:08.978+0000] {processor.py:186} INFO - Started process (PID=1849) to work on /home/airflow/.local/lib/python3.12/site-packages/airflow/example_dags/example_xcomargs.py
[2024-12-06T21:55:08.980+0000] {processor.py:914} INFO - Processing file /home/airflow/.local/lib/python3.12/site-packages/airflow/example_dags/example_xcomargs.py for tasks to queue
[2024-12-06T21:55:08.983+0000] {logging_mixin.py:190} INFO - [2024-12-06T21:55:08.983+0000] {dagbag.py:588} INFO - Filling up the DagBag from /home/airflow/.local/lib/python3.12/site-packages/airflow/example_dags/example_xcomargs.py
[2024-12-06T21:55:08.999+0000] {processor.py:925} INFO - DAG(s) 'example_xcom_args_with_operators', 'example_xcom_args' retrieved from /home/airflow/.local/lib/python3.12/site-packages/airflow/example_dags/example_xcomargs.py
[2024-12-06T21:55:09.035+0000] {logging_mixin.py:190} INFO - [2024-12-06T21:55:09.035+0000] {dag.py:3239} INFO - Sync 2 DAGs
[2024-12-06T21:55:09.061+0000] {logging_mixin.py:190} INFO - [2024-12-06T21:55:09.061+0000] {dag.py:4180} INFO - Setting next_dagrun for example_xcom_args to None, run_after=None
[2024-12-06T21:55:09.067+0000] {logging_mixin.py:190} INFO - [2024-12-06T21:55:09.067+0000] {dag.py:4180} INFO - Setting next_dagrun for example_xcom_args_with_operators to None, run_after=None
[2024-12-06T21:55:09.092+0000] {processor.py:208} INFO - Processing /home/airflow/.local/lib/python3.12/site-packages/airflow/example_dags/example_xcomargs.py took 0.125 seconds
[2024-12-06T21:55:41.513+0000] {processor.py:186} INFO - Started process (PID=1912) to work on /home/airflow/.local/lib/python3.12/site-packages/airflow/example_dags/example_xcomargs.py
[2024-12-06T21:55:41.514+0000] {processor.py:914} INFO - Processing file /home/airflow/.local/lib/python3.12/site-packages/airflow/example_dags/example_xcomargs.py for tasks to queue
[2024-12-06T21:55:41.518+0000] {logging_mixin.py:190} INFO - [2024-12-06T21:55:41.517+0000] {dagbag.py:588} INFO - Filling up the DagBag from /home/airflow/.local/lib/python3.12/site-packages/airflow/example_dags/example_xcomargs.py
[2024-12-06T21:55:41.534+0000] {processor.py:925} INFO - DAG(s) 'example_xcom_args_with_operators', 'example_xcom_args' retrieved from /home/airflow/.local/lib/python3.12/site-packages/airflow/example_dags/example_xcomargs.py
[2024-12-06T21:55:41.569+0000] {logging_mixin.py:190} INFO - [2024-12-06T21:55:41.569+0000] {dag.py:3239} INFO - Sync 2 DAGs
[2024-12-06T21:55:41.596+0000] {logging_mixin.py:190} INFO - [2024-12-06T21:55:41.595+0000] {dag.py:4180} INFO - Setting next_dagrun for example_xcom_args to None, run_after=None
[2024-12-06T21:55:41.602+0000] {logging_mixin.py:190} INFO - [2024-12-06T21:55:41.602+0000] {dag.py:4180} INFO - Setting next_dagrun for example_xcom_args_with_operators to None, run_after=None
[2024-12-06T21:55:41.631+0000] {processor.py:208} INFO - Processing /home/airflow/.local/lib/python3.12/site-packages/airflow/example_dags/example_xcomargs.py took 0.128 seconds
[2024-12-06T21:56:13.324+0000] {processor.py:186} INFO - Started process (PID=1976) to work on /home/airflow/.local/lib/python3.12/site-packages/airflow/example_dags/example_xcomargs.py
[2024-12-06T21:56:13.326+0000] {processor.py:914} INFO - Processing file /home/airflow/.local/lib/python3.12/site-packages/airflow/example_dags/example_xcomargs.py for tasks to queue
[2024-12-06T21:56:13.330+0000] {logging_mixin.py:190} INFO - [2024-12-06T21:56:13.330+0000] {dagbag.py:588} INFO - Filling up the DagBag from /home/airflow/.local/lib/python3.12/site-packages/airflow/example_dags/example_xcomargs.py
[2024-12-06T21:56:13.345+0000] {processor.py:925} INFO - DAG(s) 'example_xcom_args', 'example_xcom_args_with_operators' retrieved from /home/airflow/.local/lib/python3.12/site-packages/airflow/example_dags/example_xcomargs.py
[2024-12-06T21:56:13.379+0000] {logging_mixin.py:190} INFO - [2024-12-06T21:56:13.378+0000] {dag.py:3239} INFO - Sync 2 DAGs
[2024-12-06T21:56:13.401+0000] {logging_mixin.py:190} INFO - [2024-12-06T21:56:13.400+0000] {dag.py:4180} INFO - Setting next_dagrun for example_xcom_args to None, run_after=None
[2024-12-06T21:56:13.406+0000] {logging_mixin.py:190} INFO - [2024-12-06T21:56:13.405+0000] {dag.py:4180} INFO - Setting next_dagrun for example_xcom_args_with_operators to None, run_after=None
[2024-12-06T21:56:13.428+0000] {processor.py:208} INFO - Processing /home/airflow/.local/lib/python3.12/site-packages/airflow/example_dags/example_xcomargs.py took 0.111 seconds
[2024-12-06T21:56:43.754+0000] {processor.py:186} INFO - Started process (PID=2038) to work on /home/airflow/.local/lib/python3.12/site-packages/airflow/example_dags/example_xcomargs.py
[2024-12-06T21:56:43.756+0000] {processor.py:914} INFO - Processing file /home/airflow/.local/lib/python3.12/site-packages/airflow/example_dags/example_xcomargs.py for tasks to queue
[2024-12-06T21:56:43.760+0000] {logging_mixin.py:190} INFO - [2024-12-06T21:56:43.759+0000] {dagbag.py:588} INFO - Filling up the DagBag from /home/airflow/.local/lib/python3.12/site-packages/airflow/example_dags/example_xcomargs.py
[2024-12-06T21:56:43.785+0000] {processor.py:925} INFO - DAG(s) 'example_xcom_args', 'example_xcom_args_with_operators' retrieved from /home/airflow/.local/lib/python3.12/site-packages/airflow/example_dags/example_xcomargs.py
[2024-12-06T21:56:43.837+0000] {logging_mixin.py:190} INFO - [2024-12-06T21:56:43.836+0000] {dag.py:3239} INFO - Sync 2 DAGs
[2024-12-06T21:56:43.867+0000] {logging_mixin.py:190} INFO - [2024-12-06T21:56:43.867+0000] {dag.py:4180} INFO - Setting next_dagrun for example_xcom_args to None, run_after=None
[2024-12-06T21:56:43.875+0000] {logging_mixin.py:190} INFO - [2024-12-06T21:56:43.874+0000] {dag.py:4180} INFO - Setting next_dagrun for example_xcom_args_with_operators to None, run_after=None
[2024-12-06T21:56:43.906+0000] {processor.py:208} INFO - Processing /home/airflow/.local/lib/python3.12/site-packages/airflow/example_dags/example_xcomargs.py took 0.164 seconds
[2024-12-06T21:57:15.113+0000] {processor.py:186} INFO - Started process (PID=2101) to work on /home/airflow/.local/lib/python3.12/site-packages/airflow/example_dags/example_xcomargs.py
[2024-12-06T21:57:15.115+0000] {processor.py:914} INFO - Processing file /home/airflow/.local/lib/python3.12/site-packages/airflow/example_dags/example_xcomargs.py for tasks to queue
[2024-12-06T21:57:15.118+0000] {logging_mixin.py:190} INFO - [2024-12-06T21:57:15.117+0000] {dagbag.py:588} INFO - Filling up the DagBag from /home/airflow/.local/lib/python3.12/site-packages/airflow/example_dags/example_xcomargs.py
[2024-12-06T21:57:15.133+0000] {processor.py:925} INFO - DAG(s) 'example_xcom_args_with_operators', 'example_xcom_args' retrieved from /home/airflow/.local/lib/python3.12/site-packages/airflow/example_dags/example_xcomargs.py
[2024-12-06T21:57:15.171+0000] {logging_mixin.py:190} INFO - [2024-12-06T21:57:15.171+0000] {dag.py:3239} INFO - Sync 2 DAGs
[2024-12-06T21:57:15.193+0000] {logging_mixin.py:190} INFO - [2024-12-06T21:57:15.193+0000] {dag.py:4180} INFO - Setting next_dagrun for example_xcom_args to None, run_after=None
[2024-12-06T21:57:15.199+0000] {logging_mixin.py:190} INFO - [2024-12-06T21:57:15.198+0000] {dag.py:4180} INFO - Setting next_dagrun for example_xcom_args_with_operators to None, run_after=None
[2024-12-06T21:57:15.225+0000] {processor.py:208} INFO - Processing /home/airflow/.local/lib/python3.12/site-packages/airflow/example_dags/example_xcomargs.py took 0.124 seconds
[2024-12-06T21:57:46.100+0000] {processor.py:186} INFO - Started process (PID=2164) to work on /home/airflow/.local/lib/python3.12/site-packages/airflow/example_dags/example_xcomargs.py
[2024-12-06T21:57:46.102+0000] {processor.py:914} INFO - Processing file /home/airflow/.local/lib/python3.12/site-packages/airflow/example_dags/example_xcomargs.py for tasks to queue
[2024-12-06T21:57:46.105+0000] {logging_mixin.py:190} INFO - [2024-12-06T21:57:46.105+0000] {dagbag.py:588} INFO - Filling up the DagBag from /home/airflow/.local/lib/python3.12/site-packages/airflow/example_dags/example_xcomargs.py
[2024-12-06T21:57:46.119+0000] {processor.py:925} INFO - DAG(s) 'example_xcom_args', 'example_xcom_args_with_operators' retrieved from /home/airflow/.local/lib/python3.12/site-packages/airflow/example_dags/example_xcomargs.py
[2024-12-06T21:57:46.153+0000] {logging_mixin.py:190} INFO - [2024-12-06T21:57:46.152+0000] {dag.py:3239} INFO - Sync 2 DAGs
[2024-12-06T21:57:46.175+0000] {logging_mixin.py:190} INFO - [2024-12-06T21:57:46.175+0000] {dag.py:4180} INFO - Setting next_dagrun for example_xcom_args to None, run_after=None
[2024-12-06T21:57:46.182+0000] {logging_mixin.py:190} INFO - [2024-12-06T21:57:46.182+0000] {dag.py:4180} INFO - Setting next_dagrun for example_xcom_args_with_operators to None, run_after=None
[2024-12-06T21:57:46.204+0000] {processor.py:208} INFO - Processing /home/airflow/.local/lib/python3.12/site-packages/airflow/example_dags/example_xcomargs.py took 0.112 seconds
[2024-12-06T21:58:17.742+0000] {processor.py:186} INFO - Started process (PID=2227) to work on /home/airflow/.local/lib/python3.12/site-packages/airflow/example_dags/example_xcomargs.py
[2024-12-06T21:58:17.744+0000] {processor.py:914} INFO - Processing file /home/airflow/.local/lib/python3.12/site-packages/airflow/example_dags/example_xcomargs.py for tasks to queue
[2024-12-06T21:58:17.749+0000] {logging_mixin.py:190} INFO - [2024-12-06T21:58:17.748+0000] {dagbag.py:588} INFO - Filling up the DagBag from /home/airflow/.local/lib/python3.12/site-packages/airflow/example_dags/example_xcomargs.py
[2024-12-06T21:58:17.768+0000] {processor.py:925} INFO - DAG(s) 'example_xcom_args_with_operators', 'example_xcom_args' retrieved from /home/airflow/.local/lib/python3.12/site-packages/airflow/example_dags/example_xcomargs.py
[2024-12-06T21:58:17.806+0000] {logging_mixin.py:190} INFO - [2024-12-06T21:58:17.805+0000] {dag.py:3239} INFO - Sync 2 DAGs
[2024-12-06T21:58:17.845+0000] {logging_mixin.py:190} INFO - [2024-12-06T21:58:17.844+0000] {dag.py:4180} INFO - Setting next_dagrun for example_xcom_args to None, run_after=None
[2024-12-06T21:58:17.852+0000] {logging_mixin.py:190} INFO - [2024-12-06T21:58:17.851+0000] {dag.py:4180} INFO - Setting next_dagrun for example_xcom_args_with_operators to None, run_after=None
[2024-12-06T21:58:17.890+0000] {processor.py:208} INFO - Processing /home/airflow/.local/lib/python3.12/site-packages/airflow/example_dags/example_xcomargs.py took 0.157 seconds
[2024-12-06T21:58:50.537+0000] {processor.py:186} INFO - Started process (PID=2297) to work on /home/airflow/.local/lib/python3.12/site-packages/airflow/example_dags/example_xcomargs.py
[2024-12-06T21:58:50.539+0000] {processor.py:914} INFO - Processing file /home/airflow/.local/lib/python3.12/site-packages/airflow/example_dags/example_xcomargs.py for tasks to queue
[2024-12-06T21:58:50.544+0000] {logging_mixin.py:190} INFO - [2024-12-06T21:58:50.543+0000] {dagbag.py:588} INFO - Filling up the DagBag from /home/airflow/.local/lib/python3.12/site-packages/airflow/example_dags/example_xcomargs.py
[2024-12-06T21:58:50.566+0000] {processor.py:925} INFO - DAG(s) 'example_xcom_args', 'example_xcom_args_with_operators' retrieved from /home/airflow/.local/lib/python3.12/site-packages/airflow/example_dags/example_xcomargs.py
[2024-12-06T21:58:50.607+0000] {logging_mixin.py:190} INFO - [2024-12-06T21:58:50.607+0000] {dag.py:3239} INFO - Sync 2 DAGs
[2024-12-06T21:58:50.636+0000] {logging_mixin.py:190} INFO - [2024-12-06T21:58:50.636+0000] {dag.py:4180} INFO - Setting next_dagrun for example_xcom_args to None, run_after=None
[2024-12-06T21:58:50.642+0000] {logging_mixin.py:190} INFO - [2024-12-06T21:58:50.642+0000] {dag.py:4180} INFO - Setting next_dagrun for example_xcom_args_with_operators to None, run_after=None
[2024-12-06T21:58:50.672+0000] {processor.py:208} INFO - Processing /home/airflow/.local/lib/python3.12/site-packages/airflow/example_dags/example_xcomargs.py took 0.149 seconds
[2024-12-06T21:59:22.254+0000] {processor.py:186} INFO - Started process (PID=2360) to work on /home/airflow/.local/lib/python3.12/site-packages/airflow/example_dags/example_xcomargs.py
[2024-12-06T21:59:22.256+0000] {processor.py:914} INFO - Processing file /home/airflow/.local/lib/python3.12/site-packages/airflow/example_dags/example_xcomargs.py for tasks to queue
[2024-12-06T21:59:22.260+0000] {logging_mixin.py:190} INFO - [2024-12-06T21:59:22.259+0000] {dagbag.py:588} INFO - Filling up the DagBag from /home/airflow/.local/lib/python3.12/site-packages/airflow/example_dags/example_xcomargs.py
[2024-12-06T21:59:22.277+0000] {processor.py:925} INFO - DAG(s) 'example_xcom_args', 'example_xcom_args_with_operators' retrieved from /home/airflow/.local/lib/python3.12/site-packages/airflow/example_dags/example_xcomargs.py
[2024-12-06T21:59:22.318+0000] {logging_mixin.py:190} INFO - [2024-12-06T21:59:22.318+0000] {dag.py:3239} INFO - Sync 2 DAGs
[2024-12-06T21:59:22.344+0000] {logging_mixin.py:190} INFO - [2024-12-06T21:59:22.344+0000] {dag.py:4180} INFO - Setting next_dagrun for example_xcom_args to None, run_after=None
[2024-12-06T21:59:22.352+0000] {logging_mixin.py:190} INFO - [2024-12-06T21:59:22.351+0000] {dag.py:4180} INFO - Setting next_dagrun for example_xcom_args_with_operators to None, run_after=None
[2024-12-06T21:59:22.377+0000] {processor.py:208} INFO - Processing /home/airflow/.local/lib/python3.12/site-packages/airflow/example_dags/example_xcomargs.py took 0.134 seconds
[2024-12-06T21:59:54.761+0000] {processor.py:186} INFO - Started process (PID=2423) to work on /home/airflow/.local/lib/python3.12/site-packages/airflow/example_dags/example_xcomargs.py
[2024-12-06T21:59:54.762+0000] {processor.py:914} INFO - Processing file /home/airflow/.local/lib/python3.12/site-packages/airflow/example_dags/example_xcomargs.py for tasks to queue
[2024-12-06T21:59:54.765+0000] {logging_mixin.py:190} INFO - [2024-12-06T21:59:54.765+0000] {dagbag.py:588} INFO - Filling up the DagBag from /home/airflow/.local/lib/python3.12/site-packages/airflow/example_dags/example_xcomargs.py
[2024-12-06T21:59:54.781+0000] {processor.py:925} INFO - DAG(s) 'example_xcom_args_with_operators', 'example_xcom_args' retrieved from /home/airflow/.local/lib/python3.12/site-packages/airflow/example_dags/example_xcomargs.py
[2024-12-06T21:59:54.816+0000] {logging_mixin.py:190} INFO - [2024-12-06T21:59:54.816+0000] {dag.py:3239} INFO - Sync 2 DAGs
[2024-12-06T21:59:54.840+0000] {logging_mixin.py:190} INFO - [2024-12-06T21:59:54.840+0000] {dag.py:4180} INFO - Setting next_dagrun for example_xcom_args to None, run_after=None
[2024-12-06T21:59:54.846+0000] {logging_mixin.py:190} INFO - [2024-12-06T21:59:54.845+0000] {dag.py:4180} INFO - Setting next_dagrun for example_xcom_args_with_operators to None, run_after=None
[2024-12-06T21:59:54.871+0000] {processor.py:208} INFO - Processing /home/airflow/.local/lib/python3.12/site-packages/airflow/example_dags/example_xcomargs.py took 0.119 seconds
[2024-12-06T22:00:27.220+0000] {processor.py:186} INFO - Started process (PID=2486) to work on /home/airflow/.local/lib/python3.12/site-packages/airflow/example_dags/example_xcomargs.py
[2024-12-06T22:00:27.222+0000] {processor.py:914} INFO - Processing file /home/airflow/.local/lib/python3.12/site-packages/airflow/example_dags/example_xcomargs.py for tasks to queue
[2024-12-06T22:00:27.226+0000] {logging_mixin.py:190} INFO - [2024-12-06T22:00:27.226+0000] {dagbag.py:588} INFO - Filling up the DagBag from /home/airflow/.local/lib/python3.12/site-packages/airflow/example_dags/example_xcomargs.py
[2024-12-06T22:00:27.243+0000] {processor.py:925} INFO - DAG(s) 'example_xcom_args', 'example_xcom_args_with_operators' retrieved from /home/airflow/.local/lib/python3.12/site-packages/airflow/example_dags/example_xcomargs.py
[2024-12-06T22:00:27.280+0000] {logging_mixin.py:190} INFO - [2024-12-06T22:00:27.279+0000] {dag.py:3239} INFO - Sync 2 DAGs
[2024-12-06T22:00:27.300+0000] {logging_mixin.py:190} INFO - [2024-12-06T22:00:27.300+0000] {dag.py:4180} INFO - Setting next_dagrun for example_xcom_args to None, run_after=None
[2024-12-06T22:00:27.307+0000] {logging_mixin.py:190} INFO - [2024-12-06T22:00:27.307+0000] {dag.py:4180} INFO - Setting next_dagrun for example_xcom_args_with_operators to None, run_after=None
[2024-12-06T22:00:27.335+0000] {processor.py:208} INFO - Processing /home/airflow/.local/lib/python3.12/site-packages/airflow/example_dags/example_xcomargs.py took 0.124 seconds
[2024-12-06T22:00:59.595+0000] {processor.py:186} INFO - Started process (PID=2549) to work on /home/airflow/.local/lib/python3.12/site-packages/airflow/example_dags/example_xcomargs.py
[2024-12-06T22:00:59.597+0000] {processor.py:914} INFO - Processing file /home/airflow/.local/lib/python3.12/site-packages/airflow/example_dags/example_xcomargs.py for tasks to queue
[2024-12-06T22:00:59.600+0000] {logging_mixin.py:190} INFO - [2024-12-06T22:00:59.600+0000] {dagbag.py:588} INFO - Filling up the DagBag from /home/airflow/.local/lib/python3.12/site-packages/airflow/example_dags/example_xcomargs.py
[2024-12-06T22:00:59.619+0000] {processor.py:925} INFO - DAG(s) 'example_xcom_args', 'example_xcom_args_with_operators' retrieved from /home/airflow/.local/lib/python3.12/site-packages/airflow/example_dags/example_xcomargs.py
[2024-12-06T22:00:59.663+0000] {logging_mixin.py:190} INFO - [2024-12-06T22:00:59.663+0000] {dag.py:3239} INFO - Sync 2 DAGs
[2024-12-06T22:00:59.693+0000] {logging_mixin.py:190} INFO - [2024-12-06T22:00:59.692+0000] {dag.py:4180} INFO - Setting next_dagrun for example_xcom_args to None, run_after=None
[2024-12-06T22:00:59.699+0000] {logging_mixin.py:190} INFO - [2024-12-06T22:00:59.699+0000] {dag.py:4180} INFO - Setting next_dagrun for example_xcom_args_with_operators to None, run_after=None
[2024-12-06T22:00:59.728+0000] {processor.py:208} INFO - Processing /home/airflow/.local/lib/python3.12/site-packages/airflow/example_dags/example_xcomargs.py took 0.145 seconds
[2024-12-06T22:01:31.413+0000] {processor.py:186} INFO - Started process (PID=2612) to work on /home/airflow/.local/lib/python3.12/site-packages/airflow/example_dags/example_xcomargs.py
[2024-12-06T22:01:31.415+0000] {processor.py:914} INFO - Processing file /home/airflow/.local/lib/python3.12/site-packages/airflow/example_dags/example_xcomargs.py for tasks to queue
[2024-12-06T22:01:31.420+0000] {logging_mixin.py:190} INFO - [2024-12-06T22:01:31.419+0000] {dagbag.py:588} INFO - Filling up the DagBag from /home/airflow/.local/lib/python3.12/site-packages/airflow/example_dags/example_xcomargs.py
[2024-12-06T22:01:31.439+0000] {processor.py:925} INFO - DAG(s) 'example_xcom_args', 'example_xcom_args_with_operators' retrieved from /home/airflow/.local/lib/python3.12/site-packages/airflow/example_dags/example_xcomargs.py
[2024-12-06T22:01:31.477+0000] {logging_mixin.py:190} INFO - [2024-12-06T22:01:31.477+0000] {dag.py:3239} INFO - Sync 2 DAGs
[2024-12-06T22:01:31.503+0000] {logging_mixin.py:190} INFO - [2024-12-06T22:01:31.503+0000] {dag.py:4180} INFO - Setting next_dagrun for example_xcom_args to None, run_after=None
[2024-12-06T22:01:31.509+0000] {logging_mixin.py:190} INFO - [2024-12-06T22:01:31.508+0000] {dag.py:4180} INFO - Setting next_dagrun for example_xcom_args_with_operators to None, run_after=None
[2024-12-06T22:01:31.536+0000] {processor.py:208} INFO - Processing /home/airflow/.local/lib/python3.12/site-packages/airflow/example_dags/example_xcomargs.py took 0.133 seconds
[2024-12-06T22:02:03.239+0000] {processor.py:186} INFO - Started process (PID=2675) to work on /home/airflow/.local/lib/python3.12/site-packages/airflow/example_dags/example_xcomargs.py
[2024-12-06T22:02:03.241+0000] {processor.py:914} INFO - Processing file /home/airflow/.local/lib/python3.12/site-packages/airflow/example_dags/example_xcomargs.py for tasks to queue
[2024-12-06T22:02:03.247+0000] {logging_mixin.py:190} INFO - [2024-12-06T22:02:03.244+0000] {dagbag.py:588} INFO - Filling up the DagBag from /home/airflow/.local/lib/python3.12/site-packages/airflow/example_dags/example_xcomargs.py
[2024-12-06T22:02:03.281+0000] {processor.py:925} INFO - DAG(s) 'example_xcom_args', 'example_xcom_args_with_operators' retrieved from /home/airflow/.local/lib/python3.12/site-packages/airflow/example_dags/example_xcomargs.py
[2024-12-06T22:02:03.332+0000] {logging_mixin.py:190} INFO - [2024-12-06T22:02:03.330+0000] {dag.py:3239} INFO - Sync 2 DAGs
[2024-12-06T22:02:03.357+0000] {logging_mixin.py:190} INFO - [2024-12-06T22:02:03.356+0000] {dag.py:4180} INFO - Setting next_dagrun for example_xcom_args to None, run_after=None
[2024-12-06T22:02:03.365+0000] {logging_mixin.py:190} INFO - [2024-12-06T22:02:03.364+0000] {dag.py:4180} INFO - Setting next_dagrun for example_xcom_args_with_operators to None, run_after=None
[2024-12-06T22:02:03.394+0000] {processor.py:208} INFO - Processing /home/airflow/.local/lib/python3.12/site-packages/airflow/example_dags/example_xcomargs.py took 0.167 seconds
[2024-12-06T22:02:35.060+0000] {processor.py:186} INFO - Started process (PID=2740) to work on /home/airflow/.local/lib/python3.12/site-packages/airflow/example_dags/example_xcomargs.py
[2024-12-06T22:02:35.062+0000] {processor.py:914} INFO - Processing file /home/airflow/.local/lib/python3.12/site-packages/airflow/example_dags/example_xcomargs.py for tasks to queue
[2024-12-06T22:02:35.066+0000] {logging_mixin.py:190} INFO - [2024-12-06T22:02:35.065+0000] {dagbag.py:588} INFO - Filling up the DagBag from /home/airflow/.local/lib/python3.12/site-packages/airflow/example_dags/example_xcomargs.py
[2024-12-06T22:02:35.085+0000] {processor.py:925} INFO - DAG(s) 'example_xcom_args_with_operators', 'example_xcom_args' retrieved from /home/airflow/.local/lib/python3.12/site-packages/airflow/example_dags/example_xcomargs.py
[2024-12-06T22:02:35.126+0000] {logging_mixin.py:190} INFO - [2024-12-06T22:02:35.126+0000] {dag.py:3239} INFO - Sync 2 DAGs
[2024-12-06T22:02:35.154+0000] {logging_mixin.py:190} INFO - [2024-12-06T22:02:35.154+0000] {dag.py:4180} INFO - Setting next_dagrun for example_xcom_args to None, run_after=None
[2024-12-06T22:02:35.160+0000] {logging_mixin.py:190} INFO - [2024-12-06T22:02:35.160+0000] {dag.py:4180} INFO - Setting next_dagrun for example_xcom_args_with_operators to None, run_after=None
[2024-12-06T22:02:35.192+0000] {processor.py:208} INFO - Processing /home/airflow/.local/lib/python3.12/site-packages/airflow/example_dags/example_xcomargs.py took 0.142 seconds
[2024-12-06T22:03:07.361+0000] {processor.py:186} INFO - Started process (PID=2805) to work on /home/airflow/.local/lib/python3.12/site-packages/airflow/example_dags/example_xcomargs.py
[2024-12-06T22:03:07.363+0000] {processor.py:914} INFO - Processing file /home/airflow/.local/lib/python3.12/site-packages/airflow/example_dags/example_xcomargs.py for tasks to queue
[2024-12-06T22:03:07.367+0000] {logging_mixin.py:190} INFO - [2024-12-06T22:03:07.366+0000] {dagbag.py:588} INFO - Filling up the DagBag from /home/airflow/.local/lib/python3.12/site-packages/airflow/example_dags/example_xcomargs.py
[2024-12-06T22:03:07.389+0000] {processor.py:925} INFO - DAG(s) 'example_xcom_args_with_operators', 'example_xcom_args' retrieved from /home/airflow/.local/lib/python3.12/site-packages/airflow/example_dags/example_xcomargs.py
[2024-12-06T22:03:07.433+0000] {logging_mixin.py:190} INFO - [2024-12-06T22:03:07.432+0000] {dag.py:3239} INFO - Sync 2 DAGs
[2024-12-06T22:03:07.463+0000] {logging_mixin.py:190} INFO - [2024-12-06T22:03:07.463+0000] {dag.py:4180} INFO - Setting next_dagrun for example_xcom_args to None, run_after=None
[2024-12-06T22:03:07.470+0000] {logging_mixin.py:190} INFO - [2024-12-06T22:03:07.470+0000] {dag.py:4180} INFO - Setting next_dagrun for example_xcom_args_with_operators to None, run_after=None
[2024-12-06T22:03:07.503+0000] {processor.py:208} INFO - Processing /home/airflow/.local/lib/python3.12/site-packages/airflow/example_dags/example_xcomargs.py took 0.154 seconds
[2024-12-06T22:03:38.975+0000] {processor.py:186} INFO - Started process (PID=2868) to work on /home/airflow/.local/lib/python3.12/site-packages/airflow/example_dags/example_xcomargs.py
[2024-12-06T22:03:38.977+0000] {processor.py:914} INFO - Processing file /home/airflow/.local/lib/python3.12/site-packages/airflow/example_dags/example_xcomargs.py for tasks to queue
[2024-12-06T22:03:38.980+0000] {logging_mixin.py:190} INFO - [2024-12-06T22:03:38.980+0000] {dagbag.py:588} INFO - Filling up the DagBag from /home/airflow/.local/lib/python3.12/site-packages/airflow/example_dags/example_xcomargs.py
[2024-12-06T22:03:38.997+0000] {processor.py:925} INFO - DAG(s) 'example_xcom_args_with_operators', 'example_xcom_args' retrieved from /home/airflow/.local/lib/python3.12/site-packages/airflow/example_dags/example_xcomargs.py
[2024-12-06T22:03:39.032+0000] {logging_mixin.py:190} INFO - [2024-12-06T22:03:39.032+0000] {dag.py:3239} INFO - Sync 2 DAGs
[2024-12-06T22:03:39.057+0000] {logging_mixin.py:190} INFO - [2024-12-06T22:03:39.057+0000] {dag.py:4180} INFO - Setting next_dagrun for example_xcom_args to None, run_after=None
[2024-12-06T22:03:39.063+0000] {logging_mixin.py:190} INFO - [2024-12-06T22:03:39.062+0000] {dag.py:4180} INFO - Setting next_dagrun for example_xcom_args_with_operators to None, run_after=None
[2024-12-06T22:03:39.086+0000] {processor.py:208} INFO - Processing /home/airflow/.local/lib/python3.12/site-packages/airflow/example_dags/example_xcomargs.py took 0.120 seconds
[2024-12-06T22:04:10.554+0000] {processor.py:186} INFO - Started process (PID=2931) to work on /home/airflow/.local/lib/python3.12/site-packages/airflow/example_dags/example_xcomargs.py
[2024-12-06T22:04:10.555+0000] {processor.py:914} INFO - Processing file /home/airflow/.local/lib/python3.12/site-packages/airflow/example_dags/example_xcomargs.py for tasks to queue
[2024-12-06T22:04:10.559+0000] {logging_mixin.py:190} INFO - [2024-12-06T22:04:10.558+0000] {dagbag.py:588} INFO - Filling up the DagBag from /home/airflow/.local/lib/python3.12/site-packages/airflow/example_dags/example_xcomargs.py
[2024-12-06T22:04:10.575+0000] {processor.py:925} INFO - DAG(s) 'example_xcom_args', 'example_xcom_args_with_operators' retrieved from /home/airflow/.local/lib/python3.12/site-packages/airflow/example_dags/example_xcomargs.py
[2024-12-06T22:04:10.615+0000] {logging_mixin.py:190} INFO - [2024-12-06T22:04:10.614+0000] {dag.py:3239} INFO - Sync 2 DAGs
[2024-12-06T22:04:10.641+0000] {logging_mixin.py:190} INFO - [2024-12-06T22:04:10.641+0000] {dag.py:4180} INFO - Setting next_dagrun for example_xcom_args to None, run_after=None
[2024-12-06T22:04:10.649+0000] {logging_mixin.py:190} INFO - [2024-12-06T22:04:10.648+0000] {dag.py:4180} INFO - Setting next_dagrun for example_xcom_args_with_operators to None, run_after=None
[2024-12-06T22:04:10.674+0000] {processor.py:208} INFO - Processing /home/airflow/.local/lib/python3.12/site-packages/airflow/example_dags/example_xcomargs.py took 0.130 seconds
[2024-12-06T22:04:43.077+0000] {processor.py:186} INFO - Started process (PID=2996) to work on /home/airflow/.local/lib/python3.12/site-packages/airflow/example_dags/example_xcomargs.py
[2024-12-06T22:04:43.078+0000] {processor.py:914} INFO - Processing file /home/airflow/.local/lib/python3.12/site-packages/airflow/example_dags/example_xcomargs.py for tasks to queue
[2024-12-06T22:04:43.084+0000] {logging_mixin.py:190} INFO - [2024-12-06T22:04:43.083+0000] {dagbag.py:588} INFO - Filling up the DagBag from /home/airflow/.local/lib/python3.12/site-packages/airflow/example_dags/example_xcomargs.py
[2024-12-06T22:04:43.101+0000] {processor.py:925} INFO - DAG(s) 'example_xcom_args_with_operators', 'example_xcom_args' retrieved from /home/airflow/.local/lib/python3.12/site-packages/airflow/example_dags/example_xcomargs.py
[2024-12-06T22:04:43.138+0000] {logging_mixin.py:190} INFO - [2024-12-06T22:04:43.138+0000] {dag.py:3239} INFO - Sync 2 DAGs
[2024-12-06T22:04:43.160+0000] {logging_mixin.py:190} INFO - [2024-12-06T22:04:43.160+0000] {dag.py:4180} INFO - Setting next_dagrun for example_xcom_args to None, run_after=None
[2024-12-06T22:04:43.168+0000] {logging_mixin.py:190} INFO - [2024-12-06T22:04:43.168+0000] {dag.py:4180} INFO - Setting next_dagrun for example_xcom_args_with_operators to None, run_after=None
[2024-12-06T22:04:43.192+0000] {processor.py:208} INFO - Processing /home/airflow/.local/lib/python3.12/site-packages/airflow/example_dags/example_xcomargs.py took 0.124 seconds
[2024-12-06T22:05:15.489+0000] {processor.py:186} INFO - Started process (PID=3060) to work on /home/airflow/.local/lib/python3.12/site-packages/airflow/example_dags/example_xcomargs.py
[2024-12-06T22:05:15.490+0000] {processor.py:914} INFO - Processing file /home/airflow/.local/lib/python3.12/site-packages/airflow/example_dags/example_xcomargs.py for tasks to queue
[2024-12-06T22:05:15.494+0000] {logging_mixin.py:190} INFO - [2024-12-06T22:05:15.493+0000] {dagbag.py:588} INFO - Filling up the DagBag from /home/airflow/.local/lib/python3.12/site-packages/airflow/example_dags/example_xcomargs.py
[2024-12-06T22:05:15.510+0000] {processor.py:925} INFO - DAG(s) 'example_xcom_args_with_operators', 'example_xcom_args' retrieved from /home/airflow/.local/lib/python3.12/site-packages/airflow/example_dags/example_xcomargs.py
[2024-12-06T22:05:15.548+0000] {logging_mixin.py:190} INFO - [2024-12-06T22:05:15.547+0000] {dag.py:3239} INFO - Sync 2 DAGs
[2024-12-06T22:05:15.571+0000] {logging_mixin.py:190} INFO - [2024-12-06T22:05:15.571+0000] {dag.py:4180} INFO - Setting next_dagrun for example_xcom_args to None, run_after=None
[2024-12-06T22:05:15.577+0000] {logging_mixin.py:190} INFO - [2024-12-06T22:05:15.577+0000] {dag.py:4180} INFO - Setting next_dagrun for example_xcom_args_with_operators to None, run_after=None
[2024-12-06T22:05:15.605+0000] {processor.py:208} INFO - Processing /home/airflow/.local/lib/python3.12/site-packages/airflow/example_dags/example_xcomargs.py took 0.126 seconds
[2024-12-06T22:05:47.024+0000] {processor.py:186} INFO - Started process (PID=3123) to work on /home/airflow/.local/lib/python3.12/site-packages/airflow/example_dags/example_xcomargs.py
[2024-12-06T22:05:47.026+0000] {processor.py:914} INFO - Processing file /home/airflow/.local/lib/python3.12/site-packages/airflow/example_dags/example_xcomargs.py for tasks to queue
[2024-12-06T22:05:47.030+0000] {logging_mixin.py:190} INFO - [2024-12-06T22:05:47.029+0000] {dagbag.py:588} INFO - Filling up the DagBag from /home/airflow/.local/lib/python3.12/site-packages/airflow/example_dags/example_xcomargs.py
[2024-12-06T22:05:47.046+0000] {processor.py:925} INFO - DAG(s) 'example_xcom_args_with_operators', 'example_xcom_args' retrieved from /home/airflow/.local/lib/python3.12/site-packages/airflow/example_dags/example_xcomargs.py
[2024-12-06T22:05:47.080+0000] {logging_mixin.py:190} INFO - [2024-12-06T22:05:47.080+0000] {dag.py:3239} INFO - Sync 2 DAGs
[2024-12-06T22:05:47.103+0000] {logging_mixin.py:190} INFO - [2024-12-06T22:05:47.102+0000] {dag.py:4180} INFO - Setting next_dagrun for example_xcom_args to None, run_after=None
[2024-12-06T22:05:47.109+0000] {logging_mixin.py:190} INFO - [2024-12-06T22:05:47.109+0000] {dag.py:4180} INFO - Setting next_dagrun for example_xcom_args_with_operators to None, run_after=None
[2024-12-06T22:05:47.132+0000] {processor.py:208} INFO - Processing /home/airflow/.local/lib/python3.12/site-packages/airflow/example_dags/example_xcomargs.py took 0.118 seconds
[2024-12-06T22:06:18.260+0000] {processor.py:186} INFO - Started process (PID=3186) to work on /home/airflow/.local/lib/python3.12/site-packages/airflow/example_dags/example_xcomargs.py
[2024-12-06T22:06:18.261+0000] {processor.py:914} INFO - Processing file /home/airflow/.local/lib/python3.12/site-packages/airflow/example_dags/example_xcomargs.py for tasks to queue
[2024-12-06T22:06:18.265+0000] {logging_mixin.py:190} INFO - [2024-12-06T22:06:18.264+0000] {dagbag.py:588} INFO - Filling up the DagBag from /home/airflow/.local/lib/python3.12/site-packages/airflow/example_dags/example_xcomargs.py
[2024-12-06T22:06:18.279+0000] {processor.py:925} INFO - DAG(s) 'example_xcom_args', 'example_xcom_args_with_operators' retrieved from /home/airflow/.local/lib/python3.12/site-packages/airflow/example_dags/example_xcomargs.py
[2024-12-06T22:06:18.313+0000] {logging_mixin.py:190} INFO - [2024-12-06T22:06:18.313+0000] {dag.py:3239} INFO - Sync 2 DAGs
[2024-12-06T22:06:18.335+0000] {logging_mixin.py:190} INFO - [2024-12-06T22:06:18.335+0000] {dag.py:4180} INFO - Setting next_dagrun for example_xcom_args to None, run_after=None
[2024-12-06T22:06:18.341+0000] {logging_mixin.py:190} INFO - [2024-12-06T22:06:18.341+0000] {dag.py:4180} INFO - Setting next_dagrun for example_xcom_args_with_operators to None, run_after=None
[2024-12-06T22:06:18.367+0000] {processor.py:208} INFO - Processing /home/airflow/.local/lib/python3.12/site-packages/airflow/example_dags/example_xcomargs.py took 0.118 seconds
[2024-12-06T22:06:49.783+0000] {processor.py:186} INFO - Started process (PID=3256) to work on /home/airflow/.local/lib/python3.12/site-packages/airflow/example_dags/example_xcomargs.py
[2024-12-06T22:06:49.784+0000] {processor.py:914} INFO - Processing file /home/airflow/.local/lib/python3.12/site-packages/airflow/example_dags/example_xcomargs.py for tasks to queue
[2024-12-06T22:06:49.788+0000] {logging_mixin.py:190} INFO - [2024-12-06T22:06:49.787+0000] {dagbag.py:588} INFO - Filling up the DagBag from /home/airflow/.local/lib/python3.12/site-packages/airflow/example_dags/example_xcomargs.py
[2024-12-06T22:06:49.803+0000] {processor.py:925} INFO - DAG(s) 'example_xcom_args_with_operators', 'example_xcom_args' retrieved from /home/airflow/.local/lib/python3.12/site-packages/airflow/example_dags/example_xcomargs.py
[2024-12-06T22:06:49.838+0000] {logging_mixin.py:190} INFO - [2024-12-06T22:06:49.838+0000] {dag.py:3239} INFO - Sync 2 DAGs
[2024-12-06T22:06:49.860+0000] {logging_mixin.py:190} INFO - [2024-12-06T22:06:49.860+0000] {dag.py:4180} INFO - Setting next_dagrun for example_xcom_args to None, run_after=None
[2024-12-06T22:06:49.866+0000] {logging_mixin.py:190} INFO - [2024-12-06T22:06:49.866+0000] {dag.py:4180} INFO - Setting next_dagrun for example_xcom_args_with_operators to None, run_after=None
[2024-12-06T22:06:49.890+0000] {processor.py:208} INFO - Processing /home/airflow/.local/lib/python3.12/site-packages/airflow/example_dags/example_xcomargs.py took 0.116 seconds
[2024-12-06T22:07:21.530+0000] {processor.py:186} INFO - Started process (PID=3319) to work on /home/airflow/.local/lib/python3.12/site-packages/airflow/example_dags/example_xcomargs.py
[2024-12-06T22:07:21.532+0000] {processor.py:914} INFO - Processing file /home/airflow/.local/lib/python3.12/site-packages/airflow/example_dags/example_xcomargs.py for tasks to queue
[2024-12-06T22:07:21.536+0000] {logging_mixin.py:190} INFO - [2024-12-06T22:07:21.535+0000] {dagbag.py:588} INFO - Filling up the DagBag from /home/airflow/.local/lib/python3.12/site-packages/airflow/example_dags/example_xcomargs.py
[2024-12-06T22:07:21.556+0000] {processor.py:925} INFO - DAG(s) 'example_xcom_args', 'example_xcom_args_with_operators' retrieved from /home/airflow/.local/lib/python3.12/site-packages/airflow/example_dags/example_xcomargs.py
[2024-12-06T22:07:21.592+0000] {logging_mixin.py:190} INFO - [2024-12-06T22:07:21.592+0000] {dag.py:3239} INFO - Sync 2 DAGs
[2024-12-06T22:07:21.617+0000] {logging_mixin.py:190} INFO - [2024-12-06T22:07:21.617+0000] {dag.py:4180} INFO - Setting next_dagrun for example_xcom_args to None, run_after=None
[2024-12-06T22:07:21.622+0000] {logging_mixin.py:190} INFO - [2024-12-06T22:07:21.622+0000] {dag.py:4180} INFO - Setting next_dagrun for example_xcom_args_with_operators to None, run_after=None
[2024-12-06T22:07:21.647+0000] {processor.py:208} INFO - Processing /home/airflow/.local/lib/python3.12/site-packages/airflow/example_dags/example_xcomargs.py took 0.127 seconds
[2024-12-06T22:07:54.627+0000] {processor.py:186} INFO - Started process (PID=3382) to work on /home/airflow/.local/lib/python3.12/site-packages/airflow/example_dags/example_xcomargs.py
[2024-12-06T22:07:54.629+0000] {processor.py:914} INFO - Processing file /home/airflow/.local/lib/python3.12/site-packages/airflow/example_dags/example_xcomargs.py for tasks to queue
[2024-12-06T22:07:54.634+0000] {logging_mixin.py:190} INFO - [2024-12-06T22:07:54.633+0000] {dagbag.py:588} INFO - Filling up the DagBag from /home/airflow/.local/lib/python3.12/site-packages/airflow/example_dags/example_xcomargs.py
[2024-12-06T22:07:54.651+0000] {processor.py:925} INFO - DAG(s) 'example_xcom_args', 'example_xcom_args_with_operators' retrieved from /home/airflow/.local/lib/python3.12/site-packages/airflow/example_dags/example_xcomargs.py
[2024-12-06T22:07:54.694+0000] {logging_mixin.py:190} INFO - [2024-12-06T22:07:54.694+0000] {dag.py:3239} INFO - Sync 2 DAGs
[2024-12-06T22:07:54.989+0000] {logging_mixin.py:190} INFO - [2024-12-06T22:07:54.989+0000] {dag.py:4180} INFO - Setting next_dagrun for example_xcom_args to None, run_after=None
[2024-12-06T22:07:54.996+0000] {logging_mixin.py:190} INFO - [2024-12-06T22:07:54.996+0000] {dag.py:4180} INFO - Setting next_dagrun for example_xcom_args_with_operators to None, run_after=None
[2024-12-06T22:07:55.032+0000] {processor.py:208} INFO - Processing /home/airflow/.local/lib/python3.12/site-packages/airflow/example_dags/example_xcomargs.py took 0.414 seconds
[2024-12-06T22:08:26.808+0000] {processor.py:186} INFO - Started process (PID=3446) to work on /home/airflow/.local/lib/python3.12/site-packages/airflow/example_dags/example_xcomargs.py
[2024-12-06T22:08:26.809+0000] {processor.py:914} INFO - Processing file /home/airflow/.local/lib/python3.12/site-packages/airflow/example_dags/example_xcomargs.py for tasks to queue
[2024-12-06T22:08:26.813+0000] {logging_mixin.py:190} INFO - [2024-12-06T22:08:26.813+0000] {dagbag.py:588} INFO - Filling up the DagBag from /home/airflow/.local/lib/python3.12/site-packages/airflow/example_dags/example_xcomargs.py
[2024-12-06T22:08:26.830+0000] {processor.py:925} INFO - DAG(s) 'example_xcom_args_with_operators', 'example_xcom_args' retrieved from /home/airflow/.local/lib/python3.12/site-packages/airflow/example_dags/example_xcomargs.py
[2024-12-06T22:08:26.870+0000] {logging_mixin.py:190} INFO - [2024-12-06T22:08:26.869+0000] {dag.py:3239} INFO - Sync 2 DAGs
[2024-12-06T22:08:26.897+0000] {logging_mixin.py:190} INFO - [2024-12-06T22:08:26.897+0000] {dag.py:4180} INFO - Setting next_dagrun for example_xcom_args to None, run_after=None
[2024-12-06T22:08:26.904+0000] {logging_mixin.py:190} INFO - [2024-12-06T22:08:26.904+0000] {dag.py:4180} INFO - Setting next_dagrun for example_xcom_args_with_operators to None, run_after=None
[2024-12-06T22:08:26.932+0000] {processor.py:208} INFO - Processing /home/airflow/.local/lib/python3.12/site-packages/airflow/example_dags/example_xcomargs.py took 0.137 seconds
[2024-12-06T22:08:59.514+0000] {processor.py:186} INFO - Started process (PID=3508) to work on /home/airflow/.local/lib/python3.12/site-packages/airflow/example_dags/example_xcomargs.py
[2024-12-06T22:08:59.516+0000] {processor.py:914} INFO - Processing file /home/airflow/.local/lib/python3.12/site-packages/airflow/example_dags/example_xcomargs.py for tasks to queue
[2024-12-06T22:08:59.519+0000] {logging_mixin.py:190} INFO - [2024-12-06T22:08:59.519+0000] {dagbag.py:588} INFO - Filling up the DagBag from /home/airflow/.local/lib/python3.12/site-packages/airflow/example_dags/example_xcomargs.py
[2024-12-06T22:08:59.819+0000] {processor.py:925} INFO - DAG(s) 'example_xcom_args_with_operators', 'example_xcom_args' retrieved from /home/airflow/.local/lib/python3.12/site-packages/airflow/example_dags/example_xcomargs.py
[2024-12-06T22:08:59.861+0000] {logging_mixin.py:190} INFO - [2024-12-06T22:08:59.861+0000] {dag.py:3239} INFO - Sync 2 DAGs
[2024-12-06T22:08:59.889+0000] {logging_mixin.py:190} INFO - [2024-12-06T22:08:59.888+0000] {dag.py:4180} INFO - Setting next_dagrun for example_xcom_args to None, run_after=None
[2024-12-06T22:08:59.896+0000] {logging_mixin.py:190} INFO - [2024-12-06T22:08:59.896+0000] {dag.py:4180} INFO - Setting next_dagrun for example_xcom_args_with_operators to None, run_after=None
[2024-12-06T22:08:59.927+0000] {processor.py:208} INFO - Processing /home/airflow/.local/lib/python3.12/site-packages/airflow/example_dags/example_xcomargs.py took 0.424 seconds
[2024-12-06T22:09:31.192+0000] {processor.py:186} INFO - Started process (PID=3573) to work on /home/airflow/.local/lib/python3.12/site-packages/airflow/example_dags/example_xcomargs.py
[2024-12-06T22:09:31.194+0000] {processor.py:914} INFO - Processing file /home/airflow/.local/lib/python3.12/site-packages/airflow/example_dags/example_xcomargs.py for tasks to queue
[2024-12-06T22:09:31.198+0000] {logging_mixin.py:190} INFO - [2024-12-06T22:09:31.198+0000] {dagbag.py:588} INFO - Filling up the DagBag from /home/airflow/.local/lib/python3.12/site-packages/airflow/example_dags/example_xcomargs.py
[2024-12-06T22:09:31.216+0000] {processor.py:925} INFO - DAG(s) 'example_xcom_args_with_operators', 'example_xcom_args' retrieved from /home/airflow/.local/lib/python3.12/site-packages/airflow/example_dags/example_xcomargs.py
[2024-12-06T22:09:31.251+0000] {logging_mixin.py:190} INFO - [2024-12-06T22:09:31.251+0000] {dag.py:3239} INFO - Sync 2 DAGs
[2024-12-06T22:09:31.277+0000] {logging_mixin.py:190} INFO - [2024-12-06T22:09:31.277+0000] {dag.py:4180} INFO - Setting next_dagrun for example_xcom_args to None, run_after=None
[2024-12-06T22:09:31.284+0000] {logging_mixin.py:190} INFO - [2024-12-06T22:09:31.283+0000] {dag.py:4180} INFO - Setting next_dagrun for example_xcom_args_with_operators to None, run_after=None
[2024-12-06T22:09:31.309+0000] {processor.py:208} INFO - Processing /home/airflow/.local/lib/python3.12/site-packages/airflow/example_dags/example_xcomargs.py took 0.126 seconds
[2024-12-06T22:10:02.101+0000] {processor.py:186} INFO - Started process (PID=3636) to work on /home/airflow/.local/lib/python3.12/site-packages/airflow/example_dags/example_xcomargs.py
[2024-12-06T22:10:02.102+0000] {processor.py:914} INFO - Processing file /home/airflow/.local/lib/python3.12/site-packages/airflow/example_dags/example_xcomargs.py for tasks to queue
[2024-12-06T22:10:02.107+0000] {logging_mixin.py:190} INFO - [2024-12-06T22:10:02.106+0000] {dagbag.py:588} INFO - Filling up the DagBag from /home/airflow/.local/lib/python3.12/site-packages/airflow/example_dags/example_xcomargs.py
[2024-12-06T22:10:02.129+0000] {processor.py:925} INFO - DAG(s) 'example_xcom_args', 'example_xcom_args_with_operators' retrieved from /home/airflow/.local/lib/python3.12/site-packages/airflow/example_dags/example_xcomargs.py
[2024-12-06T22:10:02.172+0000] {logging_mixin.py:190} INFO - [2024-12-06T22:10:02.171+0000] {dag.py:3239} INFO - Sync 2 DAGs
[2024-12-06T22:10:02.202+0000] {logging_mixin.py:190} INFO - [2024-12-06T22:10:02.202+0000] {dag.py:4180} INFO - Setting next_dagrun for example_xcom_args to None, run_after=None
[2024-12-06T22:10:02.208+0000] {logging_mixin.py:190} INFO - [2024-12-06T22:10:02.208+0000] {dag.py:4180} INFO - Setting next_dagrun for example_xcom_args_with_operators to None, run_after=None
[2024-12-06T22:10:02.241+0000] {processor.py:208} INFO - Processing /home/airflow/.local/lib/python3.12/site-packages/airflow/example_dags/example_xcomargs.py took 0.153 seconds
[2024-12-06T22:10:33.743+0000] {processor.py:186} INFO - Started process (PID=3702) to work on /home/airflow/.local/lib/python3.12/site-packages/airflow/example_dags/example_xcomargs.py
[2024-12-06T22:10:33.744+0000] {processor.py:914} INFO - Processing file /home/airflow/.local/lib/python3.12/site-packages/airflow/example_dags/example_xcomargs.py for tasks to queue
[2024-12-06T22:10:33.750+0000] {logging_mixin.py:190} INFO - [2024-12-06T22:10:33.749+0000] {dagbag.py:588} INFO - Filling up the DagBag from /home/airflow/.local/lib/python3.12/site-packages/airflow/example_dags/example_xcomargs.py
[2024-12-06T22:10:33.768+0000] {processor.py:925} INFO - DAG(s) 'example_xcom_args', 'example_xcom_args_with_operators' retrieved from /home/airflow/.local/lib/python3.12/site-packages/airflow/example_dags/example_xcomargs.py
[2024-12-06T22:10:33.810+0000] {logging_mixin.py:190} INFO - [2024-12-06T22:10:33.809+0000] {dag.py:3239} INFO - Sync 2 DAGs
[2024-12-06T22:10:33.839+0000] {logging_mixin.py:190} INFO - [2024-12-06T22:10:33.839+0000] {dag.py:4180} INFO - Setting next_dagrun for example_xcom_args to None, run_after=None
[2024-12-06T22:10:33.846+0000] {logging_mixin.py:190} INFO - [2024-12-06T22:10:33.845+0000] {dag.py:4180} INFO - Setting next_dagrun for example_xcom_args_with_operators to None, run_after=None
[2024-12-06T22:10:33.878+0000] {processor.py:208} INFO - Processing /home/airflow/.local/lib/python3.12/site-packages/airflow/example_dags/example_xcomargs.py took 0.148 seconds
