[2024-12-06T21:40:52.243+0000] {processor.py:186} INFO - Started process (PID=91) to work on /home/airflow/.local/lib/python3.12/site-packages/airflow/example_dags/example_task_group.py
[2024-12-06T21:40:52.245+0000] {processor.py:914} INFO - Processing file /home/airflow/.local/lib/python3.12/site-packages/airflow/example_dags/example_task_group.py for tasks to queue
[2024-12-06T21:40:52.248+0000] {logging_mixin.py:190} INFO - [2024-12-06T21:40:52.247+0000] {dagbag.py:588} INFO - Filling up the DagBag from /home/airflow/.local/lib/python3.12/site-packages/airflow/example_dags/example_task_group.py
[2024-12-06T21:40:52.270+0000] {processor.py:925} INFO - DAG(s) 'example_task_group' retrieved from /home/airflow/.local/lib/python3.12/site-packages/airflow/example_dags/example_task_group.py
[2024-12-06T21:40:52.413+0000] {logging_mixin.py:190} INFO - [2024-12-06T21:40:52.413+0000] {override.py:1911} INFO - Created Permission View: can edit on DAG:example_task_group
[2024-12-06T21:40:52.425+0000] {logging_mixin.py:190} INFO - [2024-12-06T21:40:52.425+0000] {override.py:1911} INFO - Created Permission View: can delete on DAG:example_task_group
[2024-12-06T21:40:52.434+0000] {logging_mixin.py:190} INFO - [2024-12-06T21:40:52.433+0000] {override.py:1911} INFO - Created Permission View: can read on DAG:example_task_group
[2024-12-06T21:40:52.444+0000] {logging_mixin.py:190} INFO - [2024-12-06T21:40:52.443+0000] {override.py:1911} INFO - Created Permission View: menu access on DAG Run:example_task_group
[2024-12-06T21:40:52.452+0000] {logging_mixin.py:190} INFO - [2024-12-06T21:40:52.452+0000] {override.py:1911} INFO - Created Permission View: can create on DAG Run:example_task_group
[2024-12-06T21:40:52.463+0000] {logging_mixin.py:190} INFO - [2024-12-06T21:40:52.463+0000] {override.py:1911} INFO - Created Permission View: can delete on DAG Run:example_task_group
[2024-12-06T21:40:52.474+0000] {logging_mixin.py:190} INFO - [2024-12-06T21:40:52.473+0000] {override.py:1911} INFO - Created Permission View: can read on DAG Run:example_task_group
[2024-12-06T21:40:52.475+0000] {logging_mixin.py:190} INFO - [2024-12-06T21:40:52.474+0000] {dag.py:3239} INFO - Sync 1 DAGs
[2024-12-06T21:40:52.490+0000] {logging_mixin.py:190} INFO - [2024-12-06T21:40:52.490+0000] {dag.py:3262} INFO - Creating ORM DAG for example_task_group
[2024-12-06T21:40:52.492+0000] {logging_mixin.py:190} INFO - [2024-12-06T21:40:52.492+0000] {dag.py:4180} INFO - Setting next_dagrun for example_task_group to None, run_after=None
[2024-12-06T21:40:52.514+0000] {processor.py:208} INFO - Processing /home/airflow/.local/lib/python3.12/site-packages/airflow/example_dags/example_task_group.py took 0.278 seconds
[2024-12-06T21:41:23.097+0000] {processor.py:186} INFO - Started process (PID=154) to work on /home/airflow/.local/lib/python3.12/site-packages/airflow/example_dags/example_task_group.py
[2024-12-06T21:41:23.099+0000] {processor.py:914} INFO - Processing file /home/airflow/.local/lib/python3.12/site-packages/airflow/example_dags/example_task_group.py for tasks to queue
[2024-12-06T21:41:23.102+0000] {logging_mixin.py:190} INFO - [2024-12-06T21:41:23.101+0000] {dagbag.py:588} INFO - Filling up the DagBag from /home/airflow/.local/lib/python3.12/site-packages/airflow/example_dags/example_task_group.py
[2024-12-06T21:41:23.113+0000] {processor.py:925} INFO - DAG(s) 'example_task_group' retrieved from /home/airflow/.local/lib/python3.12/site-packages/airflow/example_dags/example_task_group.py
[2024-12-06T21:41:23.141+0000] {logging_mixin.py:190} INFO - [2024-12-06T21:41:23.141+0000] {dag.py:3239} INFO - Sync 1 DAGs
[2024-12-06T21:41:23.160+0000] {logging_mixin.py:190} INFO - [2024-12-06T21:41:23.160+0000] {dag.py:4180} INFO - Setting next_dagrun for example_task_group to None, run_after=None
[2024-12-06T21:41:23.183+0000] {processor.py:208} INFO - Processing /home/airflow/.local/lib/python3.12/site-packages/airflow/example_dags/example_task_group.py took 0.094 seconds
[2024-12-06T21:41:54.481+0000] {processor.py:186} INFO - Started process (PID=217) to work on /home/airflow/.local/lib/python3.12/site-packages/airflow/example_dags/example_task_group.py
[2024-12-06T21:41:54.482+0000] {processor.py:914} INFO - Processing file /home/airflow/.local/lib/python3.12/site-packages/airflow/example_dags/example_task_group.py for tasks to queue
[2024-12-06T21:41:54.485+0000] {logging_mixin.py:190} INFO - [2024-12-06T21:41:54.485+0000] {dagbag.py:588} INFO - Filling up the DagBag from /home/airflow/.local/lib/python3.12/site-packages/airflow/example_dags/example_task_group.py
[2024-12-06T21:41:54.497+0000] {processor.py:925} INFO - DAG(s) 'example_task_group' retrieved from /home/airflow/.local/lib/python3.12/site-packages/airflow/example_dags/example_task_group.py
[2024-12-06T21:41:54.526+0000] {logging_mixin.py:190} INFO - [2024-12-06T21:41:54.525+0000] {dag.py:3239} INFO - Sync 1 DAGs
[2024-12-06T21:41:54.544+0000] {logging_mixin.py:190} INFO - [2024-12-06T21:41:54.543+0000] {dag.py:4180} INFO - Setting next_dagrun for example_task_group to None, run_after=None
[2024-12-06T21:41:54.569+0000] {processor.py:208} INFO - Processing /home/airflow/.local/lib/python3.12/site-packages/airflow/example_dags/example_task_group.py took 0.101 seconds
[2024-12-06T21:42:25.588+0000] {processor.py:186} INFO - Started process (PID=280) to work on /home/airflow/.local/lib/python3.12/site-packages/airflow/example_dags/example_task_group.py
[2024-12-06T21:42:25.590+0000] {processor.py:914} INFO - Processing file /home/airflow/.local/lib/python3.12/site-packages/airflow/example_dags/example_task_group.py for tasks to queue
[2024-12-06T21:42:25.593+0000] {logging_mixin.py:190} INFO - [2024-12-06T21:42:25.593+0000] {dagbag.py:588} INFO - Filling up the DagBag from /home/airflow/.local/lib/python3.12/site-packages/airflow/example_dags/example_task_group.py
[2024-12-06T21:42:25.604+0000] {processor.py:925} INFO - DAG(s) 'example_task_group' retrieved from /home/airflow/.local/lib/python3.12/site-packages/airflow/example_dags/example_task_group.py
[2024-12-06T21:42:25.633+0000] {logging_mixin.py:190} INFO - [2024-12-06T21:42:25.632+0000] {dag.py:3239} INFO - Sync 1 DAGs
[2024-12-06T21:42:25.652+0000] {logging_mixin.py:190} INFO - [2024-12-06T21:42:25.652+0000] {dag.py:4180} INFO - Setting next_dagrun for example_task_group to None, run_after=None
[2024-12-06T21:42:25.676+0000] {processor.py:208} INFO - Processing /home/airflow/.local/lib/python3.12/site-packages/airflow/example_dags/example_task_group.py took 0.096 seconds
[2024-12-06T21:42:56.754+0000] {processor.py:186} INFO - Started process (PID=343) to work on /home/airflow/.local/lib/python3.12/site-packages/airflow/example_dags/example_task_group.py
[2024-12-06T21:42:56.755+0000] {processor.py:914} INFO - Processing file /home/airflow/.local/lib/python3.12/site-packages/airflow/example_dags/example_task_group.py for tasks to queue
[2024-12-06T21:42:56.759+0000] {logging_mixin.py:190} INFO - [2024-12-06T21:42:56.758+0000] {dagbag.py:588} INFO - Filling up the DagBag from /home/airflow/.local/lib/python3.12/site-packages/airflow/example_dags/example_task_group.py
[2024-12-06T21:42:56.770+0000] {processor.py:925} INFO - DAG(s) 'example_task_group' retrieved from /home/airflow/.local/lib/python3.12/site-packages/airflow/example_dags/example_task_group.py
[2024-12-06T21:42:56.797+0000] {logging_mixin.py:190} INFO - [2024-12-06T21:42:56.796+0000] {dag.py:3239} INFO - Sync 1 DAGs
[2024-12-06T21:42:56.816+0000] {logging_mixin.py:190} INFO - [2024-12-06T21:42:56.815+0000] {dag.py:4180} INFO - Setting next_dagrun for example_task_group to None, run_after=None
[2024-12-06T21:42:56.839+0000] {processor.py:208} INFO - Processing /home/airflow/.local/lib/python3.12/site-packages/airflow/example_dags/example_task_group.py took 0.093 seconds
[2024-12-06T21:43:28.436+0000] {processor.py:186} INFO - Started process (PID=406) to work on /home/airflow/.local/lib/python3.12/site-packages/airflow/example_dags/example_task_group.py
[2024-12-06T21:43:28.438+0000] {processor.py:914} INFO - Processing file /home/airflow/.local/lib/python3.12/site-packages/airflow/example_dags/example_task_group.py for tasks to queue
[2024-12-06T21:43:28.441+0000] {logging_mixin.py:190} INFO - [2024-12-06T21:43:28.441+0000] {dagbag.py:588} INFO - Filling up the DagBag from /home/airflow/.local/lib/python3.12/site-packages/airflow/example_dags/example_task_group.py
[2024-12-06T21:43:28.454+0000] {processor.py:925} INFO - DAG(s) 'example_task_group' retrieved from /home/airflow/.local/lib/python3.12/site-packages/airflow/example_dags/example_task_group.py
[2024-12-06T21:43:28.486+0000] {logging_mixin.py:190} INFO - [2024-12-06T21:43:28.486+0000] {dag.py:3239} INFO - Sync 1 DAGs
[2024-12-06T21:43:28.505+0000] {logging_mixin.py:190} INFO - [2024-12-06T21:43:28.505+0000] {dag.py:4180} INFO - Setting next_dagrun for example_task_group to None, run_after=None
[2024-12-06T21:43:28.535+0000] {processor.py:208} INFO - Processing /home/airflow/.local/lib/python3.12/site-packages/airflow/example_dags/example_task_group.py took 0.108 seconds
[2024-12-06T21:44:00.198+0000] {processor.py:186} INFO - Started process (PID=469) to work on /home/airflow/.local/lib/python3.12/site-packages/airflow/example_dags/example_task_group.py
[2024-12-06T21:44:00.200+0000] {processor.py:914} INFO - Processing file /home/airflow/.local/lib/python3.12/site-packages/airflow/example_dags/example_task_group.py for tasks to queue
[2024-12-06T21:44:00.204+0000] {logging_mixin.py:190} INFO - [2024-12-06T21:44:00.203+0000] {dagbag.py:588} INFO - Filling up the DagBag from /home/airflow/.local/lib/python3.12/site-packages/airflow/example_dags/example_task_group.py
[2024-12-06T21:44:00.217+0000] {processor.py:925} INFO - DAG(s) 'example_task_group' retrieved from /home/airflow/.local/lib/python3.12/site-packages/airflow/example_dags/example_task_group.py
[2024-12-06T21:44:00.254+0000] {logging_mixin.py:190} INFO - [2024-12-06T21:44:00.253+0000] {dag.py:3239} INFO - Sync 1 DAGs
[2024-12-06T21:44:00.286+0000] {logging_mixin.py:190} INFO - [2024-12-06T21:44:00.286+0000] {dag.py:4180} INFO - Setting next_dagrun for example_task_group to None, run_after=None
[2024-12-06T21:44:00.325+0000] {processor.py:208} INFO - Processing /home/airflow/.local/lib/python3.12/site-packages/airflow/example_dags/example_task_group.py took 0.135 seconds
[2024-12-06T21:44:31.556+0000] {processor.py:186} INFO - Started process (PID=532) to work on /home/airflow/.local/lib/python3.12/site-packages/airflow/example_dags/example_task_group.py
[2024-12-06T21:44:31.557+0000] {processor.py:914} INFO - Processing file /home/airflow/.local/lib/python3.12/site-packages/airflow/example_dags/example_task_group.py for tasks to queue
[2024-12-06T21:44:31.560+0000] {logging_mixin.py:190} INFO - [2024-12-06T21:44:31.560+0000] {dagbag.py:588} INFO - Filling up the DagBag from /home/airflow/.local/lib/python3.12/site-packages/airflow/example_dags/example_task_group.py
[2024-12-06T21:44:31.571+0000] {processor.py:925} INFO - DAG(s) 'example_task_group' retrieved from /home/airflow/.local/lib/python3.12/site-packages/airflow/example_dags/example_task_group.py
[2024-12-06T21:44:31.599+0000] {logging_mixin.py:190} INFO - [2024-12-06T21:44:31.599+0000] {dag.py:3239} INFO - Sync 1 DAGs
[2024-12-06T21:44:31.617+0000] {logging_mixin.py:190} INFO - [2024-12-06T21:44:31.617+0000] {dag.py:4180} INFO - Setting next_dagrun for example_task_group to None, run_after=None
[2024-12-06T21:44:31.640+0000] {processor.py:208} INFO - Processing /home/airflow/.local/lib/python3.12/site-packages/airflow/example_dags/example_task_group.py took 0.092 seconds
[2024-12-06T21:45:02.877+0000] {processor.py:186} INFO - Started process (PID=595) to work on /home/airflow/.local/lib/python3.12/site-packages/airflow/example_dags/example_task_group.py
[2024-12-06T21:45:02.878+0000] {processor.py:914} INFO - Processing file /home/airflow/.local/lib/python3.12/site-packages/airflow/example_dags/example_task_group.py for tasks to queue
[2024-12-06T21:45:02.881+0000] {logging_mixin.py:190} INFO - [2024-12-06T21:45:02.881+0000] {dagbag.py:588} INFO - Filling up the DagBag from /home/airflow/.local/lib/python3.12/site-packages/airflow/example_dags/example_task_group.py
[2024-12-06T21:45:02.892+0000] {processor.py:925} INFO - DAG(s) 'example_task_group' retrieved from /home/airflow/.local/lib/python3.12/site-packages/airflow/example_dags/example_task_group.py
[2024-12-06T21:45:02.920+0000] {logging_mixin.py:190} INFO - [2024-12-06T21:45:02.920+0000] {dag.py:3239} INFO - Sync 1 DAGs
[2024-12-06T21:45:02.940+0000] {logging_mixin.py:190} INFO - [2024-12-06T21:45:02.940+0000] {dag.py:4180} INFO - Setting next_dagrun for example_task_group to None, run_after=None
[2024-12-06T21:45:02.964+0000] {processor.py:208} INFO - Processing /home/airflow/.local/lib/python3.12/site-packages/airflow/example_dags/example_task_group.py took 0.095 seconds
[2024-12-06T21:45:34.363+0000] {processor.py:186} INFO - Started process (PID=659) to work on /home/airflow/.local/lib/python3.12/site-packages/airflow/example_dags/example_task_group.py
[2024-12-06T21:45:34.365+0000] {processor.py:914} INFO - Processing file /home/airflow/.local/lib/python3.12/site-packages/airflow/example_dags/example_task_group.py for tasks to queue
[2024-12-06T21:45:34.369+0000] {logging_mixin.py:190} INFO - [2024-12-06T21:45:34.368+0000] {dagbag.py:588} INFO - Filling up the DagBag from /home/airflow/.local/lib/python3.12/site-packages/airflow/example_dags/example_task_group.py
[2024-12-06T21:45:34.383+0000] {processor.py:925} INFO - DAG(s) 'example_task_group' retrieved from /home/airflow/.local/lib/python3.12/site-packages/airflow/example_dags/example_task_group.py
[2024-12-06T21:45:34.417+0000] {logging_mixin.py:190} INFO - [2024-12-06T21:45:34.416+0000] {dag.py:3239} INFO - Sync 1 DAGs
[2024-12-06T21:45:34.439+0000] {logging_mixin.py:190} INFO - [2024-12-06T21:45:34.438+0000] {dag.py:4180} INFO - Setting next_dagrun for example_task_group to None, run_after=None
[2024-12-06T21:45:34.469+0000] {processor.py:208} INFO - Processing /home/airflow/.local/lib/python3.12/site-packages/airflow/example_dags/example_task_group.py took 0.116 seconds
[2024-12-06T21:46:06.315+0000] {processor.py:186} INFO - Started process (PID=722) to work on /home/airflow/.local/lib/python3.12/site-packages/airflow/example_dags/example_task_group.py
[2024-12-06T21:46:06.316+0000] {processor.py:914} INFO - Processing file /home/airflow/.local/lib/python3.12/site-packages/airflow/example_dags/example_task_group.py for tasks to queue
[2024-12-06T21:46:06.320+0000] {logging_mixin.py:190} INFO - [2024-12-06T21:46:06.319+0000] {dagbag.py:588} INFO - Filling up the DagBag from /home/airflow/.local/lib/python3.12/site-packages/airflow/example_dags/example_task_group.py
[2024-12-06T21:46:06.331+0000] {processor.py:925} INFO - DAG(s) 'example_task_group' retrieved from /home/airflow/.local/lib/python3.12/site-packages/airflow/example_dags/example_task_group.py
[2024-12-06T21:46:06.359+0000] {logging_mixin.py:190} INFO - [2024-12-06T21:46:06.358+0000] {dag.py:3239} INFO - Sync 1 DAGs
[2024-12-06T21:46:06.379+0000] {logging_mixin.py:190} INFO - [2024-12-06T21:46:06.379+0000] {dag.py:4180} INFO - Setting next_dagrun for example_task_group to None, run_after=None
[2024-12-06T21:46:06.402+0000] {processor.py:208} INFO - Processing /home/airflow/.local/lib/python3.12/site-packages/airflow/example_dags/example_task_group.py took 0.095 seconds
[2024-12-06T21:46:38.177+0000] {processor.py:186} INFO - Started process (PID=790) to work on /home/airflow/.local/lib/python3.12/site-packages/airflow/example_dags/example_task_group.py
[2024-12-06T21:46:38.179+0000] {processor.py:914} INFO - Processing file /home/airflow/.local/lib/python3.12/site-packages/airflow/example_dags/example_task_group.py for tasks to queue
[2024-12-06T21:46:38.182+0000] {logging_mixin.py:190} INFO - [2024-12-06T21:46:38.182+0000] {dagbag.py:588} INFO - Filling up the DagBag from /home/airflow/.local/lib/python3.12/site-packages/airflow/example_dags/example_task_group.py
[2024-12-06T21:46:38.196+0000] {processor.py:925} INFO - DAG(s) 'example_task_group' retrieved from /home/airflow/.local/lib/python3.12/site-packages/airflow/example_dags/example_task_group.py
[2024-12-06T21:46:38.229+0000] {logging_mixin.py:190} INFO - [2024-12-06T21:46:38.229+0000] {dag.py:3239} INFO - Sync 1 DAGs
[2024-12-06T21:46:38.251+0000] {logging_mixin.py:190} INFO - [2024-12-06T21:46:38.251+0000] {dag.py:4180} INFO - Setting next_dagrun for example_task_group to None, run_after=None
[2024-12-06T21:46:38.278+0000] {processor.py:208} INFO - Processing /home/airflow/.local/lib/python3.12/site-packages/airflow/example_dags/example_task_group.py took 0.109 seconds
[2024-12-06T21:47:09.550+0000] {processor.py:186} INFO - Started process (PID=853) to work on /home/airflow/.local/lib/python3.12/site-packages/airflow/example_dags/example_task_group.py
[2024-12-06T21:47:09.551+0000] {processor.py:914} INFO - Processing file /home/airflow/.local/lib/python3.12/site-packages/airflow/example_dags/example_task_group.py for tasks to queue
[2024-12-06T21:47:09.555+0000] {logging_mixin.py:190} INFO - [2024-12-06T21:47:09.554+0000] {dagbag.py:588} INFO - Filling up the DagBag from /home/airflow/.local/lib/python3.12/site-packages/airflow/example_dags/example_task_group.py
[2024-12-06T21:47:09.568+0000] {processor.py:925} INFO - DAG(s) 'example_task_group' retrieved from /home/airflow/.local/lib/python3.12/site-packages/airflow/example_dags/example_task_group.py
[2024-12-06T21:47:09.600+0000] {logging_mixin.py:190} INFO - [2024-12-06T21:47:09.600+0000] {dag.py:3239} INFO - Sync 1 DAGs
[2024-12-06T21:47:09.619+0000] {logging_mixin.py:190} INFO - [2024-12-06T21:47:09.619+0000] {dag.py:4180} INFO - Setting next_dagrun for example_task_group to None, run_after=None
[2024-12-06T21:47:09.643+0000] {processor.py:208} INFO - Processing /home/airflow/.local/lib/python3.12/site-packages/airflow/example_dags/example_task_group.py took 0.102 seconds
[2024-12-06T21:47:41.714+0000] {processor.py:186} INFO - Started process (PID=921) to work on /home/airflow/.local/lib/python3.12/site-packages/airflow/example_dags/example_task_group.py
[2024-12-06T21:47:41.715+0000] {processor.py:914} INFO - Processing file /home/airflow/.local/lib/python3.12/site-packages/airflow/example_dags/example_task_group.py for tasks to queue
[2024-12-06T21:47:41.719+0000] {logging_mixin.py:190} INFO - [2024-12-06T21:47:41.719+0000] {dagbag.py:588} INFO - Filling up the DagBag from /home/airflow/.local/lib/python3.12/site-packages/airflow/example_dags/example_task_group.py
[2024-12-06T21:47:41.731+0000] {processor.py:925} INFO - DAG(s) 'example_task_group' retrieved from /home/airflow/.local/lib/python3.12/site-packages/airflow/example_dags/example_task_group.py
[2024-12-06T21:47:41.762+0000] {logging_mixin.py:190} INFO - [2024-12-06T21:47:41.761+0000] {dag.py:3239} INFO - Sync 1 DAGs
[2024-12-06T21:47:41.783+0000] {logging_mixin.py:190} INFO - [2024-12-06T21:47:41.783+0000] {dag.py:4180} INFO - Setting next_dagrun for example_task_group to None, run_after=None
[2024-12-06T21:47:41.810+0000] {processor.py:208} INFO - Processing /home/airflow/.local/lib/python3.12/site-packages/airflow/example_dags/example_task_group.py took 0.104 seconds
[2024-12-06T21:48:13.657+0000] {processor.py:186} INFO - Started process (PID=984) to work on /home/airflow/.local/lib/python3.12/site-packages/airflow/example_dags/example_task_group.py
[2024-12-06T21:48:13.659+0000] {processor.py:914} INFO - Processing file /home/airflow/.local/lib/python3.12/site-packages/airflow/example_dags/example_task_group.py for tasks to queue
[2024-12-06T21:48:13.662+0000] {logging_mixin.py:190} INFO - [2024-12-06T21:48:13.662+0000] {dagbag.py:588} INFO - Filling up the DagBag from /home/airflow/.local/lib/python3.12/site-packages/airflow/example_dags/example_task_group.py
[2024-12-06T21:48:13.676+0000] {processor.py:925} INFO - DAG(s) 'example_task_group' retrieved from /home/airflow/.local/lib/python3.12/site-packages/airflow/example_dags/example_task_group.py
[2024-12-06T21:48:13.718+0000] {logging_mixin.py:190} INFO - [2024-12-06T21:48:13.717+0000] {dag.py:3239} INFO - Sync 1 DAGs
[2024-12-06T21:48:13.741+0000] {logging_mixin.py:190} INFO - [2024-12-06T21:48:13.741+0000] {dag.py:4180} INFO - Setting next_dagrun for example_task_group to None, run_after=None
[2024-12-06T21:48:13.771+0000] {processor.py:208} INFO - Processing /home/airflow/.local/lib/python3.12/site-packages/airflow/example_dags/example_task_group.py took 0.123 seconds
[2024-12-06T21:48:44.767+0000] {processor.py:186} INFO - Started process (PID=1047) to work on /home/airflow/.local/lib/python3.12/site-packages/airflow/example_dags/example_task_group.py
[2024-12-06T21:48:44.770+0000] {processor.py:914} INFO - Processing file /home/airflow/.local/lib/python3.12/site-packages/airflow/example_dags/example_task_group.py for tasks to queue
[2024-12-06T21:48:44.774+0000] {logging_mixin.py:190} INFO - [2024-12-06T21:48:44.773+0000] {dagbag.py:588} INFO - Filling up the DagBag from /home/airflow/.local/lib/python3.12/site-packages/airflow/example_dags/example_task_group.py
[2024-12-06T21:48:44.789+0000] {processor.py:925} INFO - DAG(s) 'example_task_group' retrieved from /home/airflow/.local/lib/python3.12/site-packages/airflow/example_dags/example_task_group.py
[2024-12-06T21:48:44.825+0000] {logging_mixin.py:190} INFO - [2024-12-06T21:48:44.824+0000] {dag.py:3239} INFO - Sync 1 DAGs
[2024-12-06T21:48:44.845+0000] {logging_mixin.py:190} INFO - [2024-12-06T21:48:44.845+0000] {dag.py:4180} INFO - Setting next_dagrun for example_task_group to None, run_after=None
[2024-12-06T21:48:44.873+0000] {processor.py:208} INFO - Processing /home/airflow/.local/lib/python3.12/site-packages/airflow/example_dags/example_task_group.py took 0.115 seconds
[2024-12-06T21:49:16.411+0000] {processor.py:186} INFO - Started process (PID=1116) to work on /home/airflow/.local/lib/python3.12/site-packages/airflow/example_dags/example_task_group.py
[2024-12-06T21:49:16.412+0000] {processor.py:914} INFO - Processing file /home/airflow/.local/lib/python3.12/site-packages/airflow/example_dags/example_task_group.py for tasks to queue
[2024-12-06T21:49:16.416+0000] {logging_mixin.py:190} INFO - [2024-12-06T21:49:16.415+0000] {dagbag.py:588} INFO - Filling up the DagBag from /home/airflow/.local/lib/python3.12/site-packages/airflow/example_dags/example_task_group.py
[2024-12-06T21:49:16.433+0000] {processor.py:925} INFO - DAG(s) 'example_task_group' retrieved from /home/airflow/.local/lib/python3.12/site-packages/airflow/example_dags/example_task_group.py
[2024-12-06T21:49:16.465+0000] {logging_mixin.py:190} INFO - [2024-12-06T21:49:16.464+0000] {dag.py:3239} INFO - Sync 1 DAGs
[2024-12-06T21:49:16.487+0000] {logging_mixin.py:190} INFO - [2024-12-06T21:49:16.486+0000] {dag.py:4180} INFO - Setting next_dagrun for example_task_group to None, run_after=None
[2024-12-06T21:49:16.518+0000] {processor.py:208} INFO - Processing /home/airflow/.local/lib/python3.12/site-packages/airflow/example_dags/example_task_group.py took 0.117 seconds
[2024-12-06T21:49:47.554+0000] {processor.py:186} INFO - Started process (PID=1179) to work on /home/airflow/.local/lib/python3.12/site-packages/airflow/example_dags/example_task_group.py
[2024-12-06T21:49:47.556+0000] {processor.py:914} INFO - Processing file /home/airflow/.local/lib/python3.12/site-packages/airflow/example_dags/example_task_group.py for tasks to queue
[2024-12-06T21:49:47.561+0000] {logging_mixin.py:190} INFO - [2024-12-06T21:49:47.560+0000] {dagbag.py:588} INFO - Filling up the DagBag from /home/airflow/.local/lib/python3.12/site-packages/airflow/example_dags/example_task_group.py
[2024-12-06T21:49:47.576+0000] {processor.py:925} INFO - DAG(s) 'example_task_group' retrieved from /home/airflow/.local/lib/python3.12/site-packages/airflow/example_dags/example_task_group.py
[2024-12-06T21:49:47.612+0000] {logging_mixin.py:190} INFO - [2024-12-06T21:49:47.612+0000] {dag.py:3239} INFO - Sync 1 DAGs
[2024-12-06T21:49:47.635+0000] {logging_mixin.py:190} INFO - [2024-12-06T21:49:47.635+0000] {dag.py:4180} INFO - Setting next_dagrun for example_task_group to None, run_after=None
[2024-12-06T21:49:47.666+0000] {processor.py:208} INFO - Processing /home/airflow/.local/lib/python3.12/site-packages/airflow/example_dags/example_task_group.py took 0.121 seconds
[2024-12-06T21:50:18.376+0000] {processor.py:186} INFO - Started process (PID=1242) to work on /home/airflow/.local/lib/python3.12/site-packages/airflow/example_dags/example_task_group.py
[2024-12-06T21:50:18.378+0000] {processor.py:914} INFO - Processing file /home/airflow/.local/lib/python3.12/site-packages/airflow/example_dags/example_task_group.py for tasks to queue
[2024-12-06T21:50:18.384+0000] {logging_mixin.py:190} INFO - [2024-12-06T21:50:18.383+0000] {dagbag.py:588} INFO - Filling up the DagBag from /home/airflow/.local/lib/python3.12/site-packages/airflow/example_dags/example_task_group.py
[2024-12-06T21:50:18.398+0000] {processor.py:925} INFO - DAG(s) 'example_task_group' retrieved from /home/airflow/.local/lib/python3.12/site-packages/airflow/example_dags/example_task_group.py
[2024-12-06T21:50:18.438+0000] {logging_mixin.py:190} INFO - [2024-12-06T21:50:18.438+0000] {dag.py:3239} INFO - Sync 1 DAGs
[2024-12-06T21:50:18.468+0000] {logging_mixin.py:190} INFO - [2024-12-06T21:50:18.468+0000] {dag.py:4180} INFO - Setting next_dagrun for example_task_group to None, run_after=None
[2024-12-06T21:50:18.502+0000] {processor.py:208} INFO - Processing /home/airflow/.local/lib/python3.12/site-packages/airflow/example_dags/example_task_group.py took 0.134 seconds
[2024-12-06T21:50:49.438+0000] {processor.py:186} INFO - Started process (PID=1305) to work on /home/airflow/.local/lib/python3.12/site-packages/airflow/example_dags/example_task_group.py
[2024-12-06T21:50:49.439+0000] {processor.py:914} INFO - Processing file /home/airflow/.local/lib/python3.12/site-packages/airflow/example_dags/example_task_group.py for tasks to queue
[2024-12-06T21:50:49.443+0000] {logging_mixin.py:190} INFO - [2024-12-06T21:50:49.442+0000] {dagbag.py:588} INFO - Filling up the DagBag from /home/airflow/.local/lib/python3.12/site-packages/airflow/example_dags/example_task_group.py
[2024-12-06T21:50:49.456+0000] {processor.py:925} INFO - DAG(s) 'example_task_group' retrieved from /home/airflow/.local/lib/python3.12/site-packages/airflow/example_dags/example_task_group.py
[2024-12-06T21:50:49.487+0000] {logging_mixin.py:190} INFO - [2024-12-06T21:50:49.487+0000] {dag.py:3239} INFO - Sync 1 DAGs
[2024-12-06T21:50:49.511+0000] {logging_mixin.py:190} INFO - [2024-12-06T21:50:49.511+0000] {dag.py:4180} INFO - Setting next_dagrun for example_task_group to None, run_after=None
[2024-12-06T21:50:49.542+0000] {processor.py:208} INFO - Processing /home/airflow/.local/lib/python3.12/site-packages/airflow/example_dags/example_task_group.py took 0.113 seconds
[2024-12-06T21:51:20.107+0000] {processor.py:186} INFO - Started process (PID=1367) to work on /home/airflow/.local/lib/python3.12/site-packages/airflow/example_dags/example_task_group.py
[2024-12-06T21:51:20.109+0000] {processor.py:914} INFO - Processing file /home/airflow/.local/lib/python3.12/site-packages/airflow/example_dags/example_task_group.py for tasks to queue
[2024-12-06T21:51:20.113+0000] {logging_mixin.py:190} INFO - [2024-12-06T21:51:20.112+0000] {dagbag.py:588} INFO - Filling up the DagBag from /home/airflow/.local/lib/python3.12/site-packages/airflow/example_dags/example_task_group.py
[2024-12-06T21:51:20.128+0000] {processor.py:925} INFO - DAG(s) 'example_task_group' retrieved from /home/airflow/.local/lib/python3.12/site-packages/airflow/example_dags/example_task_group.py
[2024-12-06T21:51:20.165+0000] {logging_mixin.py:190} INFO - [2024-12-06T21:51:20.165+0000] {dag.py:3239} INFO - Sync 1 DAGs
[2024-12-06T21:51:20.192+0000] {logging_mixin.py:190} INFO - [2024-12-06T21:51:20.192+0000] {dag.py:4180} INFO - Setting next_dagrun for example_task_group to None, run_after=None
[2024-12-06T21:51:20.222+0000] {processor.py:208} INFO - Processing /home/airflow/.local/lib/python3.12/site-packages/airflow/example_dags/example_task_group.py took 0.126 seconds
[2024-12-06T21:51:50.710+0000] {processor.py:186} INFO - Started process (PID=1429) to work on /home/airflow/.local/lib/python3.12/site-packages/airflow/example_dags/example_task_group.py
[2024-12-06T21:51:50.711+0000] {processor.py:914} INFO - Processing file /home/airflow/.local/lib/python3.12/site-packages/airflow/example_dags/example_task_group.py for tasks to queue
[2024-12-06T21:51:50.715+0000] {logging_mixin.py:190} INFO - [2024-12-06T21:51:50.715+0000] {dagbag.py:588} INFO - Filling up the DagBag from /home/airflow/.local/lib/python3.12/site-packages/airflow/example_dags/example_task_group.py
[2024-12-06T21:51:50.730+0000] {processor.py:925} INFO - DAG(s) 'example_task_group' retrieved from /home/airflow/.local/lib/python3.12/site-packages/airflow/example_dags/example_task_group.py
[2024-12-06T21:51:50.765+0000] {logging_mixin.py:190} INFO - [2024-12-06T21:51:50.765+0000] {dag.py:3239} INFO - Sync 1 DAGs
[2024-12-06T21:51:50.790+0000] {logging_mixin.py:190} INFO - [2024-12-06T21:51:50.790+0000] {dag.py:4180} INFO - Setting next_dagrun for example_task_group to None, run_after=None
[2024-12-06T21:51:50.819+0000] {processor.py:208} INFO - Processing /home/airflow/.local/lib/python3.12/site-packages/airflow/example_dags/example_task_group.py took 0.120 seconds
[2024-12-06T21:52:20.884+0000] {processor.py:186} INFO - Started process (PID=1492) to work on /home/airflow/.local/lib/python3.12/site-packages/airflow/example_dags/example_task_group.py
[2024-12-06T21:52:20.885+0000] {processor.py:914} INFO - Processing file /home/airflow/.local/lib/python3.12/site-packages/airflow/example_dags/example_task_group.py for tasks to queue
[2024-12-06T21:52:20.889+0000] {logging_mixin.py:190} INFO - [2024-12-06T21:52:20.888+0000] {dagbag.py:588} INFO - Filling up the DagBag from /home/airflow/.local/lib/python3.12/site-packages/airflow/example_dags/example_task_group.py
[2024-12-06T21:52:20.903+0000] {processor.py:925} INFO - DAG(s) 'example_task_group' retrieved from /home/airflow/.local/lib/python3.12/site-packages/airflow/example_dags/example_task_group.py
[2024-12-06T21:52:20.938+0000] {logging_mixin.py:190} INFO - [2024-12-06T21:52:20.938+0000] {dag.py:3239} INFO - Sync 1 DAGs
[2024-12-06T21:52:20.960+0000] {logging_mixin.py:190} INFO - [2024-12-06T21:52:20.960+0000] {dag.py:4180} INFO - Setting next_dagrun for example_task_group to None, run_after=None
[2024-12-06T21:52:20.986+0000] {processor.py:208} INFO - Processing /home/airflow/.local/lib/python3.12/site-packages/airflow/example_dags/example_task_group.py took 0.111 seconds
[2024-12-06T21:52:51.763+0000] {processor.py:186} INFO - Started process (PID=1555) to work on /home/airflow/.local/lib/python3.12/site-packages/airflow/example_dags/example_task_group.py
[2024-12-06T21:52:51.765+0000] {processor.py:914} INFO - Processing file /home/airflow/.local/lib/python3.12/site-packages/airflow/example_dags/example_task_group.py for tasks to queue
[2024-12-06T21:52:51.768+0000] {logging_mixin.py:190} INFO - [2024-12-06T21:52:51.768+0000] {dagbag.py:588} INFO - Filling up the DagBag from /home/airflow/.local/lib/python3.12/site-packages/airflow/example_dags/example_task_group.py
[2024-12-06T21:52:51.783+0000] {processor.py:925} INFO - DAG(s) 'example_task_group' retrieved from /home/airflow/.local/lib/python3.12/site-packages/airflow/example_dags/example_task_group.py
[2024-12-06T21:52:51.818+0000] {logging_mixin.py:190} INFO - [2024-12-06T21:52:51.817+0000] {dag.py:3239} INFO - Sync 1 DAGs
[2024-12-06T21:52:51.840+0000] {logging_mixin.py:190} INFO - [2024-12-06T21:52:51.840+0000] {dag.py:4180} INFO - Setting next_dagrun for example_task_group to None, run_after=None
[2024-12-06T21:52:51.873+0000] {processor.py:208} INFO - Processing /home/airflow/.local/lib/python3.12/site-packages/airflow/example_dags/example_task_group.py took 0.119 seconds
[2024-12-06T21:53:23.294+0000] {processor.py:186} INFO - Started process (PID=1618) to work on /home/airflow/.local/lib/python3.12/site-packages/airflow/example_dags/example_task_group.py
[2024-12-06T21:53:23.296+0000] {processor.py:914} INFO - Processing file /home/airflow/.local/lib/python3.12/site-packages/airflow/example_dags/example_task_group.py for tasks to queue
[2024-12-06T21:53:23.301+0000] {logging_mixin.py:190} INFO - [2024-12-06T21:53:23.300+0000] {dagbag.py:588} INFO - Filling up the DagBag from /home/airflow/.local/lib/python3.12/site-packages/airflow/example_dags/example_task_group.py
[2024-12-06T21:53:23.318+0000] {processor.py:925} INFO - DAG(s) 'example_task_group' retrieved from /home/airflow/.local/lib/python3.12/site-packages/airflow/example_dags/example_task_group.py
[2024-12-06T21:53:23.366+0000] {logging_mixin.py:190} INFO - [2024-12-06T21:53:23.365+0000] {dag.py:3239} INFO - Sync 1 DAGs
[2024-12-06T21:53:23.403+0000] {logging_mixin.py:190} INFO - [2024-12-06T21:53:23.403+0000] {dag.py:4180} INFO - Setting next_dagrun for example_task_group to None, run_after=None
[2024-12-06T21:53:23.444+0000] {processor.py:208} INFO - Processing /home/airflow/.local/lib/python3.12/site-packages/airflow/example_dags/example_task_group.py took 0.163 seconds
[2024-12-06T21:53:54.184+0000] {processor.py:186} INFO - Started process (PID=1681) to work on /home/airflow/.local/lib/python3.12/site-packages/airflow/example_dags/example_task_group.py
[2024-12-06T21:53:54.185+0000] {processor.py:914} INFO - Processing file /home/airflow/.local/lib/python3.12/site-packages/airflow/example_dags/example_task_group.py for tasks to queue
[2024-12-06T21:53:54.189+0000] {logging_mixin.py:190} INFO - [2024-12-06T21:53:54.189+0000] {dagbag.py:588} INFO - Filling up the DagBag from /home/airflow/.local/lib/python3.12/site-packages/airflow/example_dags/example_task_group.py
[2024-12-06T21:53:54.204+0000] {processor.py:925} INFO - DAG(s) 'example_task_group' retrieved from /home/airflow/.local/lib/python3.12/site-packages/airflow/example_dags/example_task_group.py
[2024-12-06T21:53:54.242+0000] {logging_mixin.py:190} INFO - [2024-12-06T21:53:54.242+0000] {dag.py:3239} INFO - Sync 1 DAGs
[2024-12-06T21:53:54.267+0000] {logging_mixin.py:190} INFO - [2024-12-06T21:53:54.266+0000] {dag.py:4180} INFO - Setting next_dagrun for example_task_group to None, run_after=None
[2024-12-06T21:53:54.297+0000] {processor.py:208} INFO - Processing /home/airflow/.local/lib/python3.12/site-packages/airflow/example_dags/example_task_group.py took 0.124 seconds
[2024-12-06T21:54:24.598+0000] {processor.py:186} INFO - Started process (PID=1744) to work on /home/airflow/.local/lib/python3.12/site-packages/airflow/example_dags/example_task_group.py
[2024-12-06T21:54:24.600+0000] {processor.py:914} INFO - Processing file /home/airflow/.local/lib/python3.12/site-packages/airflow/example_dags/example_task_group.py for tasks to queue
[2024-12-06T21:54:24.605+0000] {logging_mixin.py:190} INFO - [2024-12-06T21:54:24.604+0000] {dagbag.py:588} INFO - Filling up the DagBag from /home/airflow/.local/lib/python3.12/site-packages/airflow/example_dags/example_task_group.py
[2024-12-06T21:54:24.621+0000] {processor.py:925} INFO - DAG(s) 'example_task_group' retrieved from /home/airflow/.local/lib/python3.12/site-packages/airflow/example_dags/example_task_group.py
[2024-12-06T21:54:24.659+0000] {logging_mixin.py:190} INFO - [2024-12-06T21:54:24.658+0000] {dag.py:3239} INFO - Sync 1 DAGs
[2024-12-06T21:54:24.689+0000] {logging_mixin.py:190} INFO - [2024-12-06T21:54:24.689+0000] {dag.py:4180} INFO - Setting next_dagrun for example_task_group to None, run_after=None
[2024-12-06T21:54:24.722+0000] {processor.py:208} INFO - Processing /home/airflow/.local/lib/python3.12/site-packages/airflow/example_dags/example_task_group.py took 0.134 seconds
[2024-12-06T21:54:55.478+0000] {processor.py:186} INFO - Started process (PID=1807) to work on /home/airflow/.local/lib/python3.12/site-packages/airflow/example_dags/example_task_group.py
[2024-12-06T21:54:55.480+0000] {processor.py:914} INFO - Processing file /home/airflow/.local/lib/python3.12/site-packages/airflow/example_dags/example_task_group.py for tasks to queue
[2024-12-06T21:54:55.483+0000] {logging_mixin.py:190} INFO - [2024-12-06T21:54:55.483+0000] {dagbag.py:588} INFO - Filling up the DagBag from /home/airflow/.local/lib/python3.12/site-packages/airflow/example_dags/example_task_group.py
[2024-12-06T21:54:55.499+0000] {processor.py:925} INFO - DAG(s) 'example_task_group' retrieved from /home/airflow/.local/lib/python3.12/site-packages/airflow/example_dags/example_task_group.py
[2024-12-06T21:54:55.539+0000] {logging_mixin.py:190} INFO - [2024-12-06T21:54:55.539+0000] {dag.py:3239} INFO - Sync 1 DAGs
[2024-12-06T21:54:55.581+0000] {logging_mixin.py:190} INFO - [2024-12-06T21:54:55.581+0000] {dag.py:4180} INFO - Setting next_dagrun for example_task_group to None, run_after=None
[2024-12-06T21:54:55.617+0000] {processor.py:208} INFO - Processing /home/airflow/.local/lib/python3.12/site-packages/airflow/example_dags/example_task_group.py took 0.150 seconds
[2024-12-06T21:55:26.530+0000] {processor.py:186} INFO - Started process (PID=1870) to work on /home/airflow/.local/lib/python3.12/site-packages/airflow/example_dags/example_task_group.py
[2024-12-06T21:55:26.532+0000] {processor.py:914} INFO - Processing file /home/airflow/.local/lib/python3.12/site-packages/airflow/example_dags/example_task_group.py for tasks to queue
[2024-12-06T21:55:26.536+0000] {logging_mixin.py:190} INFO - [2024-12-06T21:55:26.535+0000] {dagbag.py:588} INFO - Filling up the DagBag from /home/airflow/.local/lib/python3.12/site-packages/airflow/example_dags/example_task_group.py
[2024-12-06T21:55:26.551+0000] {processor.py:925} INFO - DAG(s) 'example_task_group' retrieved from /home/airflow/.local/lib/python3.12/site-packages/airflow/example_dags/example_task_group.py
[2024-12-06T21:55:26.585+0000] {logging_mixin.py:190} INFO - [2024-12-06T21:55:26.585+0000] {dag.py:3239} INFO - Sync 1 DAGs
[2024-12-06T21:55:26.610+0000] {logging_mixin.py:190} INFO - [2024-12-06T21:55:26.610+0000] {dag.py:4180} INFO - Setting next_dagrun for example_task_group to None, run_after=None
[2024-12-06T21:55:26.640+0000] {processor.py:208} INFO - Processing /home/airflow/.local/lib/python3.12/site-packages/airflow/example_dags/example_task_group.py took 0.120 seconds
[2024-12-06T21:55:57.620+0000] {processor.py:186} INFO - Started process (PID=1933) to work on /home/airflow/.local/lib/python3.12/site-packages/airflow/example_dags/example_task_group.py
[2024-12-06T21:55:57.622+0000] {processor.py:914} INFO - Processing file /home/airflow/.local/lib/python3.12/site-packages/airflow/example_dags/example_task_group.py for tasks to queue
[2024-12-06T21:55:57.627+0000] {logging_mixin.py:190} INFO - [2024-12-06T21:55:57.626+0000] {dagbag.py:588} INFO - Filling up the DagBag from /home/airflow/.local/lib/python3.12/site-packages/airflow/example_dags/example_task_group.py
[2024-12-06T21:55:57.643+0000] {processor.py:925} INFO - DAG(s) 'example_task_group' retrieved from /home/airflow/.local/lib/python3.12/site-packages/airflow/example_dags/example_task_group.py
[2024-12-06T21:55:57.682+0000] {logging_mixin.py:190} INFO - [2024-12-06T21:55:57.681+0000] {dag.py:3239} INFO - Sync 1 DAGs
[2024-12-06T21:55:57.705+0000] {logging_mixin.py:190} INFO - [2024-12-06T21:55:57.705+0000] {dag.py:4180} INFO - Setting next_dagrun for example_task_group to None, run_after=None
[2024-12-06T21:55:57.738+0000] {processor.py:208} INFO - Processing /home/airflow/.local/lib/python3.12/site-packages/airflow/example_dags/example_task_group.py took 0.129 seconds
[2024-12-06T21:56:29.092+0000] {processor.py:186} INFO - Started process (PID=1996) to work on /home/airflow/.local/lib/python3.12/site-packages/airflow/example_dags/example_task_group.py
[2024-12-06T21:56:29.094+0000] {processor.py:914} INFO - Processing file /home/airflow/.local/lib/python3.12/site-packages/airflow/example_dags/example_task_group.py for tasks to queue
[2024-12-06T21:56:29.098+0000] {logging_mixin.py:190} INFO - [2024-12-06T21:56:29.097+0000] {dagbag.py:588} INFO - Filling up the DagBag from /home/airflow/.local/lib/python3.12/site-packages/airflow/example_dags/example_task_group.py
[2024-12-06T21:56:29.111+0000] {processor.py:925} INFO - DAG(s) 'example_task_group' retrieved from /home/airflow/.local/lib/python3.12/site-packages/airflow/example_dags/example_task_group.py
[2024-12-06T21:56:29.150+0000] {logging_mixin.py:190} INFO - [2024-12-06T21:56:29.149+0000] {dag.py:3239} INFO - Sync 1 DAGs
[2024-12-06T21:56:29.173+0000] {logging_mixin.py:190} INFO - [2024-12-06T21:56:29.172+0000] {dag.py:4180} INFO - Setting next_dagrun for example_task_group to None, run_after=None
[2024-12-06T21:56:29.204+0000] {processor.py:208} INFO - Processing /home/airflow/.local/lib/python3.12/site-packages/airflow/example_dags/example_task_group.py took 0.122 seconds
[2024-12-06T21:56:59.945+0000] {processor.py:186} INFO - Started process (PID=2059) to work on /home/airflow/.local/lib/python3.12/site-packages/airflow/example_dags/example_task_group.py
[2024-12-06T21:56:59.947+0000] {processor.py:914} INFO - Processing file /home/airflow/.local/lib/python3.12/site-packages/airflow/example_dags/example_task_group.py for tasks to queue
[2024-12-06T21:56:59.952+0000] {logging_mixin.py:190} INFO - [2024-12-06T21:56:59.951+0000] {dagbag.py:588} INFO - Filling up the DagBag from /home/airflow/.local/lib/python3.12/site-packages/airflow/example_dags/example_task_group.py
[2024-12-06T21:56:59.965+0000] {processor.py:925} INFO - DAG(s) 'example_task_group' retrieved from /home/airflow/.local/lib/python3.12/site-packages/airflow/example_dags/example_task_group.py
[2024-12-06T21:57:00.003+0000] {logging_mixin.py:190} INFO - [2024-12-06T21:57:00.002+0000] {dag.py:3239} INFO - Sync 1 DAGs
[2024-12-06T21:57:00.034+0000] {logging_mixin.py:190} INFO - [2024-12-06T21:57:00.032+0000] {dag.py:4180} INFO - Setting next_dagrun for example_task_group to None, run_after=None
[2024-12-06T21:57:00.068+0000] {processor.py:208} INFO - Processing /home/airflow/.local/lib/python3.12/site-packages/airflow/example_dags/example_task_group.py took 0.133 seconds
[2024-12-06T21:57:30.289+0000] {processor.py:186} INFO - Started process (PID=2122) to work on /home/airflow/.local/lib/python3.12/site-packages/airflow/example_dags/example_task_group.py
[2024-12-06T21:57:30.291+0000] {processor.py:914} INFO - Processing file /home/airflow/.local/lib/python3.12/site-packages/airflow/example_dags/example_task_group.py for tasks to queue
[2024-12-06T21:57:30.295+0000] {logging_mixin.py:190} INFO - [2024-12-06T21:57:30.294+0000] {dagbag.py:588} INFO - Filling up the DagBag from /home/airflow/.local/lib/python3.12/site-packages/airflow/example_dags/example_task_group.py
[2024-12-06T21:57:30.310+0000] {processor.py:925} INFO - DAG(s) 'example_task_group' retrieved from /home/airflow/.local/lib/python3.12/site-packages/airflow/example_dags/example_task_group.py
[2024-12-06T21:57:30.345+0000] {logging_mixin.py:190} INFO - [2024-12-06T21:57:30.345+0000] {dag.py:3239} INFO - Sync 1 DAGs
[2024-12-06T21:57:30.368+0000] {logging_mixin.py:190} INFO - [2024-12-06T21:57:30.368+0000] {dag.py:4180} INFO - Setting next_dagrun for example_task_group to None, run_after=None
[2024-12-06T21:57:30.398+0000] {processor.py:208} INFO - Processing /home/airflow/.local/lib/python3.12/site-packages/airflow/example_dags/example_task_group.py took 0.119 seconds
[2024-12-06T21:58:00.618+0000] {processor.py:186} INFO - Started process (PID=2185) to work on /home/airflow/.local/lib/python3.12/site-packages/airflow/example_dags/example_task_group.py
[2024-12-06T21:58:00.620+0000] {processor.py:914} INFO - Processing file /home/airflow/.local/lib/python3.12/site-packages/airflow/example_dags/example_task_group.py for tasks to queue
[2024-12-06T21:58:00.625+0000] {logging_mixin.py:190} INFO - [2024-12-06T21:58:00.624+0000] {dagbag.py:588} INFO - Filling up the DagBag from /home/airflow/.local/lib/python3.12/site-packages/airflow/example_dags/example_task_group.py
[2024-12-06T21:58:00.642+0000] {processor.py:925} INFO - DAG(s) 'example_task_group' retrieved from /home/airflow/.local/lib/python3.12/site-packages/airflow/example_dags/example_task_group.py
[2024-12-06T21:58:00.684+0000] {logging_mixin.py:190} INFO - [2024-12-06T21:58:00.683+0000] {dag.py:3239} INFO - Sync 1 DAGs
[2024-12-06T21:58:00.711+0000] {logging_mixin.py:190} INFO - [2024-12-06T21:58:00.711+0000] {dag.py:4180} INFO - Setting next_dagrun for example_task_group to None, run_after=None
[2024-12-06T21:58:00.743+0000] {processor.py:208} INFO - Processing /home/airflow/.local/lib/python3.12/site-packages/airflow/example_dags/example_task_group.py took 0.135 seconds
[2024-12-06T21:58:31.020+0000] {processor.py:186} INFO - Started process (PID=2248) to work on /home/airflow/.local/lib/python3.12/site-packages/airflow/example_dags/example_task_group.py
[2024-12-06T21:58:31.022+0000] {processor.py:914} INFO - Processing file /home/airflow/.local/lib/python3.12/site-packages/airflow/example_dags/example_task_group.py for tasks to queue
[2024-12-06T21:58:31.027+0000] {logging_mixin.py:190} INFO - [2024-12-06T21:58:31.025+0000] {dagbag.py:588} INFO - Filling up the DagBag from /home/airflow/.local/lib/python3.12/site-packages/airflow/example_dags/example_task_group.py
[2024-12-06T21:58:31.048+0000] {processor.py:925} INFO - DAG(s) 'example_task_group' retrieved from /home/airflow/.local/lib/python3.12/site-packages/airflow/example_dags/example_task_group.py
[2024-12-06T21:58:31.091+0000] {logging_mixin.py:190} INFO - [2024-12-06T21:58:31.090+0000] {dag.py:3239} INFO - Sync 1 DAGs
[2024-12-06T21:58:31.119+0000] {logging_mixin.py:190} INFO - [2024-12-06T21:58:31.119+0000] {dag.py:4180} INFO - Setting next_dagrun for example_task_group to None, run_after=None
[2024-12-06T21:58:31.157+0000] {processor.py:208} INFO - Processing /home/airflow/.local/lib/python3.12/site-packages/airflow/example_dags/example_task_group.py took 0.150 seconds
[2024-12-06T21:59:01.852+0000] {processor.py:186} INFO - Started process (PID=2311) to work on /home/airflow/.local/lib/python3.12/site-packages/airflow/example_dags/example_task_group.py
[2024-12-06T21:59:01.853+0000] {processor.py:914} INFO - Processing file /home/airflow/.local/lib/python3.12/site-packages/airflow/example_dags/example_task_group.py for tasks to queue
[2024-12-06T21:59:01.857+0000] {logging_mixin.py:190} INFO - [2024-12-06T21:59:01.857+0000] {dagbag.py:588} INFO - Filling up the DagBag from /home/airflow/.local/lib/python3.12/site-packages/airflow/example_dags/example_task_group.py
[2024-12-06T21:59:01.873+0000] {processor.py:925} INFO - DAG(s) 'example_task_group' retrieved from /home/airflow/.local/lib/python3.12/site-packages/airflow/example_dags/example_task_group.py
[2024-12-06T21:59:01.915+0000] {logging_mixin.py:190} INFO - [2024-12-06T21:59:01.914+0000] {dag.py:3239} INFO - Sync 1 DAGs
[2024-12-06T21:59:01.944+0000] {logging_mixin.py:190} INFO - [2024-12-06T21:59:01.944+0000] {dag.py:4180} INFO - Setting next_dagrun for example_task_group to None, run_after=None
[2024-12-06T21:59:01.986+0000] {processor.py:208} INFO - Processing /home/airflow/.local/lib/python3.12/site-packages/airflow/example_dags/example_task_group.py took 0.147 seconds
[2024-12-06T21:59:32.916+0000] {processor.py:186} INFO - Started process (PID=2374) to work on /home/airflow/.local/lib/python3.12/site-packages/airflow/example_dags/example_task_group.py
[2024-12-06T21:59:32.918+0000] {processor.py:914} INFO - Processing file /home/airflow/.local/lib/python3.12/site-packages/airflow/example_dags/example_task_group.py for tasks to queue
[2024-12-06T21:59:32.922+0000] {logging_mixin.py:190} INFO - [2024-12-06T21:59:32.921+0000] {dagbag.py:588} INFO - Filling up the DagBag from /home/airflow/.local/lib/python3.12/site-packages/airflow/example_dags/example_task_group.py
[2024-12-06T21:59:32.937+0000] {processor.py:925} INFO - DAG(s) 'example_task_group' retrieved from /home/airflow/.local/lib/python3.12/site-packages/airflow/example_dags/example_task_group.py
[2024-12-06T21:59:32.983+0000] {logging_mixin.py:190} INFO - [2024-12-06T21:59:32.983+0000] {dag.py:3239} INFO - Sync 1 DAGs
[2024-12-06T21:59:33.006+0000] {logging_mixin.py:190} INFO - [2024-12-06T21:59:33.006+0000] {dag.py:4180} INFO - Setting next_dagrun for example_task_group to None, run_after=None
[2024-12-06T21:59:33.035+0000] {processor.py:208} INFO - Processing /home/airflow/.local/lib/python3.12/site-packages/airflow/example_dags/example_task_group.py took 0.133 seconds
[2024-12-06T22:00:03.547+0000] {processor.py:186} INFO - Started process (PID=2437) to work on /home/airflow/.local/lib/python3.12/site-packages/airflow/example_dags/example_task_group.py
[2024-12-06T22:00:03.549+0000] {processor.py:914} INFO - Processing file /home/airflow/.local/lib/python3.12/site-packages/airflow/example_dags/example_task_group.py for tasks to queue
[2024-12-06T22:00:03.554+0000] {logging_mixin.py:190} INFO - [2024-12-06T22:00:03.553+0000] {dagbag.py:588} INFO - Filling up the DagBag from /home/airflow/.local/lib/python3.12/site-packages/airflow/example_dags/example_task_group.py
[2024-12-06T22:00:03.570+0000] {processor.py:925} INFO - DAG(s) 'example_task_group' retrieved from /home/airflow/.local/lib/python3.12/site-packages/airflow/example_dags/example_task_group.py
[2024-12-06T22:00:03.610+0000] {logging_mixin.py:190} INFO - [2024-12-06T22:00:03.610+0000] {dag.py:3239} INFO - Sync 1 DAGs
[2024-12-06T22:00:03.634+0000] {logging_mixin.py:190} INFO - [2024-12-06T22:00:03.633+0000] {dag.py:4180} INFO - Setting next_dagrun for example_task_group to None, run_after=None
[2024-12-06T22:00:03.664+0000] {processor.py:208} INFO - Processing /home/airflow/.local/lib/python3.12/site-packages/airflow/example_dags/example_task_group.py took 0.126 seconds
[2024-12-06T22:00:34.799+0000] {processor.py:186} INFO - Started process (PID=2500) to work on /home/airflow/.local/lib/python3.12/site-packages/airflow/example_dags/example_task_group.py
[2024-12-06T22:00:34.801+0000] {processor.py:914} INFO - Processing file /home/airflow/.local/lib/python3.12/site-packages/airflow/example_dags/example_task_group.py for tasks to queue
[2024-12-06T22:00:34.807+0000] {logging_mixin.py:190} INFO - [2024-12-06T22:00:34.807+0000] {dagbag.py:588} INFO - Filling up the DagBag from /home/airflow/.local/lib/python3.12/site-packages/airflow/example_dags/example_task_group.py
[2024-12-06T22:00:34.829+0000] {processor.py:925} INFO - DAG(s) 'example_task_group' retrieved from /home/airflow/.local/lib/python3.12/site-packages/airflow/example_dags/example_task_group.py
[2024-12-06T22:00:34.879+0000] {logging_mixin.py:190} INFO - [2024-12-06T22:00:34.878+0000] {dag.py:3239} INFO - Sync 1 DAGs
[2024-12-06T22:00:34.916+0000] {logging_mixin.py:190} INFO - [2024-12-06T22:00:34.915+0000] {dag.py:4180} INFO - Setting next_dagrun for example_task_group to None, run_after=None
[2024-12-06T22:00:34.959+0000] {processor.py:208} INFO - Processing /home/airflow/.local/lib/python3.12/site-packages/airflow/example_dags/example_task_group.py took 0.176 seconds
[2024-12-06T22:01:05.722+0000] {processor.py:186} INFO - Started process (PID=2563) to work on /home/airflow/.local/lib/python3.12/site-packages/airflow/example_dags/example_task_group.py
[2024-12-06T22:01:05.726+0000] {processor.py:914} INFO - Processing file /home/airflow/.local/lib/python3.12/site-packages/airflow/example_dags/example_task_group.py for tasks to queue
[2024-12-06T22:01:05.730+0000] {logging_mixin.py:190} INFO - [2024-12-06T22:01:05.730+0000] {dagbag.py:588} INFO - Filling up the DagBag from /home/airflow/.local/lib/python3.12/site-packages/airflow/example_dags/example_task_group.py
[2024-12-06T22:01:05.747+0000] {processor.py:925} INFO - DAG(s) 'example_task_group' retrieved from /home/airflow/.local/lib/python3.12/site-packages/airflow/example_dags/example_task_group.py
[2024-12-06T22:01:05.788+0000] {logging_mixin.py:190} INFO - [2024-12-06T22:01:05.787+0000] {dag.py:3239} INFO - Sync 1 DAGs
[2024-12-06T22:01:05.815+0000] {logging_mixin.py:190} INFO - [2024-12-06T22:01:05.815+0000] {dag.py:4180} INFO - Setting next_dagrun for example_task_group to None, run_after=None
[2024-12-06T22:01:05.852+0000] {processor.py:208} INFO - Processing /home/airflow/.local/lib/python3.12/site-packages/airflow/example_dags/example_task_group.py took 0.141 seconds
[2024-12-06T22:01:36.120+0000] {processor.py:186} INFO - Started process (PID=2626) to work on /home/airflow/.local/lib/python3.12/site-packages/airflow/example_dags/example_task_group.py
[2024-12-06T22:01:36.123+0000] {processor.py:914} INFO - Processing file /home/airflow/.local/lib/python3.12/site-packages/airflow/example_dags/example_task_group.py for tasks to queue
[2024-12-06T22:01:36.130+0000] {logging_mixin.py:190} INFO - [2024-12-06T22:01:36.128+0000] {dagbag.py:588} INFO - Filling up the DagBag from /home/airflow/.local/lib/python3.12/site-packages/airflow/example_dags/example_task_group.py
[2024-12-06T22:01:36.152+0000] {processor.py:925} INFO - DAG(s) 'example_task_group' retrieved from /home/airflow/.local/lib/python3.12/site-packages/airflow/example_dags/example_task_group.py
[2024-12-06T22:01:36.204+0000] {logging_mixin.py:190} INFO - [2024-12-06T22:01:36.203+0000] {dag.py:3239} INFO - Sync 1 DAGs
[2024-12-06T22:01:36.237+0000] {logging_mixin.py:190} INFO - [2024-12-06T22:01:36.237+0000] {dag.py:4180} INFO - Setting next_dagrun for example_task_group to None, run_after=None
[2024-12-06T22:01:36.281+0000] {processor.py:208} INFO - Processing /home/airflow/.local/lib/python3.12/site-packages/airflow/example_dags/example_task_group.py took 0.178 seconds
[2024-12-06T22:02:06.600+0000] {processor.py:186} INFO - Started process (PID=2689) to work on /home/airflow/.local/lib/python3.12/site-packages/airflow/example_dags/example_task_group.py
[2024-12-06T22:02:06.601+0000] {processor.py:914} INFO - Processing file /home/airflow/.local/lib/python3.12/site-packages/airflow/example_dags/example_task_group.py for tasks to queue
[2024-12-06T22:02:06.605+0000] {logging_mixin.py:190} INFO - [2024-12-06T22:02:06.604+0000] {dagbag.py:588} INFO - Filling up the DagBag from /home/airflow/.local/lib/python3.12/site-packages/airflow/example_dags/example_task_group.py
[2024-12-06T22:02:06.619+0000] {processor.py:925} INFO - DAG(s) 'example_task_group' retrieved from /home/airflow/.local/lib/python3.12/site-packages/airflow/example_dags/example_task_group.py
[2024-12-06T22:02:06.654+0000] {logging_mixin.py:190} INFO - [2024-12-06T22:02:06.653+0000] {dag.py:3239} INFO - Sync 1 DAGs
[2024-12-06T22:02:06.676+0000] {logging_mixin.py:190} INFO - [2024-12-06T22:02:06.675+0000] {dag.py:4180} INFO - Setting next_dagrun for example_task_group to None, run_after=None
[2024-12-06T22:02:06.706+0000] {processor.py:208} INFO - Processing /home/airflow/.local/lib/python3.12/site-packages/airflow/example_dags/example_task_group.py took 0.117 seconds
[2024-12-06T22:02:37.275+0000] {processor.py:186} INFO - Started process (PID=2752) to work on /home/airflow/.local/lib/python3.12/site-packages/airflow/example_dags/example_task_group.py
[2024-12-06T22:02:37.276+0000] {processor.py:914} INFO - Processing file /home/airflow/.local/lib/python3.12/site-packages/airflow/example_dags/example_task_group.py for tasks to queue
[2024-12-06T22:02:37.280+0000] {logging_mixin.py:190} INFO - [2024-12-06T22:02:37.280+0000] {dagbag.py:588} INFO - Filling up the DagBag from /home/airflow/.local/lib/python3.12/site-packages/airflow/example_dags/example_task_group.py
[2024-12-06T22:02:37.295+0000] {processor.py:925} INFO - DAG(s) 'example_task_group' retrieved from /home/airflow/.local/lib/python3.12/site-packages/airflow/example_dags/example_task_group.py
[2024-12-06T22:02:37.326+0000] {logging_mixin.py:190} INFO - [2024-12-06T22:02:37.325+0000] {dag.py:3239} INFO - Sync 1 DAGs
[2024-12-06T22:02:37.345+0000] {logging_mixin.py:190} INFO - [2024-12-06T22:02:37.345+0000] {dag.py:4180} INFO - Setting next_dagrun for example_task_group to None, run_after=None
[2024-12-06T22:02:37.374+0000] {processor.py:208} INFO - Processing /home/airflow/.local/lib/python3.12/site-packages/airflow/example_dags/example_task_group.py took 0.110 seconds
[2024-12-06T22:03:08.464+0000] {processor.py:186} INFO - Started process (PID=2815) to work on /home/airflow/.local/lib/python3.12/site-packages/airflow/example_dags/example_task_group.py
[2024-12-06T22:03:08.466+0000] {processor.py:914} INFO - Processing file /home/airflow/.local/lib/python3.12/site-packages/airflow/example_dags/example_task_group.py for tasks to queue
[2024-12-06T22:03:08.469+0000] {logging_mixin.py:190} INFO - [2024-12-06T22:03:08.469+0000] {dagbag.py:588} INFO - Filling up the DagBag from /home/airflow/.local/lib/python3.12/site-packages/airflow/example_dags/example_task_group.py
[2024-12-06T22:03:08.488+0000] {processor.py:925} INFO - DAG(s) 'example_task_group' retrieved from /home/airflow/.local/lib/python3.12/site-packages/airflow/example_dags/example_task_group.py
[2024-12-06T22:03:08.524+0000] {logging_mixin.py:190} INFO - [2024-12-06T22:03:08.524+0000] {dag.py:3239} INFO - Sync 1 DAGs
[2024-12-06T22:03:08.548+0000] {logging_mixin.py:190} INFO - [2024-12-06T22:03:08.548+0000] {dag.py:4180} INFO - Setting next_dagrun for example_task_group to None, run_after=None
[2024-12-06T22:03:08.581+0000] {processor.py:208} INFO - Processing /home/airflow/.local/lib/python3.12/site-packages/airflow/example_dags/example_task_group.py took 0.128 seconds
[2024-12-06T22:03:39.837+0000] {processor.py:186} INFO - Started process (PID=2878) to work on /home/airflow/.local/lib/python3.12/site-packages/airflow/example_dags/example_task_group.py
[2024-12-06T22:03:39.838+0000] {processor.py:914} INFO - Processing file /home/airflow/.local/lib/python3.12/site-packages/airflow/example_dags/example_task_group.py for tasks to queue
[2024-12-06T22:03:39.842+0000] {logging_mixin.py:190} INFO - [2024-12-06T22:03:39.842+0000] {dagbag.py:588} INFO - Filling up the DagBag from /home/airflow/.local/lib/python3.12/site-packages/airflow/example_dags/example_task_group.py
[2024-12-06T22:03:39.860+0000] {processor.py:925} INFO - DAG(s) 'example_task_group' retrieved from /home/airflow/.local/lib/python3.12/site-packages/airflow/example_dags/example_task_group.py
[2024-12-06T22:03:39.897+0000] {logging_mixin.py:190} INFO - [2024-12-06T22:03:39.897+0000] {dag.py:3239} INFO - Sync 1 DAGs
[2024-12-06T22:03:39.920+0000] {logging_mixin.py:190} INFO - [2024-12-06T22:03:39.919+0000] {dag.py:4180} INFO - Setting next_dagrun for example_task_group to None, run_after=None
[2024-12-06T22:03:39.953+0000] {processor.py:208} INFO - Processing /home/airflow/.local/lib/python3.12/site-packages/airflow/example_dags/example_task_group.py took 0.125 seconds
[2024-12-06T22:04:11.503+0000] {processor.py:186} INFO - Started process (PID=2940) to work on /home/airflow/.local/lib/python3.12/site-packages/airflow/example_dags/example_task_group.py
[2024-12-06T22:04:11.504+0000] {processor.py:914} INFO - Processing file /home/airflow/.local/lib/python3.12/site-packages/airflow/example_dags/example_task_group.py for tasks to queue
[2024-12-06T22:04:11.509+0000] {logging_mixin.py:190} INFO - [2024-12-06T22:04:11.508+0000] {dagbag.py:588} INFO - Filling up the DagBag from /home/airflow/.local/lib/python3.12/site-packages/airflow/example_dags/example_task_group.py
[2024-12-06T22:04:11.526+0000] {processor.py:925} INFO - DAG(s) 'example_task_group' retrieved from /home/airflow/.local/lib/python3.12/site-packages/airflow/example_dags/example_task_group.py
[2024-12-06T22:04:11.571+0000] {logging_mixin.py:190} INFO - [2024-12-06T22:04:11.570+0000] {dag.py:3239} INFO - Sync 1 DAGs
[2024-12-06T22:04:11.601+0000] {logging_mixin.py:190} INFO - [2024-12-06T22:04:11.601+0000] {dag.py:4180} INFO - Setting next_dagrun for example_task_group to None, run_after=None
[2024-12-06T22:04:11.637+0000] {processor.py:208} INFO - Processing /home/airflow/.local/lib/python3.12/site-packages/airflow/example_dags/example_task_group.py took 0.146 seconds
[2024-12-06T22:04:43.689+0000] {processor.py:186} INFO - Started process (PID=3003) to work on /home/airflow/.local/lib/python3.12/site-packages/airflow/example_dags/example_task_group.py
[2024-12-06T22:04:43.691+0000] {processor.py:914} INFO - Processing file /home/airflow/.local/lib/python3.12/site-packages/airflow/example_dags/example_task_group.py for tasks to queue
[2024-12-06T22:04:43.694+0000] {logging_mixin.py:190} INFO - [2024-12-06T22:04:43.694+0000] {dagbag.py:588} INFO - Filling up the DagBag from /home/airflow/.local/lib/python3.12/site-packages/airflow/example_dags/example_task_group.py
[2024-12-06T22:04:43.710+0000] {processor.py:925} INFO - DAG(s) 'example_task_group' retrieved from /home/airflow/.local/lib/python3.12/site-packages/airflow/example_dags/example_task_group.py
[2024-12-06T22:04:43.744+0000] {logging_mixin.py:190} INFO - [2024-12-06T22:04:43.744+0000] {dag.py:3239} INFO - Sync 1 DAGs
[2024-12-06T22:04:43.770+0000] {logging_mixin.py:190} INFO - [2024-12-06T22:04:43.769+0000] {dag.py:4180} INFO - Setting next_dagrun for example_task_group to None, run_after=None
[2024-12-06T22:04:43.802+0000] {processor.py:208} INFO - Processing /home/airflow/.local/lib/python3.12/site-packages/airflow/example_dags/example_task_group.py took 0.125 seconds
[2024-12-06T22:05:15.910+0000] {processor.py:186} INFO - Started process (PID=3066) to work on /home/airflow/.local/lib/python3.12/site-packages/airflow/example_dags/example_task_group.py
[2024-12-06T22:05:15.912+0000] {processor.py:914} INFO - Processing file /home/airflow/.local/lib/python3.12/site-packages/airflow/example_dags/example_task_group.py for tasks to queue
[2024-12-06T22:05:15.916+0000] {logging_mixin.py:190} INFO - [2024-12-06T22:05:15.915+0000] {dagbag.py:588} INFO - Filling up the DagBag from /home/airflow/.local/lib/python3.12/site-packages/airflow/example_dags/example_task_group.py
[2024-12-06T22:05:15.931+0000] {processor.py:925} INFO - DAG(s) 'example_task_group' retrieved from /home/airflow/.local/lib/python3.12/site-packages/airflow/example_dags/example_task_group.py
[2024-12-06T22:05:15.965+0000] {logging_mixin.py:190} INFO - [2024-12-06T22:05:15.965+0000] {dag.py:3239} INFO - Sync 1 DAGs
[2024-12-06T22:05:15.989+0000] {logging_mixin.py:190} INFO - [2024-12-06T22:05:15.989+0000] {dag.py:4180} INFO - Setting next_dagrun for example_task_group to None, run_after=None
[2024-12-06T22:05:16.023+0000] {processor.py:208} INFO - Processing /home/airflow/.local/lib/python3.12/site-packages/airflow/example_dags/example_task_group.py took 0.122 seconds
[2024-12-06T22:05:47.828+0000] {processor.py:186} INFO - Started process (PID=3127) to work on /home/airflow/.local/lib/python3.12/site-packages/airflow/example_dags/example_task_group.py
[2024-12-06T22:05:47.829+0000] {processor.py:914} INFO - Processing file /home/airflow/.local/lib/python3.12/site-packages/airflow/example_dags/example_task_group.py for tasks to queue
[2024-12-06T22:05:47.833+0000] {logging_mixin.py:190} INFO - [2024-12-06T22:05:47.833+0000] {dagbag.py:588} INFO - Filling up the DagBag from /home/airflow/.local/lib/python3.12/site-packages/airflow/example_dags/example_task_group.py
[2024-12-06T22:05:47.848+0000] {processor.py:925} INFO - DAG(s) 'example_task_group' retrieved from /home/airflow/.local/lib/python3.12/site-packages/airflow/example_dags/example_task_group.py
[2024-12-06T22:05:47.884+0000] {logging_mixin.py:190} INFO - [2024-12-06T22:05:47.884+0000] {dag.py:3239} INFO - Sync 1 DAGs
[2024-12-06T22:05:47.911+0000] {logging_mixin.py:190} INFO - [2024-12-06T22:05:47.911+0000] {dag.py:4180} INFO - Setting next_dagrun for example_task_group to None, run_after=None
[2024-12-06T22:05:47.944+0000] {processor.py:208} INFO - Processing /home/airflow/.local/lib/python3.12/site-packages/airflow/example_dags/example_task_group.py took 0.129 seconds
[2024-12-06T22:06:18.419+0000] {processor.py:186} INFO - Started process (PID=3188) to work on /home/airflow/.local/lib/python3.12/site-packages/airflow/example_dags/example_task_group.py
[2024-12-06T22:06:18.420+0000] {processor.py:914} INFO - Processing file /home/airflow/.local/lib/python3.12/site-packages/airflow/example_dags/example_task_group.py for tasks to queue
[2024-12-06T22:06:18.423+0000] {logging_mixin.py:190} INFO - [2024-12-06T22:06:18.423+0000] {dagbag.py:588} INFO - Filling up the DagBag from /home/airflow/.local/lib/python3.12/site-packages/airflow/example_dags/example_task_group.py
[2024-12-06T22:06:18.437+0000] {processor.py:925} INFO - DAG(s) 'example_task_group' retrieved from /home/airflow/.local/lib/python3.12/site-packages/airflow/example_dags/example_task_group.py
[2024-12-06T22:06:18.468+0000] {logging_mixin.py:190} INFO - [2024-12-06T22:06:18.468+0000] {dag.py:3239} INFO - Sync 1 DAGs
[2024-12-06T22:06:18.489+0000] {logging_mixin.py:190} INFO - [2024-12-06T22:06:18.488+0000] {dag.py:4180} INFO - Setting next_dagrun for example_task_group to None, run_after=None
[2024-12-06T22:06:18.519+0000] {processor.py:208} INFO - Processing /home/airflow/.local/lib/python3.12/site-packages/airflow/example_dags/example_task_group.py took 0.108 seconds
[2024-12-06T22:06:48.596+0000] {processor.py:186} INFO - Started process (PID=3247) to work on /home/airflow/.local/lib/python3.12/site-packages/airflow/example_dags/example_task_group.py
[2024-12-06T22:06:48.597+0000] {processor.py:914} INFO - Processing file /home/airflow/.local/lib/python3.12/site-packages/airflow/example_dags/example_task_group.py for tasks to queue
[2024-12-06T22:06:48.601+0000] {logging_mixin.py:190} INFO - [2024-12-06T22:06:48.601+0000] {dagbag.py:588} INFO - Filling up the DagBag from /home/airflow/.local/lib/python3.12/site-packages/airflow/example_dags/example_task_group.py
[2024-12-06T22:06:48.614+0000] {processor.py:925} INFO - DAG(s) 'example_task_group' retrieved from /home/airflow/.local/lib/python3.12/site-packages/airflow/example_dags/example_task_group.py
[2024-12-06T22:06:48.646+0000] {logging_mixin.py:190} INFO - [2024-12-06T22:06:48.646+0000] {dag.py:3239} INFO - Sync 1 DAGs
[2024-12-06T22:06:48.666+0000] {logging_mixin.py:190} INFO - [2024-12-06T22:06:48.666+0000] {dag.py:4180} INFO - Setting next_dagrun for example_task_group to None, run_after=None
[2024-12-06T22:06:48.691+0000] {processor.py:208} INFO - Processing /home/airflow/.local/lib/python3.12/site-packages/airflow/example_dags/example_task_group.py took 0.104 seconds
[2024-12-06T22:07:20.277+0000] {processor.py:186} INFO - Started process (PID=3315) to work on /home/airflow/.local/lib/python3.12/site-packages/airflow/example_dags/example_task_group.py
[2024-12-06T22:07:20.281+0000] {processor.py:914} INFO - Processing file /home/airflow/.local/lib/python3.12/site-packages/airflow/example_dags/example_task_group.py for tasks to queue
[2024-12-06T22:07:20.284+0000] {logging_mixin.py:190} INFO - [2024-12-06T22:07:20.284+0000] {dagbag.py:588} INFO - Filling up the DagBag from /home/airflow/.local/lib/python3.12/site-packages/airflow/example_dags/example_task_group.py
[2024-12-06T22:07:20.298+0000] {processor.py:925} INFO - DAG(s) 'example_task_group' retrieved from /home/airflow/.local/lib/python3.12/site-packages/airflow/example_dags/example_task_group.py
[2024-12-06T22:07:20.334+0000] {logging_mixin.py:190} INFO - [2024-12-06T22:07:20.333+0000] {dag.py:3239} INFO - Sync 1 DAGs
[2024-12-06T22:07:20.356+0000] {logging_mixin.py:190} INFO - [2024-12-06T22:07:20.356+0000] {dag.py:4180} INFO - Setting next_dagrun for example_task_group to None, run_after=None
[2024-12-06T22:07:20.387+0000] {processor.py:208} INFO - Processing /home/airflow/.local/lib/python3.12/site-packages/airflow/example_dags/example_task_group.py took 0.117 seconds
[2024-12-06T22:07:52.794+0000] {processor.py:186} INFO - Started process (PID=3378) to work on /home/airflow/.local/lib/python3.12/site-packages/airflow/example_dags/example_task_group.py
[2024-12-06T22:07:52.796+0000] {processor.py:914} INFO - Processing file /home/airflow/.local/lib/python3.12/site-packages/airflow/example_dags/example_task_group.py for tasks to queue
[2024-12-06T22:07:52.802+0000] {logging_mixin.py:190} INFO - [2024-12-06T22:07:52.801+0000] {dagbag.py:588} INFO - Filling up the DagBag from /home/airflow/.local/lib/python3.12/site-packages/airflow/example_dags/example_task_group.py
[2024-12-06T22:07:52.826+0000] {processor.py:925} INFO - DAG(s) 'example_task_group' retrieved from /home/airflow/.local/lib/python3.12/site-packages/airflow/example_dags/example_task_group.py
[2024-12-06T22:07:52.875+0000] {logging_mixin.py:190} INFO - [2024-12-06T22:07:52.874+0000] {dag.py:3239} INFO - Sync 1 DAGs
[2024-12-06T22:07:52.922+0000] {logging_mixin.py:190} INFO - [2024-12-06T22:07:52.922+0000] {dag.py:4180} INFO - Setting next_dagrun for example_task_group to None, run_after=None
[2024-12-06T22:07:53.240+0000] {processor.py:208} INFO - Processing /home/airflow/.local/lib/python3.12/site-packages/airflow/example_dags/example_task_group.py took 0.459 seconds
[2024-12-06T22:08:23.367+0000] {processor.py:186} INFO - Started process (PID=3439) to work on /home/airflow/.local/lib/python3.12/site-packages/airflow/example_dags/example_task_group.py
[2024-12-06T22:08:23.370+0000] {processor.py:914} INFO - Processing file /home/airflow/.local/lib/python3.12/site-packages/airflow/example_dags/example_task_group.py for tasks to queue
[2024-12-06T22:08:23.375+0000] {logging_mixin.py:190} INFO - [2024-12-06T22:08:23.374+0000] {dagbag.py:588} INFO - Filling up the DagBag from /home/airflow/.local/lib/python3.12/site-packages/airflow/example_dags/example_task_group.py
[2024-12-06T22:08:23.393+0000] {processor.py:925} INFO - DAG(s) 'example_task_group' retrieved from /home/airflow/.local/lib/python3.12/site-packages/airflow/example_dags/example_task_group.py
[2024-12-06T22:08:23.425+0000] {logging_mixin.py:190} INFO - [2024-12-06T22:08:23.425+0000] {dag.py:3239} INFO - Sync 1 DAGs
[2024-12-06T22:08:23.446+0000] {logging_mixin.py:190} INFO - [2024-12-06T22:08:23.445+0000] {dag.py:4180} INFO - Setting next_dagrun for example_task_group to None, run_after=None
[2024-12-06T22:08:23.479+0000] {processor.py:208} INFO - Processing /home/airflow/.local/lib/python3.12/site-packages/airflow/example_dags/example_task_group.py took 0.122 seconds
[2024-12-06T22:08:57.422+0000] {processor.py:186} INFO - Started process (PID=3502) to work on /home/airflow/.local/lib/python3.12/site-packages/airflow/example_dags/example_task_group.py
[2024-12-06T22:08:57.424+0000] {processor.py:914} INFO - Processing file /home/airflow/.local/lib/python3.12/site-packages/airflow/example_dags/example_task_group.py for tasks to queue
[2024-12-06T22:08:57.428+0000] {logging_mixin.py:190} INFO - [2024-12-06T22:08:57.428+0000] {dagbag.py:588} INFO - Filling up the DagBag from /home/airflow/.local/lib/python3.12/site-packages/airflow/example_dags/example_task_group.py
[2024-12-06T22:08:57.441+0000] {processor.py:925} INFO - DAG(s) 'example_task_group' retrieved from /home/airflow/.local/lib/python3.12/site-packages/airflow/example_dags/example_task_group.py
[2024-12-06T22:08:57.472+0000] {logging_mixin.py:190} INFO - [2024-12-06T22:08:57.471+0000] {dag.py:3239} INFO - Sync 1 DAGs
[2024-12-06T22:08:57.493+0000] {logging_mixin.py:190} INFO - [2024-12-06T22:08:57.493+0000] {dag.py:4180} INFO - Setting next_dagrun for example_task_group to None, run_after=None
[2024-12-06T22:08:57.518+0000] {processor.py:208} INFO - Processing /home/airflow/.local/lib/python3.12/site-packages/airflow/example_dags/example_task_group.py took 0.106 seconds
[2024-12-06T22:09:27.783+0000] {processor.py:186} INFO - Started process (PID=3563) to work on /home/airflow/.local/lib/python3.12/site-packages/airflow/example_dags/example_task_group.py
[2024-12-06T22:09:27.784+0000] {processor.py:914} INFO - Processing file /home/airflow/.local/lib/python3.12/site-packages/airflow/example_dags/example_task_group.py for tasks to queue
[2024-12-06T22:09:27.789+0000] {logging_mixin.py:190} INFO - [2024-12-06T22:09:27.788+0000] {dagbag.py:588} INFO - Filling up the DagBag from /home/airflow/.local/lib/python3.12/site-packages/airflow/example_dags/example_task_group.py
[2024-12-06T22:09:27.805+0000] {processor.py:925} INFO - DAG(s) 'example_task_group' retrieved from /home/airflow/.local/lib/python3.12/site-packages/airflow/example_dags/example_task_group.py
[2024-12-06T22:09:27.844+0000] {logging_mixin.py:190} INFO - [2024-12-06T22:09:27.843+0000] {dag.py:3239} INFO - Sync 1 DAGs
[2024-12-06T22:09:27.869+0000] {logging_mixin.py:190} INFO - [2024-12-06T22:09:27.869+0000] {dag.py:4180} INFO - Setting next_dagrun for example_task_group to None, run_after=None
[2024-12-06T22:09:27.902+0000] {processor.py:208} INFO - Processing /home/airflow/.local/lib/python3.12/site-packages/airflow/example_dags/example_task_group.py took 0.131 seconds
[2024-12-06T22:09:58.248+0000] {processor.py:186} INFO - Started process (PID=3625) to work on /home/airflow/.local/lib/python3.12/site-packages/airflow/example_dags/example_task_group.py
[2024-12-06T22:09:58.249+0000] {processor.py:914} INFO - Processing file /home/airflow/.local/lib/python3.12/site-packages/airflow/example_dags/example_task_group.py for tasks to queue
[2024-12-06T22:09:58.253+0000] {logging_mixin.py:190} INFO - [2024-12-06T22:09:58.253+0000] {dagbag.py:588} INFO - Filling up the DagBag from /home/airflow/.local/lib/python3.12/site-packages/airflow/example_dags/example_task_group.py
[2024-12-06T22:09:58.267+0000] {processor.py:925} INFO - DAG(s) 'example_task_group' retrieved from /home/airflow/.local/lib/python3.12/site-packages/airflow/example_dags/example_task_group.py
[2024-12-06T22:09:58.299+0000] {logging_mixin.py:190} INFO - [2024-12-06T22:09:58.299+0000] {dag.py:3239} INFO - Sync 1 DAGs
[2024-12-06T22:09:58.320+0000] {logging_mixin.py:190} INFO - [2024-12-06T22:09:58.319+0000] {dag.py:4180} INFO - Setting next_dagrun for example_task_group to None, run_after=None
[2024-12-06T22:09:58.348+0000] {processor.py:208} INFO - Processing /home/airflow/.local/lib/python3.12/site-packages/airflow/example_dags/example_task_group.py took 0.112 seconds
[2024-12-06T22:10:29.007+0000] {processor.py:186} INFO - Started process (PID=3684) to work on /home/airflow/.local/lib/python3.12/site-packages/airflow/example_dags/example_task_group.py
[2024-12-06T22:10:29.009+0000] {processor.py:914} INFO - Processing file /home/airflow/.local/lib/python3.12/site-packages/airflow/example_dags/example_task_group.py for tasks to queue
[2024-12-06T22:10:29.012+0000] {logging_mixin.py:190} INFO - [2024-12-06T22:10:29.012+0000] {dagbag.py:588} INFO - Filling up the DagBag from /home/airflow/.local/lib/python3.12/site-packages/airflow/example_dags/example_task_group.py
[2024-12-06T22:10:29.028+0000] {processor.py:925} INFO - DAG(s) 'example_task_group' retrieved from /home/airflow/.local/lib/python3.12/site-packages/airflow/example_dags/example_task_group.py
[2024-12-06T22:10:29.061+0000] {logging_mixin.py:190} INFO - [2024-12-06T22:10:29.061+0000] {dag.py:3239} INFO - Sync 1 DAGs
[2024-12-06T22:10:29.086+0000] {logging_mixin.py:190} INFO - [2024-12-06T22:10:29.086+0000] {dag.py:4180} INFO - Setting next_dagrun for example_task_group to None, run_after=None
[2024-12-06T22:10:29.116+0000] {processor.py:208} INFO - Processing /home/airflow/.local/lib/python3.12/site-packages/airflow/example_dags/example_task_group.py took 0.118 seconds
[2024-12-06T22:10:59.417+0000] {processor.py:186} INFO - Started process (PID=3746) to work on /home/airflow/.local/lib/python3.12/site-packages/airflow/example_dags/example_task_group.py
[2024-12-06T22:10:59.419+0000] {processor.py:914} INFO - Processing file /home/airflow/.local/lib/python3.12/site-packages/airflow/example_dags/example_task_group.py for tasks to queue
[2024-12-06T22:10:59.422+0000] {logging_mixin.py:190} INFO - [2024-12-06T22:10:59.421+0000] {dagbag.py:588} INFO - Filling up the DagBag from /home/airflow/.local/lib/python3.12/site-packages/airflow/example_dags/example_task_group.py
[2024-12-06T22:10:59.436+0000] {processor.py:925} INFO - DAG(s) 'example_task_group' retrieved from /home/airflow/.local/lib/python3.12/site-packages/airflow/example_dags/example_task_group.py
[2024-12-06T22:10:59.467+0000] {logging_mixin.py:190} INFO - [2024-12-06T22:10:59.467+0000] {dag.py:3239} INFO - Sync 1 DAGs
[2024-12-06T22:10:59.490+0000] {logging_mixin.py:190} INFO - [2024-12-06T22:10:59.489+0000] {dag.py:4180} INFO - Setting next_dagrun for example_task_group to None, run_after=None
[2024-12-06T22:10:59.521+0000] {processor.py:208} INFO - Processing /home/airflow/.local/lib/python3.12/site-packages/airflow/example_dags/example_task_group.py took 0.112 seconds
