[2024-12-06T21:40:54.548+0000] {processor.py:186} INFO - Started process (PID=96) to work on /home/airflow/.local/lib/python3.12/site-packages/airflow/example_dags/example_skip_dag.py
[2024-12-06T21:40:54.549+0000] {processor.py:914} INFO - Processing file /home/airflow/.local/lib/python3.12/site-packages/airflow/example_dags/example_skip_dag.py for tasks to queue
[2024-12-06T21:40:54.552+0000] {logging_mixin.py:190} INFO - [2024-12-06T21:40:54.552+0000] {dagbag.py:588} INFO - Filling up the DagBag from /home/airflow/.local/lib/python3.12/site-packages/airflow/example_dags/example_skip_dag.py
[2024-12-06T21:40:54.566+0000] {processor.py:925} INFO - DAG(s) 'example_skip_dag' retrieved from /home/airflow/.local/lib/python3.12/site-packages/airflow/example_dags/example_skip_dag.py
[2024-12-06T21:40:54.711+0000] {logging_mixin.py:190} INFO - [2024-12-06T21:40:54.710+0000] {override.py:1911} INFO - Created Permission View: can edit on DAG:example_skip_dag
[2024-12-06T21:40:54.725+0000] {logging_mixin.py:190} INFO - [2024-12-06T21:40:54.724+0000] {override.py:1911} INFO - Created Permission View: can delete on DAG:example_skip_dag
[2024-12-06T21:40:54.735+0000] {logging_mixin.py:190} INFO - [2024-12-06T21:40:54.734+0000] {override.py:1911} INFO - Created Permission View: can read on DAG:example_skip_dag
[2024-12-06T21:40:54.746+0000] {logging_mixin.py:190} INFO - [2024-12-06T21:40:54.746+0000] {override.py:1911} INFO - Created Permission View: menu access on DAG Run:example_skip_dag
[2024-12-06T21:40:54.756+0000] {logging_mixin.py:190} INFO - [2024-12-06T21:40:54.756+0000] {override.py:1911} INFO - Created Permission View: can create on DAG Run:example_skip_dag
[2024-12-06T21:40:54.766+0000] {logging_mixin.py:190} INFO - [2024-12-06T21:40:54.766+0000] {override.py:1911} INFO - Created Permission View: can delete on DAG Run:example_skip_dag
[2024-12-06T21:40:54.776+0000] {logging_mixin.py:190} INFO - [2024-12-06T21:40:54.775+0000] {override.py:1911} INFO - Created Permission View: can read on DAG Run:example_skip_dag
[2024-12-06T21:40:54.777+0000] {logging_mixin.py:190} INFO - [2024-12-06T21:40:54.776+0000] {dag.py:3239} INFO - Sync 1 DAGs
[2024-12-06T21:40:54.795+0000] {logging_mixin.py:190} INFO - [2024-12-06T21:40:54.795+0000] {dag.py:3262} INFO - Creating ORM DAG for example_skip_dag
[2024-12-06T21:40:54.809+0000] {logging_mixin.py:190} INFO - [2024-12-06T21:40:54.808+0000] {dag.py:4180} INFO - Setting next_dagrun for example_skip_dag to 2024-12-05 00:00:00+00:00, run_after=2024-12-06 00:00:00+00:00
[2024-12-06T21:40:54.830+0000] {processor.py:208} INFO - Processing /home/airflow/.local/lib/python3.12/site-packages/airflow/example_dags/example_skip_dag.py took 0.290 seconds
[2024-12-06T21:41:25.386+0000] {processor.py:186} INFO - Started process (PID=158) to work on /home/airflow/.local/lib/python3.12/site-packages/airflow/example_dags/example_skip_dag.py
[2024-12-06T21:41:25.387+0000] {processor.py:914} INFO - Processing file /home/airflow/.local/lib/python3.12/site-packages/airflow/example_dags/example_skip_dag.py for tasks to queue
[2024-12-06T21:41:25.390+0000] {logging_mixin.py:190} INFO - [2024-12-06T21:41:25.390+0000] {dagbag.py:588} INFO - Filling up the DagBag from /home/airflow/.local/lib/python3.12/site-packages/airflow/example_dags/example_skip_dag.py
[2024-12-06T21:41:25.400+0000] {processor.py:925} INFO - DAG(s) 'example_skip_dag' retrieved from /home/airflow/.local/lib/python3.12/site-packages/airflow/example_dags/example_skip_dag.py
[2024-12-06T21:41:25.427+0000] {logging_mixin.py:190} INFO - [2024-12-06T21:41:25.427+0000] {dag.py:3239} INFO - Sync 1 DAGs
[2024-12-06T21:41:25.456+0000] {logging_mixin.py:190} INFO - [2024-12-06T21:41:25.455+0000] {dag.py:4180} INFO - Setting next_dagrun for example_skip_dag to 2024-12-05 00:00:00+00:00, run_after=2024-12-06 00:00:00+00:00
[2024-12-06T21:41:25.479+0000] {processor.py:208} INFO - Processing /home/airflow/.local/lib/python3.12/site-packages/airflow/example_dags/example_skip_dag.py took 0.101 seconds
[2024-12-06T21:41:55.763+0000] {processor.py:186} INFO - Started process (PID=220) to work on /home/airflow/.local/lib/python3.12/site-packages/airflow/example_dags/example_skip_dag.py
[2024-12-06T21:41:55.764+0000] {processor.py:914} INFO - Processing file /home/airflow/.local/lib/python3.12/site-packages/airflow/example_dags/example_skip_dag.py for tasks to queue
[2024-12-06T21:41:55.767+0000] {logging_mixin.py:190} INFO - [2024-12-06T21:41:55.767+0000] {dagbag.py:588} INFO - Filling up the DagBag from /home/airflow/.local/lib/python3.12/site-packages/airflow/example_dags/example_skip_dag.py
[2024-12-06T21:41:55.777+0000] {processor.py:925} INFO - DAG(s) 'example_skip_dag' retrieved from /home/airflow/.local/lib/python3.12/site-packages/airflow/example_dags/example_skip_dag.py
[2024-12-06T21:41:55.803+0000] {logging_mixin.py:190} INFO - [2024-12-06T21:41:55.803+0000] {dag.py:3239} INFO - Sync 1 DAGs
[2024-12-06T21:41:55.830+0000] {logging_mixin.py:190} INFO - [2024-12-06T21:41:55.830+0000] {dag.py:4180} INFO - Setting next_dagrun for example_skip_dag to 2024-12-05 00:00:00+00:00, run_after=2024-12-06 00:00:00+00:00
[2024-12-06T21:41:55.852+0000] {processor.py:208} INFO - Processing /home/airflow/.local/lib/python3.12/site-packages/airflow/example_dags/example_skip_dag.py took 0.097 seconds
[2024-12-06T21:42:26.927+0000] {processor.py:186} INFO - Started process (PID=283) to work on /home/airflow/.local/lib/python3.12/site-packages/airflow/example_dags/example_skip_dag.py
[2024-12-06T21:42:26.928+0000] {processor.py:914} INFO - Processing file /home/airflow/.local/lib/python3.12/site-packages/airflow/example_dags/example_skip_dag.py for tasks to queue
[2024-12-06T21:42:26.931+0000] {logging_mixin.py:190} INFO - [2024-12-06T21:42:26.931+0000] {dagbag.py:588} INFO - Filling up the DagBag from /home/airflow/.local/lib/python3.12/site-packages/airflow/example_dags/example_skip_dag.py
[2024-12-06T21:42:26.942+0000] {processor.py:925} INFO - DAG(s) 'example_skip_dag' retrieved from /home/airflow/.local/lib/python3.12/site-packages/airflow/example_dags/example_skip_dag.py
[2024-12-06T21:42:26.969+0000] {logging_mixin.py:190} INFO - [2024-12-06T21:42:26.969+0000] {dag.py:3239} INFO - Sync 1 DAGs
[2024-12-06T21:42:26.998+0000] {logging_mixin.py:190} INFO - [2024-12-06T21:42:26.997+0000] {dag.py:4180} INFO - Setting next_dagrun for example_skip_dag to 2024-12-05 00:00:00+00:00, run_after=2024-12-06 00:00:00+00:00
[2024-12-06T21:42:27.019+0000] {processor.py:208} INFO - Processing /home/airflow/.local/lib/python3.12/site-packages/airflow/example_dags/example_skip_dag.py took 0.100 seconds
[2024-12-06T21:42:57.946+0000] {processor.py:186} INFO - Started process (PID=346) to work on /home/airflow/.local/lib/python3.12/site-packages/airflow/example_dags/example_skip_dag.py
[2024-12-06T21:42:57.948+0000] {processor.py:914} INFO - Processing file /home/airflow/.local/lib/python3.12/site-packages/airflow/example_dags/example_skip_dag.py for tasks to queue
[2024-12-06T21:42:57.951+0000] {logging_mixin.py:190} INFO - [2024-12-06T21:42:57.950+0000] {dagbag.py:588} INFO - Filling up the DagBag from /home/airflow/.local/lib/python3.12/site-packages/airflow/example_dags/example_skip_dag.py
[2024-12-06T21:42:57.961+0000] {processor.py:925} INFO - DAG(s) 'example_skip_dag' retrieved from /home/airflow/.local/lib/python3.12/site-packages/airflow/example_dags/example_skip_dag.py
[2024-12-06T21:42:57.987+0000] {logging_mixin.py:190} INFO - [2024-12-06T21:42:57.987+0000] {dag.py:3239} INFO - Sync 1 DAGs
[2024-12-06T21:42:58.016+0000] {logging_mixin.py:190} INFO - [2024-12-06T21:42:58.016+0000] {dag.py:4180} INFO - Setting next_dagrun for example_skip_dag to 2024-12-05 00:00:00+00:00, run_after=2024-12-06 00:00:00+00:00
[2024-12-06T21:42:58.039+0000] {processor.py:208} INFO - Processing /home/airflow/.local/lib/python3.12/site-packages/airflow/example_dags/example_skip_dag.py took 0.100 seconds
[2024-12-06T21:43:28.763+0000] {processor.py:186} INFO - Started process (PID=408) to work on /home/airflow/.local/lib/python3.12/site-packages/airflow/example_dags/example_skip_dag.py
[2024-12-06T21:43:28.764+0000] {processor.py:914} INFO - Processing file /home/airflow/.local/lib/python3.12/site-packages/airflow/example_dags/example_skip_dag.py for tasks to queue
[2024-12-06T21:43:28.768+0000] {logging_mixin.py:190} INFO - [2024-12-06T21:43:28.767+0000] {dagbag.py:588} INFO - Filling up the DagBag from /home/airflow/.local/lib/python3.12/site-packages/airflow/example_dags/example_skip_dag.py
[2024-12-06T21:43:28.778+0000] {processor.py:925} INFO - DAG(s) 'example_skip_dag' retrieved from /home/airflow/.local/lib/python3.12/site-packages/airflow/example_dags/example_skip_dag.py
[2024-12-06T21:43:28.823+0000] {logging_mixin.py:190} INFO - [2024-12-06T21:43:28.822+0000] {dag.py:3239} INFO - Sync 1 DAGs
[2024-12-06T21:43:28.884+0000] {logging_mixin.py:190} INFO - [2024-12-06T21:43:28.883+0000] {dag.py:4180} INFO - Setting next_dagrun for example_skip_dag to 2024-12-05 00:00:00+00:00, run_after=2024-12-06 00:00:00+00:00
[2024-12-06T21:43:28.924+0000] {processor.py:208} INFO - Processing /home/airflow/.local/lib/python3.12/site-packages/airflow/example_dags/example_skip_dag.py took 0.173 seconds
[2024-12-06T21:44:00.377+0000] {processor.py:186} INFO - Started process (PID=471) to work on /home/airflow/.local/lib/python3.12/site-packages/airflow/example_dags/example_skip_dag.py
[2024-12-06T21:44:00.379+0000] {processor.py:914} INFO - Processing file /home/airflow/.local/lib/python3.12/site-packages/airflow/example_dags/example_skip_dag.py for tasks to queue
[2024-12-06T21:44:00.385+0000] {logging_mixin.py:190} INFO - [2024-12-06T21:44:00.385+0000] {dagbag.py:588} INFO - Filling up the DagBag from /home/airflow/.local/lib/python3.12/site-packages/airflow/example_dags/example_skip_dag.py
[2024-12-06T21:44:00.403+0000] {processor.py:925} INFO - DAG(s) 'example_skip_dag' retrieved from /home/airflow/.local/lib/python3.12/site-packages/airflow/example_dags/example_skip_dag.py
[2024-12-06T21:44:00.436+0000] {logging_mixin.py:190} INFO - [2024-12-06T21:44:00.436+0000] {dag.py:3239} INFO - Sync 1 DAGs
[2024-12-06T21:44:00.467+0000] {logging_mixin.py:190} INFO - [2024-12-06T21:44:00.466+0000] {dag.py:4180} INFO - Setting next_dagrun for example_skip_dag to 2024-12-05 00:00:00+00:00, run_after=2024-12-06 00:00:00+00:00
[2024-12-06T21:44:00.492+0000] {processor.py:208} INFO - Processing /home/airflow/.local/lib/python3.12/site-packages/airflow/example_dags/example_skip_dag.py took 0.126 seconds
[2024-12-06T21:44:31.688+0000] {processor.py:186} INFO - Started process (PID=534) to work on /home/airflow/.local/lib/python3.12/site-packages/airflow/example_dags/example_skip_dag.py
[2024-12-06T21:44:31.690+0000] {processor.py:914} INFO - Processing file /home/airflow/.local/lib/python3.12/site-packages/airflow/example_dags/example_skip_dag.py for tasks to queue
[2024-12-06T21:44:31.693+0000] {logging_mixin.py:190} INFO - [2024-12-06T21:44:31.693+0000] {dagbag.py:588} INFO - Filling up the DagBag from /home/airflow/.local/lib/python3.12/site-packages/airflow/example_dags/example_skip_dag.py
[2024-12-06T21:44:31.703+0000] {processor.py:925} INFO - DAG(s) 'example_skip_dag' retrieved from /home/airflow/.local/lib/python3.12/site-packages/airflow/example_dags/example_skip_dag.py
[2024-12-06T21:44:31.731+0000] {logging_mixin.py:190} INFO - [2024-12-06T21:44:31.731+0000] {dag.py:3239} INFO - Sync 1 DAGs
[2024-12-06T21:44:31.762+0000] {logging_mixin.py:190} INFO - [2024-12-06T21:44:31.762+0000] {dag.py:4180} INFO - Setting next_dagrun for example_skip_dag to 2024-12-05 00:00:00+00:00, run_after=2024-12-06 00:00:00+00:00
[2024-12-06T21:44:31.786+0000] {processor.py:208} INFO - Processing /home/airflow/.local/lib/python3.12/site-packages/airflow/example_dags/example_skip_dag.py took 0.105 seconds
[2024-12-06T21:45:03.010+0000] {processor.py:186} INFO - Started process (PID=597) to work on /home/airflow/.local/lib/python3.12/site-packages/airflow/example_dags/example_skip_dag.py
[2024-12-06T21:45:03.012+0000] {processor.py:914} INFO - Processing file /home/airflow/.local/lib/python3.12/site-packages/airflow/example_dags/example_skip_dag.py for tasks to queue
[2024-12-06T21:45:03.015+0000] {logging_mixin.py:190} INFO - [2024-12-06T21:45:03.014+0000] {dagbag.py:588} INFO - Filling up the DagBag from /home/airflow/.local/lib/python3.12/site-packages/airflow/example_dags/example_skip_dag.py
[2024-12-06T21:45:03.024+0000] {processor.py:925} INFO - DAG(s) 'example_skip_dag' retrieved from /home/airflow/.local/lib/python3.12/site-packages/airflow/example_dags/example_skip_dag.py
[2024-12-06T21:45:03.052+0000] {logging_mixin.py:190} INFO - [2024-12-06T21:45:03.051+0000] {dag.py:3239} INFO - Sync 1 DAGs
[2024-12-06T21:45:03.079+0000] {logging_mixin.py:190} INFO - [2024-12-06T21:45:03.079+0000] {dag.py:4180} INFO - Setting next_dagrun for example_skip_dag to 2024-12-05 00:00:00+00:00, run_after=2024-12-06 00:00:00+00:00
[2024-12-06T21:45:03.102+0000] {processor.py:208} INFO - Processing /home/airflow/.local/lib/python3.12/site-packages/airflow/example_dags/example_skip_dag.py took 0.100 seconds
[2024-12-06T21:45:34.524+0000] {processor.py:186} INFO - Started process (PID=661) to work on /home/airflow/.local/lib/python3.12/site-packages/airflow/example_dags/example_skip_dag.py
[2024-12-06T21:45:34.526+0000] {processor.py:914} INFO - Processing file /home/airflow/.local/lib/python3.12/site-packages/airflow/example_dags/example_skip_dag.py for tasks to queue
[2024-12-06T21:45:34.530+0000] {logging_mixin.py:190} INFO - [2024-12-06T21:45:34.529+0000] {dagbag.py:588} INFO - Filling up the DagBag from /home/airflow/.local/lib/python3.12/site-packages/airflow/example_dags/example_skip_dag.py
[2024-12-06T21:45:34.543+0000] {processor.py:925} INFO - DAG(s) 'example_skip_dag' retrieved from /home/airflow/.local/lib/python3.12/site-packages/airflow/example_dags/example_skip_dag.py
[2024-12-06T21:45:34.577+0000] {logging_mixin.py:190} INFO - [2024-12-06T21:45:34.576+0000] {dag.py:3239} INFO - Sync 1 DAGs
[2024-12-06T21:45:34.616+0000] {logging_mixin.py:190} INFO - [2024-12-06T21:45:34.615+0000] {dag.py:4180} INFO - Setting next_dagrun for example_skip_dag to 2024-12-05 00:00:00+00:00, run_after=2024-12-06 00:00:00+00:00
[2024-12-06T21:45:34.643+0000] {processor.py:208} INFO - Processing /home/airflow/.local/lib/python3.12/site-packages/airflow/example_dags/example_skip_dag.py took 0.128 seconds
[2024-12-06T21:46:06.613+0000] {processor.py:186} INFO - Started process (PID=725) to work on /home/airflow/.local/lib/python3.12/site-packages/airflow/example_dags/example_skip_dag.py
[2024-12-06T21:46:06.615+0000] {processor.py:914} INFO - Processing file /home/airflow/.local/lib/python3.12/site-packages/airflow/example_dags/example_skip_dag.py for tasks to queue
[2024-12-06T21:46:06.618+0000] {logging_mixin.py:190} INFO - [2024-12-06T21:46:06.617+0000] {dagbag.py:588} INFO - Filling up the DagBag from /home/airflow/.local/lib/python3.12/site-packages/airflow/example_dags/example_skip_dag.py
[2024-12-06T21:46:06.628+0000] {processor.py:925} INFO - DAG(s) 'example_skip_dag' retrieved from /home/airflow/.local/lib/python3.12/site-packages/airflow/example_dags/example_skip_dag.py
[2024-12-06T21:46:06.654+0000] {logging_mixin.py:190} INFO - [2024-12-06T21:46:06.654+0000] {dag.py:3239} INFO - Sync 1 DAGs
[2024-12-06T21:46:06.683+0000] {logging_mixin.py:190} INFO - [2024-12-06T21:46:06.683+0000] {dag.py:4180} INFO - Setting next_dagrun for example_skip_dag to 2024-12-05 00:00:00+00:00, run_after=2024-12-06 00:00:00+00:00
[2024-12-06T21:46:06.704+0000] {processor.py:208} INFO - Processing /home/airflow/.local/lib/python3.12/site-packages/airflow/example_dags/example_skip_dag.py took 0.099 seconds
[2024-12-06T21:46:39.222+0000] {processor.py:186} INFO - Started process (PID=793) to work on /home/airflow/.local/lib/python3.12/site-packages/airflow/example_dags/example_skip_dag.py
[2024-12-06T21:46:39.223+0000] {processor.py:914} INFO - Processing file /home/airflow/.local/lib/python3.12/site-packages/airflow/example_dags/example_skip_dag.py for tasks to queue
[2024-12-06T21:46:39.227+0000] {logging_mixin.py:190} INFO - [2024-12-06T21:46:39.226+0000] {dagbag.py:588} INFO - Filling up the DagBag from /home/airflow/.local/lib/python3.12/site-packages/airflow/example_dags/example_skip_dag.py
[2024-12-06T21:46:39.237+0000] {processor.py:925} INFO - DAG(s) 'example_skip_dag' retrieved from /home/airflow/.local/lib/python3.12/site-packages/airflow/example_dags/example_skip_dag.py
[2024-12-06T21:46:39.264+0000] {logging_mixin.py:190} INFO - [2024-12-06T21:46:39.264+0000] {dag.py:3239} INFO - Sync 1 DAGs
[2024-12-06T21:46:39.293+0000] {logging_mixin.py:190} INFO - [2024-12-06T21:46:39.293+0000] {dag.py:4180} INFO - Setting next_dagrun for example_skip_dag to 2024-12-05 00:00:00+00:00, run_after=2024-12-06 00:00:00+00:00
[2024-12-06T21:46:39.316+0000] {processor.py:208} INFO - Processing /home/airflow/.local/lib/python3.12/site-packages/airflow/example_dags/example_skip_dag.py took 0.102 seconds
[2024-12-06T21:47:09.859+0000] {processor.py:186} INFO - Started process (PID=856) to work on /home/airflow/.local/lib/python3.12/site-packages/airflow/example_dags/example_skip_dag.py
[2024-12-06T21:47:09.861+0000] {processor.py:914} INFO - Processing file /home/airflow/.local/lib/python3.12/site-packages/airflow/example_dags/example_skip_dag.py for tasks to queue
[2024-12-06T21:47:09.864+0000] {logging_mixin.py:190} INFO - [2024-12-06T21:47:09.863+0000] {dagbag.py:588} INFO - Filling up the DagBag from /home/airflow/.local/lib/python3.12/site-packages/airflow/example_dags/example_skip_dag.py
[2024-12-06T21:47:09.874+0000] {processor.py:925} INFO - DAG(s) 'example_skip_dag' retrieved from /home/airflow/.local/lib/python3.12/site-packages/airflow/example_dags/example_skip_dag.py
[2024-12-06T21:47:09.901+0000] {logging_mixin.py:190} INFO - [2024-12-06T21:47:09.901+0000] {dag.py:3239} INFO - Sync 1 DAGs
[2024-12-06T21:47:09.930+0000] {logging_mixin.py:190} INFO - [2024-12-06T21:47:09.930+0000] {dag.py:4180} INFO - Setting next_dagrun for example_skip_dag to 2024-12-05 00:00:00+00:00, run_after=2024-12-06 00:00:00+00:00
[2024-12-06T21:47:09.953+0000] {processor.py:208} INFO - Processing /home/airflow/.local/lib/python3.12/site-packages/airflow/example_dags/example_skip_dag.py took 0.101 seconds
[2024-12-06T21:47:42.027+0000] {processor.py:186} INFO - Started process (PID=924) to work on /home/airflow/.local/lib/python3.12/site-packages/airflow/example_dags/example_skip_dag.py
[2024-12-06T21:47:42.029+0000] {processor.py:914} INFO - Processing file /home/airflow/.local/lib/python3.12/site-packages/airflow/example_dags/example_skip_dag.py for tasks to queue
[2024-12-06T21:47:42.032+0000] {logging_mixin.py:190} INFO - [2024-12-06T21:47:42.031+0000] {dagbag.py:588} INFO - Filling up the DagBag from /home/airflow/.local/lib/python3.12/site-packages/airflow/example_dags/example_skip_dag.py
[2024-12-06T21:47:42.043+0000] {processor.py:925} INFO - DAG(s) 'example_skip_dag' retrieved from /home/airflow/.local/lib/python3.12/site-packages/airflow/example_dags/example_skip_dag.py
[2024-12-06T21:47:42.071+0000] {logging_mixin.py:190} INFO - [2024-12-06T21:47:42.071+0000] {dag.py:3239} INFO - Sync 1 DAGs
[2024-12-06T21:47:42.105+0000] {logging_mixin.py:190} INFO - [2024-12-06T21:47:42.105+0000] {dag.py:4180} INFO - Setting next_dagrun for example_skip_dag to 2024-12-05 00:00:00+00:00, run_after=2024-12-06 00:00:00+00:00
[2024-12-06T21:47:42.131+0000] {processor.py:208} INFO - Processing /home/airflow/.local/lib/python3.12/site-packages/airflow/example_dags/example_skip_dag.py took 0.113 seconds
[2024-12-06T21:48:14.059+0000] {processor.py:186} INFO - Started process (PID=987) to work on /home/airflow/.local/lib/python3.12/site-packages/airflow/example_dags/example_skip_dag.py
[2024-12-06T21:48:14.061+0000] {processor.py:914} INFO - Processing file /home/airflow/.local/lib/python3.12/site-packages/airflow/example_dags/example_skip_dag.py for tasks to queue
[2024-12-06T21:48:14.065+0000] {logging_mixin.py:190} INFO - [2024-12-06T21:48:14.064+0000] {dagbag.py:588} INFO - Filling up the DagBag from /home/airflow/.local/lib/python3.12/site-packages/airflow/example_dags/example_skip_dag.py
[2024-12-06T21:48:14.081+0000] {processor.py:925} INFO - DAG(s) 'example_skip_dag' retrieved from /home/airflow/.local/lib/python3.12/site-packages/airflow/example_dags/example_skip_dag.py
[2024-12-06T21:48:14.115+0000] {logging_mixin.py:190} INFO - [2024-12-06T21:48:14.114+0000] {dag.py:3239} INFO - Sync 1 DAGs
[2024-12-06T21:48:14.156+0000] {logging_mixin.py:190} INFO - [2024-12-06T21:48:14.155+0000] {dag.py:4180} INFO - Setting next_dagrun for example_skip_dag to 2024-12-05 00:00:00+00:00, run_after=2024-12-06 00:00:00+00:00
[2024-12-06T21:48:14.189+0000] {processor.py:208} INFO - Processing /home/airflow/.local/lib/python3.12/site-packages/airflow/example_dags/example_skip_dag.py took 0.138 seconds
[2024-12-06T21:48:45.114+0000] {processor.py:186} INFO - Started process (PID=1049) to work on /home/airflow/.local/lib/python3.12/site-packages/airflow/example_dags/example_skip_dag.py
[2024-12-06T21:48:45.115+0000] {processor.py:914} INFO - Processing file /home/airflow/.local/lib/python3.12/site-packages/airflow/example_dags/example_skip_dag.py for tasks to queue
[2024-12-06T21:48:45.119+0000] {logging_mixin.py:190} INFO - [2024-12-06T21:48:45.118+0000] {dagbag.py:588} INFO - Filling up the DagBag from /home/airflow/.local/lib/python3.12/site-packages/airflow/example_dags/example_skip_dag.py
[2024-12-06T21:48:45.131+0000] {processor.py:925} INFO - DAG(s) 'example_skip_dag' retrieved from /home/airflow/.local/lib/python3.12/site-packages/airflow/example_dags/example_skip_dag.py
[2024-12-06T21:48:45.166+0000] {logging_mixin.py:190} INFO - [2024-12-06T21:48:45.166+0000] {dag.py:3239} INFO - Sync 1 DAGs
[2024-12-06T21:48:45.201+0000] {logging_mixin.py:190} INFO - [2024-12-06T21:48:45.201+0000] {dag.py:4180} INFO - Setting next_dagrun for example_skip_dag to 2024-12-05 00:00:00+00:00, run_after=2024-12-06 00:00:00+00:00
[2024-12-06T21:48:45.231+0000] {processor.py:208} INFO - Processing /home/airflow/.local/lib/python3.12/site-packages/airflow/example_dags/example_skip_dag.py took 0.125 seconds
[2024-12-06T21:49:16.576+0000] {processor.py:186} INFO - Started process (PID=1118) to work on /home/airflow/.local/lib/python3.12/site-packages/airflow/example_dags/example_skip_dag.py
[2024-12-06T21:49:16.577+0000] {processor.py:914} INFO - Processing file /home/airflow/.local/lib/python3.12/site-packages/airflow/example_dags/example_skip_dag.py for tasks to queue
[2024-12-06T21:49:16.581+0000] {logging_mixin.py:190} INFO - [2024-12-06T21:49:16.581+0000] {dagbag.py:588} INFO - Filling up the DagBag from /home/airflow/.local/lib/python3.12/site-packages/airflow/example_dags/example_skip_dag.py
[2024-12-06T21:49:16.593+0000] {processor.py:925} INFO - DAG(s) 'example_skip_dag' retrieved from /home/airflow/.local/lib/python3.12/site-packages/airflow/example_dags/example_skip_dag.py
[2024-12-06T21:49:16.626+0000] {logging_mixin.py:190} INFO - [2024-12-06T21:49:16.625+0000] {dag.py:3239} INFO - Sync 1 DAGs
[2024-12-06T21:49:16.662+0000] {logging_mixin.py:190} INFO - [2024-12-06T21:49:16.662+0000] {dag.py:4180} INFO - Setting next_dagrun for example_skip_dag to 2024-12-05 00:00:00+00:00, run_after=2024-12-06 00:00:00+00:00
[2024-12-06T21:49:16.688+0000] {processor.py:208} INFO - Processing /home/airflow/.local/lib/python3.12/site-packages/airflow/example_dags/example_skip_dag.py took 0.122 seconds
[2024-12-06T21:49:47.930+0000] {processor.py:186} INFO - Started process (PID=1181) to work on /home/airflow/.local/lib/python3.12/site-packages/airflow/example_dags/example_skip_dag.py
[2024-12-06T21:49:47.932+0000] {processor.py:914} INFO - Processing file /home/airflow/.local/lib/python3.12/site-packages/airflow/example_dags/example_skip_dag.py for tasks to queue
[2024-12-06T21:49:47.935+0000] {logging_mixin.py:190} INFO - [2024-12-06T21:49:47.935+0000] {dagbag.py:588} INFO - Filling up the DagBag from /home/airflow/.local/lib/python3.12/site-packages/airflow/example_dags/example_skip_dag.py
[2024-12-06T21:49:47.948+0000] {processor.py:925} INFO - DAG(s) 'example_skip_dag' retrieved from /home/airflow/.local/lib/python3.12/site-packages/airflow/example_dags/example_skip_dag.py
[2024-12-06T21:49:47.978+0000] {logging_mixin.py:190} INFO - [2024-12-06T21:49:47.978+0000] {dag.py:3239} INFO - Sync 1 DAGs
[2024-12-06T21:49:48.016+0000] {logging_mixin.py:190} INFO - [2024-12-06T21:49:48.016+0000] {dag.py:4180} INFO - Setting next_dagrun for example_skip_dag to 2024-12-05 00:00:00+00:00, run_after=2024-12-06 00:00:00+00:00
[2024-12-06T21:49:48.042+0000] {processor.py:208} INFO - Processing /home/airflow/.local/lib/python3.12/site-packages/airflow/example_dags/example_skip_dag.py took 0.120 seconds
[2024-12-06T21:50:18.561+0000] {processor.py:186} INFO - Started process (PID=1244) to work on /home/airflow/.local/lib/python3.12/site-packages/airflow/example_dags/example_skip_dag.py
[2024-12-06T21:50:18.563+0000] {processor.py:914} INFO - Processing file /home/airflow/.local/lib/python3.12/site-packages/airflow/example_dags/example_skip_dag.py for tasks to queue
[2024-12-06T21:50:18.567+0000] {logging_mixin.py:190} INFO - [2024-12-06T21:50:18.567+0000] {dagbag.py:588} INFO - Filling up the DagBag from /home/airflow/.local/lib/python3.12/site-packages/airflow/example_dags/example_skip_dag.py
[2024-12-06T21:50:18.580+0000] {processor.py:925} INFO - DAG(s) 'example_skip_dag' retrieved from /home/airflow/.local/lib/python3.12/site-packages/airflow/example_dags/example_skip_dag.py
[2024-12-06T21:50:18.616+0000] {logging_mixin.py:190} INFO - [2024-12-06T21:50:18.615+0000] {dag.py:3239} INFO - Sync 1 DAGs
[2024-12-06T21:50:18.654+0000] {logging_mixin.py:190} INFO - [2024-12-06T21:50:18.654+0000] {dag.py:4180} INFO - Setting next_dagrun for example_skip_dag to 2024-12-05 00:00:00+00:00, run_after=2024-12-06 00:00:00+00:00
[2024-12-06T21:50:18.682+0000] {processor.py:208} INFO - Processing /home/airflow/.local/lib/python3.12/site-packages/airflow/example_dags/example_skip_dag.py took 0.131 seconds
[2024-12-06T21:50:49.688+0000] {processor.py:186} INFO - Started process (PID=1307) to work on /home/airflow/.local/lib/python3.12/site-packages/airflow/example_dags/example_skip_dag.py
[2024-12-06T21:50:49.690+0000] {processor.py:914} INFO - Processing file /home/airflow/.local/lib/python3.12/site-packages/airflow/example_dags/example_skip_dag.py for tasks to queue
[2024-12-06T21:50:49.693+0000] {logging_mixin.py:190} INFO - [2024-12-06T21:50:49.693+0000] {dagbag.py:588} INFO - Filling up the DagBag from /home/airflow/.local/lib/python3.12/site-packages/airflow/example_dags/example_skip_dag.py
[2024-12-06T21:50:49.706+0000] {processor.py:925} INFO - DAG(s) 'example_skip_dag' retrieved from /home/airflow/.local/lib/python3.12/site-packages/airflow/example_dags/example_skip_dag.py
[2024-12-06T21:50:49.741+0000] {logging_mixin.py:190} INFO - [2024-12-06T21:50:49.740+0000] {dag.py:3239} INFO - Sync 1 DAGs
[2024-12-06T21:50:49.778+0000] {logging_mixin.py:190} INFO - [2024-12-06T21:50:49.778+0000] {dag.py:4180} INFO - Setting next_dagrun for example_skip_dag to 2024-12-05 00:00:00+00:00, run_after=2024-12-06 00:00:00+00:00
[2024-12-06T21:50:49.809+0000] {processor.py:208} INFO - Processing /home/airflow/.local/lib/python3.12/site-packages/airflow/example_dags/example_skip_dag.py took 0.132 seconds
[2024-12-06T21:51:21.188+0000] {processor.py:186} INFO - Started process (PID=1370) to work on /home/airflow/.local/lib/python3.12/site-packages/airflow/example_dags/example_skip_dag.py
[2024-12-06T21:51:21.190+0000] {processor.py:914} INFO - Processing file /home/airflow/.local/lib/python3.12/site-packages/airflow/example_dags/example_skip_dag.py for tasks to queue
[2024-12-06T21:51:21.193+0000] {logging_mixin.py:190} INFO - [2024-12-06T21:51:21.192+0000] {dagbag.py:588} INFO - Filling up the DagBag from /home/airflow/.local/lib/python3.12/site-packages/airflow/example_dags/example_skip_dag.py
[2024-12-06T21:51:21.205+0000] {processor.py:925} INFO - DAG(s) 'example_skip_dag' retrieved from /home/airflow/.local/lib/python3.12/site-packages/airflow/example_dags/example_skip_dag.py
[2024-12-06T21:51:21.237+0000] {logging_mixin.py:190} INFO - [2024-12-06T21:51:21.236+0000] {dag.py:3239} INFO - Sync 1 DAGs
[2024-12-06T21:51:21.268+0000] {logging_mixin.py:190} INFO - [2024-12-06T21:51:21.268+0000] {dag.py:4180} INFO - Setting next_dagrun for example_skip_dag to 2024-12-05 00:00:00+00:00, run_after=2024-12-06 00:00:00+00:00
[2024-12-06T21:51:21.295+0000] {processor.py:208} INFO - Processing /home/airflow/.local/lib/python3.12/site-packages/airflow/example_dags/example_skip_dag.py took 0.116 seconds
[2024-12-06T21:51:53.179+0000] {processor.py:186} INFO - Started process (PID=1433) to work on /home/airflow/.local/lib/python3.12/site-packages/airflow/example_dags/example_skip_dag.py
[2024-12-06T21:51:53.180+0000] {processor.py:914} INFO - Processing file /home/airflow/.local/lib/python3.12/site-packages/airflow/example_dags/example_skip_dag.py for tasks to queue
[2024-12-06T21:51:53.185+0000] {logging_mixin.py:190} INFO - [2024-12-06T21:51:53.183+0000] {dagbag.py:588} INFO - Filling up the DagBag from /home/airflow/.local/lib/python3.12/site-packages/airflow/example_dags/example_skip_dag.py
[2024-12-06T21:51:53.197+0000] {processor.py:925} INFO - DAG(s) 'example_skip_dag' retrieved from /home/airflow/.local/lib/python3.12/site-packages/airflow/example_dags/example_skip_dag.py
[2024-12-06T21:51:53.237+0000] {logging_mixin.py:190} INFO - [2024-12-06T21:51:53.236+0000] {dag.py:3239} INFO - Sync 1 DAGs
[2024-12-06T21:51:53.271+0000] {logging_mixin.py:190} INFO - [2024-12-06T21:51:53.271+0000] {dag.py:4180} INFO - Setting next_dagrun for example_skip_dag to 2024-12-05 00:00:00+00:00, run_after=2024-12-06 00:00:00+00:00
[2024-12-06T21:51:53.298+0000] {processor.py:208} INFO - Processing /home/airflow/.local/lib/python3.12/site-packages/airflow/example_dags/example_skip_dag.py took 0.128 seconds
[2024-12-06T21:52:25.459+0000] {processor.py:186} INFO - Started process (PID=1496) to work on /home/airflow/.local/lib/python3.12/site-packages/airflow/example_dags/example_skip_dag.py
[2024-12-06T21:52:25.461+0000] {processor.py:914} INFO - Processing file /home/airflow/.local/lib/python3.12/site-packages/airflow/example_dags/example_skip_dag.py for tasks to queue
[2024-12-06T21:52:25.465+0000] {logging_mixin.py:190} INFO - [2024-12-06T21:52:25.464+0000] {dagbag.py:588} INFO - Filling up the DagBag from /home/airflow/.local/lib/python3.12/site-packages/airflow/example_dags/example_skip_dag.py
[2024-12-06T21:52:25.478+0000] {processor.py:925} INFO - DAG(s) 'example_skip_dag' retrieved from /home/airflow/.local/lib/python3.12/site-packages/airflow/example_dags/example_skip_dag.py
[2024-12-06T21:52:25.511+0000] {logging_mixin.py:190} INFO - [2024-12-06T21:52:25.511+0000] {dag.py:3239} INFO - Sync 1 DAGs
[2024-12-06T21:52:25.549+0000] {logging_mixin.py:190} INFO - [2024-12-06T21:52:25.548+0000] {dag.py:4180} INFO - Setting next_dagrun for example_skip_dag to 2024-12-05 00:00:00+00:00, run_after=2024-12-06 00:00:00+00:00
[2024-12-06T21:52:25.578+0000] {processor.py:208} INFO - Processing /home/airflow/.local/lib/python3.12/site-packages/airflow/example_dags/example_skip_dag.py took 0.130 seconds
[2024-12-06T21:52:57.779+0000] {processor.py:186} INFO - Started process (PID=1559) to work on /home/airflow/.local/lib/python3.12/site-packages/airflow/example_dags/example_skip_dag.py
[2024-12-06T21:52:57.781+0000] {processor.py:914} INFO - Processing file /home/airflow/.local/lib/python3.12/site-packages/airflow/example_dags/example_skip_dag.py for tasks to queue
[2024-12-06T21:52:57.784+0000] {logging_mixin.py:190} INFO - [2024-12-06T21:52:57.784+0000] {dagbag.py:588} INFO - Filling up the DagBag from /home/airflow/.local/lib/python3.12/site-packages/airflow/example_dags/example_skip_dag.py
[2024-12-06T21:52:57.798+0000] {processor.py:925} INFO - DAG(s) 'example_skip_dag' retrieved from /home/airflow/.local/lib/python3.12/site-packages/airflow/example_dags/example_skip_dag.py
[2024-12-06T21:52:57.830+0000] {logging_mixin.py:190} INFO - [2024-12-06T21:52:57.830+0000] {dag.py:3239} INFO - Sync 1 DAGs
[2024-12-06T21:52:57.867+0000] {logging_mixin.py:190} INFO - [2024-12-06T21:52:57.867+0000] {dag.py:4180} INFO - Setting next_dagrun for example_skip_dag to 2024-12-05 00:00:00+00:00, run_after=2024-12-06 00:00:00+00:00
[2024-12-06T21:52:57.895+0000] {processor.py:208} INFO - Processing /home/airflow/.local/lib/python3.12/site-packages/airflow/example_dags/example_skip_dag.py took 0.125 seconds
[2024-12-06T21:53:28.943+0000] {processor.py:186} INFO - Started process (PID=1622) to work on /home/airflow/.local/lib/python3.12/site-packages/airflow/example_dags/example_skip_dag.py
[2024-12-06T21:53:28.946+0000] {processor.py:914} INFO - Processing file /home/airflow/.local/lib/python3.12/site-packages/airflow/example_dags/example_skip_dag.py for tasks to queue
[2024-12-06T21:53:28.949+0000] {logging_mixin.py:190} INFO - [2024-12-06T21:53:28.949+0000] {dagbag.py:588} INFO - Filling up the DagBag from /home/airflow/.local/lib/python3.12/site-packages/airflow/example_dags/example_skip_dag.py
[2024-12-06T21:53:28.961+0000] {processor.py:925} INFO - DAG(s) 'example_skip_dag' retrieved from /home/airflow/.local/lib/python3.12/site-packages/airflow/example_dags/example_skip_dag.py
[2024-12-06T21:53:28.992+0000] {logging_mixin.py:190} INFO - [2024-12-06T21:53:28.992+0000] {dag.py:3239} INFO - Sync 1 DAGs
[2024-12-06T21:53:29.030+0000] {logging_mixin.py:190} INFO - [2024-12-06T21:53:29.030+0000] {dag.py:4180} INFO - Setting next_dagrun for example_skip_dag to 2024-12-05 00:00:00+00:00, run_after=2024-12-06 00:00:00+00:00
[2024-12-06T21:53:29.057+0000] {processor.py:208} INFO - Processing /home/airflow/.local/lib/python3.12/site-packages/airflow/example_dags/example_skip_dag.py took 0.123 seconds
[2024-12-06T21:54:00.728+0000] {processor.py:186} INFO - Started process (PID=1685) to work on /home/airflow/.local/lib/python3.12/site-packages/airflow/example_dags/example_skip_dag.py
[2024-12-06T21:54:00.730+0000] {processor.py:914} INFO - Processing file /home/airflow/.local/lib/python3.12/site-packages/airflow/example_dags/example_skip_dag.py for tasks to queue
[2024-12-06T21:54:00.734+0000] {logging_mixin.py:190} INFO - [2024-12-06T21:54:00.733+0000] {dagbag.py:588} INFO - Filling up the DagBag from /home/airflow/.local/lib/python3.12/site-packages/airflow/example_dags/example_skip_dag.py
[2024-12-06T21:54:00.746+0000] {processor.py:925} INFO - DAG(s) 'example_skip_dag' retrieved from /home/airflow/.local/lib/python3.12/site-packages/airflow/example_dags/example_skip_dag.py
[2024-12-06T21:54:00.782+0000] {logging_mixin.py:190} INFO - [2024-12-06T21:54:00.781+0000] {dag.py:3239} INFO - Sync 1 DAGs
[2024-12-06T21:54:00.819+0000] {logging_mixin.py:190} INFO - [2024-12-06T21:54:00.819+0000] {dag.py:4180} INFO - Setting next_dagrun for example_skip_dag to 2024-12-05 00:00:00+00:00, run_after=2024-12-06 00:00:00+00:00
[2024-12-06T21:54:00.849+0000] {processor.py:208} INFO - Processing /home/airflow/.local/lib/python3.12/site-packages/airflow/example_dags/example_skip_dag.py took 0.130 seconds
[2024-12-06T21:54:32.342+0000] {processor.py:186} INFO - Started process (PID=1749) to work on /home/airflow/.local/lib/python3.12/site-packages/airflow/example_dags/example_skip_dag.py
[2024-12-06T21:54:32.343+0000] {processor.py:914} INFO - Processing file /home/airflow/.local/lib/python3.12/site-packages/airflow/example_dags/example_skip_dag.py for tasks to queue
[2024-12-06T21:54:32.347+0000] {logging_mixin.py:190} INFO - [2024-12-06T21:54:32.347+0000] {dagbag.py:588} INFO - Filling up the DagBag from /home/airflow/.local/lib/python3.12/site-packages/airflow/example_dags/example_skip_dag.py
[2024-12-06T21:54:32.361+0000] {processor.py:925} INFO - DAG(s) 'example_skip_dag' retrieved from /home/airflow/.local/lib/python3.12/site-packages/airflow/example_dags/example_skip_dag.py
[2024-12-06T21:54:32.397+0000] {logging_mixin.py:190} INFO - [2024-12-06T21:54:32.396+0000] {dag.py:3239} INFO - Sync 1 DAGs
[2024-12-06T21:54:32.438+0000] {logging_mixin.py:190} INFO - [2024-12-06T21:54:32.437+0000] {dag.py:4180} INFO - Setting next_dagrun for example_skip_dag to 2024-12-05 00:00:00+00:00, run_after=2024-12-06 00:00:00+00:00
[2024-12-06T21:54:32.467+0000] {processor.py:208} INFO - Processing /home/airflow/.local/lib/python3.12/site-packages/airflow/example_dags/example_skip_dag.py took 0.136 seconds
[2024-12-06T21:55:03.875+0000] {processor.py:186} INFO - Started process (PID=1811) to work on /home/airflow/.local/lib/python3.12/site-packages/airflow/example_dags/example_skip_dag.py
[2024-12-06T21:55:03.877+0000] {processor.py:914} INFO - Processing file /home/airflow/.local/lib/python3.12/site-packages/airflow/example_dags/example_skip_dag.py for tasks to queue
[2024-12-06T21:55:03.881+0000] {logging_mixin.py:190} INFO - [2024-12-06T21:55:03.881+0000] {dagbag.py:588} INFO - Filling up the DagBag from /home/airflow/.local/lib/python3.12/site-packages/airflow/example_dags/example_skip_dag.py
[2024-12-06T21:55:03.895+0000] {processor.py:925} INFO - DAG(s) 'example_skip_dag' retrieved from /home/airflow/.local/lib/python3.12/site-packages/airflow/example_dags/example_skip_dag.py
[2024-12-06T21:55:03.929+0000] {logging_mixin.py:190} INFO - [2024-12-06T21:55:03.929+0000] {dag.py:3239} INFO - Sync 1 DAGs
[2024-12-06T21:55:03.966+0000] {logging_mixin.py:190} INFO - [2024-12-06T21:55:03.966+0000] {dag.py:4180} INFO - Setting next_dagrun for example_skip_dag to 2024-12-05 00:00:00+00:00, run_after=2024-12-06 00:00:00+00:00
[2024-12-06T21:55:03.997+0000] {processor.py:208} INFO - Processing /home/airflow/.local/lib/python3.12/site-packages/airflow/example_dags/example_skip_dag.py took 0.132 seconds
[2024-12-06T21:55:35.949+0000] {processor.py:186} INFO - Started process (PID=1874) to work on /home/airflow/.local/lib/python3.12/site-packages/airflow/example_dags/example_skip_dag.py
[2024-12-06T21:55:35.950+0000] {processor.py:914} INFO - Processing file /home/airflow/.local/lib/python3.12/site-packages/airflow/example_dags/example_skip_dag.py for tasks to queue
[2024-12-06T21:55:35.955+0000] {logging_mixin.py:190} INFO - [2024-12-06T21:55:35.954+0000] {dagbag.py:588} INFO - Filling up the DagBag from /home/airflow/.local/lib/python3.12/site-packages/airflow/example_dags/example_skip_dag.py
[2024-12-06T21:55:35.969+0000] {processor.py:925} INFO - DAG(s) 'example_skip_dag' retrieved from /home/airflow/.local/lib/python3.12/site-packages/airflow/example_dags/example_skip_dag.py
[2024-12-06T21:55:36.006+0000] {logging_mixin.py:190} INFO - [2024-12-06T21:55:36.006+0000] {dag.py:3239} INFO - Sync 1 DAGs
[2024-12-06T21:55:36.058+0000] {logging_mixin.py:190} INFO - [2024-12-06T21:55:36.058+0000] {dag.py:4180} INFO - Setting next_dagrun for example_skip_dag to 2024-12-05 00:00:00+00:00, run_after=2024-12-06 00:00:00+00:00
[2024-12-06T21:55:36.099+0000] {processor.py:208} INFO - Processing /home/airflow/.local/lib/python3.12/site-packages/airflow/example_dags/example_skip_dag.py took 0.162 seconds
[2024-12-06T21:56:07.426+0000] {processor.py:186} INFO - Started process (PID=1937) to work on /home/airflow/.local/lib/python3.12/site-packages/airflow/example_dags/example_skip_dag.py
[2024-12-06T21:56:07.429+0000] {processor.py:914} INFO - Processing file /home/airflow/.local/lib/python3.12/site-packages/airflow/example_dags/example_skip_dag.py for tasks to queue
[2024-12-06T21:56:07.433+0000] {logging_mixin.py:190} INFO - [2024-12-06T21:56:07.432+0000] {dagbag.py:588} INFO - Filling up the DagBag from /home/airflow/.local/lib/python3.12/site-packages/airflow/example_dags/example_skip_dag.py
[2024-12-06T21:56:07.445+0000] {processor.py:925} INFO - DAG(s) 'example_skip_dag' retrieved from /home/airflow/.local/lib/python3.12/site-packages/airflow/example_dags/example_skip_dag.py
[2024-12-06T21:56:07.500+0000] {logging_mixin.py:190} INFO - [2024-12-06T21:56:07.500+0000] {dag.py:3239} INFO - Sync 1 DAGs
[2024-12-06T21:56:07.540+0000] {logging_mixin.py:190} INFO - [2024-12-06T21:56:07.540+0000] {dag.py:4180} INFO - Setting next_dagrun for example_skip_dag to 2024-12-05 00:00:00+00:00, run_after=2024-12-06 00:00:00+00:00
[2024-12-06T21:56:07.574+0000] {processor.py:208} INFO - Processing /home/airflow/.local/lib/python3.12/site-packages/airflow/example_dags/example_skip_dag.py took 0.157 seconds
[2024-12-06T21:56:39.021+0000] {processor.py:186} INFO - Started process (PID=2000) to work on /home/airflow/.local/lib/python3.12/site-packages/airflow/example_dags/example_skip_dag.py
[2024-12-06T21:56:39.023+0000] {processor.py:914} INFO - Processing file /home/airflow/.local/lib/python3.12/site-packages/airflow/example_dags/example_skip_dag.py for tasks to queue
[2024-12-06T21:56:39.027+0000] {logging_mixin.py:190} INFO - [2024-12-06T21:56:39.026+0000] {dagbag.py:588} INFO - Filling up the DagBag from /home/airflow/.local/lib/python3.12/site-packages/airflow/example_dags/example_skip_dag.py
[2024-12-06T21:56:39.042+0000] {processor.py:925} INFO - DAG(s) 'example_skip_dag' retrieved from /home/airflow/.local/lib/python3.12/site-packages/airflow/example_dags/example_skip_dag.py
[2024-12-06T21:56:39.074+0000] {logging_mixin.py:190} INFO - [2024-12-06T21:56:39.074+0000] {dag.py:3239} INFO - Sync 1 DAGs
[2024-12-06T21:56:39.117+0000] {logging_mixin.py:190} INFO - [2024-12-06T21:56:39.116+0000] {dag.py:4180} INFO - Setting next_dagrun for example_skip_dag to 2024-12-05 00:00:00+00:00, run_after=2024-12-06 00:00:00+00:00
[2024-12-06T21:56:39.154+0000] {processor.py:208} INFO - Processing /home/airflow/.local/lib/python3.12/site-packages/airflow/example_dags/example_skip_dag.py took 0.145 seconds
[2024-12-06T21:57:10.387+0000] {processor.py:186} INFO - Started process (PID=2063) to work on /home/airflow/.local/lib/python3.12/site-packages/airflow/example_dags/example_skip_dag.py
[2024-12-06T21:57:10.389+0000] {processor.py:914} INFO - Processing file /home/airflow/.local/lib/python3.12/site-packages/airflow/example_dags/example_skip_dag.py for tasks to queue
[2024-12-06T21:57:10.393+0000] {logging_mixin.py:190} INFO - [2024-12-06T21:57:10.392+0000] {dagbag.py:588} INFO - Filling up the DagBag from /home/airflow/.local/lib/python3.12/site-packages/airflow/example_dags/example_skip_dag.py
[2024-12-06T21:57:10.406+0000] {processor.py:925} INFO - DAG(s) 'example_skip_dag' retrieved from /home/airflow/.local/lib/python3.12/site-packages/airflow/example_dags/example_skip_dag.py
[2024-12-06T21:57:10.440+0000] {logging_mixin.py:190} INFO - [2024-12-06T21:57:10.440+0000] {dag.py:3239} INFO - Sync 1 DAGs
[2024-12-06T21:57:10.477+0000] {logging_mixin.py:190} INFO - [2024-12-06T21:57:10.476+0000] {dag.py:4180} INFO - Setting next_dagrun for example_skip_dag to 2024-12-05 00:00:00+00:00, run_after=2024-12-06 00:00:00+00:00
[2024-12-06T21:57:10.505+0000] {processor.py:208} INFO - Processing /home/airflow/.local/lib/python3.12/site-packages/airflow/example_dags/example_skip_dag.py took 0.129 seconds
[2024-12-06T21:57:41.692+0000] {processor.py:186} INFO - Started process (PID=2126) to work on /home/airflow/.local/lib/python3.12/site-packages/airflow/example_dags/example_skip_dag.py
[2024-12-06T21:57:41.693+0000] {processor.py:914} INFO - Processing file /home/airflow/.local/lib/python3.12/site-packages/airflow/example_dags/example_skip_dag.py for tasks to queue
[2024-12-06T21:57:41.696+0000] {logging_mixin.py:190} INFO - [2024-12-06T21:57:41.696+0000] {dagbag.py:588} INFO - Filling up the DagBag from /home/airflow/.local/lib/python3.12/site-packages/airflow/example_dags/example_skip_dag.py
[2024-12-06T21:57:41.709+0000] {processor.py:925} INFO - DAG(s) 'example_skip_dag' retrieved from /home/airflow/.local/lib/python3.12/site-packages/airflow/example_dags/example_skip_dag.py
[2024-12-06T21:57:41.743+0000] {logging_mixin.py:190} INFO - [2024-12-06T21:57:41.742+0000] {dag.py:3239} INFO - Sync 1 DAGs
[2024-12-06T21:57:41.778+0000] {logging_mixin.py:190} INFO - [2024-12-06T21:57:41.778+0000] {dag.py:4180} INFO - Setting next_dagrun for example_skip_dag to 2024-12-05 00:00:00+00:00, run_after=2024-12-06 00:00:00+00:00
[2024-12-06T21:57:41.804+0000] {processor.py:208} INFO - Processing /home/airflow/.local/lib/python3.12/site-packages/airflow/example_dags/example_skip_dag.py took 0.122 seconds
[2024-12-06T21:58:13.121+0000] {processor.py:186} INFO - Started process (PID=2189) to work on /home/airflow/.local/lib/python3.12/site-packages/airflow/example_dags/example_skip_dag.py
[2024-12-06T21:58:13.122+0000] {processor.py:914} INFO - Processing file /home/airflow/.local/lib/python3.12/site-packages/airflow/example_dags/example_skip_dag.py for tasks to queue
[2024-12-06T21:58:13.127+0000] {logging_mixin.py:190} INFO - [2024-12-06T21:58:13.126+0000] {dagbag.py:588} INFO - Filling up the DagBag from /home/airflow/.local/lib/python3.12/site-packages/airflow/example_dags/example_skip_dag.py
[2024-12-06T21:58:13.139+0000] {processor.py:925} INFO - DAG(s) 'example_skip_dag' retrieved from /home/airflow/.local/lib/python3.12/site-packages/airflow/example_dags/example_skip_dag.py
[2024-12-06T21:58:13.178+0000] {logging_mixin.py:190} INFO - [2024-12-06T21:58:13.177+0000] {dag.py:3239} INFO - Sync 1 DAGs
[2024-12-06T21:58:13.215+0000] {logging_mixin.py:190} INFO - [2024-12-06T21:58:13.215+0000] {dag.py:4180} INFO - Setting next_dagrun for example_skip_dag to 2024-12-05 00:00:00+00:00, run_after=2024-12-06 00:00:00+00:00
[2024-12-06T21:58:13.244+0000] {processor.py:208} INFO - Processing /home/airflow/.local/lib/python3.12/site-packages/airflow/example_dags/example_skip_dag.py took 0.132 seconds
[2024-12-06T21:58:44.713+0000] {processor.py:186} INFO - Started process (PID=2252) to work on /home/airflow/.local/lib/python3.12/site-packages/airflow/example_dags/example_skip_dag.py
[2024-12-06T21:58:44.716+0000] {processor.py:914} INFO - Processing file /home/airflow/.local/lib/python3.12/site-packages/airflow/example_dags/example_skip_dag.py for tasks to queue
[2024-12-06T21:58:44.721+0000] {logging_mixin.py:190} INFO - [2024-12-06T21:58:44.720+0000] {dagbag.py:588} INFO - Filling up the DagBag from /home/airflow/.local/lib/python3.12/site-packages/airflow/example_dags/example_skip_dag.py
[2024-12-06T21:58:44.740+0000] {processor.py:925} INFO - DAG(s) 'example_skip_dag' retrieved from /home/airflow/.local/lib/python3.12/site-packages/airflow/example_dags/example_skip_dag.py
[2024-12-06T21:58:44.787+0000] {logging_mixin.py:190} INFO - [2024-12-06T21:58:44.787+0000] {dag.py:3239} INFO - Sync 1 DAGs
[2024-12-06T21:58:44.836+0000] {logging_mixin.py:190} INFO - [2024-12-06T21:58:44.836+0000] {dag.py:4180} INFO - Setting next_dagrun for example_skip_dag to 2024-12-05 00:00:00+00:00, run_after=2024-12-06 00:00:00+00:00
[2024-12-06T21:58:44.890+0000] {processor.py:208} INFO - Processing /home/airflow/.local/lib/python3.12/site-packages/airflow/example_dags/example_skip_dag.py took 0.191 seconds
[2024-12-06T21:59:16.621+0000] {processor.py:186} INFO - Started process (PID=2316) to work on /home/airflow/.local/lib/python3.12/site-packages/airflow/example_dags/example_skip_dag.py
[2024-12-06T21:59:16.623+0000] {processor.py:914} INFO - Processing file /home/airflow/.local/lib/python3.12/site-packages/airflow/example_dags/example_skip_dag.py for tasks to queue
[2024-12-06T21:59:16.627+0000] {logging_mixin.py:190} INFO - [2024-12-06T21:59:16.627+0000] {dagbag.py:588} INFO - Filling up the DagBag from /home/airflow/.local/lib/python3.12/site-packages/airflow/example_dags/example_skip_dag.py
[2024-12-06T21:59:16.640+0000] {processor.py:925} INFO - DAG(s) 'example_skip_dag' retrieved from /home/airflow/.local/lib/python3.12/site-packages/airflow/example_dags/example_skip_dag.py
[2024-12-06T21:59:16.674+0000] {logging_mixin.py:190} INFO - [2024-12-06T21:59:16.673+0000] {dag.py:3239} INFO - Sync 1 DAGs
[2024-12-06T21:59:16.710+0000] {logging_mixin.py:190} INFO - [2024-12-06T21:59:16.710+0000] {dag.py:4180} INFO - Setting next_dagrun for example_skip_dag to 2024-12-05 00:00:00+00:00, run_after=2024-12-06 00:00:00+00:00
[2024-12-06T21:59:16.739+0000] {processor.py:208} INFO - Processing /home/airflow/.local/lib/python3.12/site-packages/airflow/example_dags/example_skip_dag.py took 0.129 seconds
[2024-12-06T21:59:49.583+0000] {processor.py:186} INFO - Started process (PID=2390) to work on /home/airflow/.local/lib/python3.12/site-packages/airflow/example_dags/example_skip_dag.py
[2024-12-06T21:59:49.586+0000] {processor.py:914} INFO - Processing file /home/airflow/.local/lib/python3.12/site-packages/airflow/example_dags/example_skip_dag.py for tasks to queue
[2024-12-06T21:59:49.592+0000] {logging_mixin.py:190} INFO - [2024-12-06T21:59:49.591+0000] {dagbag.py:588} INFO - Filling up the DagBag from /home/airflow/.local/lib/python3.12/site-packages/airflow/example_dags/example_skip_dag.py
[2024-12-06T21:59:49.611+0000] {processor.py:925} INFO - DAG(s) 'example_skip_dag' retrieved from /home/airflow/.local/lib/python3.12/site-packages/airflow/example_dags/example_skip_dag.py
[2024-12-06T21:59:49.655+0000] {logging_mixin.py:190} INFO - [2024-12-06T21:59:49.655+0000] {dag.py:3239} INFO - Sync 1 DAGs
[2024-12-06T21:59:49.699+0000] {logging_mixin.py:190} INFO - [2024-12-06T21:59:49.699+0000] {dag.py:4180} INFO - Setting next_dagrun for example_skip_dag to 2024-12-05 00:00:00+00:00, run_after=2024-12-06 00:00:00+00:00
[2024-12-06T21:59:49.737+0000] {processor.py:208} INFO - Processing /home/airflow/.local/lib/python3.12/site-packages/airflow/example_dags/example_skip_dag.py took 0.168 seconds
[2024-12-06T22:00:21.939+0000] {processor.py:186} INFO - Started process (PID=2453) to work on /home/airflow/.local/lib/python3.12/site-packages/airflow/example_dags/example_skip_dag.py
[2024-12-06T22:00:21.941+0000] {processor.py:914} INFO - Processing file /home/airflow/.local/lib/python3.12/site-packages/airflow/example_dags/example_skip_dag.py for tasks to queue
[2024-12-06T22:00:21.947+0000] {logging_mixin.py:190} INFO - [2024-12-06T22:00:21.946+0000] {dagbag.py:588} INFO - Filling up the DagBag from /home/airflow/.local/lib/python3.12/site-packages/airflow/example_dags/example_skip_dag.py
[2024-12-06T22:00:21.974+0000] {processor.py:925} INFO - DAG(s) 'example_skip_dag' retrieved from /home/airflow/.local/lib/python3.12/site-packages/airflow/example_dags/example_skip_dag.py
[2024-12-06T22:00:22.025+0000] {logging_mixin.py:190} INFO - [2024-12-06T22:00:22.025+0000] {dag.py:3239} INFO - Sync 1 DAGs
[2024-12-06T22:00:22.082+0000] {logging_mixin.py:190} INFO - [2024-12-06T22:00:22.082+0000] {dag.py:4180} INFO - Setting next_dagrun for example_skip_dag to 2024-12-05 00:00:00+00:00, run_after=2024-12-06 00:00:00+00:00
[2024-12-06T22:00:22.126+0000] {processor.py:208} INFO - Processing /home/airflow/.local/lib/python3.12/site-packages/airflow/example_dags/example_skip_dag.py took 0.203 seconds
[2024-12-06T22:00:53.473+0000] {processor.py:186} INFO - Started process (PID=2516) to work on /home/airflow/.local/lib/python3.12/site-packages/airflow/example_dags/example_skip_dag.py
[2024-12-06T22:00:53.475+0000] {processor.py:914} INFO - Processing file /home/airflow/.local/lib/python3.12/site-packages/airflow/example_dags/example_skip_dag.py for tasks to queue
[2024-12-06T22:00:53.479+0000] {logging_mixin.py:190} INFO - [2024-12-06T22:00:53.478+0000] {dagbag.py:588} INFO - Filling up the DagBag from /home/airflow/.local/lib/python3.12/site-packages/airflow/example_dags/example_skip_dag.py
[2024-12-06T22:00:53.495+0000] {processor.py:925} INFO - DAG(s) 'example_skip_dag' retrieved from /home/airflow/.local/lib/python3.12/site-packages/airflow/example_dags/example_skip_dag.py
[2024-12-06T22:00:53.534+0000] {logging_mixin.py:190} INFO - [2024-12-06T22:00:53.534+0000] {dag.py:3239} INFO - Sync 1 DAGs
[2024-12-06T22:00:53.578+0000] {logging_mixin.py:190} INFO - [2024-12-06T22:00:53.578+0000] {dag.py:4180} INFO - Setting next_dagrun for example_skip_dag to 2024-12-05 00:00:00+00:00, run_after=2024-12-06 00:00:00+00:00
[2024-12-06T22:00:53.609+0000] {processor.py:208} INFO - Processing /home/airflow/.local/lib/python3.12/site-packages/airflow/example_dags/example_skip_dag.py took 0.147 seconds
[2024-12-06T22:01:24.748+0000] {processor.py:186} INFO - Started process (PID=2579) to work on /home/airflow/.local/lib/python3.12/site-packages/airflow/example_dags/example_skip_dag.py
[2024-12-06T22:01:24.749+0000] {processor.py:914} INFO - Processing file /home/airflow/.local/lib/python3.12/site-packages/airflow/example_dags/example_skip_dag.py for tasks to queue
[2024-12-06T22:01:24.753+0000] {logging_mixin.py:190} INFO - [2024-12-06T22:01:24.752+0000] {dagbag.py:588} INFO - Filling up the DagBag from /home/airflow/.local/lib/python3.12/site-packages/airflow/example_dags/example_skip_dag.py
[2024-12-06T22:01:24.765+0000] {processor.py:925} INFO - DAG(s) 'example_skip_dag' retrieved from /home/airflow/.local/lib/python3.12/site-packages/airflow/example_dags/example_skip_dag.py
[2024-12-06T22:01:24.799+0000] {logging_mixin.py:190} INFO - [2024-12-06T22:01:24.798+0000] {dag.py:3239} INFO - Sync 1 DAGs
[2024-12-06T22:01:24.837+0000] {logging_mixin.py:190} INFO - [2024-12-06T22:01:24.837+0000] {dag.py:4180} INFO - Setting next_dagrun for example_skip_dag to 2024-12-05 00:00:00+00:00, run_after=2024-12-06 00:00:00+00:00
[2024-12-06T22:01:24.865+0000] {processor.py:208} INFO - Processing /home/airflow/.local/lib/python3.12/site-packages/airflow/example_dags/example_skip_dag.py took 0.128 seconds
[2024-12-06T22:01:56.674+0000] {processor.py:186} INFO - Started process (PID=2642) to work on /home/airflow/.local/lib/python3.12/site-packages/airflow/example_dags/example_skip_dag.py
[2024-12-06T22:01:56.676+0000] {processor.py:914} INFO - Processing file /home/airflow/.local/lib/python3.12/site-packages/airflow/example_dags/example_skip_dag.py for tasks to queue
[2024-12-06T22:01:56.680+0000] {logging_mixin.py:190} INFO - [2024-12-06T22:01:56.680+0000] {dagbag.py:588} INFO - Filling up the DagBag from /home/airflow/.local/lib/python3.12/site-packages/airflow/example_dags/example_skip_dag.py
[2024-12-06T22:01:56.692+0000] {processor.py:925} INFO - DAG(s) 'example_skip_dag' retrieved from /home/airflow/.local/lib/python3.12/site-packages/airflow/example_dags/example_skip_dag.py
[2024-12-06T22:01:56.735+0000] {logging_mixin.py:190} INFO - [2024-12-06T22:01:56.734+0000] {dag.py:3239} INFO - Sync 1 DAGs
[2024-12-06T22:01:56.770+0000] {logging_mixin.py:190} INFO - [2024-12-06T22:01:56.770+0000] {dag.py:4180} INFO - Setting next_dagrun for example_skip_dag to 2024-12-05 00:00:00+00:00, run_after=2024-12-06 00:00:00+00:00
[2024-12-06T22:01:56.798+0000] {processor.py:208} INFO - Processing /home/airflow/.local/lib/python3.12/site-packages/airflow/example_dags/example_skip_dag.py took 0.132 seconds
[2024-12-06T22:02:28.583+0000] {processor.py:186} INFO - Started process (PID=2705) to work on /home/airflow/.local/lib/python3.12/site-packages/airflow/example_dags/example_skip_dag.py
[2024-12-06T22:02:28.585+0000] {processor.py:914} INFO - Processing file /home/airflow/.local/lib/python3.12/site-packages/airflow/example_dags/example_skip_dag.py for tasks to queue
[2024-12-06T22:02:28.589+0000] {logging_mixin.py:190} INFO - [2024-12-06T22:02:28.589+0000] {dagbag.py:588} INFO - Filling up the DagBag from /home/airflow/.local/lib/python3.12/site-packages/airflow/example_dags/example_skip_dag.py
[2024-12-06T22:02:28.614+0000] {processor.py:925} INFO - DAG(s) 'example_skip_dag' retrieved from /home/airflow/.local/lib/python3.12/site-packages/airflow/example_dags/example_skip_dag.py
[2024-12-06T22:02:28.655+0000] {logging_mixin.py:190} INFO - [2024-12-06T22:02:28.655+0000] {dag.py:3239} INFO - Sync 1 DAGs
[2024-12-06T22:02:28.696+0000] {logging_mixin.py:190} INFO - [2024-12-06T22:02:28.696+0000] {dag.py:4180} INFO - Setting next_dagrun for example_skip_dag to 2024-12-05 00:00:00+00:00, run_after=2024-12-06 00:00:00+00:00
[2024-12-06T22:02:28.729+0000] {processor.py:208} INFO - Processing /home/airflow/.local/lib/python3.12/site-packages/airflow/example_dags/example_skip_dag.py took 0.160 seconds
[2024-12-06T22:03:00.874+0000] {processor.py:186} INFO - Started process (PID=2768) to work on /home/airflow/.local/lib/python3.12/site-packages/airflow/example_dags/example_skip_dag.py
[2024-12-06T22:03:00.876+0000] {processor.py:914} INFO - Processing file /home/airflow/.local/lib/python3.12/site-packages/airflow/example_dags/example_skip_dag.py for tasks to queue
[2024-12-06T22:03:00.880+0000] {logging_mixin.py:190} INFO - [2024-12-06T22:03:00.880+0000] {dagbag.py:588} INFO - Filling up the DagBag from /home/airflow/.local/lib/python3.12/site-packages/airflow/example_dags/example_skip_dag.py
[2024-12-06T22:03:00.895+0000] {processor.py:925} INFO - DAG(s) 'example_skip_dag' retrieved from /home/airflow/.local/lib/python3.12/site-packages/airflow/example_dags/example_skip_dag.py
[2024-12-06T22:03:00.932+0000] {logging_mixin.py:190} INFO - [2024-12-06T22:03:00.932+0000] {dag.py:3239} INFO - Sync 1 DAGs
[2024-12-06T22:03:00.972+0000] {logging_mixin.py:190} INFO - [2024-12-06T22:03:00.972+0000] {dag.py:4180} INFO - Setting next_dagrun for example_skip_dag to 2024-12-05 00:00:00+00:00, run_after=2024-12-06 00:00:00+00:00
[2024-12-06T22:03:01.002+0000] {processor.py:208} INFO - Processing /home/airflow/.local/lib/python3.12/site-packages/airflow/example_dags/example_skip_dag.py took 0.139 seconds
[2024-12-06T22:03:33.380+0000] {processor.py:186} INFO - Started process (PID=2831) to work on /home/airflow/.local/lib/python3.12/site-packages/airflow/example_dags/example_skip_dag.py
[2024-12-06T22:03:33.382+0000] {processor.py:914} INFO - Processing file /home/airflow/.local/lib/python3.12/site-packages/airflow/example_dags/example_skip_dag.py for tasks to queue
[2024-12-06T22:03:33.385+0000] {logging_mixin.py:190} INFO - [2024-12-06T22:03:33.385+0000] {dagbag.py:588} INFO - Filling up the DagBag from /home/airflow/.local/lib/python3.12/site-packages/airflow/example_dags/example_skip_dag.py
[2024-12-06T22:03:33.400+0000] {processor.py:925} INFO - DAG(s) 'example_skip_dag' retrieved from /home/airflow/.local/lib/python3.12/site-packages/airflow/example_dags/example_skip_dag.py
[2024-12-06T22:03:33.435+0000] {logging_mixin.py:190} INFO - [2024-12-06T22:03:33.435+0000] {dag.py:3239} INFO - Sync 1 DAGs
[2024-12-06T22:03:33.475+0000] {logging_mixin.py:190} INFO - [2024-12-06T22:03:33.474+0000] {dag.py:4180} INFO - Setting next_dagrun for example_skip_dag to 2024-12-05 00:00:00+00:00, run_after=2024-12-06 00:00:00+00:00
[2024-12-06T22:03:33.504+0000] {processor.py:208} INFO - Processing /home/airflow/.local/lib/python3.12/site-packages/airflow/example_dags/example_skip_dag.py took 0.135 seconds
[2024-12-06T22:04:04.769+0000] {processor.py:186} INFO - Started process (PID=2894) to work on /home/airflow/.local/lib/python3.12/site-packages/airflow/example_dags/example_skip_dag.py
[2024-12-06T22:04:04.770+0000] {processor.py:914} INFO - Processing file /home/airflow/.local/lib/python3.12/site-packages/airflow/example_dags/example_skip_dag.py for tasks to queue
[2024-12-06T22:04:04.774+0000] {logging_mixin.py:190} INFO - [2024-12-06T22:04:04.773+0000] {dagbag.py:588} INFO - Filling up the DagBag from /home/airflow/.local/lib/python3.12/site-packages/airflow/example_dags/example_skip_dag.py
[2024-12-06T22:04:04.788+0000] {processor.py:925} INFO - DAG(s) 'example_skip_dag' retrieved from /home/airflow/.local/lib/python3.12/site-packages/airflow/example_dags/example_skip_dag.py
[2024-12-06T22:04:04.828+0000] {logging_mixin.py:190} INFO - [2024-12-06T22:04:04.828+0000] {dag.py:3239} INFO - Sync 1 DAGs
[2024-12-06T22:04:04.868+0000] {logging_mixin.py:190} INFO - [2024-12-06T22:04:04.868+0000] {dag.py:4180} INFO - Setting next_dagrun for example_skip_dag to 2024-12-05 00:00:00+00:00, run_after=2024-12-06 00:00:00+00:00
[2024-12-06T22:04:04.901+0000] {processor.py:208} INFO - Processing /home/airflow/.local/lib/python3.12/site-packages/airflow/example_dags/example_skip_dag.py took 0.142 seconds
[2024-12-06T22:04:36.105+0000] {processor.py:186} INFO - Started process (PID=2957) to work on /home/airflow/.local/lib/python3.12/site-packages/airflow/example_dags/example_skip_dag.py
[2024-12-06T22:04:36.107+0000] {processor.py:914} INFO - Processing file /home/airflow/.local/lib/python3.12/site-packages/airflow/example_dags/example_skip_dag.py for tasks to queue
[2024-12-06T22:04:36.110+0000] {logging_mixin.py:190} INFO - [2024-12-06T22:04:36.110+0000] {dagbag.py:588} INFO - Filling up the DagBag from /home/airflow/.local/lib/python3.12/site-packages/airflow/example_dags/example_skip_dag.py
[2024-12-06T22:04:36.123+0000] {processor.py:925} INFO - DAG(s) 'example_skip_dag' retrieved from /home/airflow/.local/lib/python3.12/site-packages/airflow/example_dags/example_skip_dag.py
[2024-12-06T22:04:36.154+0000] {logging_mixin.py:190} INFO - [2024-12-06T22:04:36.154+0000] {dag.py:3239} INFO - Sync 1 DAGs
[2024-12-06T22:04:36.190+0000] {logging_mixin.py:190} INFO - [2024-12-06T22:04:36.189+0000] {dag.py:4180} INFO - Setting next_dagrun for example_skip_dag to 2024-12-05 00:00:00+00:00, run_after=2024-12-06 00:00:00+00:00
[2024-12-06T22:04:36.217+0000] {processor.py:208} INFO - Processing /home/airflow/.local/lib/python3.12/site-packages/airflow/example_dags/example_skip_dag.py took 0.121 seconds
[2024-12-06T22:05:07.517+0000] {processor.py:186} INFO - Started process (PID=3020) to work on /home/airflow/.local/lib/python3.12/site-packages/airflow/example_dags/example_skip_dag.py
[2024-12-06T22:05:07.519+0000] {processor.py:914} INFO - Processing file /home/airflow/.local/lib/python3.12/site-packages/airflow/example_dags/example_skip_dag.py for tasks to queue
[2024-12-06T22:05:07.522+0000] {logging_mixin.py:190} INFO - [2024-12-06T22:05:07.522+0000] {dagbag.py:588} INFO - Filling up the DagBag from /home/airflow/.local/lib/python3.12/site-packages/airflow/example_dags/example_skip_dag.py
[2024-12-06T22:05:07.535+0000] {processor.py:925} INFO - DAG(s) 'example_skip_dag' retrieved from /home/airflow/.local/lib/python3.12/site-packages/airflow/example_dags/example_skip_dag.py
[2024-12-06T22:05:07.565+0000] {logging_mixin.py:190} INFO - [2024-12-06T22:05:07.565+0000] {dag.py:3239} INFO - Sync 1 DAGs
[2024-12-06T22:05:07.602+0000] {logging_mixin.py:190} INFO - [2024-12-06T22:05:07.602+0000] {dag.py:4180} INFO - Setting next_dagrun for example_skip_dag to 2024-12-05 00:00:00+00:00, run_after=2024-12-06 00:00:00+00:00
[2024-12-06T22:05:07.629+0000] {processor.py:208} INFO - Processing /home/airflow/.local/lib/python3.12/site-packages/airflow/example_dags/example_skip_dag.py took 0.121 seconds
[2024-12-06T22:05:39.099+0000] {processor.py:186} INFO - Started process (PID=3083) to work on /home/airflow/.local/lib/python3.12/site-packages/airflow/example_dags/example_skip_dag.py
[2024-12-06T22:05:39.101+0000] {processor.py:914} INFO - Processing file /home/airflow/.local/lib/python3.12/site-packages/airflow/example_dags/example_skip_dag.py for tasks to queue
[2024-12-06T22:05:39.106+0000] {logging_mixin.py:190} INFO - [2024-12-06T22:05:39.105+0000] {dagbag.py:588} INFO - Filling up the DagBag from /home/airflow/.local/lib/python3.12/site-packages/airflow/example_dags/example_skip_dag.py
[2024-12-06T22:05:39.116+0000] {processor.py:925} INFO - DAG(s) 'example_skip_dag' retrieved from /home/airflow/.local/lib/python3.12/site-packages/airflow/example_dags/example_skip_dag.py
[2024-12-06T22:05:39.146+0000] {logging_mixin.py:190} INFO - [2024-12-06T22:05:39.146+0000] {dag.py:3239} INFO - Sync 1 DAGs
[2024-12-06T22:05:39.180+0000] {logging_mixin.py:190} INFO - [2024-12-06T22:05:39.179+0000] {dag.py:4180} INFO - Setting next_dagrun for example_skip_dag to 2024-12-05 00:00:00+00:00, run_after=2024-12-06 00:00:00+00:00
[2024-12-06T22:05:39.206+0000] {processor.py:208} INFO - Processing /home/airflow/.local/lib/python3.12/site-packages/airflow/example_dags/example_skip_dag.py took 0.116 seconds
[2024-12-06T22:06:10.927+0000] {processor.py:186} INFO - Started process (PID=3146) to work on /home/airflow/.local/lib/python3.12/site-packages/airflow/example_dags/example_skip_dag.py
[2024-12-06T22:06:10.928+0000] {processor.py:914} INFO - Processing file /home/airflow/.local/lib/python3.12/site-packages/airflow/example_dags/example_skip_dag.py for tasks to queue
[2024-12-06T22:06:10.931+0000] {logging_mixin.py:190} INFO - [2024-12-06T22:06:10.931+0000] {dagbag.py:588} INFO - Filling up the DagBag from /home/airflow/.local/lib/python3.12/site-packages/airflow/example_dags/example_skip_dag.py
[2024-12-06T22:06:10.945+0000] {processor.py:925} INFO - DAG(s) 'example_skip_dag' retrieved from /home/airflow/.local/lib/python3.12/site-packages/airflow/example_dags/example_skip_dag.py
[2024-12-06T22:06:10.977+0000] {logging_mixin.py:190} INFO - [2024-12-06T22:06:10.976+0000] {dag.py:3239} INFO - Sync 1 DAGs
[2024-12-06T22:06:11.009+0000] {logging_mixin.py:190} INFO - [2024-12-06T22:06:11.009+0000] {dag.py:4180} INFO - Setting next_dagrun for example_skip_dag to 2024-12-05 00:00:00+00:00, run_after=2024-12-06 00:00:00+00:00
[2024-12-06T22:06:11.033+0000] {processor.py:208} INFO - Processing /home/airflow/.local/lib/python3.12/site-packages/airflow/example_dags/example_skip_dag.py took 0.115 seconds
[2024-12-06T22:06:42.875+0000] {processor.py:186} INFO - Started process (PID=3213) to work on /home/airflow/.local/lib/python3.12/site-packages/airflow/example_dags/example_skip_dag.py
[2024-12-06T22:06:42.878+0000] {processor.py:914} INFO - Processing file /home/airflow/.local/lib/python3.12/site-packages/airflow/example_dags/example_skip_dag.py for tasks to queue
[2024-12-06T22:06:42.881+0000] {logging_mixin.py:190} INFO - [2024-12-06T22:06:42.881+0000] {dagbag.py:588} INFO - Filling up the DagBag from /home/airflow/.local/lib/python3.12/site-packages/airflow/example_dags/example_skip_dag.py
[2024-12-06T22:06:42.894+0000] {processor.py:925} INFO - DAG(s) 'example_skip_dag' retrieved from /home/airflow/.local/lib/python3.12/site-packages/airflow/example_dags/example_skip_dag.py
[2024-12-06T22:06:42.927+0000] {logging_mixin.py:190} INFO - [2024-12-06T22:06:42.926+0000] {dag.py:3239} INFO - Sync 1 DAGs
[2024-12-06T22:06:42.962+0000] {logging_mixin.py:190} INFO - [2024-12-06T22:06:42.961+0000] {dag.py:4180} INFO - Setting next_dagrun for example_skip_dag to 2024-12-05 00:00:00+00:00, run_after=2024-12-06 00:00:00+00:00
[2024-12-06T22:06:42.988+0000] {processor.py:208} INFO - Processing /home/airflow/.local/lib/python3.12/site-packages/airflow/example_dags/example_skip_dag.py took 0.122 seconds
[2024-12-06T22:07:14.947+0000] {processor.py:186} INFO - Started process (PID=3276) to work on /home/airflow/.local/lib/python3.12/site-packages/airflow/example_dags/example_skip_dag.py
[2024-12-06T22:07:14.949+0000] {processor.py:914} INFO - Processing file /home/airflow/.local/lib/python3.12/site-packages/airflow/example_dags/example_skip_dag.py for tasks to queue
[2024-12-06T22:07:14.953+0000] {logging_mixin.py:190} INFO - [2024-12-06T22:07:14.953+0000] {dagbag.py:588} INFO - Filling up the DagBag from /home/airflow/.local/lib/python3.12/site-packages/airflow/example_dags/example_skip_dag.py
[2024-12-06T22:07:14.970+0000] {processor.py:925} INFO - DAG(s) 'example_skip_dag' retrieved from /home/airflow/.local/lib/python3.12/site-packages/airflow/example_dags/example_skip_dag.py
[2024-12-06T22:07:15.013+0000] {logging_mixin.py:190} INFO - [2024-12-06T22:07:15.011+0000] {dag.py:3239} INFO - Sync 1 DAGs
[2024-12-06T22:07:15.060+0000] {logging_mixin.py:190} INFO - [2024-12-06T22:07:15.059+0000] {dag.py:4180} INFO - Setting next_dagrun for example_skip_dag to 2024-12-05 00:00:00+00:00, run_after=2024-12-06 00:00:00+00:00
[2024-12-06T22:07:15.349+0000] {processor.py:208} INFO - Processing /home/airflow/.local/lib/python3.12/site-packages/airflow/example_dags/example_skip_dag.py took 0.415 seconds
[2024-12-06T22:07:47.575+0000] {processor.py:186} INFO - Started process (PID=3339) to work on /home/airflow/.local/lib/python3.12/site-packages/airflow/example_dags/example_skip_dag.py
[2024-12-06T22:07:47.576+0000] {processor.py:914} INFO - Processing file /home/airflow/.local/lib/python3.12/site-packages/airflow/example_dags/example_skip_dag.py for tasks to queue
[2024-12-06T22:07:47.581+0000] {logging_mixin.py:190} INFO - [2024-12-06T22:07:47.580+0000] {dagbag.py:588} INFO - Filling up the DagBag from /home/airflow/.local/lib/python3.12/site-packages/airflow/example_dags/example_skip_dag.py
[2024-12-06T22:07:47.597+0000] {processor.py:925} INFO - DAG(s) 'example_skip_dag' retrieved from /home/airflow/.local/lib/python3.12/site-packages/airflow/example_dags/example_skip_dag.py
[2024-12-06T22:07:47.644+0000] {logging_mixin.py:190} INFO - [2024-12-06T22:07:47.644+0000] {dag.py:3239} INFO - Sync 1 DAGs
[2024-12-06T22:07:47.698+0000] {logging_mixin.py:190} INFO - [2024-12-06T22:07:47.697+0000] {dag.py:4180} INFO - Setting next_dagrun for example_skip_dag to 2024-12-05 00:00:00+00:00, run_after=2024-12-06 00:00:00+00:00
[2024-12-06T22:07:47.732+0000] {processor.py:208} INFO - Processing /home/airflow/.local/lib/python3.12/site-packages/airflow/example_dags/example_skip_dag.py took 0.170 seconds
[2024-12-06T22:08:18.916+0000] {processor.py:186} INFO - Started process (PID=3402) to work on /home/airflow/.local/lib/python3.12/site-packages/airflow/example_dags/example_skip_dag.py
[2024-12-06T22:08:18.918+0000] {processor.py:914} INFO - Processing file /home/airflow/.local/lib/python3.12/site-packages/airflow/example_dags/example_skip_dag.py for tasks to queue
[2024-12-06T22:08:18.923+0000] {logging_mixin.py:190} INFO - [2024-12-06T22:08:18.923+0000] {dagbag.py:588} INFO - Filling up the DagBag from /home/airflow/.local/lib/python3.12/site-packages/airflow/example_dags/example_skip_dag.py
[2024-12-06T22:08:18.935+0000] {processor.py:925} INFO - DAG(s) 'example_skip_dag' retrieved from /home/airflow/.local/lib/python3.12/site-packages/airflow/example_dags/example_skip_dag.py
[2024-12-06T22:08:18.968+0000] {logging_mixin.py:190} INFO - [2024-12-06T22:08:18.967+0000] {dag.py:3239} INFO - Sync 1 DAGs
[2024-12-06T22:08:19.003+0000] {logging_mixin.py:190} INFO - [2024-12-06T22:08:19.002+0000] {dag.py:4180} INFO - Setting next_dagrun for example_skip_dag to 2024-12-05 00:00:00+00:00, run_after=2024-12-06 00:00:00+00:00
[2024-12-06T22:08:19.029+0000] {processor.py:208} INFO - Processing /home/airflow/.local/lib/python3.12/site-packages/airflow/example_dags/example_skip_dag.py took 0.121 seconds
[2024-12-06T22:08:51.457+0000] {processor.py:186} INFO - Started process (PID=3471) to work on /home/airflow/.local/lib/python3.12/site-packages/airflow/example_dags/example_skip_dag.py
[2024-12-06T22:08:51.459+0000] {processor.py:914} INFO - Processing file /home/airflow/.local/lib/python3.12/site-packages/airflow/example_dags/example_skip_dag.py for tasks to queue
[2024-12-06T22:08:51.463+0000] {logging_mixin.py:190} INFO - [2024-12-06T22:08:51.463+0000] {dagbag.py:588} INFO - Filling up the DagBag from /home/airflow/.local/lib/python3.12/site-packages/airflow/example_dags/example_skip_dag.py
[2024-12-06T22:08:51.478+0000] {processor.py:925} INFO - DAG(s) 'example_skip_dag' retrieved from /home/airflow/.local/lib/python3.12/site-packages/airflow/example_dags/example_skip_dag.py
[2024-12-06T22:08:51.516+0000] {logging_mixin.py:190} INFO - [2024-12-06T22:08:51.516+0000] {dag.py:3239} INFO - Sync 1 DAGs
[2024-12-06T22:08:51.856+0000] {logging_mixin.py:190} INFO - [2024-12-06T22:08:51.856+0000] {dag.py:4180} INFO - Setting next_dagrun for example_skip_dag to 2024-12-05 00:00:00+00:00, run_after=2024-12-06 00:00:00+00:00
[2024-12-06T22:08:51.903+0000] {processor.py:208} INFO - Processing /home/airflow/.local/lib/python3.12/site-packages/airflow/example_dags/example_skip_dag.py took 0.457 seconds
[2024-12-06T22:09:22.287+0000] {processor.py:186} INFO - Started process (PID=3534) to work on /home/airflow/.local/lib/python3.12/site-packages/airflow/example_dags/example_skip_dag.py
[2024-12-06T22:09:22.294+0000] {processor.py:914} INFO - Processing file /home/airflow/.local/lib/python3.12/site-packages/airflow/example_dags/example_skip_dag.py for tasks to queue
[2024-12-06T22:09:22.305+0000] {logging_mixin.py:190} INFO - [2024-12-06T22:09:22.303+0000] {dagbag.py:588} INFO - Filling up the DagBag from /home/airflow/.local/lib/python3.12/site-packages/airflow/example_dags/example_skip_dag.py
[2024-12-06T22:09:22.362+0000] {processor.py:925} INFO - DAG(s) 'example_skip_dag' retrieved from /home/airflow/.local/lib/python3.12/site-packages/airflow/example_dags/example_skip_dag.py
[2024-12-06T22:09:22.399+0000] {logging_mixin.py:190} INFO - [2024-12-06T22:09:22.398+0000] {dag.py:3239} INFO - Sync 1 DAGs
[2024-12-06T22:09:22.434+0000] {logging_mixin.py:190} INFO - [2024-12-06T22:09:22.434+0000] {dag.py:4180} INFO - Setting next_dagrun for example_skip_dag to 2024-12-05 00:00:00+00:00, run_after=2024-12-06 00:00:00+00:00
[2024-12-06T22:09:22.459+0000] {processor.py:208} INFO - Processing /home/airflow/.local/lib/python3.12/site-packages/airflow/example_dags/example_skip_dag.py took 0.200 seconds
[2024-12-06T22:09:52.869+0000] {processor.py:186} INFO - Started process (PID=3597) to work on /home/airflow/.local/lib/python3.12/site-packages/airflow/example_dags/example_skip_dag.py
[2024-12-06T22:09:52.871+0000] {processor.py:914} INFO - Processing file /home/airflow/.local/lib/python3.12/site-packages/airflow/example_dags/example_skip_dag.py for tasks to queue
[2024-12-06T22:09:52.877+0000] {logging_mixin.py:190} INFO - [2024-12-06T22:09:52.876+0000] {dagbag.py:588} INFO - Filling up the DagBag from /home/airflow/.local/lib/python3.12/site-packages/airflow/example_dags/example_skip_dag.py
[2024-12-06T22:09:52.894+0000] {processor.py:925} INFO - DAG(s) 'example_skip_dag' retrieved from /home/airflow/.local/lib/python3.12/site-packages/airflow/example_dags/example_skip_dag.py
[2024-12-06T22:09:52.936+0000] {logging_mixin.py:190} INFO - [2024-12-06T22:09:52.936+0000] {dag.py:3239} INFO - Sync 1 DAGs
[2024-12-06T22:09:52.986+0000] {logging_mixin.py:190} INFO - [2024-12-06T22:09:52.985+0000] {dag.py:4180} INFO - Setting next_dagrun for example_skip_dag to 2024-12-05 00:00:00+00:00, run_after=2024-12-06 00:00:00+00:00
[2024-12-06T22:09:53.022+0000] {processor.py:208} INFO - Processing /home/airflow/.local/lib/python3.12/site-packages/airflow/example_dags/example_skip_dag.py took 0.166 seconds
[2024-12-06T22:10:23.887+0000] {processor.py:186} INFO - Started process (PID=3660) to work on /home/airflow/.local/lib/python3.12/site-packages/airflow/example_dags/example_skip_dag.py
[2024-12-06T22:10:23.889+0000] {processor.py:914} INFO - Processing file /home/airflow/.local/lib/python3.12/site-packages/airflow/example_dags/example_skip_dag.py for tasks to queue
[2024-12-06T22:10:23.894+0000] {logging_mixin.py:190} INFO - [2024-12-06T22:10:23.893+0000] {dagbag.py:588} INFO - Filling up the DagBag from /home/airflow/.local/lib/python3.12/site-packages/airflow/example_dags/example_skip_dag.py
[2024-12-06T22:10:23.910+0000] {processor.py:925} INFO - DAG(s) 'example_skip_dag' retrieved from /home/airflow/.local/lib/python3.12/site-packages/airflow/example_dags/example_skip_dag.py
[2024-12-06T22:10:23.949+0000] {logging_mixin.py:190} INFO - [2024-12-06T22:10:23.949+0000] {dag.py:3239} INFO - Sync 1 DAGs
[2024-12-06T22:10:23.988+0000] {logging_mixin.py:190} INFO - [2024-12-06T22:10:23.988+0000] {dag.py:4180} INFO - Setting next_dagrun for example_skip_dag to 2024-12-05 00:00:00+00:00, run_after=2024-12-06 00:00:00+00:00
[2024-12-06T22:10:24.021+0000] {processor.py:208} INFO - Processing /home/airflow/.local/lib/python3.12/site-packages/airflow/example_dags/example_skip_dag.py took 0.146 seconds
[2024-12-06T22:10:55.006+0000] {processor.py:186} INFO - Started process (PID=3723) to work on /home/airflow/.local/lib/python3.12/site-packages/airflow/example_dags/example_skip_dag.py
[2024-12-06T22:10:55.008+0000] {processor.py:914} INFO - Processing file /home/airflow/.local/lib/python3.12/site-packages/airflow/example_dags/example_skip_dag.py for tasks to queue
[2024-12-06T22:10:55.012+0000] {logging_mixin.py:190} INFO - [2024-12-06T22:10:55.012+0000] {dagbag.py:588} INFO - Filling up the DagBag from /home/airflow/.local/lib/python3.12/site-packages/airflow/example_dags/example_skip_dag.py
[2024-12-06T22:10:55.030+0000] {processor.py:925} INFO - DAG(s) 'example_skip_dag' retrieved from /home/airflow/.local/lib/python3.12/site-packages/airflow/example_dags/example_skip_dag.py
[2024-12-06T22:10:55.062+0000] {logging_mixin.py:190} INFO - [2024-12-06T22:10:55.062+0000] {dag.py:3239} INFO - Sync 1 DAGs
[2024-12-06T22:10:55.105+0000] {logging_mixin.py:190} INFO - [2024-12-06T22:10:55.105+0000] {dag.py:4180} INFO - Setting next_dagrun for example_skip_dag to 2024-12-05 00:00:00+00:00, run_after=2024-12-06 00:00:00+00:00
[2024-12-06T22:10:55.132+0000] {processor.py:208} INFO - Processing /home/airflow/.local/lib/python3.12/site-packages/airflow/example_dags/example_skip_dag.py took 0.142 seconds
