[2024-12-06T21:40:58.095+0000] {processor.py:186} INFO - Started process (PID=114) to work on /home/airflow/.local/lib/python3.12/site-packages/airflow/example_dags/example_bash_operator.py
[2024-12-06T21:40:58.096+0000] {processor.py:914} INFO - Processing file /home/airflow/.local/lib/python3.12/site-packages/airflow/example_dags/example_bash_operator.py for tasks to queue
[2024-12-06T21:40:58.099+0000] {logging_mixin.py:190} INFO - [2024-12-06T21:40:58.099+0000] {dagbag.py:588} INFO - Filling up the DagBag from /home/airflow/.local/lib/python3.12/site-packages/airflow/example_dags/example_bash_operator.py
[2024-12-06T21:40:58.122+0000] {processor.py:925} INFO - DAG(s) 'example_bash_operator' retrieved from /home/airflow/.local/lib/python3.12/site-packages/airflow/example_dags/example_bash_operator.py
[2024-12-06T21:40:58.298+0000] {logging_mixin.py:190} INFO - [2024-12-06T21:40:58.297+0000] {override.py:1911} INFO - Created Permission View: can edit on DAG:example_bash_operator
[2024-12-06T21:40:58.312+0000] {logging_mixin.py:190} INFO - [2024-12-06T21:40:58.312+0000] {override.py:1911} INFO - Created Permission View: can delete on DAG:example_bash_operator
[2024-12-06T21:40:58.322+0000] {logging_mixin.py:190} INFO - [2024-12-06T21:40:58.322+0000] {override.py:1911} INFO - Created Permission View: can read on DAG:example_bash_operator
[2024-12-06T21:40:58.333+0000] {logging_mixin.py:190} INFO - [2024-12-06T21:40:58.332+0000] {override.py:1911} INFO - Created Permission View: menu access on DAG Run:example_bash_operator
[2024-12-06T21:40:58.342+0000] {logging_mixin.py:190} INFO - [2024-12-06T21:40:58.342+0000] {override.py:1911} INFO - Created Permission View: can create on DAG Run:example_bash_operator
[2024-12-06T21:40:58.352+0000] {logging_mixin.py:190} INFO - [2024-12-06T21:40:58.351+0000] {override.py:1911} INFO - Created Permission View: can delete on DAG Run:example_bash_operator
[2024-12-06T21:40:58.363+0000] {logging_mixin.py:190} INFO - [2024-12-06T21:40:58.363+0000] {override.py:1911} INFO - Created Permission View: can read on DAG Run:example_bash_operator
[2024-12-06T21:40:58.364+0000] {logging_mixin.py:190} INFO - [2024-12-06T21:40:58.364+0000] {dag.py:3239} INFO - Sync 1 DAGs
[2024-12-06T21:40:58.382+0000] {logging_mixin.py:190} INFO - [2024-12-06T21:40:58.382+0000] {dag.py:3262} INFO - Creating ORM DAG for example_bash_operator
[2024-12-06T21:40:58.396+0000] {logging_mixin.py:190} INFO - [2024-12-06T21:40:58.396+0000] {dag.py:4180} INFO - Setting next_dagrun for example_bash_operator to 2024-12-05 00:00:00+00:00, run_after=2024-12-06 00:00:00+00:00
[2024-12-06T21:40:58.419+0000] {processor.py:208} INFO - Processing /home/airflow/.local/lib/python3.12/site-packages/airflow/example_dags/example_bash_operator.py took 0.332 seconds
[2024-12-06T21:41:28.552+0000] {processor.py:186} INFO - Started process (PID=177) to work on /home/airflow/.local/lib/python3.12/site-packages/airflow/example_dags/example_bash_operator.py
[2024-12-06T21:41:28.554+0000] {processor.py:914} INFO - Processing file /home/airflow/.local/lib/python3.12/site-packages/airflow/example_dags/example_bash_operator.py for tasks to queue
[2024-12-06T21:41:28.557+0000] {logging_mixin.py:190} INFO - [2024-12-06T21:41:28.556+0000] {dagbag.py:588} INFO - Filling up the DagBag from /home/airflow/.local/lib/python3.12/site-packages/airflow/example_dags/example_bash_operator.py
[2024-12-06T21:41:28.575+0000] {processor.py:925} INFO - DAG(s) 'example_bash_operator' retrieved from /home/airflow/.local/lib/python3.12/site-packages/airflow/example_dags/example_bash_operator.py
[2024-12-06T21:41:28.610+0000] {logging_mixin.py:190} INFO - [2024-12-06T21:41:28.609+0000] {dag.py:3239} INFO - Sync 1 DAGs
[2024-12-06T21:41:28.640+0000] {logging_mixin.py:190} INFO - [2024-12-06T21:41:28.639+0000] {dag.py:4180} INFO - Setting next_dagrun for example_bash_operator to 2024-12-05 00:00:00+00:00, run_after=2024-12-06 00:00:00+00:00
[2024-12-06T21:41:28.661+0000] {processor.py:208} INFO - Processing /home/airflow/.local/lib/python3.12/site-packages/airflow/example_dags/example_bash_operator.py took 0.117 seconds
[2024-12-06T21:41:59.509+0000] {processor.py:186} INFO - Started process (PID=240) to work on /home/airflow/.local/lib/python3.12/site-packages/airflow/example_dags/example_bash_operator.py
[2024-12-06T21:41:59.510+0000] {processor.py:914} INFO - Processing file /home/airflow/.local/lib/python3.12/site-packages/airflow/example_dags/example_bash_operator.py for tasks to queue
[2024-12-06T21:41:59.514+0000] {logging_mixin.py:190} INFO - [2024-12-06T21:41:59.513+0000] {dagbag.py:588} INFO - Filling up the DagBag from /home/airflow/.local/lib/python3.12/site-packages/airflow/example_dags/example_bash_operator.py
[2024-12-06T21:41:59.531+0000] {processor.py:925} INFO - DAG(s) 'example_bash_operator' retrieved from /home/airflow/.local/lib/python3.12/site-packages/airflow/example_dags/example_bash_operator.py
[2024-12-06T21:41:59.573+0000] {logging_mixin.py:190} INFO - [2024-12-06T21:41:59.573+0000] {dag.py:3239} INFO - Sync 1 DAGs
[2024-12-06T21:41:59.612+0000] {logging_mixin.py:190} INFO - [2024-12-06T21:41:59.611+0000] {dag.py:4180} INFO - Setting next_dagrun for example_bash_operator to 2024-12-05 00:00:00+00:00, run_after=2024-12-06 00:00:00+00:00
[2024-12-06T21:41:59.637+0000] {processor.py:208} INFO - Processing /home/airflow/.local/lib/python3.12/site-packages/airflow/example_dags/example_bash_operator.py took 0.137 seconds
[2024-12-06T21:42:30.671+0000] {processor.py:186} INFO - Started process (PID=303) to work on /home/airflow/.local/lib/python3.12/site-packages/airflow/example_dags/example_bash_operator.py
[2024-12-06T21:42:30.672+0000] {processor.py:914} INFO - Processing file /home/airflow/.local/lib/python3.12/site-packages/airflow/example_dags/example_bash_operator.py for tasks to queue
[2024-12-06T21:42:30.675+0000] {logging_mixin.py:190} INFO - [2024-12-06T21:42:30.675+0000] {dagbag.py:588} INFO - Filling up the DagBag from /home/airflow/.local/lib/python3.12/site-packages/airflow/example_dags/example_bash_operator.py
[2024-12-06T21:42:30.692+0000] {processor.py:925} INFO - DAG(s) 'example_bash_operator' retrieved from /home/airflow/.local/lib/python3.12/site-packages/airflow/example_dags/example_bash_operator.py
[2024-12-06T21:42:30.730+0000] {logging_mixin.py:190} INFO - [2024-12-06T21:42:30.729+0000] {dag.py:3239} INFO - Sync 1 DAGs
[2024-12-06T21:42:30.775+0000] {logging_mixin.py:190} INFO - [2024-12-06T21:42:30.775+0000] {dag.py:4180} INFO - Setting next_dagrun for example_bash_operator to 2024-12-05 00:00:00+00:00, run_after=2024-12-06 00:00:00+00:00
[2024-12-06T21:42:30.803+0000] {processor.py:208} INFO - Processing /home/airflow/.local/lib/python3.12/site-packages/airflow/example_dags/example_bash_operator.py took 0.139 seconds
[2024-12-06T21:43:01.006+0000] {processor.py:186} INFO - Started process (PID=366) to work on /home/airflow/.local/lib/python3.12/site-packages/airflow/example_dags/example_bash_operator.py
[2024-12-06T21:43:01.007+0000] {processor.py:914} INFO - Processing file /home/airflow/.local/lib/python3.12/site-packages/airflow/example_dags/example_bash_operator.py for tasks to queue
[2024-12-06T21:43:01.011+0000] {logging_mixin.py:190} INFO - [2024-12-06T21:43:01.010+0000] {dagbag.py:588} INFO - Filling up the DagBag from /home/airflow/.local/lib/python3.12/site-packages/airflow/example_dags/example_bash_operator.py
[2024-12-06T21:43:01.028+0000] {processor.py:925} INFO - DAG(s) 'example_bash_operator' retrieved from /home/airflow/.local/lib/python3.12/site-packages/airflow/example_dags/example_bash_operator.py
[2024-12-06T21:43:01.064+0000] {logging_mixin.py:190} INFO - [2024-12-06T21:43:01.063+0000] {dag.py:3239} INFO - Sync 1 DAGs
[2024-12-06T21:43:01.095+0000] {logging_mixin.py:190} INFO - [2024-12-06T21:43:01.095+0000] {dag.py:4180} INFO - Setting next_dagrun for example_bash_operator to 2024-12-05 00:00:00+00:00, run_after=2024-12-06 00:00:00+00:00
[2024-12-06T21:43:01.121+0000] {processor.py:208} INFO - Processing /home/airflow/.local/lib/python3.12/site-packages/airflow/example_dags/example_bash_operator.py took 0.123 seconds
[2024-12-06T21:43:32.857+0000] {processor.py:186} INFO - Started process (PID=429) to work on /home/airflow/.local/lib/python3.12/site-packages/airflow/example_dags/example_bash_operator.py
[2024-12-06T21:43:32.859+0000] {processor.py:914} INFO - Processing file /home/airflow/.local/lib/python3.12/site-packages/airflow/example_dags/example_bash_operator.py for tasks to queue
[2024-12-06T21:43:32.863+0000] {logging_mixin.py:190} INFO - [2024-12-06T21:43:32.863+0000] {dagbag.py:588} INFO - Filling up the DagBag from /home/airflow/.local/lib/python3.12/site-packages/airflow/example_dags/example_bash_operator.py
[2024-12-06T21:43:32.885+0000] {processor.py:925} INFO - DAG(s) 'example_bash_operator' retrieved from /home/airflow/.local/lib/python3.12/site-packages/airflow/example_dags/example_bash_operator.py
[2024-12-06T21:43:32.931+0000] {logging_mixin.py:190} INFO - [2024-12-06T21:43:32.930+0000] {dag.py:3239} INFO - Sync 1 DAGs
[2024-12-06T21:43:32.970+0000] {logging_mixin.py:190} INFO - [2024-12-06T21:43:32.970+0000] {dag.py:4180} INFO - Setting next_dagrun for example_bash_operator to 2024-12-05 00:00:00+00:00, run_after=2024-12-06 00:00:00+00:00
[2024-12-06T21:43:32.995+0000] {processor.py:208} INFO - Processing /home/airflow/.local/lib/python3.12/site-packages/airflow/example_dags/example_bash_operator.py took 0.148 seconds
[2024-12-06T21:44:03.683+0000] {processor.py:186} INFO - Started process (PID=492) to work on /home/airflow/.local/lib/python3.12/site-packages/airflow/example_dags/example_bash_operator.py
[2024-12-06T21:44:03.685+0000] {processor.py:914} INFO - Processing file /home/airflow/.local/lib/python3.12/site-packages/airflow/example_dags/example_bash_operator.py for tasks to queue
[2024-12-06T21:44:03.688+0000] {logging_mixin.py:190} INFO - [2024-12-06T21:44:03.688+0000] {dagbag.py:588} INFO - Filling up the DagBag from /home/airflow/.local/lib/python3.12/site-packages/airflow/example_dags/example_bash_operator.py
[2024-12-06T21:44:03.706+0000] {processor.py:925} INFO - DAG(s) 'example_bash_operator' retrieved from /home/airflow/.local/lib/python3.12/site-packages/airflow/example_dags/example_bash_operator.py
[2024-12-06T21:44:03.742+0000] {logging_mixin.py:190} INFO - [2024-12-06T21:44:03.741+0000] {dag.py:3239} INFO - Sync 1 DAGs
[2024-12-06T21:44:03.777+0000] {logging_mixin.py:190} INFO - [2024-12-06T21:44:03.776+0000] {dag.py:4180} INFO - Setting next_dagrun for example_bash_operator to 2024-12-05 00:00:00+00:00, run_after=2024-12-06 00:00:00+00:00
[2024-12-06T21:44:03.801+0000] {processor.py:208} INFO - Processing /home/airflow/.local/lib/python3.12/site-packages/airflow/example_dags/example_bash_operator.py took 0.129 seconds
[2024-12-06T21:44:35.831+0000] {processor.py:186} INFO - Started process (PID=555) to work on /home/airflow/.local/lib/python3.12/site-packages/airflow/example_dags/example_bash_operator.py
[2024-12-06T21:44:35.833+0000] {processor.py:914} INFO - Processing file /home/airflow/.local/lib/python3.12/site-packages/airflow/example_dags/example_bash_operator.py for tasks to queue
[2024-12-06T21:44:35.835+0000] {logging_mixin.py:190} INFO - [2024-12-06T21:44:35.835+0000] {dagbag.py:588} INFO - Filling up the DagBag from /home/airflow/.local/lib/python3.12/site-packages/airflow/example_dags/example_bash_operator.py
[2024-12-06T21:44:35.853+0000] {processor.py:925} INFO - DAG(s) 'example_bash_operator' retrieved from /home/airflow/.local/lib/python3.12/site-packages/airflow/example_dags/example_bash_operator.py
[2024-12-06T21:44:35.889+0000] {logging_mixin.py:190} INFO - [2024-12-06T21:44:35.889+0000] {dag.py:3239} INFO - Sync 1 DAGs
[2024-12-06T21:44:35.920+0000] {logging_mixin.py:190} INFO - [2024-12-06T21:44:35.920+0000] {dag.py:4180} INFO - Setting next_dagrun for example_bash_operator to 2024-12-05 00:00:00+00:00, run_after=2024-12-06 00:00:00+00:00
[2024-12-06T21:44:35.943+0000] {processor.py:208} INFO - Processing /home/airflow/.local/lib/python3.12/site-packages/airflow/example_dags/example_bash_operator.py took 0.120 seconds
[2024-12-06T21:45:06.537+0000] {processor.py:186} INFO - Started process (PID=618) to work on /home/airflow/.local/lib/python3.12/site-packages/airflow/example_dags/example_bash_operator.py
[2024-12-06T21:45:06.538+0000] {processor.py:914} INFO - Processing file /home/airflow/.local/lib/python3.12/site-packages/airflow/example_dags/example_bash_operator.py for tasks to queue
[2024-12-06T21:45:06.541+0000] {logging_mixin.py:190} INFO - [2024-12-06T21:45:06.541+0000] {dagbag.py:588} INFO - Filling up the DagBag from /home/airflow/.local/lib/python3.12/site-packages/airflow/example_dags/example_bash_operator.py
[2024-12-06T21:45:06.559+0000] {processor.py:925} INFO - DAG(s) 'example_bash_operator' retrieved from /home/airflow/.local/lib/python3.12/site-packages/airflow/example_dags/example_bash_operator.py
[2024-12-06T21:45:06.593+0000] {logging_mixin.py:190} INFO - [2024-12-06T21:45:06.593+0000] {dag.py:3239} INFO - Sync 1 DAGs
[2024-12-06T21:45:06.624+0000] {logging_mixin.py:190} INFO - [2024-12-06T21:45:06.624+0000] {dag.py:4180} INFO - Setting next_dagrun for example_bash_operator to 2024-12-05 00:00:00+00:00, run_after=2024-12-06 00:00:00+00:00
[2024-12-06T21:45:06.647+0000] {processor.py:208} INFO - Processing /home/airflow/.local/lib/python3.12/site-packages/airflow/example_dags/example_bash_operator.py took 0.118 seconds
[2024-12-06T21:45:38.374+0000] {processor.py:186} INFO - Started process (PID=682) to work on /home/airflow/.local/lib/python3.12/site-packages/airflow/example_dags/example_bash_operator.py
[2024-12-06T21:45:38.375+0000] {processor.py:914} INFO - Processing file /home/airflow/.local/lib/python3.12/site-packages/airflow/example_dags/example_bash_operator.py for tasks to queue
[2024-12-06T21:45:38.379+0000] {logging_mixin.py:190} INFO - [2024-12-06T21:45:38.378+0000] {dagbag.py:588} INFO - Filling up the DagBag from /home/airflow/.local/lib/python3.12/site-packages/airflow/example_dags/example_bash_operator.py
[2024-12-06T21:45:38.401+0000] {processor.py:925} INFO - DAG(s) 'example_bash_operator' retrieved from /home/airflow/.local/lib/python3.12/site-packages/airflow/example_dags/example_bash_operator.py
[2024-12-06T21:45:38.441+0000] {logging_mixin.py:190} INFO - [2024-12-06T21:45:38.441+0000] {dag.py:3239} INFO - Sync 1 DAGs
[2024-12-06T21:45:38.481+0000] {logging_mixin.py:190} INFO - [2024-12-06T21:45:38.481+0000] {dag.py:4180} INFO - Setting next_dagrun for example_bash_operator to 2024-12-05 00:00:00+00:00, run_after=2024-12-06 00:00:00+00:00
[2024-12-06T21:45:38.509+0000] {processor.py:208} INFO - Processing /home/airflow/.local/lib/python3.12/site-packages/airflow/example_dags/example_bash_operator.py took 0.144 seconds
[2024-12-06T21:46:09.235+0000] {processor.py:186} INFO - Started process (PID=745) to work on /home/airflow/.local/lib/python3.12/site-packages/airflow/example_dags/example_bash_operator.py
[2024-12-06T21:46:09.237+0000] {processor.py:914} INFO - Processing file /home/airflow/.local/lib/python3.12/site-packages/airflow/example_dags/example_bash_operator.py for tasks to queue
[2024-12-06T21:46:09.240+0000] {logging_mixin.py:190} INFO - [2024-12-06T21:46:09.239+0000] {dagbag.py:588} INFO - Filling up the DagBag from /home/airflow/.local/lib/python3.12/site-packages/airflow/example_dags/example_bash_operator.py
[2024-12-06T21:46:09.257+0000] {processor.py:925} INFO - DAG(s) 'example_bash_operator' retrieved from /home/airflow/.local/lib/python3.12/site-packages/airflow/example_dags/example_bash_operator.py
[2024-12-06T21:46:09.294+0000] {logging_mixin.py:190} INFO - [2024-12-06T21:46:09.294+0000] {dag.py:3239} INFO - Sync 1 DAGs
[2024-12-06T21:46:09.327+0000] {logging_mixin.py:190} INFO - [2024-12-06T21:46:09.327+0000] {dag.py:4180} INFO - Setting next_dagrun for example_bash_operator to 2024-12-05 00:00:00+00:00, run_after=2024-12-06 00:00:00+00:00
[2024-12-06T21:46:09.351+0000] {processor.py:208} INFO - Processing /home/airflow/.local/lib/python3.12/site-packages/airflow/example_dags/example_bash_operator.py took 0.123 seconds
[2024-12-06T21:46:41.865+0000] {processor.py:186} INFO - Started process (PID=813) to work on /home/airflow/.local/lib/python3.12/site-packages/airflow/example_dags/example_bash_operator.py
[2024-12-06T21:46:41.867+0000] {processor.py:914} INFO - Processing file /home/airflow/.local/lib/python3.12/site-packages/airflow/example_dags/example_bash_operator.py for tasks to queue
[2024-12-06T21:46:41.870+0000] {logging_mixin.py:190} INFO - [2024-12-06T21:46:41.870+0000] {dagbag.py:588} INFO - Filling up the DagBag from /home/airflow/.local/lib/python3.12/site-packages/airflow/example_dags/example_bash_operator.py
[2024-12-06T21:46:41.889+0000] {processor.py:925} INFO - DAG(s) 'example_bash_operator' retrieved from /home/airflow/.local/lib/python3.12/site-packages/airflow/example_dags/example_bash_operator.py
[2024-12-06T21:46:41.925+0000] {logging_mixin.py:190} INFO - [2024-12-06T21:46:41.925+0000] {dag.py:3239} INFO - Sync 1 DAGs
[2024-12-06T21:46:41.958+0000] {logging_mixin.py:190} INFO - [2024-12-06T21:46:41.958+0000] {dag.py:4180} INFO - Setting next_dagrun for example_bash_operator to 2024-12-05 00:00:00+00:00, run_after=2024-12-06 00:00:00+00:00
[2024-12-06T21:46:41.981+0000] {processor.py:208} INFO - Processing /home/airflow/.local/lib/python3.12/site-packages/airflow/example_dags/example_bash_operator.py took 0.124 seconds
[2024-12-06T21:47:14.274+0000] {processor.py:186} INFO - Started process (PID=881) to work on /home/airflow/.local/lib/python3.12/site-packages/airflow/example_dags/example_bash_operator.py
[2024-12-06T21:47:14.275+0000] {processor.py:914} INFO - Processing file /home/airflow/.local/lib/python3.12/site-packages/airflow/example_dags/example_bash_operator.py for tasks to queue
[2024-12-06T21:47:14.280+0000] {logging_mixin.py:190} INFO - [2024-12-06T21:47:14.279+0000] {dagbag.py:588} INFO - Filling up the DagBag from /home/airflow/.local/lib/python3.12/site-packages/airflow/example_dags/example_bash_operator.py
[2024-12-06T21:47:14.301+0000] {processor.py:925} INFO - DAG(s) 'example_bash_operator' retrieved from /home/airflow/.local/lib/python3.12/site-packages/airflow/example_dags/example_bash_operator.py
[2024-12-06T21:47:14.355+0000] {logging_mixin.py:190} INFO - [2024-12-06T21:47:14.355+0000] {dag.py:3239} INFO - Sync 1 DAGs
[2024-12-06T21:47:14.399+0000] {logging_mixin.py:190} INFO - [2024-12-06T21:47:14.399+0000] {dag.py:4180} INFO - Setting next_dagrun for example_bash_operator to 2024-12-05 00:00:00+00:00, run_after=2024-12-06 00:00:00+00:00
[2024-12-06T21:47:14.431+0000] {processor.py:208} INFO - Processing /home/airflow/.local/lib/python3.12/site-packages/airflow/example_dags/example_bash_operator.py took 0.167 seconds
[2024-12-06T21:47:45.843+0000] {processor.py:186} INFO - Started process (PID=950) to work on /home/airflow/.local/lib/python3.12/site-packages/airflow/example_dags/example_bash_operator.py
[2024-12-06T21:47:45.844+0000] {processor.py:914} INFO - Processing file /home/airflow/.local/lib/python3.12/site-packages/airflow/example_dags/example_bash_operator.py for tasks to queue
[2024-12-06T21:47:45.850+0000] {logging_mixin.py:190} INFO - [2024-12-06T21:47:45.849+0000] {dagbag.py:588} INFO - Filling up the DagBag from /home/airflow/.local/lib/python3.12/site-packages/airflow/example_dags/example_bash_operator.py
[2024-12-06T21:47:45.871+0000] {processor.py:925} INFO - DAG(s) 'example_bash_operator' retrieved from /home/airflow/.local/lib/python3.12/site-packages/airflow/example_dags/example_bash_operator.py
[2024-12-06T21:47:45.912+0000] {logging_mixin.py:190} INFO - [2024-12-06T21:47:45.911+0000] {dag.py:3239} INFO - Sync 1 DAGs
[2024-12-06T21:47:45.948+0000] {logging_mixin.py:190} INFO - [2024-12-06T21:47:45.946+0000] {dag.py:4180} INFO - Setting next_dagrun for example_bash_operator to 2024-12-05 00:00:00+00:00, run_after=2024-12-06 00:00:00+00:00
[2024-12-06T21:47:45.973+0000] {processor.py:208} INFO - Processing /home/airflow/.local/lib/python3.12/site-packages/airflow/example_dags/example_bash_operator.py took 0.138 seconds
[2024-12-06T21:48:17.394+0000] {processor.py:186} INFO - Started process (PID=1013) to work on /home/airflow/.local/lib/python3.12/site-packages/airflow/example_dags/example_bash_operator.py
[2024-12-06T21:48:17.395+0000] {processor.py:914} INFO - Processing file /home/airflow/.local/lib/python3.12/site-packages/airflow/example_dags/example_bash_operator.py for tasks to queue
[2024-12-06T21:48:17.399+0000] {logging_mixin.py:190} INFO - [2024-12-06T21:48:17.398+0000] {dagbag.py:588} INFO - Filling up the DagBag from /home/airflow/.local/lib/python3.12/site-packages/airflow/example_dags/example_bash_operator.py
[2024-12-06T21:48:17.420+0000] {processor.py:925} INFO - DAG(s) 'example_bash_operator' retrieved from /home/airflow/.local/lib/python3.12/site-packages/airflow/example_dags/example_bash_operator.py
[2024-12-06T21:48:17.462+0000] {logging_mixin.py:190} INFO - [2024-12-06T21:48:17.461+0000] {dag.py:3239} INFO - Sync 1 DAGs
[2024-12-06T21:48:17.499+0000] {logging_mixin.py:190} INFO - [2024-12-06T21:48:17.499+0000] {dag.py:4180} INFO - Setting next_dagrun for example_bash_operator to 2024-12-05 00:00:00+00:00, run_after=2024-12-06 00:00:00+00:00
[2024-12-06T21:48:17.527+0000] {processor.py:208} INFO - Processing /home/airflow/.local/lib/python3.12/site-packages/airflow/example_dags/example_bash_operator.py took 0.142 seconds
[2024-12-06T21:48:48.755+0000] {processor.py:186} INFO - Started process (PID=1076) to work on /home/airflow/.local/lib/python3.12/site-packages/airflow/example_dags/example_bash_operator.py
[2024-12-06T21:48:48.757+0000] {processor.py:914} INFO - Processing file /home/airflow/.local/lib/python3.12/site-packages/airflow/example_dags/example_bash_operator.py for tasks to queue
[2024-12-06T21:48:48.760+0000] {logging_mixin.py:190} INFO - [2024-12-06T21:48:48.760+0000] {dagbag.py:588} INFO - Filling up the DagBag from /home/airflow/.local/lib/python3.12/site-packages/airflow/example_dags/example_bash_operator.py
[2024-12-06T21:48:48.782+0000] {processor.py:925} INFO - DAG(s) 'example_bash_operator' retrieved from /home/airflow/.local/lib/python3.12/site-packages/airflow/example_dags/example_bash_operator.py
[2024-12-06T21:48:48.825+0000] {logging_mixin.py:190} INFO - [2024-12-06T21:48:48.825+0000] {dag.py:3239} INFO - Sync 1 DAGs
[2024-12-06T21:48:48.862+0000] {logging_mixin.py:190} INFO - [2024-12-06T21:48:48.862+0000] {dag.py:4180} INFO - Setting next_dagrun for example_bash_operator to 2024-12-05 00:00:00+00:00, run_after=2024-12-06 00:00:00+00:00
[2024-12-06T21:48:48.899+0000] {processor.py:208} INFO - Processing /home/airflow/.local/lib/python3.12/site-packages/airflow/example_dags/example_bash_operator.py took 0.154 seconds
[2024-12-06T21:49:20.878+0000] {processor.py:186} INFO - Started process (PID=1139) to work on /home/airflow/.local/lib/python3.12/site-packages/airflow/example_dags/example_bash_operator.py
[2024-12-06T21:49:20.880+0000] {processor.py:914} INFO - Processing file /home/airflow/.local/lib/python3.12/site-packages/airflow/example_dags/example_bash_operator.py for tasks to queue
[2024-12-06T21:49:20.886+0000] {logging_mixin.py:190} INFO - [2024-12-06T21:49:20.885+0000] {dagbag.py:588} INFO - Filling up the DagBag from /home/airflow/.local/lib/python3.12/site-packages/airflow/example_dags/example_bash_operator.py
[2024-12-06T21:49:20.914+0000] {processor.py:925} INFO - DAG(s) 'example_bash_operator' retrieved from /home/airflow/.local/lib/python3.12/site-packages/airflow/example_dags/example_bash_operator.py
[2024-12-06T21:49:20.962+0000] {logging_mixin.py:190} INFO - [2024-12-06T21:49:20.961+0000] {dag.py:3239} INFO - Sync 1 DAGs
[2024-12-06T21:49:20.999+0000] {logging_mixin.py:190} INFO - [2024-12-06T21:49:20.999+0000] {dag.py:4180} INFO - Setting next_dagrun for example_bash_operator to 2024-12-05 00:00:00+00:00, run_after=2024-12-06 00:00:00+00:00
[2024-12-06T21:49:21.032+0000] {processor.py:208} INFO - Processing /home/airflow/.local/lib/python3.12/site-packages/airflow/example_dags/example_bash_operator.py took 0.168 seconds
[2024-12-06T21:49:51.836+0000] {processor.py:186} INFO - Started process (PID=1202) to work on /home/airflow/.local/lib/python3.12/site-packages/airflow/example_dags/example_bash_operator.py
[2024-12-06T21:49:51.838+0000] {processor.py:914} INFO - Processing file /home/airflow/.local/lib/python3.12/site-packages/airflow/example_dags/example_bash_operator.py for tasks to queue
[2024-12-06T21:49:51.843+0000] {logging_mixin.py:190} INFO - [2024-12-06T21:49:51.843+0000] {dagbag.py:588} INFO - Filling up the DagBag from /home/airflow/.local/lib/python3.12/site-packages/airflow/example_dags/example_bash_operator.py
[2024-12-06T21:49:51.864+0000] {processor.py:925} INFO - DAG(s) 'example_bash_operator' retrieved from /home/airflow/.local/lib/python3.12/site-packages/airflow/example_dags/example_bash_operator.py
[2024-12-06T21:49:51.905+0000] {logging_mixin.py:190} INFO - [2024-12-06T21:49:51.905+0000] {dag.py:3239} INFO - Sync 1 DAGs
[2024-12-06T21:49:51.943+0000] {logging_mixin.py:190} INFO - [2024-12-06T21:49:51.942+0000] {dag.py:4180} INFO - Setting next_dagrun for example_bash_operator to 2024-12-05 00:00:00+00:00, run_after=2024-12-06 00:00:00+00:00
[2024-12-06T21:49:51.971+0000] {processor.py:208} INFO - Processing /home/airflow/.local/lib/python3.12/site-packages/airflow/example_dags/example_bash_operator.py took 0.143 seconds
[2024-12-06T21:50:24.068+0000] {processor.py:186} INFO - Started process (PID=1265) to work on /home/airflow/.local/lib/python3.12/site-packages/airflow/example_dags/example_bash_operator.py
[2024-12-06T21:50:24.069+0000] {processor.py:914} INFO - Processing file /home/airflow/.local/lib/python3.12/site-packages/airflow/example_dags/example_bash_operator.py for tasks to queue
[2024-12-06T21:50:24.073+0000] {logging_mixin.py:190} INFO - [2024-12-06T21:50:24.073+0000] {dagbag.py:588} INFO - Filling up the DagBag from /home/airflow/.local/lib/python3.12/site-packages/airflow/example_dags/example_bash_operator.py
[2024-12-06T21:50:24.097+0000] {processor.py:925} INFO - DAG(s) 'example_bash_operator' retrieved from /home/airflow/.local/lib/python3.12/site-packages/airflow/example_dags/example_bash_operator.py
[2024-12-06T21:50:24.142+0000] {logging_mixin.py:190} INFO - [2024-12-06T21:50:24.142+0000] {dag.py:3239} INFO - Sync 1 DAGs
[2024-12-06T21:50:24.184+0000] {logging_mixin.py:190} INFO - [2024-12-06T21:50:24.184+0000] {dag.py:4180} INFO - Setting next_dagrun for example_bash_operator to 2024-12-05 00:00:00+00:00, run_after=2024-12-06 00:00:00+00:00
[2024-12-06T21:50:24.214+0000] {processor.py:208} INFO - Processing /home/airflow/.local/lib/python3.12/site-packages/airflow/example_dags/example_bash_operator.py took 0.158 seconds
[2024-12-06T21:50:55.698+0000] {processor.py:186} INFO - Started process (PID=1328) to work on /home/airflow/.local/lib/python3.12/site-packages/airflow/example_dags/example_bash_operator.py
[2024-12-06T21:50:55.700+0000] {processor.py:914} INFO - Processing file /home/airflow/.local/lib/python3.12/site-packages/airflow/example_dags/example_bash_operator.py for tasks to queue
[2024-12-06T21:50:55.705+0000] {logging_mixin.py:190} INFO - [2024-12-06T21:50:55.704+0000] {dagbag.py:588} INFO - Filling up the DagBag from /home/airflow/.local/lib/python3.12/site-packages/airflow/example_dags/example_bash_operator.py
[2024-12-06T21:50:55.738+0000] {processor.py:925} INFO - DAG(s) 'example_bash_operator' retrieved from /home/airflow/.local/lib/python3.12/site-packages/airflow/example_dags/example_bash_operator.py
[2024-12-06T21:50:55.801+0000] {logging_mixin.py:190} INFO - [2024-12-06T21:50:55.800+0000] {dag.py:3239} INFO - Sync 1 DAGs
[2024-12-06T21:50:55.849+0000] {logging_mixin.py:190} INFO - [2024-12-06T21:50:55.848+0000] {dag.py:4180} INFO - Setting next_dagrun for example_bash_operator to 2024-12-05 00:00:00+00:00, run_after=2024-12-06 00:00:00+00:00
[2024-12-06T21:50:55.885+0000] {processor.py:208} INFO - Processing /home/airflow/.local/lib/python3.12/site-packages/airflow/example_dags/example_bash_operator.py took 0.200 seconds
[2024-12-06T21:51:27.468+0000] {processor.py:186} INFO - Started process (PID=1391) to work on /home/airflow/.local/lib/python3.12/site-packages/airflow/example_dags/example_bash_operator.py
[2024-12-06T21:51:27.471+0000] {processor.py:914} INFO - Processing file /home/airflow/.local/lib/python3.12/site-packages/airflow/example_dags/example_bash_operator.py for tasks to queue
[2024-12-06T21:51:27.475+0000] {logging_mixin.py:190} INFO - [2024-12-06T21:51:27.475+0000] {dagbag.py:588} INFO - Filling up the DagBag from /home/airflow/.local/lib/python3.12/site-packages/airflow/example_dags/example_bash_operator.py
[2024-12-06T21:51:27.496+0000] {processor.py:925} INFO - DAG(s) 'example_bash_operator' retrieved from /home/airflow/.local/lib/python3.12/site-packages/airflow/example_dags/example_bash_operator.py
[2024-12-06T21:51:27.541+0000] {logging_mixin.py:190} INFO - [2024-12-06T21:51:27.541+0000] {dag.py:3239} INFO - Sync 1 DAGs
[2024-12-06T21:51:27.581+0000] {logging_mixin.py:190} INFO - [2024-12-06T21:51:27.580+0000] {dag.py:4180} INFO - Setting next_dagrun for example_bash_operator to 2024-12-05 00:00:00+00:00, run_after=2024-12-06 00:00:00+00:00
[2024-12-06T21:51:27.613+0000] {processor.py:208} INFO - Processing /home/airflow/.local/lib/python3.12/site-packages/airflow/example_dags/example_bash_operator.py took 0.155 seconds
[2024-12-06T21:51:58.140+0000] {processor.py:186} INFO - Started process (PID=1454) to work on /home/airflow/.local/lib/python3.12/site-packages/airflow/example_dags/example_bash_operator.py
[2024-12-06T21:51:58.141+0000] {processor.py:914} INFO - Processing file /home/airflow/.local/lib/python3.12/site-packages/airflow/example_dags/example_bash_operator.py for tasks to queue
[2024-12-06T21:51:58.145+0000] {logging_mixin.py:190} INFO - [2024-12-06T21:51:58.145+0000] {dagbag.py:588} INFO - Filling up the DagBag from /home/airflow/.local/lib/python3.12/site-packages/airflow/example_dags/example_bash_operator.py
[2024-12-06T21:51:58.166+0000] {processor.py:925} INFO - DAG(s) 'example_bash_operator' retrieved from /home/airflow/.local/lib/python3.12/site-packages/airflow/example_dags/example_bash_operator.py
[2024-12-06T21:51:58.213+0000] {logging_mixin.py:190} INFO - [2024-12-06T21:51:58.213+0000] {dag.py:3239} INFO - Sync 1 DAGs
[2024-12-06T21:51:58.260+0000] {logging_mixin.py:190} INFO - [2024-12-06T21:51:58.259+0000] {dag.py:4180} INFO - Setting next_dagrun for example_bash_operator to 2024-12-05 00:00:00+00:00, run_after=2024-12-06 00:00:00+00:00
[2024-12-06T21:51:58.297+0000] {processor.py:208} INFO - Processing /home/airflow/.local/lib/python3.12/site-packages/airflow/example_dags/example_bash_operator.py took 0.169 seconds
[2024-12-06T21:52:29.104+0000] {processor.py:186} INFO - Started process (PID=1517) to work on /home/airflow/.local/lib/python3.12/site-packages/airflow/example_dags/example_bash_operator.py
[2024-12-06T21:52:29.105+0000] {processor.py:914} INFO - Processing file /home/airflow/.local/lib/python3.12/site-packages/airflow/example_dags/example_bash_operator.py for tasks to queue
[2024-12-06T21:52:29.112+0000] {logging_mixin.py:190} INFO - [2024-12-06T21:52:29.111+0000] {dagbag.py:588} INFO - Filling up the DagBag from /home/airflow/.local/lib/python3.12/site-packages/airflow/example_dags/example_bash_operator.py
[2024-12-06T21:52:29.139+0000] {processor.py:925} INFO - DAG(s) 'example_bash_operator' retrieved from /home/airflow/.local/lib/python3.12/site-packages/airflow/example_dags/example_bash_operator.py
[2024-12-06T21:52:29.193+0000] {logging_mixin.py:190} INFO - [2024-12-06T21:52:29.193+0000] {dag.py:3239} INFO - Sync 1 DAGs
[2024-12-06T21:52:29.234+0000] {logging_mixin.py:190} INFO - [2024-12-06T21:52:29.234+0000] {dag.py:4180} INFO - Setting next_dagrun for example_bash_operator to 2024-12-05 00:00:00+00:00, run_after=2024-12-06 00:00:00+00:00
[2024-12-06T21:52:29.267+0000] {processor.py:208} INFO - Processing /home/airflow/.local/lib/python3.12/site-packages/airflow/example_dags/example_bash_operator.py took 0.175 seconds
[2024-12-06T21:53:00.799+0000] {processor.py:186} INFO - Started process (PID=1580) to work on /home/airflow/.local/lib/python3.12/site-packages/airflow/example_dags/example_bash_operator.py
[2024-12-06T21:53:00.801+0000] {processor.py:914} INFO - Processing file /home/airflow/.local/lib/python3.12/site-packages/airflow/example_dags/example_bash_operator.py for tasks to queue
[2024-12-06T21:53:00.804+0000] {logging_mixin.py:190} INFO - [2024-12-06T21:53:00.804+0000] {dagbag.py:588} INFO - Filling up the DagBag from /home/airflow/.local/lib/python3.12/site-packages/airflow/example_dags/example_bash_operator.py
[2024-12-06T21:53:00.831+0000] {processor.py:925} INFO - DAG(s) 'example_bash_operator' retrieved from /home/airflow/.local/lib/python3.12/site-packages/airflow/example_dags/example_bash_operator.py
[2024-12-06T21:53:00.873+0000] {logging_mixin.py:190} INFO - [2024-12-06T21:53:00.873+0000] {dag.py:3239} INFO - Sync 1 DAGs
[2024-12-06T21:53:00.911+0000] {logging_mixin.py:190} INFO - [2024-12-06T21:53:00.910+0000] {dag.py:4180} INFO - Setting next_dagrun for example_bash_operator to 2024-12-05 00:00:00+00:00, run_after=2024-12-06 00:00:00+00:00
[2024-12-06T21:53:00.939+0000] {processor.py:208} INFO - Processing /home/airflow/.local/lib/python3.12/site-packages/airflow/example_dags/example_bash_operator.py took 0.150 seconds
[2024-12-06T21:53:31.907+0000] {processor.py:186} INFO - Started process (PID=1642) to work on /home/airflow/.local/lib/python3.12/site-packages/airflow/example_dags/example_bash_operator.py
[2024-12-06T21:53:31.909+0000] {processor.py:914} INFO - Processing file /home/airflow/.local/lib/python3.12/site-packages/airflow/example_dags/example_bash_operator.py for tasks to queue
[2024-12-06T21:53:31.912+0000] {logging_mixin.py:190} INFO - [2024-12-06T21:53:31.912+0000] {dagbag.py:588} INFO - Filling up the DagBag from /home/airflow/.local/lib/python3.12/site-packages/airflow/example_dags/example_bash_operator.py
[2024-12-06T21:53:31.932+0000] {processor.py:925} INFO - DAG(s) 'example_bash_operator' retrieved from /home/airflow/.local/lib/python3.12/site-packages/airflow/example_dags/example_bash_operator.py
[2024-12-06T21:53:31.975+0000] {logging_mixin.py:190} INFO - [2024-12-06T21:53:31.974+0000] {dag.py:3239} INFO - Sync 1 DAGs
[2024-12-06T21:53:32.010+0000] {logging_mixin.py:190} INFO - [2024-12-06T21:53:32.010+0000] {dag.py:4180} INFO - Setting next_dagrun for example_bash_operator to 2024-12-05 00:00:00+00:00, run_after=2024-12-06 00:00:00+00:00
[2024-12-06T21:53:32.040+0000] {processor.py:208} INFO - Processing /home/airflow/.local/lib/python3.12/site-packages/airflow/example_dags/example_bash_operator.py took 0.143 seconds
[2024-12-06T21:54:03.447+0000] {processor.py:186} INFO - Started process (PID=1705) to work on /home/airflow/.local/lib/python3.12/site-packages/airflow/example_dags/example_bash_operator.py
[2024-12-06T21:54:03.449+0000] {processor.py:914} INFO - Processing file /home/airflow/.local/lib/python3.12/site-packages/airflow/example_dags/example_bash_operator.py for tasks to queue
[2024-12-06T21:54:03.454+0000] {logging_mixin.py:190} INFO - [2024-12-06T21:54:03.453+0000] {dagbag.py:588} INFO - Filling up the DagBag from /home/airflow/.local/lib/python3.12/site-packages/airflow/example_dags/example_bash_operator.py
[2024-12-06T21:54:03.474+0000] {processor.py:925} INFO - DAG(s) 'example_bash_operator' retrieved from /home/airflow/.local/lib/python3.12/site-packages/airflow/example_dags/example_bash_operator.py
[2024-12-06T21:54:03.521+0000] {logging_mixin.py:190} INFO - [2024-12-06T21:54:03.520+0000] {dag.py:3239} INFO - Sync 1 DAGs
[2024-12-06T21:54:03.560+0000] {logging_mixin.py:190} INFO - [2024-12-06T21:54:03.560+0000] {dag.py:4180} INFO - Setting next_dagrun for example_bash_operator to 2024-12-05 00:00:00+00:00, run_after=2024-12-06 00:00:00+00:00
[2024-12-06T21:54:03.589+0000] {processor.py:208} INFO - Processing /home/airflow/.local/lib/python3.12/site-packages/airflow/example_dags/example_bash_operator.py took 0.151 seconds
[2024-12-06T21:54:35.342+0000] {processor.py:186} INFO - Started process (PID=1768) to work on /home/airflow/.local/lib/python3.12/site-packages/airflow/example_dags/example_bash_operator.py
[2024-12-06T21:54:35.343+0000] {processor.py:914} INFO - Processing file /home/airflow/.local/lib/python3.12/site-packages/airflow/example_dags/example_bash_operator.py for tasks to queue
[2024-12-06T21:54:35.347+0000] {logging_mixin.py:190} INFO - [2024-12-06T21:54:35.347+0000] {dagbag.py:588} INFO - Filling up the DagBag from /home/airflow/.local/lib/python3.12/site-packages/airflow/example_dags/example_bash_operator.py
[2024-12-06T21:54:35.371+0000] {processor.py:925} INFO - DAG(s) 'example_bash_operator' retrieved from /home/airflow/.local/lib/python3.12/site-packages/airflow/example_dags/example_bash_operator.py
[2024-12-06T21:54:35.419+0000] {logging_mixin.py:190} INFO - [2024-12-06T21:54:35.418+0000] {dag.py:3239} INFO - Sync 1 DAGs
[2024-12-06T21:54:35.460+0000] {logging_mixin.py:190} INFO - [2024-12-06T21:54:35.460+0000] {dag.py:4180} INFO - Setting next_dagrun for example_bash_operator to 2024-12-05 00:00:00+00:00, run_after=2024-12-06 00:00:00+00:00
[2024-12-06T21:54:35.491+0000] {processor.py:208} INFO - Processing /home/airflow/.local/lib/python3.12/site-packages/airflow/example_dags/example_bash_operator.py took 0.161 seconds
[2024-12-06T21:55:06.845+0000] {processor.py:186} INFO - Started process (PID=1831) to work on /home/airflow/.local/lib/python3.12/site-packages/airflow/example_dags/example_bash_operator.py
[2024-12-06T21:55:06.846+0000] {processor.py:914} INFO - Processing file /home/airflow/.local/lib/python3.12/site-packages/airflow/example_dags/example_bash_operator.py for tasks to queue
[2024-12-06T21:55:06.850+0000] {logging_mixin.py:190} INFO - [2024-12-06T21:55:06.850+0000] {dagbag.py:588} INFO - Filling up the DagBag from /home/airflow/.local/lib/python3.12/site-packages/airflow/example_dags/example_bash_operator.py
[2024-12-06T21:55:06.870+0000] {processor.py:925} INFO - DAG(s) 'example_bash_operator' retrieved from /home/airflow/.local/lib/python3.12/site-packages/airflow/example_dags/example_bash_operator.py
[2024-12-06T21:55:06.915+0000] {logging_mixin.py:190} INFO - [2024-12-06T21:55:06.915+0000] {dag.py:3239} INFO - Sync 1 DAGs
[2024-12-06T21:55:06.953+0000] {logging_mixin.py:190} INFO - [2024-12-06T21:55:06.952+0000] {dag.py:4180} INFO - Setting next_dagrun for example_bash_operator to 2024-12-05 00:00:00+00:00, run_after=2024-12-06 00:00:00+00:00
[2024-12-06T21:55:06.983+0000] {processor.py:208} INFO - Processing /home/airflow/.local/lib/python3.12/site-packages/airflow/example_dags/example_bash_operator.py took 0.149 seconds
[2024-12-06T21:55:39.524+0000] {processor.py:186} INFO - Started process (PID=1899) to work on /home/airflow/.local/lib/python3.12/site-packages/airflow/example_dags/example_bash_operator.py
[2024-12-06T21:55:39.528+0000] {processor.py:914} INFO - Processing file /home/airflow/.local/lib/python3.12/site-packages/airflow/example_dags/example_bash_operator.py for tasks to queue
[2024-12-06T21:55:39.531+0000] {logging_mixin.py:190} INFO - [2024-12-06T21:55:39.531+0000] {dagbag.py:588} INFO - Filling up the DagBag from /home/airflow/.local/lib/python3.12/site-packages/airflow/example_dags/example_bash_operator.py
[2024-12-06T21:55:39.552+0000] {processor.py:925} INFO - DAG(s) 'example_bash_operator' retrieved from /home/airflow/.local/lib/python3.12/site-packages/airflow/example_dags/example_bash_operator.py
[2024-12-06T21:55:39.596+0000] {logging_mixin.py:190} INFO - [2024-12-06T21:55:39.595+0000] {dag.py:3239} INFO - Sync 1 DAGs
[2024-12-06T21:55:39.637+0000] {logging_mixin.py:190} INFO - [2024-12-06T21:55:39.637+0000] {dag.py:4180} INFO - Setting next_dagrun for example_bash_operator to 2024-12-05 00:00:00+00:00, run_after=2024-12-06 00:00:00+00:00
[2024-12-06T21:55:39.665+0000] {processor.py:208} INFO - Processing /home/airflow/.local/lib/python3.12/site-packages/airflow/example_dags/example_bash_operator.py took 0.150 seconds
[2024-12-06T21:56:10.951+0000] {processor.py:186} INFO - Started process (PID=1962) to work on /home/airflow/.local/lib/python3.12/site-packages/airflow/example_dags/example_bash_operator.py
[2024-12-06T21:56:10.952+0000] {processor.py:914} INFO - Processing file /home/airflow/.local/lib/python3.12/site-packages/airflow/example_dags/example_bash_operator.py for tasks to queue
[2024-12-06T21:56:10.956+0000] {logging_mixin.py:190} INFO - [2024-12-06T21:56:10.956+0000] {dagbag.py:588} INFO - Filling up the DagBag from /home/airflow/.local/lib/python3.12/site-packages/airflow/example_dags/example_bash_operator.py
[2024-12-06T21:56:10.979+0000] {processor.py:925} INFO - DAG(s) 'example_bash_operator' retrieved from /home/airflow/.local/lib/python3.12/site-packages/airflow/example_dags/example_bash_operator.py
[2024-12-06T21:56:11.022+0000] {logging_mixin.py:190} INFO - [2024-12-06T21:56:11.022+0000] {dag.py:3239} INFO - Sync 1 DAGs
[2024-12-06T21:56:11.058+0000] {logging_mixin.py:190} INFO - [2024-12-06T21:56:11.058+0000] {dag.py:4180} INFO - Setting next_dagrun for example_bash_operator to 2024-12-05 00:00:00+00:00, run_after=2024-12-06 00:00:00+00:00
[2024-12-06T21:56:11.087+0000] {processor.py:208} INFO - Processing /home/airflow/.local/lib/python3.12/site-packages/airflow/example_dags/example_bash_operator.py took 0.148 seconds
[2024-12-06T21:56:41.818+0000] {processor.py:186} INFO - Started process (PID=2024) to work on /home/airflow/.local/lib/python3.12/site-packages/airflow/example_dags/example_bash_operator.py
[2024-12-06T21:56:41.819+0000] {processor.py:914} INFO - Processing file /home/airflow/.local/lib/python3.12/site-packages/airflow/example_dags/example_bash_operator.py for tasks to queue
[2024-12-06T21:56:41.823+0000] {logging_mixin.py:190} INFO - [2024-12-06T21:56:41.823+0000] {dagbag.py:588} INFO - Filling up the DagBag from /home/airflow/.local/lib/python3.12/site-packages/airflow/example_dags/example_bash_operator.py
[2024-12-06T21:56:41.844+0000] {processor.py:925} INFO - DAG(s) 'example_bash_operator' retrieved from /home/airflow/.local/lib/python3.12/site-packages/airflow/example_dags/example_bash_operator.py
[2024-12-06T21:56:41.891+0000] {logging_mixin.py:190} INFO - [2024-12-06T21:56:41.890+0000] {dag.py:3239} INFO - Sync 1 DAGs
[2024-12-06T21:56:41.929+0000] {logging_mixin.py:190} INFO - [2024-12-06T21:56:41.928+0000] {dag.py:4180} INFO - Setting next_dagrun for example_bash_operator to 2024-12-05 00:00:00+00:00, run_after=2024-12-06 00:00:00+00:00
[2024-12-06T21:56:41.959+0000] {processor.py:208} INFO - Processing /home/airflow/.local/lib/python3.12/site-packages/airflow/example_dags/example_bash_operator.py took 0.151 seconds
[2024-12-06T21:57:13.482+0000] {processor.py:186} INFO - Started process (PID=2088) to work on /home/airflow/.local/lib/python3.12/site-packages/airflow/example_dags/example_bash_operator.py
[2024-12-06T21:57:13.483+0000] {processor.py:914} INFO - Processing file /home/airflow/.local/lib/python3.12/site-packages/airflow/example_dags/example_bash_operator.py for tasks to queue
[2024-12-06T21:57:13.488+0000] {logging_mixin.py:190} INFO - [2024-12-06T21:57:13.487+0000] {dagbag.py:588} INFO - Filling up the DagBag from /home/airflow/.local/lib/python3.12/site-packages/airflow/example_dags/example_bash_operator.py
[2024-12-06T21:57:13.509+0000] {processor.py:925} INFO - DAG(s) 'example_bash_operator' retrieved from /home/airflow/.local/lib/python3.12/site-packages/airflow/example_dags/example_bash_operator.py
[2024-12-06T21:57:13.549+0000] {logging_mixin.py:190} INFO - [2024-12-06T21:57:13.549+0000] {dag.py:3239} INFO - Sync 1 DAGs
[2024-12-06T21:57:13.588+0000] {logging_mixin.py:190} INFO - [2024-12-06T21:57:13.587+0000] {dag.py:4180} INFO - Setting next_dagrun for example_bash_operator to 2024-12-05 00:00:00+00:00, run_after=2024-12-06 00:00:00+00:00
[2024-12-06T21:57:13.614+0000] {processor.py:208} INFO - Processing /home/airflow/.local/lib/python3.12/site-packages/airflow/example_dags/example_bash_operator.py took 0.141 seconds
[2024-12-06T21:57:44.698+0000] {processor.py:186} INFO - Started process (PID=2151) to work on /home/airflow/.local/lib/python3.12/site-packages/airflow/example_dags/example_bash_operator.py
[2024-12-06T21:57:44.699+0000] {processor.py:914} INFO - Processing file /home/airflow/.local/lib/python3.12/site-packages/airflow/example_dags/example_bash_operator.py for tasks to queue
[2024-12-06T21:57:44.702+0000] {logging_mixin.py:190} INFO - [2024-12-06T21:57:44.702+0000] {dagbag.py:588} INFO - Filling up the DagBag from /home/airflow/.local/lib/python3.12/site-packages/airflow/example_dags/example_bash_operator.py
[2024-12-06T21:57:44.723+0000] {processor.py:925} INFO - DAG(s) 'example_bash_operator' retrieved from /home/airflow/.local/lib/python3.12/site-packages/airflow/example_dags/example_bash_operator.py
[2024-12-06T21:57:44.764+0000] {logging_mixin.py:190} INFO - [2024-12-06T21:57:44.763+0000] {dag.py:3239} INFO - Sync 1 DAGs
[2024-12-06T21:57:44.799+0000] {logging_mixin.py:190} INFO - [2024-12-06T21:57:44.799+0000] {dag.py:4180} INFO - Setting next_dagrun for example_bash_operator to 2024-12-05 00:00:00+00:00, run_after=2024-12-06 00:00:00+00:00
[2024-12-06T21:57:44.825+0000] {processor.py:208} INFO - Processing /home/airflow/.local/lib/python3.12/site-packages/airflow/example_dags/example_bash_operator.py took 0.138 seconds
[2024-12-06T21:58:15.849+0000] {processor.py:186} INFO - Started process (PID=2214) to work on /home/airflow/.local/lib/python3.12/site-packages/airflow/example_dags/example_bash_operator.py
[2024-12-06T21:58:15.851+0000] {processor.py:914} INFO - Processing file /home/airflow/.local/lib/python3.12/site-packages/airflow/example_dags/example_bash_operator.py for tasks to queue
[2024-12-06T21:58:15.855+0000] {logging_mixin.py:190} INFO - [2024-12-06T21:58:15.854+0000] {dagbag.py:588} INFO - Filling up the DagBag from /home/airflow/.local/lib/python3.12/site-packages/airflow/example_dags/example_bash_operator.py
[2024-12-06T21:58:15.879+0000] {processor.py:925} INFO - DAG(s) 'example_bash_operator' retrieved from /home/airflow/.local/lib/python3.12/site-packages/airflow/example_dags/example_bash_operator.py
[2024-12-06T21:58:15.924+0000] {logging_mixin.py:190} INFO - [2024-12-06T21:58:15.924+0000] {dag.py:3239} INFO - Sync 1 DAGs
[2024-12-06T21:58:15.964+0000] {logging_mixin.py:190} INFO - [2024-12-06T21:58:15.963+0000] {dag.py:4180} INFO - Setting next_dagrun for example_bash_operator to 2024-12-05 00:00:00+00:00, run_after=2024-12-06 00:00:00+00:00
[2024-12-06T21:58:15.993+0000] {processor.py:208} INFO - Processing /home/airflow/.local/lib/python3.12/site-packages/airflow/example_dags/example_bash_operator.py took 0.155 seconds
[2024-12-06T21:58:47.518+0000] {processor.py:186} INFO - Started process (PID=2276) to work on /home/airflow/.local/lib/python3.12/site-packages/airflow/example_dags/example_bash_operator.py
[2024-12-06T21:58:47.520+0000] {processor.py:914} INFO - Processing file /home/airflow/.local/lib/python3.12/site-packages/airflow/example_dags/example_bash_operator.py for tasks to queue
[2024-12-06T21:58:47.524+0000] {logging_mixin.py:190} INFO - [2024-12-06T21:58:47.523+0000] {dagbag.py:588} INFO - Filling up the DagBag from /home/airflow/.local/lib/python3.12/site-packages/airflow/example_dags/example_bash_operator.py
[2024-12-06T21:58:47.546+0000] {processor.py:925} INFO - DAG(s) 'example_bash_operator' retrieved from /home/airflow/.local/lib/python3.12/site-packages/airflow/example_dags/example_bash_operator.py
[2024-12-06T21:58:47.592+0000] {logging_mixin.py:190} INFO - [2024-12-06T21:58:47.592+0000] {dag.py:3239} INFO - Sync 1 DAGs
[2024-12-06T21:58:47.629+0000] {logging_mixin.py:190} INFO - [2024-12-06T21:58:47.628+0000] {dag.py:4180} INFO - Setting next_dagrun for example_bash_operator to 2024-12-05 00:00:00+00:00, run_after=2024-12-06 00:00:00+00:00
[2024-12-06T21:58:47.657+0000] {processor.py:208} INFO - Processing /home/airflow/.local/lib/python3.12/site-packages/airflow/example_dags/example_bash_operator.py took 0.151 seconds
[2024-12-06T21:59:19.121+0000] {processor.py:186} INFO - Started process (PID=2345) to work on /home/airflow/.local/lib/python3.12/site-packages/airflow/example_dags/example_bash_operator.py
[2024-12-06T21:59:19.123+0000] {processor.py:914} INFO - Processing file /home/airflow/.local/lib/python3.12/site-packages/airflow/example_dags/example_bash_operator.py for tasks to queue
[2024-12-06T21:59:19.126+0000] {logging_mixin.py:190} INFO - [2024-12-06T21:59:19.126+0000] {dagbag.py:588} INFO - Filling up the DagBag from /home/airflow/.local/lib/python3.12/site-packages/airflow/example_dags/example_bash_operator.py
[2024-12-06T21:59:19.155+0000] {processor.py:925} INFO - DAG(s) 'example_bash_operator' retrieved from /home/airflow/.local/lib/python3.12/site-packages/airflow/example_dags/example_bash_operator.py
[2024-12-06T21:59:19.203+0000] {logging_mixin.py:190} INFO - [2024-12-06T21:59:19.202+0000] {dag.py:3239} INFO - Sync 1 DAGs
[2024-12-06T21:59:19.242+0000] {logging_mixin.py:190} INFO - [2024-12-06T21:59:19.242+0000] {dag.py:4180} INFO - Setting next_dagrun for example_bash_operator to 2024-12-05 00:00:00+00:00, run_after=2024-12-06 00:00:00+00:00
[2024-12-06T21:59:19.275+0000] {processor.py:208} INFO - Processing /home/airflow/.local/lib/python3.12/site-packages/airflow/example_dags/example_bash_operator.py took 0.165 seconds
[2024-12-06T21:59:51.575+0000] {processor.py:186} INFO - Started process (PID=2408) to work on /home/airflow/.local/lib/python3.12/site-packages/airflow/example_dags/example_bash_operator.py
[2024-12-06T21:59:51.577+0000] {processor.py:914} INFO - Processing file /home/airflow/.local/lib/python3.12/site-packages/airflow/example_dags/example_bash_operator.py for tasks to queue
[2024-12-06T21:59:51.581+0000] {logging_mixin.py:190} INFO - [2024-12-06T21:59:51.581+0000] {dagbag.py:588} INFO - Filling up the DagBag from /home/airflow/.local/lib/python3.12/site-packages/airflow/example_dags/example_bash_operator.py
[2024-12-06T21:59:51.606+0000] {processor.py:925} INFO - DAG(s) 'example_bash_operator' retrieved from /home/airflow/.local/lib/python3.12/site-packages/airflow/example_dags/example_bash_operator.py
[2024-12-06T21:59:51.658+0000] {logging_mixin.py:190} INFO - [2024-12-06T21:59:51.657+0000] {dag.py:3239} INFO - Sync 1 DAGs
[2024-12-06T21:59:51.707+0000] {logging_mixin.py:190} INFO - [2024-12-06T21:59:51.706+0000] {dag.py:4180} INFO - Setting next_dagrun for example_bash_operator to 2024-12-05 00:00:00+00:00, run_after=2024-12-06 00:00:00+00:00
[2024-12-06T21:59:51.738+0000] {processor.py:208} INFO - Processing /home/airflow/.local/lib/python3.12/site-packages/airflow/example_dags/example_bash_operator.py took 0.178 seconds
[2024-12-06T22:00:24.008+0000] {processor.py:186} INFO - Started process (PID=2471) to work on /home/airflow/.local/lib/python3.12/site-packages/airflow/example_dags/example_bash_operator.py
[2024-12-06T22:00:24.010+0000] {processor.py:914} INFO - Processing file /home/airflow/.local/lib/python3.12/site-packages/airflow/example_dags/example_bash_operator.py for tasks to queue
[2024-12-06T22:00:24.013+0000] {logging_mixin.py:190} INFO - [2024-12-06T22:00:24.012+0000] {dagbag.py:588} INFO - Filling up the DagBag from /home/airflow/.local/lib/python3.12/site-packages/airflow/example_dags/example_bash_operator.py
[2024-12-06T22:00:24.032+0000] {processor.py:925} INFO - DAG(s) 'example_bash_operator' retrieved from /home/airflow/.local/lib/python3.12/site-packages/airflow/example_dags/example_bash_operator.py
[2024-12-06T22:00:24.073+0000] {logging_mixin.py:190} INFO - [2024-12-06T22:00:24.072+0000] {dag.py:3239} INFO - Sync 1 DAGs
[2024-12-06T22:00:24.106+0000] {logging_mixin.py:190} INFO - [2024-12-06T22:00:24.105+0000] {dag.py:4180} INFO - Setting next_dagrun for example_bash_operator to 2024-12-05 00:00:00+00:00, run_after=2024-12-06 00:00:00+00:00
[2024-12-06T22:00:24.131+0000] {processor.py:208} INFO - Processing /home/airflow/.local/lib/python3.12/site-packages/airflow/example_dags/example_bash_operator.py took 0.132 seconds
[2024-12-06T22:00:55.478+0000] {processor.py:186} INFO - Started process (PID=2534) to work on /home/airflow/.local/lib/python3.12/site-packages/airflow/example_dags/example_bash_operator.py
[2024-12-06T22:00:55.480+0000] {processor.py:914} INFO - Processing file /home/airflow/.local/lib/python3.12/site-packages/airflow/example_dags/example_bash_operator.py for tasks to queue
[2024-12-06T22:00:55.483+0000] {logging_mixin.py:190} INFO - [2024-12-06T22:00:55.483+0000] {dagbag.py:588} INFO - Filling up the DagBag from /home/airflow/.local/lib/python3.12/site-packages/airflow/example_dags/example_bash_operator.py
[2024-12-06T22:00:55.504+0000] {processor.py:925} INFO - DAG(s) 'example_bash_operator' retrieved from /home/airflow/.local/lib/python3.12/site-packages/airflow/example_dags/example_bash_operator.py
[2024-12-06T22:00:55.543+0000] {logging_mixin.py:190} INFO - [2024-12-06T22:00:55.543+0000] {dag.py:3239} INFO - Sync 1 DAGs
[2024-12-06T22:00:55.578+0000] {logging_mixin.py:190} INFO - [2024-12-06T22:00:55.577+0000] {dag.py:4180} INFO - Setting next_dagrun for example_bash_operator to 2024-12-05 00:00:00+00:00, run_after=2024-12-06 00:00:00+00:00
[2024-12-06T22:00:55.604+0000] {processor.py:208} INFO - Processing /home/airflow/.local/lib/python3.12/site-packages/airflow/example_dags/example_bash_operator.py took 0.136 seconds
[2024-12-06T22:01:26.635+0000] {processor.py:186} INFO - Started process (PID=2597) to work on /home/airflow/.local/lib/python3.12/site-packages/airflow/example_dags/example_bash_operator.py
[2024-12-06T22:01:26.637+0000] {processor.py:914} INFO - Processing file /home/airflow/.local/lib/python3.12/site-packages/airflow/example_dags/example_bash_operator.py for tasks to queue
[2024-12-06T22:01:26.640+0000] {logging_mixin.py:190} INFO - [2024-12-06T22:01:26.640+0000] {dagbag.py:588} INFO - Filling up the DagBag from /home/airflow/.local/lib/python3.12/site-packages/airflow/example_dags/example_bash_operator.py
[2024-12-06T22:01:26.661+0000] {processor.py:925} INFO - DAG(s) 'example_bash_operator' retrieved from /home/airflow/.local/lib/python3.12/site-packages/airflow/example_dags/example_bash_operator.py
[2024-12-06T22:01:26.700+0000] {logging_mixin.py:190} INFO - [2024-12-06T22:01:26.700+0000] {dag.py:3239} INFO - Sync 1 DAGs
[2024-12-06T22:01:26.734+0000] {logging_mixin.py:190} INFO - [2024-12-06T22:01:26.733+0000] {dag.py:4180} INFO - Setting next_dagrun for example_bash_operator to 2024-12-05 00:00:00+00:00, run_after=2024-12-06 00:00:00+00:00
[2024-12-06T22:01:26.758+0000] {processor.py:208} INFO - Processing /home/airflow/.local/lib/python3.12/site-packages/airflow/example_dags/example_bash_operator.py took 0.133 seconds
[2024-12-06T22:01:58.775+0000] {processor.py:186} INFO - Started process (PID=2660) to work on /home/airflow/.local/lib/python3.12/site-packages/airflow/example_dags/example_bash_operator.py
[2024-12-06T22:01:58.776+0000] {processor.py:914} INFO - Processing file /home/airflow/.local/lib/python3.12/site-packages/airflow/example_dags/example_bash_operator.py for tasks to queue
[2024-12-06T22:01:58.781+0000] {logging_mixin.py:190} INFO - [2024-12-06T22:01:58.781+0000] {dagbag.py:588} INFO - Filling up the DagBag from /home/airflow/.local/lib/python3.12/site-packages/airflow/example_dags/example_bash_operator.py
[2024-12-06T22:01:58.806+0000] {processor.py:925} INFO - DAG(s) 'example_bash_operator' retrieved from /home/airflow/.local/lib/python3.12/site-packages/airflow/example_dags/example_bash_operator.py
[2024-12-06T22:01:58.850+0000] {logging_mixin.py:190} INFO - [2024-12-06T22:01:58.849+0000] {dag.py:3239} INFO - Sync 1 DAGs
[2024-12-06T22:01:58.888+0000] {logging_mixin.py:190} INFO - [2024-12-06T22:01:58.888+0000] {dag.py:4180} INFO - Setting next_dagrun for example_bash_operator to 2024-12-05 00:00:00+00:00, run_after=2024-12-06 00:00:00+00:00
[2024-12-06T22:01:58.920+0000] {processor.py:208} INFO - Processing /home/airflow/.local/lib/python3.12/site-packages/airflow/example_dags/example_bash_operator.py took 0.154 seconds
[2024-12-06T22:02:30.534+0000] {processor.py:186} INFO - Started process (PID=2723) to work on /home/airflow/.local/lib/python3.12/site-packages/airflow/example_dags/example_bash_operator.py
[2024-12-06T22:02:30.537+0000] {processor.py:914} INFO - Processing file /home/airflow/.local/lib/python3.12/site-packages/airflow/example_dags/example_bash_operator.py for tasks to queue
[2024-12-06T22:02:30.542+0000] {logging_mixin.py:190} INFO - [2024-12-06T22:02:30.542+0000] {dagbag.py:588} INFO - Filling up the DagBag from /home/airflow/.local/lib/python3.12/site-packages/airflow/example_dags/example_bash_operator.py
[2024-12-06T22:02:30.566+0000] {processor.py:925} INFO - DAG(s) 'example_bash_operator' retrieved from /home/airflow/.local/lib/python3.12/site-packages/airflow/example_dags/example_bash_operator.py
[2024-12-06T22:02:30.615+0000] {logging_mixin.py:190} INFO - [2024-12-06T22:02:30.615+0000] {dag.py:3239} INFO - Sync 1 DAGs
[2024-12-06T22:02:30.659+0000] {logging_mixin.py:190} INFO - [2024-12-06T22:02:30.659+0000] {dag.py:4180} INFO - Setting next_dagrun for example_bash_operator to 2024-12-05 00:00:00+00:00, run_after=2024-12-06 00:00:00+00:00
[2024-12-06T22:02:30.696+0000] {processor.py:208} INFO - Processing /home/airflow/.local/lib/python3.12/site-packages/airflow/example_dags/example_bash_operator.py took 0.173 seconds
[2024-12-06T22:03:02.863+0000] {processor.py:186} INFO - Started process (PID=2786) to work on /home/airflow/.local/lib/python3.12/site-packages/airflow/example_dags/example_bash_operator.py
[2024-12-06T22:03:02.864+0000] {processor.py:914} INFO - Processing file /home/airflow/.local/lib/python3.12/site-packages/airflow/example_dags/example_bash_operator.py for tasks to queue
[2024-12-06T22:03:02.868+0000] {logging_mixin.py:190} INFO - [2024-12-06T22:03:02.867+0000] {dagbag.py:588} INFO - Filling up the DagBag from /home/airflow/.local/lib/python3.12/site-packages/airflow/example_dags/example_bash_operator.py
[2024-12-06T22:03:02.893+0000] {processor.py:925} INFO - DAG(s) 'example_bash_operator' retrieved from /home/airflow/.local/lib/python3.12/site-packages/airflow/example_dags/example_bash_operator.py
[2024-12-06T22:03:02.939+0000] {logging_mixin.py:190} INFO - [2024-12-06T22:03:02.938+0000] {dag.py:3239} INFO - Sync 1 DAGs
[2024-12-06T22:03:02.980+0000] {logging_mixin.py:190} INFO - [2024-12-06T22:03:02.980+0000] {dag.py:4180} INFO - Setting next_dagrun for example_bash_operator to 2024-12-05 00:00:00+00:00, run_after=2024-12-06 00:00:00+00:00
[2024-12-06T22:03:03.010+0000] {processor.py:208} INFO - Processing /home/airflow/.local/lib/python3.12/site-packages/airflow/example_dags/example_bash_operator.py took 0.160 seconds
[2024-12-06T22:03:35.653+0000] {processor.py:186} INFO - Started process (PID=2849) to work on /home/airflow/.local/lib/python3.12/site-packages/airflow/example_dags/example_bash_operator.py
[2024-12-06T22:03:35.655+0000] {processor.py:914} INFO - Processing file /home/airflow/.local/lib/python3.12/site-packages/airflow/example_dags/example_bash_operator.py for tasks to queue
[2024-12-06T22:03:35.660+0000] {logging_mixin.py:190} INFO - [2024-12-06T22:03:35.660+0000] {dagbag.py:588} INFO - Filling up the DagBag from /home/airflow/.local/lib/python3.12/site-packages/airflow/example_dags/example_bash_operator.py
[2024-12-06T22:03:35.680+0000] {processor.py:925} INFO - DAG(s) 'example_bash_operator' retrieved from /home/airflow/.local/lib/python3.12/site-packages/airflow/example_dags/example_bash_operator.py
[2024-12-06T22:03:35.718+0000] {logging_mixin.py:190} INFO - [2024-12-06T22:03:35.718+0000] {dag.py:3239} INFO - Sync 1 DAGs
[2024-12-06T22:03:35.754+0000] {logging_mixin.py:190} INFO - [2024-12-06T22:03:35.754+0000] {dag.py:4180} INFO - Setting next_dagrun for example_bash_operator to 2024-12-05 00:00:00+00:00, run_after=2024-12-06 00:00:00+00:00
[2024-12-06T22:03:35.780+0000] {processor.py:208} INFO - Processing /home/airflow/.local/lib/python3.12/site-packages/airflow/example_dags/example_bash_operator.py took 0.136 seconds
[2024-12-06T22:04:06.772+0000] {processor.py:186} INFO - Started process (PID=2912) to work on /home/airflow/.local/lib/python3.12/site-packages/airflow/example_dags/example_bash_operator.py
[2024-12-06T22:04:06.774+0000] {processor.py:914} INFO - Processing file /home/airflow/.local/lib/python3.12/site-packages/airflow/example_dags/example_bash_operator.py for tasks to queue
[2024-12-06T22:04:06.779+0000] {logging_mixin.py:190} INFO - [2024-12-06T22:04:06.779+0000] {dagbag.py:588} INFO - Filling up the DagBag from /home/airflow/.local/lib/python3.12/site-packages/airflow/example_dags/example_bash_operator.py
[2024-12-06T22:04:06.800+0000] {processor.py:925} INFO - DAG(s) 'example_bash_operator' retrieved from /home/airflow/.local/lib/python3.12/site-packages/airflow/example_dags/example_bash_operator.py
[2024-12-06T22:04:06.840+0000] {logging_mixin.py:190} INFO - [2024-12-06T22:04:06.839+0000] {dag.py:3239} INFO - Sync 1 DAGs
[2024-12-06T22:04:06.877+0000] {logging_mixin.py:190} INFO - [2024-12-06T22:04:06.876+0000] {dag.py:4180} INFO - Setting next_dagrun for example_bash_operator to 2024-12-05 00:00:00+00:00, run_after=2024-12-06 00:00:00+00:00
[2024-12-06T22:04:06.904+0000] {processor.py:208} INFO - Processing /home/airflow/.local/lib/python3.12/site-packages/airflow/example_dags/example_bash_operator.py took 0.140 seconds
[2024-12-06T22:04:37.710+0000] {processor.py:186} INFO - Started process (PID=2975) to work on /home/airflow/.local/lib/python3.12/site-packages/airflow/example_dags/example_bash_operator.py
[2024-12-06T22:04:37.712+0000] {processor.py:914} INFO - Processing file /home/airflow/.local/lib/python3.12/site-packages/airflow/example_dags/example_bash_operator.py for tasks to queue
[2024-12-06T22:04:37.717+0000] {logging_mixin.py:190} INFO - [2024-12-06T22:04:37.716+0000] {dagbag.py:588} INFO - Filling up the DagBag from /home/airflow/.local/lib/python3.12/site-packages/airflow/example_dags/example_bash_operator.py
[2024-12-06T22:04:37.741+0000] {processor.py:925} INFO - DAG(s) 'example_bash_operator' retrieved from /home/airflow/.local/lib/python3.12/site-packages/airflow/example_dags/example_bash_operator.py
[2024-12-06T22:04:37.790+0000] {logging_mixin.py:190} INFO - [2024-12-06T22:04:37.790+0000] {dag.py:3239} INFO - Sync 1 DAGs
[2024-12-06T22:04:37.827+0000] {logging_mixin.py:190} INFO - [2024-12-06T22:04:37.827+0000] {dag.py:4180} INFO - Setting next_dagrun for example_bash_operator to 2024-12-05 00:00:00+00:00, run_after=2024-12-06 00:00:00+00:00
[2024-12-06T22:04:37.855+0000] {processor.py:208} INFO - Processing /home/airflow/.local/lib/python3.12/site-packages/airflow/example_dags/example_bash_operator.py took 0.154 seconds
[2024-12-06T22:05:09.847+0000] {processor.py:186} INFO - Started process (PID=3042) to work on /home/airflow/.local/lib/python3.12/site-packages/airflow/example_dags/example_bash_operator.py
[2024-12-06T22:05:09.849+0000] {processor.py:914} INFO - Processing file /home/airflow/.local/lib/python3.12/site-packages/airflow/example_dags/example_bash_operator.py for tasks to queue
[2024-12-06T22:05:09.854+0000] {logging_mixin.py:190} INFO - [2024-12-06T22:05:09.854+0000] {dagbag.py:588} INFO - Filling up the DagBag from /home/airflow/.local/lib/python3.12/site-packages/airflow/example_dags/example_bash_operator.py
[2024-12-06T22:05:09.876+0000] {processor.py:925} INFO - DAG(s) 'example_bash_operator' retrieved from /home/airflow/.local/lib/python3.12/site-packages/airflow/example_dags/example_bash_operator.py
[2024-12-06T22:05:09.920+0000] {logging_mixin.py:190} INFO - [2024-12-06T22:05:09.919+0000] {dag.py:3239} INFO - Sync 1 DAGs
[2024-12-06T22:05:09.958+0000] {logging_mixin.py:190} INFO - [2024-12-06T22:05:09.958+0000] {dag.py:4180} INFO - Setting next_dagrun for example_bash_operator to 2024-12-05 00:00:00+00:00, run_after=2024-12-06 00:00:00+00:00
[2024-12-06T22:05:09.983+0000] {processor.py:208} INFO - Processing /home/airflow/.local/lib/python3.12/site-packages/airflow/example_dags/example_bash_operator.py took 0.145 seconds
[2024-12-06T22:05:41.531+0000] {processor.py:186} INFO - Started process (PID=3105) to work on /home/airflow/.local/lib/python3.12/site-packages/airflow/example_dags/example_bash_operator.py
[2024-12-06T22:05:41.533+0000] {processor.py:914} INFO - Processing file /home/airflow/.local/lib/python3.12/site-packages/airflow/example_dags/example_bash_operator.py for tasks to queue
[2024-12-06T22:05:41.538+0000] {logging_mixin.py:190} INFO - [2024-12-06T22:05:41.537+0000] {dagbag.py:588} INFO - Filling up the DagBag from /home/airflow/.local/lib/python3.12/site-packages/airflow/example_dags/example_bash_operator.py
[2024-12-06T22:05:41.561+0000] {processor.py:925} INFO - DAG(s) 'example_bash_operator' retrieved from /home/airflow/.local/lib/python3.12/site-packages/airflow/example_dags/example_bash_operator.py
[2024-12-06T22:05:41.606+0000] {logging_mixin.py:190} INFO - [2024-12-06T22:05:41.606+0000] {dag.py:3239} INFO - Sync 1 DAGs
[2024-12-06T22:05:41.645+0000] {logging_mixin.py:190} INFO - [2024-12-06T22:05:41.644+0000] {dag.py:4180} INFO - Setting next_dagrun for example_bash_operator to 2024-12-05 00:00:00+00:00, run_after=2024-12-06 00:00:00+00:00
[2024-12-06T22:05:41.674+0000] {processor.py:208} INFO - Processing /home/airflow/.local/lib/python3.12/site-packages/airflow/example_dags/example_bash_operator.py took 0.153 seconds
[2024-12-06T22:06:13.821+0000] {processor.py:186} INFO - Started process (PID=3168) to work on /home/airflow/.local/lib/python3.12/site-packages/airflow/example_dags/example_bash_operator.py
[2024-12-06T22:06:13.823+0000] {processor.py:914} INFO - Processing file /home/airflow/.local/lib/python3.12/site-packages/airflow/example_dags/example_bash_operator.py for tasks to queue
[2024-12-06T22:06:13.829+0000] {logging_mixin.py:190} INFO - [2024-12-06T22:06:13.828+0000] {dagbag.py:588} INFO - Filling up the DagBag from /home/airflow/.local/lib/python3.12/site-packages/airflow/example_dags/example_bash_operator.py
[2024-12-06T22:06:13.853+0000] {processor.py:925} INFO - DAG(s) 'example_bash_operator' retrieved from /home/airflow/.local/lib/python3.12/site-packages/airflow/example_dags/example_bash_operator.py
[2024-12-06T22:06:13.902+0000] {logging_mixin.py:190} INFO - [2024-12-06T22:06:13.902+0000] {dag.py:3239} INFO - Sync 1 DAGs
[2024-12-06T22:06:13.945+0000] {logging_mixin.py:190} INFO - [2024-12-06T22:06:13.944+0000] {dag.py:4180} INFO - Setting next_dagrun for example_bash_operator to 2024-12-05 00:00:00+00:00, run_after=2024-12-06 00:00:00+00:00
[2024-12-06T22:06:13.976+0000] {processor.py:208} INFO - Processing /home/airflow/.local/lib/python3.12/site-packages/airflow/example_dags/example_bash_operator.py took 0.165 seconds
[2024-12-06T22:06:45.066+0000] {processor.py:186} INFO - Started process (PID=3231) to work on /home/airflow/.local/lib/python3.12/site-packages/airflow/example_dags/example_bash_operator.py
[2024-12-06T22:06:45.068+0000] {processor.py:914} INFO - Processing file /home/airflow/.local/lib/python3.12/site-packages/airflow/example_dags/example_bash_operator.py for tasks to queue
[2024-12-06T22:06:45.071+0000] {logging_mixin.py:190} INFO - [2024-12-06T22:06:45.071+0000] {dagbag.py:588} INFO - Filling up the DagBag from /home/airflow/.local/lib/python3.12/site-packages/airflow/example_dags/example_bash_operator.py
[2024-12-06T22:06:45.092+0000] {processor.py:925} INFO - DAG(s) 'example_bash_operator' retrieved from /home/airflow/.local/lib/python3.12/site-packages/airflow/example_dags/example_bash_operator.py
[2024-12-06T22:06:45.139+0000] {logging_mixin.py:190} INFO - [2024-12-06T22:06:45.139+0000] {dag.py:3239} INFO - Sync 1 DAGs
[2024-12-06T22:06:45.181+0000] {logging_mixin.py:190} INFO - [2024-12-06T22:06:45.180+0000] {dag.py:4180} INFO - Setting next_dagrun for example_bash_operator to 2024-12-05 00:00:00+00:00, run_after=2024-12-06 00:00:00+00:00
[2024-12-06T22:06:45.208+0000] {processor.py:208} INFO - Processing /home/airflow/.local/lib/python3.12/site-packages/airflow/example_dags/example_bash_operator.py took 0.152 seconds
[2024-12-06T22:07:18.936+0000] {processor.py:186} INFO - Started process (PID=3297) to work on /home/airflow/.local/lib/python3.12/site-packages/airflow/example_dags/example_bash_operator.py
[2024-12-06T22:07:18.937+0000] {processor.py:914} INFO - Processing file /home/airflow/.local/lib/python3.12/site-packages/airflow/example_dags/example_bash_operator.py for tasks to queue
[2024-12-06T22:07:18.941+0000] {logging_mixin.py:190} INFO - [2024-12-06T22:07:18.941+0000] {dagbag.py:588} INFO - Filling up the DagBag from /home/airflow/.local/lib/python3.12/site-packages/airflow/example_dags/example_bash_operator.py
[2024-12-06T22:07:18.969+0000] {processor.py:925} INFO - DAG(s) 'example_bash_operator' retrieved from /home/airflow/.local/lib/python3.12/site-packages/airflow/example_dags/example_bash_operator.py
[2024-12-06T22:07:19.019+0000] {logging_mixin.py:190} INFO - [2024-12-06T22:07:19.018+0000] {dag.py:3239} INFO - Sync 1 DAGs
[2024-12-06T22:07:19.065+0000] {logging_mixin.py:190} INFO - [2024-12-06T22:07:19.064+0000] {dag.py:4180} INFO - Setting next_dagrun for example_bash_operator to 2024-12-05 00:00:00+00:00, run_after=2024-12-06 00:00:00+00:00
[2024-12-06T22:07:19.100+0000] {processor.py:208} INFO - Processing /home/airflow/.local/lib/python3.12/site-packages/airflow/example_dags/example_bash_operator.py took 0.175 seconds
[2024-12-06T22:07:50.363+0000] {processor.py:186} INFO - Started process (PID=3366) to work on /home/airflow/.local/lib/python3.12/site-packages/airflow/example_dags/example_bash_operator.py
[2024-12-06T22:07:50.364+0000] {processor.py:914} INFO - Processing file /home/airflow/.local/lib/python3.12/site-packages/airflow/example_dags/example_bash_operator.py for tasks to queue
[2024-12-06T22:07:50.368+0000] {logging_mixin.py:190} INFO - [2024-12-06T22:07:50.368+0000] {dagbag.py:588} INFO - Filling up the DagBag from /home/airflow/.local/lib/python3.12/site-packages/airflow/example_dags/example_bash_operator.py
[2024-12-06T22:07:50.389+0000] {processor.py:925} INFO - DAG(s) 'example_bash_operator' retrieved from /home/airflow/.local/lib/python3.12/site-packages/airflow/example_dags/example_bash_operator.py
[2024-12-06T22:07:50.432+0000] {logging_mixin.py:190} INFO - [2024-12-06T22:07:50.432+0000] {dag.py:3239} INFO - Sync 1 DAGs
[2024-12-06T22:07:50.475+0000] {logging_mixin.py:190} INFO - [2024-12-06T22:07:50.474+0000] {dag.py:4180} INFO - Setting next_dagrun for example_bash_operator to 2024-12-05 00:00:00+00:00, run_after=2024-12-06 00:00:00+00:00
[2024-12-06T22:07:50.727+0000] {processor.py:208} INFO - Processing /home/airflow/.local/lib/python3.12/site-packages/airflow/example_dags/example_bash_operator.py took 0.372 seconds
[2024-12-06T22:08:21.079+0000] {processor.py:186} INFO - Started process (PID=3429) to work on /home/airflow/.local/lib/python3.12/site-packages/airflow/example_dags/example_bash_operator.py
[2024-12-06T22:08:21.080+0000] {processor.py:914} INFO - Processing file /home/airflow/.local/lib/python3.12/site-packages/airflow/example_dags/example_bash_operator.py for tasks to queue
[2024-12-06T22:08:21.085+0000] {logging_mixin.py:190} INFO - [2024-12-06T22:08:21.084+0000] {dagbag.py:588} INFO - Filling up the DagBag from /home/airflow/.local/lib/python3.12/site-packages/airflow/example_dags/example_bash_operator.py
[2024-12-06T22:08:21.107+0000] {processor.py:925} INFO - DAG(s) 'example_bash_operator' retrieved from /home/airflow/.local/lib/python3.12/site-packages/airflow/example_dags/example_bash_operator.py
[2024-12-06T22:08:21.149+0000] {logging_mixin.py:190} INFO - [2024-12-06T22:08:21.149+0000] {dag.py:3239} INFO - Sync 1 DAGs
[2024-12-06T22:08:21.187+0000] {logging_mixin.py:190} INFO - [2024-12-06T22:08:21.187+0000] {dag.py:4180} INFO - Setting next_dagrun for example_bash_operator to 2024-12-05 00:00:00+00:00, run_after=2024-12-06 00:00:00+00:00
[2024-12-06T22:08:21.214+0000] {processor.py:208} INFO - Processing /home/airflow/.local/lib/python3.12/site-packages/airflow/example_dags/example_bash_operator.py took 0.144 seconds
[2024-12-06T22:08:56.429+0000] {processor.py:186} INFO - Started process (PID=3492) to work on /home/airflow/.local/lib/python3.12/site-packages/airflow/example_dags/example_bash_operator.py
[2024-12-06T22:08:56.431+0000] {processor.py:914} INFO - Processing file /home/airflow/.local/lib/python3.12/site-packages/airflow/example_dags/example_bash_operator.py for tasks to queue
[2024-12-06T22:08:56.434+0000] {logging_mixin.py:190} INFO - [2024-12-06T22:08:56.434+0000] {dagbag.py:588} INFO - Filling up the DagBag from /home/airflow/.local/lib/python3.12/site-packages/airflow/example_dags/example_bash_operator.py
[2024-12-06T22:08:56.459+0000] {processor.py:925} INFO - DAG(s) 'example_bash_operator' retrieved from /home/airflow/.local/lib/python3.12/site-packages/airflow/example_dags/example_bash_operator.py
[2024-12-06T22:08:56.515+0000] {logging_mixin.py:190} INFO - [2024-12-06T22:08:56.514+0000] {dag.py:3239} INFO - Sync 1 DAGs
[2024-12-06T22:08:56.557+0000] {logging_mixin.py:190} INFO - [2024-12-06T22:08:56.557+0000] {dag.py:4180} INFO - Setting next_dagrun for example_bash_operator to 2024-12-05 00:00:00+00:00, run_after=2024-12-06 00:00:00+00:00
[2024-12-06T22:08:56.599+0000] {processor.py:208} INFO - Processing /home/airflow/.local/lib/python3.12/site-packages/airflow/example_dags/example_bash_operator.py took 0.181 seconds
[2024-12-06T22:09:26.936+0000] {processor.py:186} INFO - Started process (PID=3555) to work on /home/airflow/.local/lib/python3.12/site-packages/airflow/example_dags/example_bash_operator.py
[2024-12-06T22:09:26.938+0000] {processor.py:914} INFO - Processing file /home/airflow/.local/lib/python3.12/site-packages/airflow/example_dags/example_bash_operator.py for tasks to queue
[2024-12-06T22:09:26.946+0000] {logging_mixin.py:190} INFO - [2024-12-06T22:09:26.946+0000] {dagbag.py:588} INFO - Filling up the DagBag from /home/airflow/.local/lib/python3.12/site-packages/airflow/example_dags/example_bash_operator.py
[2024-12-06T22:09:26.971+0000] {processor.py:925} INFO - DAG(s) 'example_bash_operator' retrieved from /home/airflow/.local/lib/python3.12/site-packages/airflow/example_dags/example_bash_operator.py
[2024-12-06T22:09:27.027+0000] {logging_mixin.py:190} INFO - [2024-12-06T22:09:27.027+0000] {dag.py:3239} INFO - Sync 1 DAGs
[2024-12-06T22:09:27.085+0000] {logging_mixin.py:190} INFO - [2024-12-06T22:09:27.085+0000] {dag.py:4180} INFO - Setting next_dagrun for example_bash_operator to 2024-12-05 00:00:00+00:00, run_after=2024-12-06 00:00:00+00:00
[2024-12-06T22:09:27.120+0000] {processor.py:208} INFO - Processing /home/airflow/.local/lib/python3.12/site-packages/airflow/example_dags/example_bash_operator.py took 0.196 seconds
[2024-12-06T22:09:57.601+0000] {processor.py:186} INFO - Started process (PID=3618) to work on /home/airflow/.local/lib/python3.12/site-packages/airflow/example_dags/example_bash_operator.py
[2024-12-06T22:09:57.603+0000] {processor.py:914} INFO - Processing file /home/airflow/.local/lib/python3.12/site-packages/airflow/example_dags/example_bash_operator.py for tasks to queue
[2024-12-06T22:09:57.607+0000] {logging_mixin.py:190} INFO - [2024-12-06T22:09:57.607+0000] {dagbag.py:588} INFO - Filling up the DagBag from /home/airflow/.local/lib/python3.12/site-packages/airflow/example_dags/example_bash_operator.py
[2024-12-06T22:09:57.641+0000] {processor.py:925} INFO - DAG(s) 'example_bash_operator' retrieved from /home/airflow/.local/lib/python3.12/site-packages/airflow/example_dags/example_bash_operator.py
[2024-12-06T22:09:57.691+0000] {logging_mixin.py:190} INFO - [2024-12-06T22:09:57.691+0000] {dag.py:3239} INFO - Sync 1 DAGs
[2024-12-06T22:09:57.735+0000] {logging_mixin.py:190} INFO - [2024-12-06T22:09:57.735+0000] {dag.py:4180} INFO - Setting next_dagrun for example_bash_operator to 2024-12-05 00:00:00+00:00, run_after=2024-12-06 00:00:00+00:00
[2024-12-06T22:09:57.766+0000] {processor.py:208} INFO - Processing /home/airflow/.local/lib/python3.12/site-packages/airflow/example_dags/example_bash_operator.py took 0.178 seconds
[2024-12-06T22:10:28.773+0000] {processor.py:186} INFO - Started process (PID=3681) to work on /home/airflow/.local/lib/python3.12/site-packages/airflow/example_dags/example_bash_operator.py
[2024-12-06T22:10:28.774+0000] {processor.py:914} INFO - Processing file /home/airflow/.local/lib/python3.12/site-packages/airflow/example_dags/example_bash_operator.py for tasks to queue
[2024-12-06T22:10:28.778+0000] {logging_mixin.py:190} INFO - [2024-12-06T22:10:28.778+0000] {dagbag.py:588} INFO - Filling up the DagBag from /home/airflow/.local/lib/python3.12/site-packages/airflow/example_dags/example_bash_operator.py
[2024-12-06T22:10:28.799+0000] {processor.py:925} INFO - DAG(s) 'example_bash_operator' retrieved from /home/airflow/.local/lib/python3.12/site-packages/airflow/example_dags/example_bash_operator.py
[2024-12-06T22:10:28.841+0000] {logging_mixin.py:190} INFO - [2024-12-06T22:10:28.841+0000] {dag.py:3239} INFO - Sync 1 DAGs
[2024-12-06T22:10:28.879+0000] {logging_mixin.py:190} INFO - [2024-12-06T22:10:28.879+0000] {dag.py:4180} INFO - Setting next_dagrun for example_bash_operator to 2024-12-05 00:00:00+00:00, run_after=2024-12-06 00:00:00+00:00
[2024-12-06T22:10:28.908+0000] {processor.py:208} INFO - Processing /home/airflow/.local/lib/python3.12/site-packages/airflow/example_dags/example_bash_operator.py took 0.146 seconds
[2024-12-06T22:10:59.216+0000] {processor.py:186} INFO - Started process (PID=3744) to work on /home/airflow/.local/lib/python3.12/site-packages/airflow/example_dags/example_bash_operator.py
[2024-12-06T22:10:59.218+0000] {processor.py:914} INFO - Processing file /home/airflow/.local/lib/python3.12/site-packages/airflow/example_dags/example_bash_operator.py for tasks to queue
[2024-12-06T22:10:59.223+0000] {logging_mixin.py:190} INFO - [2024-12-06T22:10:59.222+0000] {dagbag.py:588} INFO - Filling up the DagBag from /home/airflow/.local/lib/python3.12/site-packages/airflow/example_dags/example_bash_operator.py
[2024-12-06T22:10:59.247+0000] {processor.py:925} INFO - DAG(s) 'example_bash_operator' retrieved from /home/airflow/.local/lib/python3.12/site-packages/airflow/example_dags/example_bash_operator.py
[2024-12-06T22:10:59.301+0000] {logging_mixin.py:190} INFO - [2024-12-06T22:10:59.300+0000] {dag.py:3239} INFO - Sync 1 DAGs
[2024-12-06T22:10:59.337+0000] {logging_mixin.py:190} INFO - [2024-12-06T22:10:59.337+0000] {dag.py:4180} INFO - Setting next_dagrun for example_bash_operator to 2024-12-05 00:00:00+00:00, run_after=2024-12-06 00:00:00+00:00
[2024-12-06T22:10:59.367+0000] {processor.py:208} INFO - Processing /home/airflow/.local/lib/python3.12/site-packages/airflow/example_dags/example_bash_operator.py took 0.162 seconds
