[2024-12-06T21:40:51.914+0000] {processor.py:186} INFO - Started process (PID=89) to work on /home/airflow/.local/lib/python3.12/site-packages/airflow/example_dags/example_display_name.py
[2024-12-06T21:40:51.915+0000] {processor.py:914} INFO - Processing file /home/airflow/.local/lib/python3.12/site-packages/airflow/example_dags/example_display_name.py for tasks to queue
[2024-12-06T21:40:51.919+0000] {logging_mixin.py:190} INFO - [2024-12-06T21:40:51.918+0000] {dagbag.py:588} INFO - Filling up the DagBag from /home/airflow/.local/lib/python3.12/site-packages/airflow/example_dags/example_display_name.py
[2024-12-06T21:40:51.935+0000] {processor.py:925} INFO - DAG(s) 'example_display_name' retrieved from /home/airflow/.local/lib/python3.12/site-packages/airflow/example_dags/example_display_name.py
[2024-12-06T21:40:52.084+0000] {logging_mixin.py:190} INFO - [2024-12-06T21:40:52.083+0000] {override.py:1911} INFO - Created Permission View: can edit on DAG:example_display_name
[2024-12-06T21:40:52.096+0000] {logging_mixin.py:190} INFO - [2024-12-06T21:40:52.096+0000] {override.py:1911} INFO - Created Permission View: can delete on DAG:example_display_name
[2024-12-06T21:40:52.105+0000] {logging_mixin.py:190} INFO - [2024-12-06T21:40:52.105+0000] {override.py:1911} INFO - Created Permission View: can read on DAG:example_display_name
[2024-12-06T21:40:52.116+0000] {logging_mixin.py:190} INFO - [2024-12-06T21:40:52.115+0000] {override.py:1911} INFO - Created Permission View: menu access on DAG Run:example_display_name
[2024-12-06T21:40:52.124+0000] {logging_mixin.py:190} INFO - [2024-12-06T21:40:52.124+0000] {override.py:1911} INFO - Created Permission View: can create on DAG Run:example_display_name
[2024-12-06T21:40:52.132+0000] {logging_mixin.py:190} INFO - [2024-12-06T21:40:52.132+0000] {override.py:1911} INFO - Created Permission View: can delete on DAG Run:example_display_name
[2024-12-06T21:40:52.141+0000] {logging_mixin.py:190} INFO - [2024-12-06T21:40:52.141+0000] {override.py:1911} INFO - Created Permission View: can read on DAG Run:example_display_name
[2024-12-06T21:40:52.142+0000] {logging_mixin.py:190} INFO - [2024-12-06T21:40:52.142+0000] {dag.py:3239} INFO - Sync 1 DAGs
[2024-12-06T21:40:52.158+0000] {logging_mixin.py:190} INFO - [2024-12-06T21:40:52.157+0000] {dag.py:3262} INFO - Creating ORM DAG for example_display_name
[2024-12-06T21:40:52.159+0000] {logging_mixin.py:190} INFO - [2024-12-06T21:40:52.159+0000] {dag.py:4180} INFO - Setting next_dagrun for example_display_name to None, run_after=None
[2024-12-06T21:40:52.178+0000] {processor.py:208} INFO - Processing /home/airflow/.local/lib/python3.12/site-packages/airflow/example_dags/example_display_name.py took 0.272 seconds
[2024-12-06T21:41:22.972+0000] {processor.py:186} INFO - Started process (PID=152) to work on /home/airflow/.local/lib/python3.12/site-packages/airflow/example_dags/example_display_name.py
[2024-12-06T21:41:22.973+0000] {processor.py:914} INFO - Processing file /home/airflow/.local/lib/python3.12/site-packages/airflow/example_dags/example_display_name.py for tasks to queue
[2024-12-06T21:41:22.976+0000] {logging_mixin.py:190} INFO - [2024-12-06T21:41:22.976+0000] {dagbag.py:588} INFO - Filling up the DagBag from /home/airflow/.local/lib/python3.12/site-packages/airflow/example_dags/example_display_name.py
[2024-12-06T21:41:22.986+0000] {processor.py:925} INFO - DAG(s) 'example_display_name' retrieved from /home/airflow/.local/lib/python3.12/site-packages/airflow/example_dags/example_display_name.py
[2024-12-06T21:41:23.009+0000] {logging_mixin.py:190} INFO - [2024-12-06T21:41:23.009+0000] {dag.py:3239} INFO - Sync 1 DAGs
[2024-12-06T21:41:23.028+0000] {logging_mixin.py:190} INFO - [2024-12-06T21:41:23.028+0000] {dag.py:4180} INFO - Setting next_dagrun for example_display_name to None, run_after=None
[2024-12-06T21:41:23.052+0000] {processor.py:208} INFO - Processing /home/airflow/.local/lib/python3.12/site-packages/airflow/example_dags/example_display_name.py took 0.089 seconds
[2024-12-06T21:41:54.267+0000] {processor.py:186} INFO - Started process (PID=215) to work on /home/airflow/.local/lib/python3.12/site-packages/airflow/example_dags/example_display_name.py
[2024-12-06T21:41:54.269+0000] {processor.py:914} INFO - Processing file /home/airflow/.local/lib/python3.12/site-packages/airflow/example_dags/example_display_name.py for tasks to queue
[2024-12-06T21:41:54.272+0000] {logging_mixin.py:190} INFO - [2024-12-06T21:41:54.271+0000] {dagbag.py:588} INFO - Filling up the DagBag from /home/airflow/.local/lib/python3.12/site-packages/airflow/example_dags/example_display_name.py
[2024-12-06T21:41:54.281+0000] {processor.py:925} INFO - DAG(s) 'example_display_name' retrieved from /home/airflow/.local/lib/python3.12/site-packages/airflow/example_dags/example_display_name.py
[2024-12-06T21:41:54.304+0000] {logging_mixin.py:190} INFO - [2024-12-06T21:41:54.304+0000] {dag.py:3239} INFO - Sync 1 DAGs
[2024-12-06T21:41:54.327+0000] {logging_mixin.py:190} INFO - [2024-12-06T21:41:54.327+0000] {dag.py:4180} INFO - Setting next_dagrun for example_display_name to None, run_after=None
[2024-12-06T21:41:54.349+0000] {processor.py:208} INFO - Processing /home/airflow/.local/lib/python3.12/site-packages/airflow/example_dags/example_display_name.py took 0.089 seconds
[2024-12-06T21:42:25.402+0000] {processor.py:186} INFO - Started process (PID=278) to work on /home/airflow/.local/lib/python3.12/site-packages/airflow/example_dags/example_display_name.py
[2024-12-06T21:42:25.404+0000] {processor.py:914} INFO - Processing file /home/airflow/.local/lib/python3.12/site-packages/airflow/example_dags/example_display_name.py for tasks to queue
[2024-12-06T21:42:25.407+0000] {logging_mixin.py:190} INFO - [2024-12-06T21:42:25.407+0000] {dagbag.py:588} INFO - Filling up the DagBag from /home/airflow/.local/lib/python3.12/site-packages/airflow/example_dags/example_display_name.py
[2024-12-06T21:42:25.418+0000] {processor.py:925} INFO - DAG(s) 'example_display_name' retrieved from /home/airflow/.local/lib/python3.12/site-packages/airflow/example_dags/example_display_name.py
[2024-12-06T21:42:25.446+0000] {logging_mixin.py:190} INFO - [2024-12-06T21:42:25.446+0000] {dag.py:3239} INFO - Sync 1 DAGs
[2024-12-06T21:42:25.465+0000] {logging_mixin.py:190} INFO - [2024-12-06T21:42:25.465+0000] {dag.py:4180} INFO - Setting next_dagrun for example_display_name to None, run_after=None
[2024-12-06T21:42:25.488+0000] {processor.py:208} INFO - Processing /home/airflow/.local/lib/python3.12/site-packages/airflow/example_dags/example_display_name.py took 0.095 seconds
[2024-12-06T21:42:56.518+0000] {processor.py:186} INFO - Started process (PID=341) to work on /home/airflow/.local/lib/python3.12/site-packages/airflow/example_dags/example_display_name.py
[2024-12-06T21:42:56.520+0000] {processor.py:914} INFO - Processing file /home/airflow/.local/lib/python3.12/site-packages/airflow/example_dags/example_display_name.py for tasks to queue
[2024-12-06T21:42:56.523+0000] {logging_mixin.py:190} INFO - [2024-12-06T21:42:56.522+0000] {dagbag.py:588} INFO - Filling up the DagBag from /home/airflow/.local/lib/python3.12/site-packages/airflow/example_dags/example_display_name.py
[2024-12-06T21:42:56.534+0000] {processor.py:925} INFO - DAG(s) 'example_display_name' retrieved from /home/airflow/.local/lib/python3.12/site-packages/airflow/example_dags/example_display_name.py
[2024-12-06T21:42:56.558+0000] {logging_mixin.py:190} INFO - [2024-12-06T21:42:56.558+0000] {dag.py:3239} INFO - Sync 1 DAGs
[2024-12-06T21:42:56.582+0000] {logging_mixin.py:190} INFO - [2024-12-06T21:42:56.582+0000] {dag.py:4180} INFO - Setting next_dagrun for example_display_name to None, run_after=None
[2024-12-06T21:42:56.605+0000] {processor.py:208} INFO - Processing /home/airflow/.local/lib/python3.12/site-packages/airflow/example_dags/example_display_name.py took 0.095 seconds
[2024-12-06T21:43:28.290+0000] {processor.py:186} INFO - Started process (PID=404) to work on /home/airflow/.local/lib/python3.12/site-packages/airflow/example_dags/example_display_name.py
[2024-12-06T21:43:28.291+0000] {processor.py:914} INFO - Processing file /home/airflow/.local/lib/python3.12/site-packages/airflow/example_dags/example_display_name.py for tasks to queue
[2024-12-06T21:43:28.295+0000] {logging_mixin.py:190} INFO - [2024-12-06T21:43:28.294+0000] {dagbag.py:588} INFO - Filling up the DagBag from /home/airflow/.local/lib/python3.12/site-packages/airflow/example_dags/example_display_name.py
[2024-12-06T21:43:28.306+0000] {processor.py:925} INFO - DAG(s) 'example_display_name' retrieved from /home/airflow/.local/lib/python3.12/site-packages/airflow/example_dags/example_display_name.py
[2024-12-06T21:43:28.331+0000] {logging_mixin.py:190} INFO - [2024-12-06T21:43:28.331+0000] {dag.py:3239} INFO - Sync 1 DAGs
[2024-12-06T21:43:28.352+0000] {logging_mixin.py:190} INFO - [2024-12-06T21:43:28.351+0000] {dag.py:4180} INFO - Setting next_dagrun for example_display_name to None, run_after=None
[2024-12-06T21:43:28.381+0000] {processor.py:208} INFO - Processing /home/airflow/.local/lib/python3.12/site-packages/airflow/example_dags/example_display_name.py took 0.100 seconds
[2024-12-06T21:43:59.814+0000] {processor.py:186} INFO - Started process (PID=467) to work on /home/airflow/.local/lib/python3.12/site-packages/airflow/example_dags/example_display_name.py
[2024-12-06T21:43:59.815+0000] {processor.py:914} INFO - Processing file /home/airflow/.local/lib/python3.12/site-packages/airflow/example_dags/example_display_name.py for tasks to queue
[2024-12-06T21:43:59.819+0000] {logging_mixin.py:190} INFO - [2024-12-06T21:43:59.819+0000] {dagbag.py:588} INFO - Filling up the DagBag from /home/airflow/.local/lib/python3.12/site-packages/airflow/example_dags/example_display_name.py
[2024-12-06T21:43:59.832+0000] {processor.py:925} INFO - DAG(s) 'example_display_name' retrieved from /home/airflow/.local/lib/python3.12/site-packages/airflow/example_dags/example_display_name.py
[2024-12-06T21:43:59.863+0000] {logging_mixin.py:190} INFO - [2024-12-06T21:43:59.863+0000] {dag.py:3239} INFO - Sync 1 DAGs
[2024-12-06T21:43:59.887+0000] {logging_mixin.py:190} INFO - [2024-12-06T21:43:59.887+0000] {dag.py:4180} INFO - Setting next_dagrun for example_display_name to None, run_after=None
[2024-12-06T21:43:59.916+0000] {processor.py:208} INFO - Processing /home/airflow/.local/lib/python3.12/site-packages/airflow/example_dags/example_display_name.py took 0.117 seconds
[2024-12-06T21:44:31.268+0000] {processor.py:186} INFO - Started process (PID=530) to work on /home/airflow/.local/lib/python3.12/site-packages/airflow/example_dags/example_display_name.py
[2024-12-06T21:44:31.270+0000] {processor.py:914} INFO - Processing file /home/airflow/.local/lib/python3.12/site-packages/airflow/example_dags/example_display_name.py for tasks to queue
[2024-12-06T21:44:31.273+0000] {logging_mixin.py:190} INFO - [2024-12-06T21:44:31.273+0000] {dagbag.py:588} INFO - Filling up the DagBag from /home/airflow/.local/lib/python3.12/site-packages/airflow/example_dags/example_display_name.py
[2024-12-06T21:44:31.283+0000] {processor.py:925} INFO - DAG(s) 'example_display_name' retrieved from /home/airflow/.local/lib/python3.12/site-packages/airflow/example_dags/example_display_name.py
[2024-12-06T21:44:31.309+0000] {logging_mixin.py:190} INFO - [2024-12-06T21:44:31.309+0000] {dag.py:3239} INFO - Sync 1 DAGs
[2024-12-06T21:44:31.329+0000] {logging_mixin.py:190} INFO - [2024-12-06T21:44:31.329+0000] {dag.py:4180} INFO - Setting next_dagrun for example_display_name to None, run_after=None
[2024-12-06T21:44:31.353+0000] {processor.py:208} INFO - Processing /home/airflow/.local/lib/python3.12/site-packages/airflow/example_dags/example_display_name.py took 0.093 seconds
[2024-12-06T21:45:02.698+0000] {processor.py:186} INFO - Started process (PID=593) to work on /home/airflow/.local/lib/python3.12/site-packages/airflow/example_dags/example_display_name.py
[2024-12-06T21:45:02.699+0000] {processor.py:914} INFO - Processing file /home/airflow/.local/lib/python3.12/site-packages/airflow/example_dags/example_display_name.py for tasks to queue
[2024-12-06T21:45:02.702+0000] {logging_mixin.py:190} INFO - [2024-12-06T21:45:02.702+0000] {dagbag.py:588} INFO - Filling up the DagBag from /home/airflow/.local/lib/python3.12/site-packages/airflow/example_dags/example_display_name.py
[2024-12-06T21:45:02.712+0000] {processor.py:925} INFO - DAG(s) 'example_display_name' retrieved from /home/airflow/.local/lib/python3.12/site-packages/airflow/example_dags/example_display_name.py
[2024-12-06T21:45:02.737+0000] {logging_mixin.py:190} INFO - [2024-12-06T21:45:02.737+0000] {dag.py:3239} INFO - Sync 1 DAGs
[2024-12-06T21:45:02.757+0000] {logging_mixin.py:190} INFO - [2024-12-06T21:45:02.756+0000] {dag.py:4180} INFO - Setting next_dagrun for example_display_name to None, run_after=None
[2024-12-06T21:45:02.781+0000] {processor.py:208} INFO - Processing /home/airflow/.local/lib/python3.12/site-packages/airflow/example_dags/example_display_name.py took 0.092 seconds
[2024-12-06T21:45:34.210+0000] {processor.py:186} INFO - Started process (PID=657) to work on /home/airflow/.local/lib/python3.12/site-packages/airflow/example_dags/example_display_name.py
[2024-12-06T21:45:34.211+0000] {processor.py:914} INFO - Processing file /home/airflow/.local/lib/python3.12/site-packages/airflow/example_dags/example_display_name.py for tasks to queue
[2024-12-06T21:45:34.216+0000] {logging_mixin.py:190} INFO - [2024-12-06T21:45:34.215+0000] {dagbag.py:588} INFO - Filling up the DagBag from /home/airflow/.local/lib/python3.12/site-packages/airflow/example_dags/example_display_name.py
[2024-12-06T21:45:34.228+0000] {processor.py:925} INFO - DAG(s) 'example_display_name' retrieved from /home/airflow/.local/lib/python3.12/site-packages/airflow/example_dags/example_display_name.py
[2024-12-06T21:45:34.257+0000] {logging_mixin.py:190} INFO - [2024-12-06T21:45:34.257+0000] {dag.py:3239} INFO - Sync 1 DAGs
[2024-12-06T21:45:34.281+0000] {logging_mixin.py:190} INFO - [2024-12-06T21:45:34.281+0000] {dag.py:4180} INFO - Setting next_dagrun for example_display_name to None, run_after=None
[2024-12-06T21:45:34.309+0000] {processor.py:208} INFO - Processing /home/airflow/.local/lib/python3.12/site-packages/airflow/example_dags/example_display_name.py took 0.109 seconds
[2024-12-06T21:46:06.146+0000] {processor.py:186} INFO - Started process (PID=720) to work on /home/airflow/.local/lib/python3.12/site-packages/airflow/example_dags/example_display_name.py
[2024-12-06T21:46:06.147+0000] {processor.py:914} INFO - Processing file /home/airflow/.local/lib/python3.12/site-packages/airflow/example_dags/example_display_name.py for tasks to queue
[2024-12-06T21:46:06.150+0000] {logging_mixin.py:190} INFO - [2024-12-06T21:46:06.150+0000] {dagbag.py:588} INFO - Filling up the DagBag from /home/airflow/.local/lib/python3.12/site-packages/airflow/example_dags/example_display_name.py
[2024-12-06T21:46:06.160+0000] {processor.py:925} INFO - DAG(s) 'example_display_name' retrieved from /home/airflow/.local/lib/python3.12/site-packages/airflow/example_dags/example_display_name.py
[2024-12-06T21:46:06.184+0000] {logging_mixin.py:190} INFO - [2024-12-06T21:46:06.184+0000] {dag.py:3239} INFO - Sync 1 DAGs
[2024-12-06T21:46:06.202+0000] {logging_mixin.py:190} INFO - [2024-12-06T21:46:06.201+0000] {dag.py:4180} INFO - Setting next_dagrun for example_display_name to None, run_after=None
[2024-12-06T21:46:06.224+0000] {processor.py:208} INFO - Processing /home/airflow/.local/lib/python3.12/site-packages/airflow/example_dags/example_display_name.py took 0.086 seconds
[2024-12-06T21:46:38.019+0000] {processor.py:186} INFO - Started process (PID=788) to work on /home/airflow/.local/lib/python3.12/site-packages/airflow/example_dags/example_display_name.py
[2024-12-06T21:46:38.021+0000] {processor.py:914} INFO - Processing file /home/airflow/.local/lib/python3.12/site-packages/airflow/example_dags/example_display_name.py for tasks to queue
[2024-12-06T21:46:38.025+0000] {logging_mixin.py:190} INFO - [2024-12-06T21:46:38.024+0000] {dagbag.py:588} INFO - Filling up the DagBag from /home/airflow/.local/lib/python3.12/site-packages/airflow/example_dags/example_display_name.py
[2024-12-06T21:46:38.037+0000] {processor.py:925} INFO - DAG(s) 'example_display_name' retrieved from /home/airflow/.local/lib/python3.12/site-packages/airflow/example_dags/example_display_name.py
[2024-12-06T21:46:38.065+0000] {logging_mixin.py:190} INFO - [2024-12-06T21:46:38.065+0000] {dag.py:3239} INFO - Sync 1 DAGs
[2024-12-06T21:46:38.086+0000] {logging_mixin.py:190} INFO - [2024-12-06T21:46:38.086+0000] {dag.py:4180} INFO - Setting next_dagrun for example_display_name to None, run_after=None
[2024-12-06T21:46:38.112+0000] {processor.py:208} INFO - Processing /home/airflow/.local/lib/python3.12/site-packages/airflow/example_dags/example_display_name.py took 0.102 seconds
[2024-12-06T21:47:09.425+0000] {processor.py:186} INFO - Started process (PID=851) to work on /home/airflow/.local/lib/python3.12/site-packages/airflow/example_dags/example_display_name.py
[2024-12-06T21:47:09.427+0000] {processor.py:914} INFO - Processing file /home/airflow/.local/lib/python3.12/site-packages/airflow/example_dags/example_display_name.py for tasks to queue
[2024-12-06T21:47:09.429+0000] {logging_mixin.py:190} INFO - [2024-12-06T21:47:09.429+0000] {dagbag.py:588} INFO - Filling up the DagBag from /home/airflow/.local/lib/python3.12/site-packages/airflow/example_dags/example_display_name.py
[2024-12-06T21:47:09.439+0000] {processor.py:925} INFO - DAG(s) 'example_display_name' retrieved from /home/airflow/.local/lib/python3.12/site-packages/airflow/example_dags/example_display_name.py
[2024-12-06T21:47:09.462+0000] {logging_mixin.py:190} INFO - [2024-12-06T21:47:09.461+0000] {dag.py:3239} INFO - Sync 1 DAGs
[2024-12-06T21:47:09.479+0000] {logging_mixin.py:190} INFO - [2024-12-06T21:47:09.479+0000] {dag.py:4180} INFO - Setting next_dagrun for example_display_name to None, run_after=None
[2024-12-06T21:47:09.501+0000] {processor.py:208} INFO - Processing /home/airflow/.local/lib/python3.12/site-packages/airflow/example_dags/example_display_name.py took 0.084 seconds
[2024-12-06T21:47:41.572+0000] {processor.py:186} INFO - Started process (PID=919) to work on /home/airflow/.local/lib/python3.12/site-packages/airflow/example_dags/example_display_name.py
[2024-12-06T21:47:41.574+0000] {processor.py:914} INFO - Processing file /home/airflow/.local/lib/python3.12/site-packages/airflow/example_dags/example_display_name.py for tasks to queue
[2024-12-06T21:47:41.577+0000] {logging_mixin.py:190} INFO - [2024-12-06T21:47:41.576+0000] {dagbag.py:588} INFO - Filling up the DagBag from /home/airflow/.local/lib/python3.12/site-packages/airflow/example_dags/example_display_name.py
[2024-12-06T21:47:41.588+0000] {processor.py:925} INFO - DAG(s) 'example_display_name' retrieved from /home/airflow/.local/lib/python3.12/site-packages/airflow/example_dags/example_display_name.py
[2024-12-06T21:47:41.615+0000] {logging_mixin.py:190} INFO - [2024-12-06T21:47:41.614+0000] {dag.py:3239} INFO - Sync 1 DAGs
[2024-12-06T21:47:41.636+0000] {logging_mixin.py:190} INFO - [2024-12-06T21:47:41.636+0000] {dag.py:4180} INFO - Setting next_dagrun for example_display_name to None, run_after=None
[2024-12-06T21:47:41.663+0000] {processor.py:208} INFO - Processing /home/airflow/.local/lib/python3.12/site-packages/airflow/example_dags/example_display_name.py took 0.100 seconds
[2024-12-06T21:48:13.501+0000] {processor.py:186} INFO - Started process (PID=982) to work on /home/airflow/.local/lib/python3.12/site-packages/airflow/example_dags/example_display_name.py
[2024-12-06T21:48:13.502+0000] {processor.py:914} INFO - Processing file /home/airflow/.local/lib/python3.12/site-packages/airflow/example_dags/example_display_name.py for tasks to queue
[2024-12-06T21:48:13.506+0000] {logging_mixin.py:190} INFO - [2024-12-06T21:48:13.506+0000] {dagbag.py:588} INFO - Filling up the DagBag from /home/airflow/.local/lib/python3.12/site-packages/airflow/example_dags/example_display_name.py
[2024-12-06T21:48:13.518+0000] {processor.py:925} INFO - DAG(s) 'example_display_name' retrieved from /home/airflow/.local/lib/python3.12/site-packages/airflow/example_dags/example_display_name.py
[2024-12-06T21:48:13.544+0000] {logging_mixin.py:190} INFO - [2024-12-06T21:48:13.544+0000] {dag.py:3239} INFO - Sync 1 DAGs
[2024-12-06T21:48:13.582+0000] {logging_mixin.py:190} INFO - [2024-12-06T21:48:13.581+0000] {dag.py:4180} INFO - Setting next_dagrun for example_display_name to None, run_after=None
[2024-12-06T21:48:13.609+0000] {processor.py:208} INFO - Processing /home/airflow/.local/lib/python3.12/site-packages/airflow/example_dags/example_display_name.py took 0.119 seconds
[2024-12-06T21:48:44.613+0000] {processor.py:186} INFO - Started process (PID=1045) to work on /home/airflow/.local/lib/python3.12/site-packages/airflow/example_dags/example_display_name.py
[2024-12-06T21:48:44.614+0000] {processor.py:914} INFO - Processing file /home/airflow/.local/lib/python3.12/site-packages/airflow/example_dags/example_display_name.py for tasks to queue
[2024-12-06T21:48:44.618+0000] {logging_mixin.py:190} INFO - [2024-12-06T21:48:44.617+0000] {dagbag.py:588} INFO - Filling up the DagBag from /home/airflow/.local/lib/python3.12/site-packages/airflow/example_dags/example_display_name.py
[2024-12-06T21:48:44.629+0000] {processor.py:925} INFO - DAG(s) 'example_display_name' retrieved from /home/airflow/.local/lib/python3.12/site-packages/airflow/example_dags/example_display_name.py
[2024-12-06T21:48:44.657+0000] {logging_mixin.py:190} INFO - [2024-12-06T21:48:44.656+0000] {dag.py:3239} INFO - Sync 1 DAGs
[2024-12-06T21:48:44.678+0000] {logging_mixin.py:190} INFO - [2024-12-06T21:48:44.678+0000] {dag.py:4180} INFO - Setting next_dagrun for example_display_name to None, run_after=None
[2024-12-06T21:48:44.710+0000] {processor.py:208} INFO - Processing /home/airflow/.local/lib/python3.12/site-packages/airflow/example_dags/example_display_name.py took 0.106 seconds
[2024-12-06T21:49:16.254+0000] {processor.py:186} INFO - Started process (PID=1114) to work on /home/airflow/.local/lib/python3.12/site-packages/airflow/example_dags/example_display_name.py
[2024-12-06T21:49:16.255+0000] {processor.py:914} INFO - Processing file /home/airflow/.local/lib/python3.12/site-packages/airflow/example_dags/example_display_name.py for tasks to queue
[2024-12-06T21:49:16.259+0000] {logging_mixin.py:190} INFO - [2024-12-06T21:49:16.259+0000] {dagbag.py:588} INFO - Filling up the DagBag from /home/airflow/.local/lib/python3.12/site-packages/airflow/example_dags/example_display_name.py
[2024-12-06T21:49:16.273+0000] {processor.py:925} INFO - DAG(s) 'example_display_name' retrieved from /home/airflow/.local/lib/python3.12/site-packages/airflow/example_dags/example_display_name.py
[2024-12-06T21:49:16.303+0000] {logging_mixin.py:190} INFO - [2024-12-06T21:49:16.302+0000] {dag.py:3239} INFO - Sync 1 DAGs
[2024-12-06T21:49:16.325+0000] {logging_mixin.py:190} INFO - [2024-12-06T21:49:16.325+0000] {dag.py:4180} INFO - Setting next_dagrun for example_display_name to None, run_after=None
[2024-12-06T21:49:16.353+0000] {processor.py:208} INFO - Processing /home/airflow/.local/lib/python3.12/site-packages/airflow/example_dags/example_display_name.py took 0.108 seconds
[2024-12-06T21:49:47.384+0000] {processor.py:186} INFO - Started process (PID=1177) to work on /home/airflow/.local/lib/python3.12/site-packages/airflow/example_dags/example_display_name.py
[2024-12-06T21:49:47.386+0000] {processor.py:914} INFO - Processing file /home/airflow/.local/lib/python3.12/site-packages/airflow/example_dags/example_display_name.py for tasks to queue
[2024-12-06T21:49:47.390+0000] {logging_mixin.py:190} INFO - [2024-12-06T21:49:47.389+0000] {dagbag.py:588} INFO - Filling up the DagBag from /home/airflow/.local/lib/python3.12/site-packages/airflow/example_dags/example_display_name.py
[2024-12-06T21:49:47.403+0000] {processor.py:925} INFO - DAG(s) 'example_display_name' retrieved from /home/airflow/.local/lib/python3.12/site-packages/airflow/example_dags/example_display_name.py
[2024-12-06T21:49:47.435+0000] {logging_mixin.py:190} INFO - [2024-12-06T21:49:47.434+0000] {dag.py:3239} INFO - Sync 1 DAGs
[2024-12-06T21:49:47.457+0000] {logging_mixin.py:190} INFO - [2024-12-06T21:49:47.456+0000] {dag.py:4180} INFO - Setting next_dagrun for example_display_name to None, run_after=None
[2024-12-06T21:49:47.488+0000] {processor.py:208} INFO - Processing /home/airflow/.local/lib/python3.12/site-packages/airflow/example_dags/example_display_name.py took 0.112 seconds
[2024-12-06T21:50:18.157+0000] {processor.py:186} INFO - Started process (PID=1240) to work on /home/airflow/.local/lib/python3.12/site-packages/airflow/example_dags/example_display_name.py
[2024-12-06T21:50:18.158+0000] {processor.py:914} INFO - Processing file /home/airflow/.local/lib/python3.12/site-packages/airflow/example_dags/example_display_name.py for tasks to queue
[2024-12-06T21:50:18.163+0000] {logging_mixin.py:190} INFO - [2024-12-06T21:50:18.162+0000] {dagbag.py:588} INFO - Filling up the DagBag from /home/airflow/.local/lib/python3.12/site-packages/airflow/example_dags/example_display_name.py
[2024-12-06T21:50:18.176+0000] {processor.py:925} INFO - DAG(s) 'example_display_name' retrieved from /home/airflow/.local/lib/python3.12/site-packages/airflow/example_dags/example_display_name.py
[2024-12-06T21:50:18.208+0000] {logging_mixin.py:190} INFO - [2024-12-06T21:50:18.208+0000] {dag.py:3239} INFO - Sync 1 DAGs
[2024-12-06T21:50:18.237+0000] {logging_mixin.py:190} INFO - [2024-12-06T21:50:18.236+0000] {dag.py:4180} INFO - Setting next_dagrun for example_display_name to None, run_after=None
[2024-12-06T21:50:18.272+0000] {processor.py:208} INFO - Processing /home/airflow/.local/lib/python3.12/site-packages/airflow/example_dags/example_display_name.py took 0.123 seconds
[2024-12-06T21:50:49.073+0000] {processor.py:186} INFO - Started process (PID=1303) to work on /home/airflow/.local/lib/python3.12/site-packages/airflow/example_dags/example_display_name.py
[2024-12-06T21:50:49.075+0000] {processor.py:914} INFO - Processing file /home/airflow/.local/lib/python3.12/site-packages/airflow/example_dags/example_display_name.py for tasks to queue
[2024-12-06T21:50:49.079+0000] {logging_mixin.py:190} INFO - [2024-12-06T21:50:49.079+0000] {dagbag.py:588} INFO - Filling up the DagBag from /home/airflow/.local/lib/python3.12/site-packages/airflow/example_dags/example_display_name.py
[2024-12-06T21:50:49.093+0000] {processor.py:925} INFO - DAG(s) 'example_display_name' retrieved from /home/airflow/.local/lib/python3.12/site-packages/airflow/example_dags/example_display_name.py
[2024-12-06T21:50:49.129+0000] {logging_mixin.py:190} INFO - [2024-12-06T21:50:49.129+0000] {dag.py:3239} INFO - Sync 1 DAGs
[2024-12-06T21:50:49.157+0000] {logging_mixin.py:190} INFO - [2024-12-06T21:50:49.157+0000] {dag.py:4180} INFO - Setting next_dagrun for example_display_name to None, run_after=None
[2024-12-06T21:50:49.190+0000] {processor.py:208} INFO - Processing /home/airflow/.local/lib/python3.12/site-packages/airflow/example_dags/example_display_name.py took 0.128 seconds
[2024-12-06T21:51:19.685+0000] {processor.py:186} INFO - Started process (PID=1365) to work on /home/airflow/.local/lib/python3.12/site-packages/airflow/example_dags/example_display_name.py
[2024-12-06T21:51:19.690+0000] {processor.py:914} INFO - Processing file /home/airflow/.local/lib/python3.12/site-packages/airflow/example_dags/example_display_name.py for tasks to queue
[2024-12-06T21:51:19.701+0000] {logging_mixin.py:190} INFO - [2024-12-06T21:51:19.699+0000] {dagbag.py:588} INFO - Filling up the DagBag from /home/airflow/.local/lib/python3.12/site-packages/airflow/example_dags/example_display_name.py
[2024-12-06T21:51:19.735+0000] {processor.py:925} INFO - DAG(s) 'example_display_name' retrieved from /home/airflow/.local/lib/python3.12/site-packages/airflow/example_dags/example_display_name.py
[2024-12-06T21:51:19.814+0000] {logging_mixin.py:190} INFO - [2024-12-06T21:51:19.814+0000] {dag.py:3239} INFO - Sync 1 DAGs
[2024-12-06T21:51:19.843+0000] {logging_mixin.py:190} INFO - [2024-12-06T21:51:19.843+0000] {dag.py:4180} INFO - Setting next_dagrun for example_display_name to None, run_after=None
[2024-12-06T21:51:19.875+0000] {processor.py:208} INFO - Processing /home/airflow/.local/lib/python3.12/site-packages/airflow/example_dags/example_display_name.py took 0.217 seconds
[2024-12-06T21:51:50.468+0000] {processor.py:186} INFO - Started process (PID=1427) to work on /home/airflow/.local/lib/python3.12/site-packages/airflow/example_dags/example_display_name.py
[2024-12-06T21:51:50.472+0000] {processor.py:914} INFO - Processing file /home/airflow/.local/lib/python3.12/site-packages/airflow/example_dags/example_display_name.py for tasks to queue
[2024-12-06T21:51:50.481+0000] {logging_mixin.py:190} INFO - [2024-12-06T21:51:50.480+0000] {dagbag.py:588} INFO - Filling up the DagBag from /home/airflow/.local/lib/python3.12/site-packages/airflow/example_dags/example_display_name.py
[2024-12-06T21:51:50.509+0000] {processor.py:925} INFO - DAG(s) 'example_display_name' retrieved from /home/airflow/.local/lib/python3.12/site-packages/airflow/example_dags/example_display_name.py
[2024-12-06T21:51:50.570+0000] {logging_mixin.py:190} INFO - [2024-12-06T21:51:50.570+0000] {dag.py:3239} INFO - Sync 1 DAGs
[2024-12-06T21:51:50.616+0000] {logging_mixin.py:190} INFO - [2024-12-06T21:51:50.615+0000] {dag.py:4180} INFO - Setting next_dagrun for example_display_name to None, run_after=None
[2024-12-06T21:51:50.648+0000] {processor.py:208} INFO - Processing /home/airflow/.local/lib/python3.12/site-packages/airflow/example_dags/example_display_name.py took 0.200 seconds
[2024-12-06T21:52:20.722+0000] {processor.py:186} INFO - Started process (PID=1490) to work on /home/airflow/.local/lib/python3.12/site-packages/airflow/example_dags/example_display_name.py
[2024-12-06T21:52:20.724+0000] {processor.py:914} INFO - Processing file /home/airflow/.local/lib/python3.12/site-packages/airflow/example_dags/example_display_name.py for tasks to queue
[2024-12-06T21:52:20.728+0000] {logging_mixin.py:190} INFO - [2024-12-06T21:52:20.727+0000] {dagbag.py:588} INFO - Filling up the DagBag from /home/airflow/.local/lib/python3.12/site-packages/airflow/example_dags/example_display_name.py
[2024-12-06T21:52:20.738+0000] {processor.py:925} INFO - DAG(s) 'example_display_name' retrieved from /home/airflow/.local/lib/python3.12/site-packages/airflow/example_dags/example_display_name.py
[2024-12-06T21:52:20.766+0000] {logging_mixin.py:190} INFO - [2024-12-06T21:52:20.765+0000] {dag.py:3239} INFO - Sync 1 DAGs
[2024-12-06T21:52:20.788+0000] {logging_mixin.py:190} INFO - [2024-12-06T21:52:20.788+0000] {dag.py:4180} INFO - Setting next_dagrun for example_display_name to None, run_after=None
[2024-12-06T21:52:20.815+0000] {processor.py:208} INFO - Processing /home/airflow/.local/lib/python3.12/site-packages/airflow/example_dags/example_display_name.py took 0.102 seconds
[2024-12-06T21:52:51.605+0000] {processor.py:186} INFO - Started process (PID=1553) to work on /home/airflow/.local/lib/python3.12/site-packages/airflow/example_dags/example_display_name.py
[2024-12-06T21:52:51.607+0000] {processor.py:914} INFO - Processing file /home/airflow/.local/lib/python3.12/site-packages/airflow/example_dags/example_display_name.py for tasks to queue
[2024-12-06T21:52:51.612+0000] {logging_mixin.py:190} INFO - [2024-12-06T21:52:51.611+0000] {dagbag.py:588} INFO - Filling up the DagBag from /home/airflow/.local/lib/python3.12/site-packages/airflow/example_dags/example_display_name.py
[2024-12-06T21:52:51.623+0000] {processor.py:925} INFO - DAG(s) 'example_display_name' retrieved from /home/airflow/.local/lib/python3.12/site-packages/airflow/example_dags/example_display_name.py
[2024-12-06T21:52:51.652+0000] {logging_mixin.py:190} INFO - [2024-12-06T21:52:51.652+0000] {dag.py:3239} INFO - Sync 1 DAGs
[2024-12-06T21:52:51.676+0000] {logging_mixin.py:190} INFO - [2024-12-06T21:52:51.676+0000] {dag.py:4180} INFO - Setting next_dagrun for example_display_name to None, run_after=None
[2024-12-06T21:52:51.703+0000] {processor.py:208} INFO - Processing /home/airflow/.local/lib/python3.12/site-packages/airflow/example_dags/example_display_name.py took 0.107 seconds
[2024-12-06T21:53:22.838+0000] {processor.py:186} INFO - Started process (PID=1616) to work on /home/airflow/.local/lib/python3.12/site-packages/airflow/example_dags/example_display_name.py
[2024-12-06T21:53:22.840+0000] {processor.py:914} INFO - Processing file /home/airflow/.local/lib/python3.12/site-packages/airflow/example_dags/example_display_name.py for tasks to queue
[2024-12-06T21:53:22.845+0000] {logging_mixin.py:190} INFO - [2024-12-06T21:53:22.844+0000] {dagbag.py:588} INFO - Filling up the DagBag from /home/airflow/.local/lib/python3.12/site-packages/airflow/example_dags/example_display_name.py
[2024-12-06T21:53:22.863+0000] {processor.py:925} INFO - DAG(s) 'example_display_name' retrieved from /home/airflow/.local/lib/python3.12/site-packages/airflow/example_dags/example_display_name.py
[2024-12-06T21:53:22.905+0000] {logging_mixin.py:190} INFO - [2024-12-06T21:53:22.905+0000] {dag.py:3239} INFO - Sync 1 DAGs
[2024-12-06T21:53:22.938+0000] {logging_mixin.py:190} INFO - [2024-12-06T21:53:22.938+0000] {dag.py:4180} INFO - Setting next_dagrun for example_display_name to None, run_after=None
[2024-12-06T21:53:22.976+0000] {processor.py:208} INFO - Processing /home/airflow/.local/lib/python3.12/site-packages/airflow/example_dags/example_display_name.py took 0.151 seconds
[2024-12-06T21:53:54.008+0000] {processor.py:186} INFO - Started process (PID=1679) to work on /home/airflow/.local/lib/python3.12/site-packages/airflow/example_dags/example_display_name.py
[2024-12-06T21:53:54.009+0000] {processor.py:914} INFO - Processing file /home/airflow/.local/lib/python3.12/site-packages/airflow/example_dags/example_display_name.py for tasks to queue
[2024-12-06T21:53:54.013+0000] {logging_mixin.py:190} INFO - [2024-12-06T21:53:54.012+0000] {dagbag.py:588} INFO - Filling up the DagBag from /home/airflow/.local/lib/python3.12/site-packages/airflow/example_dags/example_display_name.py
[2024-12-06T21:53:54.026+0000] {processor.py:925} INFO - DAG(s) 'example_display_name' retrieved from /home/airflow/.local/lib/python3.12/site-packages/airflow/example_dags/example_display_name.py
[2024-12-06T21:53:54.058+0000] {logging_mixin.py:190} INFO - [2024-12-06T21:53:54.057+0000] {dag.py:3239} INFO - Sync 1 DAGs
[2024-12-06T21:53:54.091+0000] {logging_mixin.py:190} INFO - [2024-12-06T21:53:54.090+0000] {dag.py:4180} INFO - Setting next_dagrun for example_display_name to None, run_after=None
[2024-12-06T21:53:54.123+0000] {processor.py:208} INFO - Processing /home/airflow/.local/lib/python3.12/site-packages/airflow/example_dags/example_display_name.py took 0.127 seconds
[2024-12-06T21:54:24.418+0000] {processor.py:186} INFO - Started process (PID=1742) to work on /home/airflow/.local/lib/python3.12/site-packages/airflow/example_dags/example_display_name.py
[2024-12-06T21:54:24.420+0000] {processor.py:914} INFO - Processing file /home/airflow/.local/lib/python3.12/site-packages/airflow/example_dags/example_display_name.py for tasks to queue
[2024-12-06T21:54:24.424+0000] {logging_mixin.py:190} INFO - [2024-12-06T21:54:24.424+0000] {dagbag.py:588} INFO - Filling up the DagBag from /home/airflow/.local/lib/python3.12/site-packages/airflow/example_dags/example_display_name.py
[2024-12-06T21:54:24.437+0000] {processor.py:925} INFO - DAG(s) 'example_display_name' retrieved from /home/airflow/.local/lib/python3.12/site-packages/airflow/example_dags/example_display_name.py
[2024-12-06T21:54:24.465+0000] {logging_mixin.py:190} INFO - [2024-12-06T21:54:24.464+0000] {dag.py:3239} INFO - Sync 1 DAGs
[2024-12-06T21:54:24.497+0000] {logging_mixin.py:190} INFO - [2024-12-06T21:54:24.497+0000] {dag.py:4180} INFO - Setting next_dagrun for example_display_name to None, run_after=None
[2024-12-06T21:54:24.536+0000] {processor.py:208} INFO - Processing /home/airflow/.local/lib/python3.12/site-packages/airflow/example_dags/example_display_name.py took 0.128 seconds
[2024-12-06T21:54:55.309+0000] {processor.py:186} INFO - Started process (PID=1805) to work on /home/airflow/.local/lib/python3.12/site-packages/airflow/example_dags/example_display_name.py
[2024-12-06T21:54:55.311+0000] {processor.py:914} INFO - Processing file /home/airflow/.local/lib/python3.12/site-packages/airflow/example_dags/example_display_name.py for tasks to queue
[2024-12-06T21:54:55.314+0000] {logging_mixin.py:190} INFO - [2024-12-06T21:54:55.314+0000] {dagbag.py:588} INFO - Filling up the DagBag from /home/airflow/.local/lib/python3.12/site-packages/airflow/example_dags/example_display_name.py
[2024-12-06T21:54:55.327+0000] {processor.py:925} INFO - DAG(s) 'example_display_name' retrieved from /home/airflow/.local/lib/python3.12/site-packages/airflow/example_dags/example_display_name.py
[2024-12-06T21:54:55.359+0000] {logging_mixin.py:190} INFO - [2024-12-06T21:54:55.358+0000] {dag.py:3239} INFO - Sync 1 DAGs
[2024-12-06T21:54:55.384+0000] {logging_mixin.py:190} INFO - [2024-12-06T21:54:55.384+0000] {dag.py:4180} INFO - Setting next_dagrun for example_display_name to None, run_after=None
[2024-12-06T21:54:55.416+0000] {processor.py:208} INFO - Processing /home/airflow/.local/lib/python3.12/site-packages/airflow/example_dags/example_display_name.py took 0.118 seconds
[2024-12-06T21:55:26.361+0000] {processor.py:186} INFO - Started process (PID=1868) to work on /home/airflow/.local/lib/python3.12/site-packages/airflow/example_dags/example_display_name.py
[2024-12-06T21:55:26.363+0000] {processor.py:914} INFO - Processing file /home/airflow/.local/lib/python3.12/site-packages/airflow/example_dags/example_display_name.py for tasks to queue
[2024-12-06T21:55:26.367+0000] {logging_mixin.py:190} INFO - [2024-12-06T21:55:26.366+0000] {dagbag.py:588} INFO - Filling up the DagBag from /home/airflow/.local/lib/python3.12/site-packages/airflow/example_dags/example_display_name.py
[2024-12-06T21:55:26.382+0000] {processor.py:925} INFO - DAG(s) 'example_display_name' retrieved from /home/airflow/.local/lib/python3.12/site-packages/airflow/example_dags/example_display_name.py
[2024-12-06T21:55:26.414+0000] {logging_mixin.py:190} INFO - [2024-12-06T21:55:26.413+0000] {dag.py:3239} INFO - Sync 1 DAGs
[2024-12-06T21:55:26.439+0000] {logging_mixin.py:190} INFO - [2024-12-06T21:55:26.439+0000] {dag.py:4180} INFO - Setting next_dagrun for example_display_name to None, run_after=None
[2024-12-06T21:55:26.472+0000] {processor.py:208} INFO - Processing /home/airflow/.local/lib/python3.12/site-packages/airflow/example_dags/example_display_name.py took 0.123 seconds
[2024-12-06T21:55:57.449+0000] {processor.py:186} INFO - Started process (PID=1931) to work on /home/airflow/.local/lib/python3.12/site-packages/airflow/example_dags/example_display_name.py
[2024-12-06T21:55:57.450+0000] {processor.py:914} INFO - Processing file /home/airflow/.local/lib/python3.12/site-packages/airflow/example_dags/example_display_name.py for tasks to queue
[2024-12-06T21:55:57.454+0000] {logging_mixin.py:190} INFO - [2024-12-06T21:55:57.454+0000] {dagbag.py:588} INFO - Filling up the DagBag from /home/airflow/.local/lib/python3.12/site-packages/airflow/example_dags/example_display_name.py
[2024-12-06T21:55:57.468+0000] {processor.py:925} INFO - DAG(s) 'example_display_name' retrieved from /home/airflow/.local/lib/python3.12/site-packages/airflow/example_dags/example_display_name.py
[2024-12-06T21:55:57.505+0000] {logging_mixin.py:190} INFO - [2024-12-06T21:55:57.504+0000] {dag.py:3239} INFO - Sync 1 DAGs
[2024-12-06T21:55:57.528+0000] {logging_mixin.py:190} INFO - [2024-12-06T21:55:57.528+0000] {dag.py:4180} INFO - Setting next_dagrun for example_display_name to None, run_after=None
[2024-12-06T21:55:57.558+0000] {processor.py:208} INFO - Processing /home/airflow/.local/lib/python3.12/site-packages/airflow/example_dags/example_display_name.py took 0.120 seconds
[2024-12-06T21:56:28.921+0000] {processor.py:186} INFO - Started process (PID=1994) to work on /home/airflow/.local/lib/python3.12/site-packages/airflow/example_dags/example_display_name.py
[2024-12-06T21:56:28.922+0000] {processor.py:914} INFO - Processing file /home/airflow/.local/lib/python3.12/site-packages/airflow/example_dags/example_display_name.py for tasks to queue
[2024-12-06T21:56:28.926+0000] {logging_mixin.py:190} INFO - [2024-12-06T21:56:28.926+0000] {dagbag.py:588} INFO - Filling up the DagBag from /home/airflow/.local/lib/python3.12/site-packages/airflow/example_dags/example_display_name.py
[2024-12-06T21:56:28.940+0000] {processor.py:925} INFO - DAG(s) 'example_display_name' retrieved from /home/airflow/.local/lib/python3.12/site-packages/airflow/example_dags/example_display_name.py
[2024-12-06T21:56:28.972+0000] {logging_mixin.py:190} INFO - [2024-12-06T21:56:28.971+0000] {dag.py:3239} INFO - Sync 1 DAGs
[2024-12-06T21:56:28.999+0000] {logging_mixin.py:190} INFO - [2024-12-06T21:56:28.999+0000] {dag.py:4180} INFO - Setting next_dagrun for example_display_name to None, run_after=None
[2024-12-06T21:56:29.032+0000] {processor.py:208} INFO - Processing /home/airflow/.local/lib/python3.12/site-packages/airflow/example_dags/example_display_name.py took 0.121 seconds
[2024-12-06T21:56:59.786+0000] {processor.py:186} INFO - Started process (PID=2057) to work on /home/airflow/.local/lib/python3.12/site-packages/airflow/example_dags/example_display_name.py
[2024-12-06T21:56:59.788+0000] {processor.py:914} INFO - Processing file /home/airflow/.local/lib/python3.12/site-packages/airflow/example_dags/example_display_name.py for tasks to queue
[2024-12-06T21:56:59.791+0000] {logging_mixin.py:190} INFO - [2024-12-06T21:56:59.791+0000] {dagbag.py:588} INFO - Filling up the DagBag from /home/airflow/.local/lib/python3.12/site-packages/airflow/example_dags/example_display_name.py
[2024-12-06T21:56:59.802+0000] {processor.py:925} INFO - DAG(s) 'example_display_name' retrieved from /home/airflow/.local/lib/python3.12/site-packages/airflow/example_dags/example_display_name.py
[2024-12-06T21:56:59.830+0000] {logging_mixin.py:190} INFO - [2024-12-06T21:56:59.830+0000] {dag.py:3239} INFO - Sync 1 DAGs
[2024-12-06T21:56:59.857+0000] {logging_mixin.py:190} INFO - [2024-12-06T21:56:59.856+0000] {dag.py:4180} INFO - Setting next_dagrun for example_display_name to None, run_after=None
[2024-12-06T21:56:59.888+0000] {processor.py:208} INFO - Processing /home/airflow/.local/lib/python3.12/site-packages/airflow/example_dags/example_display_name.py took 0.112 seconds
[2024-12-06T21:57:30.119+0000] {processor.py:186} INFO - Started process (PID=2120) to work on /home/airflow/.local/lib/python3.12/site-packages/airflow/example_dags/example_display_name.py
[2024-12-06T21:57:30.122+0000] {processor.py:914} INFO - Processing file /home/airflow/.local/lib/python3.12/site-packages/airflow/example_dags/example_display_name.py for tasks to queue
[2024-12-06T21:57:30.125+0000] {logging_mixin.py:190} INFO - [2024-12-06T21:57:30.125+0000] {dagbag.py:588} INFO - Filling up the DagBag from /home/airflow/.local/lib/python3.12/site-packages/airflow/example_dags/example_display_name.py
[2024-12-06T21:57:30.138+0000] {processor.py:925} INFO - DAG(s) 'example_display_name' retrieved from /home/airflow/.local/lib/python3.12/site-packages/airflow/example_dags/example_display_name.py
[2024-12-06T21:57:30.168+0000] {logging_mixin.py:190} INFO - [2024-12-06T21:57:30.168+0000] {dag.py:3239} INFO - Sync 1 DAGs
[2024-12-06T21:57:30.195+0000] {logging_mixin.py:190} INFO - [2024-12-06T21:57:30.195+0000] {dag.py:4180} INFO - Setting next_dagrun for example_display_name to None, run_after=None
[2024-12-06T21:57:30.229+0000] {processor.py:208} INFO - Processing /home/airflow/.local/lib/python3.12/site-packages/airflow/example_dags/example_display_name.py took 0.119 seconds
[2024-12-06T21:58:00.449+0000] {processor.py:186} INFO - Started process (PID=2183) to work on /home/airflow/.local/lib/python3.12/site-packages/airflow/example_dags/example_display_name.py
[2024-12-06T21:58:00.451+0000] {processor.py:914} INFO - Processing file /home/airflow/.local/lib/python3.12/site-packages/airflow/example_dags/example_display_name.py for tasks to queue
[2024-12-06T21:58:00.454+0000] {logging_mixin.py:190} INFO - [2024-12-06T21:58:00.454+0000] {dagbag.py:588} INFO - Filling up the DagBag from /home/airflow/.local/lib/python3.12/site-packages/airflow/example_dags/example_display_name.py
[2024-12-06T21:58:00.469+0000] {processor.py:925} INFO - DAG(s) 'example_display_name' retrieved from /home/airflow/.local/lib/python3.12/site-packages/airflow/example_dags/example_display_name.py
[2024-12-06T21:58:00.500+0000] {logging_mixin.py:190} INFO - [2024-12-06T21:58:00.499+0000] {dag.py:3239} INFO - Sync 1 DAGs
[2024-12-06T21:58:00.525+0000] {logging_mixin.py:190} INFO - [2024-12-06T21:58:00.524+0000] {dag.py:4180} INFO - Setting next_dagrun for example_display_name to None, run_after=None
[2024-12-06T21:58:00.554+0000] {processor.py:208} INFO - Processing /home/airflow/.local/lib/python3.12/site-packages/airflow/example_dags/example_display_name.py took 0.115 seconds
[2024-12-06T21:58:30.833+0000] {processor.py:186} INFO - Started process (PID=2246) to work on /home/airflow/.local/lib/python3.12/site-packages/airflow/example_dags/example_display_name.py
[2024-12-06T21:58:30.835+0000] {processor.py:914} INFO - Processing file /home/airflow/.local/lib/python3.12/site-packages/airflow/example_dags/example_display_name.py for tasks to queue
[2024-12-06T21:58:30.838+0000] {logging_mixin.py:190} INFO - [2024-12-06T21:58:30.838+0000] {dagbag.py:588} INFO - Filling up the DagBag from /home/airflow/.local/lib/python3.12/site-packages/airflow/example_dags/example_display_name.py
[2024-12-06T21:58:30.853+0000] {processor.py:925} INFO - DAG(s) 'example_display_name' retrieved from /home/airflow/.local/lib/python3.12/site-packages/airflow/example_dags/example_display_name.py
[2024-12-06T21:58:30.891+0000] {logging_mixin.py:190} INFO - [2024-12-06T21:58:30.891+0000] {dag.py:3239} INFO - Sync 1 DAGs
[2024-12-06T21:58:30.920+0000] {logging_mixin.py:190} INFO - [2024-12-06T21:58:30.919+0000] {dag.py:4180} INFO - Setting next_dagrun for example_display_name to None, run_after=None
[2024-12-06T21:58:30.955+0000] {processor.py:208} INFO - Processing /home/airflow/.local/lib/python3.12/site-packages/airflow/example_dags/example_display_name.py took 0.133 seconds
[2024-12-06T21:59:01.625+0000] {processor.py:186} INFO - Started process (PID=2309) to work on /home/airflow/.local/lib/python3.12/site-packages/airflow/example_dags/example_display_name.py
[2024-12-06T21:59:01.628+0000] {processor.py:914} INFO - Processing file /home/airflow/.local/lib/python3.12/site-packages/airflow/example_dags/example_display_name.py for tasks to queue
[2024-12-06T21:59:01.637+0000] {logging_mixin.py:190} INFO - [2024-12-06T21:59:01.634+0000] {dagbag.py:588} INFO - Filling up the DagBag from /home/airflow/.local/lib/python3.12/site-packages/airflow/example_dags/example_display_name.py
[2024-12-06T21:59:01.665+0000] {processor.py:925} INFO - DAG(s) 'example_display_name' retrieved from /home/airflow/.local/lib/python3.12/site-packages/airflow/example_dags/example_display_name.py
[2024-12-06T21:59:01.712+0000] {logging_mixin.py:190} INFO - [2024-12-06T21:59:01.711+0000] {dag.py:3239} INFO - Sync 1 DAGs
[2024-12-06T21:59:01.744+0000] {logging_mixin.py:190} INFO - [2024-12-06T21:59:01.744+0000] {dag.py:4180} INFO - Setting next_dagrun for example_display_name to None, run_after=None
[2024-12-06T21:59:01.784+0000] {processor.py:208} INFO - Processing /home/airflow/.local/lib/python3.12/site-packages/airflow/example_dags/example_display_name.py took 0.178 seconds
[2024-12-06T21:59:32.745+0000] {processor.py:186} INFO - Started process (PID=2372) to work on /home/airflow/.local/lib/python3.12/site-packages/airflow/example_dags/example_display_name.py
[2024-12-06T21:59:32.746+0000] {processor.py:914} INFO - Processing file /home/airflow/.local/lib/python3.12/site-packages/airflow/example_dags/example_display_name.py for tasks to queue
[2024-12-06T21:59:32.751+0000] {logging_mixin.py:190} INFO - [2024-12-06T21:59:32.751+0000] {dagbag.py:588} INFO - Filling up the DagBag from /home/airflow/.local/lib/python3.12/site-packages/airflow/example_dags/example_display_name.py
[2024-12-06T21:59:32.763+0000] {processor.py:925} INFO - DAG(s) 'example_display_name' retrieved from /home/airflow/.local/lib/python3.12/site-packages/airflow/example_dags/example_display_name.py
[2024-12-06T21:59:32.795+0000] {logging_mixin.py:190} INFO - [2024-12-06T21:59:32.794+0000] {dag.py:3239} INFO - Sync 1 DAGs
[2024-12-06T21:59:32.819+0000] {logging_mixin.py:190} INFO - [2024-12-06T21:59:32.819+0000] {dag.py:4180} INFO - Setting next_dagrun for example_display_name to None, run_after=None
[2024-12-06T21:59:32.847+0000] {processor.py:208} INFO - Processing /home/airflow/.local/lib/python3.12/site-packages/airflow/example_dags/example_display_name.py took 0.113 seconds
[2024-12-06T22:00:03.384+0000] {processor.py:186} INFO - Started process (PID=2435) to work on /home/airflow/.local/lib/python3.12/site-packages/airflow/example_dags/example_display_name.py
[2024-12-06T22:00:03.387+0000] {processor.py:914} INFO - Processing file /home/airflow/.local/lib/python3.12/site-packages/airflow/example_dags/example_display_name.py for tasks to queue
[2024-12-06T22:00:03.391+0000] {logging_mixin.py:190} INFO - [2024-12-06T22:00:03.390+0000] {dagbag.py:588} INFO - Filling up the DagBag from /home/airflow/.local/lib/python3.12/site-packages/airflow/example_dags/example_display_name.py
[2024-12-06T22:00:03.404+0000] {processor.py:925} INFO - DAG(s) 'example_display_name' retrieved from /home/airflow/.local/lib/python3.12/site-packages/airflow/example_dags/example_display_name.py
[2024-12-06T22:00:03.433+0000] {logging_mixin.py:190} INFO - [2024-12-06T22:00:03.433+0000] {dag.py:3239} INFO - Sync 1 DAGs
[2024-12-06T22:00:03.459+0000] {logging_mixin.py:190} INFO - [2024-12-06T22:00:03.459+0000] {dag.py:4180} INFO - Setting next_dagrun for example_display_name to None, run_after=None
[2024-12-06T22:00:03.488+0000] {processor.py:208} INFO - Processing /home/airflow/.local/lib/python3.12/site-packages/airflow/example_dags/example_display_name.py took 0.114 seconds
[2024-12-06T22:00:34.564+0000] {processor.py:186} INFO - Started process (PID=2498) to work on /home/airflow/.local/lib/python3.12/site-packages/airflow/example_dags/example_display_name.py
[2024-12-06T22:00:34.567+0000] {processor.py:914} INFO - Processing file /home/airflow/.local/lib/python3.12/site-packages/airflow/example_dags/example_display_name.py for tasks to queue
[2024-12-06T22:00:34.574+0000] {logging_mixin.py:190} INFO - [2024-12-06T22:00:34.571+0000] {dagbag.py:588} INFO - Filling up the DagBag from /home/airflow/.local/lib/python3.12/site-packages/airflow/example_dags/example_display_name.py
[2024-12-06T22:00:34.592+0000] {processor.py:925} INFO - DAG(s) 'example_display_name' retrieved from /home/airflow/.local/lib/python3.12/site-packages/airflow/example_dags/example_display_name.py
[2024-12-06T22:00:34.635+0000] {logging_mixin.py:190} INFO - [2024-12-06T22:00:34.635+0000] {dag.py:3239} INFO - Sync 1 DAGs
[2024-12-06T22:00:34.672+0000] {logging_mixin.py:190} INFO - [2024-12-06T22:00:34.671+0000] {dag.py:4180} INFO - Setting next_dagrun for example_display_name to None, run_after=None
[2024-12-06T22:00:34.715+0000] {processor.py:208} INFO - Processing /home/airflow/.local/lib/python3.12/site-packages/airflow/example_dags/example_display_name.py took 0.167 seconds
[2024-12-06T22:01:05.279+0000] {processor.py:186} INFO - Started process (PID=2561) to work on /home/airflow/.local/lib/python3.12/site-packages/airflow/example_dags/example_display_name.py
[2024-12-06T22:01:05.282+0000] {processor.py:914} INFO - Processing file /home/airflow/.local/lib/python3.12/site-packages/airflow/example_dags/example_display_name.py for tasks to queue
[2024-12-06T22:01:05.290+0000] {logging_mixin.py:190} INFO - [2024-12-06T22:01:05.289+0000] {dagbag.py:588} INFO - Filling up the DagBag from /home/airflow/.local/lib/python3.12/site-packages/airflow/example_dags/example_display_name.py
[2024-12-06T22:01:05.321+0000] {processor.py:925} INFO - DAG(s) 'example_display_name' retrieved from /home/airflow/.local/lib/python3.12/site-packages/airflow/example_dags/example_display_name.py
[2024-12-06T22:01:05.398+0000] {logging_mixin.py:190} INFO - [2024-12-06T22:01:05.397+0000] {dag.py:3239} INFO - Sync 1 DAGs
[2024-12-06T22:01:05.425+0000] {logging_mixin.py:190} INFO - [2024-12-06T22:01:05.425+0000] {dag.py:4180} INFO - Setting next_dagrun for example_display_name to None, run_after=None
[2024-12-06T22:01:05.457+0000] {processor.py:208} INFO - Processing /home/airflow/.local/lib/python3.12/site-packages/airflow/example_dags/example_display_name.py took 0.202 seconds
[2024-12-06T22:01:35.600+0000] {processor.py:186} INFO - Started process (PID=2623) to work on /home/airflow/.local/lib/python3.12/site-packages/airflow/example_dags/example_display_name.py
[2024-12-06T22:01:35.602+0000] {processor.py:914} INFO - Processing file /home/airflow/.local/lib/python3.12/site-packages/airflow/example_dags/example_display_name.py for tasks to queue
[2024-12-06T22:01:35.608+0000] {logging_mixin.py:190} INFO - [2024-12-06T22:01:35.607+0000] {dagbag.py:588} INFO - Filling up the DagBag from /home/airflow/.local/lib/python3.12/site-packages/airflow/example_dags/example_display_name.py
[2024-12-06T22:01:35.630+0000] {processor.py:925} INFO - DAG(s) 'example_display_name' retrieved from /home/airflow/.local/lib/python3.12/site-packages/airflow/example_dags/example_display_name.py
[2024-12-06T22:01:35.672+0000] {logging_mixin.py:190} INFO - [2024-12-06T22:01:35.672+0000] {dag.py:3239} INFO - Sync 1 DAGs
[2024-12-06T22:01:35.708+0000] {logging_mixin.py:190} INFO - [2024-12-06T22:01:35.708+0000] {dag.py:4180} INFO - Setting next_dagrun for example_display_name to None, run_after=None
[2024-12-06T22:01:35.752+0000] {processor.py:208} INFO - Processing /home/airflow/.local/lib/python3.12/site-packages/airflow/example_dags/example_display_name.py took 0.173 seconds
[2024-12-06T22:02:06.149+0000] {processor.py:186} INFO - Started process (PID=2686) to work on /home/airflow/.local/lib/python3.12/site-packages/airflow/example_dags/example_display_name.py
[2024-12-06T22:02:06.154+0000] {processor.py:914} INFO - Processing file /home/airflow/.local/lib/python3.12/site-packages/airflow/example_dags/example_display_name.py for tasks to queue
[2024-12-06T22:02:06.166+0000] {logging_mixin.py:190} INFO - [2024-12-06T22:02:06.163+0000] {dagbag.py:588} INFO - Filling up the DagBag from /home/airflow/.local/lib/python3.12/site-packages/airflow/example_dags/example_display_name.py
[2024-12-06T22:02:06.206+0000] {processor.py:925} INFO - DAG(s) 'example_display_name' retrieved from /home/airflow/.local/lib/python3.12/site-packages/airflow/example_dags/example_display_name.py
[2024-12-06T22:02:06.258+0000] {logging_mixin.py:190} INFO - [2024-12-06T22:02:06.257+0000] {dag.py:3239} INFO - Sync 1 DAGs
[2024-12-06T22:02:06.279+0000] {logging_mixin.py:190} INFO - [2024-12-06T22:02:06.279+0000] {dag.py:4180} INFO - Setting next_dagrun for example_display_name to None, run_after=None
[2024-12-06T22:02:06.307+0000] {processor.py:208} INFO - Processing /home/airflow/.local/lib/python3.12/site-packages/airflow/example_dags/example_display_name.py took 0.187 seconds
[2024-12-06T22:02:36.932+0000] {processor.py:186} INFO - Started process (PID=2750) to work on /home/airflow/.local/lib/python3.12/site-packages/airflow/example_dags/example_display_name.py
[2024-12-06T22:02:36.934+0000] {processor.py:914} INFO - Processing file /home/airflow/.local/lib/python3.12/site-packages/airflow/example_dags/example_display_name.py for tasks to queue
[2024-12-06T22:02:36.939+0000] {logging_mixin.py:190} INFO - [2024-12-06T22:02:36.938+0000] {dagbag.py:588} INFO - Filling up the DagBag from /home/airflow/.local/lib/python3.12/site-packages/airflow/example_dags/example_display_name.py
[2024-12-06T22:02:36.949+0000] {processor.py:925} INFO - DAG(s) 'example_display_name' retrieved from /home/airflow/.local/lib/python3.12/site-packages/airflow/example_dags/example_display_name.py
[2024-12-06T22:02:36.976+0000] {logging_mixin.py:190} INFO - [2024-12-06T22:02:36.975+0000] {dag.py:3239} INFO - Sync 1 DAGs
[2024-12-06T22:02:36.999+0000] {logging_mixin.py:190} INFO - [2024-12-06T22:02:36.999+0000] {dag.py:4180} INFO - Setting next_dagrun for example_display_name to None, run_after=None
[2024-12-06T22:02:37.025+0000] {processor.py:208} INFO - Processing /home/airflow/.local/lib/python3.12/site-packages/airflow/example_dags/example_display_name.py took 0.102 seconds
[2024-12-06T22:03:08.108+0000] {processor.py:186} INFO - Started process (PID=2813) to work on /home/airflow/.local/lib/python3.12/site-packages/airflow/example_dags/example_display_name.py
[2024-12-06T22:03:08.110+0000] {processor.py:914} INFO - Processing file /home/airflow/.local/lib/python3.12/site-packages/airflow/example_dags/example_display_name.py for tasks to queue
[2024-12-06T22:03:08.113+0000] {logging_mixin.py:190} INFO - [2024-12-06T22:03:08.113+0000] {dagbag.py:588} INFO - Filling up the DagBag from /home/airflow/.local/lib/python3.12/site-packages/airflow/example_dags/example_display_name.py
[2024-12-06T22:03:08.126+0000] {processor.py:925} INFO - DAG(s) 'example_display_name' retrieved from /home/airflow/.local/lib/python3.12/site-packages/airflow/example_dags/example_display_name.py
[2024-12-06T22:03:08.156+0000] {logging_mixin.py:190} INFO - [2024-12-06T22:03:08.156+0000] {dag.py:3239} INFO - Sync 1 DAGs
[2024-12-06T22:03:08.178+0000] {logging_mixin.py:190} INFO - [2024-12-06T22:03:08.178+0000] {dag.py:4180} INFO - Setting next_dagrun for example_display_name to None, run_after=None
[2024-12-06T22:03:08.209+0000] {processor.py:208} INFO - Processing /home/airflow/.local/lib/python3.12/site-packages/airflow/example_dags/example_display_name.py took 0.110 seconds
[2024-12-06T22:03:39.677+0000] {processor.py:186} INFO - Started process (PID=2876) to work on /home/airflow/.local/lib/python3.12/site-packages/airflow/example_dags/example_display_name.py
[2024-12-06T22:03:39.679+0000] {processor.py:914} INFO - Processing file /home/airflow/.local/lib/python3.12/site-packages/airflow/example_dags/example_display_name.py for tasks to queue
[2024-12-06T22:03:39.682+0000] {logging_mixin.py:190} INFO - [2024-12-06T22:03:39.682+0000] {dagbag.py:588} INFO - Filling up the DagBag from /home/airflow/.local/lib/python3.12/site-packages/airflow/example_dags/example_display_name.py
[2024-12-06T22:03:39.695+0000] {processor.py:925} INFO - DAG(s) 'example_display_name' retrieved from /home/airflow/.local/lib/python3.12/site-packages/airflow/example_dags/example_display_name.py
[2024-12-06T22:03:39.725+0000] {logging_mixin.py:190} INFO - [2024-12-06T22:03:39.724+0000] {dag.py:3239} INFO - Sync 1 DAGs
[2024-12-06T22:03:39.750+0000] {logging_mixin.py:190} INFO - [2024-12-06T22:03:39.749+0000] {dag.py:4180} INFO - Setting next_dagrun for example_display_name to None, run_after=None
[2024-12-06T22:03:39.779+0000] {processor.py:208} INFO - Processing /home/airflow/.local/lib/python3.12/site-packages/airflow/example_dags/example_display_name.py took 0.113 seconds
[2024-12-06T22:04:11.123+0000] {processor.py:186} INFO - Started process (PID=2938) to work on /home/airflow/.local/lib/python3.12/site-packages/airflow/example_dags/example_display_name.py
[2024-12-06T22:04:11.125+0000] {processor.py:914} INFO - Processing file /home/airflow/.local/lib/python3.12/site-packages/airflow/example_dags/example_display_name.py for tasks to queue
[2024-12-06T22:04:11.131+0000] {logging_mixin.py:190} INFO - [2024-12-06T22:04:11.131+0000] {dagbag.py:588} INFO - Filling up the DagBag from /home/airflow/.local/lib/python3.12/site-packages/airflow/example_dags/example_display_name.py
[2024-12-06T22:04:11.146+0000] {processor.py:925} INFO - DAG(s) 'example_display_name' retrieved from /home/airflow/.local/lib/python3.12/site-packages/airflow/example_dags/example_display_name.py
[2024-12-06T22:04:11.177+0000] {logging_mixin.py:190} INFO - [2024-12-06T22:04:11.177+0000] {dag.py:3239} INFO - Sync 1 DAGs
[2024-12-06T22:04:11.202+0000] {logging_mixin.py:190} INFO - [2024-12-06T22:04:11.201+0000] {dag.py:4180} INFO - Setting next_dagrun for example_display_name to None, run_after=None
[2024-12-06T22:04:11.237+0000] {processor.py:208} INFO - Processing /home/airflow/.local/lib/python3.12/site-packages/airflow/example_dags/example_display_name.py took 0.123 seconds
[2024-12-06T22:04:41.612+0000] {processor.py:186} INFO - Started process (PID=2993) to work on /home/airflow/.local/lib/python3.12/site-packages/airflow/example_dags/example_display_name.py
[2024-12-06T22:04:41.616+0000] {processor.py:914} INFO - Processing file /home/airflow/.local/lib/python3.12/site-packages/airflow/example_dags/example_display_name.py for tasks to queue
[2024-12-06T22:04:41.620+0000] {logging_mixin.py:190} INFO - [2024-12-06T22:04:41.620+0000] {dagbag.py:588} INFO - Filling up the DagBag from /home/airflow/.local/lib/python3.12/site-packages/airflow/example_dags/example_display_name.py
[2024-12-06T22:04:41.632+0000] {processor.py:925} INFO - DAG(s) 'example_display_name' retrieved from /home/airflow/.local/lib/python3.12/site-packages/airflow/example_dags/example_display_name.py
[2024-12-06T22:04:41.660+0000] {logging_mixin.py:190} INFO - [2024-12-06T22:04:41.660+0000] {dag.py:3239} INFO - Sync 1 DAGs
[2024-12-06T22:04:41.688+0000] {logging_mixin.py:190} INFO - [2024-12-06T22:04:41.688+0000] {dag.py:4180} INFO - Setting next_dagrun for example_display_name to None, run_after=None
[2024-12-06T22:04:41.718+0000] {processor.py:208} INFO - Processing /home/airflow/.local/lib/python3.12/site-packages/airflow/example_dags/example_display_name.py took 0.114 seconds
[2024-12-06T22:05:12.356+0000] {processor.py:186} INFO - Started process (PID=3055) to work on /home/airflow/.local/lib/python3.12/site-packages/airflow/example_dags/example_display_name.py
[2024-12-06T22:05:12.359+0000] {processor.py:914} INFO - Processing file /home/airflow/.local/lib/python3.12/site-packages/airflow/example_dags/example_display_name.py for tasks to queue
[2024-12-06T22:05:12.367+0000] {logging_mixin.py:190} INFO - [2024-12-06T22:05:12.365+0000] {dagbag.py:588} INFO - Filling up the DagBag from /home/airflow/.local/lib/python3.12/site-packages/airflow/example_dags/example_display_name.py
[2024-12-06T22:05:12.398+0000] {processor.py:925} INFO - DAG(s) 'example_display_name' retrieved from /home/airflow/.local/lib/python3.12/site-packages/airflow/example_dags/example_display_name.py
[2024-12-06T22:05:12.461+0000] {logging_mixin.py:190} INFO - [2024-12-06T22:05:12.460+0000] {dag.py:3239} INFO - Sync 1 DAGs
[2024-12-06T22:05:12.512+0000] {logging_mixin.py:190} INFO - [2024-12-06T22:05:12.512+0000] {dag.py:4180} INFO - Setting next_dagrun for example_display_name to None, run_after=None
[2024-12-06T22:05:12.578+0000] {processor.py:208} INFO - Processing /home/airflow/.local/lib/python3.12/site-packages/airflow/example_dags/example_display_name.py took 0.244 seconds
[2024-12-06T22:05:43.575+0000] {processor.py:186} INFO - Started process (PID=3118) to work on /home/airflow/.local/lib/python3.12/site-packages/airflow/example_dags/example_display_name.py
[2024-12-06T22:05:43.577+0000] {processor.py:914} INFO - Processing file /home/airflow/.local/lib/python3.12/site-packages/airflow/example_dags/example_display_name.py for tasks to queue
[2024-12-06T22:05:43.580+0000] {logging_mixin.py:190} INFO - [2024-12-06T22:05:43.580+0000] {dagbag.py:588} INFO - Filling up the DagBag from /home/airflow/.local/lib/python3.12/site-packages/airflow/example_dags/example_display_name.py
[2024-12-06T22:05:43.594+0000] {processor.py:925} INFO - DAG(s) 'example_display_name' retrieved from /home/airflow/.local/lib/python3.12/site-packages/airflow/example_dags/example_display_name.py
[2024-12-06T22:05:43.631+0000] {logging_mixin.py:190} INFO - [2024-12-06T22:05:43.630+0000] {dag.py:3239} INFO - Sync 1 DAGs
[2024-12-06T22:05:43.659+0000] {logging_mixin.py:190} INFO - [2024-12-06T22:05:43.659+0000] {dag.py:4180} INFO - Setting next_dagrun for example_display_name to None, run_after=None
[2024-12-06T22:05:43.692+0000] {processor.py:208} INFO - Processing /home/airflow/.local/lib/python3.12/site-packages/airflow/example_dags/example_display_name.py took 0.129 seconds
[2024-12-06T22:06:15.015+0000] {processor.py:186} INFO - Started process (PID=3181) to work on /home/airflow/.local/lib/python3.12/site-packages/airflow/example_dags/example_display_name.py
[2024-12-06T22:06:15.017+0000] {processor.py:914} INFO - Processing file /home/airflow/.local/lib/python3.12/site-packages/airflow/example_dags/example_display_name.py for tasks to queue
[2024-12-06T22:06:15.021+0000] {logging_mixin.py:190} INFO - [2024-12-06T22:06:15.020+0000] {dagbag.py:588} INFO - Filling up the DagBag from /home/airflow/.local/lib/python3.12/site-packages/airflow/example_dags/example_display_name.py
[2024-12-06T22:06:15.034+0000] {processor.py:925} INFO - DAG(s) 'example_display_name' retrieved from /home/airflow/.local/lib/python3.12/site-packages/airflow/example_dags/example_display_name.py
[2024-12-06T22:06:15.064+0000] {logging_mixin.py:190} INFO - [2024-12-06T22:06:15.064+0000] {dag.py:3239} INFO - Sync 1 DAGs
[2024-12-06T22:06:15.087+0000] {logging_mixin.py:190} INFO - [2024-12-06T22:06:15.087+0000] {dag.py:4180} INFO - Setting next_dagrun for example_display_name to None, run_after=None
[2024-12-06T22:06:15.120+0000] {processor.py:208} INFO - Processing /home/airflow/.local/lib/python3.12/site-packages/airflow/example_dags/example_display_name.py took 0.115 seconds
[2024-12-06T22:06:46.178+0000] {processor.py:186} INFO - Started process (PID=3242) to work on /home/airflow/.local/lib/python3.12/site-packages/airflow/example_dags/example_display_name.py
[2024-12-06T22:06:46.180+0000] {processor.py:914} INFO - Processing file /home/airflow/.local/lib/python3.12/site-packages/airflow/example_dags/example_display_name.py for tasks to queue
[2024-12-06T22:06:46.184+0000] {logging_mixin.py:190} INFO - [2024-12-06T22:06:46.184+0000] {dagbag.py:588} INFO - Filling up the DagBag from /home/airflow/.local/lib/python3.12/site-packages/airflow/example_dags/example_display_name.py
[2024-12-06T22:06:46.198+0000] {processor.py:925} INFO - DAG(s) 'example_display_name' retrieved from /home/airflow/.local/lib/python3.12/site-packages/airflow/example_dags/example_display_name.py
[2024-12-06T22:06:46.230+0000] {logging_mixin.py:190} INFO - [2024-12-06T22:06:46.230+0000] {dag.py:3239} INFO - Sync 1 DAGs
[2024-12-06T22:06:46.256+0000] {logging_mixin.py:190} INFO - [2024-12-06T22:06:46.256+0000] {dag.py:4180} INFO - Setting next_dagrun for example_display_name to None, run_after=None
[2024-12-06T22:06:46.289+0000] {processor.py:208} INFO - Processing /home/airflow/.local/lib/python3.12/site-packages/airflow/example_dags/example_display_name.py took 0.125 seconds
[2024-12-06T22:07:17.883+0000] {processor.py:186} INFO - Started process (PID=3292) to work on /home/airflow/.local/lib/python3.12/site-packages/airflow/example_dags/example_display_name.py
[2024-12-06T22:07:17.885+0000] {processor.py:914} INFO - Processing file /home/airflow/.local/lib/python3.12/site-packages/airflow/example_dags/example_display_name.py for tasks to queue
[2024-12-06T22:07:17.889+0000] {logging_mixin.py:190} INFO - [2024-12-06T22:07:17.889+0000] {dagbag.py:588} INFO - Filling up the DagBag from /home/airflow/.local/lib/python3.12/site-packages/airflow/example_dags/example_display_name.py
[2024-12-06T22:07:17.903+0000] {processor.py:925} INFO - DAG(s) 'example_display_name' retrieved from /home/airflow/.local/lib/python3.12/site-packages/airflow/example_dags/example_display_name.py
[2024-12-06T22:07:17.935+0000] {logging_mixin.py:190} INFO - [2024-12-06T22:07:17.935+0000] {dag.py:3239} INFO - Sync 1 DAGs
[2024-12-06T22:07:17.960+0000] {logging_mixin.py:190} INFO - [2024-12-06T22:07:17.960+0000] {dag.py:4180} INFO - Setting next_dagrun for example_display_name to None, run_after=None
[2024-12-06T22:07:18.249+0000] {processor.py:208} INFO - Processing /home/airflow/.local/lib/python3.12/site-packages/airflow/example_dags/example_display_name.py took 0.377 seconds
[2024-12-06T22:07:49.122+0000] {processor.py:186} INFO - Started process (PID=3353) to work on /home/airflow/.local/lib/python3.12/site-packages/airflow/example_dags/example_display_name.py
[2024-12-06T22:07:49.124+0000] {processor.py:914} INFO - Processing file /home/airflow/.local/lib/python3.12/site-packages/airflow/example_dags/example_display_name.py for tasks to queue
[2024-12-06T22:07:49.128+0000] {logging_mixin.py:190} INFO - [2024-12-06T22:07:49.128+0000] {dagbag.py:588} INFO - Filling up the DagBag from /home/airflow/.local/lib/python3.12/site-packages/airflow/example_dags/example_display_name.py
[2024-12-06T22:07:49.147+0000] {processor.py:925} INFO - DAG(s) 'example_display_name' retrieved from /home/airflow/.local/lib/python3.12/site-packages/airflow/example_dags/example_display_name.py
[2024-12-06T22:07:49.188+0000] {logging_mixin.py:190} INFO - [2024-12-06T22:07:49.187+0000] {dag.py:3239} INFO - Sync 1 DAGs
[2024-12-06T22:07:49.222+0000] {logging_mixin.py:190} INFO - [2024-12-06T22:07:49.222+0000] {dag.py:4180} INFO - Setting next_dagrun for example_display_name to None, run_after=None
[2024-12-06T22:07:49.261+0000] {processor.py:208} INFO - Processing /home/airflow/.local/lib/python3.12/site-packages/airflow/example_dags/example_display_name.py took 0.151 seconds
[2024-12-06T22:08:19.634+0000] {processor.py:186} INFO - Started process (PID=3408) to work on /home/airflow/.local/lib/python3.12/site-packages/airflow/example_dags/example_display_name.py
[2024-12-06T22:08:19.635+0000] {processor.py:914} INFO - Processing file /home/airflow/.local/lib/python3.12/site-packages/airflow/example_dags/example_display_name.py for tasks to queue
[2024-12-06T22:08:19.639+0000] {logging_mixin.py:190} INFO - [2024-12-06T22:08:19.639+0000] {dagbag.py:588} INFO - Filling up the DagBag from /home/airflow/.local/lib/python3.12/site-packages/airflow/example_dags/example_display_name.py
[2024-12-06T22:08:19.651+0000] {processor.py:925} INFO - DAG(s) 'example_display_name' retrieved from /home/airflow/.local/lib/python3.12/site-packages/airflow/example_dags/example_display_name.py
[2024-12-06T22:08:19.682+0000] {logging_mixin.py:190} INFO - [2024-12-06T22:08:19.681+0000] {dag.py:3239} INFO - Sync 1 DAGs
[2024-12-06T22:08:19.703+0000] {logging_mixin.py:190} INFO - [2024-12-06T22:08:19.702+0000] {dag.py:4180} INFO - Setting next_dagrun for example_display_name to None, run_after=None
[2024-12-06T22:08:19.730+0000] {processor.py:208} INFO - Processing /home/airflow/.local/lib/python3.12/site-packages/airflow/example_dags/example_display_name.py took 0.104 seconds
[2024-12-06T22:08:53.540+0000] {processor.py:186} INFO - Started process (PID=3478) to work on /home/airflow/.local/lib/python3.12/site-packages/airflow/example_dags/example_display_name.py
[2024-12-06T22:08:53.542+0000] {processor.py:914} INFO - Processing file /home/airflow/.local/lib/python3.12/site-packages/airflow/example_dags/example_display_name.py for tasks to queue
[2024-12-06T22:08:53.548+0000] {logging_mixin.py:190} INFO - [2024-12-06T22:08:53.547+0000] {dagbag.py:588} INFO - Filling up the DagBag from /home/airflow/.local/lib/python3.12/site-packages/airflow/example_dags/example_display_name.py
[2024-12-06T22:08:53.569+0000] {processor.py:925} INFO - DAG(s) 'example_display_name' retrieved from /home/airflow/.local/lib/python3.12/site-packages/airflow/example_dags/example_display_name.py
[2024-12-06T22:08:53.616+0000] {logging_mixin.py:190} INFO - [2024-12-06T22:08:53.616+0000] {dag.py:3239} INFO - Sync 1 DAGs
[2024-12-06T22:08:53.994+0000] {logging_mixin.py:190} INFO - [2024-12-06T22:08:53.993+0000] {dag.py:4180} INFO - Setting next_dagrun for example_display_name to None, run_after=None
[2024-12-06T22:08:54.029+0000] {processor.py:208} INFO - Processing /home/airflow/.local/lib/python3.12/site-packages/airflow/example_dags/example_display_name.py took 0.502 seconds
[2024-12-06T22:09:24.152+0000] {processor.py:186} INFO - Started process (PID=3541) to work on /home/airflow/.local/lib/python3.12/site-packages/airflow/example_dags/example_display_name.py
[2024-12-06T22:09:24.153+0000] {processor.py:914} INFO - Processing file /home/airflow/.local/lib/python3.12/site-packages/airflow/example_dags/example_display_name.py for tasks to queue
[2024-12-06T22:09:24.158+0000] {logging_mixin.py:190} INFO - [2024-12-06T22:09:24.156+0000] {dagbag.py:588} INFO - Filling up the DagBag from /home/airflow/.local/lib/python3.12/site-packages/airflow/example_dags/example_display_name.py
[2024-12-06T22:09:24.170+0000] {processor.py:925} INFO - DAG(s) 'example_display_name' retrieved from /home/airflow/.local/lib/python3.12/site-packages/airflow/example_dags/example_display_name.py
[2024-12-06T22:09:24.202+0000] {logging_mixin.py:190} INFO - [2024-12-06T22:09:24.201+0000] {dag.py:3239} INFO - Sync 1 DAGs
[2024-12-06T22:09:24.231+0000] {logging_mixin.py:190} INFO - [2024-12-06T22:09:24.230+0000] {dag.py:4180} INFO - Setting next_dagrun for example_display_name to None, run_after=None
[2024-12-06T22:09:24.264+0000] {processor.py:208} INFO - Processing /home/airflow/.local/lib/python3.12/site-packages/airflow/example_dags/example_display_name.py took 0.125 seconds
[2024-12-06T22:09:54.694+0000] {processor.py:186} INFO - Started process (PID=3604) to work on /home/airflow/.local/lib/python3.12/site-packages/airflow/example_dags/example_display_name.py
[2024-12-06T22:09:54.696+0000] {processor.py:914} INFO - Processing file /home/airflow/.local/lib/python3.12/site-packages/airflow/example_dags/example_display_name.py for tasks to queue
[2024-12-06T22:09:54.701+0000] {logging_mixin.py:190} INFO - [2024-12-06T22:09:54.700+0000] {dagbag.py:588} INFO - Filling up the DagBag from /home/airflow/.local/lib/python3.12/site-packages/airflow/example_dags/example_display_name.py
[2024-12-06T22:09:54.716+0000] {processor.py:925} INFO - DAG(s) 'example_display_name' retrieved from /home/airflow/.local/lib/python3.12/site-packages/airflow/example_dags/example_display_name.py
[2024-12-06T22:09:54.751+0000] {logging_mixin.py:190} INFO - [2024-12-06T22:09:54.750+0000] {dag.py:3239} INFO - Sync 1 DAGs
[2024-12-06T22:09:54.779+0000] {logging_mixin.py:190} INFO - [2024-12-06T22:09:54.779+0000] {dag.py:4180} INFO - Setting next_dagrun for example_display_name to None, run_after=None
[2024-12-06T22:09:54.813+0000] {processor.py:208} INFO - Processing /home/airflow/.local/lib/python3.12/site-packages/airflow/example_dags/example_display_name.py took 0.130 seconds
[2024-12-06T22:10:25.191+0000] {processor.py:186} INFO - Started process (PID=3664) to work on /home/airflow/.local/lib/python3.12/site-packages/airflow/example_dags/example_display_name.py
[2024-12-06T22:10:25.194+0000] {processor.py:914} INFO - Processing file /home/airflow/.local/lib/python3.12/site-packages/airflow/example_dags/example_display_name.py for tasks to queue
[2024-12-06T22:10:25.203+0000] {logging_mixin.py:190} INFO - [2024-12-06T22:10:25.202+0000] {dagbag.py:588} INFO - Filling up the DagBag from /home/airflow/.local/lib/python3.12/site-packages/airflow/example_dags/example_display_name.py
[2024-12-06T22:10:25.228+0000] {processor.py:925} INFO - DAG(s) 'example_display_name' retrieved from /home/airflow/.local/lib/python3.12/site-packages/airflow/example_dags/example_display_name.py
[2024-12-06T22:10:25.290+0000] {logging_mixin.py:190} INFO - [2024-12-06T22:10:25.289+0000] {dag.py:3239} INFO - Sync 1 DAGs
[2024-12-06T22:10:25.339+0000] {logging_mixin.py:190} INFO - [2024-12-06T22:10:25.338+0000] {dag.py:4180} INFO - Setting next_dagrun for example_display_name to None, run_after=None
[2024-12-06T22:10:25.397+0000] {processor.py:208} INFO - Processing /home/airflow/.local/lib/python3.12/site-packages/airflow/example_dags/example_display_name.py took 0.226 seconds
[2024-12-06T22:10:56.272+0000] {processor.py:186} INFO - Started process (PID=3727) to work on /home/airflow/.local/lib/python3.12/site-packages/airflow/example_dags/example_display_name.py
[2024-12-06T22:10:56.274+0000] {processor.py:914} INFO - Processing file /home/airflow/.local/lib/python3.12/site-packages/airflow/example_dags/example_display_name.py for tasks to queue
[2024-12-06T22:10:56.283+0000] {logging_mixin.py:190} INFO - [2024-12-06T22:10:56.280+0000] {dagbag.py:588} INFO - Filling up the DagBag from /home/airflow/.local/lib/python3.12/site-packages/airflow/example_dags/example_display_name.py
[2024-12-06T22:10:56.309+0000] {processor.py:925} INFO - DAG(s) 'example_display_name' retrieved from /home/airflow/.local/lib/python3.12/site-packages/airflow/example_dags/example_display_name.py
[2024-12-06T22:10:56.357+0000] {logging_mixin.py:190} INFO - [2024-12-06T22:10:56.356+0000] {dag.py:3239} INFO - Sync 1 DAGs
[2024-12-06T22:10:56.384+0000] {logging_mixin.py:190} INFO - [2024-12-06T22:10:56.384+0000] {dag.py:4180} INFO - Setting next_dagrun for example_display_name to None, run_after=None
[2024-12-06T22:10:56.409+0000] {processor.py:208} INFO - Processing /home/airflow/.local/lib/python3.12/site-packages/airflow/example_dags/example_display_name.py took 0.154 seconds
