[2024-12-06T21:40:57.209+0000] {processor.py:186} INFO - Started process (PID=109) to work on /home/airflow/.local/lib/python3.12/site-packages/airflow/example_dags/example_python_operator.py
[2024-12-06T21:40:57.211+0000] {processor.py:914} INFO - Processing file /home/airflow/.local/lib/python3.12/site-packages/airflow/example_dags/example_python_operator.py for tasks to queue
[2024-12-06T21:40:57.214+0000] {logging_mixin.py:190} INFO - [2024-12-06T21:40:57.214+0000] {dagbag.py:588} INFO - Filling up the DagBag from /home/airflow/.local/lib/python3.12/site-packages/airflow/example_dags/example_python_operator.py
[2024-12-06T21:40:57.238+0000] {processor.py:925} INFO - DAG(s) 'example_python_operator' retrieved from /home/airflow/.local/lib/python3.12/site-packages/airflow/example_dags/example_python_operator.py
[2024-12-06T21:40:57.391+0000] {logging_mixin.py:190} INFO - [2024-12-06T21:40:57.390+0000] {override.py:1911} INFO - Created Permission View: can edit on DAG:example_python_operator
[2024-12-06T21:40:57.406+0000] {logging_mixin.py:190} INFO - [2024-12-06T21:40:57.405+0000] {override.py:1911} INFO - Created Permission View: can delete on DAG:example_python_operator
[2024-12-06T21:40:57.415+0000] {logging_mixin.py:190} INFO - [2024-12-06T21:40:57.414+0000] {override.py:1911} INFO - Created Permission View: can read on DAG:example_python_operator
[2024-12-06T21:40:57.426+0000] {logging_mixin.py:190} INFO - [2024-12-06T21:40:57.425+0000] {override.py:1911} INFO - Created Permission View: menu access on DAG Run:example_python_operator
[2024-12-06T21:40:57.435+0000] {logging_mixin.py:190} INFO - [2024-12-06T21:40:57.435+0000] {override.py:1911} INFO - Created Permission View: can create on DAG Run:example_python_operator
[2024-12-06T21:40:57.444+0000] {logging_mixin.py:190} INFO - [2024-12-06T21:40:57.444+0000] {override.py:1911} INFO - Created Permission View: can delete on DAG Run:example_python_operator
[2024-12-06T21:40:57.453+0000] {logging_mixin.py:190} INFO - [2024-12-06T21:40:57.453+0000] {override.py:1911} INFO - Created Permission View: can read on DAG Run:example_python_operator
[2024-12-06T21:40:57.454+0000] {logging_mixin.py:190} INFO - [2024-12-06T21:40:57.454+0000] {dag.py:3239} INFO - Sync 1 DAGs
[2024-12-06T21:40:57.470+0000] {logging_mixin.py:190} INFO - [2024-12-06T21:40:57.470+0000] {dag.py:3262} INFO - Creating ORM DAG for example_python_operator
[2024-12-06T21:40:57.472+0000] {logging_mixin.py:190} INFO - [2024-12-06T21:40:57.471+0000] {dag.py:4180} INFO - Setting next_dagrun for example_python_operator to None, run_after=None
[2024-12-06T21:40:57.492+0000] {processor.py:208} INFO - Processing /home/airflow/.local/lib/python3.12/site-packages/airflow/example_dags/example_python_operator.py took 0.290 seconds
[2024-12-06T21:41:28.146+0000] {processor.py:186} INFO - Started process (PID=172) to work on /home/airflow/.local/lib/python3.12/site-packages/airflow/example_dags/example_python_operator.py
[2024-12-06T21:41:28.147+0000] {processor.py:914} INFO - Processing file /home/airflow/.local/lib/python3.12/site-packages/airflow/example_dags/example_python_operator.py for tasks to queue
[2024-12-06T21:41:28.151+0000] {logging_mixin.py:190} INFO - [2024-12-06T21:41:28.150+0000] {dagbag.py:588} INFO - Filling up the DagBag from /home/airflow/.local/lib/python3.12/site-packages/airflow/example_dags/example_python_operator.py
[2024-12-06T21:41:28.166+0000] {processor.py:925} INFO - DAG(s) 'example_python_operator' retrieved from /home/airflow/.local/lib/python3.12/site-packages/airflow/example_dags/example_python_operator.py
[2024-12-06T21:41:28.194+0000] {logging_mixin.py:190} INFO - [2024-12-06T21:41:28.194+0000] {dag.py:3239} INFO - Sync 1 DAGs
[2024-12-06T21:41:28.214+0000] {logging_mixin.py:190} INFO - [2024-12-06T21:41:28.213+0000] {dag.py:4180} INFO - Setting next_dagrun for example_python_operator to None, run_after=None
[2024-12-06T21:41:28.237+0000] {processor.py:208} INFO - Processing /home/airflow/.local/lib/python3.12/site-packages/airflow/example_dags/example_python_operator.py took 0.099 seconds
[2024-12-06T21:41:59.058+0000] {processor.py:186} INFO - Started process (PID=235) to work on /home/airflow/.local/lib/python3.12/site-packages/airflow/example_dags/example_python_operator.py
[2024-12-06T21:41:59.060+0000] {processor.py:914} INFO - Processing file /home/airflow/.local/lib/python3.12/site-packages/airflow/example_dags/example_python_operator.py for tasks to queue
[2024-12-06T21:41:59.062+0000] {logging_mixin.py:190} INFO - [2024-12-06T21:41:59.062+0000] {dagbag.py:588} INFO - Filling up the DagBag from /home/airflow/.local/lib/python3.12/site-packages/airflow/example_dags/example_python_operator.py
[2024-12-06T21:41:59.077+0000] {processor.py:925} INFO - DAG(s) 'example_python_operator' retrieved from /home/airflow/.local/lib/python3.12/site-packages/airflow/example_dags/example_python_operator.py
[2024-12-06T21:41:59.105+0000] {logging_mixin.py:190} INFO - [2024-12-06T21:41:59.105+0000] {dag.py:3239} INFO - Sync 1 DAGs
[2024-12-06T21:41:59.122+0000] {logging_mixin.py:190} INFO - [2024-12-06T21:41:59.122+0000] {dag.py:4180} INFO - Setting next_dagrun for example_python_operator to None, run_after=None
[2024-12-06T21:41:59.144+0000] {processor.py:208} INFO - Processing /home/airflow/.local/lib/python3.12/site-packages/airflow/example_dags/example_python_operator.py took 0.093 seconds
[2024-12-06T21:42:30.195+0000] {processor.py:186} INFO - Started process (PID=298) to work on /home/airflow/.local/lib/python3.12/site-packages/airflow/example_dags/example_python_operator.py
[2024-12-06T21:42:30.198+0000] {processor.py:914} INFO - Processing file /home/airflow/.local/lib/python3.12/site-packages/airflow/example_dags/example_python_operator.py for tasks to queue
[2024-12-06T21:42:30.201+0000] {logging_mixin.py:190} INFO - [2024-12-06T21:42:30.201+0000] {dagbag.py:588} INFO - Filling up the DagBag from /home/airflow/.local/lib/python3.12/site-packages/airflow/example_dags/example_python_operator.py
[2024-12-06T21:42:30.220+0000] {processor.py:925} INFO - DAG(s) 'example_python_operator' retrieved from /home/airflow/.local/lib/python3.12/site-packages/airflow/example_dags/example_python_operator.py
[2024-12-06T21:42:30.251+0000] {logging_mixin.py:190} INFO - [2024-12-06T21:42:30.250+0000] {dag.py:3239} INFO - Sync 1 DAGs
[2024-12-06T21:42:30.270+0000] {logging_mixin.py:190} INFO - [2024-12-06T21:42:30.270+0000] {dag.py:4180} INFO - Setting next_dagrun for example_python_operator to None, run_after=None
[2024-12-06T21:42:30.293+0000] {processor.py:208} INFO - Processing /home/airflow/.local/lib/python3.12/site-packages/airflow/example_dags/example_python_operator.py took 0.106 seconds
[2024-12-06T21:43:00.525+0000] {processor.py:186} INFO - Started process (PID=361) to work on /home/airflow/.local/lib/python3.12/site-packages/airflow/example_dags/example_python_operator.py
[2024-12-06T21:43:00.526+0000] {processor.py:914} INFO - Processing file /home/airflow/.local/lib/python3.12/site-packages/airflow/example_dags/example_python_operator.py for tasks to queue
[2024-12-06T21:43:00.529+0000] {logging_mixin.py:190} INFO - [2024-12-06T21:43:00.529+0000] {dagbag.py:588} INFO - Filling up the DagBag from /home/airflow/.local/lib/python3.12/site-packages/airflow/example_dags/example_python_operator.py
[2024-12-06T21:43:00.547+0000] {processor.py:925} INFO - DAG(s) 'example_python_operator' retrieved from /home/airflow/.local/lib/python3.12/site-packages/airflow/example_dags/example_python_operator.py
[2024-12-06T21:43:00.581+0000] {logging_mixin.py:190} INFO - [2024-12-06T21:43:00.580+0000] {dag.py:3239} INFO - Sync 1 DAGs
[2024-12-06T21:43:00.605+0000] {logging_mixin.py:190} INFO - [2024-12-06T21:43:00.605+0000] {dag.py:4180} INFO - Setting next_dagrun for example_python_operator to None, run_after=None
[2024-12-06T21:43:00.629+0000] {processor.py:208} INFO - Processing /home/airflow/.local/lib/python3.12/site-packages/airflow/example_dags/example_python_operator.py took 0.112 seconds
[2024-12-06T21:43:32.357+0000] {processor.py:186} INFO - Started process (PID=424) to work on /home/airflow/.local/lib/python3.12/site-packages/airflow/example_dags/example_python_operator.py
[2024-12-06T21:43:32.359+0000] {processor.py:914} INFO - Processing file /home/airflow/.local/lib/python3.12/site-packages/airflow/example_dags/example_python_operator.py for tasks to queue
[2024-12-06T21:43:32.362+0000] {logging_mixin.py:190} INFO - [2024-12-06T21:43:32.361+0000] {dagbag.py:588} INFO - Filling up the DagBag from /home/airflow/.local/lib/python3.12/site-packages/airflow/example_dags/example_python_operator.py
[2024-12-06T21:43:32.378+0000] {processor.py:925} INFO - DAG(s) 'example_python_operator' retrieved from /home/airflow/.local/lib/python3.12/site-packages/airflow/example_dags/example_python_operator.py
[2024-12-06T21:43:32.407+0000] {logging_mixin.py:190} INFO - [2024-12-06T21:43:32.407+0000] {dag.py:3239} INFO - Sync 1 DAGs
[2024-12-06T21:43:32.425+0000] {logging_mixin.py:190} INFO - [2024-12-06T21:43:32.425+0000] {dag.py:4180} INFO - Setting next_dagrun for example_python_operator to None, run_after=None
[2024-12-06T21:43:32.450+0000] {processor.py:208} INFO - Processing /home/airflow/.local/lib/python3.12/site-packages/airflow/example_dags/example_python_operator.py took 0.102 seconds
[2024-12-06T21:44:03.278+0000] {processor.py:186} INFO - Started process (PID=487) to work on /home/airflow/.local/lib/python3.12/site-packages/airflow/example_dags/example_python_operator.py
[2024-12-06T21:44:03.279+0000] {processor.py:914} INFO - Processing file /home/airflow/.local/lib/python3.12/site-packages/airflow/example_dags/example_python_operator.py for tasks to queue
[2024-12-06T21:44:03.282+0000] {logging_mixin.py:190} INFO - [2024-12-06T21:44:03.282+0000] {dagbag.py:588} INFO - Filling up the DagBag from /home/airflow/.local/lib/python3.12/site-packages/airflow/example_dags/example_python_operator.py
[2024-12-06T21:44:03.298+0000] {processor.py:925} INFO - DAG(s) 'example_python_operator' retrieved from /home/airflow/.local/lib/python3.12/site-packages/airflow/example_dags/example_python_operator.py
[2024-12-06T21:44:03.328+0000] {logging_mixin.py:190} INFO - [2024-12-06T21:44:03.327+0000] {dag.py:3239} INFO - Sync 1 DAGs
[2024-12-06T21:44:03.347+0000] {logging_mixin.py:190} INFO - [2024-12-06T21:44:03.347+0000] {dag.py:4180} INFO - Setting next_dagrun for example_python_operator to None, run_after=None
[2024-12-06T21:44:03.372+0000] {processor.py:208} INFO - Processing /home/airflow/.local/lib/python3.12/site-packages/airflow/example_dags/example_python_operator.py took 0.103 seconds
[2024-12-06T21:44:35.310+0000] {processor.py:186} INFO - Started process (PID=550) to work on /home/airflow/.local/lib/python3.12/site-packages/airflow/example_dags/example_python_operator.py
[2024-12-06T21:44:35.312+0000] {processor.py:914} INFO - Processing file /home/airflow/.local/lib/python3.12/site-packages/airflow/example_dags/example_python_operator.py for tasks to queue
[2024-12-06T21:44:35.315+0000] {logging_mixin.py:190} INFO - [2024-12-06T21:44:35.315+0000] {dagbag.py:588} INFO - Filling up the DagBag from /home/airflow/.local/lib/python3.12/site-packages/airflow/example_dags/example_python_operator.py
[2024-12-06T21:44:35.332+0000] {processor.py:925} INFO - DAG(s) 'example_python_operator' retrieved from /home/airflow/.local/lib/python3.12/site-packages/airflow/example_dags/example_python_operator.py
[2024-12-06T21:44:35.364+0000] {logging_mixin.py:190} INFO - [2024-12-06T21:44:35.364+0000] {dag.py:3239} INFO - Sync 1 DAGs
[2024-12-06T21:44:35.384+0000] {logging_mixin.py:190} INFO - [2024-12-06T21:44:35.384+0000] {dag.py:4180} INFO - Setting next_dagrun for example_python_operator to None, run_after=None
[2024-12-06T21:44:35.413+0000] {processor.py:208} INFO - Processing /home/airflow/.local/lib/python3.12/site-packages/airflow/example_dags/example_python_operator.py took 0.110 seconds
[2024-12-06T21:45:06.148+0000] {processor.py:186} INFO - Started process (PID=613) to work on /home/airflow/.local/lib/python3.12/site-packages/airflow/example_dags/example_python_operator.py
[2024-12-06T21:45:06.149+0000] {processor.py:914} INFO - Processing file /home/airflow/.local/lib/python3.12/site-packages/airflow/example_dags/example_python_operator.py for tasks to queue
[2024-12-06T21:45:06.152+0000] {logging_mixin.py:190} INFO - [2024-12-06T21:45:06.152+0000] {dagbag.py:588} INFO - Filling up the DagBag from /home/airflow/.local/lib/python3.12/site-packages/airflow/example_dags/example_python_operator.py
[2024-12-06T21:45:06.169+0000] {processor.py:925} INFO - DAG(s) 'example_python_operator' retrieved from /home/airflow/.local/lib/python3.12/site-packages/airflow/example_dags/example_python_operator.py
[2024-12-06T21:45:06.198+0000] {logging_mixin.py:190} INFO - [2024-12-06T21:45:06.198+0000] {dag.py:3239} INFO - Sync 1 DAGs
[2024-12-06T21:45:06.218+0000] {logging_mixin.py:190} INFO - [2024-12-06T21:45:06.217+0000] {dag.py:4180} INFO - Setting next_dagrun for example_python_operator to None, run_after=None
[2024-12-06T21:45:06.240+0000] {processor.py:208} INFO - Processing /home/airflow/.local/lib/python3.12/site-packages/airflow/example_dags/example_python_operator.py took 0.100 seconds
[2024-12-06T21:45:37.895+0000] {processor.py:186} INFO - Started process (PID=677) to work on /home/airflow/.local/lib/python3.12/site-packages/airflow/example_dags/example_python_operator.py
[2024-12-06T21:45:37.897+0000] {processor.py:914} INFO - Processing file /home/airflow/.local/lib/python3.12/site-packages/airflow/example_dags/example_python_operator.py for tasks to queue
[2024-12-06T21:45:37.901+0000] {logging_mixin.py:190} INFO - [2024-12-06T21:45:37.900+0000] {dagbag.py:588} INFO - Filling up the DagBag from /home/airflow/.local/lib/python3.12/site-packages/airflow/example_dags/example_python_operator.py
[2024-12-06T21:45:37.919+0000] {processor.py:925} INFO - DAG(s) 'example_python_operator' retrieved from /home/airflow/.local/lib/python3.12/site-packages/airflow/example_dags/example_python_operator.py
[2024-12-06T21:45:37.952+0000] {logging_mixin.py:190} INFO - [2024-12-06T21:45:37.952+0000] {dag.py:3239} INFO - Sync 1 DAGs
[2024-12-06T21:45:37.973+0000] {logging_mixin.py:190} INFO - [2024-12-06T21:45:37.973+0000] {dag.py:4180} INFO - Setting next_dagrun for example_python_operator to None, run_after=None
[2024-12-06T21:45:38.002+0000] {processor.py:208} INFO - Processing /home/airflow/.local/lib/python3.12/site-packages/airflow/example_dags/example_python_operator.py took 0.115 seconds
[2024-12-06T21:46:08.881+0000] {processor.py:186} INFO - Started process (PID=740) to work on /home/airflow/.local/lib/python3.12/site-packages/airflow/example_dags/example_python_operator.py
[2024-12-06T21:46:08.882+0000] {processor.py:914} INFO - Processing file /home/airflow/.local/lib/python3.12/site-packages/airflow/example_dags/example_python_operator.py for tasks to queue
[2024-12-06T21:46:08.886+0000] {logging_mixin.py:190} INFO - [2024-12-06T21:46:08.885+0000] {dagbag.py:588} INFO - Filling up the DagBag from /home/airflow/.local/lib/python3.12/site-packages/airflow/example_dags/example_python_operator.py
[2024-12-06T21:46:08.901+0000] {processor.py:925} INFO - DAG(s) 'example_python_operator' retrieved from /home/airflow/.local/lib/python3.12/site-packages/airflow/example_dags/example_python_operator.py
[2024-12-06T21:46:08.931+0000] {logging_mixin.py:190} INFO - [2024-12-06T21:46:08.930+0000] {dag.py:3239} INFO - Sync 1 DAGs
[2024-12-06T21:46:08.950+0000] {logging_mixin.py:190} INFO - [2024-12-06T21:46:08.950+0000] {dag.py:4180} INFO - Setting next_dagrun for example_python_operator to None, run_after=None
[2024-12-06T21:46:08.974+0000] {processor.py:208} INFO - Processing /home/airflow/.local/lib/python3.12/site-packages/airflow/example_dags/example_python_operator.py took 0.101 seconds
[2024-12-06T21:46:41.390+0000] {processor.py:186} INFO - Started process (PID=808) to work on /home/airflow/.local/lib/python3.12/site-packages/airflow/example_dags/example_python_operator.py
[2024-12-06T21:46:41.391+0000] {processor.py:914} INFO - Processing file /home/airflow/.local/lib/python3.12/site-packages/airflow/example_dags/example_python_operator.py for tasks to queue
[2024-12-06T21:46:41.394+0000] {logging_mixin.py:190} INFO - [2024-12-06T21:46:41.394+0000] {dagbag.py:588} INFO - Filling up the DagBag from /home/airflow/.local/lib/python3.12/site-packages/airflow/example_dags/example_python_operator.py
[2024-12-06T21:46:41.410+0000] {processor.py:925} INFO - DAG(s) 'example_python_operator' retrieved from /home/airflow/.local/lib/python3.12/site-packages/airflow/example_dags/example_python_operator.py
[2024-12-06T21:46:41.440+0000] {logging_mixin.py:190} INFO - [2024-12-06T21:46:41.439+0000] {dag.py:3239} INFO - Sync 1 DAGs
[2024-12-06T21:46:41.460+0000] {logging_mixin.py:190} INFO - [2024-12-06T21:46:41.460+0000] {dag.py:4180} INFO - Setting next_dagrun for example_python_operator to None, run_after=None
[2024-12-06T21:46:41.484+0000] {processor.py:208} INFO - Processing /home/airflow/.local/lib/python3.12/site-packages/airflow/example_dags/example_python_operator.py took 0.102 seconds
[2024-12-06T21:47:13.723+0000] {processor.py:186} INFO - Started process (PID=876) to work on /home/airflow/.local/lib/python3.12/site-packages/airflow/example_dags/example_python_operator.py
[2024-12-06T21:47:13.725+0000] {processor.py:914} INFO - Processing file /home/airflow/.local/lib/python3.12/site-packages/airflow/example_dags/example_python_operator.py for tasks to queue
[2024-12-06T21:47:13.730+0000] {logging_mixin.py:190} INFO - [2024-12-06T21:47:13.730+0000] {dagbag.py:588} INFO - Filling up the DagBag from /home/airflow/.local/lib/python3.12/site-packages/airflow/example_dags/example_python_operator.py
[2024-12-06T21:47:13.757+0000] {processor.py:925} INFO - DAG(s) 'example_python_operator' retrieved from /home/airflow/.local/lib/python3.12/site-packages/airflow/example_dags/example_python_operator.py
[2024-12-06T21:47:13.808+0000] {logging_mixin.py:190} INFO - [2024-12-06T21:47:13.807+0000] {dag.py:3239} INFO - Sync 1 DAGs
[2024-12-06T21:47:13.842+0000] {logging_mixin.py:190} INFO - [2024-12-06T21:47:13.842+0000] {dag.py:4180} INFO - Setting next_dagrun for example_python_operator to None, run_after=None
[2024-12-06T21:47:13.880+0000] {processor.py:208} INFO - Processing /home/airflow/.local/lib/python3.12/site-packages/airflow/example_dags/example_python_operator.py took 0.170 seconds
[2024-12-06T21:47:45.123+0000] {processor.py:186} INFO - Started process (PID=939) to work on /home/airflow/.local/lib/python3.12/site-packages/airflow/example_dags/example_python_operator.py
[2024-12-06T21:47:45.124+0000] {processor.py:914} INFO - Processing file /home/airflow/.local/lib/python3.12/site-packages/airflow/example_dags/example_python_operator.py for tasks to queue
[2024-12-06T21:47:45.128+0000] {logging_mixin.py:190} INFO - [2024-12-06T21:47:45.127+0000] {dagbag.py:588} INFO - Filling up the DagBag from /home/airflow/.local/lib/python3.12/site-packages/airflow/example_dags/example_python_operator.py
[2024-12-06T21:47:45.150+0000] {processor.py:925} INFO - DAG(s) 'example_python_operator' retrieved from /home/airflow/.local/lib/python3.12/site-packages/airflow/example_dags/example_python_operator.py
[2024-12-06T21:47:45.180+0000] {logging_mixin.py:190} INFO - [2024-12-06T21:47:45.180+0000] {dag.py:3239} INFO - Sync 1 DAGs
[2024-12-06T21:47:45.201+0000] {logging_mixin.py:190} INFO - [2024-12-06T21:47:45.201+0000] {dag.py:4180} INFO - Setting next_dagrun for example_python_operator to None, run_after=None
[2024-12-06T21:47:45.225+0000] {processor.py:208} INFO - Processing /home/airflow/.local/lib/python3.12/site-packages/airflow/example_dags/example_python_operator.py took 0.111 seconds
[2024-12-06T21:48:16.846+0000] {processor.py:186} INFO - Started process (PID=1008) to work on /home/airflow/.local/lib/python3.12/site-packages/airflow/example_dags/example_python_operator.py
[2024-12-06T21:48:16.848+0000] {processor.py:914} INFO - Processing file /home/airflow/.local/lib/python3.12/site-packages/airflow/example_dags/example_python_operator.py for tasks to queue
[2024-12-06T21:48:16.853+0000] {logging_mixin.py:190} INFO - [2024-12-06T21:48:16.852+0000] {dagbag.py:588} INFO - Filling up the DagBag from /home/airflow/.local/lib/python3.12/site-packages/airflow/example_dags/example_python_operator.py
[2024-12-06T21:48:16.872+0000] {processor.py:925} INFO - DAG(s) 'example_python_operator' retrieved from /home/airflow/.local/lib/python3.12/site-packages/airflow/example_dags/example_python_operator.py
[2024-12-06T21:48:16.908+0000] {logging_mixin.py:190} INFO - [2024-12-06T21:48:16.908+0000] {dag.py:3239} INFO - Sync 1 DAGs
[2024-12-06T21:48:16.932+0000] {logging_mixin.py:190} INFO - [2024-12-06T21:48:16.931+0000] {dag.py:4180} INFO - Setting next_dagrun for example_python_operator to None, run_after=None
[2024-12-06T21:48:16.993+0000] {processor.py:208} INFO - Processing /home/airflow/.local/lib/python3.12/site-packages/airflow/example_dags/example_python_operator.py took 0.155 seconds
[2024-12-06T21:48:48.253+0000] {processor.py:186} INFO - Started process (PID=1071) to work on /home/airflow/.local/lib/python3.12/site-packages/airflow/example_dags/example_python_operator.py
[2024-12-06T21:48:48.255+0000] {processor.py:914} INFO - Processing file /home/airflow/.local/lib/python3.12/site-packages/airflow/example_dags/example_python_operator.py for tasks to queue
[2024-12-06T21:48:48.259+0000] {logging_mixin.py:190} INFO - [2024-12-06T21:48:48.259+0000] {dagbag.py:588} INFO - Filling up the DagBag from /home/airflow/.local/lib/python3.12/site-packages/airflow/example_dags/example_python_operator.py
[2024-12-06T21:48:48.280+0000] {processor.py:925} INFO - DAG(s) 'example_python_operator' retrieved from /home/airflow/.local/lib/python3.12/site-packages/airflow/example_dags/example_python_operator.py
[2024-12-06T21:48:48.316+0000] {logging_mixin.py:190} INFO - [2024-12-06T21:48:48.315+0000] {dag.py:3239} INFO - Sync 1 DAGs
[2024-12-06T21:48:48.341+0000] {logging_mixin.py:190} INFO - [2024-12-06T21:48:48.341+0000] {dag.py:4180} INFO - Setting next_dagrun for example_python_operator to None, run_after=None
[2024-12-06T21:48:48.373+0000] {processor.py:208} INFO - Processing /home/airflow/.local/lib/python3.12/site-packages/airflow/example_dags/example_python_operator.py took 0.129 seconds
[2024-12-06T21:49:20.272+0000] {processor.py:186} INFO - Started process (PID=1134) to work on /home/airflow/.local/lib/python3.12/site-packages/airflow/example_dags/example_python_operator.py
[2024-12-06T21:49:20.274+0000] {processor.py:914} INFO - Processing file /home/airflow/.local/lib/python3.12/site-packages/airflow/example_dags/example_python_operator.py for tasks to queue
[2024-12-06T21:49:20.278+0000] {logging_mixin.py:190} INFO - [2024-12-06T21:49:20.278+0000] {dagbag.py:588} INFO - Filling up the DagBag from /home/airflow/.local/lib/python3.12/site-packages/airflow/example_dags/example_python_operator.py
[2024-12-06T21:49:20.298+0000] {processor.py:925} INFO - DAG(s) 'example_python_operator' retrieved from /home/airflow/.local/lib/python3.12/site-packages/airflow/example_dags/example_python_operator.py
[2024-12-06T21:49:20.333+0000] {logging_mixin.py:190} INFO - [2024-12-06T21:49:20.333+0000] {dag.py:3239} INFO - Sync 1 DAGs
[2024-12-06T21:49:20.356+0000] {logging_mixin.py:190} INFO - [2024-12-06T21:49:20.356+0000] {dag.py:4180} INFO - Setting next_dagrun for example_python_operator to None, run_after=None
[2024-12-06T21:49:20.387+0000] {processor.py:208} INFO - Processing /home/airflow/.local/lib/python3.12/site-packages/airflow/example_dags/example_python_operator.py took 0.125 seconds
[2024-12-06T21:49:51.291+0000] {processor.py:186} INFO - Started process (PID=1197) to work on /home/airflow/.local/lib/python3.12/site-packages/airflow/example_dags/example_python_operator.py
[2024-12-06T21:49:51.293+0000] {processor.py:914} INFO - Processing file /home/airflow/.local/lib/python3.12/site-packages/airflow/example_dags/example_python_operator.py for tasks to queue
[2024-12-06T21:49:51.299+0000] {logging_mixin.py:190} INFO - [2024-12-06T21:49:51.298+0000] {dagbag.py:588} INFO - Filling up the DagBag from /home/airflow/.local/lib/python3.12/site-packages/airflow/example_dags/example_python_operator.py
[2024-12-06T21:49:51.321+0000] {processor.py:925} INFO - DAG(s) 'example_python_operator' retrieved from /home/airflow/.local/lib/python3.12/site-packages/airflow/example_dags/example_python_operator.py
[2024-12-06T21:49:51.359+0000] {logging_mixin.py:190} INFO - [2024-12-06T21:49:51.359+0000] {dag.py:3239} INFO - Sync 1 DAGs
[2024-12-06T21:49:51.381+0000] {logging_mixin.py:190} INFO - [2024-12-06T21:49:51.381+0000] {dag.py:4180} INFO - Setting next_dagrun for example_python_operator to None, run_after=None
[2024-12-06T21:49:51.410+0000] {processor.py:208} INFO - Processing /home/airflow/.local/lib/python3.12/site-packages/airflow/example_dags/example_python_operator.py took 0.129 seconds
[2024-12-06T21:50:23.523+0000] {processor.py:186} INFO - Started process (PID=1260) to work on /home/airflow/.local/lib/python3.12/site-packages/airflow/example_dags/example_python_operator.py
[2024-12-06T21:50:23.525+0000] {processor.py:914} INFO - Processing file /home/airflow/.local/lib/python3.12/site-packages/airflow/example_dags/example_python_operator.py for tasks to queue
[2024-12-06T21:50:23.530+0000] {logging_mixin.py:190} INFO - [2024-12-06T21:50:23.529+0000] {dagbag.py:588} INFO - Filling up the DagBag from /home/airflow/.local/lib/python3.12/site-packages/airflow/example_dags/example_python_operator.py
[2024-12-06T21:50:23.548+0000] {processor.py:925} INFO - DAG(s) 'example_python_operator' retrieved from /home/airflow/.local/lib/python3.12/site-packages/airflow/example_dags/example_python_operator.py
[2024-12-06T21:50:23.582+0000] {logging_mixin.py:190} INFO - [2024-12-06T21:50:23.582+0000] {dag.py:3239} INFO - Sync 1 DAGs
[2024-12-06T21:50:23.601+0000] {logging_mixin.py:190} INFO - [2024-12-06T21:50:23.601+0000] {dag.py:4180} INFO - Setting next_dagrun for example_python_operator to None, run_after=None
[2024-12-06T21:50:23.626+0000] {processor.py:208} INFO - Processing /home/airflow/.local/lib/python3.12/site-packages/airflow/example_dags/example_python_operator.py took 0.112 seconds
[2024-12-06T21:50:55.178+0000] {processor.py:186} INFO - Started process (PID=1323) to work on /home/airflow/.local/lib/python3.12/site-packages/airflow/example_dags/example_python_operator.py
[2024-12-06T21:50:55.181+0000] {processor.py:914} INFO - Processing file /home/airflow/.local/lib/python3.12/site-packages/airflow/example_dags/example_python_operator.py for tasks to queue
[2024-12-06T21:50:55.186+0000] {logging_mixin.py:190} INFO - [2024-12-06T21:50:55.186+0000] {dagbag.py:588} INFO - Filling up the DagBag from /home/airflow/.local/lib/python3.12/site-packages/airflow/example_dags/example_python_operator.py
[2024-12-06T21:50:55.215+0000] {processor.py:925} INFO - DAG(s) 'example_python_operator' retrieved from /home/airflow/.local/lib/python3.12/site-packages/airflow/example_dags/example_python_operator.py
[2024-12-06T21:50:55.264+0000] {logging_mixin.py:190} INFO - [2024-12-06T21:50:55.262+0000] {dag.py:3239} INFO - Sync 1 DAGs
[2024-12-06T21:50:55.287+0000] {logging_mixin.py:190} INFO - [2024-12-06T21:50:55.287+0000] {dag.py:4180} INFO - Setting next_dagrun for example_python_operator to None, run_after=None
[2024-12-06T21:50:55.318+0000] {processor.py:208} INFO - Processing /home/airflow/.local/lib/python3.12/site-packages/airflow/example_dags/example_python_operator.py took 0.149 seconds
[2024-12-06T21:51:26.995+0000] {processor.py:186} INFO - Started process (PID=1386) to work on /home/airflow/.local/lib/python3.12/site-packages/airflow/example_dags/example_python_operator.py
[2024-12-06T21:51:26.996+0000] {processor.py:914} INFO - Processing file /home/airflow/.local/lib/python3.12/site-packages/airflow/example_dags/example_python_operator.py for tasks to queue
[2024-12-06T21:51:27.002+0000] {logging_mixin.py:190} INFO - [2024-12-06T21:51:27.002+0000] {dagbag.py:588} INFO - Filling up the DagBag from /home/airflow/.local/lib/python3.12/site-packages/airflow/example_dags/example_python_operator.py
[2024-12-06T21:51:27.022+0000] {processor.py:925} INFO - DAG(s) 'example_python_operator' retrieved from /home/airflow/.local/lib/python3.12/site-packages/airflow/example_dags/example_python_operator.py
[2024-12-06T21:51:27.058+0000] {logging_mixin.py:190} INFO - [2024-12-06T21:51:27.058+0000] {dag.py:3239} INFO - Sync 1 DAGs
[2024-12-06T21:51:27.085+0000] {logging_mixin.py:190} INFO - [2024-12-06T21:51:27.084+0000] {dag.py:4180} INFO - Setting next_dagrun for example_python_operator to None, run_after=None
[2024-12-06T21:51:27.123+0000] {processor.py:208} INFO - Processing /home/airflow/.local/lib/python3.12/site-packages/airflow/example_dags/example_python_operator.py took 0.137 seconds
[2024-12-06T21:51:57.377+0000] {processor.py:186} INFO - Started process (PID=1449) to work on /home/airflow/.local/lib/python3.12/site-packages/airflow/example_dags/example_python_operator.py
[2024-12-06T21:51:57.379+0000] {processor.py:914} INFO - Processing file /home/airflow/.local/lib/python3.12/site-packages/airflow/example_dags/example_python_operator.py for tasks to queue
[2024-12-06T21:51:57.383+0000] {logging_mixin.py:190} INFO - [2024-12-06T21:51:57.382+0000] {dagbag.py:588} INFO - Filling up the DagBag from /home/airflow/.local/lib/python3.12/site-packages/airflow/example_dags/example_python_operator.py
[2024-12-06T21:51:57.407+0000] {processor.py:925} INFO - DAG(s) 'example_python_operator' retrieved from /home/airflow/.local/lib/python3.12/site-packages/airflow/example_dags/example_python_operator.py
[2024-12-06T21:51:57.445+0000] {logging_mixin.py:190} INFO - [2024-12-06T21:51:57.445+0000] {dag.py:3239} INFO - Sync 1 DAGs
[2024-12-06T21:51:57.470+0000] {logging_mixin.py:190} INFO - [2024-12-06T21:51:57.470+0000] {dag.py:4180} INFO - Setting next_dagrun for example_python_operator to None, run_after=None
[2024-12-06T21:51:57.499+0000] {processor.py:208} INFO - Processing /home/airflow/.local/lib/python3.12/site-packages/airflow/example_dags/example_python_operator.py took 0.133 seconds
[2024-12-06T21:52:28.340+0000] {processor.py:186} INFO - Started process (PID=1511) to work on /home/airflow/.local/lib/python3.12/site-packages/airflow/example_dags/example_python_operator.py
[2024-12-06T21:52:28.342+0000] {processor.py:914} INFO - Processing file /home/airflow/.local/lib/python3.12/site-packages/airflow/example_dags/example_python_operator.py for tasks to queue
[2024-12-06T21:52:28.346+0000] {logging_mixin.py:190} INFO - [2024-12-06T21:52:28.346+0000] {dagbag.py:588} INFO - Filling up the DagBag from /home/airflow/.local/lib/python3.12/site-packages/airflow/example_dags/example_python_operator.py
[2024-12-06T21:52:28.368+0000] {processor.py:925} INFO - DAG(s) 'example_python_operator' retrieved from /home/airflow/.local/lib/python3.12/site-packages/airflow/example_dags/example_python_operator.py
[2024-12-06T21:52:28.403+0000] {logging_mixin.py:190} INFO - [2024-12-06T21:52:28.403+0000] {dag.py:3239} INFO - Sync 1 DAGs
[2024-12-06T21:52:28.427+0000] {logging_mixin.py:190} INFO - [2024-12-06T21:52:28.426+0000] {dag.py:4180} INFO - Setting next_dagrun for example_python_operator to None, run_after=None
[2024-12-06T21:52:28.456+0000] {processor.py:208} INFO - Processing /home/airflow/.local/lib/python3.12/site-packages/airflow/example_dags/example_python_operator.py took 0.126 seconds
[2024-12-06T21:52:59.934+0000] {processor.py:186} INFO - Started process (PID=1574) to work on /home/airflow/.local/lib/python3.12/site-packages/airflow/example_dags/example_python_operator.py
[2024-12-06T21:52:59.935+0000] {processor.py:914} INFO - Processing file /home/airflow/.local/lib/python3.12/site-packages/airflow/example_dags/example_python_operator.py for tasks to queue
[2024-12-06T21:52:59.940+0000] {logging_mixin.py:190} INFO - [2024-12-06T21:52:59.939+0000] {dagbag.py:588} INFO - Filling up the DagBag from /home/airflow/.local/lib/python3.12/site-packages/airflow/example_dags/example_python_operator.py
[2024-12-06T21:52:59.965+0000] {processor.py:925} INFO - DAG(s) 'example_python_operator' retrieved from /home/airflow/.local/lib/python3.12/site-packages/airflow/example_dags/example_python_operator.py
[2024-12-06T21:53:00.007+0000] {logging_mixin.py:190} INFO - [2024-12-06T21:53:00.007+0000] {dag.py:3239} INFO - Sync 1 DAGs
[2024-12-06T21:53:00.036+0000] {logging_mixin.py:190} INFO - [2024-12-06T21:53:00.035+0000] {dag.py:4180} INFO - Setting next_dagrun for example_python_operator to None, run_after=None
[2024-12-06T21:53:00.070+0000] {processor.py:208} INFO - Processing /home/airflow/.local/lib/python3.12/site-packages/airflow/example_dags/example_python_operator.py took 0.149 seconds
[2024-12-06T21:53:31.171+0000] {processor.py:186} INFO - Started process (PID=1637) to work on /home/airflow/.local/lib/python3.12/site-packages/airflow/example_dags/example_python_operator.py
[2024-12-06T21:53:31.173+0000] {processor.py:914} INFO - Processing file /home/airflow/.local/lib/python3.12/site-packages/airflow/example_dags/example_python_operator.py for tasks to queue
[2024-12-06T21:53:31.177+0000] {logging_mixin.py:190} INFO - [2024-12-06T21:53:31.176+0000] {dagbag.py:588} INFO - Filling up the DagBag from /home/airflow/.local/lib/python3.12/site-packages/airflow/example_dags/example_python_operator.py
[2024-12-06T21:53:31.197+0000] {processor.py:925} INFO - DAG(s) 'example_python_operator' retrieved from /home/airflow/.local/lib/python3.12/site-packages/airflow/example_dags/example_python_operator.py
[2024-12-06T21:53:31.234+0000] {logging_mixin.py:190} INFO - [2024-12-06T21:53:31.234+0000] {dag.py:3239} INFO - Sync 1 DAGs
[2024-12-06T21:53:31.257+0000] {logging_mixin.py:190} INFO - [2024-12-06T21:53:31.256+0000] {dag.py:4180} INFO - Setting next_dagrun for example_python_operator to None, run_after=None
[2024-12-06T21:53:31.285+0000] {processor.py:208} INFO - Processing /home/airflow/.local/lib/python3.12/site-packages/airflow/example_dags/example_python_operator.py took 0.124 seconds
[2024-12-06T21:54:02.691+0000] {processor.py:186} INFO - Started process (PID=1700) to work on /home/airflow/.local/lib/python3.12/site-packages/airflow/example_dags/example_python_operator.py
[2024-12-06T21:54:02.693+0000] {processor.py:914} INFO - Processing file /home/airflow/.local/lib/python3.12/site-packages/airflow/example_dags/example_python_operator.py for tasks to queue
[2024-12-06T21:54:02.697+0000] {logging_mixin.py:190} INFO - [2024-12-06T21:54:02.696+0000] {dagbag.py:588} INFO - Filling up the DagBag from /home/airflow/.local/lib/python3.12/site-packages/airflow/example_dags/example_python_operator.py
[2024-12-06T21:54:02.721+0000] {processor.py:925} INFO - DAG(s) 'example_python_operator' retrieved from /home/airflow/.local/lib/python3.12/site-packages/airflow/example_dags/example_python_operator.py
[2024-12-06T21:54:02.759+0000] {logging_mixin.py:190} INFO - [2024-12-06T21:54:02.758+0000] {dag.py:3239} INFO - Sync 1 DAGs
[2024-12-06T21:54:02.786+0000] {logging_mixin.py:190} INFO - [2024-12-06T21:54:02.785+0000] {dag.py:4180} INFO - Setting next_dagrun for example_python_operator to None, run_after=None
[2024-12-06T21:54:02.816+0000] {processor.py:208} INFO - Processing /home/airflow/.local/lib/python3.12/site-packages/airflow/example_dags/example_python_operator.py took 0.136 seconds
[2024-12-06T21:54:34.577+0000] {processor.py:186} INFO - Started process (PID=1763) to work on /home/airflow/.local/lib/python3.12/site-packages/airflow/example_dags/example_python_operator.py
[2024-12-06T21:54:34.578+0000] {processor.py:914} INFO - Processing file /home/airflow/.local/lib/python3.12/site-packages/airflow/example_dags/example_python_operator.py for tasks to queue
[2024-12-06T21:54:34.582+0000] {logging_mixin.py:190} INFO - [2024-12-06T21:54:34.581+0000] {dagbag.py:588} INFO - Filling up the DagBag from /home/airflow/.local/lib/python3.12/site-packages/airflow/example_dags/example_python_operator.py
[2024-12-06T21:54:34.605+0000] {processor.py:925} INFO - DAG(s) 'example_python_operator' retrieved from /home/airflow/.local/lib/python3.12/site-packages/airflow/example_dags/example_python_operator.py
[2024-12-06T21:54:34.647+0000] {logging_mixin.py:190} INFO - [2024-12-06T21:54:34.647+0000] {dag.py:3239} INFO - Sync 1 DAGs
[2024-12-06T21:54:34.676+0000] {logging_mixin.py:190} INFO - [2024-12-06T21:54:34.675+0000] {dag.py:4180} INFO - Setting next_dagrun for example_python_operator to None, run_after=None
[2024-12-06T21:54:34.709+0000] {processor.py:208} INFO - Processing /home/airflow/.local/lib/python3.12/site-packages/airflow/example_dags/example_python_operator.py took 0.144 seconds
[2024-12-06T21:55:06.034+0000] {processor.py:186} INFO - Started process (PID=1826) to work on /home/airflow/.local/lib/python3.12/site-packages/airflow/example_dags/example_python_operator.py
[2024-12-06T21:55:06.036+0000] {processor.py:914} INFO - Processing file /home/airflow/.local/lib/python3.12/site-packages/airflow/example_dags/example_python_operator.py for tasks to queue
[2024-12-06T21:55:06.041+0000] {logging_mixin.py:190} INFO - [2024-12-06T21:55:06.041+0000] {dagbag.py:588} INFO - Filling up the DagBag from /home/airflow/.local/lib/python3.12/site-packages/airflow/example_dags/example_python_operator.py
[2024-12-06T21:55:06.063+0000] {processor.py:925} INFO - DAG(s) 'example_python_operator' retrieved from /home/airflow/.local/lib/python3.12/site-packages/airflow/example_dags/example_python_operator.py
[2024-12-06T21:55:06.102+0000] {logging_mixin.py:190} INFO - [2024-12-06T21:55:06.102+0000] {dag.py:3239} INFO - Sync 1 DAGs
[2024-12-06T21:55:06.130+0000] {logging_mixin.py:190} INFO - [2024-12-06T21:55:06.130+0000] {dag.py:4180} INFO - Setting next_dagrun for example_python_operator to None, run_after=None
[2024-12-06T21:55:06.163+0000] {processor.py:208} INFO - Processing /home/airflow/.local/lib/python3.12/site-packages/airflow/example_dags/example_python_operator.py took 0.138 seconds
[2024-12-06T21:55:38.049+0000] {processor.py:186} INFO - Started process (PID=1888) to work on /home/airflow/.local/lib/python3.12/site-packages/airflow/example_dags/example_python_operator.py
[2024-12-06T21:55:38.051+0000] {processor.py:914} INFO - Processing file /home/airflow/.local/lib/python3.12/site-packages/airflow/example_dags/example_python_operator.py for tasks to queue
[2024-12-06T21:55:38.055+0000] {logging_mixin.py:190} INFO - [2024-12-06T21:55:38.054+0000] {dagbag.py:588} INFO - Filling up the DagBag from /home/airflow/.local/lib/python3.12/site-packages/airflow/example_dags/example_python_operator.py
[2024-12-06T21:55:38.078+0000] {processor.py:925} INFO - DAG(s) 'example_python_operator' retrieved from /home/airflow/.local/lib/python3.12/site-packages/airflow/example_dags/example_python_operator.py
[2024-12-06T21:55:38.118+0000] {logging_mixin.py:190} INFO - [2024-12-06T21:55:38.118+0000] {dag.py:3239} INFO - Sync 1 DAGs
[2024-12-06T21:55:38.145+0000] {logging_mixin.py:190} INFO - [2024-12-06T21:55:38.145+0000] {dag.py:4180} INFO - Setting next_dagrun for example_python_operator to None, run_after=None
[2024-12-06T21:55:38.179+0000] {processor.py:208} INFO - Processing /home/airflow/.local/lib/python3.12/site-packages/airflow/example_dags/example_python_operator.py took 0.141 seconds
[2024-12-06T21:56:10.360+0000] {processor.py:186} INFO - Started process (PID=1956) to work on /home/airflow/.local/lib/python3.12/site-packages/airflow/example_dags/example_python_operator.py
[2024-12-06T21:56:10.364+0000] {processor.py:914} INFO - Processing file /home/airflow/.local/lib/python3.12/site-packages/airflow/example_dags/example_python_operator.py for tasks to queue
[2024-12-06T21:56:10.368+0000] {logging_mixin.py:190} INFO - [2024-12-06T21:56:10.367+0000] {dagbag.py:588} INFO - Filling up the DagBag from /home/airflow/.local/lib/python3.12/site-packages/airflow/example_dags/example_python_operator.py
[2024-12-06T21:56:10.387+0000] {processor.py:925} INFO - DAG(s) 'example_python_operator' retrieved from /home/airflow/.local/lib/python3.12/site-packages/airflow/example_dags/example_python_operator.py
[2024-12-06T21:56:10.425+0000] {logging_mixin.py:190} INFO - [2024-12-06T21:56:10.425+0000] {dag.py:3239} INFO - Sync 1 DAGs
[2024-12-06T21:56:10.454+0000] {logging_mixin.py:190} INFO - [2024-12-06T21:56:10.453+0000] {dag.py:4180} INFO - Setting next_dagrun for example_python_operator to None, run_after=None
[2024-12-06T21:56:10.486+0000] {processor.py:208} INFO - Processing /home/airflow/.local/lib/python3.12/site-packages/airflow/example_dags/example_python_operator.py took 0.137 seconds
[2024-12-06T21:56:41.367+0000] {processor.py:186} INFO - Started process (PID=2019) to work on /home/airflow/.local/lib/python3.12/site-packages/airflow/example_dags/example_python_operator.py
[2024-12-06T21:56:41.369+0000] {processor.py:914} INFO - Processing file /home/airflow/.local/lib/python3.12/site-packages/airflow/example_dags/example_python_operator.py for tasks to queue
[2024-12-06T21:56:41.372+0000] {logging_mixin.py:190} INFO - [2024-12-06T21:56:41.372+0000] {dagbag.py:588} INFO - Filling up the DagBag from /home/airflow/.local/lib/python3.12/site-packages/airflow/example_dags/example_python_operator.py
[2024-12-06T21:56:41.391+0000] {processor.py:925} INFO - DAG(s) 'example_python_operator' retrieved from /home/airflow/.local/lib/python3.12/site-packages/airflow/example_dags/example_python_operator.py
[2024-12-06T21:56:41.427+0000] {logging_mixin.py:190} INFO - [2024-12-06T21:56:41.426+0000] {dag.py:3239} INFO - Sync 1 DAGs
[2024-12-06T21:56:41.453+0000] {logging_mixin.py:190} INFO - [2024-12-06T21:56:41.453+0000] {dag.py:4180} INFO - Setting next_dagrun for example_python_operator to None, run_after=None
[2024-12-06T21:56:41.487+0000] {processor.py:208} INFO - Processing /home/airflow/.local/lib/python3.12/site-packages/airflow/example_dags/example_python_operator.py took 0.130 seconds
[2024-12-06T21:57:12.994+0000] {processor.py:186} INFO - Started process (PID=2083) to work on /home/airflow/.local/lib/python3.12/site-packages/airflow/example_dags/example_python_operator.py
[2024-12-06T21:57:12.996+0000] {processor.py:914} INFO - Processing file /home/airflow/.local/lib/python3.12/site-packages/airflow/example_dags/example_python_operator.py for tasks to queue
[2024-12-06T21:57:12.999+0000] {logging_mixin.py:190} INFO - [2024-12-06T21:57:12.998+0000] {dagbag.py:588} INFO - Filling up the DagBag from /home/airflow/.local/lib/python3.12/site-packages/airflow/example_dags/example_python_operator.py
[2024-12-06T21:57:13.017+0000] {processor.py:925} INFO - DAG(s) 'example_python_operator' retrieved from /home/airflow/.local/lib/python3.12/site-packages/airflow/example_dags/example_python_operator.py
[2024-12-06T21:57:13.049+0000] {logging_mixin.py:190} INFO - [2024-12-06T21:57:13.049+0000] {dag.py:3239} INFO - Sync 1 DAGs
[2024-12-06T21:57:13.071+0000] {logging_mixin.py:190} INFO - [2024-12-06T21:57:13.071+0000] {dag.py:4180} INFO - Setting next_dagrun for example_python_operator to None, run_after=None
[2024-12-06T21:57:13.098+0000] {processor.py:208} INFO - Processing /home/airflow/.local/lib/python3.12/site-packages/airflow/example_dags/example_python_operator.py took 0.114 seconds
[2024-12-06T21:57:43.868+0000] {processor.py:186} INFO - Started process (PID=2146) to work on /home/airflow/.local/lib/python3.12/site-packages/airflow/example_dags/example_python_operator.py
[2024-12-06T21:57:43.870+0000] {processor.py:914} INFO - Processing file /home/airflow/.local/lib/python3.12/site-packages/airflow/example_dags/example_python_operator.py for tasks to queue
[2024-12-06T21:57:43.875+0000] {logging_mixin.py:190} INFO - [2024-12-06T21:57:43.874+0000] {dagbag.py:588} INFO - Filling up the DagBag from /home/airflow/.local/lib/python3.12/site-packages/airflow/example_dags/example_python_operator.py
[2024-12-06T21:57:43.894+0000] {processor.py:925} INFO - DAG(s) 'example_python_operator' retrieved from /home/airflow/.local/lib/python3.12/site-packages/airflow/example_dags/example_python_operator.py
[2024-12-06T21:57:43.928+0000] {logging_mixin.py:190} INFO - [2024-12-06T21:57:43.928+0000] {dag.py:3239} INFO - Sync 1 DAGs
[2024-12-06T21:57:43.949+0000] {logging_mixin.py:190} INFO - [2024-12-06T21:57:43.949+0000] {dag.py:4180} INFO - Setting next_dagrun for example_python_operator to None, run_after=None
[2024-12-06T21:57:43.980+0000] {processor.py:208} INFO - Processing /home/airflow/.local/lib/python3.12/site-packages/airflow/example_dags/example_python_operator.py took 0.120 seconds
[2024-12-06T21:58:15.134+0000] {processor.py:186} INFO - Started process (PID=2208) to work on /home/airflow/.local/lib/python3.12/site-packages/airflow/example_dags/example_python_operator.py
[2024-12-06T21:58:15.135+0000] {processor.py:914} INFO - Processing file /home/airflow/.local/lib/python3.12/site-packages/airflow/example_dags/example_python_operator.py for tasks to queue
[2024-12-06T21:58:15.139+0000] {logging_mixin.py:190} INFO - [2024-12-06T21:58:15.139+0000] {dagbag.py:588} INFO - Filling up the DagBag from /home/airflow/.local/lib/python3.12/site-packages/airflow/example_dags/example_python_operator.py
[2024-12-06T21:58:15.162+0000] {processor.py:925} INFO - DAG(s) 'example_python_operator' retrieved from /home/airflow/.local/lib/python3.12/site-packages/airflow/example_dags/example_python_operator.py
[2024-12-06T21:58:15.197+0000] {logging_mixin.py:190} INFO - [2024-12-06T21:58:15.197+0000] {dag.py:3239} INFO - Sync 1 DAGs
[2024-12-06T21:58:15.220+0000] {logging_mixin.py:190} INFO - [2024-12-06T21:58:15.220+0000] {dag.py:4180} INFO - Setting next_dagrun for example_python_operator to None, run_after=None
[2024-12-06T21:58:15.251+0000] {processor.py:208} INFO - Processing /home/airflow/.local/lib/python3.12/site-packages/airflow/example_dags/example_python_operator.py took 0.128 seconds
[2024-12-06T21:58:46.965+0000] {processor.py:186} INFO - Started process (PID=2271) to work on /home/airflow/.local/lib/python3.12/site-packages/airflow/example_dags/example_python_operator.py
[2024-12-06T21:58:46.967+0000] {processor.py:914} INFO - Processing file /home/airflow/.local/lib/python3.12/site-packages/airflow/example_dags/example_python_operator.py for tasks to queue
[2024-12-06T21:58:46.970+0000] {logging_mixin.py:190} INFO - [2024-12-06T21:58:46.970+0000] {dagbag.py:588} INFO - Filling up the DagBag from /home/airflow/.local/lib/python3.12/site-packages/airflow/example_dags/example_python_operator.py
[2024-12-06T21:58:46.988+0000] {processor.py:925} INFO - DAG(s) 'example_python_operator' retrieved from /home/airflow/.local/lib/python3.12/site-packages/airflow/example_dags/example_python_operator.py
[2024-12-06T21:58:47.021+0000] {logging_mixin.py:190} INFO - [2024-12-06T21:58:47.021+0000] {dag.py:3239} INFO - Sync 1 DAGs
[2024-12-06T21:58:47.042+0000] {logging_mixin.py:190} INFO - [2024-12-06T21:58:47.041+0000] {dag.py:4180} INFO - Setting next_dagrun for example_python_operator to None, run_after=None
[2024-12-06T21:58:47.070+0000] {processor.py:208} INFO - Processing /home/airflow/.local/lib/python3.12/site-packages/airflow/example_dags/example_python_operator.py took 0.114 seconds
[2024-12-06T21:59:18.567+0000] {processor.py:186} INFO - Started process (PID=2340) to work on /home/airflow/.local/lib/python3.12/site-packages/airflow/example_dags/example_python_operator.py
[2024-12-06T21:59:18.569+0000] {processor.py:914} INFO - Processing file /home/airflow/.local/lib/python3.12/site-packages/airflow/example_dags/example_python_operator.py for tasks to queue
[2024-12-06T21:59:18.573+0000] {logging_mixin.py:190} INFO - [2024-12-06T21:59:18.572+0000] {dagbag.py:588} INFO - Filling up the DagBag from /home/airflow/.local/lib/python3.12/site-packages/airflow/example_dags/example_python_operator.py
[2024-12-06T21:59:18.593+0000] {processor.py:925} INFO - DAG(s) 'example_python_operator' retrieved from /home/airflow/.local/lib/python3.12/site-packages/airflow/example_dags/example_python_operator.py
[2024-12-06T21:59:18.635+0000] {logging_mixin.py:190} INFO - [2024-12-06T21:59:18.635+0000] {dag.py:3239} INFO - Sync 1 DAGs
[2024-12-06T21:59:18.659+0000] {logging_mixin.py:190} INFO - [2024-12-06T21:59:18.659+0000] {dag.py:4180} INFO - Setting next_dagrun for example_python_operator to None, run_after=None
[2024-12-06T21:59:18.691+0000] {processor.py:208} INFO - Processing /home/airflow/.local/lib/python3.12/site-packages/airflow/example_dags/example_python_operator.py took 0.135 seconds
[2024-12-06T21:59:50.908+0000] {processor.py:186} INFO - Started process (PID=2403) to work on /home/airflow/.local/lib/python3.12/site-packages/airflow/example_dags/example_python_operator.py
[2024-12-06T21:59:50.910+0000] {processor.py:914} INFO - Processing file /home/airflow/.local/lib/python3.12/site-packages/airflow/example_dags/example_python_operator.py for tasks to queue
[2024-12-06T21:59:50.913+0000] {logging_mixin.py:190} INFO - [2024-12-06T21:59:50.913+0000] {dagbag.py:588} INFO - Filling up the DagBag from /home/airflow/.local/lib/python3.12/site-packages/airflow/example_dags/example_python_operator.py
[2024-12-06T21:59:50.937+0000] {processor.py:925} INFO - DAG(s) 'example_python_operator' retrieved from /home/airflow/.local/lib/python3.12/site-packages/airflow/example_dags/example_python_operator.py
[2024-12-06T21:59:50.977+0000] {logging_mixin.py:190} INFO - [2024-12-06T21:59:50.977+0000] {dag.py:3239} INFO - Sync 1 DAGs
[2024-12-06T21:59:51.007+0000] {logging_mixin.py:190} INFO - [2024-12-06T21:59:51.007+0000] {dag.py:4180} INFO - Setting next_dagrun for example_python_operator to None, run_after=None
[2024-12-06T21:59:51.036+0000] {processor.py:208} INFO - Processing /home/airflow/.local/lib/python3.12/site-packages/airflow/example_dags/example_python_operator.py took 0.143 seconds
[2024-12-06T22:00:23.456+0000] {processor.py:186} INFO - Started process (PID=2466) to work on /home/airflow/.local/lib/python3.12/site-packages/airflow/example_dags/example_python_operator.py
[2024-12-06T22:00:23.458+0000] {processor.py:914} INFO - Processing file /home/airflow/.local/lib/python3.12/site-packages/airflow/example_dags/example_python_operator.py for tasks to queue
[2024-12-06T22:00:23.461+0000] {logging_mixin.py:190} INFO - [2024-12-06T22:00:23.460+0000] {dagbag.py:588} INFO - Filling up the DagBag from /home/airflow/.local/lib/python3.12/site-packages/airflow/example_dags/example_python_operator.py
[2024-12-06T22:00:23.483+0000] {processor.py:925} INFO - DAG(s) 'example_python_operator' retrieved from /home/airflow/.local/lib/python3.12/site-packages/airflow/example_dags/example_python_operator.py
[2024-12-06T22:00:23.515+0000] {logging_mixin.py:190} INFO - [2024-12-06T22:00:23.514+0000] {dag.py:3239} INFO - Sync 1 DAGs
[2024-12-06T22:00:23.535+0000] {logging_mixin.py:190} INFO - [2024-12-06T22:00:23.535+0000] {dag.py:4180} INFO - Setting next_dagrun for example_python_operator to None, run_after=None
[2024-12-06T22:00:23.563+0000] {processor.py:208} INFO - Processing /home/airflow/.local/lib/python3.12/site-packages/airflow/example_dags/example_python_operator.py took 0.117 seconds
[2024-12-06T22:00:54.936+0000] {processor.py:186} INFO - Started process (PID=2529) to work on /home/airflow/.local/lib/python3.12/site-packages/airflow/example_dags/example_python_operator.py
[2024-12-06T22:00:54.938+0000] {processor.py:914} INFO - Processing file /home/airflow/.local/lib/python3.12/site-packages/airflow/example_dags/example_python_operator.py for tasks to queue
[2024-12-06T22:00:54.943+0000] {logging_mixin.py:190} INFO - [2024-12-06T22:00:54.942+0000] {dagbag.py:588} INFO - Filling up the DagBag from /home/airflow/.local/lib/python3.12/site-packages/airflow/example_dags/example_python_operator.py
[2024-12-06T22:00:54.962+0000] {processor.py:925} INFO - DAG(s) 'example_python_operator' retrieved from /home/airflow/.local/lib/python3.12/site-packages/airflow/example_dags/example_python_operator.py
[2024-12-06T22:00:54.996+0000] {logging_mixin.py:190} INFO - [2024-12-06T22:00:54.996+0000] {dag.py:3239} INFO - Sync 1 DAGs
[2024-12-06T22:00:55.016+0000] {logging_mixin.py:190} INFO - [2024-12-06T22:00:55.016+0000] {dag.py:4180} INFO - Setting next_dagrun for example_python_operator to None, run_after=None
[2024-12-06T22:00:55.043+0000] {processor.py:208} INFO - Processing /home/airflow/.local/lib/python3.12/site-packages/airflow/example_dags/example_python_operator.py took 0.115 seconds
[2024-12-06T22:01:26.111+0000] {processor.py:186} INFO - Started process (PID=2592) to work on /home/airflow/.local/lib/python3.12/site-packages/airflow/example_dags/example_python_operator.py
[2024-12-06T22:01:26.112+0000] {processor.py:914} INFO - Processing file /home/airflow/.local/lib/python3.12/site-packages/airflow/example_dags/example_python_operator.py for tasks to queue
[2024-12-06T22:01:26.115+0000] {logging_mixin.py:190} INFO - [2024-12-06T22:01:26.115+0000] {dagbag.py:588} INFO - Filling up the DagBag from /home/airflow/.local/lib/python3.12/site-packages/airflow/example_dags/example_python_operator.py
[2024-12-06T22:01:26.133+0000] {processor.py:925} INFO - DAG(s) 'example_python_operator' retrieved from /home/airflow/.local/lib/python3.12/site-packages/airflow/example_dags/example_python_operator.py
[2024-12-06T22:01:26.165+0000] {logging_mixin.py:190} INFO - [2024-12-06T22:01:26.165+0000] {dag.py:3239} INFO - Sync 1 DAGs
[2024-12-06T22:01:26.184+0000] {logging_mixin.py:190} INFO - [2024-12-06T22:01:26.184+0000] {dag.py:4180} INFO - Setting next_dagrun for example_python_operator to None, run_after=None
[2024-12-06T22:01:26.210+0000] {processor.py:208} INFO - Processing /home/airflow/.local/lib/python3.12/site-packages/airflow/example_dags/example_python_operator.py took 0.109 seconds
[2024-12-06T22:01:58.213+0000] {processor.py:186} INFO - Started process (PID=2655) to work on /home/airflow/.local/lib/python3.12/site-packages/airflow/example_dags/example_python_operator.py
[2024-12-06T22:01:58.215+0000] {processor.py:914} INFO - Processing file /home/airflow/.local/lib/python3.12/site-packages/airflow/example_dags/example_python_operator.py for tasks to queue
[2024-12-06T22:01:58.218+0000] {logging_mixin.py:190} INFO - [2024-12-06T22:01:58.218+0000] {dagbag.py:588} INFO - Filling up the DagBag from /home/airflow/.local/lib/python3.12/site-packages/airflow/example_dags/example_python_operator.py
[2024-12-06T22:01:58.237+0000] {processor.py:925} INFO - DAG(s) 'example_python_operator' retrieved from /home/airflow/.local/lib/python3.12/site-packages/airflow/example_dags/example_python_operator.py
[2024-12-06T22:01:58.272+0000] {logging_mixin.py:190} INFO - [2024-12-06T22:01:58.271+0000] {dag.py:3239} INFO - Sync 1 DAGs
[2024-12-06T22:01:58.294+0000] {logging_mixin.py:190} INFO - [2024-12-06T22:01:58.294+0000] {dag.py:4180} INFO - Setting next_dagrun for example_python_operator to None, run_after=None
[2024-12-06T22:01:58.326+0000] {processor.py:208} INFO - Processing /home/airflow/.local/lib/python3.12/site-packages/airflow/example_dags/example_python_operator.py took 0.123 seconds
[2024-12-06T22:02:29.990+0000] {processor.py:186} INFO - Started process (PID=2718) to work on /home/airflow/.local/lib/python3.12/site-packages/airflow/example_dags/example_python_operator.py
[2024-12-06T22:02:29.992+0000] {processor.py:914} INFO - Processing file /home/airflow/.local/lib/python3.12/site-packages/airflow/example_dags/example_python_operator.py for tasks to queue
[2024-12-06T22:02:29.995+0000] {logging_mixin.py:190} INFO - [2024-12-06T22:02:29.995+0000] {dagbag.py:588} INFO - Filling up the DagBag from /home/airflow/.local/lib/python3.12/site-packages/airflow/example_dags/example_python_operator.py
[2024-12-06T22:02:30.014+0000] {processor.py:925} INFO - DAG(s) 'example_python_operator' retrieved from /home/airflow/.local/lib/python3.12/site-packages/airflow/example_dags/example_python_operator.py
[2024-12-06T22:02:30.052+0000] {logging_mixin.py:190} INFO - [2024-12-06T22:02:30.051+0000] {dag.py:3239} INFO - Sync 1 DAGs
[2024-12-06T22:02:30.076+0000] {logging_mixin.py:190} INFO - [2024-12-06T22:02:30.075+0000] {dag.py:4180} INFO - Setting next_dagrun for example_python_operator to None, run_after=None
[2024-12-06T22:02:30.107+0000] {processor.py:208} INFO - Processing /home/airflow/.local/lib/python3.12/site-packages/airflow/example_dags/example_python_operator.py took 0.129 seconds
[2024-12-06T22:03:02.247+0000] {processor.py:186} INFO - Started process (PID=2781) to work on /home/airflow/.local/lib/python3.12/site-packages/airflow/example_dags/example_python_operator.py
[2024-12-06T22:03:02.249+0000] {processor.py:914} INFO - Processing file /home/airflow/.local/lib/python3.12/site-packages/airflow/example_dags/example_python_operator.py for tasks to queue
[2024-12-06T22:03:02.253+0000] {logging_mixin.py:190} INFO - [2024-12-06T22:03:02.252+0000] {dagbag.py:588} INFO - Filling up the DagBag from /home/airflow/.local/lib/python3.12/site-packages/airflow/example_dags/example_python_operator.py
[2024-12-06T22:03:02.276+0000] {processor.py:925} INFO - DAG(s) 'example_python_operator' retrieved from /home/airflow/.local/lib/python3.12/site-packages/airflow/example_dags/example_python_operator.py
[2024-12-06T22:03:02.316+0000] {logging_mixin.py:190} INFO - [2024-12-06T22:03:02.315+0000] {dag.py:3239} INFO - Sync 1 DAGs
[2024-12-06T22:03:02.342+0000] {logging_mixin.py:190} INFO - [2024-12-06T22:03:02.342+0000] {dag.py:4180} INFO - Setting next_dagrun for example_python_operator to None, run_after=None
[2024-12-06T22:03:02.373+0000] {processor.py:208} INFO - Processing /home/airflow/.local/lib/python3.12/site-packages/airflow/example_dags/example_python_operator.py took 0.140 seconds
[2024-12-06T22:03:35.111+0000] {processor.py:186} INFO - Started process (PID=2844) to work on /home/airflow/.local/lib/python3.12/site-packages/airflow/example_dags/example_python_operator.py
[2024-12-06T22:03:35.112+0000] {processor.py:914} INFO - Processing file /home/airflow/.local/lib/python3.12/site-packages/airflow/example_dags/example_python_operator.py for tasks to queue
[2024-12-06T22:03:35.116+0000] {logging_mixin.py:190} INFO - [2024-12-06T22:03:35.115+0000] {dagbag.py:588} INFO - Filling up the DagBag from /home/airflow/.local/lib/python3.12/site-packages/airflow/example_dags/example_python_operator.py
[2024-12-06T22:03:35.135+0000] {processor.py:925} INFO - DAG(s) 'example_python_operator' retrieved from /home/airflow/.local/lib/python3.12/site-packages/airflow/example_dags/example_python_operator.py
[2024-12-06T22:03:35.168+0000] {logging_mixin.py:190} INFO - [2024-12-06T22:03:35.168+0000] {dag.py:3239} INFO - Sync 1 DAGs
[2024-12-06T22:03:35.191+0000] {logging_mixin.py:190} INFO - [2024-12-06T22:03:35.191+0000] {dag.py:4180} INFO - Setting next_dagrun for example_python_operator to None, run_after=None
[2024-12-06T22:03:35.220+0000] {processor.py:208} INFO - Processing /home/airflow/.local/lib/python3.12/site-packages/airflow/example_dags/example_python_operator.py took 0.120 seconds
[2024-12-06T22:04:06.264+0000] {processor.py:186} INFO - Started process (PID=2907) to work on /home/airflow/.local/lib/python3.12/site-packages/airflow/example_dags/example_python_operator.py
[2024-12-06T22:04:06.265+0000] {processor.py:914} INFO - Processing file /home/airflow/.local/lib/python3.12/site-packages/airflow/example_dags/example_python_operator.py for tasks to queue
[2024-12-06T22:04:06.269+0000] {logging_mixin.py:190} INFO - [2024-12-06T22:04:06.268+0000] {dagbag.py:588} INFO - Filling up the DagBag from /home/airflow/.local/lib/python3.12/site-packages/airflow/example_dags/example_python_operator.py
[2024-12-06T22:04:06.287+0000] {processor.py:925} INFO - DAG(s) 'example_python_operator' retrieved from /home/airflow/.local/lib/python3.12/site-packages/airflow/example_dags/example_python_operator.py
[2024-12-06T22:04:06.319+0000] {logging_mixin.py:190} INFO - [2024-12-06T22:04:06.318+0000] {dag.py:3239} INFO - Sync 1 DAGs
[2024-12-06T22:04:06.339+0000] {logging_mixin.py:190} INFO - [2024-12-06T22:04:06.338+0000] {dag.py:4180} INFO - Setting next_dagrun for example_python_operator to None, run_after=None
[2024-12-06T22:04:06.366+0000] {processor.py:208} INFO - Processing /home/airflow/.local/lib/python3.12/site-packages/airflow/example_dags/example_python_operator.py took 0.112 seconds
[2024-12-06T22:04:37.224+0000] {processor.py:186} INFO - Started process (PID=2970) to work on /home/airflow/.local/lib/python3.12/site-packages/airflow/example_dags/example_python_operator.py
[2024-12-06T22:04:37.226+0000] {processor.py:914} INFO - Processing file /home/airflow/.local/lib/python3.12/site-packages/airflow/example_dags/example_python_operator.py for tasks to queue
[2024-12-06T22:04:37.231+0000] {logging_mixin.py:190} INFO - [2024-12-06T22:04:37.230+0000] {dagbag.py:588} INFO - Filling up the DagBag from /home/airflow/.local/lib/python3.12/site-packages/airflow/example_dags/example_python_operator.py
[2024-12-06T22:04:37.250+0000] {processor.py:925} INFO - DAG(s) 'example_python_operator' retrieved from /home/airflow/.local/lib/python3.12/site-packages/airflow/example_dags/example_python_operator.py
[2024-12-06T22:04:37.285+0000] {logging_mixin.py:190} INFO - [2024-12-06T22:04:37.285+0000] {dag.py:3239} INFO - Sync 1 DAGs
[2024-12-06T22:04:37.309+0000] {logging_mixin.py:190} INFO - [2024-12-06T22:04:37.308+0000] {dag.py:4180} INFO - Setting next_dagrun for example_python_operator to None, run_after=None
[2024-12-06T22:04:37.338+0000] {processor.py:208} INFO - Processing /home/airflow/.local/lib/python3.12/site-packages/airflow/example_dags/example_python_operator.py took 0.123 seconds
[2024-12-06T22:05:08.759+0000] {processor.py:186} INFO - Started process (PID=3033) to work on /home/airflow/.local/lib/python3.12/site-packages/airflow/example_dags/example_python_operator.py
[2024-12-06T22:05:08.761+0000] {processor.py:914} INFO - Processing file /home/airflow/.local/lib/python3.12/site-packages/airflow/example_dags/example_python_operator.py for tasks to queue
[2024-12-06T22:05:08.764+0000] {logging_mixin.py:190} INFO - [2024-12-06T22:05:08.764+0000] {dagbag.py:588} INFO - Filling up the DagBag from /home/airflow/.local/lib/python3.12/site-packages/airflow/example_dags/example_python_operator.py
[2024-12-06T22:05:08.785+0000] {processor.py:925} INFO - DAG(s) 'example_python_operator' retrieved from /home/airflow/.local/lib/python3.12/site-packages/airflow/example_dags/example_python_operator.py
[2024-12-06T22:05:08.819+0000] {logging_mixin.py:190} INFO - [2024-12-06T22:05:08.819+0000] {dag.py:3239} INFO - Sync 1 DAGs
[2024-12-06T22:05:08.841+0000] {logging_mixin.py:190} INFO - [2024-12-06T22:05:08.840+0000] {dag.py:4180} INFO - Setting next_dagrun for example_python_operator to None, run_after=None
[2024-12-06T22:05:08.872+0000] {processor.py:208} INFO - Processing /home/airflow/.local/lib/python3.12/site-packages/airflow/example_dags/example_python_operator.py took 0.122 seconds
[2024-12-06T22:05:40.970+0000] {processor.py:186} INFO - Started process (PID=3100) to work on /home/airflow/.local/lib/python3.12/site-packages/airflow/example_dags/example_python_operator.py
[2024-12-06T22:05:40.972+0000] {processor.py:914} INFO - Processing file /home/airflow/.local/lib/python3.12/site-packages/airflow/example_dags/example_python_operator.py for tasks to queue
[2024-12-06T22:05:40.976+0000] {logging_mixin.py:190} INFO - [2024-12-06T22:05:40.975+0000] {dagbag.py:588} INFO - Filling up the DagBag from /home/airflow/.local/lib/python3.12/site-packages/airflow/example_dags/example_python_operator.py
[2024-12-06T22:05:40.994+0000] {processor.py:925} INFO - DAG(s) 'example_python_operator' retrieved from /home/airflow/.local/lib/python3.12/site-packages/airflow/example_dags/example_python_operator.py
[2024-12-06T22:05:41.026+0000] {logging_mixin.py:190} INFO - [2024-12-06T22:05:41.025+0000] {dag.py:3239} INFO - Sync 1 DAGs
[2024-12-06T22:05:41.046+0000] {logging_mixin.py:190} INFO - [2024-12-06T22:05:41.045+0000] {dag.py:4180} INFO - Setting next_dagrun for example_python_operator to None, run_after=None
[2024-12-06T22:05:41.074+0000] {processor.py:208} INFO - Processing /home/airflow/.local/lib/python3.12/site-packages/airflow/example_dags/example_python_operator.py took 0.113 seconds
[2024-12-06T22:06:13.069+0000] {processor.py:186} INFO - Started process (PID=3163) to work on /home/airflow/.local/lib/python3.12/site-packages/airflow/example_dags/example_python_operator.py
[2024-12-06T22:06:13.070+0000] {processor.py:914} INFO - Processing file /home/airflow/.local/lib/python3.12/site-packages/airflow/example_dags/example_python_operator.py for tasks to queue
[2024-12-06T22:06:13.074+0000] {logging_mixin.py:190} INFO - [2024-12-06T22:06:13.074+0000] {dagbag.py:588} INFO - Filling up the DagBag from /home/airflow/.local/lib/python3.12/site-packages/airflow/example_dags/example_python_operator.py
[2024-12-06T22:06:13.096+0000] {processor.py:925} INFO - DAG(s) 'example_python_operator' retrieved from /home/airflow/.local/lib/python3.12/site-packages/airflow/example_dags/example_python_operator.py
[2024-12-06T22:06:13.130+0000] {logging_mixin.py:190} INFO - [2024-12-06T22:06:13.130+0000] {dag.py:3239} INFO - Sync 1 DAGs
[2024-12-06T22:06:13.150+0000] {logging_mixin.py:190} INFO - [2024-12-06T22:06:13.150+0000] {dag.py:4180} INFO - Setting next_dagrun for example_python_operator to None, run_after=None
[2024-12-06T22:06:13.180+0000] {processor.py:208} INFO - Processing /home/airflow/.local/lib/python3.12/site-packages/airflow/example_dags/example_python_operator.py took 0.120 seconds
[2024-12-06T22:06:44.465+0000] {processor.py:186} INFO - Started process (PID=3226) to work on /home/airflow/.local/lib/python3.12/site-packages/airflow/example_dags/example_python_operator.py
[2024-12-06T22:06:44.467+0000] {processor.py:914} INFO - Processing file /home/airflow/.local/lib/python3.12/site-packages/airflow/example_dags/example_python_operator.py for tasks to queue
[2024-12-06T22:06:44.471+0000] {logging_mixin.py:190} INFO - [2024-12-06T22:06:44.470+0000] {dagbag.py:588} INFO - Filling up the DagBag from /home/airflow/.local/lib/python3.12/site-packages/airflow/example_dags/example_python_operator.py
[2024-12-06T22:06:44.492+0000] {processor.py:925} INFO - DAG(s) 'example_python_operator' retrieved from /home/airflow/.local/lib/python3.12/site-packages/airflow/example_dags/example_python_operator.py
[2024-12-06T22:06:44.531+0000] {logging_mixin.py:190} INFO - [2024-12-06T22:06:44.531+0000] {dag.py:3239} INFO - Sync 1 DAGs
[2024-12-06T22:06:44.553+0000] {logging_mixin.py:190} INFO - [2024-12-06T22:06:44.553+0000] {dag.py:4180} INFO - Setting next_dagrun for example_python_operator to None, run_after=None
[2024-12-06T22:06:44.585+0000] {processor.py:208} INFO - Processing /home/airflow/.local/lib/python3.12/site-packages/airflow/example_dags/example_python_operator.py took 0.129 seconds
[2024-12-06T22:07:17.131+0000] {processor.py:186} INFO - Started process (PID=3289) to work on /home/airflow/.local/lib/python3.12/site-packages/airflow/example_dags/example_python_operator.py
[2024-12-06T22:07:17.133+0000] {processor.py:914} INFO - Processing file /home/airflow/.local/lib/python3.12/site-packages/airflow/example_dags/example_python_operator.py for tasks to queue
[2024-12-06T22:07:17.137+0000] {logging_mixin.py:190} INFO - [2024-12-06T22:07:17.137+0000] {dagbag.py:588} INFO - Filling up the DagBag from /home/airflow/.local/lib/python3.12/site-packages/airflow/example_dags/example_python_operator.py
[2024-12-06T22:07:17.159+0000] {processor.py:925} INFO - DAG(s) 'example_python_operator' retrieved from /home/airflow/.local/lib/python3.12/site-packages/airflow/example_dags/example_python_operator.py
[2024-12-06T22:07:17.203+0000] {logging_mixin.py:190} INFO - [2024-12-06T22:07:17.203+0000] {dag.py:3239} INFO - Sync 1 DAGs
[2024-12-06T22:07:17.228+0000] {logging_mixin.py:190} INFO - [2024-12-06T22:07:17.227+0000] {dag.py:4180} INFO - Setting next_dagrun for example_python_operator to None, run_after=None
[2024-12-06T22:07:17.524+0000] {processor.py:208} INFO - Processing /home/airflow/.local/lib/python3.12/site-packages/airflow/example_dags/example_python_operator.py took 0.405 seconds
[2024-12-06T22:07:49.571+0000] {processor.py:186} INFO - Started process (PID=3355) to work on /home/airflow/.local/lib/python3.12/site-packages/airflow/example_dags/example_python_operator.py
[2024-12-06T22:07:49.573+0000] {processor.py:914} INFO - Processing file /home/airflow/.local/lib/python3.12/site-packages/airflow/example_dags/example_python_operator.py for tasks to queue
[2024-12-06T22:07:49.577+0000] {logging_mixin.py:190} INFO - [2024-12-06T22:07:49.577+0000] {dagbag.py:588} INFO - Filling up the DagBag from /home/airflow/.local/lib/python3.12/site-packages/airflow/example_dags/example_python_operator.py
[2024-12-06T22:07:49.605+0000] {processor.py:925} INFO - DAG(s) 'example_python_operator' retrieved from /home/airflow/.local/lib/python3.12/site-packages/airflow/example_dags/example_python_operator.py
[2024-12-06T22:07:49.654+0000] {logging_mixin.py:190} INFO - [2024-12-06T22:07:49.653+0000] {dag.py:3239} INFO - Sync 1 DAGs
[2024-12-06T22:07:49.697+0000] {logging_mixin.py:190} INFO - [2024-12-06T22:07:49.697+0000] {dag.py:4180} INFO - Setting next_dagrun for example_python_operator to None, run_after=None
[2024-12-06T22:07:49.732+0000] {processor.py:208} INFO - Processing /home/airflow/.local/lib/python3.12/site-packages/airflow/example_dags/example_python_operator.py took 0.176 seconds
[2024-12-06T22:08:20.649+0000] {processor.py:186} INFO - Started process (PID=3424) to work on /home/airflow/.local/lib/python3.12/site-packages/airflow/example_dags/example_python_operator.py
[2024-12-06T22:08:20.650+0000] {processor.py:914} INFO - Processing file /home/airflow/.local/lib/python3.12/site-packages/airflow/example_dags/example_python_operator.py for tasks to queue
[2024-12-06T22:08:20.654+0000] {logging_mixin.py:190} INFO - [2024-12-06T22:08:20.653+0000] {dagbag.py:588} INFO - Filling up the DagBag from /home/airflow/.local/lib/python3.12/site-packages/airflow/example_dags/example_python_operator.py
[2024-12-06T22:08:20.673+0000] {processor.py:925} INFO - DAG(s) 'example_python_operator' retrieved from /home/airflow/.local/lib/python3.12/site-packages/airflow/example_dags/example_python_operator.py
[2024-12-06T22:08:20.711+0000] {logging_mixin.py:190} INFO - [2024-12-06T22:08:20.710+0000] {dag.py:3239} INFO - Sync 1 DAGs
[2024-12-06T22:08:20.733+0000] {logging_mixin.py:190} INFO - [2024-12-06T22:08:20.733+0000] {dag.py:4180} INFO - Setting next_dagrun for example_python_operator to None, run_after=None
[2024-12-06T22:08:20.762+0000] {processor.py:208} INFO - Processing /home/airflow/.local/lib/python3.12/site-packages/airflow/example_dags/example_python_operator.py took 0.123 seconds
[2024-12-06T22:08:55.602+0000] {processor.py:186} INFO - Started process (PID=3487) to work on /home/airflow/.local/lib/python3.12/site-packages/airflow/example_dags/example_python_operator.py
[2024-12-06T22:08:55.604+0000] {processor.py:914} INFO - Processing file /home/airflow/.local/lib/python3.12/site-packages/airflow/example_dags/example_python_operator.py for tasks to queue
[2024-12-06T22:08:55.610+0000] {logging_mixin.py:190} INFO - [2024-12-06T22:08:55.609+0000] {dagbag.py:588} INFO - Filling up the DagBag from /home/airflow/.local/lib/python3.12/site-packages/airflow/example_dags/example_python_operator.py
[2024-12-06T22:08:55.632+0000] {processor.py:925} INFO - DAG(s) 'example_python_operator' retrieved from /home/airflow/.local/lib/python3.12/site-packages/airflow/example_dags/example_python_operator.py
[2024-12-06T22:08:55.673+0000] {logging_mixin.py:190} INFO - [2024-12-06T22:08:55.672+0000] {dag.py:3239} INFO - Sync 1 DAGs
[2024-12-06T22:08:55.695+0000] {logging_mixin.py:190} INFO - [2024-12-06T22:08:55.694+0000] {dag.py:4180} INFO - Setting next_dagrun for example_python_operator to None, run_after=None
[2024-12-06T22:08:55.727+0000] {processor.py:208} INFO - Processing /home/airflow/.local/lib/python3.12/site-packages/airflow/example_dags/example_python_operator.py took 0.135 seconds
[2024-12-06T22:09:26.084+0000] {processor.py:186} INFO - Started process (PID=3549) to work on /home/airflow/.local/lib/python3.12/site-packages/airflow/example_dags/example_python_operator.py
[2024-12-06T22:09:26.086+0000] {processor.py:914} INFO - Processing file /home/airflow/.local/lib/python3.12/site-packages/airflow/example_dags/example_python_operator.py for tasks to queue
[2024-12-06T22:09:26.090+0000] {logging_mixin.py:190} INFO - [2024-12-06T22:09:26.089+0000] {dagbag.py:588} INFO - Filling up the DagBag from /home/airflow/.local/lib/python3.12/site-packages/airflow/example_dags/example_python_operator.py
[2024-12-06T22:09:26.113+0000] {processor.py:925} INFO - DAG(s) 'example_python_operator' retrieved from /home/airflow/.local/lib/python3.12/site-packages/airflow/example_dags/example_python_operator.py
[2024-12-06T22:09:26.153+0000] {logging_mixin.py:190} INFO - [2024-12-06T22:09:26.152+0000] {dag.py:3239} INFO - Sync 1 DAGs
[2024-12-06T22:09:26.174+0000] {logging_mixin.py:190} INFO - [2024-12-06T22:09:26.174+0000] {dag.py:4180} INFO - Setting next_dagrun for example_python_operator to None, run_after=None
[2024-12-06T22:09:26.203+0000] {processor.py:208} INFO - Processing /home/airflow/.local/lib/python3.12/site-packages/airflow/example_dags/example_python_operator.py took 0.131 seconds
[2024-12-06T22:09:57.016+0000] {processor.py:186} INFO - Started process (PID=3613) to work on /home/airflow/.local/lib/python3.12/site-packages/airflow/example_dags/example_python_operator.py
[2024-12-06T22:09:57.018+0000] {processor.py:914} INFO - Processing file /home/airflow/.local/lib/python3.12/site-packages/airflow/example_dags/example_python_operator.py for tasks to queue
[2024-12-06T22:09:57.022+0000] {logging_mixin.py:190} INFO - [2024-12-06T22:09:57.021+0000] {dagbag.py:588} INFO - Filling up the DagBag from /home/airflow/.local/lib/python3.12/site-packages/airflow/example_dags/example_python_operator.py
[2024-12-06T22:09:57.051+0000] {processor.py:925} INFO - DAG(s) 'example_python_operator' retrieved from /home/airflow/.local/lib/python3.12/site-packages/airflow/example_dags/example_python_operator.py
[2024-12-06T22:09:57.100+0000] {logging_mixin.py:190} INFO - [2024-12-06T22:09:57.100+0000] {dag.py:3239} INFO - Sync 1 DAGs
[2024-12-06T22:09:57.124+0000] {logging_mixin.py:190} INFO - [2024-12-06T22:09:57.124+0000] {dag.py:4180} INFO - Setting next_dagrun for example_python_operator to None, run_after=None
[2024-12-06T22:09:57.169+0000] {processor.py:208} INFO - Processing /home/airflow/.local/lib/python3.12/site-packages/airflow/example_dags/example_python_operator.py took 0.164 seconds
[2024-12-06T22:10:28.140+0000] {processor.py:186} INFO - Started process (PID=3676) to work on /home/airflow/.local/lib/python3.12/site-packages/airflow/example_dags/example_python_operator.py
[2024-12-06T22:10:28.142+0000] {processor.py:914} INFO - Processing file /home/airflow/.local/lib/python3.12/site-packages/airflow/example_dags/example_python_operator.py for tasks to queue
[2024-12-06T22:10:28.148+0000] {logging_mixin.py:190} INFO - [2024-12-06T22:10:28.147+0000] {dagbag.py:588} INFO - Filling up the DagBag from /home/airflow/.local/lib/python3.12/site-packages/airflow/example_dags/example_python_operator.py
[2024-12-06T22:10:28.173+0000] {processor.py:925} INFO - DAG(s) 'example_python_operator' retrieved from /home/airflow/.local/lib/python3.12/site-packages/airflow/example_dags/example_python_operator.py
[2024-12-06T22:10:28.214+0000] {logging_mixin.py:190} INFO - [2024-12-06T22:10:28.213+0000] {dag.py:3239} INFO - Sync 1 DAGs
[2024-12-06T22:10:28.238+0000] {logging_mixin.py:190} INFO - [2024-12-06T22:10:28.237+0000] {dag.py:4180} INFO - Setting next_dagrun for example_python_operator to None, run_after=None
[2024-12-06T22:10:28.272+0000] {processor.py:208} INFO - Processing /home/airflow/.local/lib/python3.12/site-packages/airflow/example_dags/example_python_operator.py took 0.144 seconds
[2024-12-06T22:10:58.581+0000] {processor.py:186} INFO - Started process (PID=3739) to work on /home/airflow/.local/lib/python3.12/site-packages/airflow/example_dags/example_python_operator.py
[2024-12-06T22:10:58.585+0000] {processor.py:914} INFO - Processing file /home/airflow/.local/lib/python3.12/site-packages/airflow/example_dags/example_python_operator.py for tasks to queue
[2024-12-06T22:10:58.590+0000] {logging_mixin.py:190} INFO - [2024-12-06T22:10:58.590+0000] {dagbag.py:588} INFO - Filling up the DagBag from /home/airflow/.local/lib/python3.12/site-packages/airflow/example_dags/example_python_operator.py
[2024-12-06T22:10:58.636+0000] {processor.py:925} INFO - DAG(s) 'example_python_operator' retrieved from /home/airflow/.local/lib/python3.12/site-packages/airflow/example_dags/example_python_operator.py
[2024-12-06T22:10:58.711+0000] {logging_mixin.py:190} INFO - [2024-12-06T22:10:58.711+0000] {dag.py:3239} INFO - Sync 1 DAGs
[2024-12-06T22:10:58.749+0000] {logging_mixin.py:190} INFO - [2024-12-06T22:10:58.749+0000] {dag.py:4180} INFO - Setting next_dagrun for example_python_operator to None, run_after=None
[2024-12-06T22:10:58.800+0000] {processor.py:208} INFO - Processing /home/airflow/.local/lib/python3.12/site-packages/airflow/example_dags/example_python_operator.py took 0.240 seconds
