[2024-12-06T21:40:54.006+0000] {processor.py:186} INFO - Started process (PID=94) to work on /home/airflow/.local/lib/python3.12/site-packages/airflow/example_dags/example_complex.py
[2024-12-06T21:40:54.008+0000] {processor.py:914} INFO - Processing file /home/airflow/.local/lib/python3.12/site-packages/airflow/example_dags/example_complex.py for tasks to queue
[2024-12-06T21:40:54.011+0000] {logging_mixin.py:190} INFO - [2024-12-06T21:40:54.011+0000] {dagbag.py:588} INFO - Filling up the DagBag from /home/airflow/.local/lib/python3.12/site-packages/airflow/example_dags/example_complex.py
[2024-12-06T21:40:54.032+0000] {processor.py:925} INFO - DAG(s) 'example_complex' retrieved from /home/airflow/.local/lib/python3.12/site-packages/airflow/example_dags/example_complex.py
[2024-12-06T21:40:54.192+0000] {logging_mixin.py:190} INFO - [2024-12-06T21:40:54.192+0000] {override.py:1911} INFO - Created Permission View: can edit on DAG:example_complex
[2024-12-06T21:40:54.205+0000] {logging_mixin.py:190} INFO - [2024-12-06T21:40:54.204+0000] {override.py:1911} INFO - Created Permission View: can delete on DAG:example_complex
[2024-12-06T21:40:54.213+0000] {logging_mixin.py:190} INFO - [2024-12-06T21:40:54.213+0000] {override.py:1911} INFO - Created Permission View: can read on DAG:example_complex
[2024-12-06T21:40:54.225+0000] {logging_mixin.py:190} INFO - [2024-12-06T21:40:54.224+0000] {override.py:1911} INFO - Created Permission View: menu access on DAG Run:example_complex
[2024-12-06T21:40:54.234+0000] {logging_mixin.py:190} INFO - [2024-12-06T21:40:54.233+0000] {override.py:1911} INFO - Created Permission View: can create on DAG Run:example_complex
[2024-12-06T21:40:54.242+0000] {logging_mixin.py:190} INFO - [2024-12-06T21:40:54.242+0000] {override.py:1911} INFO - Created Permission View: can delete on DAG Run:example_complex
[2024-12-06T21:40:54.251+0000] {logging_mixin.py:190} INFO - [2024-12-06T21:40:54.251+0000] {override.py:1911} INFO - Created Permission View: can read on DAG Run:example_complex
[2024-12-06T21:40:54.252+0000] {logging_mixin.py:190} INFO - [2024-12-06T21:40:54.252+0000] {dag.py:3239} INFO - Sync 1 DAGs
[2024-12-06T21:40:54.271+0000] {logging_mixin.py:190} INFO - [2024-12-06T21:40:54.270+0000] {dag.py:3262} INFO - Creating ORM DAG for example_complex
[2024-12-06T21:40:54.272+0000] {logging_mixin.py:190} INFO - [2024-12-06T21:40:54.272+0000] {dag.py:4180} INFO - Setting next_dagrun for example_complex to None, run_after=None
[2024-12-06T21:40:54.295+0000] {processor.py:208} INFO - Processing /home/airflow/.local/lib/python3.12/site-packages/airflow/example_dags/example_complex.py took 0.297 seconds
[2024-12-06T21:41:25.226+0000] {processor.py:186} INFO - Started process (PID=157) to work on /home/airflow/.local/lib/python3.12/site-packages/airflow/example_dags/example_complex.py
[2024-12-06T21:41:25.228+0000] {processor.py:914} INFO - Processing file /home/airflow/.local/lib/python3.12/site-packages/airflow/example_dags/example_complex.py for tasks to queue
[2024-12-06T21:41:25.233+0000] {logging_mixin.py:190} INFO - [2024-12-06T21:41:25.232+0000] {dagbag.py:588} INFO - Filling up the DagBag from /home/airflow/.local/lib/python3.12/site-packages/airflow/example_dags/example_complex.py
[2024-12-06T21:41:25.253+0000] {processor.py:925} INFO - DAG(s) 'example_complex' retrieved from /home/airflow/.local/lib/python3.12/site-packages/airflow/example_dags/example_complex.py
[2024-12-06T21:41:25.301+0000] {logging_mixin.py:190} INFO - [2024-12-06T21:41:25.300+0000] {dag.py:3239} INFO - Sync 1 DAGs
[2024-12-06T21:41:25.319+0000] {logging_mixin.py:190} INFO - [2024-12-06T21:41:25.319+0000] {dag.py:4180} INFO - Setting next_dagrun for example_complex to None, run_after=None
[2024-12-06T21:41:25.342+0000] {processor.py:208} INFO - Processing /home/airflow/.local/lib/python3.12/site-packages/airflow/example_dags/example_complex.py took 0.126 seconds
[2024-12-06T21:41:55.612+0000] {processor.py:186} INFO - Started process (PID=219) to work on /home/airflow/.local/lib/python3.12/site-packages/airflow/example_dags/example_complex.py
[2024-12-06T21:41:55.614+0000] {processor.py:914} INFO - Processing file /home/airflow/.local/lib/python3.12/site-packages/airflow/example_dags/example_complex.py for tasks to queue
[2024-12-06T21:41:55.618+0000] {logging_mixin.py:190} INFO - [2024-12-06T21:41:55.617+0000] {dagbag.py:588} INFO - Filling up the DagBag from /home/airflow/.local/lib/python3.12/site-packages/airflow/example_dags/example_complex.py
[2024-12-06T21:41:55.639+0000] {processor.py:925} INFO - DAG(s) 'example_complex' retrieved from /home/airflow/.local/lib/python3.12/site-packages/airflow/example_dags/example_complex.py
[2024-12-06T21:41:55.682+0000] {logging_mixin.py:190} INFO - [2024-12-06T21:41:55.682+0000] {dag.py:3239} INFO - Sync 1 DAGs
[2024-12-06T21:41:55.700+0000] {logging_mixin.py:190} INFO - [2024-12-06T21:41:55.700+0000] {dag.py:4180} INFO - Setting next_dagrun for example_complex to None, run_after=None
[2024-12-06T21:41:55.722+0000] {processor.py:208} INFO - Processing /home/airflow/.local/lib/python3.12/site-packages/airflow/example_dags/example_complex.py took 0.121 seconds
[2024-12-06T21:42:26.772+0000] {processor.py:186} INFO - Started process (PID=282) to work on /home/airflow/.local/lib/python3.12/site-packages/airflow/example_dags/example_complex.py
[2024-12-06T21:42:26.775+0000] {processor.py:914} INFO - Processing file /home/airflow/.local/lib/python3.12/site-packages/airflow/example_dags/example_complex.py for tasks to queue
[2024-12-06T21:42:26.780+0000] {logging_mixin.py:190} INFO - [2024-12-06T21:42:26.779+0000] {dagbag.py:588} INFO - Filling up the DagBag from /home/airflow/.local/lib/python3.12/site-packages/airflow/example_dags/example_complex.py
[2024-12-06T21:42:26.798+0000] {processor.py:925} INFO - DAG(s) 'example_complex' retrieved from /home/airflow/.local/lib/python3.12/site-packages/airflow/example_dags/example_complex.py
[2024-12-06T21:42:26.841+0000] {logging_mixin.py:190} INFO - [2024-12-06T21:42:26.840+0000] {dag.py:3239} INFO - Sync 1 DAGs
[2024-12-06T21:42:26.858+0000] {logging_mixin.py:190} INFO - [2024-12-06T21:42:26.858+0000] {dag.py:4180} INFO - Setting next_dagrun for example_complex to None, run_after=None
[2024-12-06T21:42:26.883+0000] {processor.py:208} INFO - Processing /home/airflow/.local/lib/python3.12/site-packages/airflow/example_dags/example_complex.py took 0.131 seconds
[2024-12-06T21:42:57.804+0000] {processor.py:186} INFO - Started process (PID=345) to work on /home/airflow/.local/lib/python3.12/site-packages/airflow/example_dags/example_complex.py
[2024-12-06T21:42:57.805+0000] {processor.py:914} INFO - Processing file /home/airflow/.local/lib/python3.12/site-packages/airflow/example_dags/example_complex.py for tasks to queue
[2024-12-06T21:42:57.808+0000] {logging_mixin.py:190} INFO - [2024-12-06T21:42:57.808+0000] {dagbag.py:588} INFO - Filling up the DagBag from /home/airflow/.local/lib/python3.12/site-packages/airflow/example_dags/example_complex.py
[2024-12-06T21:42:57.823+0000] {processor.py:925} INFO - DAG(s) 'example_complex' retrieved from /home/airflow/.local/lib/python3.12/site-packages/airflow/example_dags/example_complex.py
[2024-12-06T21:42:57.866+0000] {logging_mixin.py:190} INFO - [2024-12-06T21:42:57.866+0000] {dag.py:3239} INFO - Sync 1 DAGs
[2024-12-06T21:42:57.885+0000] {logging_mixin.py:190} INFO - [2024-12-06T21:42:57.884+0000] {dag.py:4180} INFO - Setting next_dagrun for example_complex to None, run_after=None
[2024-12-06T21:42:57.907+0000] {processor.py:208} INFO - Processing /home/airflow/.local/lib/python3.12/site-packages/airflow/example_dags/example_complex.py took 0.111 seconds
[2024-12-06T21:43:28.586+0000] {processor.py:186} INFO - Started process (PID=407) to work on /home/airflow/.local/lib/python3.12/site-packages/airflow/example_dags/example_complex.py
[2024-12-06T21:43:28.588+0000] {processor.py:914} INFO - Processing file /home/airflow/.local/lib/python3.12/site-packages/airflow/example_dags/example_complex.py for tasks to queue
[2024-12-06T21:43:28.591+0000] {logging_mixin.py:190} INFO - [2024-12-06T21:43:28.591+0000] {dagbag.py:588} INFO - Filling up the DagBag from /home/airflow/.local/lib/python3.12/site-packages/airflow/example_dags/example_complex.py
[2024-12-06T21:43:28.608+0000] {processor.py:925} INFO - DAG(s) 'example_complex' retrieved from /home/airflow/.local/lib/python3.12/site-packages/airflow/example_dags/example_complex.py
[2024-12-06T21:43:28.653+0000] {logging_mixin.py:190} INFO - [2024-12-06T21:43:28.653+0000] {dag.py:3239} INFO - Sync 1 DAGs
[2024-12-06T21:43:28.673+0000] {logging_mixin.py:190} INFO - [2024-12-06T21:43:28.673+0000] {dag.py:4180} INFO - Setting next_dagrun for example_complex to None, run_after=None
[2024-12-06T21:43:28.699+0000] {processor.py:208} INFO - Processing /home/airflow/.local/lib/python3.12/site-packages/airflow/example_dags/example_complex.py took 0.122 seconds
[2024-12-06T21:44:00.201+0000] {processor.py:186} INFO - Started process (PID=470) to work on /home/airflow/.local/lib/python3.12/site-packages/airflow/example_dags/example_complex.py
[2024-12-06T21:44:00.202+0000] {processor.py:914} INFO - Processing file /home/airflow/.local/lib/python3.12/site-packages/airflow/example_dags/example_complex.py for tasks to queue
[2024-12-06T21:44:00.205+0000] {logging_mixin.py:190} INFO - [2024-12-06T21:44:00.205+0000] {dagbag.py:588} INFO - Filling up the DagBag from /home/airflow/.local/lib/python3.12/site-packages/airflow/example_dags/example_complex.py
[2024-12-06T21:44:00.227+0000] {processor.py:925} INFO - DAG(s) 'example_complex' retrieved from /home/airflow/.local/lib/python3.12/site-packages/airflow/example_dags/example_complex.py
[2024-12-06T21:44:00.293+0000] {logging_mixin.py:190} INFO - [2024-12-06T21:44:00.292+0000] {dag.py:3239} INFO - Sync 1 DAGs
[2024-12-06T21:44:00.322+0000] {logging_mixin.py:190} INFO - [2024-12-06T21:44:00.322+0000] {dag.py:4180} INFO - Setting next_dagrun for example_complex to None, run_after=None
[2024-12-06T21:44:00.354+0000] {processor.py:208} INFO - Processing /home/airflow/.local/lib/python3.12/site-packages/airflow/example_dags/example_complex.py took 0.162 seconds
[2024-12-06T21:44:31.556+0000] {processor.py:186} INFO - Started process (PID=533) to work on /home/airflow/.local/lib/python3.12/site-packages/airflow/example_dags/example_complex.py
[2024-12-06T21:44:31.557+0000] {processor.py:914} INFO - Processing file /home/airflow/.local/lib/python3.12/site-packages/airflow/example_dags/example_complex.py for tasks to queue
[2024-12-06T21:44:31.560+0000] {logging_mixin.py:190} INFO - [2024-12-06T21:44:31.560+0000] {dagbag.py:588} INFO - Filling up the DagBag from /home/airflow/.local/lib/python3.12/site-packages/airflow/example_dags/example_complex.py
[2024-12-06T21:44:31.576+0000] {processor.py:925} INFO - DAG(s) 'example_complex' retrieved from /home/airflow/.local/lib/python3.12/site-packages/airflow/example_dags/example_complex.py
[2024-12-06T21:44:31.618+0000] {logging_mixin.py:190} INFO - [2024-12-06T21:44:31.618+0000] {dag.py:3239} INFO - Sync 1 DAGs
[2024-12-06T21:44:31.636+0000] {logging_mixin.py:190} INFO - [2024-12-06T21:44:31.635+0000] {dag.py:4180} INFO - Setting next_dagrun for example_complex to None, run_after=None
[2024-12-06T21:44:31.658+0000] {processor.py:208} INFO - Processing /home/airflow/.local/lib/python3.12/site-packages/airflow/example_dags/example_complex.py took 0.110 seconds
[2024-12-06T21:45:02.973+0000] {processor.py:186} INFO - Started process (PID=596) to work on /home/airflow/.local/lib/python3.12/site-packages/airflow/example_dags/example_complex.py
[2024-12-06T21:45:02.974+0000] {processor.py:914} INFO - Processing file /home/airflow/.local/lib/python3.12/site-packages/airflow/example_dags/example_complex.py for tasks to queue
[2024-12-06T21:45:02.978+0000] {logging_mixin.py:190} INFO - [2024-12-06T21:45:02.977+0000] {dagbag.py:588} INFO - Filling up the DagBag from /home/airflow/.local/lib/python3.12/site-packages/airflow/example_dags/example_complex.py
[2024-12-06T21:45:02.994+0000] {processor.py:925} INFO - DAG(s) 'example_complex' retrieved from /home/airflow/.local/lib/python3.12/site-packages/airflow/example_dags/example_complex.py
[2024-12-06T21:45:03.037+0000] {logging_mixin.py:190} INFO - [2024-12-06T21:45:03.037+0000] {dag.py:3239} INFO - Sync 1 DAGs
[2024-12-06T21:45:03.055+0000] {logging_mixin.py:190} INFO - [2024-12-06T21:45:03.055+0000] {dag.py:4180} INFO - Setting next_dagrun for example_complex to None, run_after=None
[2024-12-06T21:45:03.076+0000] {processor.py:208} INFO - Processing /home/airflow/.local/lib/python3.12/site-packages/airflow/example_dags/example_complex.py took 0.111 seconds
[2024-12-06T21:45:34.504+0000] {processor.py:186} INFO - Started process (PID=660) to work on /home/airflow/.local/lib/python3.12/site-packages/airflow/example_dags/example_complex.py
[2024-12-06T21:45:34.505+0000] {processor.py:914} INFO - Processing file /home/airflow/.local/lib/python3.12/site-packages/airflow/example_dags/example_complex.py for tasks to queue
[2024-12-06T21:45:34.509+0000] {logging_mixin.py:190} INFO - [2024-12-06T21:45:34.508+0000] {dagbag.py:588} INFO - Filling up the DagBag from /home/airflow/.local/lib/python3.12/site-packages/airflow/example_dags/example_complex.py
[2024-12-06T21:45:34.529+0000] {processor.py:925} INFO - DAG(s) 'example_complex' retrieved from /home/airflow/.local/lib/python3.12/site-packages/airflow/example_dags/example_complex.py
[2024-12-06T21:45:34.583+0000] {logging_mixin.py:190} INFO - [2024-12-06T21:45:34.583+0000] {dag.py:3239} INFO - Sync 1 DAGs
[2024-12-06T21:45:34.609+0000] {logging_mixin.py:190} INFO - [2024-12-06T21:45:34.608+0000] {dag.py:4180} INFO - Setting next_dagrun for example_complex to None, run_after=None
[2024-12-06T21:45:34.641+0000] {processor.py:208} INFO - Processing /home/airflow/.local/lib/python3.12/site-packages/airflow/example_dags/example_complex.py took 0.148 seconds
[2024-12-06T21:46:06.451+0000] {processor.py:186} INFO - Started process (PID=724) to work on /home/airflow/.local/lib/python3.12/site-packages/airflow/example_dags/example_complex.py
[2024-12-06T21:46:06.453+0000] {processor.py:914} INFO - Processing file /home/airflow/.local/lib/python3.12/site-packages/airflow/example_dags/example_complex.py for tasks to queue
[2024-12-06T21:46:06.457+0000] {logging_mixin.py:190} INFO - [2024-12-06T21:46:06.456+0000] {dagbag.py:588} INFO - Filling up the DagBag from /home/airflow/.local/lib/python3.12/site-packages/airflow/example_dags/example_complex.py
[2024-12-06T21:46:06.477+0000] {processor.py:925} INFO - DAG(s) 'example_complex' retrieved from /home/airflow/.local/lib/python3.12/site-packages/airflow/example_dags/example_complex.py
[2024-12-06T21:46:06.520+0000] {logging_mixin.py:190} INFO - [2024-12-06T21:46:06.520+0000] {dag.py:3239} INFO - Sync 1 DAGs
[2024-12-06T21:46:06.537+0000] {logging_mixin.py:190} INFO - [2024-12-06T21:46:06.537+0000] {dag.py:4180} INFO - Setting next_dagrun for example_complex to None, run_after=None
[2024-12-06T21:46:06.563+0000] {processor.py:208} INFO - Processing /home/airflow/.local/lib/python3.12/site-packages/airflow/example_dags/example_complex.py took 0.121 seconds
[2024-12-06T21:46:39.189+0000] {processor.py:186} INFO - Started process (PID=792) to work on /home/airflow/.local/lib/python3.12/site-packages/airflow/example_dags/example_complex.py
[2024-12-06T21:46:39.190+0000] {processor.py:914} INFO - Processing file /home/airflow/.local/lib/python3.12/site-packages/airflow/example_dags/example_complex.py for tasks to queue
[2024-12-06T21:46:39.193+0000] {logging_mixin.py:190} INFO - [2024-12-06T21:46:39.193+0000] {dagbag.py:588} INFO - Filling up the DagBag from /home/airflow/.local/lib/python3.12/site-packages/airflow/example_dags/example_complex.py
[2024-12-06T21:46:39.210+0000] {processor.py:925} INFO - DAG(s) 'example_complex' retrieved from /home/airflow/.local/lib/python3.12/site-packages/airflow/example_dags/example_complex.py
[2024-12-06T21:46:39.252+0000] {logging_mixin.py:190} INFO - [2024-12-06T21:46:39.252+0000] {dag.py:3239} INFO - Sync 1 DAGs
[2024-12-06T21:46:39.270+0000] {logging_mixin.py:190} INFO - [2024-12-06T21:46:39.270+0000] {dag.py:4180} INFO - Setting next_dagrun for example_complex to None, run_after=None
[2024-12-06T21:46:39.293+0000] {processor.py:208} INFO - Processing /home/airflow/.local/lib/python3.12/site-packages/airflow/example_dags/example_complex.py took 0.112 seconds
[2024-12-06T21:47:09.694+0000] {processor.py:186} INFO - Started process (PID=855) to work on /home/airflow/.local/lib/python3.12/site-packages/airflow/example_dags/example_complex.py
[2024-12-06T21:47:09.696+0000] {processor.py:914} INFO - Processing file /home/airflow/.local/lib/python3.12/site-packages/airflow/example_dags/example_complex.py for tasks to queue
[2024-12-06T21:47:09.699+0000] {logging_mixin.py:190} INFO - [2024-12-06T21:47:09.698+0000] {dagbag.py:588} INFO - Filling up the DagBag from /home/airflow/.local/lib/python3.12/site-packages/airflow/example_dags/example_complex.py
[2024-12-06T21:47:09.717+0000] {processor.py:925} INFO - DAG(s) 'example_complex' retrieved from /home/airflow/.local/lib/python3.12/site-packages/airflow/example_dags/example_complex.py
[2024-12-06T21:47:09.769+0000] {logging_mixin.py:190} INFO - [2024-12-06T21:47:09.769+0000] {dag.py:3239} INFO - Sync 1 DAGs
[2024-12-06T21:47:09.790+0000] {logging_mixin.py:190} INFO - [2024-12-06T21:47:09.790+0000] {dag.py:4180} INFO - Setting next_dagrun for example_complex to None, run_after=None
[2024-12-06T21:47:09.815+0000] {processor.py:208} INFO - Processing /home/airflow/.local/lib/python3.12/site-packages/airflow/example_dags/example_complex.py took 0.129 seconds
[2024-12-06T21:47:41.864+0000] {processor.py:186} INFO - Started process (PID=923) to work on /home/airflow/.local/lib/python3.12/site-packages/airflow/example_dags/example_complex.py
[2024-12-06T21:47:41.865+0000] {processor.py:914} INFO - Processing file /home/airflow/.local/lib/python3.12/site-packages/airflow/example_dags/example_complex.py for tasks to queue
[2024-12-06T21:47:41.869+0000] {logging_mixin.py:190} INFO - [2024-12-06T21:47:41.868+0000] {dagbag.py:588} INFO - Filling up the DagBag from /home/airflow/.local/lib/python3.12/site-packages/airflow/example_dags/example_complex.py
[2024-12-06T21:47:41.889+0000] {processor.py:925} INFO - DAG(s) 'example_complex' retrieved from /home/airflow/.local/lib/python3.12/site-packages/airflow/example_dags/example_complex.py
[2024-12-06T21:47:41.935+0000] {logging_mixin.py:190} INFO - [2024-12-06T21:47:41.935+0000] {dag.py:3239} INFO - Sync 1 DAGs
[2024-12-06T21:47:41.954+0000] {logging_mixin.py:190} INFO - [2024-12-06T21:47:41.954+0000] {dag.py:4180} INFO - Setting next_dagrun for example_complex to None, run_after=None
[2024-12-06T21:47:41.979+0000] {processor.py:208} INFO - Processing /home/airflow/.local/lib/python3.12/site-packages/airflow/example_dags/example_complex.py took 0.124 seconds
[2024-12-06T21:48:13.825+0000] {processor.py:186} INFO - Started process (PID=986) to work on /home/airflow/.local/lib/python3.12/site-packages/airflow/example_dags/example_complex.py
[2024-12-06T21:48:13.827+0000] {processor.py:914} INFO - Processing file /home/airflow/.local/lib/python3.12/site-packages/airflow/example_dags/example_complex.py for tasks to queue
[2024-12-06T21:48:13.831+0000] {logging_mixin.py:190} INFO - [2024-12-06T21:48:13.830+0000] {dagbag.py:588} INFO - Filling up the DagBag from /home/airflow/.local/lib/python3.12/site-packages/airflow/example_dags/example_complex.py
[2024-12-06T21:48:13.871+0000] {processor.py:925} INFO - DAG(s) 'example_complex' retrieved from /home/airflow/.local/lib/python3.12/site-packages/airflow/example_dags/example_complex.py
[2024-12-06T21:48:13.946+0000] {logging_mixin.py:190} INFO - [2024-12-06T21:48:13.945+0000] {dag.py:3239} INFO - Sync 1 DAGs
[2024-12-06T21:48:13.973+0000] {logging_mixin.py:190} INFO - [2024-12-06T21:48:13.973+0000] {dag.py:4180} INFO - Setting next_dagrun for example_complex to None, run_after=None
[2024-12-06T21:48:14.007+0000] {processor.py:208} INFO - Processing /home/airflow/.local/lib/python3.12/site-packages/airflow/example_dags/example_complex.py took 0.190 seconds
[2024-12-06T21:48:44.922+0000] {processor.py:186} INFO - Started process (PID=1048) to work on /home/airflow/.local/lib/python3.12/site-packages/airflow/example_dags/example_complex.py
[2024-12-06T21:48:44.924+0000] {processor.py:914} INFO - Processing file /home/airflow/.local/lib/python3.12/site-packages/airflow/example_dags/example_complex.py for tasks to queue
[2024-12-06T21:48:44.927+0000] {logging_mixin.py:190} INFO - [2024-12-06T21:48:44.927+0000] {dagbag.py:588} INFO - Filling up the DagBag from /home/airflow/.local/lib/python3.12/site-packages/airflow/example_dags/example_complex.py
[2024-12-06T21:48:44.946+0000] {processor.py:925} INFO - DAG(s) 'example_complex' retrieved from /home/airflow/.local/lib/python3.12/site-packages/airflow/example_dags/example_complex.py
[2024-12-06T21:48:44.997+0000] {logging_mixin.py:190} INFO - [2024-12-06T21:48:44.997+0000] {dag.py:3239} INFO - Sync 1 DAGs
[2024-12-06T21:48:45.022+0000] {logging_mixin.py:190} INFO - [2024-12-06T21:48:45.021+0000] {dag.py:4180} INFO - Setting next_dagrun for example_complex to None, run_after=None
[2024-12-06T21:48:45.048+0000] {processor.py:208} INFO - Processing /home/airflow/.local/lib/python3.12/site-packages/airflow/example_dags/example_complex.py took 0.136 seconds
[2024-12-06T21:49:16.546+0000] {processor.py:186} INFO - Started process (PID=1117) to work on /home/airflow/.local/lib/python3.12/site-packages/airflow/example_dags/example_complex.py
[2024-12-06T21:49:16.548+0000] {processor.py:914} INFO - Processing file /home/airflow/.local/lib/python3.12/site-packages/airflow/example_dags/example_complex.py for tasks to queue
[2024-12-06T21:49:16.551+0000] {logging_mixin.py:190} INFO - [2024-12-06T21:49:16.551+0000] {dagbag.py:588} INFO - Filling up the DagBag from /home/airflow/.local/lib/python3.12/site-packages/airflow/example_dags/example_complex.py
[2024-12-06T21:49:16.571+0000] {processor.py:925} INFO - DAG(s) 'example_complex' retrieved from /home/airflow/.local/lib/python3.12/site-packages/airflow/example_dags/example_complex.py
[2024-12-06T21:49:16.620+0000] {logging_mixin.py:190} INFO - [2024-12-06T21:49:16.620+0000] {dag.py:3239} INFO - Sync 1 DAGs
[2024-12-06T21:49:16.644+0000] {logging_mixin.py:190} INFO - [2024-12-06T21:49:16.644+0000] {dag.py:4180} INFO - Setting next_dagrun for example_complex to None, run_after=None
[2024-12-06T21:49:16.670+0000] {processor.py:208} INFO - Processing /home/airflow/.local/lib/python3.12/site-packages/airflow/example_dags/example_complex.py took 0.134 seconds
[2024-12-06T21:49:47.740+0000] {processor.py:186} INFO - Started process (PID=1180) to work on /home/airflow/.local/lib/python3.12/site-packages/airflow/example_dags/example_complex.py
[2024-12-06T21:49:47.742+0000] {processor.py:914} INFO - Processing file /home/airflow/.local/lib/python3.12/site-packages/airflow/example_dags/example_complex.py for tasks to queue
[2024-12-06T21:49:47.747+0000] {logging_mixin.py:190} INFO - [2024-12-06T21:49:47.747+0000] {dagbag.py:588} INFO - Filling up the DagBag from /home/airflow/.local/lib/python3.12/site-packages/airflow/example_dags/example_complex.py
[2024-12-06T21:49:47.766+0000] {processor.py:925} INFO - DAG(s) 'example_complex' retrieved from /home/airflow/.local/lib/python3.12/site-packages/airflow/example_dags/example_complex.py
[2024-12-06T21:49:47.817+0000] {logging_mixin.py:190} INFO - [2024-12-06T21:49:47.817+0000] {dag.py:3239} INFO - Sync 1 DAGs
[2024-12-06T21:49:47.838+0000] {logging_mixin.py:190} INFO - [2024-12-06T21:49:47.838+0000] {dag.py:4180} INFO - Setting next_dagrun for example_complex to None, run_after=None
[2024-12-06T21:49:47.867+0000] {processor.py:208} INFO - Processing /home/airflow/.local/lib/python3.12/site-packages/airflow/example_dags/example_complex.py took 0.136 seconds
[2024-12-06T21:50:18.527+0000] {processor.py:186} INFO - Started process (PID=1243) to work on /home/airflow/.local/lib/python3.12/site-packages/airflow/example_dags/example_complex.py
[2024-12-06T21:50:18.529+0000] {processor.py:914} INFO - Processing file /home/airflow/.local/lib/python3.12/site-packages/airflow/example_dags/example_complex.py for tasks to queue
[2024-12-06T21:50:18.534+0000] {logging_mixin.py:190} INFO - [2024-12-06T21:50:18.533+0000] {dagbag.py:588} INFO - Filling up the DagBag from /home/airflow/.local/lib/python3.12/site-packages/airflow/example_dags/example_complex.py
[2024-12-06T21:50:18.556+0000] {processor.py:925} INFO - DAG(s) 'example_complex' retrieved from /home/airflow/.local/lib/python3.12/site-packages/airflow/example_dags/example_complex.py
[2024-12-06T21:50:18.610+0000] {logging_mixin.py:190} INFO - [2024-12-06T21:50:18.610+0000] {dag.py:3239} INFO - Sync 1 DAGs
[2024-12-06T21:50:18.636+0000] {logging_mixin.py:190} INFO - [2024-12-06T21:50:18.635+0000] {dag.py:4180} INFO - Setting next_dagrun for example_complex to None, run_after=None
[2024-12-06T21:50:18.665+0000] {processor.py:208} INFO - Processing /home/airflow/.local/lib/python3.12/site-packages/airflow/example_dags/example_complex.py took 0.148 seconds
[2024-12-06T21:50:49.594+0000] {processor.py:186} INFO - Started process (PID=1306) to work on /home/airflow/.local/lib/python3.12/site-packages/airflow/example_dags/example_complex.py
[2024-12-06T21:50:49.596+0000] {processor.py:914} INFO - Processing file /home/airflow/.local/lib/python3.12/site-packages/airflow/example_dags/example_complex.py for tasks to queue
[2024-12-06T21:50:49.601+0000] {logging_mixin.py:190} INFO - [2024-12-06T21:50:49.600+0000] {dagbag.py:588} INFO - Filling up the DagBag from /home/airflow/.local/lib/python3.12/site-packages/airflow/example_dags/example_complex.py
[2024-12-06T21:50:49.621+0000] {processor.py:925} INFO - DAG(s) 'example_complex' retrieved from /home/airflow/.local/lib/python3.12/site-packages/airflow/example_dags/example_complex.py
[2024-12-06T21:50:49.675+0000] {logging_mixin.py:190} INFO - [2024-12-06T21:50:49.675+0000] {dag.py:3239} INFO - Sync 1 DAGs
[2024-12-06T21:50:49.698+0000] {logging_mixin.py:190} INFO - [2024-12-06T21:50:49.697+0000] {dag.py:4180} INFO - Setting next_dagrun for example_complex to None, run_after=None
[2024-12-06T21:50:49.728+0000] {processor.py:208} INFO - Processing /home/airflow/.local/lib/python3.12/site-packages/airflow/example_dags/example_complex.py took 0.142 seconds
[2024-12-06T21:51:21.010+0000] {processor.py:186} INFO - Started process (PID=1369) to work on /home/airflow/.local/lib/python3.12/site-packages/airflow/example_dags/example_complex.py
[2024-12-06T21:51:21.012+0000] {processor.py:914} INFO - Processing file /home/airflow/.local/lib/python3.12/site-packages/airflow/example_dags/example_complex.py for tasks to queue
[2024-12-06T21:51:21.017+0000] {logging_mixin.py:190} INFO - [2024-12-06T21:51:21.015+0000] {dagbag.py:588} INFO - Filling up the DagBag from /home/airflow/.local/lib/python3.12/site-packages/airflow/example_dags/example_complex.py
[2024-12-06T21:51:21.036+0000] {processor.py:925} INFO - DAG(s) 'example_complex' retrieved from /home/airflow/.local/lib/python3.12/site-packages/airflow/example_dags/example_complex.py
[2024-12-06T21:51:21.083+0000] {logging_mixin.py:190} INFO - [2024-12-06T21:51:21.082+0000] {dag.py:3239} INFO - Sync 1 DAGs
[2024-12-06T21:51:21.109+0000] {logging_mixin.py:190} INFO - [2024-12-06T21:51:21.108+0000] {dag.py:4180} INFO - Setting next_dagrun for example_complex to None, run_after=None
[2024-12-06T21:51:21.137+0000] {processor.py:208} INFO - Processing /home/airflow/.local/lib/python3.12/site-packages/airflow/example_dags/example_complex.py took 0.141 seconds
[2024-12-06T21:51:53.157+0000] {processor.py:186} INFO - Started process (PID=1432) to work on /home/airflow/.local/lib/python3.12/site-packages/airflow/example_dags/example_complex.py
[2024-12-06T21:51:53.159+0000] {processor.py:914} INFO - Processing file /home/airflow/.local/lib/python3.12/site-packages/airflow/example_dags/example_complex.py for tasks to queue
[2024-12-06T21:51:53.162+0000] {logging_mixin.py:190} INFO - [2024-12-06T21:51:53.162+0000] {dagbag.py:588} INFO - Filling up the DagBag from /home/airflow/.local/lib/python3.12/site-packages/airflow/example_dags/example_complex.py
[2024-12-06T21:51:53.184+0000] {processor.py:925} INFO - DAG(s) 'example_complex' retrieved from /home/airflow/.local/lib/python3.12/site-packages/airflow/example_dags/example_complex.py
[2024-12-06T21:51:53.242+0000] {logging_mixin.py:190} INFO - [2024-12-06T21:51:53.241+0000] {dag.py:3239} INFO - Sync 1 DAGs
[2024-12-06T21:51:53.265+0000] {logging_mixin.py:190} INFO - [2024-12-06T21:51:53.265+0000] {dag.py:4180} INFO - Setting next_dagrun for example_complex to None, run_after=None
[2024-12-06T21:51:53.296+0000] {processor.py:208} INFO - Processing /home/airflow/.local/lib/python3.12/site-packages/airflow/example_dags/example_complex.py took 0.150 seconds
[2024-12-06T21:52:25.450+0000] {processor.py:186} INFO - Started process (PID=1495) to work on /home/airflow/.local/lib/python3.12/site-packages/airflow/example_dags/example_complex.py
[2024-12-06T21:52:25.451+0000] {processor.py:914} INFO - Processing file /home/airflow/.local/lib/python3.12/site-packages/airflow/example_dags/example_complex.py for tasks to queue
[2024-12-06T21:52:25.455+0000] {logging_mixin.py:190} INFO - [2024-12-06T21:52:25.455+0000] {dagbag.py:588} INFO - Filling up the DagBag from /home/airflow/.local/lib/python3.12/site-packages/airflow/example_dags/example_complex.py
[2024-12-06T21:52:25.478+0000] {processor.py:925} INFO - DAG(s) 'example_complex' retrieved from /home/airflow/.local/lib/python3.12/site-packages/airflow/example_dags/example_complex.py
[2024-12-06T21:52:25.530+0000] {logging_mixin.py:190} INFO - [2024-12-06T21:52:25.530+0000] {dag.py:3239} INFO - Sync 1 DAGs
[2024-12-06T21:52:25.553+0000] {logging_mixin.py:190} INFO - [2024-12-06T21:52:25.553+0000] {dag.py:4180} INFO - Setting next_dagrun for example_complex to None, run_after=None
[2024-12-06T21:52:25.582+0000] {processor.py:208} INFO - Processing /home/airflow/.local/lib/python3.12/site-packages/airflow/example_dags/example_complex.py took 0.141 seconds
[2024-12-06T21:52:57.581+0000] {processor.py:186} INFO - Started process (PID=1558) to work on /home/airflow/.local/lib/python3.12/site-packages/airflow/example_dags/example_complex.py
[2024-12-06T21:52:57.583+0000] {processor.py:914} INFO - Processing file /home/airflow/.local/lib/python3.12/site-packages/airflow/example_dags/example_complex.py for tasks to queue
[2024-12-06T21:52:57.587+0000] {logging_mixin.py:190} INFO - [2024-12-06T21:52:57.586+0000] {dagbag.py:588} INFO - Filling up the DagBag from /home/airflow/.local/lib/python3.12/site-packages/airflow/example_dags/example_complex.py
[2024-12-06T21:52:57.610+0000] {processor.py:925} INFO - DAG(s) 'example_complex' retrieved from /home/airflow/.local/lib/python3.12/site-packages/airflow/example_dags/example_complex.py
[2024-12-06T21:52:57.667+0000] {logging_mixin.py:190} INFO - [2024-12-06T21:52:57.667+0000] {dag.py:3239} INFO - Sync 1 DAGs
[2024-12-06T21:52:57.688+0000] {logging_mixin.py:190} INFO - [2024-12-06T21:52:57.687+0000] {dag.py:4180} INFO - Setting next_dagrun for example_complex to None, run_after=None
[2024-12-06T21:52:57.715+0000] {processor.py:208} INFO - Processing /home/airflow/.local/lib/python3.12/site-packages/airflow/example_dags/example_complex.py took 0.145 seconds
[2024-12-06T21:53:28.936+0000] {processor.py:186} INFO - Started process (PID=1621) to work on /home/airflow/.local/lib/python3.12/site-packages/airflow/example_dags/example_complex.py
[2024-12-06T21:53:28.937+0000] {processor.py:914} INFO - Processing file /home/airflow/.local/lib/python3.12/site-packages/airflow/example_dags/example_complex.py for tasks to queue
[2024-12-06T21:53:28.941+0000] {logging_mixin.py:190} INFO - [2024-12-06T21:53:28.940+0000] {dagbag.py:588} INFO - Filling up the DagBag from /home/airflow/.local/lib/python3.12/site-packages/airflow/example_dags/example_complex.py
[2024-12-06T21:53:28.960+0000] {processor.py:925} INFO - DAG(s) 'example_complex' retrieved from /home/airflow/.local/lib/python3.12/site-packages/airflow/example_dags/example_complex.py
[2024-12-06T21:53:29.010+0000] {logging_mixin.py:190} INFO - [2024-12-06T21:53:29.010+0000] {dag.py:3239} INFO - Sync 1 DAGs
[2024-12-06T21:53:29.034+0000] {logging_mixin.py:190} INFO - [2024-12-06T21:53:29.034+0000] {dag.py:4180} INFO - Setting next_dagrun for example_complex to None, run_after=None
[2024-12-06T21:53:29.062+0000] {processor.py:208} INFO - Processing /home/airflow/.local/lib/python3.12/site-packages/airflow/example_dags/example_complex.py took 0.135 seconds
[2024-12-06T21:54:00.667+0000] {processor.py:186} INFO - Started process (PID=1684) to work on /home/airflow/.local/lib/python3.12/site-packages/airflow/example_dags/example_complex.py
[2024-12-06T21:54:00.669+0000] {processor.py:914} INFO - Processing file /home/airflow/.local/lib/python3.12/site-packages/airflow/example_dags/example_complex.py for tasks to queue
[2024-12-06T21:54:00.673+0000] {logging_mixin.py:190} INFO - [2024-12-06T21:54:00.672+0000] {dagbag.py:588} INFO - Filling up the DagBag from /home/airflow/.local/lib/python3.12/site-packages/airflow/example_dags/example_complex.py
[2024-12-06T21:54:00.694+0000] {processor.py:925} INFO - DAG(s) 'example_complex' retrieved from /home/airflow/.local/lib/python3.12/site-packages/airflow/example_dags/example_complex.py
[2024-12-06T21:54:00.746+0000] {logging_mixin.py:190} INFO - [2024-12-06T21:54:00.746+0000] {dag.py:3239} INFO - Sync 1 DAGs
[2024-12-06T21:54:00.773+0000] {logging_mixin.py:190} INFO - [2024-12-06T21:54:00.772+0000] {dag.py:4180} INFO - Setting next_dagrun for example_complex to None, run_after=None
[2024-12-06T21:54:00.803+0000] {processor.py:208} INFO - Processing /home/airflow/.local/lib/python3.12/site-packages/airflow/example_dags/example_complex.py took 0.146 seconds
[2024-12-06T21:54:32.134+0000] {processor.py:186} INFO - Started process (PID=1747) to work on /home/airflow/.local/lib/python3.12/site-packages/airflow/example_dags/example_complex.py
[2024-12-06T21:54:32.136+0000] {processor.py:914} INFO - Processing file /home/airflow/.local/lib/python3.12/site-packages/airflow/example_dags/example_complex.py for tasks to queue
[2024-12-06T21:54:32.140+0000] {logging_mixin.py:190} INFO - [2024-12-06T21:54:32.139+0000] {dagbag.py:588} INFO - Filling up the DagBag from /home/airflow/.local/lib/python3.12/site-packages/airflow/example_dags/example_complex.py
[2024-12-06T21:54:32.162+0000] {processor.py:925} INFO - DAG(s) 'example_complex' retrieved from /home/airflow/.local/lib/python3.12/site-packages/airflow/example_dags/example_complex.py
[2024-12-06T21:54:32.225+0000] {logging_mixin.py:190} INFO - [2024-12-06T21:54:32.225+0000] {dag.py:3239} INFO - Sync 1 DAGs
[2024-12-06T21:54:32.249+0000] {logging_mixin.py:190} INFO - [2024-12-06T21:54:32.249+0000] {dag.py:4180} INFO - Setting next_dagrun for example_complex to None, run_after=None
[2024-12-06T21:54:32.281+0000] {processor.py:208} INFO - Processing /home/airflow/.local/lib/python3.12/site-packages/airflow/example_dags/example_complex.py took 0.157 seconds
[2024-12-06T21:55:03.851+0000] {processor.py:186} INFO - Started process (PID=1810) to work on /home/airflow/.local/lib/python3.12/site-packages/airflow/example_dags/example_complex.py
[2024-12-06T21:55:03.852+0000] {processor.py:914} INFO - Processing file /home/airflow/.local/lib/python3.12/site-packages/airflow/example_dags/example_complex.py for tasks to queue
[2024-12-06T21:55:03.857+0000] {logging_mixin.py:190} INFO - [2024-12-06T21:55:03.856+0000] {dagbag.py:588} INFO - Filling up the DagBag from /home/airflow/.local/lib/python3.12/site-packages/airflow/example_dags/example_complex.py
[2024-12-06T21:55:03.877+0000] {processor.py:925} INFO - DAG(s) 'example_complex' retrieved from /home/airflow/.local/lib/python3.12/site-packages/airflow/example_dags/example_complex.py
[2024-12-06T21:55:03.930+0000] {logging_mixin.py:190} INFO - [2024-12-06T21:55:03.930+0000] {dag.py:3239} INFO - Sync 1 DAGs
[2024-12-06T21:55:03.954+0000] {logging_mixin.py:190} INFO - [2024-12-06T21:55:03.953+0000] {dag.py:4180} INFO - Setting next_dagrun for example_complex to None, run_after=None
[2024-12-06T21:55:03.983+0000] {processor.py:208} INFO - Processing /home/airflow/.local/lib/python3.12/site-packages/airflow/example_dags/example_complex.py took 0.145 seconds
[2024-12-06T21:55:35.915+0000] {processor.py:186} INFO - Started process (PID=1873) to work on /home/airflow/.local/lib/python3.12/site-packages/airflow/example_dags/example_complex.py
[2024-12-06T21:55:35.917+0000] {processor.py:914} INFO - Processing file /home/airflow/.local/lib/python3.12/site-packages/airflow/example_dags/example_complex.py for tasks to queue
[2024-12-06T21:55:35.921+0000] {logging_mixin.py:190} INFO - [2024-12-06T21:55:35.920+0000] {dagbag.py:588} INFO - Filling up the DagBag from /home/airflow/.local/lib/python3.12/site-packages/airflow/example_dags/example_complex.py
[2024-12-06T21:55:35.946+0000] {processor.py:925} INFO - DAG(s) 'example_complex' retrieved from /home/airflow/.local/lib/python3.12/site-packages/airflow/example_dags/example_complex.py
[2024-12-06T21:55:36.006+0000] {logging_mixin.py:190} INFO - [2024-12-06T21:55:36.006+0000] {dag.py:3239} INFO - Sync 1 DAGs
[2024-12-06T21:55:36.033+0000] {logging_mixin.py:190} INFO - [2024-12-06T21:55:36.033+0000] {dag.py:4180} INFO - Setting next_dagrun for example_complex to None, run_after=None
[2024-12-06T21:55:36.072+0000] {processor.py:208} INFO - Processing /home/airflow/.local/lib/python3.12/site-packages/airflow/example_dags/example_complex.py took 0.169 seconds
[2024-12-06T21:56:07.214+0000] {processor.py:186} INFO - Started process (PID=1936) to work on /home/airflow/.local/lib/python3.12/site-packages/airflow/example_dags/example_complex.py
[2024-12-06T21:56:07.216+0000] {processor.py:914} INFO - Processing file /home/airflow/.local/lib/python3.12/site-packages/airflow/example_dags/example_complex.py for tasks to queue
[2024-12-06T21:56:07.220+0000] {logging_mixin.py:190} INFO - [2024-12-06T21:56:07.219+0000] {dagbag.py:588} INFO - Filling up the DagBag from /home/airflow/.local/lib/python3.12/site-packages/airflow/example_dags/example_complex.py
[2024-12-06T21:56:07.247+0000] {processor.py:925} INFO - DAG(s) 'example_complex' retrieved from /home/airflow/.local/lib/python3.12/site-packages/airflow/example_dags/example_complex.py
[2024-12-06T21:56:07.305+0000] {logging_mixin.py:190} INFO - [2024-12-06T21:56:07.304+0000] {dag.py:3239} INFO - Sync 1 DAGs
[2024-12-06T21:56:07.326+0000] {logging_mixin.py:190} INFO - [2024-12-06T21:56:07.326+0000] {dag.py:4180} INFO - Setting next_dagrun for example_complex to None, run_after=None
[2024-12-06T21:56:07.356+0000] {processor.py:208} INFO - Processing /home/airflow/.local/lib/python3.12/site-packages/airflow/example_dags/example_complex.py took 0.154 seconds
[2024-12-06T21:56:38.981+0000] {processor.py:186} INFO - Started process (PID=1999) to work on /home/airflow/.local/lib/python3.12/site-packages/airflow/example_dags/example_complex.py
[2024-12-06T21:56:38.984+0000] {processor.py:914} INFO - Processing file /home/airflow/.local/lib/python3.12/site-packages/airflow/example_dags/example_complex.py for tasks to queue
[2024-12-06T21:56:38.988+0000] {logging_mixin.py:190} INFO - [2024-12-06T21:56:38.988+0000] {dagbag.py:588} INFO - Filling up the DagBag from /home/airflow/.local/lib/python3.12/site-packages/airflow/example_dags/example_complex.py
[2024-12-06T21:56:39.011+0000] {processor.py:925} INFO - DAG(s) 'example_complex' retrieved from /home/airflow/.local/lib/python3.12/site-packages/airflow/example_dags/example_complex.py
[2024-12-06T21:56:39.066+0000] {logging_mixin.py:190} INFO - [2024-12-06T21:56:39.066+0000] {dag.py:3239} INFO - Sync 1 DAGs
[2024-12-06T21:56:39.086+0000] {logging_mixin.py:190} INFO - [2024-12-06T21:56:39.086+0000] {dag.py:4180} INFO - Setting next_dagrun for example_complex to None, run_after=None
[2024-12-06T21:56:39.124+0000] {processor.py:208} INFO - Processing /home/airflow/.local/lib/python3.12/site-packages/airflow/example_dags/example_complex.py took 0.153 seconds
[2024-12-06T21:57:10.378+0000] {processor.py:186} INFO - Started process (PID=2062) to work on /home/airflow/.local/lib/python3.12/site-packages/airflow/example_dags/example_complex.py
[2024-12-06T21:57:10.379+0000] {processor.py:914} INFO - Processing file /home/airflow/.local/lib/python3.12/site-packages/airflow/example_dags/example_complex.py for tasks to queue
[2024-12-06T21:57:10.383+0000] {logging_mixin.py:190} INFO - [2024-12-06T21:57:10.382+0000] {dagbag.py:588} INFO - Filling up the DagBag from /home/airflow/.local/lib/python3.12/site-packages/airflow/example_dags/example_complex.py
[2024-12-06T21:57:10.404+0000] {processor.py:925} INFO - DAG(s) 'example_complex' retrieved from /home/airflow/.local/lib/python3.12/site-packages/airflow/example_dags/example_complex.py
[2024-12-06T21:57:10.454+0000] {logging_mixin.py:190} INFO - [2024-12-06T21:57:10.454+0000] {dag.py:3239} INFO - Sync 1 DAGs
[2024-12-06T21:57:10.480+0000] {logging_mixin.py:190} INFO - [2024-12-06T21:57:10.479+0000] {dag.py:4180} INFO - Setting next_dagrun for example_complex to None, run_after=None
[2024-12-06T21:57:10.508+0000] {processor.py:208} INFO - Processing /home/airflow/.local/lib/python3.12/site-packages/airflow/example_dags/example_complex.py took 0.138 seconds
[2024-12-06T21:57:41.684+0000] {processor.py:186} INFO - Started process (PID=2125) to work on /home/airflow/.local/lib/python3.12/site-packages/airflow/example_dags/example_complex.py
[2024-12-06T21:57:41.685+0000] {processor.py:914} INFO - Processing file /home/airflow/.local/lib/python3.12/site-packages/airflow/example_dags/example_complex.py for tasks to queue
[2024-12-06T21:57:41.690+0000] {logging_mixin.py:190} INFO - [2024-12-06T21:57:41.689+0000] {dagbag.py:588} INFO - Filling up the DagBag from /home/airflow/.local/lib/python3.12/site-packages/airflow/example_dags/example_complex.py
[2024-12-06T21:57:41.710+0000] {processor.py:925} INFO - DAG(s) 'example_complex' retrieved from /home/airflow/.local/lib/python3.12/site-packages/airflow/example_dags/example_complex.py
[2024-12-06T21:57:41.760+0000] {logging_mixin.py:190} INFO - [2024-12-06T21:57:41.759+0000] {dag.py:3239} INFO - Sync 1 DAGs
[2024-12-06T21:57:41.782+0000] {logging_mixin.py:190} INFO - [2024-12-06T21:57:41.781+0000] {dag.py:4180} INFO - Setting next_dagrun for example_complex to None, run_after=None
[2024-12-06T21:57:41.810+0000] {processor.py:208} INFO - Processing /home/airflow/.local/lib/python3.12/site-packages/airflow/example_dags/example_complex.py took 0.135 seconds
[2024-12-06T21:58:13.079+0000] {processor.py:186} INFO - Started process (PID=2188) to work on /home/airflow/.local/lib/python3.12/site-packages/airflow/example_dags/example_complex.py
[2024-12-06T21:58:13.080+0000] {processor.py:914} INFO - Processing file /home/airflow/.local/lib/python3.12/site-packages/airflow/example_dags/example_complex.py for tasks to queue
[2024-12-06T21:58:13.084+0000] {logging_mixin.py:190} INFO - [2024-12-06T21:58:13.083+0000] {dagbag.py:588} INFO - Filling up the DagBag from /home/airflow/.local/lib/python3.12/site-packages/airflow/example_dags/example_complex.py
[2024-12-06T21:58:13.105+0000] {processor.py:925} INFO - DAG(s) 'example_complex' retrieved from /home/airflow/.local/lib/python3.12/site-packages/airflow/example_dags/example_complex.py
[2024-12-06T21:58:13.162+0000] {logging_mixin.py:190} INFO - [2024-12-06T21:58:13.161+0000] {dag.py:3239} INFO - Sync 1 DAGs
[2024-12-06T21:58:13.187+0000] {logging_mixin.py:190} INFO - [2024-12-06T21:58:13.186+0000] {dag.py:4180} INFO - Setting next_dagrun for example_complex to None, run_after=None
[2024-12-06T21:58:13.218+0000] {processor.py:208} INFO - Processing /home/airflow/.local/lib/python3.12/site-packages/airflow/example_dags/example_complex.py took 0.150 seconds
[2024-12-06T21:58:44.675+0000] {processor.py:186} INFO - Started process (PID=2251) to work on /home/airflow/.local/lib/python3.12/site-packages/airflow/example_dags/example_complex.py
[2024-12-06T21:58:44.677+0000] {processor.py:914} INFO - Processing file /home/airflow/.local/lib/python3.12/site-packages/airflow/example_dags/example_complex.py for tasks to queue
[2024-12-06T21:58:44.685+0000] {logging_mixin.py:190} INFO - [2024-12-06T21:58:44.684+0000] {dagbag.py:588} INFO - Filling up the DagBag from /home/airflow/.local/lib/python3.12/site-packages/airflow/example_dags/example_complex.py
[2024-12-06T21:58:44.715+0000] {processor.py:925} INFO - DAG(s) 'example_complex' retrieved from /home/airflow/.local/lib/python3.12/site-packages/airflow/example_dags/example_complex.py
[2024-12-06T21:58:44.789+0000] {logging_mixin.py:190} INFO - [2024-12-06T21:58:44.788+0000] {dag.py:3239} INFO - Sync 1 DAGs
[2024-12-06T21:58:44.821+0000] {logging_mixin.py:190} INFO - [2024-12-06T21:58:44.820+0000] {dag.py:4180} INFO - Setting next_dagrun for example_complex to None, run_after=None
[2024-12-06T21:58:44.871+0000] {processor.py:208} INFO - Processing /home/airflow/.local/lib/python3.12/site-packages/airflow/example_dags/example_complex.py took 0.210 seconds
[2024-12-06T21:59:16.446+0000] {processor.py:186} INFO - Started process (PID=2315) to work on /home/airflow/.local/lib/python3.12/site-packages/airflow/example_dags/example_complex.py
[2024-12-06T21:59:16.449+0000] {processor.py:914} INFO - Processing file /home/airflow/.local/lib/python3.12/site-packages/airflow/example_dags/example_complex.py for tasks to queue
[2024-12-06T21:59:16.452+0000] {logging_mixin.py:190} INFO - [2024-12-06T21:59:16.452+0000] {dagbag.py:588} INFO - Filling up the DagBag from /home/airflow/.local/lib/python3.12/site-packages/airflow/example_dags/example_complex.py
[2024-12-06T21:59:16.471+0000] {processor.py:925} INFO - DAG(s) 'example_complex' retrieved from /home/airflow/.local/lib/python3.12/site-packages/airflow/example_dags/example_complex.py
[2024-12-06T21:59:16.519+0000] {logging_mixin.py:190} INFO - [2024-12-06T21:59:16.518+0000] {dag.py:3239} INFO - Sync 1 DAGs
[2024-12-06T21:59:16.539+0000] {logging_mixin.py:190} INFO - [2024-12-06T21:59:16.539+0000] {dag.py:4180} INFO - Setting next_dagrun for example_complex to None, run_after=None
[2024-12-06T21:59:16.568+0000] {processor.py:208} INFO - Processing /home/airflow/.local/lib/python3.12/site-packages/airflow/example_dags/example_complex.py took 0.131 seconds
[2024-12-06T21:59:49.462+0000] {processor.py:186} INFO - Started process (PID=2389) to work on /home/airflow/.local/lib/python3.12/site-packages/airflow/example_dags/example_complex.py
[2024-12-06T21:59:49.463+0000] {processor.py:914} INFO - Processing file /home/airflow/.local/lib/python3.12/site-packages/airflow/example_dags/example_complex.py for tasks to queue
[2024-12-06T21:59:49.467+0000] {logging_mixin.py:190} INFO - [2024-12-06T21:59:49.467+0000] {dagbag.py:588} INFO - Filling up the DagBag from /home/airflow/.local/lib/python3.12/site-packages/airflow/example_dags/example_complex.py
[2024-12-06T21:59:49.493+0000] {processor.py:925} INFO - DAG(s) 'example_complex' retrieved from /home/airflow/.local/lib/python3.12/site-packages/airflow/example_dags/example_complex.py
[2024-12-06T21:59:49.572+0000] {logging_mixin.py:190} INFO - [2024-12-06T21:59:49.571+0000] {dag.py:3239} INFO - Sync 1 DAGs
[2024-12-06T21:59:49.607+0000] {logging_mixin.py:190} INFO - [2024-12-06T21:59:49.607+0000] {dag.py:4180} INFO - Setting next_dagrun for example_complex to None, run_after=None
[2024-12-06T21:59:49.649+0000] {processor.py:208} INFO - Processing /home/airflow/.local/lib/python3.12/site-packages/airflow/example_dags/example_complex.py took 0.200 seconds
[2024-12-06T22:00:21.733+0000] {processor.py:186} INFO - Started process (PID=2452) to work on /home/airflow/.local/lib/python3.12/site-packages/airflow/example_dags/example_complex.py
[2024-12-06T22:00:21.735+0000] {processor.py:914} INFO - Processing file /home/airflow/.local/lib/python3.12/site-packages/airflow/example_dags/example_complex.py for tasks to queue
[2024-12-06T22:00:21.742+0000] {logging_mixin.py:190} INFO - [2024-12-06T22:00:21.741+0000] {dagbag.py:588} INFO - Filling up the DagBag from /home/airflow/.local/lib/python3.12/site-packages/airflow/example_dags/example_complex.py
[2024-12-06T22:00:21.782+0000] {processor.py:925} INFO - DAG(s) 'example_complex' retrieved from /home/airflow/.local/lib/python3.12/site-packages/airflow/example_dags/example_complex.py
[2024-12-06T22:00:21.866+0000] {logging_mixin.py:190} INFO - [2024-12-06T22:00:21.865+0000] {dag.py:3239} INFO - Sync 1 DAGs
[2024-12-06T22:00:21.905+0000] {logging_mixin.py:190} INFO - [2024-12-06T22:00:21.904+0000] {dag.py:4180} INFO - Setting next_dagrun for example_complex to None, run_after=None
[2024-12-06T22:00:21.951+0000] {processor.py:208} INFO - Processing /home/airflow/.local/lib/python3.12/site-packages/airflow/example_dags/example_complex.py took 0.233 seconds
[2024-12-06T22:00:53.343+0000] {processor.py:186} INFO - Started process (PID=2515) to work on /home/airflow/.local/lib/python3.12/site-packages/airflow/example_dags/example_complex.py
[2024-12-06T22:00:53.345+0000] {processor.py:914} INFO - Processing file /home/airflow/.local/lib/python3.12/site-packages/airflow/example_dags/example_complex.py for tasks to queue
[2024-12-06T22:00:53.348+0000] {logging_mixin.py:190} INFO - [2024-12-06T22:00:53.348+0000] {dagbag.py:588} INFO - Filling up the DagBag from /home/airflow/.local/lib/python3.12/site-packages/airflow/example_dags/example_complex.py
[2024-12-06T22:00:53.372+0000] {processor.py:925} INFO - DAG(s) 'example_complex' retrieved from /home/airflow/.local/lib/python3.12/site-packages/airflow/example_dags/example_complex.py
[2024-12-06T22:00:53.430+0000] {logging_mixin.py:190} INFO - [2024-12-06T22:00:53.430+0000] {dag.py:3239} INFO - Sync 1 DAGs
[2024-12-06T22:00:53.455+0000] {logging_mixin.py:190} INFO - [2024-12-06T22:00:53.454+0000] {dag.py:4180} INFO - Setting next_dagrun for example_complex to None, run_after=None
[2024-12-06T22:00:53.485+0000] {processor.py:208} INFO - Processing /home/airflow/.local/lib/python3.12/site-packages/airflow/example_dags/example_complex.py took 0.153 seconds
[2024-12-06T22:01:24.629+0000] {processor.py:186} INFO - Started process (PID=2578) to work on /home/airflow/.local/lib/python3.12/site-packages/airflow/example_dags/example_complex.py
[2024-12-06T22:01:24.631+0000] {processor.py:914} INFO - Processing file /home/airflow/.local/lib/python3.12/site-packages/airflow/example_dags/example_complex.py for tasks to queue
[2024-12-06T22:01:24.634+0000] {logging_mixin.py:190} INFO - [2024-12-06T22:01:24.633+0000] {dagbag.py:588} INFO - Filling up the DagBag from /home/airflow/.local/lib/python3.12/site-packages/airflow/example_dags/example_complex.py
[2024-12-06T22:01:24.652+0000] {processor.py:925} INFO - DAG(s) 'example_complex' retrieved from /home/airflow/.local/lib/python3.12/site-packages/airflow/example_dags/example_complex.py
[2024-12-06T22:01:24.712+0000] {logging_mixin.py:190} INFO - [2024-12-06T22:01:24.711+0000] {dag.py:3239} INFO - Sync 1 DAGs
[2024-12-06T22:01:24.734+0000] {logging_mixin.py:190} INFO - [2024-12-06T22:01:24.734+0000] {dag.py:4180} INFO - Setting next_dagrun for example_complex to None, run_after=None
[2024-12-06T22:01:24.763+0000] {processor.py:208} INFO - Processing /home/airflow/.local/lib/python3.12/site-packages/airflow/example_dags/example_complex.py took 0.145 seconds
[2024-12-06T22:01:56.547+0000] {processor.py:186} INFO - Started process (PID=2641) to work on /home/airflow/.local/lib/python3.12/site-packages/airflow/example_dags/example_complex.py
[2024-12-06T22:01:56.549+0000] {processor.py:914} INFO - Processing file /home/airflow/.local/lib/python3.12/site-packages/airflow/example_dags/example_complex.py for tasks to queue
[2024-12-06T22:01:56.553+0000] {logging_mixin.py:190} INFO - [2024-12-06T22:01:56.552+0000] {dagbag.py:588} INFO - Filling up the DagBag from /home/airflow/.local/lib/python3.12/site-packages/airflow/example_dags/example_complex.py
[2024-12-06T22:01:56.575+0000] {processor.py:925} INFO - DAG(s) 'example_complex' retrieved from /home/airflow/.local/lib/python3.12/site-packages/airflow/example_dags/example_complex.py
[2024-12-06T22:01:56.631+0000] {logging_mixin.py:190} INFO - [2024-12-06T22:01:56.630+0000] {dag.py:3239} INFO - Sync 1 DAGs
[2024-12-06T22:01:56.662+0000] {logging_mixin.py:190} INFO - [2024-12-06T22:01:56.661+0000] {dag.py:4180} INFO - Setting next_dagrun for example_complex to None, run_after=None
[2024-12-06T22:01:56.690+0000] {processor.py:208} INFO - Processing /home/airflow/.local/lib/python3.12/site-packages/airflow/example_dags/example_complex.py took 0.153 seconds
[2024-12-06T22:02:28.444+0000] {processor.py:186} INFO - Started process (PID=2704) to work on /home/airflow/.local/lib/python3.12/site-packages/airflow/example_dags/example_complex.py
[2024-12-06T22:02:28.446+0000] {processor.py:914} INFO - Processing file /home/airflow/.local/lib/python3.12/site-packages/airflow/example_dags/example_complex.py for tasks to queue
[2024-12-06T22:02:28.451+0000] {logging_mixin.py:190} INFO - [2024-12-06T22:02:28.451+0000] {dagbag.py:588} INFO - Filling up the DagBag from /home/airflow/.local/lib/python3.12/site-packages/airflow/example_dags/example_complex.py
[2024-12-06T22:02:28.475+0000] {processor.py:925} INFO - DAG(s) 'example_complex' retrieved from /home/airflow/.local/lib/python3.12/site-packages/airflow/example_dags/example_complex.py
[2024-12-06T22:02:28.545+0000] {logging_mixin.py:190} INFO - [2024-12-06T22:02:28.544+0000] {dag.py:3239} INFO - Sync 1 DAGs
[2024-12-06T22:02:28.573+0000] {logging_mixin.py:190} INFO - [2024-12-06T22:02:28.572+0000] {dag.py:4180} INFO - Setting next_dagrun for example_complex to None, run_after=None
[2024-12-06T22:02:28.606+0000] {processor.py:208} INFO - Processing /home/airflow/.local/lib/python3.12/site-packages/airflow/example_dags/example_complex.py took 0.172 seconds
[2024-12-06T22:03:00.744+0000] {processor.py:186} INFO - Started process (PID=2767) to work on /home/airflow/.local/lib/python3.12/site-packages/airflow/example_dags/example_complex.py
[2024-12-06T22:03:00.746+0000] {processor.py:914} INFO - Processing file /home/airflow/.local/lib/python3.12/site-packages/airflow/example_dags/example_complex.py for tasks to queue
[2024-12-06T22:03:00.749+0000] {logging_mixin.py:190} INFO - [2024-12-06T22:03:00.749+0000] {dagbag.py:588} INFO - Filling up the DagBag from /home/airflow/.local/lib/python3.12/site-packages/airflow/example_dags/example_complex.py
[2024-12-06T22:03:00.773+0000] {processor.py:925} INFO - DAG(s) 'example_complex' retrieved from /home/airflow/.local/lib/python3.12/site-packages/airflow/example_dags/example_complex.py
[2024-12-06T22:03:00.829+0000] {logging_mixin.py:190} INFO - [2024-12-06T22:03:00.829+0000] {dag.py:3239} INFO - Sync 1 DAGs
[2024-12-06T22:03:00.856+0000] {logging_mixin.py:190} INFO - [2024-12-06T22:03:00.856+0000] {dag.py:4180} INFO - Setting next_dagrun for example_complex to None, run_after=None
[2024-12-06T22:03:00.887+0000] {processor.py:208} INFO - Processing /home/airflow/.local/lib/python3.12/site-packages/airflow/example_dags/example_complex.py took 0.153 seconds
[2024-12-06T22:03:33.380+0000] {processor.py:186} INFO - Started process (PID=2830) to work on /home/airflow/.local/lib/python3.12/site-packages/airflow/example_dags/example_complex.py
[2024-12-06T22:03:33.381+0000] {processor.py:914} INFO - Processing file /home/airflow/.local/lib/python3.12/site-packages/airflow/example_dags/example_complex.py for tasks to queue
[2024-12-06T22:03:33.385+0000] {logging_mixin.py:190} INFO - [2024-12-06T22:03:33.385+0000] {dagbag.py:588} INFO - Filling up the DagBag from /home/airflow/.local/lib/python3.12/site-packages/airflow/example_dags/example_complex.py
[2024-12-06T22:03:33.409+0000] {processor.py:925} INFO - DAG(s) 'example_complex' retrieved from /home/airflow/.local/lib/python3.12/site-packages/airflow/example_dags/example_complex.py
[2024-12-06T22:03:33.463+0000] {logging_mixin.py:190} INFO - [2024-12-06T22:03:33.462+0000] {dag.py:3239} INFO - Sync 1 DAGs
[2024-12-06T22:03:33.487+0000] {logging_mixin.py:190} INFO - [2024-12-06T22:03:33.487+0000] {dag.py:4180} INFO - Setting next_dagrun for example_complex to None, run_after=None
[2024-12-06T22:03:33.518+0000] {processor.py:208} INFO - Processing /home/airflow/.local/lib/python3.12/site-packages/airflow/example_dags/example_complex.py took 0.150 seconds
[2024-12-06T22:04:04.648+0000] {processor.py:186} INFO - Started process (PID=2893) to work on /home/airflow/.local/lib/python3.12/site-packages/airflow/example_dags/example_complex.py
[2024-12-06T22:04:04.649+0000] {processor.py:914} INFO - Processing file /home/airflow/.local/lib/python3.12/site-packages/airflow/example_dags/example_complex.py for tasks to queue
[2024-12-06T22:04:04.653+0000] {logging_mixin.py:190} INFO - [2024-12-06T22:04:04.653+0000] {dagbag.py:588} INFO - Filling up the DagBag from /home/airflow/.local/lib/python3.12/site-packages/airflow/example_dags/example_complex.py
[2024-12-06T22:04:04.674+0000] {processor.py:925} INFO - DAG(s) 'example_complex' retrieved from /home/airflow/.local/lib/python3.12/site-packages/airflow/example_dags/example_complex.py
[2024-12-06T22:04:04.731+0000] {logging_mixin.py:190} INFO - [2024-12-06T22:04:04.731+0000] {dag.py:3239} INFO - Sync 1 DAGs
[2024-12-06T22:04:04.755+0000] {logging_mixin.py:190} INFO - [2024-12-06T22:04:04.755+0000] {dag.py:4180} INFO - Setting next_dagrun for example_complex to None, run_after=None
[2024-12-06T22:04:04.787+0000] {processor.py:208} INFO - Processing /home/airflow/.local/lib/python3.12/site-packages/airflow/example_dags/example_complex.py took 0.151 seconds
[2024-12-06T22:04:36.035+0000] {processor.py:186} INFO - Started process (PID=2956) to work on /home/airflow/.local/lib/python3.12/site-packages/airflow/example_dags/example_complex.py
[2024-12-06T22:04:36.037+0000] {processor.py:914} INFO - Processing file /home/airflow/.local/lib/python3.12/site-packages/airflow/example_dags/example_complex.py for tasks to queue
[2024-12-06T22:04:36.040+0000] {logging_mixin.py:190} INFO - [2024-12-06T22:04:36.040+0000] {dagbag.py:588} INFO - Filling up the DagBag from /home/airflow/.local/lib/python3.12/site-packages/airflow/example_dags/example_complex.py
[2024-12-06T22:04:36.061+0000] {processor.py:925} INFO - DAG(s) 'example_complex' retrieved from /home/airflow/.local/lib/python3.12/site-packages/airflow/example_dags/example_complex.py
[2024-12-06T22:04:36.115+0000] {logging_mixin.py:190} INFO - [2024-12-06T22:04:36.115+0000] {dag.py:3239} INFO - Sync 1 DAGs
[2024-12-06T22:04:36.136+0000] {logging_mixin.py:190} INFO - [2024-12-06T22:04:36.136+0000] {dag.py:4180} INFO - Setting next_dagrun for example_complex to None, run_after=None
[2024-12-06T22:04:36.165+0000] {processor.py:208} INFO - Processing /home/airflow/.local/lib/python3.12/site-packages/airflow/example_dags/example_complex.py took 0.140 seconds
[2024-12-06T22:05:07.421+0000] {processor.py:186} INFO - Started process (PID=3019) to work on /home/airflow/.local/lib/python3.12/site-packages/airflow/example_dags/example_complex.py
[2024-12-06T22:05:07.423+0000] {processor.py:914} INFO - Processing file /home/airflow/.local/lib/python3.12/site-packages/airflow/example_dags/example_complex.py for tasks to queue
[2024-12-06T22:05:07.426+0000] {logging_mixin.py:190} INFO - [2024-12-06T22:05:07.426+0000] {dagbag.py:588} INFO - Filling up the DagBag from /home/airflow/.local/lib/python3.12/site-packages/airflow/example_dags/example_complex.py
[2024-12-06T22:05:07.445+0000] {processor.py:925} INFO - DAG(s) 'example_complex' retrieved from /home/airflow/.local/lib/python3.12/site-packages/airflow/example_dags/example_complex.py
[2024-12-06T22:05:07.497+0000] {logging_mixin.py:190} INFO - [2024-12-06T22:05:07.497+0000] {dag.py:3239} INFO - Sync 1 DAGs
[2024-12-06T22:05:07.520+0000] {logging_mixin.py:190} INFO - [2024-12-06T22:05:07.520+0000] {dag.py:4180} INFO - Setting next_dagrun for example_complex to None, run_after=None
[2024-12-06T22:05:07.546+0000] {processor.py:208} INFO - Processing /home/airflow/.local/lib/python3.12/site-packages/airflow/example_dags/example_complex.py took 0.136 seconds
[2024-12-06T22:05:38.926+0000] {processor.py:186} INFO - Started process (PID=3082) to work on /home/airflow/.local/lib/python3.12/site-packages/airflow/example_dags/example_complex.py
[2024-12-06T22:05:38.927+0000] {processor.py:914} INFO - Processing file /home/airflow/.local/lib/python3.12/site-packages/airflow/example_dags/example_complex.py for tasks to queue
[2024-12-06T22:05:38.930+0000] {logging_mixin.py:190} INFO - [2024-12-06T22:05:38.930+0000] {dagbag.py:588} INFO - Filling up the DagBag from /home/airflow/.local/lib/python3.12/site-packages/airflow/example_dags/example_complex.py
[2024-12-06T22:05:38.951+0000] {processor.py:925} INFO - DAG(s) 'example_complex' retrieved from /home/airflow/.local/lib/python3.12/site-packages/airflow/example_dags/example_complex.py
[2024-12-06T22:05:38.998+0000] {logging_mixin.py:190} INFO - [2024-12-06T22:05:38.998+0000] {dag.py:3239} INFO - Sync 1 DAGs
[2024-12-06T22:05:39.023+0000] {logging_mixin.py:190} INFO - [2024-12-06T22:05:39.023+0000] {dag.py:4180} INFO - Setting next_dagrun for example_complex to None, run_after=None
[2024-12-06T22:05:39.049+0000] {processor.py:208} INFO - Processing /home/airflow/.local/lib/python3.12/site-packages/airflow/example_dags/example_complex.py took 0.133 seconds
[2024-12-06T22:06:10.927+0000] {processor.py:186} INFO - Started process (PID=3145) to work on /home/airflow/.local/lib/python3.12/site-packages/airflow/example_dags/example_complex.py
[2024-12-06T22:06:10.928+0000] {processor.py:914} INFO - Processing file /home/airflow/.local/lib/python3.12/site-packages/airflow/example_dags/example_complex.py for tasks to queue
[2024-12-06T22:06:10.931+0000] {logging_mixin.py:190} INFO - [2024-12-06T22:06:10.931+0000] {dagbag.py:588} INFO - Filling up the DagBag from /home/airflow/.local/lib/python3.12/site-packages/airflow/example_dags/example_complex.py
[2024-12-06T22:06:10.951+0000] {processor.py:925} INFO - DAG(s) 'example_complex' retrieved from /home/airflow/.local/lib/python3.12/site-packages/airflow/example_dags/example_complex.py
[2024-12-06T22:06:10.998+0000] {logging_mixin.py:190} INFO - [2024-12-06T22:06:10.998+0000] {dag.py:3239} INFO - Sync 1 DAGs
[2024-12-06T22:06:11.019+0000] {logging_mixin.py:190} INFO - [2024-12-06T22:06:11.018+0000] {dag.py:4180} INFO - Setting next_dagrun for example_complex to None, run_after=None
[2024-12-06T22:06:11.047+0000] {processor.py:208} INFO - Processing /home/airflow/.local/lib/python3.12/site-packages/airflow/example_dags/example_complex.py took 0.129 seconds
[2024-12-06T22:06:42.683+0000] {processor.py:186} INFO - Started process (PID=3212) to work on /home/airflow/.local/lib/python3.12/site-packages/airflow/example_dags/example_complex.py
[2024-12-06T22:06:42.685+0000] {processor.py:914} INFO - Processing file /home/airflow/.local/lib/python3.12/site-packages/airflow/example_dags/example_complex.py for tasks to queue
[2024-12-06T22:06:42.690+0000] {logging_mixin.py:190} INFO - [2024-12-06T22:06:42.689+0000] {dagbag.py:588} INFO - Filling up the DagBag from /home/airflow/.local/lib/python3.12/site-packages/airflow/example_dags/example_complex.py
[2024-12-06T22:06:42.714+0000] {processor.py:925} INFO - DAG(s) 'example_complex' retrieved from /home/airflow/.local/lib/python3.12/site-packages/airflow/example_dags/example_complex.py
[2024-12-06T22:06:42.765+0000] {logging_mixin.py:190} INFO - [2024-12-06T22:06:42.765+0000] {dag.py:3239} INFO - Sync 1 DAGs
[2024-12-06T22:06:42.785+0000] {logging_mixin.py:190} INFO - [2024-12-06T22:06:42.785+0000] {dag.py:4180} INFO - Setting next_dagrun for example_complex to None, run_after=None
[2024-12-06T22:06:42.812+0000] {processor.py:208} INFO - Processing /home/airflow/.local/lib/python3.12/site-packages/airflow/example_dags/example_complex.py took 0.141 seconds
[2024-12-06T22:07:14.836+0000] {processor.py:186} INFO - Started process (PID=3275) to work on /home/airflow/.local/lib/python3.12/site-packages/airflow/example_dags/example_complex.py
[2024-12-06T22:07:14.837+0000] {processor.py:914} INFO - Processing file /home/airflow/.local/lib/python3.12/site-packages/airflow/example_dags/example_complex.py for tasks to queue
[2024-12-06T22:07:14.841+0000] {logging_mixin.py:190} INFO - [2024-12-06T22:07:14.841+0000] {dagbag.py:588} INFO - Filling up the DagBag from /home/airflow/.local/lib/python3.12/site-packages/airflow/example_dags/example_complex.py
[2024-12-06T22:07:14.868+0000] {processor.py:925} INFO - DAG(s) 'example_complex' retrieved from /home/airflow/.local/lib/python3.12/site-packages/airflow/example_dags/example_complex.py
[2024-12-06T22:07:14.934+0000] {logging_mixin.py:190} INFO - [2024-12-06T22:07:14.934+0000] {dag.py:3239} INFO - Sync 1 DAGs
[2024-12-06T22:07:14.963+0000] {logging_mixin.py:190} INFO - [2024-12-06T22:07:14.960+0000] {dag.py:4180} INFO - Setting next_dagrun for example_complex to None, run_after=None
[2024-12-06T22:07:15.003+0000] {processor.py:208} INFO - Processing /home/airflow/.local/lib/python3.12/site-packages/airflow/example_dags/example_complex.py took 0.180 seconds
[2024-12-06T22:07:47.340+0000] {processor.py:186} INFO - Started process (PID=3338) to work on /home/airflow/.local/lib/python3.12/site-packages/airflow/example_dags/example_complex.py
[2024-12-06T22:07:47.342+0000] {processor.py:914} INFO - Processing file /home/airflow/.local/lib/python3.12/site-packages/airflow/example_dags/example_complex.py for tasks to queue
[2024-12-06T22:07:47.346+0000] {logging_mixin.py:190} INFO - [2024-12-06T22:07:47.345+0000] {dagbag.py:588} INFO - Filling up the DagBag from /home/airflow/.local/lib/python3.12/site-packages/airflow/example_dags/example_complex.py
[2024-12-06T22:07:47.370+0000] {processor.py:925} INFO - DAG(s) 'example_complex' retrieved from /home/airflow/.local/lib/python3.12/site-packages/airflow/example_dags/example_complex.py
[2024-12-06T22:07:47.439+0000] {logging_mixin.py:190} INFO - [2024-12-06T22:07:47.438+0000] {dag.py:3239} INFO - Sync 1 DAGs
[2024-12-06T22:07:47.466+0000] {logging_mixin.py:190} INFO - [2024-12-06T22:07:47.465+0000] {dag.py:4180} INFO - Setting next_dagrun for example_complex to None, run_after=None
[2024-12-06T22:07:47.496+0000] {processor.py:208} INFO - Processing /home/airflow/.local/lib/python3.12/site-packages/airflow/example_dags/example_complex.py took 0.166 seconds
[2024-12-06T22:08:18.773+0000] {processor.py:186} INFO - Started process (PID=3401) to work on /home/airflow/.local/lib/python3.12/site-packages/airflow/example_dags/example_complex.py
[2024-12-06T22:08:18.775+0000] {processor.py:914} INFO - Processing file /home/airflow/.local/lib/python3.12/site-packages/airflow/example_dags/example_complex.py for tasks to queue
[2024-12-06T22:08:18.778+0000] {logging_mixin.py:190} INFO - [2024-12-06T22:08:18.777+0000] {dagbag.py:588} INFO - Filling up the DagBag from /home/airflow/.local/lib/python3.12/site-packages/airflow/example_dags/example_complex.py
[2024-12-06T22:08:18.795+0000] {processor.py:925} INFO - DAG(s) 'example_complex' retrieved from /home/airflow/.local/lib/python3.12/site-packages/airflow/example_dags/example_complex.py
[2024-12-06T22:08:18.844+0000] {logging_mixin.py:190} INFO - [2024-12-06T22:08:18.844+0000] {dag.py:3239} INFO - Sync 1 DAGs
[2024-12-06T22:08:18.865+0000] {logging_mixin.py:190} INFO - [2024-12-06T22:08:18.864+0000] {dag.py:4180} INFO - Setting next_dagrun for example_complex to None, run_after=None
[2024-12-06T22:08:18.894+0000] {processor.py:208} INFO - Processing /home/airflow/.local/lib/python3.12/site-packages/airflow/example_dags/example_complex.py took 0.130 seconds
[2024-12-06T22:08:51.019+0000] {processor.py:186} INFO - Started process (PID=3470) to work on /home/airflow/.local/lib/python3.12/site-packages/airflow/example_dags/example_complex.py
[2024-12-06T22:08:51.021+0000] {processor.py:914} INFO - Processing file /home/airflow/.local/lib/python3.12/site-packages/airflow/example_dags/example_complex.py for tasks to queue
[2024-12-06T22:08:51.026+0000] {logging_mixin.py:190} INFO - [2024-12-06T22:08:51.026+0000] {dagbag.py:588} INFO - Filling up the DagBag from /home/airflow/.local/lib/python3.12/site-packages/airflow/example_dags/example_complex.py
[2024-12-06T22:08:51.047+0000] {processor.py:925} INFO - DAG(s) 'example_complex' retrieved from /home/airflow/.local/lib/python3.12/site-packages/airflow/example_dags/example_complex.py
[2024-12-06T22:08:51.095+0000] {logging_mixin.py:190} INFO - [2024-12-06T22:08:51.095+0000] {dag.py:3239} INFO - Sync 1 DAGs
[2024-12-06T22:08:51.346+0000] {logging_mixin.py:190} INFO - [2024-12-06T22:08:51.346+0000] {dag.py:4180} INFO - Setting next_dagrun for example_complex to None, run_after=None
[2024-12-06T22:08:51.378+0000] {processor.py:208} INFO - Processing /home/airflow/.local/lib/python3.12/site-packages/airflow/example_dags/example_complex.py took 0.371 seconds
[2024-12-06T22:09:22.287+0000] {processor.py:186} INFO - Started process (PID=3533) to work on /home/airflow/.local/lib/python3.12/site-packages/airflow/example_dags/example_complex.py
[2024-12-06T22:09:22.293+0000] {processor.py:914} INFO - Processing file /home/airflow/.local/lib/python3.12/site-packages/airflow/example_dags/example_complex.py for tasks to queue
[2024-12-06T22:09:22.305+0000] {logging_mixin.py:190} INFO - [2024-12-06T22:09:22.303+0000] {dagbag.py:588} INFO - Filling up the DagBag from /home/airflow/.local/lib/python3.12/site-packages/airflow/example_dags/example_complex.py
[2024-12-06T22:09:22.370+0000] {processor.py:925} INFO - DAG(s) 'example_complex' retrieved from /home/airflow/.local/lib/python3.12/site-packages/airflow/example_dags/example_complex.py
[2024-12-06T22:09:22.422+0000] {logging_mixin.py:190} INFO - [2024-12-06T22:09:22.422+0000] {dag.py:3239} INFO - Sync 1 DAGs
[2024-12-06T22:09:22.444+0000] {logging_mixin.py:190} INFO - [2024-12-06T22:09:22.444+0000] {dag.py:4180} INFO - Setting next_dagrun for example_complex to None, run_after=None
[2024-12-06T22:09:22.469+0000] {processor.py:208} INFO - Processing /home/airflow/.local/lib/python3.12/site-packages/airflow/example_dags/example_complex.py took 0.209 seconds
[2024-12-06T22:09:52.784+0000] {processor.py:186} INFO - Started process (PID=3596) to work on /home/airflow/.local/lib/python3.12/site-packages/airflow/example_dags/example_complex.py
[2024-12-06T22:09:52.786+0000] {processor.py:914} INFO - Processing file /home/airflow/.local/lib/python3.12/site-packages/airflow/example_dags/example_complex.py for tasks to queue
[2024-12-06T22:09:52.790+0000] {logging_mixin.py:190} INFO - [2024-12-06T22:09:52.790+0000] {dagbag.py:588} INFO - Filling up the DagBag from /home/airflow/.local/lib/python3.12/site-packages/airflow/example_dags/example_complex.py
[2024-12-06T22:09:52.819+0000] {processor.py:925} INFO - DAG(s) 'example_complex' retrieved from /home/airflow/.local/lib/python3.12/site-packages/airflow/example_dags/example_complex.py
[2024-12-06T22:09:52.891+0000] {logging_mixin.py:190} INFO - [2024-12-06T22:09:52.891+0000] {dag.py:3239} INFO - Sync 1 DAGs
[2024-12-06T22:09:52.921+0000] {logging_mixin.py:190} INFO - [2024-12-06T22:09:52.921+0000] {dag.py:4180} INFO - Setting next_dagrun for example_complex to None, run_after=None
[2024-12-06T22:09:52.958+0000] {processor.py:208} INFO - Processing /home/airflow/.local/lib/python3.12/site-packages/airflow/example_dags/example_complex.py took 0.188 seconds
[2024-12-06T22:10:23.719+0000] {processor.py:186} INFO - Started process (PID=3659) to work on /home/airflow/.local/lib/python3.12/site-packages/airflow/example_dags/example_complex.py
[2024-12-06T22:10:23.721+0000] {processor.py:914} INFO - Processing file /home/airflow/.local/lib/python3.12/site-packages/airflow/example_dags/example_complex.py for tasks to queue
[2024-12-06T22:10:23.724+0000] {logging_mixin.py:190} INFO - [2024-12-06T22:10:23.724+0000] {dagbag.py:588} INFO - Filling up the DagBag from /home/airflow/.local/lib/python3.12/site-packages/airflow/example_dags/example_complex.py
[2024-12-06T22:10:23.748+0000] {processor.py:925} INFO - DAG(s) 'example_complex' retrieved from /home/airflow/.local/lib/python3.12/site-packages/airflow/example_dags/example_complex.py
[2024-12-06T22:10:23.803+0000] {logging_mixin.py:190} INFO - [2024-12-06T22:10:23.803+0000] {dag.py:3239} INFO - Sync 1 DAGs
[2024-12-06T22:10:23.825+0000] {logging_mixin.py:190} INFO - [2024-12-06T22:10:23.825+0000] {dag.py:4180} INFO - Setting next_dagrun for example_complex to None, run_after=None
[2024-12-06T22:10:23.856+0000] {processor.py:208} INFO - Processing /home/airflow/.local/lib/python3.12/site-packages/airflow/example_dags/example_complex.py took 0.148 seconds
[2024-12-06T22:10:54.774+0000] {processor.py:186} INFO - Started process (PID=3722) to work on /home/airflow/.local/lib/python3.12/site-packages/airflow/example_dags/example_complex.py
[2024-12-06T22:10:54.776+0000] {processor.py:914} INFO - Processing file /home/airflow/.local/lib/python3.12/site-packages/airflow/example_dags/example_complex.py for tasks to queue
[2024-12-06T22:10:54.781+0000] {logging_mixin.py:190} INFO - [2024-12-06T22:10:54.780+0000] {dagbag.py:588} INFO - Filling up the DagBag from /home/airflow/.local/lib/python3.12/site-packages/airflow/example_dags/example_complex.py
[2024-12-06T22:10:54.814+0000] {processor.py:925} INFO - DAG(s) 'example_complex' retrieved from /home/airflow/.local/lib/python3.12/site-packages/airflow/example_dags/example_complex.py
[2024-12-06T22:10:54.891+0000] {logging_mixin.py:190} INFO - [2024-12-06T22:10:54.891+0000] {dag.py:3239} INFO - Sync 1 DAGs
[2024-12-06T22:10:54.927+0000] {logging_mixin.py:190} INFO - [2024-12-06T22:10:54.927+0000] {dag.py:4180} INFO - Setting next_dagrun for example_complex to None, run_after=None
[2024-12-06T22:10:54.979+0000] {processor.py:208} INFO - Processing /home/airflow/.local/lib/python3.12/site-packages/airflow/example_dags/example_complex.py took 0.219 seconds
