[2024-12-06T21:40:54.900+0000] {processor.py:186} INFO - Started process (PID=97) to work on /home/airflow/.local/lib/python3.12/site-packages/airflow/example_dags/example_sensors.py
[2024-12-06T21:40:54.902+0000] {processor.py:914} INFO - Processing file /home/airflow/.local/lib/python3.12/site-packages/airflow/example_dags/example_sensors.py for tasks to queue
[2024-12-06T21:40:54.905+0000] {logging_mixin.py:190} INFO - [2024-12-06T21:40:54.905+0000] {dagbag.py:588} INFO - Filling up the DagBag from /home/airflow/.local/lib/python3.12/site-packages/airflow/example_dags/example_sensors.py
[2024-12-06T21:40:54.923+0000] {processor.py:925} INFO - DAG(s) 'example_sensors' retrieved from /home/airflow/.local/lib/python3.12/site-packages/airflow/example_dags/example_sensors.py
[2024-12-06T21:40:55.070+0000] {logging_mixin.py:190} INFO - [2024-12-06T21:40:55.069+0000] {override.py:1911} INFO - Created Permission View: can edit on DAG:example_sensors
[2024-12-06T21:40:55.082+0000] {logging_mixin.py:190} INFO - [2024-12-06T21:40:55.081+0000] {override.py:1911} INFO - Created Permission View: can delete on DAG:example_sensors
[2024-12-06T21:40:55.090+0000] {logging_mixin.py:190} INFO - [2024-12-06T21:40:55.090+0000] {override.py:1911} INFO - Created Permission View: can read on DAG:example_sensors
[2024-12-06T21:40:55.100+0000] {logging_mixin.py:190} INFO - [2024-12-06T21:40:55.100+0000] {override.py:1911} INFO - Created Permission View: menu access on DAG Run:example_sensors
[2024-12-06T21:40:55.109+0000] {logging_mixin.py:190} INFO - [2024-12-06T21:40:55.109+0000] {override.py:1911} INFO - Created Permission View: can create on DAG Run:example_sensors
[2024-12-06T21:40:55.118+0000] {logging_mixin.py:190} INFO - [2024-12-06T21:40:55.118+0000] {override.py:1911} INFO - Created Permission View: can delete on DAG Run:example_sensors
[2024-12-06T21:40:55.128+0000] {logging_mixin.py:190} INFO - [2024-12-06T21:40:55.127+0000] {override.py:1911} INFO - Created Permission View: can read on DAG Run:example_sensors
[2024-12-06T21:40:55.129+0000] {logging_mixin.py:190} INFO - [2024-12-06T21:40:55.128+0000] {dag.py:3239} INFO - Sync 1 DAGs
[2024-12-06T21:40:55.147+0000] {logging_mixin.py:190} INFO - [2024-12-06T21:40:55.146+0000] {dag.py:3262} INFO - Creating ORM DAG for example_sensors
[2024-12-06T21:40:55.148+0000] {logging_mixin.py:190} INFO - [2024-12-06T21:40:55.148+0000] {dag.py:4180} INFO - Setting next_dagrun for example_sensors to None, run_after=None
[2024-12-06T21:40:55.170+0000] {processor.py:208} INFO - Processing /home/airflow/.local/lib/python3.12/site-packages/airflow/example_dags/example_sensors.py took 0.279 seconds
[2024-12-06T21:41:25.525+0000] {processor.py:186} INFO - Started process (PID=159) to work on /home/airflow/.local/lib/python3.12/site-packages/airflow/example_dags/example_sensors.py
[2024-12-06T21:41:25.526+0000] {processor.py:914} INFO - Processing file /home/airflow/.local/lib/python3.12/site-packages/airflow/example_dags/example_sensors.py for tasks to queue
[2024-12-06T21:41:25.529+0000] {logging_mixin.py:190} INFO - [2024-12-06T21:41:25.529+0000] {dagbag.py:588} INFO - Filling up the DagBag from /home/airflow/.local/lib/python3.12/site-packages/airflow/example_dags/example_sensors.py
[2024-12-06T21:41:25.545+0000] {processor.py:925} INFO - DAG(s) 'example_sensors' retrieved from /home/airflow/.local/lib/python3.12/site-packages/airflow/example_dags/example_sensors.py
[2024-12-06T21:41:25.578+0000] {logging_mixin.py:190} INFO - [2024-12-06T21:41:25.577+0000] {dag.py:3239} INFO - Sync 1 DAGs
[2024-12-06T21:41:25.600+0000] {logging_mixin.py:190} INFO - [2024-12-06T21:41:25.600+0000] {dag.py:4180} INFO - Setting next_dagrun for example_sensors to None, run_after=None
[2024-12-06T21:41:25.622+0000] {processor.py:208} INFO - Processing /home/airflow/.local/lib/python3.12/site-packages/airflow/example_dags/example_sensors.py took 0.105 seconds
[2024-12-06T21:41:55.896+0000] {processor.py:186} INFO - Started process (PID=221) to work on /home/airflow/.local/lib/python3.12/site-packages/airflow/example_dags/example_sensors.py
[2024-12-06T21:41:55.898+0000] {processor.py:914} INFO - Processing file /home/airflow/.local/lib/python3.12/site-packages/airflow/example_dags/example_sensors.py for tasks to queue
[2024-12-06T21:41:55.901+0000] {logging_mixin.py:190} INFO - [2024-12-06T21:41:55.901+0000] {dagbag.py:588} INFO - Filling up the DagBag from /home/airflow/.local/lib/python3.12/site-packages/airflow/example_dags/example_sensors.py
[2024-12-06T21:41:55.918+0000] {processor.py:925} INFO - DAG(s) 'example_sensors' retrieved from /home/airflow/.local/lib/python3.12/site-packages/airflow/example_dags/example_sensors.py
[2024-12-06T21:41:55.954+0000] {logging_mixin.py:190} INFO - [2024-12-06T21:41:55.954+0000] {dag.py:3239} INFO - Sync 1 DAGs
[2024-12-06T21:41:55.973+0000] {logging_mixin.py:190} INFO - [2024-12-06T21:41:55.973+0000] {dag.py:4180} INFO - Setting next_dagrun for example_sensors to None, run_after=None
[2024-12-06T21:41:55.998+0000] {processor.py:208} INFO - Processing /home/airflow/.local/lib/python3.12/site-packages/airflow/example_dags/example_sensors.py took 0.110 seconds
[2024-12-06T21:42:27.063+0000] {processor.py:186} INFO - Started process (PID=284) to work on /home/airflow/.local/lib/python3.12/site-packages/airflow/example_dags/example_sensors.py
[2024-12-06T21:42:27.064+0000] {processor.py:914} INFO - Processing file /home/airflow/.local/lib/python3.12/site-packages/airflow/example_dags/example_sensors.py for tasks to queue
[2024-12-06T21:42:27.067+0000] {logging_mixin.py:190} INFO - [2024-12-06T21:42:27.067+0000] {dagbag.py:588} INFO - Filling up the DagBag from /home/airflow/.local/lib/python3.12/site-packages/airflow/example_dags/example_sensors.py
[2024-12-06T21:42:27.081+0000] {processor.py:925} INFO - DAG(s) 'example_sensors' retrieved from /home/airflow/.local/lib/python3.12/site-packages/airflow/example_dags/example_sensors.py
[2024-12-06T21:42:27.114+0000] {logging_mixin.py:190} INFO - [2024-12-06T21:42:27.114+0000] {dag.py:3239} INFO - Sync 1 DAGs
[2024-12-06T21:42:27.131+0000] {logging_mixin.py:190} INFO - [2024-12-06T21:42:27.131+0000] {dag.py:4180} INFO - Setting next_dagrun for example_sensors to None, run_after=None
[2024-12-06T21:42:27.154+0000] {processor.py:208} INFO - Processing /home/airflow/.local/lib/python3.12/site-packages/airflow/example_dags/example_sensors.py took 0.099 seconds
[2024-12-06T21:42:58.084+0000] {processor.py:186} INFO - Started process (PID=347) to work on /home/airflow/.local/lib/python3.12/site-packages/airflow/example_dags/example_sensors.py
[2024-12-06T21:42:58.085+0000] {processor.py:914} INFO - Processing file /home/airflow/.local/lib/python3.12/site-packages/airflow/example_dags/example_sensors.py for tasks to queue
[2024-12-06T21:42:58.089+0000] {logging_mixin.py:190} INFO - [2024-12-06T21:42:58.089+0000] {dagbag.py:588} INFO - Filling up the DagBag from /home/airflow/.local/lib/python3.12/site-packages/airflow/example_dags/example_sensors.py
[2024-12-06T21:42:58.105+0000] {processor.py:925} INFO - DAG(s) 'example_sensors' retrieved from /home/airflow/.local/lib/python3.12/site-packages/airflow/example_dags/example_sensors.py
[2024-12-06T21:42:58.139+0000] {logging_mixin.py:190} INFO - [2024-12-06T21:42:58.138+0000] {dag.py:3239} INFO - Sync 1 DAGs
[2024-12-06T21:42:58.157+0000] {logging_mixin.py:190} INFO - [2024-12-06T21:42:58.157+0000] {dag.py:4180} INFO - Setting next_dagrun for example_sensors to None, run_after=None
[2024-12-06T21:42:58.183+0000] {processor.py:208} INFO - Processing /home/airflow/.local/lib/python3.12/site-packages/airflow/example_dags/example_sensors.py took 0.109 seconds
[2024-12-06T21:43:28.763+0000] {processor.py:186} INFO - Started process (PID=409) to work on /home/airflow/.local/lib/python3.12/site-packages/airflow/example_dags/example_sensors.py
[2024-12-06T21:43:28.764+0000] {processor.py:914} INFO - Processing file /home/airflow/.local/lib/python3.12/site-packages/airflow/example_dags/example_sensors.py for tasks to queue
[2024-12-06T21:43:28.768+0000] {logging_mixin.py:190} INFO - [2024-12-06T21:43:28.767+0000] {dagbag.py:588} INFO - Filling up the DagBag from /home/airflow/.local/lib/python3.12/site-packages/airflow/example_dags/example_sensors.py
[2024-12-06T21:43:28.782+0000] {processor.py:925} INFO - DAG(s) 'example_sensors' retrieved from /home/airflow/.local/lib/python3.12/site-packages/airflow/example_dags/example_sensors.py
[2024-12-06T21:43:28.835+0000] {logging_mixin.py:190} INFO - [2024-12-06T21:43:28.834+0000] {dag.py:3239} INFO - Sync 1 DAGs
[2024-12-06T21:43:28.881+0000] {logging_mixin.py:190} INFO - [2024-12-06T21:43:28.880+0000] {dag.py:4180} INFO - Setting next_dagrun for example_sensors to None, run_after=None
[2024-12-06T21:43:28.924+0000] {processor.py:208} INFO - Processing /home/airflow/.local/lib/python3.12/site-packages/airflow/example_dags/example_sensors.py took 0.173 seconds
[2024-12-06T21:44:00.415+0000] {processor.py:186} INFO - Started process (PID=472) to work on /home/airflow/.local/lib/python3.12/site-packages/airflow/example_dags/example_sensors.py
[2024-12-06T21:44:00.417+0000] {processor.py:914} INFO - Processing file /home/airflow/.local/lib/python3.12/site-packages/airflow/example_dags/example_sensors.py for tasks to queue
[2024-12-06T21:44:00.420+0000] {logging_mixin.py:190} INFO - [2024-12-06T21:44:00.420+0000] {dagbag.py:588} INFO - Filling up the DagBag from /home/airflow/.local/lib/python3.12/site-packages/airflow/example_dags/example_sensors.py
[2024-12-06T21:44:00.435+0000] {processor.py:925} INFO - DAG(s) 'example_sensors' retrieved from /home/airflow/.local/lib/python3.12/site-packages/airflow/example_dags/example_sensors.py
[2024-12-06T21:44:00.471+0000] {logging_mixin.py:190} INFO - [2024-12-06T21:44:00.471+0000] {dag.py:3239} INFO - Sync 1 DAGs
[2024-12-06T21:44:00.491+0000] {logging_mixin.py:190} INFO - [2024-12-06T21:44:00.490+0000] {dag.py:4180} INFO - Setting next_dagrun for example_sensors to None, run_after=None
[2024-12-06T21:44:00.517+0000] {processor.py:208} INFO - Processing /home/airflow/.local/lib/python3.12/site-packages/airflow/example_dags/example_sensors.py took 0.116 seconds
[2024-12-06T21:44:31.706+0000] {processor.py:186} INFO - Started process (PID=535) to work on /home/airflow/.local/lib/python3.12/site-packages/airflow/example_dags/example_sensors.py
[2024-12-06T21:44:31.707+0000] {processor.py:914} INFO - Processing file /home/airflow/.local/lib/python3.12/site-packages/airflow/example_dags/example_sensors.py for tasks to queue
[2024-12-06T21:44:31.710+0000] {logging_mixin.py:190} INFO - [2024-12-06T21:44:31.710+0000] {dagbag.py:588} INFO - Filling up the DagBag from /home/airflow/.local/lib/python3.12/site-packages/airflow/example_dags/example_sensors.py
[2024-12-06T21:44:31.724+0000] {processor.py:925} INFO - DAG(s) 'example_sensors' retrieved from /home/airflow/.local/lib/python3.12/site-packages/airflow/example_dags/example_sensors.py
[2024-12-06T21:44:31.757+0000] {logging_mixin.py:190} INFO - [2024-12-06T21:44:31.757+0000] {dag.py:3239} INFO - Sync 1 DAGs
[2024-12-06T21:44:31.774+0000] {logging_mixin.py:190} INFO - [2024-12-06T21:44:31.774+0000] {dag.py:4180} INFO - Setting next_dagrun for example_sensors to None, run_after=None
[2024-12-06T21:44:31.797+0000] {processor.py:208} INFO - Processing /home/airflow/.local/lib/python3.12/site-packages/airflow/example_dags/example_sensors.py took 0.099 seconds
[2024-12-06T21:45:03.121+0000] {processor.py:186} INFO - Started process (PID=598) to work on /home/airflow/.local/lib/python3.12/site-packages/airflow/example_dags/example_sensors.py
[2024-12-06T21:45:03.122+0000] {processor.py:914} INFO - Processing file /home/airflow/.local/lib/python3.12/site-packages/airflow/example_dags/example_sensors.py for tasks to queue
[2024-12-06T21:45:03.125+0000] {logging_mixin.py:190} INFO - [2024-12-06T21:45:03.125+0000] {dagbag.py:588} INFO - Filling up the DagBag from /home/airflow/.local/lib/python3.12/site-packages/airflow/example_dags/example_sensors.py
[2024-12-06T21:45:03.139+0000] {processor.py:925} INFO - DAG(s) 'example_sensors' retrieved from /home/airflow/.local/lib/python3.12/site-packages/airflow/example_dags/example_sensors.py
[2024-12-06T21:45:03.173+0000] {logging_mixin.py:190} INFO - [2024-12-06T21:45:03.173+0000] {dag.py:3239} INFO - Sync 1 DAGs
[2024-12-06T21:45:03.192+0000] {logging_mixin.py:190} INFO - [2024-12-06T21:45:03.192+0000] {dag.py:4180} INFO - Setting next_dagrun for example_sensors to None, run_after=None
[2024-12-06T21:45:03.217+0000] {processor.py:208} INFO - Processing /home/airflow/.local/lib/python3.12/site-packages/airflow/example_dags/example_sensors.py took 0.104 seconds
[2024-12-06T21:45:34.702+0000] {processor.py:186} INFO - Started process (PID=662) to work on /home/airflow/.local/lib/python3.12/site-packages/airflow/example_dags/example_sensors.py
[2024-12-06T21:45:34.704+0000] {processor.py:914} INFO - Processing file /home/airflow/.local/lib/python3.12/site-packages/airflow/example_dags/example_sensors.py for tasks to queue
[2024-12-06T21:45:34.707+0000] {logging_mixin.py:190} INFO - [2024-12-06T21:45:34.707+0000] {dagbag.py:588} INFO - Filling up the DagBag from /home/airflow/.local/lib/python3.12/site-packages/airflow/example_dags/example_sensors.py
[2024-12-06T21:45:34.724+0000] {processor.py:925} INFO - DAG(s) 'example_sensors' retrieved from /home/airflow/.local/lib/python3.12/site-packages/airflow/example_dags/example_sensors.py
[2024-12-06T21:45:34.764+0000] {logging_mixin.py:190} INFO - [2024-12-06T21:45:34.764+0000] {dag.py:3239} INFO - Sync 1 DAGs
[2024-12-06T21:45:34.786+0000] {logging_mixin.py:190} INFO - [2024-12-06T21:45:34.785+0000] {dag.py:4180} INFO - Setting next_dagrun for example_sensors to None, run_after=None
[2024-12-06T21:45:34.813+0000] {processor.py:208} INFO - Processing /home/airflow/.local/lib/python3.12/site-packages/airflow/example_dags/example_sensors.py took 0.120 seconds
[2024-12-06T21:46:06.749+0000] {processor.py:186} INFO - Started process (PID=726) to work on /home/airflow/.local/lib/python3.12/site-packages/airflow/example_dags/example_sensors.py
[2024-12-06T21:46:06.750+0000] {processor.py:914} INFO - Processing file /home/airflow/.local/lib/python3.12/site-packages/airflow/example_dags/example_sensors.py for tasks to queue
[2024-12-06T21:46:06.754+0000] {logging_mixin.py:190} INFO - [2024-12-06T21:46:06.753+0000] {dagbag.py:588} INFO - Filling up the DagBag from /home/airflow/.local/lib/python3.12/site-packages/airflow/example_dags/example_sensors.py
[2024-12-06T21:46:06.768+0000] {processor.py:925} INFO - DAG(s) 'example_sensors' retrieved from /home/airflow/.local/lib/python3.12/site-packages/airflow/example_dags/example_sensors.py
[2024-12-06T21:46:06.802+0000] {logging_mixin.py:190} INFO - [2024-12-06T21:46:06.802+0000] {dag.py:3239} INFO - Sync 1 DAGs
[2024-12-06T21:46:06.821+0000] {logging_mixin.py:190} INFO - [2024-12-06T21:46:06.820+0000] {dag.py:4180} INFO - Setting next_dagrun for example_sensors to None, run_after=None
[2024-12-06T21:46:06.847+0000] {processor.py:208} INFO - Processing /home/airflow/.local/lib/python3.12/site-packages/airflow/example_dags/example_sensors.py took 0.106 seconds
[2024-12-06T21:46:39.337+0000] {processor.py:186} INFO - Started process (PID=794) to work on /home/airflow/.local/lib/python3.12/site-packages/airflow/example_dags/example_sensors.py
[2024-12-06T21:46:39.339+0000] {processor.py:914} INFO - Processing file /home/airflow/.local/lib/python3.12/site-packages/airflow/example_dags/example_sensors.py for tasks to queue
[2024-12-06T21:46:39.342+0000] {logging_mixin.py:190} INFO - [2024-12-06T21:46:39.341+0000] {dagbag.py:588} INFO - Filling up the DagBag from /home/airflow/.local/lib/python3.12/site-packages/airflow/example_dags/example_sensors.py
[2024-12-06T21:46:39.356+0000] {processor.py:925} INFO - DAG(s) 'example_sensors' retrieved from /home/airflow/.local/lib/python3.12/site-packages/airflow/example_dags/example_sensors.py
[2024-12-06T21:46:39.391+0000] {logging_mixin.py:190} INFO - [2024-12-06T21:46:39.391+0000] {dag.py:3239} INFO - Sync 1 DAGs
[2024-12-06T21:46:39.409+0000] {logging_mixin.py:190} INFO - [2024-12-06T21:46:39.409+0000] {dag.py:4180} INFO - Setting next_dagrun for example_sensors to None, run_after=None
[2024-12-06T21:46:39.432+0000] {processor.py:208} INFO - Processing /home/airflow/.local/lib/python3.12/site-packages/airflow/example_dags/example_sensors.py took 0.103 seconds
[2024-12-06T21:47:09.999+0000] {processor.py:186} INFO - Started process (PID=857) to work on /home/airflow/.local/lib/python3.12/site-packages/airflow/example_dags/example_sensors.py
[2024-12-06T21:47:10.001+0000] {processor.py:914} INFO - Processing file /home/airflow/.local/lib/python3.12/site-packages/airflow/example_dags/example_sensors.py for tasks to queue
[2024-12-06T21:47:10.005+0000] {logging_mixin.py:190} INFO - [2024-12-06T21:47:10.004+0000] {dagbag.py:588} INFO - Filling up the DagBag from /home/airflow/.local/lib/python3.12/site-packages/airflow/example_dags/example_sensors.py
[2024-12-06T21:47:10.021+0000] {processor.py:925} INFO - DAG(s) 'example_sensors' retrieved from /home/airflow/.local/lib/python3.12/site-packages/airflow/example_dags/example_sensors.py
[2024-12-06T21:47:10.057+0000] {logging_mixin.py:190} INFO - [2024-12-06T21:47:10.057+0000] {dag.py:3239} INFO - Sync 1 DAGs
[2024-12-06T21:47:10.077+0000] {logging_mixin.py:190} INFO - [2024-12-06T21:47:10.076+0000] {dag.py:4180} INFO - Setting next_dagrun for example_sensors to None, run_after=None
[2024-12-06T21:47:10.103+0000] {processor.py:208} INFO - Processing /home/airflow/.local/lib/python3.12/site-packages/airflow/example_dags/example_sensors.py took 0.112 seconds
[2024-12-06T21:47:42.183+0000] {processor.py:186} INFO - Started process (PID=925) to work on /home/airflow/.local/lib/python3.12/site-packages/airflow/example_dags/example_sensors.py
[2024-12-06T21:47:42.185+0000] {processor.py:914} INFO - Processing file /home/airflow/.local/lib/python3.12/site-packages/airflow/example_dags/example_sensors.py for tasks to queue
[2024-12-06T21:47:42.189+0000] {logging_mixin.py:190} INFO - [2024-12-06T21:47:42.188+0000] {dagbag.py:588} INFO - Filling up the DagBag from /home/airflow/.local/lib/python3.12/site-packages/airflow/example_dags/example_sensors.py
[2024-12-06T21:47:42.209+0000] {processor.py:925} INFO - DAG(s) 'example_sensors' retrieved from /home/airflow/.local/lib/python3.12/site-packages/airflow/example_dags/example_sensors.py
[2024-12-06T21:47:42.249+0000] {logging_mixin.py:190} INFO - [2024-12-06T21:47:42.248+0000] {dag.py:3239} INFO - Sync 1 DAGs
[2024-12-06T21:47:42.270+0000] {logging_mixin.py:190} INFO - [2024-12-06T21:47:42.270+0000] {dag.py:4180} INFO - Setting next_dagrun for example_sensors to None, run_after=None
[2024-12-06T21:47:42.299+0000] {processor.py:208} INFO - Processing /home/airflow/.local/lib/python3.12/site-packages/airflow/example_dags/example_sensors.py took 0.128 seconds
[2024-12-06T21:48:14.242+0000] {processor.py:186} INFO - Started process (PID=988) to work on /home/airflow/.local/lib/python3.12/site-packages/airflow/example_dags/example_sensors.py
[2024-12-06T21:48:14.243+0000] {processor.py:914} INFO - Processing file /home/airflow/.local/lib/python3.12/site-packages/airflow/example_dags/example_sensors.py for tasks to queue
[2024-12-06T21:48:14.247+0000] {logging_mixin.py:190} INFO - [2024-12-06T21:48:14.246+0000] {dagbag.py:588} INFO - Filling up the DagBag from /home/airflow/.local/lib/python3.12/site-packages/airflow/example_dags/example_sensors.py
[2024-12-06T21:48:14.263+0000] {processor.py:925} INFO - DAG(s) 'example_sensors' retrieved from /home/airflow/.local/lib/python3.12/site-packages/airflow/example_dags/example_sensors.py
[2024-12-06T21:48:14.304+0000] {logging_mixin.py:190} INFO - [2024-12-06T21:48:14.303+0000] {dag.py:3239} INFO - Sync 1 DAGs
[2024-12-06T21:48:14.326+0000] {logging_mixin.py:190} INFO - [2024-12-06T21:48:14.325+0000] {dag.py:4180} INFO - Setting next_dagrun for example_sensors to None, run_after=None
[2024-12-06T21:48:14.360+0000] {processor.py:208} INFO - Processing /home/airflow/.local/lib/python3.12/site-packages/airflow/example_dags/example_sensors.py took 0.127 seconds
[2024-12-06T21:48:45.114+0000] {processor.py:186} INFO - Started process (PID=1050) to work on /home/airflow/.local/lib/python3.12/site-packages/airflow/example_dags/example_sensors.py
[2024-12-06T21:48:45.115+0000] {processor.py:914} INFO - Processing file /home/airflow/.local/lib/python3.12/site-packages/airflow/example_dags/example_sensors.py for tasks to queue
[2024-12-06T21:48:45.119+0000] {logging_mixin.py:190} INFO - [2024-12-06T21:48:45.118+0000] {dagbag.py:588} INFO - Filling up the DagBag from /home/airflow/.local/lib/python3.12/site-packages/airflow/example_dags/example_sensors.py
[2024-12-06T21:48:45.136+0000] {processor.py:925} INFO - DAG(s) 'example_sensors' retrieved from /home/airflow/.local/lib/python3.12/site-packages/airflow/example_dags/example_sensors.py
[2024-12-06T21:48:45.178+0000] {logging_mixin.py:190} INFO - [2024-12-06T21:48:45.178+0000] {dag.py:3239} INFO - Sync 1 DAGs
[2024-12-06T21:48:45.199+0000] {logging_mixin.py:190} INFO - [2024-12-06T21:48:45.198+0000] {dag.py:4180} INFO - Setting next_dagrun for example_sensors to None, run_after=None
[2024-12-06T21:48:45.230+0000] {processor.py:208} INFO - Processing /home/airflow/.local/lib/python3.12/site-packages/airflow/example_dags/example_sensors.py took 0.125 seconds
[2024-12-06T21:49:16.743+0000] {processor.py:186} INFO - Started process (PID=1119) to work on /home/airflow/.local/lib/python3.12/site-packages/airflow/example_dags/example_sensors.py
[2024-12-06T21:49:16.745+0000] {processor.py:914} INFO - Processing file /home/airflow/.local/lib/python3.12/site-packages/airflow/example_dags/example_sensors.py for tasks to queue
[2024-12-06T21:49:16.748+0000] {logging_mixin.py:190} INFO - [2024-12-06T21:49:16.748+0000] {dagbag.py:588} INFO - Filling up the DagBag from /home/airflow/.local/lib/python3.12/site-packages/airflow/example_dags/example_sensors.py
[2024-12-06T21:49:16.766+0000] {processor.py:925} INFO - DAG(s) 'example_sensors' retrieved from /home/airflow/.local/lib/python3.12/site-packages/airflow/example_dags/example_sensors.py
[2024-12-06T21:49:16.810+0000] {logging_mixin.py:190} INFO - [2024-12-06T21:49:16.809+0000] {dag.py:3239} INFO - Sync 1 DAGs
[2024-12-06T21:49:16.850+0000] {logging_mixin.py:190} INFO - [2024-12-06T21:49:16.850+0000] {dag.py:4180} INFO - Setting next_dagrun for example_sensors to None, run_after=None
[2024-12-06T21:49:16.885+0000] {processor.py:208} INFO - Processing /home/airflow/.local/lib/python3.12/site-packages/airflow/example_dags/example_sensors.py took 0.152 seconds
[2024-12-06T21:49:47.930+0000] {processor.py:186} INFO - Started process (PID=1182) to work on /home/airflow/.local/lib/python3.12/site-packages/airflow/example_dags/example_sensors.py
[2024-12-06T21:49:47.932+0000] {processor.py:914} INFO - Processing file /home/airflow/.local/lib/python3.12/site-packages/airflow/example_dags/example_sensors.py for tasks to queue
[2024-12-06T21:49:47.935+0000] {logging_mixin.py:190} INFO - [2024-12-06T21:49:47.935+0000] {dagbag.py:588} INFO - Filling up the DagBag from /home/airflow/.local/lib/python3.12/site-packages/airflow/example_dags/example_sensors.py
[2024-12-06T21:49:47.951+0000] {processor.py:925} INFO - DAG(s) 'example_sensors' retrieved from /home/airflow/.local/lib/python3.12/site-packages/airflow/example_dags/example_sensors.py
[2024-12-06T21:49:47.988+0000] {logging_mixin.py:190} INFO - [2024-12-06T21:49:47.987+0000] {dag.py:3239} INFO - Sync 1 DAGs
[2024-12-06T21:49:48.016+0000] {logging_mixin.py:190} INFO - [2024-12-06T21:49:48.015+0000] {dag.py:4180} INFO - Setting next_dagrun for example_sensors to None, run_after=None
[2024-12-06T21:49:48.045+0000] {processor.py:208} INFO - Processing /home/airflow/.local/lib/python3.12/site-packages/airflow/example_dags/example_sensors.py took 0.123 seconds
[2024-12-06T21:50:18.728+0000] {processor.py:186} INFO - Started process (PID=1245) to work on /home/airflow/.local/lib/python3.12/site-packages/airflow/example_dags/example_sensors.py
[2024-12-06T21:50:18.731+0000] {processor.py:914} INFO - Processing file /home/airflow/.local/lib/python3.12/site-packages/airflow/example_dags/example_sensors.py for tasks to queue
[2024-12-06T21:50:18.734+0000] {logging_mixin.py:190} INFO - [2024-12-06T21:50:18.734+0000] {dagbag.py:588} INFO - Filling up the DagBag from /home/airflow/.local/lib/python3.12/site-packages/airflow/example_dags/example_sensors.py
[2024-12-06T21:50:18.750+0000] {processor.py:925} INFO - DAG(s) 'example_sensors' retrieved from /home/airflow/.local/lib/python3.12/site-packages/airflow/example_dags/example_sensors.py
[2024-12-06T21:50:18.790+0000] {logging_mixin.py:190} INFO - [2024-12-06T21:50:18.790+0000] {dag.py:3239} INFO - Sync 1 DAGs
[2024-12-06T21:50:18.811+0000] {logging_mixin.py:190} INFO - [2024-12-06T21:50:18.811+0000] {dag.py:4180} INFO - Setting next_dagrun for example_sensors to None, run_after=None
[2024-12-06T21:50:18.840+0000] {processor.py:208} INFO - Processing /home/airflow/.local/lib/python3.12/site-packages/airflow/example_dags/example_sensors.py took 0.120 seconds
[2024-12-06T21:50:49.782+0000] {processor.py:186} INFO - Started process (PID=1308) to work on /home/airflow/.local/lib/python3.12/site-packages/airflow/example_dags/example_sensors.py
[2024-12-06T21:50:49.784+0000] {processor.py:914} INFO - Processing file /home/airflow/.local/lib/python3.12/site-packages/airflow/example_dags/example_sensors.py for tasks to queue
[2024-12-06T21:50:49.789+0000] {logging_mixin.py:190} INFO - [2024-12-06T21:50:49.788+0000] {dagbag.py:588} INFO - Filling up the DagBag from /home/airflow/.local/lib/python3.12/site-packages/airflow/example_dags/example_sensors.py
[2024-12-06T21:50:49.807+0000] {processor.py:925} INFO - DAG(s) 'example_sensors' retrieved from /home/airflow/.local/lib/python3.12/site-packages/airflow/example_dags/example_sensors.py
[2024-12-06T21:50:49.853+0000] {logging_mixin.py:190} INFO - [2024-12-06T21:50:49.852+0000] {dag.py:3239} INFO - Sync 1 DAGs
[2024-12-06T21:50:49.875+0000] {logging_mixin.py:190} INFO - [2024-12-06T21:50:49.875+0000] {dag.py:4180} INFO - Setting next_dagrun for example_sensors to None, run_after=None
[2024-12-06T21:50:49.904+0000] {processor.py:208} INFO - Processing /home/airflow/.local/lib/python3.12/site-packages/airflow/example_dags/example_sensors.py took 0.131 seconds
[2024-12-06T21:51:21.349+0000] {processor.py:186} INFO - Started process (PID=1371) to work on /home/airflow/.local/lib/python3.12/site-packages/airflow/example_dags/example_sensors.py
[2024-12-06T21:51:21.351+0000] {processor.py:914} INFO - Processing file /home/airflow/.local/lib/python3.12/site-packages/airflow/example_dags/example_sensors.py for tasks to queue
[2024-12-06T21:51:21.356+0000] {logging_mixin.py:190} INFO - [2024-12-06T21:51:21.355+0000] {dagbag.py:588} INFO - Filling up the DagBag from /home/airflow/.local/lib/python3.12/site-packages/airflow/example_dags/example_sensors.py
[2024-12-06T21:51:21.374+0000] {processor.py:925} INFO - DAG(s) 'example_sensors' retrieved from /home/airflow/.local/lib/python3.12/site-packages/airflow/example_dags/example_sensors.py
[2024-12-06T21:51:21.416+0000] {logging_mixin.py:190} INFO - [2024-12-06T21:51:21.415+0000] {dag.py:3239} INFO - Sync 1 DAGs
[2024-12-06T21:51:21.438+0000] {logging_mixin.py:190} INFO - [2024-12-06T21:51:21.438+0000] {dag.py:4180} INFO - Setting next_dagrun for example_sensors to None, run_after=None
[2024-12-06T21:51:21.466+0000] {processor.py:208} INFO - Processing /home/airflow/.local/lib/python3.12/site-packages/airflow/example_dags/example_sensors.py took 0.126 seconds
[2024-12-06T21:51:53.379+0000] {processor.py:186} INFO - Started process (PID=1434) to work on /home/airflow/.local/lib/python3.12/site-packages/airflow/example_dags/example_sensors.py
[2024-12-06T21:51:53.380+0000] {processor.py:914} INFO - Processing file /home/airflow/.local/lib/python3.12/site-packages/airflow/example_dags/example_sensors.py for tasks to queue
[2024-12-06T21:51:53.385+0000] {logging_mixin.py:190} INFO - [2024-12-06T21:51:53.384+0000] {dagbag.py:588} INFO - Filling up the DagBag from /home/airflow/.local/lib/python3.12/site-packages/airflow/example_dags/example_sensors.py
[2024-12-06T21:51:53.406+0000] {processor.py:925} INFO - DAG(s) 'example_sensors' retrieved from /home/airflow/.local/lib/python3.12/site-packages/airflow/example_dags/example_sensors.py
[2024-12-06T21:51:53.449+0000] {logging_mixin.py:190} INFO - [2024-12-06T21:51:53.449+0000] {dag.py:3239} INFO - Sync 1 DAGs
[2024-12-06T21:51:53.472+0000] {logging_mixin.py:190} INFO - [2024-12-06T21:51:53.472+0000] {dag.py:4180} INFO - Setting next_dagrun for example_sensors to None, run_after=None
[2024-12-06T21:51:53.500+0000] {processor.py:208} INFO - Processing /home/airflow/.local/lib/python3.12/site-packages/airflow/example_dags/example_sensors.py took 0.131 seconds
[2024-12-06T21:52:25.652+0000] {processor.py:186} INFO - Started process (PID=1497) to work on /home/airflow/.local/lib/python3.12/site-packages/airflow/example_dags/example_sensors.py
[2024-12-06T21:52:25.654+0000] {processor.py:914} INFO - Processing file /home/airflow/.local/lib/python3.12/site-packages/airflow/example_dags/example_sensors.py for tasks to queue
[2024-12-06T21:52:25.658+0000] {logging_mixin.py:190} INFO - [2024-12-06T21:52:25.658+0000] {dagbag.py:588} INFO - Filling up the DagBag from /home/airflow/.local/lib/python3.12/site-packages/airflow/example_dags/example_sensors.py
[2024-12-06T21:52:25.674+0000] {processor.py:925} INFO - DAG(s) 'example_sensors' retrieved from /home/airflow/.local/lib/python3.12/site-packages/airflow/example_dags/example_sensors.py
[2024-12-06T21:52:25.713+0000] {logging_mixin.py:190} INFO - [2024-12-06T21:52:25.713+0000] {dag.py:3239} INFO - Sync 1 DAGs
[2024-12-06T21:52:25.733+0000] {logging_mixin.py:190} INFO - [2024-12-06T21:52:25.732+0000] {dag.py:4180} INFO - Setting next_dagrun for example_sensors to None, run_after=None
[2024-12-06T21:52:25.761+0000] {processor.py:208} INFO - Processing /home/airflow/.local/lib/python3.12/site-packages/airflow/example_dags/example_sensors.py took 0.116 seconds
[2024-12-06T21:52:57.779+0000] {processor.py:186} INFO - Started process (PID=1560) to work on /home/airflow/.local/lib/python3.12/site-packages/airflow/example_dags/example_sensors.py
[2024-12-06T21:52:57.781+0000] {processor.py:914} INFO - Processing file /home/airflow/.local/lib/python3.12/site-packages/airflow/example_dags/example_sensors.py for tasks to queue
[2024-12-06T21:52:57.784+0000] {logging_mixin.py:190} INFO - [2024-12-06T21:52:57.784+0000] {dagbag.py:588} INFO - Filling up the DagBag from /home/airflow/.local/lib/python3.12/site-packages/airflow/example_dags/example_sensors.py
[2024-12-06T21:52:57.801+0000] {processor.py:925} INFO - DAG(s) 'example_sensors' retrieved from /home/airflow/.local/lib/python3.12/site-packages/airflow/example_dags/example_sensors.py
[2024-12-06T21:52:57.840+0000] {logging_mixin.py:190} INFO - [2024-12-06T21:52:57.840+0000] {dag.py:3239} INFO - Sync 1 DAGs
[2024-12-06T21:52:57.865+0000] {logging_mixin.py:190} INFO - [2024-12-06T21:52:57.865+0000] {dag.py:4180} INFO - Setting next_dagrun for example_sensors to None, run_after=None
[2024-12-06T21:52:57.895+0000] {processor.py:208} INFO - Processing /home/airflow/.local/lib/python3.12/site-packages/airflow/example_dags/example_sensors.py took 0.125 seconds
[2024-12-06T21:53:29.135+0000] {processor.py:186} INFO - Started process (PID=1623) to work on /home/airflow/.local/lib/python3.12/site-packages/airflow/example_dags/example_sensors.py
[2024-12-06T21:53:29.136+0000] {processor.py:914} INFO - Processing file /home/airflow/.local/lib/python3.12/site-packages/airflow/example_dags/example_sensors.py for tasks to queue
[2024-12-06T21:53:29.140+0000] {logging_mixin.py:190} INFO - [2024-12-06T21:53:29.140+0000] {dagbag.py:588} INFO - Filling up the DagBag from /home/airflow/.local/lib/python3.12/site-packages/airflow/example_dags/example_sensors.py
[2024-12-06T21:53:29.163+0000] {processor.py:925} INFO - DAG(s) 'example_sensors' retrieved from /home/airflow/.local/lib/python3.12/site-packages/airflow/example_dags/example_sensors.py
[2024-12-06T21:53:29.205+0000] {logging_mixin.py:190} INFO - [2024-12-06T21:53:29.205+0000] {dag.py:3239} INFO - Sync 1 DAGs
[2024-12-06T21:53:29.228+0000] {logging_mixin.py:190} INFO - [2024-12-06T21:53:29.227+0000] {dag.py:4180} INFO - Setting next_dagrun for example_sensors to None, run_after=None
[2024-12-06T21:53:29.258+0000] {processor.py:208} INFO - Processing /home/airflow/.local/lib/python3.12/site-packages/airflow/example_dags/example_sensors.py took 0.135 seconds
[2024-12-06T21:54:00.861+0000] {processor.py:186} INFO - Started process (PID=1686) to work on /home/airflow/.local/lib/python3.12/site-packages/airflow/example_dags/example_sensors.py
[2024-12-06T21:54:00.862+0000] {processor.py:914} INFO - Processing file /home/airflow/.local/lib/python3.12/site-packages/airflow/example_dags/example_sensors.py for tasks to queue
[2024-12-06T21:54:00.867+0000] {logging_mixin.py:190} INFO - [2024-12-06T21:54:00.866+0000] {dagbag.py:588} INFO - Filling up the DagBag from /home/airflow/.local/lib/python3.12/site-packages/airflow/example_dags/example_sensors.py
[2024-12-06T21:54:00.885+0000] {processor.py:925} INFO - DAG(s) 'example_sensors' retrieved from /home/airflow/.local/lib/python3.12/site-packages/airflow/example_dags/example_sensors.py
[2024-12-06T21:54:00.927+0000] {logging_mixin.py:190} INFO - [2024-12-06T21:54:00.926+0000] {dag.py:3239} INFO - Sync 1 DAGs
[2024-12-06T21:54:00.949+0000] {logging_mixin.py:190} INFO - [2024-12-06T21:54:00.948+0000] {dag.py:4180} INFO - Setting next_dagrun for example_sensors to None, run_after=None
[2024-12-06T21:54:00.980+0000] {processor.py:208} INFO - Processing /home/airflow/.local/lib/python3.12/site-packages/airflow/example_dags/example_sensors.py took 0.130 seconds
[2024-12-06T21:54:32.525+0000] {processor.py:186} INFO - Started process (PID=1750) to work on /home/airflow/.local/lib/python3.12/site-packages/airflow/example_dags/example_sensors.py
[2024-12-06T21:54:32.527+0000] {processor.py:914} INFO - Processing file /home/airflow/.local/lib/python3.12/site-packages/airflow/example_dags/example_sensors.py for tasks to queue
[2024-12-06T21:54:32.531+0000] {logging_mixin.py:190} INFO - [2024-12-06T21:54:32.530+0000] {dagbag.py:588} INFO - Filling up the DagBag from /home/airflow/.local/lib/python3.12/site-packages/airflow/example_dags/example_sensors.py
[2024-12-06T21:54:32.550+0000] {processor.py:925} INFO - DAG(s) 'example_sensors' retrieved from /home/airflow/.local/lib/python3.12/site-packages/airflow/example_dags/example_sensors.py
[2024-12-06T21:54:32.598+0000] {logging_mixin.py:190} INFO - [2024-12-06T21:54:32.597+0000] {dag.py:3239} INFO - Sync 1 DAGs
[2024-12-06T21:54:32.620+0000] {logging_mixin.py:190} INFO - [2024-12-06T21:54:32.619+0000] {dag.py:4180} INFO - Setting next_dagrun for example_sensors to None, run_after=None
[2024-12-06T21:54:32.648+0000] {processor.py:208} INFO - Processing /home/airflow/.local/lib/python3.12/site-packages/airflow/example_dags/example_sensors.py took 0.133 seconds
[2024-12-06T21:55:04.056+0000] {processor.py:186} INFO - Started process (PID=1812) to work on /home/airflow/.local/lib/python3.12/site-packages/airflow/example_dags/example_sensors.py
[2024-12-06T21:55:04.058+0000] {processor.py:914} INFO - Processing file /home/airflow/.local/lib/python3.12/site-packages/airflow/example_dags/example_sensors.py for tasks to queue
[2024-12-06T21:55:04.062+0000] {logging_mixin.py:190} INFO - [2024-12-06T21:55:04.062+0000] {dagbag.py:588} INFO - Filling up the DagBag from /home/airflow/.local/lib/python3.12/site-packages/airflow/example_dags/example_sensors.py
[2024-12-06T21:55:04.080+0000] {processor.py:925} INFO - DAG(s) 'example_sensors' retrieved from /home/airflow/.local/lib/python3.12/site-packages/airflow/example_dags/example_sensors.py
[2024-12-06T21:55:04.117+0000] {logging_mixin.py:190} INFO - [2024-12-06T21:55:04.117+0000] {dag.py:3239} INFO - Sync 1 DAGs
[2024-12-06T21:55:04.137+0000] {logging_mixin.py:190} INFO - [2024-12-06T21:55:04.137+0000] {dag.py:4180} INFO - Setting next_dagrun for example_sensors to None, run_after=None
[2024-12-06T21:55:04.166+0000] {processor.py:208} INFO - Processing /home/airflow/.local/lib/python3.12/site-packages/airflow/example_dags/example_sensors.py took 0.118 seconds
[2024-12-06T21:55:36.138+0000] {processor.py:186} INFO - Started process (PID=1875) to work on /home/airflow/.local/lib/python3.12/site-packages/airflow/example_dags/example_sensors.py
[2024-12-06T21:55:36.139+0000] {processor.py:914} INFO - Processing file /home/airflow/.local/lib/python3.12/site-packages/airflow/example_dags/example_sensors.py for tasks to queue
[2024-12-06T21:55:36.145+0000] {logging_mixin.py:190} INFO - [2024-12-06T21:55:36.144+0000] {dagbag.py:588} INFO - Filling up the DagBag from /home/airflow/.local/lib/python3.12/site-packages/airflow/example_dags/example_sensors.py
[2024-12-06T21:55:36.168+0000] {processor.py:925} INFO - DAG(s) 'example_sensors' retrieved from /home/airflow/.local/lib/python3.12/site-packages/airflow/example_dags/example_sensors.py
[2024-12-06T21:55:36.275+0000] {logging_mixin.py:190} INFO - [2024-12-06T21:55:36.274+0000] {dag.py:3239} INFO - Sync 1 DAGs
[2024-12-06T21:55:36.307+0000] {logging_mixin.py:190} INFO - [2024-12-06T21:55:36.306+0000] {dag.py:4180} INFO - Setting next_dagrun for example_sensors to None, run_after=None
[2024-12-06T21:55:36.339+0000] {processor.py:208} INFO - Processing /home/airflow/.local/lib/python3.12/site-packages/airflow/example_dags/example_sensors.py took 0.212 seconds
[2024-12-06T21:56:07.426+0000] {processor.py:186} INFO - Started process (PID=1938) to work on /home/airflow/.local/lib/python3.12/site-packages/airflow/example_dags/example_sensors.py
[2024-12-06T21:56:07.429+0000] {processor.py:914} INFO - Processing file /home/airflow/.local/lib/python3.12/site-packages/airflow/example_dags/example_sensors.py for tasks to queue
[2024-12-06T21:56:07.433+0000] {logging_mixin.py:190} INFO - [2024-12-06T21:56:07.432+0000] {dagbag.py:588} INFO - Filling up the DagBag from /home/airflow/.local/lib/python3.12/site-packages/airflow/example_dags/example_sensors.py
[2024-12-06T21:56:07.453+0000] {processor.py:925} INFO - DAG(s) 'example_sensors' retrieved from /home/airflow/.local/lib/python3.12/site-packages/airflow/example_dags/example_sensors.py
[2024-12-06T21:56:07.511+0000] {logging_mixin.py:190} INFO - [2024-12-06T21:56:07.510+0000] {dag.py:3239} INFO - Sync 1 DAGs
[2024-12-06T21:56:07.540+0000] {logging_mixin.py:190} INFO - [2024-12-06T21:56:07.540+0000] {dag.py:4180} INFO - Setting next_dagrun for example_sensors to None, run_after=None
[2024-12-06T21:56:07.574+0000] {processor.py:208} INFO - Processing /home/airflow/.local/lib/python3.12/site-packages/airflow/example_dags/example_sensors.py took 0.156 seconds
[2024-12-06T21:56:39.184+0000] {processor.py:186} INFO - Started process (PID=2001) to work on /home/airflow/.local/lib/python3.12/site-packages/airflow/example_dags/example_sensors.py
[2024-12-06T21:56:39.186+0000] {processor.py:914} INFO - Processing file /home/airflow/.local/lib/python3.12/site-packages/airflow/example_dags/example_sensors.py for tasks to queue
[2024-12-06T21:56:39.190+0000] {logging_mixin.py:190} INFO - [2024-12-06T21:56:39.189+0000] {dagbag.py:588} INFO - Filling up the DagBag from /home/airflow/.local/lib/python3.12/site-packages/airflow/example_dags/example_sensors.py
[2024-12-06T21:56:39.209+0000] {processor.py:925} INFO - DAG(s) 'example_sensors' retrieved from /home/airflow/.local/lib/python3.12/site-packages/airflow/example_dags/example_sensors.py
[2024-12-06T21:56:39.254+0000] {logging_mixin.py:190} INFO - [2024-12-06T21:56:39.253+0000] {dag.py:3239} INFO - Sync 1 DAGs
[2024-12-06T21:56:39.276+0000] {logging_mixin.py:190} INFO - [2024-12-06T21:56:39.276+0000] {dag.py:4180} INFO - Setting next_dagrun for example_sensors to None, run_after=None
[2024-12-06T21:56:39.307+0000] {processor.py:208} INFO - Processing /home/airflow/.local/lib/python3.12/site-packages/airflow/example_dags/example_sensors.py took 0.133 seconds
[2024-12-06T21:57:10.577+0000] {processor.py:186} INFO - Started process (PID=2064) to work on /home/airflow/.local/lib/python3.12/site-packages/airflow/example_dags/example_sensors.py
[2024-12-06T21:57:10.578+0000] {processor.py:914} INFO - Processing file /home/airflow/.local/lib/python3.12/site-packages/airflow/example_dags/example_sensors.py for tasks to queue
[2024-12-06T21:57:10.582+0000] {logging_mixin.py:190} INFO - [2024-12-06T21:57:10.581+0000] {dagbag.py:588} INFO - Filling up the DagBag from /home/airflow/.local/lib/python3.12/site-packages/airflow/example_dags/example_sensors.py
[2024-12-06T21:57:10.599+0000] {processor.py:925} INFO - DAG(s) 'example_sensors' retrieved from /home/airflow/.local/lib/python3.12/site-packages/airflow/example_dags/example_sensors.py
[2024-12-06T21:57:10.641+0000] {logging_mixin.py:190} INFO - [2024-12-06T21:57:10.641+0000] {dag.py:3239} INFO - Sync 1 DAGs
[2024-12-06T21:57:10.663+0000] {logging_mixin.py:190} INFO - [2024-12-06T21:57:10.663+0000] {dag.py:4180} INFO - Setting next_dagrun for example_sensors to None, run_after=None
[2024-12-06T21:57:10.696+0000] {processor.py:208} INFO - Processing /home/airflow/.local/lib/python3.12/site-packages/airflow/example_dags/example_sensors.py took 0.129 seconds
[2024-12-06T21:57:41.877+0000] {processor.py:186} INFO - Started process (PID=2127) to work on /home/airflow/.local/lib/python3.12/site-packages/airflow/example_dags/example_sensors.py
[2024-12-06T21:57:41.879+0000] {processor.py:914} INFO - Processing file /home/airflow/.local/lib/python3.12/site-packages/airflow/example_dags/example_sensors.py for tasks to queue
[2024-12-06T21:57:41.882+0000] {logging_mixin.py:190} INFO - [2024-12-06T21:57:41.882+0000] {dagbag.py:588} INFO - Filling up the DagBag from /home/airflow/.local/lib/python3.12/site-packages/airflow/example_dags/example_sensors.py
[2024-12-06T21:57:41.900+0000] {processor.py:925} INFO - DAG(s) 'example_sensors' retrieved from /home/airflow/.local/lib/python3.12/site-packages/airflow/example_dags/example_sensors.py
[2024-12-06T21:57:41.941+0000] {logging_mixin.py:190} INFO - [2024-12-06T21:57:41.940+0000] {dag.py:3239} INFO - Sync 1 DAGs
[2024-12-06T21:57:41.962+0000] {logging_mixin.py:190} INFO - [2024-12-06T21:57:41.962+0000] {dag.py:4180} INFO - Setting next_dagrun for example_sensors to None, run_after=None
[2024-12-06T21:57:41.989+0000] {processor.py:208} INFO - Processing /home/airflow/.local/lib/python3.12/site-packages/airflow/example_dags/example_sensors.py took 0.123 seconds
[2024-12-06T21:58:13.518+0000] {processor.py:186} INFO - Started process (PID=2193) to work on /home/airflow/.local/lib/python3.12/site-packages/airflow/example_dags/example_sensors.py
[2024-12-06T21:58:13.520+0000] {processor.py:914} INFO - Processing file /home/airflow/.local/lib/python3.12/site-packages/airflow/example_dags/example_sensors.py for tasks to queue
[2024-12-06T21:58:13.523+0000] {logging_mixin.py:190} INFO - [2024-12-06T21:58:13.523+0000] {dagbag.py:588} INFO - Filling up the DagBag from /home/airflow/.local/lib/python3.12/site-packages/airflow/example_dags/example_sensors.py
[2024-12-06T21:58:13.544+0000] {processor.py:925} INFO - DAG(s) 'example_sensors' retrieved from /home/airflow/.local/lib/python3.12/site-packages/airflow/example_dags/example_sensors.py
[2024-12-06T21:58:13.595+0000] {logging_mixin.py:190} INFO - [2024-12-06T21:58:13.594+0000] {dag.py:3239} INFO - Sync 1 DAGs
[2024-12-06T21:58:13.617+0000] {logging_mixin.py:190} INFO - [2024-12-06T21:58:13.617+0000] {dag.py:4180} INFO - Setting next_dagrun for example_sensors to None, run_after=None
[2024-12-06T21:58:13.646+0000] {processor.py:208} INFO - Processing /home/airflow/.local/lib/python3.12/site-packages/airflow/example_dags/example_sensors.py took 0.137 seconds
[2024-12-06T21:58:45.591+0000] {processor.py:186} INFO - Started process (PID=2259) to work on /home/airflow/.local/lib/python3.12/site-packages/airflow/example_dags/example_sensors.py
[2024-12-06T21:58:45.592+0000] {processor.py:914} INFO - Processing file /home/airflow/.local/lib/python3.12/site-packages/airflow/example_dags/example_sensors.py for tasks to queue
[2024-12-06T21:58:45.597+0000] {logging_mixin.py:190} INFO - [2024-12-06T21:58:45.597+0000] {dagbag.py:588} INFO - Filling up the DagBag from /home/airflow/.local/lib/python3.12/site-packages/airflow/example_dags/example_sensors.py
[2024-12-06T21:58:45.615+0000] {processor.py:925} INFO - DAG(s) 'example_sensors' retrieved from /home/airflow/.local/lib/python3.12/site-packages/airflow/example_dags/example_sensors.py
[2024-12-06T21:58:45.658+0000] {logging_mixin.py:190} INFO - [2024-12-06T21:58:45.657+0000] {dag.py:3239} INFO - Sync 1 DAGs
[2024-12-06T21:58:45.683+0000] {logging_mixin.py:190} INFO - [2024-12-06T21:58:45.683+0000] {dag.py:4180} INFO - Setting next_dagrun for example_sensors to None, run_after=None
[2024-12-06T21:58:45.713+0000] {processor.py:208} INFO - Processing /home/airflow/.local/lib/python3.12/site-packages/airflow/example_dags/example_sensors.py took 0.132 seconds
[2024-12-06T21:59:17.219+0000] {processor.py:186} INFO - Started process (PID=2322) to work on /home/airflow/.local/lib/python3.12/site-packages/airflow/example_dags/example_sensors.py
[2024-12-06T21:59:17.221+0000] {processor.py:914} INFO - Processing file /home/airflow/.local/lib/python3.12/site-packages/airflow/example_dags/example_sensors.py for tasks to queue
[2024-12-06T21:59:17.224+0000] {logging_mixin.py:190} INFO - [2024-12-06T21:59:17.224+0000] {dagbag.py:588} INFO - Filling up the DagBag from /home/airflow/.local/lib/python3.12/site-packages/airflow/example_dags/example_sensors.py
[2024-12-06T21:59:17.242+0000] {processor.py:925} INFO - DAG(s) 'example_sensors' retrieved from /home/airflow/.local/lib/python3.12/site-packages/airflow/example_dags/example_sensors.py
[2024-12-06T21:59:17.284+0000] {logging_mixin.py:190} INFO - [2024-12-06T21:59:17.284+0000] {dag.py:3239} INFO - Sync 1 DAGs
[2024-12-06T21:59:17.304+0000] {logging_mixin.py:190} INFO - [2024-12-06T21:59:17.304+0000] {dag.py:4180} INFO - Setting next_dagrun for example_sensors to None, run_after=None
[2024-12-06T21:59:17.332+0000] {processor.py:208} INFO - Processing /home/airflow/.local/lib/python3.12/site-packages/airflow/example_dags/example_sensors.py took 0.124 seconds
[2024-12-06T21:59:49.721+0000] {processor.py:186} INFO - Started process (PID=2391) to work on /home/airflow/.local/lib/python3.12/site-packages/airflow/example_dags/example_sensors.py
[2024-12-06T21:59:49.724+0000] {processor.py:914} INFO - Processing file /home/airflow/.local/lib/python3.12/site-packages/airflow/example_dags/example_sensors.py for tasks to queue
[2024-12-06T21:59:49.728+0000] {logging_mixin.py:190} INFO - [2024-12-06T21:59:49.728+0000] {dagbag.py:588} INFO - Filling up the DagBag from /home/airflow/.local/lib/python3.12/site-packages/airflow/example_dags/example_sensors.py
[2024-12-06T21:59:49.749+0000] {processor.py:925} INFO - DAG(s) 'example_sensors' retrieved from /home/airflow/.local/lib/python3.12/site-packages/airflow/example_dags/example_sensors.py
[2024-12-06T21:59:49.801+0000] {logging_mixin.py:190} INFO - [2024-12-06T21:59:49.801+0000] {dag.py:3239} INFO - Sync 1 DAGs
[2024-12-06T21:59:49.829+0000] {logging_mixin.py:190} INFO - [2024-12-06T21:59:49.829+0000] {dag.py:4180} INFO - Setting next_dagrun for example_sensors to None, run_after=None
[2024-12-06T21:59:49.865+0000] {processor.py:208} INFO - Processing /home/airflow/.local/lib/python3.12/site-packages/airflow/example_dags/example_sensors.py took 0.162 seconds
[2024-12-06T22:00:22.043+0000] {processor.py:186} INFO - Started process (PID=2454) to work on /home/airflow/.local/lib/python3.12/site-packages/airflow/example_dags/example_sensors.py
[2024-12-06T22:00:22.045+0000] {processor.py:914} INFO - Processing file /home/airflow/.local/lib/python3.12/site-packages/airflow/example_dags/example_sensors.py for tasks to queue
[2024-12-06T22:00:22.050+0000] {logging_mixin.py:190} INFO - [2024-12-06T22:00:22.050+0000] {dagbag.py:588} INFO - Filling up the DagBag from /home/airflow/.local/lib/python3.12/site-packages/airflow/example_dags/example_sensors.py
[2024-12-06T22:00:22.077+0000] {processor.py:925} INFO - DAG(s) 'example_sensors' retrieved from /home/airflow/.local/lib/python3.12/site-packages/airflow/example_dags/example_sensors.py
[2024-12-06T22:00:22.147+0000] {logging_mixin.py:190} INFO - [2024-12-06T22:00:22.146+0000] {dag.py:3239} INFO - Sync 1 DAGs
[2024-12-06T22:00:22.188+0000] {logging_mixin.py:190} INFO - [2024-12-06T22:00:22.187+0000] {dag.py:4180} INFO - Setting next_dagrun for example_sensors to None, run_after=None
[2024-12-06T22:00:22.233+0000] {processor.py:208} INFO - Processing /home/airflow/.local/lib/python3.12/site-packages/airflow/example_dags/example_sensors.py took 0.206 seconds
[2024-12-06T22:00:53.548+0000] {processor.py:186} INFO - Started process (PID=2517) to work on /home/airflow/.local/lib/python3.12/site-packages/airflow/example_dags/example_sensors.py
[2024-12-06T22:00:53.550+0000] {processor.py:914} INFO - Processing file /home/airflow/.local/lib/python3.12/site-packages/airflow/example_dags/example_sensors.py for tasks to queue
[2024-12-06T22:00:53.553+0000] {logging_mixin.py:190} INFO - [2024-12-06T22:00:53.553+0000] {dagbag.py:588} INFO - Filling up the DagBag from /home/airflow/.local/lib/python3.12/site-packages/airflow/example_dags/example_sensors.py
[2024-12-06T22:00:53.578+0000] {processor.py:925} INFO - DAG(s) 'example_sensors' retrieved from /home/airflow/.local/lib/python3.12/site-packages/airflow/example_dags/example_sensors.py
[2024-12-06T22:00:53.621+0000] {logging_mixin.py:190} INFO - [2024-12-06T22:00:53.621+0000] {dag.py:3239} INFO - Sync 1 DAGs
[2024-12-06T22:00:53.646+0000] {logging_mixin.py:190} INFO - [2024-12-06T22:00:53.646+0000] {dag.py:4180} INFO - Setting next_dagrun for example_sensors to None, run_after=None
[2024-12-06T22:00:53.678+0000] {processor.py:208} INFO - Processing /home/airflow/.local/lib/python3.12/site-packages/airflow/example_dags/example_sensors.py took 0.141 seconds
[2024-12-06T22:01:24.819+0000] {processor.py:186} INFO - Started process (PID=2580) to work on /home/airflow/.local/lib/python3.12/site-packages/airflow/example_dags/example_sensors.py
[2024-12-06T22:01:24.820+0000] {processor.py:914} INFO - Processing file /home/airflow/.local/lib/python3.12/site-packages/airflow/example_dags/example_sensors.py for tasks to queue
[2024-12-06T22:01:24.824+0000] {logging_mixin.py:190} INFO - [2024-12-06T22:01:24.823+0000] {dagbag.py:588} INFO - Filling up the DagBag from /home/airflow/.local/lib/python3.12/site-packages/airflow/example_dags/example_sensors.py
[2024-12-06T22:01:24.840+0000] {processor.py:925} INFO - DAG(s) 'example_sensors' retrieved from /home/airflow/.local/lib/python3.12/site-packages/airflow/example_dags/example_sensors.py
[2024-12-06T22:01:24.879+0000] {logging_mixin.py:190} INFO - [2024-12-06T22:01:24.879+0000] {dag.py:3239} INFO - Sync 1 DAGs
[2024-12-06T22:01:24.902+0000] {logging_mixin.py:190} INFO - [2024-12-06T22:01:24.902+0000] {dag.py:4180} INFO - Setting next_dagrun for example_sensors to None, run_after=None
[2024-12-06T22:01:24.931+0000] {processor.py:208} INFO - Processing /home/airflow/.local/lib/python3.12/site-packages/airflow/example_dags/example_sensors.py took 0.124 seconds
[2024-12-06T22:01:56.749+0000] {processor.py:186} INFO - Started process (PID=2643) to work on /home/airflow/.local/lib/python3.12/site-packages/airflow/example_dags/example_sensors.py
[2024-12-06T22:01:56.751+0000] {processor.py:914} INFO - Processing file /home/airflow/.local/lib/python3.12/site-packages/airflow/example_dags/example_sensors.py for tasks to queue
[2024-12-06T22:01:56.754+0000] {logging_mixin.py:190} INFO - [2024-12-06T22:01:56.754+0000] {dagbag.py:588} INFO - Filling up the DagBag from /home/airflow/.local/lib/python3.12/site-packages/airflow/example_dags/example_sensors.py
[2024-12-06T22:01:56.771+0000] {processor.py:925} INFO - DAG(s) 'example_sensors' retrieved from /home/airflow/.local/lib/python3.12/site-packages/airflow/example_dags/example_sensors.py
[2024-12-06T22:01:56.816+0000] {logging_mixin.py:190} INFO - [2024-12-06T22:01:56.816+0000] {dag.py:3239} INFO - Sync 1 DAGs
[2024-12-06T22:01:56.842+0000] {logging_mixin.py:190} INFO - [2024-12-06T22:01:56.841+0000] {dag.py:4180} INFO - Setting next_dagrun for example_sensors to None, run_after=None
[2024-12-06T22:01:56.872+0000] {processor.py:208} INFO - Processing /home/airflow/.local/lib/python3.12/site-packages/airflow/example_dags/example_sensors.py took 0.132 seconds
[2024-12-06T22:02:28.671+0000] {processor.py:186} INFO - Started process (PID=2706) to work on /home/airflow/.local/lib/python3.12/site-packages/airflow/example_dags/example_sensors.py
[2024-12-06T22:02:28.673+0000] {processor.py:914} INFO - Processing file /home/airflow/.local/lib/python3.12/site-packages/airflow/example_dags/example_sensors.py for tasks to queue
[2024-12-06T22:02:28.676+0000] {logging_mixin.py:190} INFO - [2024-12-06T22:02:28.676+0000] {dagbag.py:588} INFO - Filling up the DagBag from /home/airflow/.local/lib/python3.12/site-packages/airflow/example_dags/example_sensors.py
[2024-12-06T22:02:28.696+0000] {processor.py:925} INFO - DAG(s) 'example_sensors' retrieved from /home/airflow/.local/lib/python3.12/site-packages/airflow/example_dags/example_sensors.py
[2024-12-06T22:02:28.746+0000] {logging_mixin.py:190} INFO - [2024-12-06T22:02:28.746+0000] {dag.py:3239} INFO - Sync 1 DAGs
[2024-12-06T22:02:28.775+0000] {logging_mixin.py:190} INFO - [2024-12-06T22:02:28.774+0000] {dag.py:4180} INFO - Setting next_dagrun for example_sensors to None, run_after=None
[2024-12-06T22:02:28.812+0000] {processor.py:208} INFO - Processing /home/airflow/.local/lib/python3.12/site-packages/airflow/example_dags/example_sensors.py took 0.153 seconds
[2024-12-06T22:03:00.949+0000] {processor.py:186} INFO - Started process (PID=2769) to work on /home/airflow/.local/lib/python3.12/site-packages/airflow/example_dags/example_sensors.py
[2024-12-06T22:03:00.951+0000] {processor.py:914} INFO - Processing file /home/airflow/.local/lib/python3.12/site-packages/airflow/example_dags/example_sensors.py for tasks to queue
[2024-12-06T22:03:00.956+0000] {logging_mixin.py:190} INFO - [2024-12-06T22:03:00.956+0000] {dagbag.py:588} INFO - Filling up the DagBag from /home/airflow/.local/lib/python3.12/site-packages/airflow/example_dags/example_sensors.py
[2024-12-06T22:03:00.976+0000] {processor.py:925} INFO - DAG(s) 'example_sensors' retrieved from /home/airflow/.local/lib/python3.12/site-packages/airflow/example_dags/example_sensors.py
[2024-12-06T22:03:01.025+0000] {logging_mixin.py:190} INFO - [2024-12-06T22:03:01.025+0000] {dag.py:3239} INFO - Sync 1 DAGs
[2024-12-06T22:03:01.049+0000] {logging_mixin.py:190} INFO - [2024-12-06T22:03:01.049+0000] {dag.py:4180} INFO - Setting next_dagrun for example_sensors to None, run_after=None
[2024-12-06T22:03:01.082+0000] {processor.py:208} INFO - Processing /home/airflow/.local/lib/python3.12/site-packages/airflow/example_dags/example_sensors.py took 0.143 seconds
[2024-12-06T22:03:33.586+0000] {processor.py:186} INFO - Started process (PID=2832) to work on /home/airflow/.local/lib/python3.12/site-packages/airflow/example_dags/example_sensors.py
[2024-12-06T22:03:33.588+0000] {processor.py:914} INFO - Processing file /home/airflow/.local/lib/python3.12/site-packages/airflow/example_dags/example_sensors.py for tasks to queue
[2024-12-06T22:03:33.593+0000] {logging_mixin.py:190} INFO - [2024-12-06T22:03:33.593+0000] {dagbag.py:588} INFO - Filling up the DagBag from /home/airflow/.local/lib/python3.12/site-packages/airflow/example_dags/example_sensors.py
[2024-12-06T22:03:33.613+0000] {processor.py:925} INFO - DAG(s) 'example_sensors' retrieved from /home/airflow/.local/lib/python3.12/site-packages/airflow/example_dags/example_sensors.py
[2024-12-06T22:03:33.682+0000] {logging_mixin.py:190} INFO - [2024-12-06T22:03:33.682+0000] {dag.py:3239} INFO - Sync 1 DAGs
[2024-12-06T22:03:33.714+0000] {logging_mixin.py:190} INFO - [2024-12-06T22:03:33.712+0000] {dag.py:4180} INFO - Setting next_dagrun for example_sensors to None, run_after=None
[2024-12-06T22:03:33.749+0000] {processor.py:208} INFO - Processing /home/airflow/.local/lib/python3.12/site-packages/airflow/example_dags/example_sensors.py took 0.173 seconds
[2024-12-06T22:04:04.848+0000] {processor.py:186} INFO - Started process (PID=2895) to work on /home/airflow/.local/lib/python3.12/site-packages/airflow/example_dags/example_sensors.py
[2024-12-06T22:04:04.850+0000] {processor.py:914} INFO - Processing file /home/airflow/.local/lib/python3.12/site-packages/airflow/example_dags/example_sensors.py for tasks to queue
[2024-12-06T22:04:04.854+0000] {logging_mixin.py:190} INFO - [2024-12-06T22:04:04.854+0000] {dagbag.py:588} INFO - Filling up the DagBag from /home/airflow/.local/lib/python3.12/site-packages/airflow/example_dags/example_sensors.py
[2024-12-06T22:04:04.872+0000] {processor.py:925} INFO - DAG(s) 'example_sensors' retrieved from /home/airflow/.local/lib/python3.12/site-packages/airflow/example_dags/example_sensors.py
[2024-12-06T22:04:04.921+0000] {logging_mixin.py:190} INFO - [2024-12-06T22:04:04.921+0000] {dag.py:3239} INFO - Sync 1 DAGs
[2024-12-06T22:04:04.949+0000] {logging_mixin.py:190} INFO - [2024-12-06T22:04:04.948+0000] {dag.py:4180} INFO - Setting next_dagrun for example_sensors to None, run_after=None
[2024-12-06T22:04:04.980+0000] {processor.py:208} INFO - Processing /home/airflow/.local/lib/python3.12/site-packages/airflow/example_dags/example_sensors.py took 0.142 seconds
[2024-12-06T22:04:36.218+0000] {processor.py:186} INFO - Started process (PID=2958) to work on /home/airflow/.local/lib/python3.12/site-packages/airflow/example_dags/example_sensors.py
[2024-12-06T22:04:36.220+0000] {processor.py:914} INFO - Processing file /home/airflow/.local/lib/python3.12/site-packages/airflow/example_dags/example_sensors.py for tasks to queue
[2024-12-06T22:04:36.223+0000] {logging_mixin.py:190} INFO - [2024-12-06T22:04:36.223+0000] {dagbag.py:588} INFO - Filling up the DagBag from /home/airflow/.local/lib/python3.12/site-packages/airflow/example_dags/example_sensors.py
[2024-12-06T22:04:36.242+0000] {processor.py:925} INFO - DAG(s) 'example_sensors' retrieved from /home/airflow/.local/lib/python3.12/site-packages/airflow/example_dags/example_sensors.py
[2024-12-06T22:04:36.285+0000] {logging_mixin.py:190} INFO - [2024-12-06T22:04:36.284+0000] {dag.py:3239} INFO - Sync 1 DAGs
[2024-12-06T22:04:36.308+0000] {logging_mixin.py:190} INFO - [2024-12-06T22:04:36.307+0000] {dag.py:4180} INFO - Setting next_dagrun for example_sensors to None, run_after=None
[2024-12-06T22:04:36.338+0000] {processor.py:208} INFO - Processing /home/airflow/.local/lib/python3.12/site-packages/airflow/example_dags/example_sensors.py took 0.129 seconds
[2024-12-06T22:05:07.601+0000] {processor.py:186} INFO - Started process (PID=3021) to work on /home/airflow/.local/lib/python3.12/site-packages/airflow/example_dags/example_sensors.py
[2024-12-06T22:05:07.603+0000] {processor.py:914} INFO - Processing file /home/airflow/.local/lib/python3.12/site-packages/airflow/example_dags/example_sensors.py for tasks to queue
[2024-12-06T22:05:07.607+0000] {logging_mixin.py:190} INFO - [2024-12-06T22:05:07.606+0000] {dagbag.py:588} INFO - Filling up the DagBag from /home/airflow/.local/lib/python3.12/site-packages/airflow/example_dags/example_sensors.py
[2024-12-06T22:05:07.624+0000] {processor.py:925} INFO - DAG(s) 'example_sensors' retrieved from /home/airflow/.local/lib/python3.12/site-packages/airflow/example_dags/example_sensors.py
[2024-12-06T22:05:07.664+0000] {logging_mixin.py:190} INFO - [2024-12-06T22:05:07.664+0000] {dag.py:3239} INFO - Sync 1 DAGs
[2024-12-06T22:05:07.686+0000] {logging_mixin.py:190} INFO - [2024-12-06T22:05:07.686+0000] {dag.py:4180} INFO - Setting next_dagrun for example_sensors to None, run_after=None
[2024-12-06T22:05:07.713+0000] {processor.py:208} INFO - Processing /home/airflow/.local/lib/python3.12/site-packages/airflow/example_dags/example_sensors.py took 0.123 seconds
[2024-12-06T22:05:39.257+0000] {processor.py:186} INFO - Started process (PID=3084) to work on /home/airflow/.local/lib/python3.12/site-packages/airflow/example_dags/example_sensors.py
[2024-12-06T22:05:39.259+0000] {processor.py:914} INFO - Processing file /home/airflow/.local/lib/python3.12/site-packages/airflow/example_dags/example_sensors.py for tasks to queue
[2024-12-06T22:05:39.262+0000] {logging_mixin.py:190} INFO - [2024-12-06T22:05:39.262+0000] {dagbag.py:588} INFO - Filling up the DagBag from /home/airflow/.local/lib/python3.12/site-packages/airflow/example_dags/example_sensors.py
[2024-12-06T22:05:39.279+0000] {processor.py:925} INFO - DAG(s) 'example_sensors' retrieved from /home/airflow/.local/lib/python3.12/site-packages/airflow/example_dags/example_sensors.py
[2024-12-06T22:05:39.318+0000] {logging_mixin.py:190} INFO - [2024-12-06T22:05:39.318+0000] {dag.py:3239} INFO - Sync 1 DAGs
[2024-12-06T22:05:39.340+0000] {logging_mixin.py:190} INFO - [2024-12-06T22:05:39.340+0000] {dag.py:4180} INFO - Setting next_dagrun for example_sensors to None, run_after=None
[2024-12-06T22:05:39.367+0000] {processor.py:208} INFO - Processing /home/airflow/.local/lib/python3.12/site-packages/airflow/example_dags/example_sensors.py took 0.119 seconds
[2024-12-06T22:06:11.109+0000] {processor.py:186} INFO - Started process (PID=3147) to work on /home/airflow/.local/lib/python3.12/site-packages/airflow/example_dags/example_sensors.py
[2024-12-06T22:06:11.111+0000] {processor.py:914} INFO - Processing file /home/airflow/.local/lib/python3.12/site-packages/airflow/example_dags/example_sensors.py for tasks to queue
[2024-12-06T22:06:11.114+0000] {logging_mixin.py:190} INFO - [2024-12-06T22:06:11.114+0000] {dagbag.py:588} INFO - Filling up the DagBag from /home/airflow/.local/lib/python3.12/site-packages/airflow/example_dags/example_sensors.py
[2024-12-06T22:06:11.132+0000] {processor.py:925} INFO - DAG(s) 'example_sensors' retrieved from /home/airflow/.local/lib/python3.12/site-packages/airflow/example_dags/example_sensors.py
[2024-12-06T22:06:11.173+0000] {logging_mixin.py:190} INFO - [2024-12-06T22:06:11.172+0000] {dag.py:3239} INFO - Sync 1 DAGs
[2024-12-06T22:06:11.196+0000] {logging_mixin.py:190} INFO - [2024-12-06T22:06:11.196+0000] {dag.py:4180} INFO - Setting next_dagrun for example_sensors to None, run_after=None
[2024-12-06T22:06:11.226+0000] {processor.py:208} INFO - Processing /home/airflow/.local/lib/python3.12/site-packages/airflow/example_dags/example_sensors.py took 0.127 seconds
[2024-12-06T22:06:42.875+0000] {processor.py:186} INFO - Started process (PID=3214) to work on /home/airflow/.local/lib/python3.12/site-packages/airflow/example_dags/example_sensors.py
[2024-12-06T22:06:42.878+0000] {processor.py:914} INFO - Processing file /home/airflow/.local/lib/python3.12/site-packages/airflow/example_dags/example_sensors.py for tasks to queue
[2024-12-06T22:06:42.882+0000] {logging_mixin.py:190} INFO - [2024-12-06T22:06:42.882+0000] {dagbag.py:588} INFO - Filling up the DagBag from /home/airflow/.local/lib/python3.12/site-packages/airflow/example_dags/example_sensors.py
[2024-12-06T22:06:42.900+0000] {processor.py:925} INFO - DAG(s) 'example_sensors' retrieved from /home/airflow/.local/lib/python3.12/site-packages/airflow/example_dags/example_sensors.py
[2024-12-06T22:06:42.940+0000] {logging_mixin.py:190} INFO - [2024-12-06T22:06:42.939+0000] {dag.py:3239} INFO - Sync 1 DAGs
[2024-12-06T22:06:42.963+0000] {logging_mixin.py:190} INFO - [2024-12-06T22:06:42.963+0000] {dag.py:4180} INFO - Setting next_dagrun for example_sensors to None, run_after=None
[2024-12-06T22:06:42.990+0000] {processor.py:208} INFO - Processing /home/airflow/.local/lib/python3.12/site-packages/airflow/example_dags/example_sensors.py took 0.123 seconds
[2024-12-06T22:07:15.070+0000] {processor.py:186} INFO - Started process (PID=3277) to work on /home/airflow/.local/lib/python3.12/site-packages/airflow/example_dags/example_sensors.py
[2024-12-06T22:07:15.071+0000] {processor.py:914} INFO - Processing file /home/airflow/.local/lib/python3.12/site-packages/airflow/example_dags/example_sensors.py for tasks to queue
[2024-12-06T22:07:15.075+0000] {logging_mixin.py:190} INFO - [2024-12-06T22:07:15.075+0000] {dagbag.py:588} INFO - Filling up the DagBag from /home/airflow/.local/lib/python3.12/site-packages/airflow/example_dags/example_sensors.py
[2024-12-06T22:07:15.099+0000] {processor.py:925} INFO - DAG(s) 'example_sensors' retrieved from /home/airflow/.local/lib/python3.12/site-packages/airflow/example_dags/example_sensors.py
[2024-12-06T22:07:15.154+0000] {logging_mixin.py:190} INFO - [2024-12-06T22:07:15.153+0000] {dag.py:3239} INFO - Sync 1 DAGs
[2024-12-06T22:07:15.176+0000] {logging_mixin.py:190} INFO - [2024-12-06T22:07:15.176+0000] {dag.py:4180} INFO - Setting next_dagrun for example_sensors to None, run_after=None
[2024-12-06T22:07:15.478+0000] {processor.py:208} INFO - Processing /home/airflow/.local/lib/python3.12/site-packages/airflow/example_dags/example_sensors.py took 0.421 seconds
[2024-12-06T22:07:47.577+0000] {processor.py:186} INFO - Started process (PID=3340) to work on /home/airflow/.local/lib/python3.12/site-packages/airflow/example_dags/example_sensors.py
[2024-12-06T22:07:47.579+0000] {processor.py:914} INFO - Processing file /home/airflow/.local/lib/python3.12/site-packages/airflow/example_dags/example_sensors.py for tasks to queue
[2024-12-06T22:07:47.585+0000] {logging_mixin.py:190} INFO - [2024-12-06T22:07:47.585+0000] {dagbag.py:588} INFO - Filling up the DagBag from /home/airflow/.local/lib/python3.12/site-packages/airflow/example_dags/example_sensors.py
[2024-12-06T22:07:47.609+0000] {processor.py:925} INFO - DAG(s) 'example_sensors' retrieved from /home/airflow/.local/lib/python3.12/site-packages/airflow/example_dags/example_sensors.py
[2024-12-06T22:07:47.665+0000] {logging_mixin.py:190} INFO - [2024-12-06T22:07:47.664+0000] {dag.py:3239} INFO - Sync 1 DAGs
[2024-12-06T22:07:47.694+0000] {logging_mixin.py:190} INFO - [2024-12-06T22:07:47.694+0000] {dag.py:4180} INFO - Setting next_dagrun for example_sensors to None, run_after=None
[2024-12-06T22:07:47.730+0000] {processor.py:208} INFO - Processing /home/airflow/.local/lib/python3.12/site-packages/airflow/example_dags/example_sensors.py took 0.168 seconds
[2024-12-06T22:08:18.951+0000] {processor.py:186} INFO - Started process (PID=3403) to work on /home/airflow/.local/lib/python3.12/site-packages/airflow/example_dags/example_sensors.py
[2024-12-06T22:08:18.952+0000] {processor.py:914} INFO - Processing file /home/airflow/.local/lib/python3.12/site-packages/airflow/example_dags/example_sensors.py for tasks to queue
[2024-12-06T22:08:18.957+0000] {logging_mixin.py:190} INFO - [2024-12-06T22:08:18.957+0000] {dagbag.py:588} INFO - Filling up the DagBag from /home/airflow/.local/lib/python3.12/site-packages/airflow/example_dags/example_sensors.py
[2024-12-06T22:08:18.973+0000] {processor.py:925} INFO - DAG(s) 'example_sensors' retrieved from /home/airflow/.local/lib/python3.12/site-packages/airflow/example_dags/example_sensors.py
[2024-12-06T22:08:19.012+0000] {logging_mixin.py:190} INFO - [2024-12-06T22:08:19.012+0000] {dag.py:3239} INFO - Sync 1 DAGs
[2024-12-06T22:08:19.031+0000] {logging_mixin.py:190} INFO - [2024-12-06T22:08:19.031+0000] {dag.py:4180} INFO - Setting next_dagrun for example_sensors to None, run_after=None
[2024-12-06T22:08:19.061+0000] {processor.py:208} INFO - Processing /home/airflow/.local/lib/python3.12/site-packages/airflow/example_dags/example_sensors.py took 0.119 seconds
[2024-12-06T22:08:51.458+0000] {processor.py:186} INFO - Started process (PID=3472) to work on /home/airflow/.local/lib/python3.12/site-packages/airflow/example_dags/example_sensors.py
[2024-12-06T22:08:51.460+0000] {processor.py:914} INFO - Processing file /home/airflow/.local/lib/python3.12/site-packages/airflow/example_dags/example_sensors.py for tasks to queue
[2024-12-06T22:08:51.464+0000] {logging_mixin.py:190} INFO - [2024-12-06T22:08:51.464+0000] {dagbag.py:588} INFO - Filling up the DagBag from /home/airflow/.local/lib/python3.12/site-packages/airflow/example_dags/example_sensors.py
[2024-12-06T22:08:51.484+0000] {processor.py:925} INFO - DAG(s) 'example_sensors' retrieved from /home/airflow/.local/lib/python3.12/site-packages/airflow/example_dags/example_sensors.py
[2024-12-06T22:08:51.797+0000] {logging_mixin.py:190} INFO - [2024-12-06T22:08:51.796+0000] {dag.py:3239} INFO - Sync 1 DAGs
[2024-12-06T22:08:51.831+0000] {logging_mixin.py:190} INFO - [2024-12-06T22:08:51.831+0000] {dag.py:4180} INFO - Setting next_dagrun for example_sensors to None, run_after=None
[2024-12-06T22:08:51.877+0000] {processor.py:208} INFO - Processing /home/airflow/.local/lib/python3.12/site-packages/airflow/example_dags/example_sensors.py took 0.431 seconds
[2024-12-06T22:09:22.530+0000] {processor.py:186} INFO - Started process (PID=3535) to work on /home/airflow/.local/lib/python3.12/site-packages/airflow/example_dags/example_sensors.py
[2024-12-06T22:09:22.532+0000] {processor.py:914} INFO - Processing file /home/airflow/.local/lib/python3.12/site-packages/airflow/example_dags/example_sensors.py for tasks to queue
[2024-12-06T22:09:22.536+0000] {logging_mixin.py:190} INFO - [2024-12-06T22:09:22.536+0000] {dagbag.py:588} INFO - Filling up the DagBag from /home/airflow/.local/lib/python3.12/site-packages/airflow/example_dags/example_sensors.py
[2024-12-06T22:09:22.558+0000] {processor.py:925} INFO - DAG(s) 'example_sensors' retrieved from /home/airflow/.local/lib/python3.12/site-packages/airflow/example_dags/example_sensors.py
[2024-12-06T22:09:22.609+0000] {logging_mixin.py:190} INFO - [2024-12-06T22:09:22.608+0000] {dag.py:3239} INFO - Sync 1 DAGs
[2024-12-06T22:09:22.634+0000] {logging_mixin.py:190} INFO - [2024-12-06T22:09:22.633+0000] {dag.py:4180} INFO - Setting next_dagrun for example_sensors to None, run_after=None
[2024-12-06T22:09:22.666+0000] {processor.py:208} INFO - Processing /home/airflow/.local/lib/python3.12/site-packages/airflow/example_dags/example_sensors.py took 0.146 seconds
[2024-12-06T22:09:53.030+0000] {processor.py:186} INFO - Started process (PID=3598) to work on /home/airflow/.local/lib/python3.12/site-packages/airflow/example_dags/example_sensors.py
[2024-12-06T22:09:53.032+0000] {processor.py:914} INFO - Processing file /home/airflow/.local/lib/python3.12/site-packages/airflow/example_dags/example_sensors.py for tasks to queue
[2024-12-06T22:09:53.037+0000] {logging_mixin.py:190} INFO - [2024-12-06T22:09:53.036+0000] {dagbag.py:588} INFO - Filling up the DagBag from /home/airflow/.local/lib/python3.12/site-packages/airflow/example_dags/example_sensors.py
[2024-12-06T22:09:53.061+0000] {processor.py:925} INFO - DAG(s) 'example_sensors' retrieved from /home/airflow/.local/lib/python3.12/site-packages/airflow/example_dags/example_sensors.py
[2024-12-06T22:09:53.114+0000] {logging_mixin.py:190} INFO - [2024-12-06T22:09:53.114+0000] {dag.py:3239} INFO - Sync 1 DAGs
[2024-12-06T22:09:53.146+0000] {logging_mixin.py:190} INFO - [2024-12-06T22:09:53.145+0000] {dag.py:4180} INFO - Setting next_dagrun for example_sensors to None, run_after=None
[2024-12-06T22:09:53.184+0000] {processor.py:208} INFO - Processing /home/airflow/.local/lib/python3.12/site-packages/airflow/example_dags/example_sensors.py took 0.168 seconds
[2024-12-06T22:10:23.922+0000] {processor.py:186} INFO - Started process (PID=3661) to work on /home/airflow/.local/lib/python3.12/site-packages/airflow/example_dags/example_sensors.py
[2024-12-06T22:10:23.923+0000] {processor.py:914} INFO - Processing file /home/airflow/.local/lib/python3.12/site-packages/airflow/example_dags/example_sensors.py for tasks to queue
[2024-12-06T22:10:23.927+0000] {logging_mixin.py:190} INFO - [2024-12-06T22:10:23.926+0000] {dagbag.py:588} INFO - Filling up the DagBag from /home/airflow/.local/lib/python3.12/site-packages/airflow/example_dags/example_sensors.py
[2024-12-06T22:10:23.949+0000] {processor.py:925} INFO - DAG(s) 'example_sensors' retrieved from /home/airflow/.local/lib/python3.12/site-packages/airflow/example_dags/example_sensors.py
[2024-12-06T22:10:23.996+0000] {logging_mixin.py:190} INFO - [2024-12-06T22:10:23.994+0000] {dag.py:3239} INFO - Sync 1 DAGs
[2024-12-06T22:10:24.022+0000] {logging_mixin.py:190} INFO - [2024-12-06T22:10:24.021+0000] {dag.py:4180} INFO - Setting next_dagrun for example_sensors to None, run_after=None
[2024-12-06T22:10:24.056+0000] {processor.py:208} INFO - Processing /home/airflow/.local/lib/python3.12/site-packages/airflow/example_dags/example_sensors.py took 0.146 seconds
[2024-12-06T22:10:55.048+0000] {processor.py:186} INFO - Started process (PID=3724) to work on /home/airflow/.local/lib/python3.12/site-packages/airflow/example_dags/example_sensors.py
[2024-12-06T22:10:55.049+0000] {processor.py:914} INFO - Processing file /home/airflow/.local/lib/python3.12/site-packages/airflow/example_dags/example_sensors.py for tasks to queue
[2024-12-06T22:10:55.054+0000] {logging_mixin.py:190} INFO - [2024-12-06T22:10:55.053+0000] {dagbag.py:588} INFO - Filling up the DagBag from /home/airflow/.local/lib/python3.12/site-packages/airflow/example_dags/example_sensors.py
[2024-12-06T22:10:55.070+0000] {processor.py:925} INFO - DAG(s) 'example_sensors' retrieved from /home/airflow/.local/lib/python3.12/site-packages/airflow/example_dags/example_sensors.py
[2024-12-06T22:10:55.115+0000] {logging_mixin.py:190} INFO - [2024-12-06T22:10:55.114+0000] {dag.py:3239} INFO - Sync 1 DAGs
[2024-12-06T22:10:55.139+0000] {logging_mixin.py:190} INFO - [2024-12-06T22:10:55.139+0000] {dag.py:4180} INFO - Setting next_dagrun for example_sensors to None, run_after=None
[2024-12-06T22:10:55.179+0000] {processor.py:208} INFO - Processing /home/airflow/.local/lib/python3.12/site-packages/airflow/example_dags/example_sensors.py took 0.143 seconds
