[2024-12-06T21:40:48.071+0000] {processor.py:186} INFO - Started process (PID=81) to work on /home/airflow/.local/lib/python3.12/site-packages/airflow/example_dags/example_inlet_event_extra.py
[2024-12-06T21:40:48.072+0000] {processor.py:914} INFO - Processing file /home/airflow/.local/lib/python3.12/site-packages/airflow/example_dags/example_inlet_event_extra.py for tasks to queue
[2024-12-06T21:40:48.075+0000] {logging_mixin.py:190} INFO - [2024-12-06T21:40:48.075+0000] {dagbag.py:588} INFO - Filling up the DagBag from /home/airflow/.local/lib/python3.12/site-packages/airflow/example_dags/example_inlet_event_extra.py
[2024-12-06T21:40:50.085+0000] {processor.py:925} INFO - DAG(s) 'read_dataset_event_from_classic', 'read_dataset_event' retrieved from /home/airflow/.local/lib/python3.12/site-packages/airflow/example_dags/example_inlet_event_extra.py
[2024-12-06T21:40:50.212+0000] {logging_mixin.py:190} INFO - [2024-12-06T21:40:50.211+0000] {override.py:1911} INFO - Created Permission View: can edit on DAG:read_dataset_event_from_classic
[2024-12-06T21:40:50.225+0000] {logging_mixin.py:190} INFO - [2024-12-06T21:40:50.225+0000] {override.py:1911} INFO - Created Permission View: can delete on DAG:read_dataset_event_from_classic
[2024-12-06T21:40:50.234+0000] {logging_mixin.py:190} INFO - [2024-12-06T21:40:50.234+0000] {override.py:1911} INFO - Created Permission View: can read on DAG:read_dataset_event_from_classic
[2024-12-06T21:40:50.245+0000] {logging_mixin.py:190} INFO - [2024-12-06T21:40:50.245+0000] {override.py:1911} INFO - Created Permission View: menu access on DAG Run:read_dataset_event_from_classic
[2024-12-06T21:40:50.255+0000] {logging_mixin.py:190} INFO - [2024-12-06T21:40:50.254+0000] {override.py:1911} INFO - Created Permission View: can create on DAG Run:read_dataset_event_from_classic
[2024-12-06T21:40:50.265+0000] {logging_mixin.py:190} INFO - [2024-12-06T21:40:50.264+0000] {override.py:1911} INFO - Created Permission View: can delete on DAG Run:read_dataset_event_from_classic
[2024-12-06T21:40:50.273+0000] {logging_mixin.py:190} INFO - [2024-12-06T21:40:50.273+0000] {override.py:1911} INFO - Created Permission View: can read on DAG Run:read_dataset_event_from_classic
[2024-12-06T21:40:50.290+0000] {logging_mixin.py:190} INFO - [2024-12-06T21:40:50.290+0000] {override.py:1911} INFO - Created Permission View: can edit on DAG:read_dataset_event
[2024-12-06T21:40:50.300+0000] {logging_mixin.py:190} INFO - [2024-12-06T21:40:50.300+0000] {override.py:1911} INFO - Created Permission View: can delete on DAG:read_dataset_event
[2024-12-06T21:40:50.309+0000] {logging_mixin.py:190} INFO - [2024-12-06T21:40:50.309+0000] {override.py:1911} INFO - Created Permission View: can read on DAG:read_dataset_event
[2024-12-06T21:40:50.319+0000] {logging_mixin.py:190} INFO - [2024-12-06T21:40:50.318+0000] {override.py:1911} INFO - Created Permission View: menu access on DAG Run:read_dataset_event
[2024-12-06T21:40:50.328+0000] {logging_mixin.py:190} INFO - [2024-12-06T21:40:50.327+0000] {override.py:1911} INFO - Created Permission View: can create on DAG Run:read_dataset_event
[2024-12-06T21:40:50.337+0000] {logging_mixin.py:190} INFO - [2024-12-06T21:40:50.336+0000] {override.py:1911} INFO - Created Permission View: can delete on DAG Run:read_dataset_event
[2024-12-06T21:40:50.346+0000] {logging_mixin.py:190} INFO - [2024-12-06T21:40:50.346+0000] {override.py:1911} INFO - Created Permission View: can read on DAG Run:read_dataset_event
[2024-12-06T21:40:50.347+0000] {logging_mixin.py:190} INFO - [2024-12-06T21:40:50.347+0000] {dag.py:3239} INFO - Sync 2 DAGs
[2024-12-06T21:40:50.374+0000] {logging_mixin.py:190} INFO - [2024-12-06T21:40:50.373+0000] {dag.py:3262} INFO - Creating ORM DAG for read_dataset_event_from_classic
[2024-12-06T21:40:50.375+0000] {logging_mixin.py:190} INFO - [2024-12-06T21:40:50.375+0000] {dag.py:3262} INFO - Creating ORM DAG for read_dataset_event
[2024-12-06T21:40:50.390+0000] {logging_mixin.py:190} INFO - [2024-12-06T21:40:50.390+0000] {dag.py:4180} INFO - Setting next_dagrun for read_dataset_event to 2024-12-05 00:00:00+00:00, run_after=2024-12-06 00:00:00+00:00
[2024-12-06T21:40:50.393+0000] {logging_mixin.py:190} INFO - [2024-12-06T21:40:50.393+0000] {dag.py:4180} INFO - Setting next_dagrun for read_dataset_event_from_classic to 2024-12-05 00:00:00+00:00, run_after=2024-12-06 00:00:00+00:00
[2024-12-06T21:40:50.419+0000] {processor.py:208} INFO - Processing /home/airflow/.local/lib/python3.12/site-packages/airflow/example_dags/example_inlet_event_extra.py took 2.356 seconds
[2024-12-06T21:41:21.291+0000] {processor.py:186} INFO - Started process (PID=144) to work on /home/airflow/.local/lib/python3.12/site-packages/airflow/example_dags/example_inlet_event_extra.py
[2024-12-06T21:41:21.292+0000] {processor.py:914} INFO - Processing file /home/airflow/.local/lib/python3.12/site-packages/airflow/example_dags/example_inlet_event_extra.py for tasks to queue
[2024-12-06T21:41:21.298+0000] {logging_mixin.py:190} INFO - [2024-12-06T21:41:21.297+0000] {dagbag.py:588} INFO - Filling up the DagBag from /home/airflow/.local/lib/python3.12/site-packages/airflow/example_dags/example_inlet_event_extra.py
[2024-12-06T21:41:22.160+0000] {processor.py:925} INFO - DAG(s) 'read_dataset_event', 'read_dataset_event_from_classic' retrieved from /home/airflow/.local/lib/python3.12/site-packages/airflow/example_dags/example_inlet_event_extra.py
[2024-12-06T21:41:22.189+0000] {logging_mixin.py:190} INFO - [2024-12-06T21:41:22.189+0000] {dag.py:3239} INFO - Sync 2 DAGs
[2024-12-06T21:41:22.222+0000] {logging_mixin.py:190} INFO - [2024-12-06T21:41:22.222+0000] {dag.py:4180} INFO - Setting next_dagrun for read_dataset_event to 2024-12-05 00:00:00+00:00, run_after=2024-12-06 00:00:00+00:00
[2024-12-06T21:41:22.230+0000] {logging_mixin.py:190} INFO - [2024-12-06T21:41:22.229+0000] {dag.py:4180} INFO - Setting next_dagrun for read_dataset_event_from_classic to 2024-12-05 00:00:00+00:00, run_after=2024-12-06 00:00:00+00:00
[2024-12-06T21:41:22.251+0000] {processor.py:208} INFO - Processing /home/airflow/.local/lib/python3.12/site-packages/airflow/example_dags/example_inlet_event_extra.py took 0.971 seconds
[2024-12-06T21:41:52.716+0000] {processor.py:186} INFO - Started process (PID=207) to work on /home/airflow/.local/lib/python3.12/site-packages/airflow/example_dags/example_inlet_event_extra.py
[2024-12-06T21:41:52.718+0000] {processor.py:914} INFO - Processing file /home/airflow/.local/lib/python3.12/site-packages/airflow/example_dags/example_inlet_event_extra.py for tasks to queue
[2024-12-06T21:41:52.721+0000] {logging_mixin.py:190} INFO - [2024-12-06T21:41:52.721+0000] {dagbag.py:588} INFO - Filling up the DagBag from /home/airflow/.local/lib/python3.12/site-packages/airflow/example_dags/example_inlet_event_extra.py
[2024-12-06T21:41:53.512+0000] {processor.py:925} INFO - DAG(s) 'read_dataset_event', 'read_dataset_event_from_classic' retrieved from /home/airflow/.local/lib/python3.12/site-packages/airflow/example_dags/example_inlet_event_extra.py
[2024-12-06T21:41:53.537+0000] {logging_mixin.py:190} INFO - [2024-12-06T21:41:53.537+0000] {dag.py:3239} INFO - Sync 2 DAGs
[2024-12-06T21:41:53.568+0000] {logging_mixin.py:190} INFO - [2024-12-06T21:41:53.568+0000] {dag.py:4180} INFO - Setting next_dagrun for read_dataset_event to 2024-12-05 00:00:00+00:00, run_after=2024-12-06 00:00:00+00:00
[2024-12-06T21:41:53.575+0000] {logging_mixin.py:190} INFO - [2024-12-06T21:41:53.574+0000] {dag.py:4180} INFO - Setting next_dagrun for read_dataset_event_from_classic to 2024-12-05 00:00:00+00:00, run_after=2024-12-06 00:00:00+00:00
[2024-12-06T21:41:53.594+0000] {processor.py:208} INFO - Processing /home/airflow/.local/lib/python3.12/site-packages/airflow/example_dags/example_inlet_event_extra.py took 0.886 seconds
[2024-12-06T21:42:23.692+0000] {processor.py:186} INFO - Started process (PID=270) to work on /home/airflow/.local/lib/python3.12/site-packages/airflow/example_dags/example_inlet_event_extra.py
[2024-12-06T21:42:23.694+0000] {processor.py:914} INFO - Processing file /home/airflow/.local/lib/python3.12/site-packages/airflow/example_dags/example_inlet_event_extra.py for tasks to queue
[2024-12-06T21:42:23.697+0000] {logging_mixin.py:190} INFO - [2024-12-06T21:42:23.697+0000] {dagbag.py:588} INFO - Filling up the DagBag from /home/airflow/.local/lib/python3.12/site-packages/airflow/example_dags/example_inlet_event_extra.py
[2024-12-06T21:42:24.571+0000] {processor.py:925} INFO - DAG(s) 'read_dataset_event', 'read_dataset_event_from_classic' retrieved from /home/airflow/.local/lib/python3.12/site-packages/airflow/example_dags/example_inlet_event_extra.py
[2024-12-06T21:42:24.602+0000] {logging_mixin.py:190} INFO - [2024-12-06T21:42:24.602+0000] {dag.py:3239} INFO - Sync 2 DAGs
[2024-12-06T21:42:24.637+0000] {logging_mixin.py:190} INFO - [2024-12-06T21:42:24.637+0000] {dag.py:4180} INFO - Setting next_dagrun for read_dataset_event to 2024-12-05 00:00:00+00:00, run_after=2024-12-06 00:00:00+00:00
[2024-12-06T21:42:24.644+0000] {logging_mixin.py:190} INFO - [2024-12-06T21:42:24.644+0000] {dag.py:4180} INFO - Setting next_dagrun for read_dataset_event_from_classic to 2024-12-05 00:00:00+00:00, run_after=2024-12-06 00:00:00+00:00
[2024-12-06T21:42:24.668+0000] {processor.py:208} INFO - Processing /home/airflow/.local/lib/python3.12/site-packages/airflow/example_dags/example_inlet_event_extra.py took 0.983 seconds
[2024-12-06T21:42:55.028+0000] {processor.py:186} INFO - Started process (PID=333) to work on /home/airflow/.local/lib/python3.12/site-packages/airflow/example_dags/example_inlet_event_extra.py
[2024-12-06T21:42:55.030+0000] {processor.py:914} INFO - Processing file /home/airflow/.local/lib/python3.12/site-packages/airflow/example_dags/example_inlet_event_extra.py for tasks to queue
[2024-12-06T21:42:55.033+0000] {logging_mixin.py:190} INFO - [2024-12-06T21:42:55.033+0000] {dagbag.py:588} INFO - Filling up the DagBag from /home/airflow/.local/lib/python3.12/site-packages/airflow/example_dags/example_inlet_event_extra.py
[2024-12-06T21:42:55.876+0000] {processor.py:925} INFO - DAG(s) 'read_dataset_event', 'read_dataset_event_from_classic' retrieved from /home/airflow/.local/lib/python3.12/site-packages/airflow/example_dags/example_inlet_event_extra.py
[2024-12-06T21:42:55.905+0000] {logging_mixin.py:190} INFO - [2024-12-06T21:42:55.904+0000] {dag.py:3239} INFO - Sync 2 DAGs
[2024-12-06T21:42:55.941+0000] {logging_mixin.py:190} INFO - [2024-12-06T21:42:55.940+0000] {dag.py:4180} INFO - Setting next_dagrun for read_dataset_event to 2024-12-05 00:00:00+00:00, run_after=2024-12-06 00:00:00+00:00
[2024-12-06T21:42:55.947+0000] {logging_mixin.py:190} INFO - [2024-12-06T21:42:55.947+0000] {dag.py:4180} INFO - Setting next_dagrun for read_dataset_event_from_classic to 2024-12-05 00:00:00+00:00, run_after=2024-12-06 00:00:00+00:00
[2024-12-06T21:42:55.969+0000] {processor.py:208} INFO - Processing /home/airflow/.local/lib/python3.12/site-packages/airflow/example_dags/example_inlet_event_extra.py took 0.952 seconds
[2024-12-06T21:43:26.318+0000] {processor.py:186} INFO - Started process (PID=396) to work on /home/airflow/.local/lib/python3.12/site-packages/airflow/example_dags/example_inlet_event_extra.py
[2024-12-06T21:43:26.319+0000] {processor.py:914} INFO - Processing file /home/airflow/.local/lib/python3.12/site-packages/airflow/example_dags/example_inlet_event_extra.py for tasks to queue
[2024-12-06T21:43:26.325+0000] {logging_mixin.py:190} INFO - [2024-12-06T21:43:26.325+0000] {dagbag.py:588} INFO - Filling up the DagBag from /home/airflow/.local/lib/python3.12/site-packages/airflow/example_dags/example_inlet_event_extra.py
[2024-12-06T21:43:27.346+0000] {processor.py:925} INFO - DAG(s) 'read_dataset_event_from_classic', 'read_dataset_event' retrieved from /home/airflow/.local/lib/python3.12/site-packages/airflow/example_dags/example_inlet_event_extra.py
[2024-12-06T21:43:27.389+0000] {logging_mixin.py:190} INFO - [2024-12-06T21:43:27.388+0000] {dag.py:3239} INFO - Sync 2 DAGs
[2024-12-06T21:43:27.432+0000] {logging_mixin.py:190} INFO - [2024-12-06T21:43:27.432+0000] {dag.py:4180} INFO - Setting next_dagrun for read_dataset_event to 2024-12-05 00:00:00+00:00, run_after=2024-12-06 00:00:00+00:00
[2024-12-06T21:43:27.443+0000] {logging_mixin.py:190} INFO - [2024-12-06T21:43:27.443+0000] {dag.py:4180} INFO - Setting next_dagrun for read_dataset_event_from_classic to 2024-12-05 00:00:00+00:00, run_after=2024-12-06 00:00:00+00:00
[2024-12-06T21:43:27.476+0000] {processor.py:208} INFO - Processing /home/airflow/.local/lib/python3.12/site-packages/airflow/example_dags/example_inlet_event_extra.py took 1.170 seconds
[2024-12-06T21:43:57.995+0000] {processor.py:186} INFO - Started process (PID=459) to work on /home/airflow/.local/lib/python3.12/site-packages/airflow/example_dags/example_inlet_event_extra.py
[2024-12-06T21:43:57.996+0000] {processor.py:914} INFO - Processing file /home/airflow/.local/lib/python3.12/site-packages/airflow/example_dags/example_inlet_event_extra.py for tasks to queue
[2024-12-06T21:43:58.000+0000] {logging_mixin.py:190} INFO - [2024-12-06T21:43:58.000+0000] {dagbag.py:588} INFO - Filling up the DagBag from /home/airflow/.local/lib/python3.12/site-packages/airflow/example_dags/example_inlet_event_extra.py
[2024-12-06T21:43:58.875+0000] {processor.py:925} INFO - DAG(s) 'read_dataset_event', 'read_dataset_event_from_classic' retrieved from /home/airflow/.local/lib/python3.12/site-packages/airflow/example_dags/example_inlet_event_extra.py
[2024-12-06T21:43:58.903+0000] {logging_mixin.py:190} INFO - [2024-12-06T21:43:58.903+0000] {dag.py:3239} INFO - Sync 2 DAGs
[2024-12-06T21:43:58.940+0000] {logging_mixin.py:190} INFO - [2024-12-06T21:43:58.940+0000] {dag.py:4180} INFO - Setting next_dagrun for read_dataset_event to 2024-12-05 00:00:00+00:00, run_after=2024-12-06 00:00:00+00:00
[2024-12-06T21:43:58.949+0000] {logging_mixin.py:190} INFO - [2024-12-06T21:43:58.948+0000] {dag.py:4180} INFO - Setting next_dagrun for read_dataset_event_from_classic to 2024-12-05 00:00:00+00:00, run_after=2024-12-06 00:00:00+00:00
[2024-12-06T21:43:58.975+0000] {processor.py:208} INFO - Processing /home/airflow/.local/lib/python3.12/site-packages/airflow/example_dags/example_inlet_event_extra.py took 0.988 seconds
[2024-12-06T21:44:29.616+0000] {processor.py:186} INFO - Started process (PID=522) to work on /home/airflow/.local/lib/python3.12/site-packages/airflow/example_dags/example_inlet_event_extra.py
[2024-12-06T21:44:29.618+0000] {processor.py:914} INFO - Processing file /home/airflow/.local/lib/python3.12/site-packages/airflow/example_dags/example_inlet_event_extra.py for tasks to queue
[2024-12-06T21:44:29.622+0000] {logging_mixin.py:190} INFO - [2024-12-06T21:44:29.621+0000] {dagbag.py:588} INFO - Filling up the DagBag from /home/airflow/.local/lib/python3.12/site-packages/airflow/example_dags/example_inlet_event_extra.py
[2024-12-06T21:44:30.493+0000] {processor.py:925} INFO - DAG(s) 'read_dataset_event_from_classic', 'read_dataset_event' retrieved from /home/airflow/.local/lib/python3.12/site-packages/airflow/example_dags/example_inlet_event_extra.py
[2024-12-06T21:44:30.520+0000] {logging_mixin.py:190} INFO - [2024-12-06T21:44:30.520+0000] {dag.py:3239} INFO - Sync 2 DAGs
[2024-12-06T21:44:30.553+0000] {logging_mixin.py:190} INFO - [2024-12-06T21:44:30.552+0000] {dag.py:4180} INFO - Setting next_dagrun for read_dataset_event to 2024-12-05 00:00:00+00:00, run_after=2024-12-06 00:00:00+00:00
[2024-12-06T21:44:30.559+0000] {logging_mixin.py:190} INFO - [2024-12-06T21:44:30.559+0000] {dag.py:4180} INFO - Setting next_dagrun for read_dataset_event_from_classic to 2024-12-05 00:00:00+00:00, run_after=2024-12-06 00:00:00+00:00
[2024-12-06T21:44:30.579+0000] {processor.py:208} INFO - Processing /home/airflow/.local/lib/python3.12/site-packages/airflow/example_dags/example_inlet_event_extra.py took 0.983 seconds
[2024-12-06T21:45:00.997+0000] {processor.py:186} INFO - Started process (PID=585) to work on /home/airflow/.local/lib/python3.12/site-packages/airflow/example_dags/example_inlet_event_extra.py
[2024-12-06T21:45:01.002+0000] {processor.py:914} INFO - Processing file /home/airflow/.local/lib/python3.12/site-packages/airflow/example_dags/example_inlet_event_extra.py for tasks to queue
[2024-12-06T21:45:01.013+0000] {logging_mixin.py:190} INFO - [2024-12-06T21:45:01.011+0000] {dagbag.py:588} INFO - Filling up the DagBag from /home/airflow/.local/lib/python3.12/site-packages/airflow/example_dags/example_inlet_event_extra.py
[2024-12-06T21:45:01.933+0000] {processor.py:925} INFO - DAG(s) 'read_dataset_event_from_classic', 'read_dataset_event' retrieved from /home/airflow/.local/lib/python3.12/site-packages/airflow/example_dags/example_inlet_event_extra.py
[2024-12-06T21:45:01.963+0000] {logging_mixin.py:190} INFO - [2024-12-06T21:45:01.963+0000] {dag.py:3239} INFO - Sync 2 DAGs
[2024-12-06T21:45:01.999+0000] {logging_mixin.py:190} INFO - [2024-12-06T21:45:01.998+0000] {dag.py:4180} INFO - Setting next_dagrun for read_dataset_event to 2024-12-05 00:00:00+00:00, run_after=2024-12-06 00:00:00+00:00
[2024-12-06T21:45:02.006+0000] {logging_mixin.py:190} INFO - [2024-12-06T21:45:02.005+0000] {dag.py:4180} INFO - Setting next_dagrun for read_dataset_event_from_classic to 2024-12-05 00:00:00+00:00, run_after=2024-12-06 00:00:00+00:00
[2024-12-06T21:45:02.030+0000] {processor.py:208} INFO - Processing /home/airflow/.local/lib/python3.12/site-packages/airflow/example_dags/example_inlet_event_extra.py took 1.063 seconds
[2024-12-06T21:45:32.550+0000] {processor.py:186} INFO - Started process (PID=649) to work on /home/airflow/.local/lib/python3.12/site-packages/airflow/example_dags/example_inlet_event_extra.py
[2024-12-06T21:45:32.553+0000] {processor.py:914} INFO - Processing file /home/airflow/.local/lib/python3.12/site-packages/airflow/example_dags/example_inlet_event_extra.py for tasks to queue
[2024-12-06T21:45:32.560+0000] {logging_mixin.py:190} INFO - [2024-12-06T21:45:32.559+0000] {dagbag.py:588} INFO - Filling up the DagBag from /home/airflow/.local/lib/python3.12/site-packages/airflow/example_dags/example_inlet_event_extra.py
[2024-12-06T21:45:33.453+0000] {processor.py:925} INFO - DAG(s) 'read_dataset_event', 'read_dataset_event_from_classic' retrieved from /home/airflow/.local/lib/python3.12/site-packages/airflow/example_dags/example_inlet_event_extra.py
[2024-12-06T21:45:33.484+0000] {logging_mixin.py:190} INFO - [2024-12-06T21:45:33.483+0000] {dag.py:3239} INFO - Sync 2 DAGs
[2024-12-06T21:45:33.523+0000] {logging_mixin.py:190} INFO - [2024-12-06T21:45:33.522+0000] {dag.py:4180} INFO - Setting next_dagrun for read_dataset_event to 2024-12-05 00:00:00+00:00, run_after=2024-12-06 00:00:00+00:00
[2024-12-06T21:45:33.530+0000] {logging_mixin.py:190} INFO - [2024-12-06T21:45:33.530+0000] {dag.py:4180} INFO - Setting next_dagrun for read_dataset_event_from_classic to 2024-12-05 00:00:00+00:00, run_after=2024-12-06 00:00:00+00:00
[2024-12-06T21:45:33.553+0000] {processor.py:208} INFO - Processing /home/airflow/.local/lib/python3.12/site-packages/airflow/example_dags/example_inlet_event_extra.py took 1.021 seconds
[2024-12-06T21:46:04.559+0000] {processor.py:186} INFO - Started process (PID=712) to work on /home/airflow/.local/lib/python3.12/site-packages/airflow/example_dags/example_inlet_event_extra.py
[2024-12-06T21:46:04.563+0000] {processor.py:914} INFO - Processing file /home/airflow/.local/lib/python3.12/site-packages/airflow/example_dags/example_inlet_event_extra.py for tasks to queue
[2024-12-06T21:46:04.569+0000] {logging_mixin.py:190} INFO - [2024-12-06T21:46:04.568+0000] {dagbag.py:588} INFO - Filling up the DagBag from /home/airflow/.local/lib/python3.12/site-packages/airflow/example_dags/example_inlet_event_extra.py
[2024-12-06T21:46:05.456+0000] {processor.py:925} INFO - DAG(s) 'read_dataset_event_from_classic', 'read_dataset_event' retrieved from /home/airflow/.local/lib/python3.12/site-packages/airflow/example_dags/example_inlet_event_extra.py
[2024-12-06T21:46:05.483+0000] {logging_mixin.py:190} INFO - [2024-12-06T21:46:05.483+0000] {dag.py:3239} INFO - Sync 2 DAGs
[2024-12-06T21:46:05.515+0000] {logging_mixin.py:190} INFO - [2024-12-06T21:46:05.515+0000] {dag.py:4180} INFO - Setting next_dagrun for read_dataset_event to 2024-12-05 00:00:00+00:00, run_after=2024-12-06 00:00:00+00:00
[2024-12-06T21:46:05.523+0000] {logging_mixin.py:190} INFO - [2024-12-06T21:46:05.522+0000] {dag.py:4180} INFO - Setting next_dagrun for read_dataset_event_from_classic to 2024-12-05 00:00:00+00:00, run_after=2024-12-06 00:00:00+00:00
[2024-12-06T21:46:05.543+0000] {processor.py:208} INFO - Processing /home/airflow/.local/lib/python3.12/site-packages/airflow/example_dags/example_inlet_event_extra.py took 1.010 seconds
[2024-12-06T21:46:36.449+0000] {processor.py:186} INFO - Started process (PID=780) to work on /home/airflow/.local/lib/python3.12/site-packages/airflow/example_dags/example_inlet_event_extra.py
[2024-12-06T21:46:36.452+0000] {processor.py:914} INFO - Processing file /home/airflow/.local/lib/python3.12/site-packages/airflow/example_dags/example_inlet_event_extra.py for tasks to queue
[2024-12-06T21:46:36.459+0000] {logging_mixin.py:190} INFO - [2024-12-06T21:46:36.458+0000] {dagbag.py:588} INFO - Filling up the DagBag from /home/airflow/.local/lib/python3.12/site-packages/airflow/example_dags/example_inlet_event_extra.py
[2024-12-06T21:46:37.235+0000] {processor.py:925} INFO - DAG(s) 'read_dataset_event_from_classic', 'read_dataset_event' retrieved from /home/airflow/.local/lib/python3.12/site-packages/airflow/example_dags/example_inlet_event_extra.py
[2024-12-06T21:46:37.260+0000] {logging_mixin.py:190} INFO - [2024-12-06T21:46:37.260+0000] {dag.py:3239} INFO - Sync 2 DAGs
[2024-12-06T21:46:37.293+0000] {logging_mixin.py:190} INFO - [2024-12-06T21:46:37.293+0000] {dag.py:4180} INFO - Setting next_dagrun for read_dataset_event to 2024-12-05 00:00:00+00:00, run_after=2024-12-06 00:00:00+00:00
[2024-12-06T21:46:37.300+0000] {logging_mixin.py:190} INFO - [2024-12-06T21:46:37.300+0000] {dag.py:4180} INFO - Setting next_dagrun for read_dataset_event_from_classic to 2024-12-05 00:00:00+00:00, run_after=2024-12-06 00:00:00+00:00
[2024-12-06T21:46:37.321+0000] {processor.py:208} INFO - Processing /home/airflow/.local/lib/python3.12/site-packages/airflow/example_dags/example_inlet_event_extra.py took 0.889 seconds
[2024-12-06T21:47:07.969+0000] {processor.py:186} INFO - Started process (PID=844) to work on /home/airflow/.local/lib/python3.12/site-packages/airflow/example_dags/example_inlet_event_extra.py
[2024-12-06T21:47:07.973+0000] {processor.py:914} INFO - Processing file /home/airflow/.local/lib/python3.12/site-packages/airflow/example_dags/example_inlet_event_extra.py for tasks to queue
[2024-12-06T21:47:07.983+0000] {logging_mixin.py:190} INFO - [2024-12-06T21:47:07.982+0000] {dagbag.py:588} INFO - Filling up the DagBag from /home/airflow/.local/lib/python3.12/site-packages/airflow/example_dags/example_inlet_event_extra.py
[2024-12-06T21:47:08.808+0000] {processor.py:925} INFO - DAG(s) 'read_dataset_event', 'read_dataset_event_from_classic' retrieved from /home/airflow/.local/lib/python3.12/site-packages/airflow/example_dags/example_inlet_event_extra.py
[2024-12-06T21:47:08.833+0000] {logging_mixin.py:190} INFO - [2024-12-06T21:47:08.832+0000] {dag.py:3239} INFO - Sync 2 DAGs
[2024-12-06T21:47:08.863+0000] {logging_mixin.py:190} INFO - [2024-12-06T21:47:08.863+0000] {dag.py:4180} INFO - Setting next_dagrun for read_dataset_event to 2024-12-05 00:00:00+00:00, run_after=2024-12-06 00:00:00+00:00
[2024-12-06T21:47:08.870+0000] {logging_mixin.py:190} INFO - [2024-12-06T21:47:08.869+0000] {dag.py:4180} INFO - Setting next_dagrun for read_dataset_event_from_classic to 2024-12-05 00:00:00+00:00, run_after=2024-12-06 00:00:00+00:00
[2024-12-06T21:47:08.891+0000] {processor.py:208} INFO - Processing /home/airflow/.local/lib/python3.12/site-packages/airflow/example_dags/example_inlet_event_extra.py took 0.948 seconds
[2024-12-06T21:47:39.704+0000] {processor.py:186} INFO - Started process (PID=912) to work on /home/airflow/.local/lib/python3.12/site-packages/airflow/example_dags/example_inlet_event_extra.py
[2024-12-06T21:47:39.706+0000] {processor.py:914} INFO - Processing file /home/airflow/.local/lib/python3.12/site-packages/airflow/example_dags/example_inlet_event_extra.py for tasks to queue
[2024-12-06T21:47:39.709+0000] {logging_mixin.py:190} INFO - [2024-12-06T21:47:39.709+0000] {dagbag.py:588} INFO - Filling up the DagBag from /home/airflow/.local/lib/python3.12/site-packages/airflow/example_dags/example_inlet_event_extra.py
[2024-12-06T21:47:40.690+0000] {processor.py:925} INFO - DAG(s) 'read_dataset_event_from_classic', 'read_dataset_event' retrieved from /home/airflow/.local/lib/python3.12/site-packages/airflow/example_dags/example_inlet_event_extra.py
[2024-12-06T21:47:40.721+0000] {logging_mixin.py:190} INFO - [2024-12-06T21:47:40.720+0000] {dag.py:3239} INFO - Sync 2 DAGs
[2024-12-06T21:47:40.755+0000] {logging_mixin.py:190} INFO - [2024-12-06T21:47:40.754+0000] {dag.py:4180} INFO - Setting next_dagrun for read_dataset_event to 2024-12-05 00:00:00+00:00, run_after=2024-12-06 00:00:00+00:00
[2024-12-06T21:47:40.763+0000] {logging_mixin.py:190} INFO - [2024-12-06T21:47:40.762+0000] {dag.py:4180} INFO - Setting next_dagrun for read_dataset_event_from_classic to 2024-12-05 00:00:00+00:00, run_after=2024-12-06 00:00:00+00:00
[2024-12-06T21:47:40.788+0000] {processor.py:208} INFO - Processing /home/airflow/.local/lib/python3.12/site-packages/airflow/example_dags/example_inlet_event_extra.py took 1.092 seconds
[2024-12-06T21:48:11.414+0000] {processor.py:186} INFO - Started process (PID=975) to work on /home/airflow/.local/lib/python3.12/site-packages/airflow/example_dags/example_inlet_event_extra.py
[2024-12-06T21:48:11.416+0000] {processor.py:914} INFO - Processing file /home/airflow/.local/lib/python3.12/site-packages/airflow/example_dags/example_inlet_event_extra.py for tasks to queue
[2024-12-06T21:48:11.422+0000] {logging_mixin.py:190} INFO - [2024-12-06T21:48:11.421+0000] {dagbag.py:588} INFO - Filling up the DagBag from /home/airflow/.local/lib/python3.12/site-packages/airflow/example_dags/example_inlet_event_extra.py
[2024-12-06T21:48:12.465+0000] {processor.py:925} INFO - DAG(s) 'read_dataset_event', 'read_dataset_event_from_classic' retrieved from /home/airflow/.local/lib/python3.12/site-packages/airflow/example_dags/example_inlet_event_extra.py
[2024-12-06T21:48:12.495+0000] {logging_mixin.py:190} INFO - [2024-12-06T21:48:12.495+0000] {dag.py:3239} INFO - Sync 2 DAGs
[2024-12-06T21:48:12.563+0000] {logging_mixin.py:190} INFO - [2024-12-06T21:48:12.563+0000] {dag.py:4180} INFO - Setting next_dagrun for read_dataset_event to 2024-12-05 00:00:00+00:00, run_after=2024-12-06 00:00:00+00:00
[2024-12-06T21:48:12.579+0000] {logging_mixin.py:190} INFO - [2024-12-06T21:48:12.579+0000] {dag.py:4180} INFO - Setting next_dagrun for read_dataset_event_from_classic to 2024-12-05 00:00:00+00:00, run_after=2024-12-06 00:00:00+00:00
[2024-12-06T21:48:12.624+0000] {processor.py:208} INFO - Processing /home/airflow/.local/lib/python3.12/site-packages/airflow/example_dags/example_inlet_event_extra.py took 1.218 seconds
[2024-12-06T21:48:43.524+0000] {processor.py:186} INFO - Started process (PID=1038) to work on /home/airflow/.local/lib/python3.12/site-packages/airflow/example_dags/example_inlet_event_extra.py
[2024-12-06T21:48:43.525+0000] {processor.py:914} INFO - Processing file /home/airflow/.local/lib/python3.12/site-packages/airflow/example_dags/example_inlet_event_extra.py for tasks to queue
[2024-12-06T21:48:43.528+0000] {logging_mixin.py:190} INFO - [2024-12-06T21:48:43.528+0000] {dagbag.py:588} INFO - Filling up the DagBag from /home/airflow/.local/lib/python3.12/site-packages/airflow/example_dags/example_inlet_event_extra.py
[2024-12-06T21:48:44.449+0000] {processor.py:925} INFO - DAG(s) 'read_dataset_event_from_classic', 'read_dataset_event' retrieved from /home/airflow/.local/lib/python3.12/site-packages/airflow/example_dags/example_inlet_event_extra.py
[2024-12-06T21:48:44.480+0000] {logging_mixin.py:190} INFO - [2024-12-06T21:48:44.480+0000] {dag.py:3239} INFO - Sync 2 DAGs
[2024-12-06T21:48:44.514+0000] {logging_mixin.py:190} INFO - [2024-12-06T21:48:44.514+0000] {dag.py:4180} INFO - Setting next_dagrun for read_dataset_event to 2024-12-05 00:00:00+00:00, run_after=2024-12-06 00:00:00+00:00
[2024-12-06T21:48:44.524+0000] {logging_mixin.py:190} INFO - [2024-12-06T21:48:44.524+0000] {dag.py:4180} INFO - Setting next_dagrun for read_dataset_event_from_classic to 2024-12-05 00:00:00+00:00, run_after=2024-12-06 00:00:00+00:00
[2024-12-06T21:48:44.549+0000] {processor.py:208} INFO - Processing /home/airflow/.local/lib/python3.12/site-packages/airflow/example_dags/example_inlet_event_extra.py took 1.036 seconds
[2024-12-06T21:49:14.644+0000] {processor.py:186} INFO - Started process (PID=1101) to work on /home/airflow/.local/lib/python3.12/site-packages/airflow/example_dags/example_inlet_event_extra.py
[2024-12-06T21:49:14.646+0000] {processor.py:914} INFO - Processing file /home/airflow/.local/lib/python3.12/site-packages/airflow/example_dags/example_inlet_event_extra.py for tasks to queue
[2024-12-06T21:49:14.649+0000] {logging_mixin.py:190} INFO - [2024-12-06T21:49:14.648+0000] {dagbag.py:588} INFO - Filling up the DagBag from /home/airflow/.local/lib/python3.12/site-packages/airflow/example_dags/example_inlet_event_extra.py
[2024-12-06T21:49:15.534+0000] {processor.py:925} INFO - DAG(s) 'read_dataset_event', 'read_dataset_event_from_classic' retrieved from /home/airflow/.local/lib/python3.12/site-packages/airflow/example_dags/example_inlet_event_extra.py
[2024-12-06T21:49:15.563+0000] {logging_mixin.py:190} INFO - [2024-12-06T21:49:15.562+0000] {dag.py:3239} INFO - Sync 2 DAGs
[2024-12-06T21:49:15.597+0000] {logging_mixin.py:190} INFO - [2024-12-06T21:49:15.597+0000] {dag.py:4180} INFO - Setting next_dagrun for read_dataset_event to 2024-12-05 00:00:00+00:00, run_after=2024-12-06 00:00:00+00:00
[2024-12-06T21:49:15.604+0000] {logging_mixin.py:190} INFO - [2024-12-06T21:49:15.603+0000] {dag.py:4180} INFO - Setting next_dagrun for read_dataset_event_from_classic to 2024-12-05 00:00:00+00:00, run_after=2024-12-06 00:00:00+00:00
[2024-12-06T21:49:15.629+0000] {processor.py:208} INFO - Processing /home/airflow/.local/lib/python3.12/site-packages/airflow/example_dags/example_inlet_event_extra.py took 0.994 seconds
[2024-12-06T21:49:45.877+0000] {processor.py:186} INFO - Started process (PID=1164) to work on /home/airflow/.local/lib/python3.12/site-packages/airflow/example_dags/example_inlet_event_extra.py
[2024-12-06T21:49:45.878+0000] {processor.py:914} INFO - Processing file /home/airflow/.local/lib/python3.12/site-packages/airflow/example_dags/example_inlet_event_extra.py for tasks to queue
[2024-12-06T21:49:45.883+0000] {logging_mixin.py:190} INFO - [2024-12-06T21:49:45.882+0000] {dagbag.py:588} INFO - Filling up the DagBag from /home/airflow/.local/lib/python3.12/site-packages/airflow/example_dags/example_inlet_event_extra.py
[2024-12-06T21:49:46.828+0000] {processor.py:925} INFO - DAG(s) 'read_dataset_event_from_classic', 'read_dataset_event' retrieved from /home/airflow/.local/lib/python3.12/site-packages/airflow/example_dags/example_inlet_event_extra.py
[2024-12-06T21:49:46.865+0000] {logging_mixin.py:190} INFO - [2024-12-06T21:49:46.865+0000] {dag.py:3239} INFO - Sync 2 DAGs
[2024-12-06T21:49:46.918+0000] {logging_mixin.py:190} INFO - [2024-12-06T21:49:46.917+0000] {dag.py:4180} INFO - Setting next_dagrun for read_dataset_event to 2024-12-05 00:00:00+00:00, run_after=2024-12-06 00:00:00+00:00
[2024-12-06T21:49:46.930+0000] {logging_mixin.py:190} INFO - [2024-12-06T21:49:46.929+0000] {dag.py:4180} INFO - Setting next_dagrun for read_dataset_event_from_classic to 2024-12-05 00:00:00+00:00, run_after=2024-12-06 00:00:00+00:00
[2024-12-06T21:49:46.963+0000] {processor.py:208} INFO - Processing /home/airflow/.local/lib/python3.12/site-packages/airflow/example_dags/example_inlet_event_extra.py took 1.096 seconds
[2024-12-06T21:50:17.165+0000] {processor.py:186} INFO - Started process (PID=1237) to work on /home/airflow/.local/lib/python3.12/site-packages/airflow/example_dags/example_inlet_event_extra.py
[2024-12-06T21:50:17.167+0000] {processor.py:914} INFO - Processing file /home/airflow/.local/lib/python3.12/site-packages/airflow/example_dags/example_inlet_event_extra.py for tasks to queue
[2024-12-06T21:50:17.170+0000] {logging_mixin.py:190} INFO - [2024-12-06T21:50:17.170+0000] {dagbag.py:588} INFO - Filling up the DagBag from /home/airflow/.local/lib/python3.12/site-packages/airflow/example_dags/example_inlet_event_extra.py
[2024-12-06T21:50:18.194+0000] {processor.py:925} INFO - DAG(s) 'read_dataset_event_from_classic', 'read_dataset_event' retrieved from /home/airflow/.local/lib/python3.12/site-packages/airflow/example_dags/example_inlet_event_extra.py
[2024-12-06T21:50:18.227+0000] {logging_mixin.py:190} INFO - [2024-12-06T21:50:18.227+0000] {dag.py:3239} INFO - Sync 2 DAGs
[2024-12-06T21:50:18.273+0000] {logging_mixin.py:190} INFO - [2024-12-06T21:50:18.273+0000] {dag.py:4180} INFO - Setting next_dagrun for read_dataset_event to 2024-12-05 00:00:00+00:00, run_after=2024-12-06 00:00:00+00:00
[2024-12-06T21:50:18.282+0000] {logging_mixin.py:190} INFO - [2024-12-06T21:50:18.282+0000] {dag.py:4180} INFO - Setting next_dagrun for read_dataset_event_from_classic to 2024-12-05 00:00:00+00:00, run_after=2024-12-06 00:00:00+00:00
[2024-12-06T21:50:18.308+0000] {processor.py:208} INFO - Processing /home/airflow/.local/lib/python3.12/site-packages/airflow/example_dags/example_inlet_event_extra.py took 1.153 seconds
[2024-12-06T21:50:48.526+0000] {processor.py:186} INFO - Started process (PID=1302) to work on /home/airflow/.local/lib/python3.12/site-packages/airflow/example_dags/example_inlet_event_extra.py
[2024-12-06T21:50:48.528+0000] {processor.py:914} INFO - Processing file /home/airflow/.local/lib/python3.12/site-packages/airflow/example_dags/example_inlet_event_extra.py for tasks to queue
[2024-12-06T21:50:48.533+0000] {logging_mixin.py:190} INFO - [2024-12-06T21:50:48.532+0000] {dagbag.py:588} INFO - Filling up the DagBag from /home/airflow/.local/lib/python3.12/site-packages/airflow/example_dags/example_inlet_event_extra.py
[2024-12-06T21:50:49.521+0000] {processor.py:925} INFO - DAG(s) 'read_dataset_event', 'read_dataset_event_from_classic' retrieved from /home/airflow/.local/lib/python3.12/site-packages/airflow/example_dags/example_inlet_event_extra.py
[2024-12-06T21:50:49.550+0000] {logging_mixin.py:190} INFO - [2024-12-06T21:50:49.550+0000] {dag.py:3239} INFO - Sync 2 DAGs
[2024-12-06T21:50:49.587+0000] {logging_mixin.py:190} INFO - [2024-12-06T21:50:49.586+0000] {dag.py:4180} INFO - Setting next_dagrun for read_dataset_event to 2024-12-05 00:00:00+00:00, run_after=2024-12-06 00:00:00+00:00
[2024-12-06T21:50:49.594+0000] {logging_mixin.py:190} INFO - [2024-12-06T21:50:49.594+0000] {dag.py:4180} INFO - Setting next_dagrun for read_dataset_event_from_classic to 2024-12-05 00:00:00+00:00, run_after=2024-12-06 00:00:00+00:00
[2024-12-06T21:50:49.621+0000] {processor.py:208} INFO - Processing /home/airflow/.local/lib/python3.12/site-packages/airflow/example_dags/example_inlet_event_extra.py took 1.107 seconds
[2024-12-06T21:51:20.281+0000] {processor.py:186} INFO - Started process (PID=1368) to work on /home/airflow/.local/lib/python3.12/site-packages/airflow/example_dags/example_inlet_event_extra.py
[2024-12-06T21:51:20.282+0000] {processor.py:914} INFO - Processing file /home/airflow/.local/lib/python3.12/site-packages/airflow/example_dags/example_inlet_event_extra.py for tasks to queue
[2024-12-06T21:51:20.288+0000] {logging_mixin.py:190} INFO - [2024-12-06T21:51:20.287+0000] {dagbag.py:588} INFO - Filling up the DagBag from /home/airflow/.local/lib/python3.12/site-packages/airflow/example_dags/example_inlet_event_extra.py
[2024-12-06T21:51:21.226+0000] {processor.py:925} INFO - DAG(s) 'read_dataset_event_from_classic', 'read_dataset_event' retrieved from /home/airflow/.local/lib/python3.12/site-packages/airflow/example_dags/example_inlet_event_extra.py
[2024-12-06T21:51:21.256+0000] {logging_mixin.py:190} INFO - [2024-12-06T21:51:21.256+0000] {dag.py:3239} INFO - Sync 2 DAGs
[2024-12-06T21:51:21.292+0000] {logging_mixin.py:190} INFO - [2024-12-06T21:51:21.291+0000] {dag.py:4180} INFO - Setting next_dagrun for read_dataset_event to 2024-12-05 00:00:00+00:00, run_after=2024-12-06 00:00:00+00:00
[2024-12-06T21:51:21.301+0000] {logging_mixin.py:190} INFO - [2024-12-06T21:51:21.300+0000] {dag.py:4180} INFO - Setting next_dagrun for read_dataset_event_from_classic to 2024-12-05 00:00:00+00:00, run_after=2024-12-06 00:00:00+00:00
[2024-12-06T21:51:21.327+0000] {processor.py:208} INFO - Processing /home/airflow/.local/lib/python3.12/site-packages/airflow/example_dags/example_inlet_event_extra.py took 1.059 seconds
[2024-12-06T21:51:51.837+0000] {processor.py:186} INFO - Started process (PID=1431) to work on /home/airflow/.local/lib/python3.12/site-packages/airflow/example_dags/example_inlet_event_extra.py
[2024-12-06T21:51:51.842+0000] {processor.py:914} INFO - Processing file /home/airflow/.local/lib/python3.12/site-packages/airflow/example_dags/example_inlet_event_extra.py for tasks to queue
[2024-12-06T21:51:51.854+0000] {logging_mixin.py:190} INFO - [2024-12-06T21:51:51.852+0000] {dagbag.py:588} INFO - Filling up the DagBag from /home/airflow/.local/lib/python3.12/site-packages/airflow/example_dags/example_inlet_event_extra.py
[2024-12-06T21:51:52.987+0000] {processor.py:925} INFO - DAG(s) 'read_dataset_event_from_classic', 'read_dataset_event' retrieved from /home/airflow/.local/lib/python3.12/site-packages/airflow/example_dags/example_inlet_event_extra.py
[2024-12-06T21:51:53.017+0000] {logging_mixin.py:190} INFO - [2024-12-06T21:51:53.017+0000] {dag.py:3239} INFO - Sync 2 DAGs
[2024-12-06T21:51:53.057+0000] {logging_mixin.py:190} INFO - [2024-12-06T21:51:53.056+0000] {dag.py:4180} INFO - Setting next_dagrun for read_dataset_event to 2024-12-05 00:00:00+00:00, run_after=2024-12-06 00:00:00+00:00
[2024-12-06T21:51:53.064+0000] {logging_mixin.py:190} INFO - [2024-12-06T21:51:53.064+0000] {dag.py:4180} INFO - Setting next_dagrun for read_dataset_event_from_classic to 2024-12-05 00:00:00+00:00, run_after=2024-12-06 00:00:00+00:00
[2024-12-06T21:51:53.091+0000] {processor.py:208} INFO - Processing /home/airflow/.local/lib/python3.12/site-packages/airflow/example_dags/example_inlet_event_extra.py took 1.283 seconds
[2024-12-06T21:52:24.182+0000] {processor.py:186} INFO - Started process (PID=1494) to work on /home/airflow/.local/lib/python3.12/site-packages/airflow/example_dags/example_inlet_event_extra.py
[2024-12-06T21:52:24.187+0000] {processor.py:914} INFO - Processing file /home/airflow/.local/lib/python3.12/site-packages/airflow/example_dags/example_inlet_event_extra.py for tasks to queue
[2024-12-06T21:52:24.199+0000] {logging_mixin.py:190} INFO - [2024-12-06T21:52:24.197+0000] {dagbag.py:588} INFO - Filling up the DagBag from /home/airflow/.local/lib/python3.12/site-packages/airflow/example_dags/example_inlet_event_extra.py
[2024-12-06T21:52:25.290+0000] {processor.py:925} INFO - DAG(s) 'read_dataset_event_from_classic', 'read_dataset_event' retrieved from /home/airflow/.local/lib/python3.12/site-packages/airflow/example_dags/example_inlet_event_extra.py
[2024-12-06T21:52:25.318+0000] {logging_mixin.py:190} INFO - [2024-12-06T21:52:25.318+0000] {dag.py:3239} INFO - Sync 2 DAGs
[2024-12-06T21:52:25.354+0000] {logging_mixin.py:190} INFO - [2024-12-06T21:52:25.353+0000] {dag.py:4180} INFO - Setting next_dagrun for read_dataset_event to 2024-12-05 00:00:00+00:00, run_after=2024-12-06 00:00:00+00:00
[2024-12-06T21:52:25.363+0000] {logging_mixin.py:190} INFO - [2024-12-06T21:52:25.363+0000] {dag.py:4180} INFO - Setting next_dagrun for read_dataset_event_from_classic to 2024-12-05 00:00:00+00:00, run_after=2024-12-06 00:00:00+00:00
[2024-12-06T21:52:25.387+0000] {processor.py:208} INFO - Processing /home/airflow/.local/lib/python3.12/site-packages/airflow/example_dags/example_inlet_event_extra.py took 1.237 seconds
[2024-12-06T21:52:56.075+0000] {processor.py:186} INFO - Started process (PID=1557) to work on /home/airflow/.local/lib/python3.12/site-packages/airflow/example_dags/example_inlet_event_extra.py
[2024-12-06T21:52:56.080+0000] {processor.py:914} INFO - Processing file /home/airflow/.local/lib/python3.12/site-packages/airflow/example_dags/example_inlet_event_extra.py for tasks to queue
[2024-12-06T21:52:56.093+0000] {logging_mixin.py:190} INFO - [2024-12-06T21:52:56.091+0000] {dagbag.py:588} INFO - Filling up the DagBag from /home/airflow/.local/lib/python3.12/site-packages/airflow/example_dags/example_inlet_event_extra.py
[2024-12-06T21:52:57.371+0000] {processor.py:925} INFO - DAG(s) 'read_dataset_event_from_classic', 'read_dataset_event' retrieved from /home/airflow/.local/lib/python3.12/site-packages/airflow/example_dags/example_inlet_event_extra.py
[2024-12-06T21:52:57.408+0000] {logging_mixin.py:190} INFO - [2024-12-06T21:52:57.407+0000] {dag.py:3239} INFO - Sync 2 DAGs
[2024-12-06T21:52:57.454+0000] {logging_mixin.py:190} INFO - [2024-12-06T21:52:57.453+0000] {dag.py:4180} INFO - Setting next_dagrun for read_dataset_event to 2024-12-05 00:00:00+00:00, run_after=2024-12-06 00:00:00+00:00
[2024-12-06T21:52:57.464+0000] {logging_mixin.py:190} INFO - [2024-12-06T21:52:57.463+0000] {dag.py:4180} INFO - Setting next_dagrun for read_dataset_event_from_classic to 2024-12-05 00:00:00+00:00, run_after=2024-12-06 00:00:00+00:00
[2024-12-06T21:52:57.491+0000] {processor.py:208} INFO - Processing /home/airflow/.local/lib/python3.12/site-packages/airflow/example_dags/example_inlet_event_extra.py took 1.450 seconds
[2024-12-06T21:53:27.676+0000] {processor.py:186} INFO - Started process (PID=1620) to work on /home/airflow/.local/lib/python3.12/site-packages/airflow/example_dags/example_inlet_event_extra.py
[2024-12-06T21:53:27.681+0000] {processor.py:914} INFO - Processing file /home/airflow/.local/lib/python3.12/site-packages/airflow/example_dags/example_inlet_event_extra.py for tasks to queue
[2024-12-06T21:53:27.693+0000] {logging_mixin.py:190} INFO - [2024-12-06T21:53:27.691+0000] {dagbag.py:588} INFO - Filling up the DagBag from /home/airflow/.local/lib/python3.12/site-packages/airflow/example_dags/example_inlet_event_extra.py
[2024-12-06T21:53:28.759+0000] {processor.py:925} INFO - DAG(s) 'read_dataset_event', 'read_dataset_event_from_classic' retrieved from /home/airflow/.local/lib/python3.12/site-packages/airflow/example_dags/example_inlet_event_extra.py
[2024-12-06T21:53:28.792+0000] {logging_mixin.py:190} INFO - [2024-12-06T21:53:28.792+0000] {dag.py:3239} INFO - Sync 2 DAGs
[2024-12-06T21:53:28.829+0000] {logging_mixin.py:190} INFO - [2024-12-06T21:53:28.828+0000] {dag.py:4180} INFO - Setting next_dagrun for read_dataset_event to 2024-12-05 00:00:00+00:00, run_after=2024-12-06 00:00:00+00:00
[2024-12-06T21:53:28.836+0000] {logging_mixin.py:190} INFO - [2024-12-06T21:53:28.836+0000] {dag.py:4180} INFO - Setting next_dagrun for read_dataset_event_from_classic to 2024-12-05 00:00:00+00:00, run_after=2024-12-06 00:00:00+00:00
[2024-12-06T21:53:28.860+0000] {processor.py:208} INFO - Processing /home/airflow/.local/lib/python3.12/site-packages/airflow/example_dags/example_inlet_event_extra.py took 1.216 seconds
[2024-12-06T21:53:59.499+0000] {processor.py:186} INFO - Started process (PID=1683) to work on /home/airflow/.local/lib/python3.12/site-packages/airflow/example_dags/example_inlet_event_extra.py
[2024-12-06T21:53:59.501+0000] {processor.py:914} INFO - Processing file /home/airflow/.local/lib/python3.12/site-packages/airflow/example_dags/example_inlet_event_extra.py for tasks to queue
[2024-12-06T21:53:59.506+0000] {logging_mixin.py:190} INFO - [2024-12-06T21:53:59.505+0000] {dagbag.py:588} INFO - Filling up the DagBag from /home/airflow/.local/lib/python3.12/site-packages/airflow/example_dags/example_inlet_event_extra.py
[2024-12-06T21:54:00.504+0000] {processor.py:925} INFO - DAG(s) 'read_dataset_event', 'read_dataset_event_from_classic' retrieved from /home/airflow/.local/lib/python3.12/site-packages/airflow/example_dags/example_inlet_event_extra.py
[2024-12-06T21:54:00.533+0000] {logging_mixin.py:190} INFO - [2024-12-06T21:54:00.533+0000] {dag.py:3239} INFO - Sync 2 DAGs
[2024-12-06T21:54:00.572+0000] {logging_mixin.py:190} INFO - [2024-12-06T21:54:00.571+0000] {dag.py:4180} INFO - Setting next_dagrun for read_dataset_event to 2024-12-05 00:00:00+00:00, run_after=2024-12-06 00:00:00+00:00
[2024-12-06T21:54:00.579+0000] {logging_mixin.py:190} INFO - [2024-12-06T21:54:00.579+0000] {dag.py:4180} INFO - Setting next_dagrun for read_dataset_event_from_classic to 2024-12-05 00:00:00+00:00, run_after=2024-12-06 00:00:00+00:00
[2024-12-06T21:54:00.603+0000] {processor.py:208} INFO - Processing /home/airflow/.local/lib/python3.12/site-packages/airflow/example_dags/example_inlet_event_extra.py took 1.114 seconds
[2024-12-06T21:54:30.936+0000] {processor.py:186} INFO - Started process (PID=1746) to work on /home/airflow/.local/lib/python3.12/site-packages/airflow/example_dags/example_inlet_event_extra.py
[2024-12-06T21:54:30.938+0000] {processor.py:914} INFO - Processing file /home/airflow/.local/lib/python3.12/site-packages/airflow/example_dags/example_inlet_event_extra.py for tasks to queue
[2024-12-06T21:54:30.943+0000] {logging_mixin.py:190} INFO - [2024-12-06T21:54:30.942+0000] {dagbag.py:588} INFO - Filling up the DagBag from /home/airflow/.local/lib/python3.12/site-packages/airflow/example_dags/example_inlet_event_extra.py
[2024-12-06T21:54:31.949+0000] {processor.py:925} INFO - DAG(s) 'read_dataset_event_from_classic', 'read_dataset_event' retrieved from /home/airflow/.local/lib/python3.12/site-packages/airflow/example_dags/example_inlet_event_extra.py
[2024-12-06T21:54:31.992+0000] {logging_mixin.py:190} INFO - [2024-12-06T21:54:31.991+0000] {dag.py:3239} INFO - Sync 2 DAGs
[2024-12-06T21:54:32.030+0000] {logging_mixin.py:190} INFO - [2024-12-06T21:54:32.030+0000] {dag.py:4180} INFO - Setting next_dagrun for read_dataset_event to 2024-12-05 00:00:00+00:00, run_after=2024-12-06 00:00:00+00:00
[2024-12-06T21:54:32.043+0000] {logging_mixin.py:190} INFO - [2024-12-06T21:54:32.042+0000] {dag.py:4180} INFO - Setting next_dagrun for read_dataset_event_from_classic to 2024-12-05 00:00:00+00:00, run_after=2024-12-06 00:00:00+00:00
[2024-12-06T21:54:32.074+0000] {processor.py:208} INFO - Processing /home/airflow/.local/lib/python3.12/site-packages/airflow/example_dags/example_inlet_event_extra.py took 1.150 seconds
[2024-12-06T21:55:02.726+0000] {processor.py:186} INFO - Started process (PID=1809) to work on /home/airflow/.local/lib/python3.12/site-packages/airflow/example_dags/example_inlet_event_extra.py
[2024-12-06T21:55:02.728+0000] {processor.py:914} INFO - Processing file /home/airflow/.local/lib/python3.12/site-packages/airflow/example_dags/example_inlet_event_extra.py for tasks to queue
[2024-12-06T21:55:02.733+0000] {logging_mixin.py:190} INFO - [2024-12-06T21:55:02.732+0000] {dagbag.py:588} INFO - Filling up the DagBag from /home/airflow/.local/lib/python3.12/site-packages/airflow/example_dags/example_inlet_event_extra.py
[2024-12-06T21:55:03.682+0000] {processor.py:925} INFO - DAG(s) 'read_dataset_event', 'read_dataset_event_from_classic' retrieved from /home/airflow/.local/lib/python3.12/site-packages/airflow/example_dags/example_inlet_event_extra.py
[2024-12-06T21:55:03.713+0000] {logging_mixin.py:190} INFO - [2024-12-06T21:55:03.713+0000] {dag.py:3239} INFO - Sync 2 DAGs
[2024-12-06T21:55:03.750+0000] {logging_mixin.py:190} INFO - [2024-12-06T21:55:03.750+0000] {dag.py:4180} INFO - Setting next_dagrun for read_dataset_event to 2024-12-05 00:00:00+00:00, run_after=2024-12-06 00:00:00+00:00
[2024-12-06T21:55:03.758+0000] {logging_mixin.py:190} INFO - [2024-12-06T21:55:03.758+0000] {dag.py:4180} INFO - Setting next_dagrun for read_dataset_event_from_classic to 2024-12-05 00:00:00+00:00, run_after=2024-12-06 00:00:00+00:00
[2024-12-06T21:55:03.783+0000] {processor.py:208} INFO - Processing /home/airflow/.local/lib/python3.12/site-packages/airflow/example_dags/example_inlet_event_extra.py took 1.068 seconds
[2024-12-06T21:55:34.752+0000] {processor.py:186} INFO - Started process (PID=1872) to work on /home/airflow/.local/lib/python3.12/site-packages/airflow/example_dags/example_inlet_event_extra.py
[2024-12-06T21:55:34.753+0000] {processor.py:914} INFO - Processing file /home/airflow/.local/lib/python3.12/site-packages/airflow/example_dags/example_inlet_event_extra.py for tasks to queue
[2024-12-06T21:55:34.758+0000] {logging_mixin.py:190} INFO - [2024-12-06T21:55:34.758+0000] {dagbag.py:588} INFO - Filling up the DagBag from /home/airflow/.local/lib/python3.12/site-packages/airflow/example_dags/example_inlet_event_extra.py
[2024-12-06T21:55:35.756+0000] {processor.py:925} INFO - DAG(s) 'read_dataset_event_from_classic', 'read_dataset_event' retrieved from /home/airflow/.local/lib/python3.12/site-packages/airflow/example_dags/example_inlet_event_extra.py
[2024-12-06T21:55:35.791+0000] {logging_mixin.py:190} INFO - [2024-12-06T21:55:35.790+0000] {dag.py:3239} INFO - Sync 2 DAGs
[2024-12-06T21:55:35.837+0000] {logging_mixin.py:190} INFO - [2024-12-06T21:55:35.837+0000] {dag.py:4180} INFO - Setting next_dagrun for read_dataset_event to 2024-12-05 00:00:00+00:00, run_after=2024-12-06 00:00:00+00:00
[2024-12-06T21:55:35.846+0000] {logging_mixin.py:190} INFO - [2024-12-06T21:55:35.846+0000] {dag.py:4180} INFO - Setting next_dagrun for read_dataset_event_from_classic to 2024-12-05 00:00:00+00:00, run_after=2024-12-06 00:00:00+00:00
[2024-12-06T21:55:35.874+0000] {processor.py:208} INFO - Processing /home/airflow/.local/lib/python3.12/site-packages/airflow/example_dags/example_inlet_event_extra.py took 1.129 seconds
[2024-12-06T21:56:05.950+0000] {processor.py:186} INFO - Started process (PID=1935) to work on /home/airflow/.local/lib/python3.12/site-packages/airflow/example_dags/example_inlet_event_extra.py
[2024-12-06T21:56:05.952+0000] {processor.py:914} INFO - Processing file /home/airflow/.local/lib/python3.12/site-packages/airflow/example_dags/example_inlet_event_extra.py for tasks to queue
[2024-12-06T21:56:05.955+0000] {logging_mixin.py:190} INFO - [2024-12-06T21:56:05.954+0000] {dagbag.py:588} INFO - Filling up the DagBag from /home/airflow/.local/lib/python3.12/site-packages/airflow/example_dags/example_inlet_event_extra.py
[2024-12-06T21:56:07.000+0000] {processor.py:925} INFO - DAG(s) 'read_dataset_event_from_classic', 'read_dataset_event' retrieved from /home/airflow/.local/lib/python3.12/site-packages/airflow/example_dags/example_inlet_event_extra.py
[2024-12-06T21:56:07.039+0000] {logging_mixin.py:190} INFO - [2024-12-06T21:56:07.038+0000] {dag.py:3239} INFO - Sync 2 DAGs
[2024-12-06T21:56:07.086+0000] {logging_mixin.py:190} INFO - [2024-12-06T21:56:07.086+0000] {dag.py:4180} INFO - Setting next_dagrun for read_dataset_event to 2024-12-05 00:00:00+00:00, run_after=2024-12-06 00:00:00+00:00
[2024-12-06T21:56:07.096+0000] {logging_mixin.py:190} INFO - [2024-12-06T21:56:07.096+0000] {dag.py:4180} INFO - Setting next_dagrun for read_dataset_event_from_classic to 2024-12-05 00:00:00+00:00, run_after=2024-12-06 00:00:00+00:00
[2024-12-06T21:56:07.125+0000] {processor.py:208} INFO - Processing /home/airflow/.local/lib/python3.12/site-packages/airflow/example_dags/example_inlet_event_extra.py took 1.184 seconds
[2024-12-06T21:56:37.534+0000] {processor.py:186} INFO - Started process (PID=1998) to work on /home/airflow/.local/lib/python3.12/site-packages/airflow/example_dags/example_inlet_event_extra.py
[2024-12-06T21:56:37.538+0000] {processor.py:914} INFO - Processing file /home/airflow/.local/lib/python3.12/site-packages/airflow/example_dags/example_inlet_event_extra.py for tasks to queue
[2024-12-06T21:56:37.551+0000] {logging_mixin.py:190} INFO - [2024-12-06T21:56:37.549+0000] {dagbag.py:588} INFO - Filling up the DagBag from /home/airflow/.local/lib/python3.12/site-packages/airflow/example_dags/example_inlet_event_extra.py
[2024-12-06T21:56:38.799+0000] {processor.py:925} INFO - DAG(s) 'read_dataset_event_from_classic', 'read_dataset_event' retrieved from /home/airflow/.local/lib/python3.12/site-packages/airflow/example_dags/example_inlet_event_extra.py
[2024-12-06T21:56:38.835+0000] {logging_mixin.py:190} INFO - [2024-12-06T21:56:38.834+0000] {dag.py:3239} INFO - Sync 2 DAGs
[2024-12-06T21:56:38.877+0000] {logging_mixin.py:190} INFO - [2024-12-06T21:56:38.877+0000] {dag.py:4180} INFO - Setting next_dagrun for read_dataset_event to 2024-12-05 00:00:00+00:00, run_after=2024-12-06 00:00:00+00:00
[2024-12-06T21:56:38.887+0000] {logging_mixin.py:190} INFO - [2024-12-06T21:56:38.886+0000] {dag.py:4180} INFO - Setting next_dagrun for read_dataset_event_from_classic to 2024-12-05 00:00:00+00:00, run_after=2024-12-06 00:00:00+00:00
[2024-12-06T21:56:38.915+0000] {processor.py:208} INFO - Processing /home/airflow/.local/lib/python3.12/site-packages/airflow/example_dags/example_inlet_event_extra.py took 1.410 seconds
[2024-12-06T21:57:09.171+0000] {processor.py:186} INFO - Started process (PID=2061) to work on /home/airflow/.local/lib/python3.12/site-packages/airflow/example_dags/example_inlet_event_extra.py
[2024-12-06T21:57:09.172+0000] {processor.py:914} INFO - Processing file /home/airflow/.local/lib/python3.12/site-packages/airflow/example_dags/example_inlet_event_extra.py for tasks to queue
[2024-12-06T21:57:09.176+0000] {logging_mixin.py:190} INFO - [2024-12-06T21:57:09.175+0000] {dagbag.py:588} INFO - Filling up the DagBag from /home/airflow/.local/lib/python3.12/site-packages/airflow/example_dags/example_inlet_event_extra.py
[2024-12-06T21:57:10.197+0000] {processor.py:925} INFO - DAG(s) 'read_dataset_event_from_classic', 'read_dataset_event' retrieved from /home/airflow/.local/lib/python3.12/site-packages/airflow/example_dags/example_inlet_event_extra.py
[2024-12-06T21:57:10.229+0000] {logging_mixin.py:190} INFO - [2024-12-06T21:57:10.229+0000] {dag.py:3239} INFO - Sync 2 DAGs
[2024-12-06T21:57:10.265+0000] {logging_mixin.py:190} INFO - [2024-12-06T21:57:10.265+0000] {dag.py:4180} INFO - Setting next_dagrun for read_dataset_event to 2024-12-05 00:00:00+00:00, run_after=2024-12-06 00:00:00+00:00
[2024-12-06T21:57:10.277+0000] {logging_mixin.py:190} INFO - [2024-12-06T21:57:10.277+0000] {dag.py:4180} INFO - Setting next_dagrun for read_dataset_event_from_classic to 2024-12-05 00:00:00+00:00, run_after=2024-12-06 00:00:00+00:00
[2024-12-06T21:57:10.300+0000] {processor.py:208} INFO - Processing /home/airflow/.local/lib/python3.12/site-packages/airflow/example_dags/example_inlet_event_extra.py took 1.139 seconds
[2024-12-06T21:57:40.503+0000] {processor.py:186} INFO - Started process (PID=2124) to work on /home/airflow/.local/lib/python3.12/site-packages/airflow/example_dags/example_inlet_event_extra.py
[2024-12-06T21:57:40.506+0000] {processor.py:914} INFO - Processing file /home/airflow/.local/lib/python3.12/site-packages/airflow/example_dags/example_inlet_event_extra.py for tasks to queue
[2024-12-06T21:57:40.509+0000] {logging_mixin.py:190} INFO - [2024-12-06T21:57:40.509+0000] {dagbag.py:588} INFO - Filling up the DagBag from /home/airflow/.local/lib/python3.12/site-packages/airflow/example_dags/example_inlet_event_extra.py
[2024-12-06T21:57:41.494+0000] {processor.py:925} INFO - DAG(s) 'read_dataset_event', 'read_dataset_event_from_classic' retrieved from /home/airflow/.local/lib/python3.12/site-packages/airflow/example_dags/example_inlet_event_extra.py
[2024-12-06T21:57:41.531+0000] {logging_mixin.py:190} INFO - [2024-12-06T21:57:41.530+0000] {dag.py:3239} INFO - Sync 2 DAGs
[2024-12-06T21:57:41.574+0000] {logging_mixin.py:190} INFO - [2024-12-06T21:57:41.573+0000] {dag.py:4180} INFO - Setting next_dagrun for read_dataset_event to 2024-12-05 00:00:00+00:00, run_after=2024-12-06 00:00:00+00:00
[2024-12-06T21:57:41.581+0000] {logging_mixin.py:190} INFO - [2024-12-06T21:57:41.581+0000] {dag.py:4180} INFO - Setting next_dagrun for read_dataset_event_from_classic to 2024-12-05 00:00:00+00:00, run_after=2024-12-06 00:00:00+00:00
[2024-12-06T21:57:41.607+0000] {processor.py:208} INFO - Processing /home/airflow/.local/lib/python3.12/site-packages/airflow/example_dags/example_inlet_event_extra.py took 1.112 seconds
[2024-12-06T21:58:11.862+0000] {processor.py:186} INFO - Started process (PID=2187) to work on /home/airflow/.local/lib/python3.12/site-packages/airflow/example_dags/example_inlet_event_extra.py
[2024-12-06T21:58:11.864+0000] {processor.py:914} INFO - Processing file /home/airflow/.local/lib/python3.12/site-packages/airflow/example_dags/example_inlet_event_extra.py for tasks to queue
[2024-12-06T21:58:11.867+0000] {logging_mixin.py:190} INFO - [2024-12-06T21:58:11.867+0000] {dagbag.py:588} INFO - Filling up the DagBag from /home/airflow/.local/lib/python3.12/site-packages/airflow/example_dags/example_inlet_event_extra.py
[2024-12-06T21:58:12.919+0000] {processor.py:925} INFO - DAG(s) 'read_dataset_event', 'read_dataset_event_from_classic' retrieved from /home/airflow/.local/lib/python3.12/site-packages/airflow/example_dags/example_inlet_event_extra.py
[2024-12-06T21:58:12.950+0000] {logging_mixin.py:190} INFO - [2024-12-06T21:58:12.949+0000] {dag.py:3239} INFO - Sync 2 DAGs
[2024-12-06T21:58:12.990+0000] {logging_mixin.py:190} INFO - [2024-12-06T21:58:12.990+0000] {dag.py:4180} INFO - Setting next_dagrun for read_dataset_event to 2024-12-05 00:00:00+00:00, run_after=2024-12-06 00:00:00+00:00
[2024-12-06T21:58:12.998+0000] {logging_mixin.py:190} INFO - [2024-12-06T21:58:12.998+0000] {dag.py:4180} INFO - Setting next_dagrun for read_dataset_event_from_classic to 2024-12-05 00:00:00+00:00, run_after=2024-12-06 00:00:00+00:00
[2024-12-06T21:58:13.020+0000] {processor.py:208} INFO - Processing /home/airflow/.local/lib/python3.12/site-packages/airflow/example_dags/example_inlet_event_extra.py took 1.168 seconds
[2024-12-06T21:58:43.274+0000] {processor.py:186} INFO - Started process (PID=2250) to work on /home/airflow/.local/lib/python3.12/site-packages/airflow/example_dags/example_inlet_event_extra.py
[2024-12-06T21:58:43.275+0000] {processor.py:914} INFO - Processing file /home/airflow/.local/lib/python3.12/site-packages/airflow/example_dags/example_inlet_event_extra.py for tasks to queue
[2024-12-06T21:58:43.280+0000] {logging_mixin.py:190} INFO - [2024-12-06T21:58:43.279+0000] {dagbag.py:588} INFO - Filling up the DagBag from /home/airflow/.local/lib/python3.12/site-packages/airflow/example_dags/example_inlet_event_extra.py
[2024-12-06T21:58:44.455+0000] {processor.py:925} INFO - DAG(s) 'read_dataset_event', 'read_dataset_event_from_classic' retrieved from /home/airflow/.local/lib/python3.12/site-packages/airflow/example_dags/example_inlet_event_extra.py
[2024-12-06T21:58:44.499+0000] {logging_mixin.py:190} INFO - [2024-12-06T21:58:44.499+0000] {dag.py:3239} INFO - Sync 2 DAGs
[2024-12-06T21:58:44.557+0000] {logging_mixin.py:190} INFO - [2024-12-06T21:58:44.556+0000] {dag.py:4180} INFO - Setting next_dagrun for read_dataset_event to 2024-12-05 00:00:00+00:00, run_after=2024-12-06 00:00:00+00:00
[2024-12-06T21:58:44.569+0000] {logging_mixin.py:190} INFO - [2024-12-06T21:58:44.569+0000] {dag.py:4180} INFO - Setting next_dagrun for read_dataset_event_from_classic to 2024-12-05 00:00:00+00:00, run_after=2024-12-06 00:00:00+00:00
[2024-12-06T21:58:44.620+0000] {processor.py:208} INFO - Processing /home/airflow/.local/lib/python3.12/site-packages/airflow/example_dags/example_inlet_event_extra.py took 1.354 seconds
[2024-12-06T21:59:15.539+0000] {processor.py:186} INFO - Started process (PID=2314) to work on /home/airflow/.local/lib/python3.12/site-packages/airflow/example_dags/example_inlet_event_extra.py
[2024-12-06T21:59:15.541+0000] {processor.py:914} INFO - Processing file /home/airflow/.local/lib/python3.12/site-packages/airflow/example_dags/example_inlet_event_extra.py for tasks to queue
[2024-12-06T21:59:15.545+0000] {logging_mixin.py:190} INFO - [2024-12-06T21:59:15.544+0000] {dagbag.py:588} INFO - Filling up the DagBag from /home/airflow/.local/lib/python3.12/site-packages/airflow/example_dags/example_inlet_event_extra.py
[2024-12-06T21:59:16.519+0000] {processor.py:925} INFO - DAG(s) 'read_dataset_event', 'read_dataset_event_from_classic' retrieved from /home/airflow/.local/lib/python3.12/site-packages/airflow/example_dags/example_inlet_event_extra.py
[2024-12-06T21:59:16.546+0000] {logging_mixin.py:190} INFO - [2024-12-06T21:59:16.545+0000] {dag.py:3239} INFO - Sync 2 DAGs
[2024-12-06T21:59:16.584+0000] {logging_mixin.py:190} INFO - [2024-12-06T21:59:16.584+0000] {dag.py:4180} INFO - Setting next_dagrun for read_dataset_event to 2024-12-05 00:00:00+00:00, run_after=2024-12-06 00:00:00+00:00
[2024-12-06T21:59:16.591+0000] {logging_mixin.py:190} INFO - [2024-12-06T21:59:16.591+0000] {dag.py:4180} INFO - Setting next_dagrun for read_dataset_event_from_classic to 2024-12-05 00:00:00+00:00, run_after=2024-12-06 00:00:00+00:00
[2024-12-06T21:59:16.617+0000] {processor.py:208} INFO - Processing /home/airflow/.local/lib/python3.12/site-packages/airflow/example_dags/example_inlet_event_extra.py took 1.092 seconds
[2024-12-06T21:59:47.986+0000] {processor.py:186} INFO - Started process (PID=2381) to work on /home/airflow/.local/lib/python3.12/site-packages/airflow/example_dags/example_inlet_event_extra.py
[2024-12-06T21:59:47.989+0000] {processor.py:914} INFO - Processing file /home/airflow/.local/lib/python3.12/site-packages/airflow/example_dags/example_inlet_event_extra.py for tasks to queue
[2024-12-06T21:59:47.996+0000] {logging_mixin.py:190} INFO - [2024-12-06T21:59:47.995+0000] {dagbag.py:588} INFO - Filling up the DagBag from /home/airflow/.local/lib/python3.12/site-packages/airflow/example_dags/example_inlet_event_extra.py
[2024-12-06T21:59:49.263+0000] {processor.py:925} INFO - DAG(s) 'read_dataset_event_from_classic', 'read_dataset_event' retrieved from /home/airflow/.local/lib/python3.12/site-packages/airflow/example_dags/example_inlet_event_extra.py
[2024-12-06T21:59:49.300+0000] {logging_mixin.py:190} INFO - [2024-12-06T21:59:49.299+0000] {dag.py:3239} INFO - Sync 2 DAGs
[2024-12-06T21:59:49.348+0000] {logging_mixin.py:190} INFO - [2024-12-06T21:59:49.348+0000] {dag.py:4180} INFO - Setting next_dagrun for read_dataset_event to 2024-12-05 00:00:00+00:00, run_after=2024-12-06 00:00:00+00:00
[2024-12-06T21:59:49.359+0000] {logging_mixin.py:190} INFO - [2024-12-06T21:59:49.359+0000] {dag.py:4180} INFO - Setting next_dagrun for read_dataset_event_from_classic to 2024-12-05 00:00:00+00:00, run_after=2024-12-06 00:00:00+00:00
[2024-12-06T21:59:49.389+0000] {processor.py:208} INFO - Processing /home/airflow/.local/lib/python3.12/site-packages/airflow/example_dags/example_inlet_event_extra.py took 1.421 seconds
[2024-12-06T22:00:19.596+0000] {processor.py:186} INFO - Started process (PID=2450) to work on /home/airflow/.local/lib/python3.12/site-packages/airflow/example_dags/example_inlet_event_extra.py
[2024-12-06T22:00:19.599+0000] {processor.py:914} INFO - Processing file /home/airflow/.local/lib/python3.12/site-packages/airflow/example_dags/example_inlet_event_extra.py for tasks to queue
[2024-12-06T22:00:19.608+0000] {logging_mixin.py:190} INFO - [2024-12-06T22:00:19.607+0000] {dagbag.py:588} INFO - Filling up the DagBag from /home/airflow/.local/lib/python3.12/site-packages/airflow/example_dags/example_inlet_event_extra.py
[2024-12-06T22:00:21.393+0000] {processor.py:925} INFO - DAG(s) 'read_dataset_event', 'read_dataset_event_from_classic' retrieved from /home/airflow/.local/lib/python3.12/site-packages/airflow/example_dags/example_inlet_event_extra.py
[2024-12-06T22:00:21.449+0000] {logging_mixin.py:190} INFO - [2024-12-06T22:00:21.449+0000] {dag.py:3239} INFO - Sync 2 DAGs
[2024-12-06T22:00:21.510+0000] {logging_mixin.py:190} INFO - [2024-12-06T22:00:21.510+0000] {dag.py:4180} INFO - Setting next_dagrun for read_dataset_event to 2024-12-05 00:00:00+00:00, run_after=2024-12-06 00:00:00+00:00
[2024-12-06T22:00:21.524+0000] {logging_mixin.py:190} INFO - [2024-12-06T22:00:21.523+0000] {dag.py:4180} INFO - Setting next_dagrun for read_dataset_event_from_classic to 2024-12-05 00:00:00+00:00, run_after=2024-12-06 00:00:00+00:00
[2024-12-06T22:00:21.565+0000] {processor.py:208} INFO - Processing /home/airflow/.local/lib/python3.12/site-packages/airflow/example_dags/example_inlet_event_extra.py took 1.995 seconds
[2024-12-06T22:00:51.969+0000] {processor.py:186} INFO - Started process (PID=2513) to work on /home/airflow/.local/lib/python3.12/site-packages/airflow/example_dags/example_inlet_event_extra.py
[2024-12-06T22:00:51.973+0000] {processor.py:914} INFO - Processing file /home/airflow/.local/lib/python3.12/site-packages/airflow/example_dags/example_inlet_event_extra.py for tasks to queue
[2024-12-06T22:00:51.985+0000] {logging_mixin.py:190} INFO - [2024-12-06T22:00:51.984+0000] {dagbag.py:588} INFO - Filling up the DagBag from /home/airflow/.local/lib/python3.12/site-packages/airflow/example_dags/example_inlet_event_extra.py
[2024-12-06T22:00:53.113+0000] {processor.py:925} INFO - DAG(s) 'read_dataset_event', 'read_dataset_event_from_classic' retrieved from /home/airflow/.local/lib/python3.12/site-packages/airflow/example_dags/example_inlet_event_extra.py
[2024-12-06T22:00:53.152+0000] {logging_mixin.py:190} INFO - [2024-12-06T22:00:53.152+0000] {dag.py:3239} INFO - Sync 2 DAGs
[2024-12-06T22:00:53.199+0000] {logging_mixin.py:190} INFO - [2024-12-06T22:00:53.199+0000] {dag.py:4180} INFO - Setting next_dagrun for read_dataset_event to 2024-12-05 00:00:00+00:00, run_after=2024-12-06 00:00:00+00:00
[2024-12-06T22:00:53.209+0000] {logging_mixin.py:190} INFO - [2024-12-06T22:00:53.209+0000] {dag.py:4180} INFO - Setting next_dagrun for read_dataset_event_from_classic to 2024-12-05 00:00:00+00:00, run_after=2024-12-06 00:00:00+00:00
[2024-12-06T22:00:53.236+0000] {processor.py:208} INFO - Processing /home/airflow/.local/lib/python3.12/site-packages/airflow/example_dags/example_inlet_event_extra.py took 1.302 seconds
[2024-12-06T22:01:23.441+0000] {processor.py:186} INFO - Started process (PID=2576) to work on /home/airflow/.local/lib/python3.12/site-packages/airflow/example_dags/example_inlet_event_extra.py
[2024-12-06T22:01:23.444+0000] {processor.py:914} INFO - Processing file /home/airflow/.local/lib/python3.12/site-packages/airflow/example_dags/example_inlet_event_extra.py for tasks to queue
[2024-12-06T22:01:23.448+0000] {logging_mixin.py:190} INFO - [2024-12-06T22:01:23.447+0000] {dagbag.py:588} INFO - Filling up the DagBag from /home/airflow/.local/lib/python3.12/site-packages/airflow/example_dags/example_inlet_event_extra.py
[2024-12-06T22:01:24.467+0000] {processor.py:925} INFO - DAG(s) 'read_dataset_event', 'read_dataset_event_from_classic' retrieved from /home/airflow/.local/lib/python3.12/site-packages/airflow/example_dags/example_inlet_event_extra.py
[2024-12-06T22:01:24.498+0000] {logging_mixin.py:190} INFO - [2024-12-06T22:01:24.497+0000] {dag.py:3239} INFO - Sync 2 DAGs
[2024-12-06T22:01:24.534+0000] {logging_mixin.py:190} INFO - [2024-12-06T22:01:24.534+0000] {dag.py:4180} INFO - Setting next_dagrun for read_dataset_event to 2024-12-05 00:00:00+00:00, run_after=2024-12-06 00:00:00+00:00
[2024-12-06T22:01:24.541+0000] {logging_mixin.py:190} INFO - [2024-12-06T22:01:24.541+0000] {dag.py:4180} INFO - Setting next_dagrun for read_dataset_event_from_classic to 2024-12-05 00:00:00+00:00, run_after=2024-12-06 00:00:00+00:00
[2024-12-06T22:01:24.566+0000] {processor.py:208} INFO - Processing /home/airflow/.local/lib/python3.12/site-packages/airflow/example_dags/example_inlet_event_extra.py took 1.136 seconds
[2024-12-06T22:01:55.331+0000] {processor.py:186} INFO - Started process (PID=2639) to work on /home/airflow/.local/lib/python3.12/site-packages/airflow/example_dags/example_inlet_event_extra.py
[2024-12-06T22:01:55.333+0000] {processor.py:914} INFO - Processing file /home/airflow/.local/lib/python3.12/site-packages/airflow/example_dags/example_inlet_event_extra.py for tasks to queue
[2024-12-06T22:01:55.336+0000] {logging_mixin.py:190} INFO - [2024-12-06T22:01:55.335+0000] {dagbag.py:588} INFO - Filling up the DagBag from /home/airflow/.local/lib/python3.12/site-packages/airflow/example_dags/example_inlet_event_extra.py
[2024-12-06T22:01:56.332+0000] {processor.py:925} INFO - DAG(s) 'read_dataset_event', 'read_dataset_event_from_classic' retrieved from /home/airflow/.local/lib/python3.12/site-packages/airflow/example_dags/example_inlet_event_extra.py
[2024-12-06T22:01:56.365+0000] {logging_mixin.py:190} INFO - [2024-12-06T22:01:56.365+0000] {dag.py:3239} INFO - Sync 2 DAGs
[2024-12-06T22:01:56.408+0000] {logging_mixin.py:190} INFO - [2024-12-06T22:01:56.408+0000] {dag.py:4180} INFO - Setting next_dagrun for read_dataset_event to 2024-12-05 00:00:00+00:00, run_after=2024-12-06 00:00:00+00:00
[2024-12-06T22:01:56.419+0000] {logging_mixin.py:190} INFO - [2024-12-06T22:01:56.418+0000] {dag.py:4180} INFO - Setting next_dagrun for read_dataset_event_from_classic to 2024-12-05 00:00:00+00:00, run_after=2024-12-06 00:00:00+00:00
[2024-12-06T22:01:56.451+0000] {processor.py:208} INFO - Processing /home/airflow/.local/lib/python3.12/site-packages/airflow/example_dags/example_inlet_event_extra.py took 1.129 seconds
[2024-12-06T22:02:26.761+0000] {processor.py:186} INFO - Started process (PID=2702) to work on /home/airflow/.local/lib/python3.12/site-packages/airflow/example_dags/example_inlet_event_extra.py
[2024-12-06T22:02:26.765+0000] {processor.py:914} INFO - Processing file /home/airflow/.local/lib/python3.12/site-packages/airflow/example_dags/example_inlet_event_extra.py for tasks to queue
[2024-12-06T22:02:26.778+0000] {logging_mixin.py:190} INFO - [2024-12-06T22:02:26.777+0000] {dagbag.py:588} INFO - Filling up the DagBag from /home/airflow/.local/lib/python3.12/site-packages/airflow/example_dags/example_inlet_event_extra.py
[2024-12-06T22:02:28.194+0000] {processor.py:925} INFO - DAG(s) 'read_dataset_event_from_classic', 'read_dataset_event' retrieved from /home/airflow/.local/lib/python3.12/site-packages/airflow/example_dags/example_inlet_event_extra.py
[2024-12-06T22:02:28.236+0000] {logging_mixin.py:190} INFO - [2024-12-06T22:02:28.235+0000] {dag.py:3239} INFO - Sync 2 DAGs
[2024-12-06T22:02:28.284+0000] {logging_mixin.py:190} INFO - [2024-12-06T22:02:28.284+0000] {dag.py:4180} INFO - Setting next_dagrun for read_dataset_event to 2024-12-05 00:00:00+00:00, run_after=2024-12-06 00:00:00+00:00
[2024-12-06T22:02:28.293+0000] {logging_mixin.py:190} INFO - [2024-12-06T22:02:28.293+0000] {dag.py:4180} INFO - Setting next_dagrun for read_dataset_event_from_classic to 2024-12-05 00:00:00+00:00, run_after=2024-12-06 00:00:00+00:00
[2024-12-06T22:02:28.324+0000] {processor.py:208} INFO - Processing /home/airflow/.local/lib/python3.12/site-packages/airflow/example_dags/example_inlet_event_extra.py took 1.592 seconds
[2024-12-06T22:02:59.349+0000] {processor.py:186} INFO - Started process (PID=2765) to work on /home/airflow/.local/lib/python3.12/site-packages/airflow/example_dags/example_inlet_event_extra.py
[2024-12-06T22:02:59.354+0000] {processor.py:914} INFO - Processing file /home/airflow/.local/lib/python3.12/site-packages/airflow/example_dags/example_inlet_event_extra.py for tasks to queue
[2024-12-06T22:02:59.369+0000] {logging_mixin.py:190} INFO - [2024-12-06T22:02:59.367+0000] {dagbag.py:588} INFO - Filling up the DagBag from /home/airflow/.local/lib/python3.12/site-packages/airflow/example_dags/example_inlet_event_extra.py
[2024-12-06T22:03:00.532+0000] {processor.py:925} INFO - DAG(s) 'read_dataset_event', 'read_dataset_event_from_classic' retrieved from /home/airflow/.local/lib/python3.12/site-packages/airflow/example_dags/example_inlet_event_extra.py
[2024-12-06T22:03:00.562+0000] {logging_mixin.py:190} INFO - [2024-12-06T22:03:00.562+0000] {dag.py:3239} INFO - Sync 2 DAGs
[2024-12-06T22:03:00.603+0000] {logging_mixin.py:190} INFO - [2024-12-06T22:03:00.602+0000] {dag.py:4180} INFO - Setting next_dagrun for read_dataset_event to 2024-12-05 00:00:00+00:00, run_after=2024-12-06 00:00:00+00:00
[2024-12-06T22:03:00.612+0000] {logging_mixin.py:190} INFO - [2024-12-06T22:03:00.611+0000] {dag.py:4180} INFO - Setting next_dagrun for read_dataset_event_from_classic to 2024-12-05 00:00:00+00:00, run_after=2024-12-06 00:00:00+00:00
[2024-12-06T22:03:00.636+0000] {processor.py:208} INFO - Processing /home/airflow/.local/lib/python3.12/site-packages/airflow/example_dags/example_inlet_event_extra.py took 1.320 seconds
[2024-12-06T22:03:31.654+0000] {processor.py:186} INFO - Started process (PID=2828) to work on /home/airflow/.local/lib/python3.12/site-packages/airflow/example_dags/example_inlet_event_extra.py
[2024-12-06T22:03:31.660+0000] {processor.py:914} INFO - Processing file /home/airflow/.local/lib/python3.12/site-packages/airflow/example_dags/example_inlet_event_extra.py for tasks to queue
[2024-12-06T22:03:31.670+0000] {logging_mixin.py:190} INFO - [2024-12-06T22:03:31.669+0000] {dagbag.py:588} INFO - Filling up the DagBag from /home/airflow/.local/lib/python3.12/site-packages/airflow/example_dags/example_inlet_event_extra.py
[2024-12-06T22:03:33.007+0000] {processor.py:925} INFO - DAG(s) 'read_dataset_event', 'read_dataset_event_from_classic' retrieved from /home/airflow/.local/lib/python3.12/site-packages/airflow/example_dags/example_inlet_event_extra.py
[2024-12-06T22:03:33.035+0000] {logging_mixin.py:190} INFO - [2024-12-06T22:03:33.035+0000] {dag.py:3239} INFO - Sync 2 DAGs
[2024-12-06T22:03:33.075+0000] {logging_mixin.py:190} INFO - [2024-12-06T22:03:33.075+0000] {dag.py:4180} INFO - Setting next_dagrun for read_dataset_event to 2024-12-05 00:00:00+00:00, run_after=2024-12-06 00:00:00+00:00
[2024-12-06T22:03:33.082+0000] {logging_mixin.py:190} INFO - [2024-12-06T22:03:33.082+0000] {dag.py:4180} INFO - Setting next_dagrun for read_dataset_event_from_classic to 2024-12-05 00:00:00+00:00, run_after=2024-12-06 00:00:00+00:00
[2024-12-06T22:03:33.108+0000] {processor.py:208} INFO - Processing /home/airflow/.local/lib/python3.12/site-packages/airflow/example_dags/example_inlet_event_extra.py took 1.490 seconds
[2024-12-06T22:04:03.300+0000] {processor.py:186} INFO - Started process (PID=2891) to work on /home/airflow/.local/lib/python3.12/site-packages/airflow/example_dags/example_inlet_event_extra.py
[2024-12-06T22:04:03.305+0000] {processor.py:914} INFO - Processing file /home/airflow/.local/lib/python3.12/site-packages/airflow/example_dags/example_inlet_event_extra.py for tasks to queue
[2024-12-06T22:04:03.318+0000] {logging_mixin.py:190} INFO - [2024-12-06T22:04:03.317+0000] {dagbag.py:588} INFO - Filling up the DagBag from /home/airflow/.local/lib/python3.12/site-packages/airflow/example_dags/example_inlet_event_extra.py
[2024-12-06T22:04:04.418+0000] {processor.py:925} INFO - DAG(s) 'read_dataset_event', 'read_dataset_event_from_classic' retrieved from /home/airflow/.local/lib/python3.12/site-packages/airflow/example_dags/example_inlet_event_extra.py
[2024-12-06T22:04:04.460+0000] {logging_mixin.py:190} INFO - [2024-12-06T22:04:04.459+0000] {dag.py:3239} INFO - Sync 2 DAGs
[2024-12-06T22:04:04.507+0000] {logging_mixin.py:190} INFO - [2024-12-06T22:04:04.506+0000] {dag.py:4180} INFO - Setting next_dagrun for read_dataset_event to 2024-12-05 00:00:00+00:00, run_after=2024-12-06 00:00:00+00:00
[2024-12-06T22:04:04.516+0000] {logging_mixin.py:190} INFO - [2024-12-06T22:04:04.516+0000] {dag.py:4180} INFO - Setting next_dagrun for read_dataset_event_from_classic to 2024-12-05 00:00:00+00:00, run_after=2024-12-06 00:00:00+00:00
[2024-12-06T22:04:04.541+0000] {processor.py:208} INFO - Processing /home/airflow/.local/lib/python3.12/site-packages/airflow/example_dags/example_inlet_event_extra.py took 1.273 seconds
[2024-12-06T22:04:34.759+0000] {processor.py:186} INFO - Started process (PID=2953) to work on /home/airflow/.local/lib/python3.12/site-packages/airflow/example_dags/example_inlet_event_extra.py
[2024-12-06T22:04:34.761+0000] {processor.py:914} INFO - Processing file /home/airflow/.local/lib/python3.12/site-packages/airflow/example_dags/example_inlet_event_extra.py for tasks to queue
[2024-12-06T22:04:34.770+0000] {logging_mixin.py:190} INFO - [2024-12-06T22:04:34.768+0000] {dagbag.py:588} INFO - Filling up the DagBag from /home/airflow/.local/lib/python3.12/site-packages/airflow/example_dags/example_inlet_event_extra.py
[2024-12-06T22:04:35.802+0000] {processor.py:925} INFO - DAG(s) 'read_dataset_event_from_classic', 'read_dataset_event' retrieved from /home/airflow/.local/lib/python3.12/site-packages/airflow/example_dags/example_inlet_event_extra.py
[2024-12-06T22:04:35.830+0000] {logging_mixin.py:190} INFO - [2024-12-06T22:04:35.830+0000] {dag.py:3239} INFO - Sync 2 DAGs
[2024-12-06T22:04:35.865+0000] {logging_mixin.py:190} INFO - [2024-12-06T22:04:35.865+0000] {dag.py:4180} INFO - Setting next_dagrun for read_dataset_event to 2024-12-05 00:00:00+00:00, run_after=2024-12-06 00:00:00+00:00
[2024-12-06T22:04:35.872+0000] {logging_mixin.py:190} INFO - [2024-12-06T22:04:35.872+0000] {dag.py:4180} INFO - Setting next_dagrun for read_dataset_event_from_classic to 2024-12-05 00:00:00+00:00, run_after=2024-12-06 00:00:00+00:00
[2024-12-06T22:04:35.898+0000] {processor.py:208} INFO - Processing /home/airflow/.local/lib/python3.12/site-packages/airflow/example_dags/example_inlet_event_extra.py took 1.162 seconds
[2024-12-06T22:05:06.129+0000] {processor.py:186} INFO - Started process (PID=3016) to work on /home/airflow/.local/lib/python3.12/site-packages/airflow/example_dags/example_inlet_event_extra.py
[2024-12-06T22:05:06.131+0000] {processor.py:914} INFO - Processing file /home/airflow/.local/lib/python3.12/site-packages/airflow/example_dags/example_inlet_event_extra.py for tasks to queue
[2024-12-06T22:05:06.138+0000] {logging_mixin.py:190} INFO - [2024-12-06T22:05:06.137+0000] {dagbag.py:588} INFO - Filling up the DagBag from /home/airflow/.local/lib/python3.12/site-packages/airflow/example_dags/example_inlet_event_extra.py
[2024-12-06T22:05:07.193+0000] {processor.py:925} INFO - DAG(s) 'read_dataset_event_from_classic', 'read_dataset_event' retrieved from /home/airflow/.local/lib/python3.12/site-packages/airflow/example_dags/example_inlet_event_extra.py
[2024-12-06T22:05:07.227+0000] {logging_mixin.py:190} INFO - [2024-12-06T22:05:07.227+0000] {dag.py:3239} INFO - Sync 2 DAGs
[2024-12-06T22:05:07.269+0000] {logging_mixin.py:190} INFO - [2024-12-06T22:05:07.269+0000] {dag.py:4180} INFO - Setting next_dagrun for read_dataset_event to 2024-12-05 00:00:00+00:00, run_after=2024-12-06 00:00:00+00:00
[2024-12-06T22:05:07.277+0000] {logging_mixin.py:190} INFO - [2024-12-06T22:05:07.277+0000] {dag.py:4180} INFO - Setting next_dagrun for read_dataset_event_from_classic to 2024-12-05 00:00:00+00:00, run_after=2024-12-06 00:00:00+00:00
[2024-12-06T22:05:07.305+0000] {processor.py:208} INFO - Processing /home/airflow/.local/lib/python3.12/site-packages/airflow/example_dags/example_inlet_event_extra.py took 1.190 seconds
[2024-12-06T22:05:37.475+0000] {processor.py:186} INFO - Started process (PID=3079) to work on /home/airflow/.local/lib/python3.12/site-packages/airflow/example_dags/example_inlet_event_extra.py
[2024-12-06T22:05:37.479+0000] {processor.py:914} INFO - Processing file /home/airflow/.local/lib/python3.12/site-packages/airflow/example_dags/example_inlet_event_extra.py for tasks to queue
[2024-12-06T22:05:37.489+0000] {logging_mixin.py:190} INFO - [2024-12-06T22:05:37.488+0000] {dagbag.py:588} INFO - Filling up the DagBag from /home/airflow/.local/lib/python3.12/site-packages/airflow/example_dags/example_inlet_event_extra.py
[2024-12-06T22:05:38.589+0000] {processor.py:925} INFO - DAG(s) 'read_dataset_event_from_classic', 'read_dataset_event' retrieved from /home/airflow/.local/lib/python3.12/site-packages/airflow/example_dags/example_inlet_event_extra.py
[2024-12-06T22:05:38.627+0000] {logging_mixin.py:190} INFO - [2024-12-06T22:05:38.627+0000] {dag.py:3239} INFO - Sync 2 DAGs
[2024-12-06T22:05:38.677+0000] {logging_mixin.py:190} INFO - [2024-12-06T22:05:38.676+0000] {dag.py:4180} INFO - Setting next_dagrun for read_dataset_event to 2024-12-05 00:00:00+00:00, run_after=2024-12-06 00:00:00+00:00
[2024-12-06T22:05:38.687+0000] {logging_mixin.py:190} INFO - [2024-12-06T22:05:38.687+0000] {dag.py:4180} INFO - Setting next_dagrun for read_dataset_event_from_classic to 2024-12-05 00:00:00+00:00, run_after=2024-12-06 00:00:00+00:00
[2024-12-06T22:05:38.713+0000] {processor.py:208} INFO - Processing /home/airflow/.local/lib/python3.12/site-packages/airflow/example_dags/example_inlet_event_extra.py took 1.262 seconds
[2024-12-06T22:06:09.682+0000] {processor.py:186} INFO - Started process (PID=3143) to work on /home/airflow/.local/lib/python3.12/site-packages/airflow/example_dags/example_inlet_event_extra.py
[2024-12-06T22:06:09.683+0000] {processor.py:914} INFO - Processing file /home/airflow/.local/lib/python3.12/site-packages/airflow/example_dags/example_inlet_event_extra.py for tasks to queue
[2024-12-06T22:06:09.686+0000] {logging_mixin.py:190} INFO - [2024-12-06T22:06:09.686+0000] {dagbag.py:588} INFO - Filling up the DagBag from /home/airflow/.local/lib/python3.12/site-packages/airflow/example_dags/example_inlet_event_extra.py
[2024-12-06T22:06:10.591+0000] {processor.py:925} INFO - DAG(s) 'read_dataset_event', 'read_dataset_event_from_classic' retrieved from /home/airflow/.local/lib/python3.12/site-packages/airflow/example_dags/example_inlet_event_extra.py
[2024-12-06T22:06:10.620+0000] {logging_mixin.py:190} INFO - [2024-12-06T22:06:10.620+0000] {dag.py:3239} INFO - Sync 2 DAGs
[2024-12-06T22:06:10.659+0000] {logging_mixin.py:190} INFO - [2024-12-06T22:06:10.658+0000] {dag.py:4180} INFO - Setting next_dagrun for read_dataset_event to 2024-12-05 00:00:00+00:00, run_after=2024-12-06 00:00:00+00:00
[2024-12-06T22:06:10.666+0000] {logging_mixin.py:190} INFO - [2024-12-06T22:06:10.666+0000] {dag.py:4180} INFO - Setting next_dagrun for read_dataset_event_from_classic to 2024-12-05 00:00:00+00:00, run_after=2024-12-06 00:00:00+00:00
[2024-12-06T22:06:10.690+0000] {processor.py:208} INFO - Processing /home/airflow/.local/lib/python3.12/site-packages/airflow/example_dags/example_inlet_event_extra.py took 1.016 seconds
[2024-12-06T22:06:40.998+0000] {processor.py:186} INFO - Started process (PID=3206) to work on /home/airflow/.local/lib/python3.12/site-packages/airflow/example_dags/example_inlet_event_extra.py
[2024-12-06T22:06:40.999+0000] {processor.py:914} INFO - Processing file /home/airflow/.local/lib/python3.12/site-packages/airflow/example_dags/example_inlet_event_extra.py for tasks to queue
[2024-12-06T22:06:41.002+0000] {logging_mixin.py:190} INFO - [2024-12-06T22:06:41.002+0000] {dagbag.py:588} INFO - Filling up the DagBag from /home/airflow/.local/lib/python3.12/site-packages/airflow/example_dags/example_inlet_event_extra.py
[2024-12-06T22:06:41.906+0000] {processor.py:925} INFO - DAG(s) 'read_dataset_event', 'read_dataset_event_from_classic' retrieved from /home/airflow/.local/lib/python3.12/site-packages/airflow/example_dags/example_inlet_event_extra.py
[2024-12-06T22:06:41.938+0000] {logging_mixin.py:190} INFO - [2024-12-06T22:06:41.938+0000] {dag.py:3239} INFO - Sync 2 DAGs
[2024-12-06T22:06:41.977+0000] {logging_mixin.py:190} INFO - [2024-12-06T22:06:41.976+0000] {dag.py:4180} INFO - Setting next_dagrun for read_dataset_event to 2024-12-05 00:00:00+00:00, run_after=2024-12-06 00:00:00+00:00
[2024-12-06T22:06:41.986+0000] {logging_mixin.py:190} INFO - [2024-12-06T22:06:41.986+0000] {dag.py:4180} INFO - Setting next_dagrun for read_dataset_event_from_classic to 2024-12-05 00:00:00+00:00, run_after=2024-12-06 00:00:00+00:00
[2024-12-06T22:06:42.013+0000] {processor.py:208} INFO - Processing /home/airflow/.local/lib/python3.12/site-packages/airflow/example_dags/example_inlet_event_extra.py took 1.025 seconds
[2024-12-06T22:07:12.964+0000] {processor.py:186} INFO - Started process (PID=3269) to work on /home/airflow/.local/lib/python3.12/site-packages/airflow/example_dags/example_inlet_event_extra.py
[2024-12-06T22:07:12.966+0000] {processor.py:914} INFO - Processing file /home/airflow/.local/lib/python3.12/site-packages/airflow/example_dags/example_inlet_event_extra.py for tasks to queue
[2024-12-06T22:07:12.970+0000] {logging_mixin.py:190} INFO - [2024-12-06T22:07:12.969+0000] {dagbag.py:588} INFO - Filling up the DagBag from /home/airflow/.local/lib/python3.12/site-packages/airflow/example_dags/example_inlet_event_extra.py
[2024-12-06T22:07:14.091+0000] {processor.py:925} INFO - DAG(s) 'read_dataset_event_from_classic', 'read_dataset_event' retrieved from /home/airflow/.local/lib/python3.12/site-packages/airflow/example_dags/example_inlet_event_extra.py
[2024-12-06T22:07:14.120+0000] {logging_mixin.py:190} INFO - [2024-12-06T22:07:14.120+0000] {dag.py:3239} INFO - Sync 2 DAGs
[2024-12-06T22:07:14.155+0000] {logging_mixin.py:190} INFO - [2024-12-06T22:07:14.155+0000] {dag.py:4180} INFO - Setting next_dagrun for read_dataset_event to 2024-12-05 00:00:00+00:00, run_after=2024-12-06 00:00:00+00:00
[2024-12-06T22:07:14.163+0000] {logging_mixin.py:190} INFO - [2024-12-06T22:07:14.163+0000] {dag.py:4180} INFO - Setting next_dagrun for read_dataset_event_from_classic to 2024-12-05 00:00:00+00:00, run_after=2024-12-06 00:00:00+00:00
[2024-12-06T22:07:14.187+0000] {processor.py:208} INFO - Processing /home/airflow/.local/lib/python3.12/site-packages/airflow/example_dags/example_inlet_event_extra.py took 1.239 seconds
[2024-12-06T22:07:45.233+0000] {processor.py:186} INFO - Started process (PID=3332) to work on /home/airflow/.local/lib/python3.12/site-packages/airflow/example_dags/example_inlet_event_extra.py
[2024-12-06T22:07:45.235+0000] {processor.py:914} INFO - Processing file /home/airflow/.local/lib/python3.12/site-packages/airflow/example_dags/example_inlet_event_extra.py for tasks to queue
[2024-12-06T22:07:45.239+0000] {logging_mixin.py:190} INFO - [2024-12-06T22:07:45.239+0000] {dagbag.py:588} INFO - Filling up the DagBag from /home/airflow/.local/lib/python3.12/site-packages/airflow/example_dags/example_inlet_event_extra.py
[2024-12-06T22:07:46.270+0000] {processor.py:925} INFO - DAG(s) 'read_dataset_event', 'read_dataset_event_from_classic' retrieved from /home/airflow/.local/lib/python3.12/site-packages/airflow/example_dags/example_inlet_event_extra.py
[2024-12-06T22:07:46.309+0000] {logging_mixin.py:190} INFO - [2024-12-06T22:07:46.308+0000] {dag.py:3239} INFO - Sync 2 DAGs
[2024-12-06T22:07:46.360+0000] {logging_mixin.py:190} INFO - [2024-12-06T22:07:46.359+0000] {dag.py:4180} INFO - Setting next_dagrun for read_dataset_event to 2024-12-05 00:00:00+00:00, run_after=2024-12-06 00:00:00+00:00
[2024-12-06T22:07:46.372+0000] {logging_mixin.py:190} INFO - [2024-12-06T22:07:46.371+0000] {dag.py:4180} INFO - Setting next_dagrun for read_dataset_event_from_classic to 2024-12-05 00:00:00+00:00, run_after=2024-12-06 00:00:00+00:00
[2024-12-06T22:07:46.409+0000] {processor.py:208} INFO - Processing /home/airflow/.local/lib/python3.12/site-packages/airflow/example_dags/example_inlet_event_extra.py took 1.185 seconds
[2024-12-06T22:08:17.046+0000] {processor.py:186} INFO - Started process (PID=3395) to work on /home/airflow/.local/lib/python3.12/site-packages/airflow/example_dags/example_inlet_event_extra.py
[2024-12-06T22:08:17.047+0000] {processor.py:914} INFO - Processing file /home/airflow/.local/lib/python3.12/site-packages/airflow/example_dags/example_inlet_event_extra.py for tasks to queue
[2024-12-06T22:08:17.054+0000] {logging_mixin.py:190} INFO - [2024-12-06T22:08:17.053+0000] {dagbag.py:588} INFO - Filling up the DagBag from /home/airflow/.local/lib/python3.12/site-packages/airflow/example_dags/example_inlet_event_extra.py
[2024-12-06T22:08:18.083+0000] {processor.py:925} INFO - DAG(s) 'read_dataset_event_from_classic', 'read_dataset_event' retrieved from /home/airflow/.local/lib/python3.12/site-packages/airflow/example_dags/example_inlet_event_extra.py
[2024-12-06T22:08:18.111+0000] {logging_mixin.py:190} INFO - [2024-12-06T22:08:18.111+0000] {dag.py:3239} INFO - Sync 2 DAGs
[2024-12-06T22:08:18.148+0000] {logging_mixin.py:190} INFO - [2024-12-06T22:08:18.148+0000] {dag.py:4180} INFO - Setting next_dagrun for read_dataset_event to 2024-12-05 00:00:00+00:00, run_after=2024-12-06 00:00:00+00:00
[2024-12-06T22:08:18.157+0000] {logging_mixin.py:190} INFO - [2024-12-06T22:08:18.157+0000] {dag.py:4180} INFO - Setting next_dagrun for read_dataset_event_from_classic to 2024-12-05 00:00:00+00:00, run_after=2024-12-06 00:00:00+00:00
[2024-12-06T22:08:18.180+0000] {processor.py:208} INFO - Processing /home/airflow/.local/lib/python3.12/site-packages/airflow/example_dags/example_inlet_event_extra.py took 1.145 seconds
[2024-12-06T22:08:48.502+0000] {processor.py:186} INFO - Started process (PID=3458) to work on /home/airflow/.local/lib/python3.12/site-packages/airflow/example_dags/example_inlet_event_extra.py
[2024-12-06T22:08:48.503+0000] {processor.py:914} INFO - Processing file /home/airflow/.local/lib/python3.12/site-packages/airflow/example_dags/example_inlet_event_extra.py for tasks to queue
[2024-12-06T22:08:48.509+0000] {logging_mixin.py:190} INFO - [2024-12-06T22:08:48.509+0000] {dagbag.py:588} INFO - Filling up the DagBag from /home/airflow/.local/lib/python3.12/site-packages/airflow/example_dags/example_inlet_event_extra.py
[2024-12-06T22:08:49.463+0000] {processor.py:925} INFO - DAG(s) 'read_dataset_event', 'read_dataset_event_from_classic' retrieved from /home/airflow/.local/lib/python3.12/site-packages/airflow/example_dags/example_inlet_event_extra.py
[2024-12-06T22:08:49.496+0000] {logging_mixin.py:190} INFO - [2024-12-06T22:08:49.495+0000] {dag.py:3239} INFO - Sync 2 DAGs
[2024-12-06T22:08:49.540+0000] {logging_mixin.py:190} INFO - [2024-12-06T22:08:49.540+0000] {dag.py:4180} INFO - Setting next_dagrun for read_dataset_event to 2024-12-05 00:00:00+00:00, run_after=2024-12-06 00:00:00+00:00
[2024-12-06T22:08:49.548+0000] {logging_mixin.py:190} INFO - [2024-12-06T22:08:49.548+0000] {dag.py:4180} INFO - Setting next_dagrun for read_dataset_event_from_classic to 2024-12-05 00:00:00+00:00, run_after=2024-12-06 00:00:00+00:00
[2024-12-06T22:08:49.571+0000] {processor.py:208} INFO - Processing /home/airflow/.local/lib/python3.12/site-packages/airflow/example_dags/example_inlet_event_extra.py took 1.078 seconds
[2024-12-06T22:09:19.945+0000] {processor.py:186} INFO - Started process (PID=3521) to work on /home/airflow/.local/lib/python3.12/site-packages/airflow/example_dags/example_inlet_event_extra.py
[2024-12-06T22:09:19.949+0000] {processor.py:914} INFO - Processing file /home/airflow/.local/lib/python3.12/site-packages/airflow/example_dags/example_inlet_event_extra.py for tasks to queue
[2024-12-06T22:09:19.954+0000] {logging_mixin.py:190} INFO - [2024-12-06T22:09:19.954+0000] {dagbag.py:588} INFO - Filling up the DagBag from /home/airflow/.local/lib/python3.12/site-packages/airflow/example_dags/example_inlet_event_extra.py
[2024-12-06T22:09:20.583+0000] {processor.py:925} INFO - DAG(s) 'read_dataset_event', 'read_dataset_event_from_classic' retrieved from /home/airflow/.local/lib/python3.12/site-packages/airflow/example_dags/example_inlet_event_extra.py
[2024-12-06T22:09:20.617+0000] {logging_mixin.py:190} INFO - [2024-12-06T22:09:20.617+0000] {dag.py:3239} INFO - Sync 2 DAGs
[2024-12-06T22:09:20.655+0000] {logging_mixin.py:190} INFO - [2024-12-06T22:09:20.655+0000] {dag.py:4180} INFO - Setting next_dagrun for read_dataset_event to 2024-12-05 00:00:00+00:00, run_after=2024-12-06 00:00:00+00:00
[2024-12-06T22:09:20.664+0000] {logging_mixin.py:190} INFO - [2024-12-06T22:09:20.663+0000] {dag.py:4180} INFO - Setting next_dagrun for read_dataset_event_from_classic to 2024-12-05 00:00:00+00:00, run_after=2024-12-06 00:00:00+00:00
[2024-12-06T22:09:20.688+0000] {processor.py:208} INFO - Processing /home/airflow/.local/lib/python3.12/site-packages/airflow/example_dags/example_inlet_event_extra.py took 0.792 seconds
[2024-12-06T22:09:51.347+0000] {processor.py:186} INFO - Started process (PID=3590) to work on /home/airflow/.local/lib/python3.12/site-packages/airflow/example_dags/example_inlet_event_extra.py
[2024-12-06T22:09:51.350+0000] {processor.py:914} INFO - Processing file /home/airflow/.local/lib/python3.12/site-packages/airflow/example_dags/example_inlet_event_extra.py for tasks to queue
[2024-12-06T22:09:51.360+0000] {logging_mixin.py:190} INFO - [2024-12-06T22:09:51.358+0000] {dagbag.py:588} INFO - Filling up the DagBag from /home/airflow/.local/lib/python3.12/site-packages/airflow/example_dags/example_inlet_event_extra.py
[2024-12-06T22:09:52.010+0000] {processor.py:925} INFO - DAG(s) 'read_dataset_event_from_classic', 'read_dataset_event' retrieved from /home/airflow/.local/lib/python3.12/site-packages/airflow/example_dags/example_inlet_event_extra.py
[2024-12-06T22:09:52.045+0000] {logging_mixin.py:190} INFO - [2024-12-06T22:09:52.044+0000] {dag.py:3239} INFO - Sync 2 DAGs
[2024-12-06T22:09:52.086+0000] {logging_mixin.py:190} INFO - [2024-12-06T22:09:52.085+0000] {dag.py:4180} INFO - Setting next_dagrun for read_dataset_event to 2024-12-05 00:00:00+00:00, run_after=2024-12-06 00:00:00+00:00
[2024-12-06T22:09:52.093+0000] {logging_mixin.py:190} INFO - [2024-12-06T22:09:52.093+0000] {dag.py:4180} INFO - Setting next_dagrun for read_dataset_event_from_classic to 2024-12-05 00:00:00+00:00, run_after=2024-12-06 00:00:00+00:00
[2024-12-06T22:09:52.118+0000] {processor.py:208} INFO - Processing /home/airflow/.local/lib/python3.12/site-packages/airflow/example_dags/example_inlet_event_extra.py took 0.808 seconds
[2024-12-06T22:10:22.374+0000] {processor.py:186} INFO - Started process (PID=3653) to work on /home/airflow/.local/lib/python3.12/site-packages/airflow/example_dags/example_inlet_event_extra.py
[2024-12-06T22:10:22.375+0000] {processor.py:914} INFO - Processing file /home/airflow/.local/lib/python3.12/site-packages/airflow/example_dags/example_inlet_event_extra.py for tasks to queue
[2024-12-06T22:10:22.381+0000] {logging_mixin.py:190} INFO - [2024-12-06T22:10:22.381+0000] {dagbag.py:588} INFO - Filling up the DagBag from /home/airflow/.local/lib/python3.12/site-packages/airflow/example_dags/example_inlet_event_extra.py
[2024-12-06T22:10:22.971+0000] {processor.py:925} INFO - DAG(s) 'read_dataset_event_from_classic', 'read_dataset_event' retrieved from /home/airflow/.local/lib/python3.12/site-packages/airflow/example_dags/example_inlet_event_extra.py
[2024-12-06T22:10:23.003+0000] {logging_mixin.py:190} INFO - [2024-12-06T22:10:23.002+0000] {dag.py:3239} INFO - Sync 2 DAGs
[2024-12-06T22:10:23.046+0000] {logging_mixin.py:190} INFO - [2024-12-06T22:10:23.045+0000] {dag.py:4180} INFO - Setting next_dagrun for read_dataset_event to 2024-12-05 00:00:00+00:00, run_after=2024-12-06 00:00:00+00:00
[2024-12-06T22:10:23.054+0000] {logging_mixin.py:190} INFO - [2024-12-06T22:10:23.053+0000] {dag.py:4180} INFO - Setting next_dagrun for read_dataset_event_from_classic to 2024-12-05 00:00:00+00:00, run_after=2024-12-06 00:00:00+00:00
[2024-12-06T22:10:23.077+0000] {processor.py:208} INFO - Processing /home/airflow/.local/lib/python3.12/site-packages/airflow/example_dags/example_inlet_event_extra.py took 0.711 seconds
[2024-12-06T22:10:53.478+0000] {processor.py:186} INFO - Started process (PID=3716) to work on /home/airflow/.local/lib/python3.12/site-packages/airflow/example_dags/example_inlet_event_extra.py
[2024-12-06T22:10:53.481+0000] {processor.py:914} INFO - Processing file /home/airflow/.local/lib/python3.12/site-packages/airflow/example_dags/example_inlet_event_extra.py for tasks to queue
[2024-12-06T22:10:53.487+0000] {logging_mixin.py:190} INFO - [2024-12-06T22:10:53.485+0000] {dagbag.py:588} INFO - Filling up the DagBag from /home/airflow/.local/lib/python3.12/site-packages/airflow/example_dags/example_inlet_event_extra.py
[2024-12-06T22:10:54.054+0000] {processor.py:925} INFO - DAG(s) 'read_dataset_event', 'read_dataset_event_from_classic' retrieved from /home/airflow/.local/lib/python3.12/site-packages/airflow/example_dags/example_inlet_event_extra.py
[2024-12-06T22:10:54.084+0000] {logging_mixin.py:190} INFO - [2024-12-06T22:10:54.083+0000] {dag.py:3239} INFO - Sync 2 DAGs
[2024-12-06T22:10:54.121+0000] {logging_mixin.py:190} INFO - [2024-12-06T22:10:54.120+0000] {dag.py:4180} INFO - Setting next_dagrun for read_dataset_event to 2024-12-05 00:00:00+00:00, run_after=2024-12-06 00:00:00+00:00
[2024-12-06T22:10:54.128+0000] {logging_mixin.py:190} INFO - [2024-12-06T22:10:54.127+0000] {dag.py:4180} INFO - Setting next_dagrun for read_dataset_event_from_classic to 2024-12-05 00:00:00+00:00, run_after=2024-12-06 00:00:00+00:00
[2024-12-06T22:10:54.149+0000] {processor.py:208} INFO - Processing /home/airflow/.local/lib/python3.12/site-packages/airflow/example_dags/example_inlet_event_extra.py took 0.684 seconds
