[2024-12-06T21:40:57.422+0000] {processor.py:186} INFO - Started process (PID=110) to work on /home/airflow/.local/lib/python3.12/site-packages/airflow/example_dags/example_sla_dag.py
[2024-12-06T21:40:57.423+0000] {processor.py:914} INFO - Processing file /home/airflow/.local/lib/python3.12/site-packages/airflow/example_dags/example_sla_dag.py for tasks to queue
[2024-12-06T21:40:57.426+0000] {logging_mixin.py:190} INFO - [2024-12-06T21:40:57.426+0000] {dagbag.py:588} INFO - Filling up the DagBag from /home/airflow/.local/lib/python3.12/site-packages/airflow/example_dags/example_sla_dag.py
[2024-12-06T21:40:57.441+0000] {processor.py:925} INFO - DAG(s) 'example_sla_dag' retrieved from /home/airflow/.local/lib/python3.12/site-packages/airflow/example_dags/example_sla_dag.py
[2024-12-06T21:40:57.599+0000] {logging_mixin.py:190} INFO - [2024-12-06T21:40:57.598+0000] {override.py:1911} INFO - Created Permission View: can edit on DAG:example_sla_dag
[2024-12-06T21:40:57.612+0000] {logging_mixin.py:190} INFO - [2024-12-06T21:40:57.611+0000] {override.py:1911} INFO - Created Permission View: can delete on DAG:example_sla_dag
[2024-12-06T21:40:57.620+0000] {logging_mixin.py:190} INFO - [2024-12-06T21:40:57.620+0000] {override.py:1911} INFO - Created Permission View: can read on DAG:example_sla_dag
[2024-12-06T21:40:57.632+0000] {logging_mixin.py:190} INFO - [2024-12-06T21:40:57.631+0000] {override.py:1911} INFO - Created Permission View: menu access on DAG Run:example_sla_dag
[2024-12-06T21:40:57.644+0000] {logging_mixin.py:190} INFO - [2024-12-06T21:40:57.644+0000] {override.py:1911} INFO - Created Permission View: can create on DAG Run:example_sla_dag
[2024-12-06T21:40:57.653+0000] {logging_mixin.py:190} INFO - [2024-12-06T21:40:57.653+0000] {override.py:1911} INFO - Created Permission View: can delete on DAG Run:example_sla_dag
[2024-12-06T21:40:57.661+0000] {logging_mixin.py:190} INFO - [2024-12-06T21:40:57.661+0000] {override.py:1911} INFO - Created Permission View: can read on DAG Run:example_sla_dag
[2024-12-06T21:40:57.662+0000] {logging_mixin.py:190} INFO - [2024-12-06T21:40:57.662+0000] {dag.py:3239} INFO - Sync 1 DAGs
[2024-12-06T21:40:57.679+0000] {logging_mixin.py:190} INFO - [2024-12-06T21:40:57.678+0000] {dag.py:3262} INFO - Creating ORM DAG for example_sla_dag
[2024-12-06T21:40:57.694+0000] {logging_mixin.py:190} INFO - [2024-12-06T21:40:57.694+0000] {dag.py:4180} INFO - Setting next_dagrun for example_sla_dag to 2024-12-06 21:38:00+00:00, run_after=2024-12-06 21:40:00+00:00
[2024-12-06T21:40:57.712+0000] {processor.py:208} INFO - Processing /home/airflow/.local/lib/python3.12/site-packages/airflow/example_dags/example_sla_dag.py took 0.298 seconds
[2024-12-06T21:41:28.262+0000] {processor.py:186} INFO - Started process (PID=173) to work on /home/airflow/.local/lib/python3.12/site-packages/airflow/example_dags/example_sla_dag.py
[2024-12-06T21:41:28.263+0000] {processor.py:914} INFO - Processing file /home/airflow/.local/lib/python3.12/site-packages/airflow/example_dags/example_sla_dag.py for tasks to queue
[2024-12-06T21:41:28.266+0000] {logging_mixin.py:190} INFO - [2024-12-06T21:41:28.266+0000] {dagbag.py:588} INFO - Filling up the DagBag from /home/airflow/.local/lib/python3.12/site-packages/airflow/example_dags/example_sla_dag.py
[2024-12-06T21:41:28.280+0000] {processor.py:925} INFO - DAG(s) 'example_sla_dag' retrieved from /home/airflow/.local/lib/python3.12/site-packages/airflow/example_dags/example_sla_dag.py
[2024-12-06T21:41:28.303+0000] {logging_mixin.py:190} INFO - [2024-12-06T21:41:28.302+0000] {dag.py:3239} INFO - Sync 1 DAGs
[2024-12-06T21:41:28.334+0000] {logging_mixin.py:190} INFO - [2024-12-06T21:41:28.334+0000] {dag.py:4180} INFO - Setting next_dagrun for example_sla_dag to 2024-12-06 21:38:00+00:00, run_after=2024-12-06 21:40:00+00:00
[2024-12-06T21:41:28.357+0000] {processor.py:208} INFO - Processing /home/airflow/.local/lib/python3.12/site-packages/airflow/example_dags/example_sla_dag.py took 0.103 seconds
[2024-12-06T21:41:59.191+0000] {processor.py:186} INFO - Started process (PID=236) to work on /home/airflow/.local/lib/python3.12/site-packages/airflow/example_dags/example_sla_dag.py
[2024-12-06T21:41:59.192+0000] {processor.py:914} INFO - Processing file /home/airflow/.local/lib/python3.12/site-packages/airflow/example_dags/example_sla_dag.py for tasks to queue
[2024-12-06T21:41:59.195+0000] {logging_mixin.py:190} INFO - [2024-12-06T21:41:59.195+0000] {dagbag.py:588} INFO - Filling up the DagBag from /home/airflow/.local/lib/python3.12/site-packages/airflow/example_dags/example_sla_dag.py
[2024-12-06T21:41:59.208+0000] {processor.py:925} INFO - DAG(s) 'example_sla_dag' retrieved from /home/airflow/.local/lib/python3.12/site-packages/airflow/example_dags/example_sla_dag.py
[2024-12-06T21:41:59.231+0000] {logging_mixin.py:190} INFO - [2024-12-06T21:41:59.231+0000] {dag.py:3239} INFO - Sync 1 DAGs
[2024-12-06T21:41:59.261+0000] {logging_mixin.py:190} INFO - [2024-12-06T21:41:59.261+0000] {dag.py:4180} INFO - Setting next_dagrun for example_sla_dag to 2024-12-06 21:38:00+00:00, run_after=2024-12-06 21:40:00+00:00
[2024-12-06T21:41:59.284+0000] {processor.py:208} INFO - Processing /home/airflow/.local/lib/python3.12/site-packages/airflow/example_dags/example_sla_dag.py took 0.101 seconds
[2024-12-06T21:42:30.342+0000] {processor.py:186} INFO - Started process (PID=299) to work on /home/airflow/.local/lib/python3.12/site-packages/airflow/example_dags/example_sla_dag.py
[2024-12-06T21:42:30.344+0000] {processor.py:914} INFO - Processing file /home/airflow/.local/lib/python3.12/site-packages/airflow/example_dags/example_sla_dag.py for tasks to queue
[2024-12-06T21:42:30.348+0000] {logging_mixin.py:190} INFO - [2024-12-06T21:42:30.347+0000] {dagbag.py:588} INFO - Filling up the DagBag from /home/airflow/.local/lib/python3.12/site-packages/airflow/example_dags/example_sla_dag.py
[2024-12-06T21:42:30.365+0000] {processor.py:925} INFO - DAG(s) 'example_sla_dag' retrieved from /home/airflow/.local/lib/python3.12/site-packages/airflow/example_dags/example_sla_dag.py
[2024-12-06T21:42:30.393+0000] {logging_mixin.py:190} INFO - [2024-12-06T21:42:30.392+0000] {dag.py:3239} INFO - Sync 1 DAGs
[2024-12-06T21:42:30.432+0000] {logging_mixin.py:190} INFO - [2024-12-06T21:42:30.431+0000] {dag.py:4180} INFO - Setting next_dagrun for example_sla_dag to 2024-12-06 21:40:00+00:00, run_after=2024-12-06 21:42:00+00:00
[2024-12-06T21:42:30.460+0000] {processor.py:208} INFO - Processing /home/airflow/.local/lib/python3.12/site-packages/airflow/example_dags/example_sla_dag.py took 0.128 seconds
[2024-12-06T21:43:00.686+0000] {processor.py:186} INFO - Started process (PID=362) to work on /home/airflow/.local/lib/python3.12/site-packages/airflow/example_dags/example_sla_dag.py
[2024-12-06T21:43:00.687+0000] {processor.py:914} INFO - Processing file /home/airflow/.local/lib/python3.12/site-packages/airflow/example_dags/example_sla_dag.py for tasks to queue
[2024-12-06T21:43:00.690+0000] {logging_mixin.py:190} INFO - [2024-12-06T21:43:00.690+0000] {dagbag.py:588} INFO - Filling up the DagBag from /home/airflow/.local/lib/python3.12/site-packages/airflow/example_dags/example_sla_dag.py
[2024-12-06T21:43:00.703+0000] {processor.py:925} INFO - DAG(s) 'example_sla_dag' retrieved from /home/airflow/.local/lib/python3.12/site-packages/airflow/example_dags/example_sla_dag.py
[2024-12-06T21:43:00.727+0000] {logging_mixin.py:190} INFO - [2024-12-06T21:43:00.727+0000] {dag.py:3239} INFO - Sync 1 DAGs
[2024-12-06T21:43:00.759+0000] {logging_mixin.py:190} INFO - [2024-12-06T21:43:00.758+0000] {dag.py:4180} INFO - Setting next_dagrun for example_sla_dag to 2024-12-06 21:40:00+00:00, run_after=2024-12-06 21:42:00+00:00
[2024-12-06T21:43:00.782+0000] {processor.py:208} INFO - Processing /home/airflow/.local/lib/python3.12/site-packages/airflow/example_dags/example_sla_dag.py took 0.104 seconds
[2024-12-06T21:43:32.505+0000] {processor.py:186} INFO - Started process (PID=425) to work on /home/airflow/.local/lib/python3.12/site-packages/airflow/example_dags/example_sla_dag.py
[2024-12-06T21:43:32.506+0000] {processor.py:914} INFO - Processing file /home/airflow/.local/lib/python3.12/site-packages/airflow/example_dags/example_sla_dag.py for tasks to queue
[2024-12-06T21:43:32.509+0000] {logging_mixin.py:190} INFO - [2024-12-06T21:43:32.509+0000] {dagbag.py:588} INFO - Filling up the DagBag from /home/airflow/.local/lib/python3.12/site-packages/airflow/example_dags/example_sla_dag.py
[2024-12-06T21:43:32.523+0000] {processor.py:925} INFO - DAG(s) 'example_sla_dag' retrieved from /home/airflow/.local/lib/python3.12/site-packages/airflow/example_dags/example_sla_dag.py
[2024-12-06T21:43:32.548+0000] {logging_mixin.py:190} INFO - [2024-12-06T21:43:32.547+0000] {dag.py:3239} INFO - Sync 1 DAGs
[2024-12-06T21:43:32.581+0000] {logging_mixin.py:190} INFO - [2024-12-06T21:43:32.581+0000] {dag.py:4180} INFO - Setting next_dagrun for example_sla_dag to 2024-12-06 21:40:00+00:00, run_after=2024-12-06 21:42:00+00:00
[2024-12-06T21:43:32.606+0000] {processor.py:208} INFO - Processing /home/airflow/.local/lib/python3.12/site-packages/airflow/example_dags/example_sla_dag.py took 0.110 seconds
[2024-12-06T21:44:03.381+0000] {processor.py:186} INFO - Started process (PID=488) to work on /home/airflow/.local/lib/python3.12/site-packages/airflow/example_dags/example_sla_dag.py
[2024-12-06T21:44:03.382+0000] {processor.py:914} INFO - Processing file /home/airflow/.local/lib/python3.12/site-packages/airflow/example_dags/example_sla_dag.py for tasks to queue
[2024-12-06T21:44:03.385+0000] {logging_mixin.py:190} INFO - [2024-12-06T21:44:03.385+0000] {dagbag.py:588} INFO - Filling up the DagBag from /home/airflow/.local/lib/python3.12/site-packages/airflow/example_dags/example_sla_dag.py
[2024-12-06T21:44:03.399+0000] {processor.py:925} INFO - DAG(s) 'example_sla_dag' retrieved from /home/airflow/.local/lib/python3.12/site-packages/airflow/example_dags/example_sla_dag.py
[2024-12-06T21:44:03.424+0000] {logging_mixin.py:190} INFO - [2024-12-06T21:44:03.424+0000] {dag.py:3239} INFO - Sync 1 DAGs
[2024-12-06T21:44:03.458+0000] {logging_mixin.py:190} INFO - [2024-12-06T21:44:03.457+0000] {dag.py:4180} INFO - Setting next_dagrun for example_sla_dag to 2024-12-06 21:42:00+00:00, run_after=2024-12-06 21:44:00+00:00
[2024-12-06T21:44:03.482+0000] {processor.py:208} INFO - Processing /home/airflow/.local/lib/python3.12/site-packages/airflow/example_dags/example_sla_dag.py took 0.109 seconds
[2024-12-06T21:44:35.310+0000] {processor.py:186} INFO - Started process (PID=551) to work on /home/airflow/.local/lib/python3.12/site-packages/airflow/example_dags/example_sla_dag.py
[2024-12-06T21:44:35.312+0000] {processor.py:914} INFO - Processing file /home/airflow/.local/lib/python3.12/site-packages/airflow/example_dags/example_sla_dag.py for tasks to queue
[2024-12-06T21:44:35.315+0000] {logging_mixin.py:190} INFO - [2024-12-06T21:44:35.315+0000] {dagbag.py:588} INFO - Filling up the DagBag from /home/airflow/.local/lib/python3.12/site-packages/airflow/example_dags/example_sla_dag.py
[2024-12-06T21:44:35.329+0000] {processor.py:925} INFO - DAG(s) 'example_sla_dag' retrieved from /home/airflow/.local/lib/python3.12/site-packages/airflow/example_dags/example_sla_dag.py
[2024-12-06T21:44:35.355+0000] {logging_mixin.py:190} INFO - [2024-12-06T21:44:35.355+0000] {dag.py:3239} INFO - Sync 1 DAGs
[2024-12-06T21:44:35.394+0000] {logging_mixin.py:190} INFO - [2024-12-06T21:44:35.394+0000] {dag.py:4180} INFO - Setting next_dagrun for example_sla_dag to 2024-12-06 21:42:00+00:00, run_after=2024-12-06 21:44:00+00:00
[2024-12-06T21:44:35.420+0000] {processor.py:208} INFO - Processing /home/airflow/.local/lib/python3.12/site-packages/airflow/example_dags/example_sla_dag.py took 0.118 seconds
[2024-12-06T21:45:06.239+0000] {processor.py:186} INFO - Started process (PID=614) to work on /home/airflow/.local/lib/python3.12/site-packages/airflow/example_dags/example_sla_dag.py
[2024-12-06T21:45:06.241+0000] {processor.py:914} INFO - Processing file /home/airflow/.local/lib/python3.12/site-packages/airflow/example_dags/example_sla_dag.py for tasks to queue
[2024-12-06T21:45:06.244+0000] {logging_mixin.py:190} INFO - [2024-12-06T21:45:06.243+0000] {dagbag.py:588} INFO - Filling up the DagBag from /home/airflow/.local/lib/python3.12/site-packages/airflow/example_dags/example_sla_dag.py
[2024-12-06T21:45:06.258+0000] {processor.py:925} INFO - DAG(s) 'example_sla_dag' retrieved from /home/airflow/.local/lib/python3.12/site-packages/airflow/example_dags/example_sla_dag.py
[2024-12-06T21:45:06.283+0000] {logging_mixin.py:190} INFO - [2024-12-06T21:45:06.283+0000] {dag.py:3239} INFO - Sync 1 DAGs
[2024-12-06T21:45:06.315+0000] {logging_mixin.py:190} INFO - [2024-12-06T21:45:06.315+0000] {dag.py:4180} INFO - Setting next_dagrun for example_sla_dag to 2024-12-06 21:42:00+00:00, run_after=2024-12-06 21:44:00+00:00
[2024-12-06T21:45:06.338+0000] {processor.py:208} INFO - Processing /home/airflow/.local/lib/python3.12/site-packages/airflow/example_dags/example_sla_dag.py took 0.107 seconds
[2024-12-06T21:45:38.026+0000] {processor.py:186} INFO - Started process (PID=678) to work on /home/airflow/.local/lib/python3.12/site-packages/airflow/example_dags/example_sla_dag.py
[2024-12-06T21:45:38.027+0000] {processor.py:914} INFO - Processing file /home/airflow/.local/lib/python3.12/site-packages/airflow/example_dags/example_sla_dag.py for tasks to queue
[2024-12-06T21:45:38.032+0000] {logging_mixin.py:190} INFO - [2024-12-06T21:45:38.031+0000] {dagbag.py:588} INFO - Filling up the DagBag from /home/airflow/.local/lib/python3.12/site-packages/airflow/example_dags/example_sla_dag.py
[2024-12-06T21:45:38.046+0000] {processor.py:925} INFO - DAG(s) 'example_sla_dag' retrieved from /home/airflow/.local/lib/python3.12/site-packages/airflow/example_dags/example_sla_dag.py
[2024-12-06T21:45:38.075+0000] {logging_mixin.py:190} INFO - [2024-12-06T21:45:38.074+0000] {dag.py:3239} INFO - Sync 1 DAGs
[2024-12-06T21:45:38.108+0000] {logging_mixin.py:190} INFO - [2024-12-06T21:45:38.108+0000] {dag.py:4180} INFO - Setting next_dagrun for example_sla_dag to 2024-12-06 21:42:00+00:00, run_after=2024-12-06 21:44:00+00:00
[2024-12-06T21:45:38.135+0000] {processor.py:208} INFO - Processing /home/airflow/.local/lib/python3.12/site-packages/airflow/example_dags/example_sla_dag.py took 0.118 seconds
[2024-12-06T21:46:08.944+0000] {processor.py:186} INFO - Started process (PID=741) to work on /home/airflow/.local/lib/python3.12/site-packages/airflow/example_dags/example_sla_dag.py
[2024-12-06T21:46:08.945+0000] {processor.py:914} INFO - Processing file /home/airflow/.local/lib/python3.12/site-packages/airflow/example_dags/example_sla_dag.py for tasks to queue
[2024-12-06T21:46:08.948+0000] {logging_mixin.py:190} INFO - [2024-12-06T21:46:08.948+0000] {dagbag.py:588} INFO - Filling up the DagBag from /home/airflow/.local/lib/python3.12/site-packages/airflow/example_dags/example_sla_dag.py
[2024-12-06T21:46:08.962+0000] {processor.py:925} INFO - DAG(s) 'example_sla_dag' retrieved from /home/airflow/.local/lib/python3.12/site-packages/airflow/example_dags/example_sla_dag.py
[2024-12-06T21:46:08.986+0000] {logging_mixin.py:190} INFO - [2024-12-06T21:46:08.986+0000] {dag.py:3239} INFO - Sync 1 DAGs
[2024-12-06T21:46:09.020+0000] {logging_mixin.py:190} INFO - [2024-12-06T21:46:09.019+0000] {dag.py:4180} INFO - Setting next_dagrun for example_sla_dag to 2024-12-06 21:44:00+00:00, run_after=2024-12-06 21:46:00+00:00
[2024-12-06T21:46:09.042+0000] {processor.py:208} INFO - Processing /home/airflow/.local/lib/python3.12/site-packages/airflow/example_dags/example_sla_dag.py took 0.106 seconds
[2024-12-06T21:46:41.541+0000] {processor.py:186} INFO - Started process (PID=809) to work on /home/airflow/.local/lib/python3.12/site-packages/airflow/example_dags/example_sla_dag.py
[2024-12-06T21:46:41.543+0000] {processor.py:914} INFO - Processing file /home/airflow/.local/lib/python3.12/site-packages/airflow/example_dags/example_sla_dag.py for tasks to queue
[2024-12-06T21:46:41.547+0000] {logging_mixin.py:190} INFO - [2024-12-06T21:46:41.546+0000] {dagbag.py:588} INFO - Filling up the DagBag from /home/airflow/.local/lib/python3.12/site-packages/airflow/example_dags/example_sla_dag.py
[2024-12-06T21:46:41.560+0000] {processor.py:925} INFO - DAG(s) 'example_sla_dag' retrieved from /home/airflow/.local/lib/python3.12/site-packages/airflow/example_dags/example_sla_dag.py
[2024-12-06T21:46:41.584+0000] {logging_mixin.py:190} INFO - [2024-12-06T21:46:41.583+0000] {dag.py:3239} INFO - Sync 1 DAGs
[2024-12-06T21:46:41.615+0000] {logging_mixin.py:190} INFO - [2024-12-06T21:46:41.615+0000] {dag.py:4180} INFO - Setting next_dagrun for example_sla_dag to 2024-12-06 21:44:00+00:00, run_after=2024-12-06 21:46:00+00:00
[2024-12-06T21:46:41.638+0000] {processor.py:208} INFO - Processing /home/airflow/.local/lib/python3.12/site-packages/airflow/example_dags/example_sla_dag.py took 0.105 seconds
[2024-12-06T21:47:13.876+0000] {processor.py:186} INFO - Started process (PID=877) to work on /home/airflow/.local/lib/python3.12/site-packages/airflow/example_dags/example_sla_dag.py
[2024-12-06T21:47:13.879+0000] {processor.py:914} INFO - Processing file /home/airflow/.local/lib/python3.12/site-packages/airflow/example_dags/example_sla_dag.py for tasks to queue
[2024-12-06T21:47:13.885+0000] {logging_mixin.py:190} INFO - [2024-12-06T21:47:13.884+0000] {dagbag.py:588} INFO - Filling up the DagBag from /home/airflow/.local/lib/python3.12/site-packages/airflow/example_dags/example_sla_dag.py
[2024-12-06T21:47:13.906+0000] {processor.py:925} INFO - DAG(s) 'example_sla_dag' retrieved from /home/airflow/.local/lib/python3.12/site-packages/airflow/example_dags/example_sla_dag.py
[2024-12-06T21:47:13.943+0000] {logging_mixin.py:190} INFO - [2024-12-06T21:47:13.943+0000] {dag.py:3239} INFO - Sync 1 DAGs
[2024-12-06T21:47:13.987+0000] {logging_mixin.py:190} INFO - [2024-12-06T21:47:13.986+0000] {dag.py:4180} INFO - Setting next_dagrun for example_sla_dag to 2024-12-06 21:44:00+00:00, run_after=2024-12-06 21:46:00+00:00
[2024-12-06T21:47:14.021+0000] {processor.py:208} INFO - Processing /home/airflow/.local/lib/python3.12/site-packages/airflow/example_dags/example_sla_dag.py took 0.160 seconds
[2024-12-06T21:47:45.288+0000] {processor.py:186} INFO - Started process (PID=940) to work on /home/airflow/.local/lib/python3.12/site-packages/airflow/example_dags/example_sla_dag.py
[2024-12-06T21:47:45.290+0000] {processor.py:914} INFO - Processing file /home/airflow/.local/lib/python3.12/site-packages/airflow/example_dags/example_sla_dag.py for tasks to queue
[2024-12-06T21:47:45.293+0000] {logging_mixin.py:190} INFO - [2024-12-06T21:47:45.293+0000] {dagbag.py:588} INFO - Filling up the DagBag from /home/airflow/.local/lib/python3.12/site-packages/airflow/example_dags/example_sla_dag.py
[2024-12-06T21:47:45.308+0000] {processor.py:925} INFO - DAG(s) 'example_sla_dag' retrieved from /home/airflow/.local/lib/python3.12/site-packages/airflow/example_dags/example_sla_dag.py
[2024-12-06T21:47:45.335+0000] {logging_mixin.py:190} INFO - [2024-12-06T21:47:45.334+0000] {dag.py:3239} INFO - Sync 1 DAGs
[2024-12-06T21:47:45.369+0000] {logging_mixin.py:190} INFO - [2024-12-06T21:47:45.369+0000] {dag.py:4180} INFO - Setting next_dagrun for example_sla_dag to 2024-12-06 21:44:00+00:00, run_after=2024-12-06 21:46:00+00:00
[2024-12-06T21:47:45.392+0000] {processor.py:208} INFO - Processing /home/airflow/.local/lib/python3.12/site-packages/airflow/example_dags/example_sla_dag.py took 0.113 seconds
[2024-12-06T21:48:16.991+0000] {processor.py:186} INFO - Started process (PID=1009) to work on /home/airflow/.local/lib/python3.12/site-packages/airflow/example_dags/example_sla_dag.py
[2024-12-06T21:48:16.993+0000] {processor.py:914} INFO - Processing file /home/airflow/.local/lib/python3.12/site-packages/airflow/example_dags/example_sla_dag.py for tasks to queue
[2024-12-06T21:48:17.000+0000] {logging_mixin.py:190} INFO - [2024-12-06T21:48:17.000+0000] {dagbag.py:588} INFO - Filling up the DagBag from /home/airflow/.local/lib/python3.12/site-packages/airflow/example_dags/example_sla_dag.py
[2024-12-06T21:48:17.029+0000] {processor.py:925} INFO - DAG(s) 'example_sla_dag' retrieved from /home/airflow/.local/lib/python3.12/site-packages/airflow/example_dags/example_sla_dag.py
[2024-12-06T21:48:17.069+0000] {logging_mixin.py:190} INFO - [2024-12-06T21:48:17.069+0000] {dag.py:3239} INFO - Sync 1 DAGs
[2024-12-06T21:48:17.109+0000] {logging_mixin.py:190} INFO - [2024-12-06T21:48:17.108+0000] {dag.py:4180} INFO - Setting next_dagrun for example_sla_dag to 2024-12-06 21:46:00+00:00, run_after=2024-12-06 21:48:00+00:00
[2024-12-06T21:48:17.139+0000] {processor.py:208} INFO - Processing /home/airflow/.local/lib/python3.12/site-packages/airflow/example_dags/example_sla_dag.py took 0.161 seconds
[2024-12-06T21:48:48.384+0000] {processor.py:186} INFO - Started process (PID=1072) to work on /home/airflow/.local/lib/python3.12/site-packages/airflow/example_dags/example_sla_dag.py
[2024-12-06T21:48:48.386+0000] {processor.py:914} INFO - Processing file /home/airflow/.local/lib/python3.12/site-packages/airflow/example_dags/example_sla_dag.py for tasks to queue
[2024-12-06T21:48:48.391+0000] {logging_mixin.py:190} INFO - [2024-12-06T21:48:48.390+0000] {dagbag.py:588} INFO - Filling up the DagBag from /home/airflow/.local/lib/python3.12/site-packages/airflow/example_dags/example_sla_dag.py
[2024-12-06T21:48:48.411+0000] {processor.py:925} INFO - DAG(s) 'example_sla_dag' retrieved from /home/airflow/.local/lib/python3.12/site-packages/airflow/example_dags/example_sla_dag.py
[2024-12-06T21:48:48.441+0000] {logging_mixin.py:190} INFO - [2024-12-06T21:48:48.440+0000] {dag.py:3239} INFO - Sync 1 DAGs
[2024-12-06T21:48:48.482+0000] {logging_mixin.py:190} INFO - [2024-12-06T21:48:48.481+0000] {dag.py:4180} INFO - Setting next_dagrun for example_sla_dag to 2024-12-06 21:46:00+00:00, run_after=2024-12-06 21:48:00+00:00
[2024-12-06T21:48:48.510+0000] {processor.py:208} INFO - Processing /home/airflow/.local/lib/python3.12/site-packages/airflow/example_dags/example_sla_dag.py took 0.136 seconds
[2024-12-06T21:49:20.272+0000] {processor.py:186} INFO - Started process (PID=1135) to work on /home/airflow/.local/lib/python3.12/site-packages/airflow/example_dags/example_sla_dag.py
[2024-12-06T21:49:20.275+0000] {processor.py:914} INFO - Processing file /home/airflow/.local/lib/python3.12/site-packages/airflow/example_dags/example_sla_dag.py for tasks to queue
[2024-12-06T21:49:20.278+0000] {logging_mixin.py:190} INFO - [2024-12-06T21:49:20.278+0000] {dagbag.py:588} INFO - Filling up the DagBag from /home/airflow/.local/lib/python3.12/site-packages/airflow/example_dags/example_sla_dag.py
[2024-12-06T21:49:20.296+0000] {processor.py:925} INFO - DAG(s) 'example_sla_dag' retrieved from /home/airflow/.local/lib/python3.12/site-packages/airflow/example_dags/example_sla_dag.py
[2024-12-06T21:49:20.328+0000] {logging_mixin.py:190} INFO - [2024-12-06T21:49:20.328+0000] {dag.py:3239} INFO - Sync 1 DAGs
[2024-12-06T21:49:20.369+0000] {logging_mixin.py:190} INFO - [2024-12-06T21:49:20.368+0000] {dag.py:4180} INFO - Setting next_dagrun for example_sla_dag to 2024-12-06 21:46:00+00:00, run_after=2024-12-06 21:48:00+00:00
[2024-12-06T21:49:20.402+0000] {processor.py:208} INFO - Processing /home/airflow/.local/lib/python3.12/site-packages/airflow/example_dags/example_sla_dag.py took 0.139 seconds
[2024-12-06T21:49:51.446+0000] {processor.py:186} INFO - Started process (PID=1198) to work on /home/airflow/.local/lib/python3.12/site-packages/airflow/example_dags/example_sla_dag.py
[2024-12-06T21:49:51.447+0000] {processor.py:914} INFO - Processing file /home/airflow/.local/lib/python3.12/site-packages/airflow/example_dags/example_sla_dag.py for tasks to queue
[2024-12-06T21:49:51.451+0000] {logging_mixin.py:190} INFO - [2024-12-06T21:49:51.450+0000] {dagbag.py:588} INFO - Filling up the DagBag from /home/airflow/.local/lib/python3.12/site-packages/airflow/example_dags/example_sla_dag.py
[2024-12-06T21:49:51.466+0000] {processor.py:925} INFO - DAG(s) 'example_sla_dag' retrieved from /home/airflow/.local/lib/python3.12/site-packages/airflow/example_dags/example_sla_dag.py
[2024-12-06T21:49:51.493+0000] {logging_mixin.py:190} INFO - [2024-12-06T21:49:51.493+0000] {dag.py:3239} INFO - Sync 1 DAGs
[2024-12-06T21:49:51.533+0000] {logging_mixin.py:190} INFO - [2024-12-06T21:49:51.533+0000] {dag.py:4180} INFO - Setting next_dagrun for example_sla_dag to 2024-12-06 21:46:00+00:00, run_after=2024-12-06 21:48:00+00:00
[2024-12-06T21:49:51.564+0000] {processor.py:208} INFO - Processing /home/airflow/.local/lib/python3.12/site-packages/airflow/example_dags/example_sla_dag.py took 0.128 seconds
[2024-12-06T21:50:23.523+0000] {processor.py:186} INFO - Started process (PID=1261) to work on /home/airflow/.local/lib/python3.12/site-packages/airflow/example_dags/example_sla_dag.py
[2024-12-06T21:50:23.525+0000] {processor.py:914} INFO - Processing file /home/airflow/.local/lib/python3.12/site-packages/airflow/example_dags/example_sla_dag.py for tasks to queue
[2024-12-06T21:50:23.530+0000] {logging_mixin.py:190} INFO - [2024-12-06T21:50:23.529+0000] {dagbag.py:588} INFO - Filling up the DagBag from /home/airflow/.local/lib/python3.12/site-packages/airflow/example_dags/example_sla_dag.py
[2024-12-06T21:50:23.545+0000] {processor.py:925} INFO - DAG(s) 'example_sla_dag' retrieved from /home/airflow/.local/lib/python3.12/site-packages/airflow/example_dags/example_sla_dag.py
[2024-12-06T21:50:23.571+0000] {logging_mixin.py:190} INFO - [2024-12-06T21:50:23.571+0000] {dag.py:3239} INFO - Sync 1 DAGs
[2024-12-06T21:50:23.609+0000] {logging_mixin.py:190} INFO - [2024-12-06T21:50:23.608+0000] {dag.py:4180} INFO - Setting next_dagrun for example_sla_dag to 2024-12-06 21:48:00+00:00, run_after=2024-12-06 21:50:00+00:00
[2024-12-06T21:50:23.635+0000] {processor.py:208} INFO - Processing /home/airflow/.local/lib/python3.12/site-packages/airflow/example_dags/example_sla_dag.py took 0.120 seconds
[2024-12-06T21:50:55.276+0000] {processor.py:186} INFO - Started process (PID=1324) to work on /home/airflow/.local/lib/python3.12/site-packages/airflow/example_dags/example_sla_dag.py
[2024-12-06T21:50:55.277+0000] {processor.py:914} INFO - Processing file /home/airflow/.local/lib/python3.12/site-packages/airflow/example_dags/example_sla_dag.py for tasks to queue
[2024-12-06T21:50:55.282+0000] {logging_mixin.py:190} INFO - [2024-12-06T21:50:55.282+0000] {dagbag.py:588} INFO - Filling up the DagBag from /home/airflow/.local/lib/python3.12/site-packages/airflow/example_dags/example_sla_dag.py
[2024-12-06T21:50:55.298+0000] {processor.py:925} INFO - DAG(s) 'example_sla_dag' retrieved from /home/airflow/.local/lib/python3.12/site-packages/airflow/example_dags/example_sla_dag.py
[2024-12-06T21:50:55.330+0000] {logging_mixin.py:190} INFO - [2024-12-06T21:50:55.329+0000] {dag.py:3239} INFO - Sync 1 DAGs
[2024-12-06T21:50:55.376+0000] {logging_mixin.py:190} INFO - [2024-12-06T21:50:55.375+0000] {dag.py:4180} INFO - Setting next_dagrun for example_sla_dag to 2024-12-06 21:48:00+00:00, run_after=2024-12-06 21:50:00+00:00
[2024-12-06T21:50:55.410+0000] {processor.py:208} INFO - Processing /home/airflow/.local/lib/python3.12/site-packages/airflow/example_dags/example_sla_dag.py took 0.144 seconds
[2024-12-06T21:51:27.105+0000] {processor.py:186} INFO - Started process (PID=1387) to work on /home/airflow/.local/lib/python3.12/site-packages/airflow/example_dags/example_sla_dag.py
[2024-12-06T21:51:27.106+0000] {processor.py:914} INFO - Processing file /home/airflow/.local/lib/python3.12/site-packages/airflow/example_dags/example_sla_dag.py for tasks to queue
[2024-12-06T21:51:27.110+0000] {logging_mixin.py:190} INFO - [2024-12-06T21:51:27.110+0000] {dagbag.py:588} INFO - Filling up the DagBag from /home/airflow/.local/lib/python3.12/site-packages/airflow/example_dags/example_sla_dag.py
[2024-12-06T21:51:27.127+0000] {processor.py:925} INFO - DAG(s) 'example_sla_dag' retrieved from /home/airflow/.local/lib/python3.12/site-packages/airflow/example_dags/example_sla_dag.py
[2024-12-06T21:51:27.159+0000] {logging_mixin.py:190} INFO - [2024-12-06T21:51:27.159+0000] {dag.py:3239} INFO - Sync 1 DAGs
[2024-12-06T21:51:27.206+0000] {logging_mixin.py:190} INFO - [2024-12-06T21:51:27.206+0000] {dag.py:4180} INFO - Setting next_dagrun for example_sla_dag to 2024-12-06 21:48:00+00:00, run_after=2024-12-06 21:50:00+00:00
[2024-12-06T21:51:27.235+0000] {processor.py:208} INFO - Processing /home/airflow/.local/lib/python3.12/site-packages/airflow/example_dags/example_sla_dag.py took 0.140 seconds
[2024-12-06T21:51:57.558+0000] {processor.py:186} INFO - Started process (PID=1450) to work on /home/airflow/.local/lib/python3.12/site-packages/airflow/example_dags/example_sla_dag.py
[2024-12-06T21:51:57.560+0000] {processor.py:914} INFO - Processing file /home/airflow/.local/lib/python3.12/site-packages/airflow/example_dags/example_sla_dag.py for tasks to queue
[2024-12-06T21:51:57.563+0000] {logging_mixin.py:190} INFO - [2024-12-06T21:51:57.563+0000] {dagbag.py:588} INFO - Filling up the DagBag from /home/airflow/.local/lib/python3.12/site-packages/airflow/example_dags/example_sla_dag.py
[2024-12-06T21:51:57.580+0000] {processor.py:925} INFO - DAG(s) 'example_sla_dag' retrieved from /home/airflow/.local/lib/python3.12/site-packages/airflow/example_dags/example_sla_dag.py
[2024-12-06T21:51:57.612+0000] {logging_mixin.py:190} INFO - [2024-12-06T21:51:57.611+0000] {dag.py:3239} INFO - Sync 1 DAGs
[2024-12-06T21:51:57.653+0000] {logging_mixin.py:190} INFO - [2024-12-06T21:51:57.653+0000] {dag.py:4180} INFO - Setting next_dagrun for example_sla_dag to 2024-12-06 21:48:00+00:00, run_after=2024-12-06 21:50:00+00:00
[2024-12-06T21:51:57.682+0000] {processor.py:208} INFO - Processing /home/airflow/.local/lib/python3.12/site-packages/airflow/example_dags/example_sla_dag.py took 0.134 seconds
[2024-12-06T21:52:28.401+0000] {processor.py:186} INFO - Started process (PID=1512) to work on /home/airflow/.local/lib/python3.12/site-packages/airflow/example_dags/example_sla_dag.py
[2024-12-06T21:52:28.403+0000] {processor.py:914} INFO - Processing file /home/airflow/.local/lib/python3.12/site-packages/airflow/example_dags/example_sla_dag.py for tasks to queue
[2024-12-06T21:52:28.407+0000] {logging_mixin.py:190} INFO - [2024-12-06T21:52:28.406+0000] {dagbag.py:588} INFO - Filling up the DagBag from /home/airflow/.local/lib/python3.12/site-packages/airflow/example_dags/example_sla_dag.py
[2024-12-06T21:52:28.424+0000] {processor.py:925} INFO - DAG(s) 'example_sla_dag' retrieved from /home/airflow/.local/lib/python3.12/site-packages/airflow/example_dags/example_sla_dag.py
[2024-12-06T21:52:28.454+0000] {logging_mixin.py:190} INFO - [2024-12-06T21:52:28.454+0000] {dag.py:3239} INFO - Sync 1 DAGs
[2024-12-06T21:52:28.498+0000] {logging_mixin.py:190} INFO - [2024-12-06T21:52:28.498+0000] {dag.py:4180} INFO - Setting next_dagrun for example_sla_dag to 2024-12-06 21:50:00+00:00, run_after=2024-12-06 21:52:00+00:00
[2024-12-06T21:52:28.527+0000] {processor.py:208} INFO - Processing /home/airflow/.local/lib/python3.12/site-packages/airflow/example_dags/example_sla_dag.py took 0.138 seconds
[2024-12-06T21:53:00.131+0000] {processor.py:186} INFO - Started process (PID=1575) to work on /home/airflow/.local/lib/python3.12/site-packages/airflow/example_dags/example_sla_dag.py
[2024-12-06T21:53:00.133+0000] {processor.py:914} INFO - Processing file /home/airflow/.local/lib/python3.12/site-packages/airflow/example_dags/example_sla_dag.py for tasks to queue
[2024-12-06T21:53:00.137+0000] {logging_mixin.py:190} INFO - [2024-12-06T21:53:00.137+0000] {dagbag.py:588} INFO - Filling up the DagBag from /home/airflow/.local/lib/python3.12/site-packages/airflow/example_dags/example_sla_dag.py
[2024-12-06T21:53:00.156+0000] {processor.py:925} INFO - DAG(s) 'example_sla_dag' retrieved from /home/airflow/.local/lib/python3.12/site-packages/airflow/example_dags/example_sla_dag.py
[2024-12-06T21:53:00.191+0000] {logging_mixin.py:190} INFO - [2024-12-06T21:53:00.191+0000] {dag.py:3239} INFO - Sync 1 DAGs
[2024-12-06T21:53:00.238+0000] {logging_mixin.py:190} INFO - [2024-12-06T21:53:00.237+0000] {dag.py:4180} INFO - Setting next_dagrun for example_sla_dag to 2024-12-06 21:50:00+00:00, run_after=2024-12-06 21:52:00+00:00
[2024-12-06T21:53:00.271+0000] {processor.py:208} INFO - Processing /home/airflow/.local/lib/python3.12/site-packages/airflow/example_dags/example_sla_dag.py took 0.152 seconds
[2024-12-06T21:53:31.336+0000] {processor.py:186} INFO - Started process (PID=1638) to work on /home/airflow/.local/lib/python3.12/site-packages/airflow/example_dags/example_sla_dag.py
[2024-12-06T21:53:31.338+0000] {processor.py:914} INFO - Processing file /home/airflow/.local/lib/python3.12/site-packages/airflow/example_dags/example_sla_dag.py for tasks to queue
[2024-12-06T21:53:31.342+0000] {logging_mixin.py:190} INFO - [2024-12-06T21:53:31.341+0000] {dagbag.py:588} INFO - Filling up the DagBag from /home/airflow/.local/lib/python3.12/site-packages/airflow/example_dags/example_sla_dag.py
[2024-12-06T21:53:31.359+0000] {processor.py:925} INFO - DAG(s) 'example_sla_dag' retrieved from /home/airflow/.local/lib/python3.12/site-packages/airflow/example_dags/example_sla_dag.py
[2024-12-06T21:53:31.391+0000] {logging_mixin.py:190} INFO - [2024-12-06T21:53:31.391+0000] {dag.py:3239} INFO - Sync 1 DAGs
[2024-12-06T21:53:31.429+0000] {logging_mixin.py:190} INFO - [2024-12-06T21:53:31.429+0000] {dag.py:4180} INFO - Setting next_dagrun for example_sla_dag to 2024-12-06 21:50:00+00:00, run_after=2024-12-06 21:52:00+00:00
[2024-12-06T21:53:31.457+0000] {processor.py:208} INFO - Processing /home/airflow/.local/lib/python3.12/site-packages/airflow/example_dags/example_sla_dag.py took 0.132 seconds
[2024-12-06T21:54:02.872+0000] {processor.py:186} INFO - Started process (PID=1701) to work on /home/airflow/.local/lib/python3.12/site-packages/airflow/example_dags/example_sla_dag.py
[2024-12-06T21:54:02.874+0000] {processor.py:914} INFO - Processing file /home/airflow/.local/lib/python3.12/site-packages/airflow/example_dags/example_sla_dag.py for tasks to queue
[2024-12-06T21:54:02.877+0000] {logging_mixin.py:190} INFO - [2024-12-06T21:54:02.876+0000] {dagbag.py:588} INFO - Filling up the DagBag from /home/airflow/.local/lib/python3.12/site-packages/airflow/example_dags/example_sla_dag.py
[2024-12-06T21:54:02.893+0000] {processor.py:925} INFO - DAG(s) 'example_sla_dag' retrieved from /home/airflow/.local/lib/python3.12/site-packages/airflow/example_dags/example_sla_dag.py
[2024-12-06T21:54:02.921+0000] {logging_mixin.py:190} INFO - [2024-12-06T21:54:02.921+0000] {dag.py:3239} INFO - Sync 1 DAGs
[2024-12-06T21:54:02.957+0000] {logging_mixin.py:190} INFO - [2024-12-06T21:54:02.957+0000] {dag.py:4180} INFO - Setting next_dagrun for example_sla_dag to 2024-12-06 21:52:00+00:00, run_after=2024-12-06 21:54:00+00:00
[2024-12-06T21:54:02.985+0000] {processor.py:208} INFO - Processing /home/airflow/.local/lib/python3.12/site-packages/airflow/example_dags/example_sla_dag.py took 0.122 seconds
[2024-12-06T21:54:34.768+0000] {processor.py:186} INFO - Started process (PID=1764) to work on /home/airflow/.local/lib/python3.12/site-packages/airflow/example_dags/example_sla_dag.py
[2024-12-06T21:54:34.770+0000] {processor.py:914} INFO - Processing file /home/airflow/.local/lib/python3.12/site-packages/airflow/example_dags/example_sla_dag.py for tasks to queue
[2024-12-06T21:54:34.774+0000] {logging_mixin.py:190} INFO - [2024-12-06T21:54:34.773+0000] {dagbag.py:588} INFO - Filling up the DagBag from /home/airflow/.local/lib/python3.12/site-packages/airflow/example_dags/example_sla_dag.py
[2024-12-06T21:54:34.803+0000] {processor.py:925} INFO - DAG(s) 'example_sla_dag' retrieved from /home/airflow/.local/lib/python3.12/site-packages/airflow/example_dags/example_sla_dag.py
[2024-12-06T21:54:34.844+0000] {logging_mixin.py:190} INFO - [2024-12-06T21:54:34.844+0000] {dag.py:3239} INFO - Sync 1 DAGs
[2024-12-06T21:54:34.924+0000] {logging_mixin.py:190} INFO - [2024-12-06T21:54:34.924+0000] {dag.py:4180} INFO - Setting next_dagrun for example_sla_dag to 2024-12-06 21:52:00+00:00, run_after=2024-12-06 21:54:00+00:00
[2024-12-06T21:54:34.965+0000] {processor.py:208} INFO - Processing /home/airflow/.local/lib/python3.12/site-packages/airflow/example_dags/example_sla_dag.py took 0.206 seconds
[2024-12-06T21:55:06.218+0000] {processor.py:186} INFO - Started process (PID=1827) to work on /home/airflow/.local/lib/python3.12/site-packages/airflow/example_dags/example_sla_dag.py
[2024-12-06T21:55:06.219+0000] {processor.py:914} INFO - Processing file /home/airflow/.local/lib/python3.12/site-packages/airflow/example_dags/example_sla_dag.py for tasks to queue
[2024-12-06T21:55:06.224+0000] {logging_mixin.py:190} INFO - [2024-12-06T21:55:06.223+0000] {dagbag.py:588} INFO - Filling up the DagBag from /home/airflow/.local/lib/python3.12/site-packages/airflow/example_dags/example_sla_dag.py
[2024-12-06T21:55:06.242+0000] {processor.py:925} INFO - DAG(s) 'example_sla_dag' retrieved from /home/airflow/.local/lib/python3.12/site-packages/airflow/example_dags/example_sla_dag.py
[2024-12-06T21:55:06.272+0000] {logging_mixin.py:190} INFO - [2024-12-06T21:55:06.272+0000] {dag.py:3239} INFO - Sync 1 DAGs
[2024-12-06T21:55:06.314+0000] {logging_mixin.py:190} INFO - [2024-12-06T21:55:06.314+0000] {dag.py:4180} INFO - Setting next_dagrun for example_sla_dag to 2024-12-06 21:52:00+00:00, run_after=2024-12-06 21:54:00+00:00
[2024-12-06T21:55:06.343+0000] {processor.py:208} INFO - Processing /home/airflow/.local/lib/python3.12/site-packages/airflow/example_dags/example_sla_dag.py took 0.135 seconds
[2024-12-06T21:55:38.202+0000] {processor.py:186} INFO - Started process (PID=1889) to work on /home/airflow/.local/lib/python3.12/site-packages/airflow/example_dags/example_sla_dag.py
[2024-12-06T21:55:38.204+0000] {processor.py:914} INFO - Processing file /home/airflow/.local/lib/python3.12/site-packages/airflow/example_dags/example_sla_dag.py for tasks to queue
[2024-12-06T21:55:38.209+0000] {logging_mixin.py:190} INFO - [2024-12-06T21:55:38.208+0000] {dagbag.py:588} INFO - Filling up the DagBag from /home/airflow/.local/lib/python3.12/site-packages/airflow/example_dags/example_sla_dag.py
[2024-12-06T21:55:38.229+0000] {processor.py:925} INFO - DAG(s) 'example_sla_dag' retrieved from /home/airflow/.local/lib/python3.12/site-packages/airflow/example_dags/example_sla_dag.py
[2024-12-06T21:55:38.262+0000] {logging_mixin.py:190} INFO - [2024-12-06T21:55:38.262+0000] {dag.py:3239} INFO - Sync 1 DAGs
[2024-12-06T21:55:38.310+0000] {logging_mixin.py:190} INFO - [2024-12-06T21:55:38.310+0000] {dag.py:4180} INFO - Setting next_dagrun for example_sla_dag to 2024-12-06 21:52:00+00:00, run_after=2024-12-06 21:54:00+00:00
[2024-12-06T21:55:38.344+0000] {processor.py:208} INFO - Processing /home/airflow/.local/lib/python3.12/site-packages/airflow/example_dags/example_sla_dag.py took 0.155 seconds
[2024-12-06T21:56:10.460+0000] {processor.py:186} INFO - Started process (PID=1957) to work on /home/airflow/.local/lib/python3.12/site-packages/airflow/example_dags/example_sla_dag.py
[2024-12-06T21:56:10.462+0000] {processor.py:914} INFO - Processing file /home/airflow/.local/lib/python3.12/site-packages/airflow/example_dags/example_sla_dag.py for tasks to queue
[2024-12-06T21:56:10.468+0000] {logging_mixin.py:190} INFO - [2024-12-06T21:56:10.467+0000] {dagbag.py:588} INFO - Filling up the DagBag from /home/airflow/.local/lib/python3.12/site-packages/airflow/example_dags/example_sla_dag.py
[2024-12-06T21:56:10.487+0000] {processor.py:925} INFO - DAG(s) 'example_sla_dag' retrieved from /home/airflow/.local/lib/python3.12/site-packages/airflow/example_dags/example_sla_dag.py
[2024-12-06T21:56:10.524+0000] {logging_mixin.py:190} INFO - [2024-12-06T21:56:10.523+0000] {dag.py:3239} INFO - Sync 1 DAGs
[2024-12-06T21:56:10.569+0000] {logging_mixin.py:190} INFO - [2024-12-06T21:56:10.568+0000] {dag.py:4180} INFO - Setting next_dagrun for example_sla_dag to 2024-12-06 21:54:00+00:00, run_after=2024-12-06 21:56:00+00:00
[2024-12-06T21:56:10.605+0000] {processor.py:208} INFO - Processing /home/airflow/.local/lib/python3.12/site-packages/airflow/example_dags/example_sla_dag.py took 0.156 seconds
[2024-12-06T21:56:41.463+0000] {processor.py:186} INFO - Started process (PID=2020) to work on /home/airflow/.local/lib/python3.12/site-packages/airflow/example_dags/example_sla_dag.py
[2024-12-06T21:56:41.466+0000] {processor.py:914} INFO - Processing file /home/airflow/.local/lib/python3.12/site-packages/airflow/example_dags/example_sla_dag.py for tasks to queue
[2024-12-06T21:56:41.470+0000] {logging_mixin.py:190} INFO - [2024-12-06T21:56:41.469+0000] {dagbag.py:588} INFO - Filling up the DagBag from /home/airflow/.local/lib/python3.12/site-packages/airflow/example_dags/example_sla_dag.py
[2024-12-06T21:56:41.486+0000] {processor.py:925} INFO - DAG(s) 'example_sla_dag' retrieved from /home/airflow/.local/lib/python3.12/site-packages/airflow/example_dags/example_sla_dag.py
[2024-12-06T21:56:41.518+0000] {logging_mixin.py:190} INFO - [2024-12-06T21:56:41.517+0000] {dag.py:3239} INFO - Sync 1 DAGs
[2024-12-06T21:56:41.556+0000] {logging_mixin.py:190} INFO - [2024-12-06T21:56:41.556+0000] {dag.py:4180} INFO - Setting next_dagrun for example_sla_dag to 2024-12-06 21:54:00+00:00, run_after=2024-12-06 21:56:00+00:00
[2024-12-06T21:56:41.586+0000] {processor.py:208} INFO - Processing /home/airflow/.local/lib/python3.12/site-packages/airflow/example_dags/example_sla_dag.py took 0.132 seconds
[2024-12-06T21:57:13.149+0000] {processor.py:186} INFO - Started process (PID=2084) to work on /home/airflow/.local/lib/python3.12/site-packages/airflow/example_dags/example_sla_dag.py
[2024-12-06T21:57:13.150+0000] {processor.py:914} INFO - Processing file /home/airflow/.local/lib/python3.12/site-packages/airflow/example_dags/example_sla_dag.py for tasks to queue
[2024-12-06T21:57:13.155+0000] {logging_mixin.py:190} INFO - [2024-12-06T21:57:13.154+0000] {dagbag.py:588} INFO - Filling up the DagBag from /home/airflow/.local/lib/python3.12/site-packages/airflow/example_dags/example_sla_dag.py
[2024-12-06T21:57:13.171+0000] {processor.py:925} INFO - DAG(s) 'example_sla_dag' retrieved from /home/airflow/.local/lib/python3.12/site-packages/airflow/example_dags/example_sla_dag.py
[2024-12-06T21:57:13.197+0000] {logging_mixin.py:190} INFO - [2024-12-06T21:57:13.197+0000] {dag.py:3239} INFO - Sync 1 DAGs
[2024-12-06T21:57:13.233+0000] {logging_mixin.py:190} INFO - [2024-12-06T21:57:13.233+0000] {dag.py:4180} INFO - Setting next_dagrun for example_sla_dag to 2024-12-06 21:54:00+00:00, run_after=2024-12-06 21:56:00+00:00
[2024-12-06T21:57:13.262+0000] {processor.py:208} INFO - Processing /home/airflow/.local/lib/python3.12/site-packages/airflow/example_dags/example_sla_dag.py took 0.121 seconds
[2024-12-06T21:57:44.036+0000] {processor.py:186} INFO - Started process (PID=2147) to work on /home/airflow/.local/lib/python3.12/site-packages/airflow/example_dags/example_sla_dag.py
[2024-12-06T21:57:44.039+0000] {processor.py:914} INFO - Processing file /home/airflow/.local/lib/python3.12/site-packages/airflow/example_dags/example_sla_dag.py for tasks to queue
[2024-12-06T21:57:44.044+0000] {logging_mixin.py:190} INFO - [2024-12-06T21:57:44.043+0000] {dagbag.py:588} INFO - Filling up the DagBag from /home/airflow/.local/lib/python3.12/site-packages/airflow/example_dags/example_sla_dag.py
[2024-12-06T21:57:44.062+0000] {processor.py:925} INFO - DAG(s) 'example_sla_dag' retrieved from /home/airflow/.local/lib/python3.12/site-packages/airflow/example_dags/example_sla_dag.py
[2024-12-06T21:57:44.095+0000] {logging_mixin.py:190} INFO - [2024-12-06T21:57:44.095+0000] {dag.py:3239} INFO - Sync 1 DAGs
[2024-12-06T21:57:44.138+0000] {logging_mixin.py:190} INFO - [2024-12-06T21:57:44.137+0000] {dag.py:4180} INFO - Setting next_dagrun for example_sla_dag to 2024-12-06 21:54:00+00:00, run_after=2024-12-06 21:56:00+00:00
[2024-12-06T21:57:44.168+0000] {processor.py:208} INFO - Processing /home/airflow/.local/lib/python3.12/site-packages/airflow/example_dags/example_sla_dag.py took 0.141 seconds
[2024-12-06T21:58:15.183+0000] {processor.py:186} INFO - Started process (PID=2209) to work on /home/airflow/.local/lib/python3.12/site-packages/airflow/example_dags/example_sla_dag.py
[2024-12-06T21:58:15.184+0000] {processor.py:914} INFO - Processing file /home/airflow/.local/lib/python3.12/site-packages/airflow/example_dags/example_sla_dag.py for tasks to queue
[2024-12-06T21:58:15.188+0000] {logging_mixin.py:190} INFO - [2024-12-06T21:58:15.187+0000] {dagbag.py:588} INFO - Filling up the DagBag from /home/airflow/.local/lib/python3.12/site-packages/airflow/example_dags/example_sla_dag.py
[2024-12-06T21:58:15.204+0000] {processor.py:925} INFO - DAG(s) 'example_sla_dag' retrieved from /home/airflow/.local/lib/python3.12/site-packages/airflow/example_dags/example_sla_dag.py
[2024-12-06T21:58:15.235+0000] {logging_mixin.py:190} INFO - [2024-12-06T21:58:15.235+0000] {dag.py:3239} INFO - Sync 1 DAGs
[2024-12-06T21:58:15.285+0000] {logging_mixin.py:190} INFO - [2024-12-06T21:58:15.284+0000] {dag.py:4180} INFO - Setting next_dagrun for example_sla_dag to 2024-12-06 21:56:00+00:00, run_after=2024-12-06 21:58:00+00:00
[2024-12-06T21:58:15.315+0000] {processor.py:208} INFO - Processing /home/airflow/.local/lib/python3.12/site-packages/airflow/example_dags/example_sla_dag.py took 0.143 seconds
[2024-12-06T21:58:46.966+0000] {processor.py:186} INFO - Started process (PID=2272) to work on /home/airflow/.local/lib/python3.12/site-packages/airflow/example_dags/example_sla_dag.py
[2024-12-06T21:58:46.968+0000] {processor.py:914} INFO - Processing file /home/airflow/.local/lib/python3.12/site-packages/airflow/example_dags/example_sla_dag.py for tasks to queue
[2024-12-06T21:58:46.971+0000] {logging_mixin.py:190} INFO - [2024-12-06T21:58:46.971+0000] {dagbag.py:588} INFO - Filling up the DagBag from /home/airflow/.local/lib/python3.12/site-packages/airflow/example_dags/example_sla_dag.py
[2024-12-06T21:58:46.987+0000] {processor.py:925} INFO - DAG(s) 'example_sla_dag' retrieved from /home/airflow/.local/lib/python3.12/site-packages/airflow/example_dags/example_sla_dag.py
[2024-12-06T21:58:47.017+0000] {logging_mixin.py:190} INFO - [2024-12-06T21:58:47.017+0000] {dag.py:3239} INFO - Sync 1 DAGs
[2024-12-06T21:58:47.055+0000] {logging_mixin.py:190} INFO - [2024-12-06T21:58:47.055+0000] {dag.py:4180} INFO - Setting next_dagrun for example_sla_dag to 2024-12-06 21:56:00+00:00, run_after=2024-12-06 21:58:00+00:00
[2024-12-06T21:58:47.083+0000] {processor.py:208} INFO - Processing /home/airflow/.local/lib/python3.12/site-packages/airflow/example_dags/example_sla_dag.py took 0.127 seconds
[2024-12-06T21:59:18.724+0000] {processor.py:186} INFO - Started process (PID=2341) to work on /home/airflow/.local/lib/python3.12/site-packages/airflow/example_dags/example_sla_dag.py
[2024-12-06T21:59:18.726+0000] {processor.py:914} INFO - Processing file /home/airflow/.local/lib/python3.12/site-packages/airflow/example_dags/example_sla_dag.py for tasks to queue
[2024-12-06T21:59:18.729+0000] {logging_mixin.py:190} INFO - [2024-12-06T21:59:18.729+0000] {dagbag.py:588} INFO - Filling up the DagBag from /home/airflow/.local/lib/python3.12/site-packages/airflow/example_dags/example_sla_dag.py
[2024-12-06T21:59:18.750+0000] {processor.py:925} INFO - DAG(s) 'example_sla_dag' retrieved from /home/airflow/.local/lib/python3.12/site-packages/airflow/example_dags/example_sla_dag.py
[2024-12-06T21:59:18.782+0000] {logging_mixin.py:190} INFO - [2024-12-06T21:59:18.781+0000] {dag.py:3239} INFO - Sync 1 DAGs
[2024-12-06T21:59:18.826+0000] {logging_mixin.py:190} INFO - [2024-12-06T21:59:18.826+0000] {dag.py:4180} INFO - Setting next_dagrun for example_sla_dag to 2024-12-06 21:56:00+00:00, run_after=2024-12-06 21:58:00+00:00
[2024-12-06T21:59:18.858+0000] {processor.py:208} INFO - Processing /home/airflow/.local/lib/python3.12/site-packages/airflow/example_dags/example_sla_dag.py took 0.145 seconds
[2024-12-06T21:59:51.118+0000] {processor.py:186} INFO - Started process (PID=2404) to work on /home/airflow/.local/lib/python3.12/site-packages/airflow/example_dags/example_sla_dag.py
[2024-12-06T21:59:51.120+0000] {processor.py:914} INFO - Processing file /home/airflow/.local/lib/python3.12/site-packages/airflow/example_dags/example_sla_dag.py for tasks to queue
[2024-12-06T21:59:51.124+0000] {logging_mixin.py:190} INFO - [2024-12-06T21:59:51.124+0000] {dagbag.py:588} INFO - Filling up the DagBag from /home/airflow/.local/lib/python3.12/site-packages/airflow/example_dags/example_sla_dag.py
[2024-12-06T21:59:51.143+0000] {processor.py:925} INFO - DAG(s) 'example_sla_dag' retrieved from /home/airflow/.local/lib/python3.12/site-packages/airflow/example_dags/example_sla_dag.py
[2024-12-06T21:59:51.177+0000] {logging_mixin.py:190} INFO - [2024-12-06T21:59:51.177+0000] {dag.py:3239} INFO - Sync 1 DAGs
[2024-12-06T21:59:51.224+0000] {logging_mixin.py:190} INFO - [2024-12-06T21:59:51.223+0000] {dag.py:4180} INFO - Setting next_dagrun for example_sla_dag to 2024-12-06 21:56:00+00:00, run_after=2024-12-06 21:58:00+00:00
[2024-12-06T21:59:51.256+0000] {processor.py:208} INFO - Processing /home/airflow/.local/lib/python3.12/site-packages/airflow/example_dags/example_sla_dag.py took 0.150 seconds
[2024-12-06T22:00:23.628+0000] {processor.py:186} INFO - Started process (PID=2467) to work on /home/airflow/.local/lib/python3.12/site-packages/airflow/example_dags/example_sla_dag.py
[2024-12-06T22:00:23.630+0000] {processor.py:914} INFO - Processing file /home/airflow/.local/lib/python3.12/site-packages/airflow/example_dags/example_sla_dag.py for tasks to queue
[2024-12-06T22:00:23.634+0000] {logging_mixin.py:190} INFO - [2024-12-06T22:00:23.633+0000] {dagbag.py:588} INFO - Filling up the DagBag from /home/airflow/.local/lib/python3.12/site-packages/airflow/example_dags/example_sla_dag.py
[2024-12-06T22:00:23.650+0000] {processor.py:925} INFO - DAG(s) 'example_sla_dag' retrieved from /home/airflow/.local/lib/python3.12/site-packages/airflow/example_dags/example_sla_dag.py
[2024-12-06T22:00:23.680+0000] {logging_mixin.py:190} INFO - [2024-12-06T22:00:23.680+0000] {dag.py:3239} INFO - Sync 1 DAGs
[2024-12-06T22:00:23.718+0000] {logging_mixin.py:190} INFO - [2024-12-06T22:00:23.717+0000] {dag.py:4180} INFO - Setting next_dagrun for example_sla_dag to 2024-12-06 21:58:00+00:00, run_after=2024-12-06 22:00:00+00:00
[2024-12-06T22:00:23.748+0000] {processor.py:208} INFO - Processing /home/airflow/.local/lib/python3.12/site-packages/airflow/example_dags/example_sla_dag.py took 0.131 seconds
[2024-12-06T22:00:55.114+0000] {processor.py:186} INFO - Started process (PID=2530) to work on /home/airflow/.local/lib/python3.12/site-packages/airflow/example_dags/example_sla_dag.py
[2024-12-06T22:00:55.115+0000] {processor.py:914} INFO - Processing file /home/airflow/.local/lib/python3.12/site-packages/airflow/example_dags/example_sla_dag.py for tasks to queue
[2024-12-06T22:00:55.118+0000] {logging_mixin.py:190} INFO - [2024-12-06T22:00:55.118+0000] {dagbag.py:588} INFO - Filling up the DagBag from /home/airflow/.local/lib/python3.12/site-packages/airflow/example_dags/example_sla_dag.py
[2024-12-06T22:00:55.134+0000] {processor.py:925} INFO - DAG(s) 'example_sla_dag' retrieved from /home/airflow/.local/lib/python3.12/site-packages/airflow/example_dags/example_sla_dag.py
[2024-12-06T22:00:55.161+0000] {logging_mixin.py:190} INFO - [2024-12-06T22:00:55.161+0000] {dag.py:3239} INFO - Sync 1 DAGs
[2024-12-06T22:00:55.196+0000] {logging_mixin.py:190} INFO - [2024-12-06T22:00:55.196+0000] {dag.py:4180} INFO - Setting next_dagrun for example_sla_dag to 2024-12-06 21:58:00+00:00, run_after=2024-12-06 22:00:00+00:00
[2024-12-06T22:00:55.221+0000] {processor.py:208} INFO - Processing /home/airflow/.local/lib/python3.12/site-packages/airflow/example_dags/example_sla_dag.py took 0.116 seconds
[2024-12-06T22:01:26.273+0000] {processor.py:186} INFO - Started process (PID=2593) to work on /home/airflow/.local/lib/python3.12/site-packages/airflow/example_dags/example_sla_dag.py
[2024-12-06T22:01:26.274+0000] {processor.py:914} INFO - Processing file /home/airflow/.local/lib/python3.12/site-packages/airflow/example_dags/example_sla_dag.py for tasks to queue
[2024-12-06T22:01:26.279+0000] {logging_mixin.py:190} INFO - [2024-12-06T22:01:26.279+0000] {dagbag.py:588} INFO - Filling up the DagBag from /home/airflow/.local/lib/python3.12/site-packages/airflow/example_dags/example_sla_dag.py
[2024-12-06T22:01:26.295+0000] {processor.py:925} INFO - DAG(s) 'example_sla_dag' retrieved from /home/airflow/.local/lib/python3.12/site-packages/airflow/example_dags/example_sla_dag.py
[2024-12-06T22:01:26.323+0000] {logging_mixin.py:190} INFO - [2024-12-06T22:01:26.323+0000] {dag.py:3239} INFO - Sync 1 DAGs
[2024-12-06T22:01:26.362+0000] {logging_mixin.py:190} INFO - [2024-12-06T22:01:26.361+0000] {dag.py:4180} INFO - Setting next_dagrun for example_sla_dag to 2024-12-06 21:58:00+00:00, run_after=2024-12-06 22:00:00+00:00
[2024-12-06T22:01:26.389+0000] {processor.py:208} INFO - Processing /home/airflow/.local/lib/python3.12/site-packages/airflow/example_dags/example_sla_dag.py took 0.125 seconds
[2024-12-06T22:01:58.213+0000] {processor.py:186} INFO - Started process (PID=2656) to work on /home/airflow/.local/lib/python3.12/site-packages/airflow/example_dags/example_sla_dag.py
[2024-12-06T22:01:58.215+0000] {processor.py:914} INFO - Processing file /home/airflow/.local/lib/python3.12/site-packages/airflow/example_dags/example_sla_dag.py for tasks to queue
[2024-12-06T22:01:58.218+0000] {logging_mixin.py:190} INFO - [2024-12-06T22:01:58.218+0000] {dagbag.py:588} INFO - Filling up the DagBag from /home/airflow/.local/lib/python3.12/site-packages/airflow/example_dags/example_sla_dag.py
[2024-12-06T22:01:58.234+0000] {processor.py:925} INFO - DAG(s) 'example_sla_dag' retrieved from /home/airflow/.local/lib/python3.12/site-packages/airflow/example_dags/example_sla_dag.py
[2024-12-06T22:01:58.264+0000] {logging_mixin.py:190} INFO - [2024-12-06T22:01:58.263+0000] {dag.py:3239} INFO - Sync 1 DAGs
[2024-12-06T22:01:58.308+0000] {logging_mixin.py:190} INFO - [2024-12-06T22:01:58.307+0000] {dag.py:4180} INFO - Setting next_dagrun for example_sla_dag to 2024-12-06 21:58:00+00:00, run_after=2024-12-06 22:00:00+00:00
[2024-12-06T22:01:58.338+0000] {processor.py:208} INFO - Processing /home/airflow/.local/lib/python3.12/site-packages/airflow/example_dags/example_sla_dag.py took 0.135 seconds
[2024-12-06T22:02:30.135+0000] {processor.py:186} INFO - Started process (PID=2719) to work on /home/airflow/.local/lib/python3.12/site-packages/airflow/example_dags/example_sla_dag.py
[2024-12-06T22:02:30.137+0000] {processor.py:914} INFO - Processing file /home/airflow/.local/lib/python3.12/site-packages/airflow/example_dags/example_sla_dag.py for tasks to queue
[2024-12-06T22:02:30.142+0000] {logging_mixin.py:190} INFO - [2024-12-06T22:02:30.141+0000] {dagbag.py:588} INFO - Filling up the DagBag from /home/airflow/.local/lib/python3.12/site-packages/airflow/example_dags/example_sla_dag.py
[2024-12-06T22:02:30.162+0000] {processor.py:925} INFO - DAG(s) 'example_sla_dag' retrieved from /home/airflow/.local/lib/python3.12/site-packages/airflow/example_dags/example_sla_dag.py
[2024-12-06T22:02:30.194+0000] {logging_mixin.py:190} INFO - [2024-12-06T22:02:30.194+0000] {dag.py:3239} INFO - Sync 1 DAGs
[2024-12-06T22:02:30.234+0000] {logging_mixin.py:190} INFO - [2024-12-06T22:02:30.233+0000] {dag.py:4180} INFO - Setting next_dagrun for example_sla_dag to 2024-12-06 22:00:00+00:00, run_after=2024-12-06 22:02:00+00:00
[2024-12-06T22:02:30.263+0000] {processor.py:208} INFO - Processing /home/airflow/.local/lib/python3.12/site-packages/airflow/example_dags/example_sla_dag.py took 0.138 seconds
[2024-12-06T22:03:02.439+0000] {processor.py:186} INFO - Started process (PID=2782) to work on /home/airflow/.local/lib/python3.12/site-packages/airflow/example_dags/example_sla_dag.py
[2024-12-06T22:03:02.441+0000] {processor.py:914} INFO - Processing file /home/airflow/.local/lib/python3.12/site-packages/airflow/example_dags/example_sla_dag.py for tasks to queue
[2024-12-06T22:03:02.445+0000] {logging_mixin.py:190} INFO - [2024-12-06T22:03:02.444+0000] {dagbag.py:588} INFO - Filling up the DagBag from /home/airflow/.local/lib/python3.12/site-packages/airflow/example_dags/example_sla_dag.py
[2024-12-06T22:03:02.460+0000] {processor.py:925} INFO - DAG(s) 'example_sla_dag' retrieved from /home/airflow/.local/lib/python3.12/site-packages/airflow/example_dags/example_sla_dag.py
[2024-12-06T22:03:02.490+0000] {logging_mixin.py:190} INFO - [2024-12-06T22:03:02.489+0000] {dag.py:3239} INFO - Sync 1 DAGs
[2024-12-06T22:03:02.528+0000] {logging_mixin.py:190} INFO - [2024-12-06T22:03:02.528+0000] {dag.py:4180} INFO - Setting next_dagrun for example_sla_dag to 2024-12-06 22:00:00+00:00, run_after=2024-12-06 22:02:00+00:00
[2024-12-06T22:03:02.556+0000] {processor.py:208} INFO - Processing /home/airflow/.local/lib/python3.12/site-packages/airflow/example_dags/example_sla_dag.py took 0.126 seconds
[2024-12-06T22:03:35.285+0000] {processor.py:186} INFO - Started process (PID=2845) to work on /home/airflow/.local/lib/python3.12/site-packages/airflow/example_dags/example_sla_dag.py
[2024-12-06T22:03:35.287+0000] {processor.py:914} INFO - Processing file /home/airflow/.local/lib/python3.12/site-packages/airflow/example_dags/example_sla_dag.py for tasks to queue
[2024-12-06T22:03:35.292+0000] {logging_mixin.py:190} INFO - [2024-12-06T22:03:35.292+0000] {dagbag.py:588} INFO - Filling up the DagBag from /home/airflow/.local/lib/python3.12/site-packages/airflow/example_dags/example_sla_dag.py
[2024-12-06T22:03:35.306+0000] {processor.py:925} INFO - DAG(s) 'example_sla_dag' retrieved from /home/airflow/.local/lib/python3.12/site-packages/airflow/example_dags/example_sla_dag.py
[2024-12-06T22:03:35.333+0000] {logging_mixin.py:190} INFO - [2024-12-06T22:03:35.332+0000] {dag.py:3239} INFO - Sync 1 DAGs
[2024-12-06T22:03:35.369+0000] {logging_mixin.py:190} INFO - [2024-12-06T22:03:35.369+0000] {dag.py:4180} INFO - Setting next_dagrun for example_sla_dag to 2024-12-06 22:00:00+00:00, run_after=2024-12-06 22:02:00+00:00
[2024-12-06T22:03:35.397+0000] {processor.py:208} INFO - Processing /home/airflow/.local/lib/python3.12/site-packages/airflow/example_dags/example_sla_dag.py took 0.120 seconds
[2024-12-06T22:04:06.264+0000] {processor.py:186} INFO - Started process (PID=2908) to work on /home/airflow/.local/lib/python3.12/site-packages/airflow/example_dags/example_sla_dag.py
[2024-12-06T22:04:06.265+0000] {processor.py:914} INFO - Processing file /home/airflow/.local/lib/python3.12/site-packages/airflow/example_dags/example_sla_dag.py for tasks to queue
[2024-12-06T22:04:06.269+0000] {logging_mixin.py:190} INFO - [2024-12-06T22:04:06.268+0000] {dagbag.py:588} INFO - Filling up the DagBag from /home/airflow/.local/lib/python3.12/site-packages/airflow/example_dags/example_sla_dag.py
[2024-12-06T22:04:06.284+0000] {processor.py:925} INFO - DAG(s) 'example_sla_dag' retrieved from /home/airflow/.local/lib/python3.12/site-packages/airflow/example_dags/example_sla_dag.py
[2024-12-06T22:04:06.312+0000] {logging_mixin.py:190} INFO - [2024-12-06T22:04:06.311+0000] {dag.py:3239} INFO - Sync 1 DAGs
[2024-12-06T22:04:06.348+0000] {logging_mixin.py:190} INFO - [2024-12-06T22:04:06.348+0000] {dag.py:4180} INFO - Setting next_dagrun for example_sla_dag to 2024-12-06 22:02:00+00:00, run_after=2024-12-06 22:04:00+00:00
[2024-12-06T22:04:06.372+0000] {processor.py:208} INFO - Processing /home/airflow/.local/lib/python3.12/site-packages/airflow/example_dags/example_sla_dag.py took 0.118 seconds
[2024-12-06T22:04:37.357+0000] {processor.py:186} INFO - Started process (PID=2971) to work on /home/airflow/.local/lib/python3.12/site-packages/airflow/example_dags/example_sla_dag.py
[2024-12-06T22:04:37.359+0000] {processor.py:914} INFO - Processing file /home/airflow/.local/lib/python3.12/site-packages/airflow/example_dags/example_sla_dag.py for tasks to queue
[2024-12-06T22:04:37.364+0000] {logging_mixin.py:190} INFO - [2024-12-06T22:04:37.363+0000] {dagbag.py:588} INFO - Filling up the DagBag from /home/airflow/.local/lib/python3.12/site-packages/airflow/example_dags/example_sla_dag.py
[2024-12-06T22:04:37.381+0000] {processor.py:925} INFO - DAG(s) 'example_sla_dag' retrieved from /home/airflow/.local/lib/python3.12/site-packages/airflow/example_dags/example_sla_dag.py
[2024-12-06T22:04:37.411+0000] {logging_mixin.py:190} INFO - [2024-12-06T22:04:37.410+0000] {dag.py:3239} INFO - Sync 1 DAGs
[2024-12-06T22:04:37.451+0000] {logging_mixin.py:190} INFO - [2024-12-06T22:04:37.451+0000] {dag.py:4180} INFO - Setting next_dagrun for example_sla_dag to 2024-12-06 22:02:00+00:00, run_after=2024-12-06 22:04:00+00:00
[2024-12-06T22:04:37.478+0000] {processor.py:208} INFO - Processing /home/airflow/.local/lib/python3.12/site-packages/airflow/example_dags/example_sla_dag.py took 0.130 seconds
[2024-12-06T22:05:09.486+0000] {processor.py:186} INFO - Started process (PID=3038) to work on /home/airflow/.local/lib/python3.12/site-packages/airflow/example_dags/example_sla_dag.py
[2024-12-06T22:05:09.488+0000] {processor.py:914} INFO - Processing file /home/airflow/.local/lib/python3.12/site-packages/airflow/example_dags/example_sla_dag.py for tasks to queue
[2024-12-06T22:05:09.491+0000] {logging_mixin.py:190} INFO - [2024-12-06T22:05:09.491+0000] {dagbag.py:588} INFO - Filling up the DagBag from /home/airflow/.local/lib/python3.12/site-packages/airflow/example_dags/example_sla_dag.py
[2024-12-06T22:05:09.508+0000] {processor.py:925} INFO - DAG(s) 'example_sla_dag' retrieved from /home/airflow/.local/lib/python3.12/site-packages/airflow/example_dags/example_sla_dag.py
[2024-12-06T22:05:09.536+0000] {logging_mixin.py:190} INFO - [2024-12-06T22:05:09.536+0000] {dag.py:3239} INFO - Sync 1 DAGs
[2024-12-06T22:05:09.571+0000] {logging_mixin.py:190} INFO - [2024-12-06T22:05:09.571+0000] {dag.py:4180} INFO - Setting next_dagrun for example_sla_dag to 2024-12-06 22:02:00+00:00, run_after=2024-12-06 22:04:00+00:00
[2024-12-06T22:05:09.595+0000] {processor.py:208} INFO - Processing /home/airflow/.local/lib/python3.12/site-packages/airflow/example_dags/example_sla_dag.py took 0.119 seconds
[2024-12-06T22:05:41.142+0000] {processor.py:186} INFO - Started process (PID=3101) to work on /home/airflow/.local/lib/python3.12/site-packages/airflow/example_dags/example_sla_dag.py
[2024-12-06T22:05:41.143+0000] {processor.py:914} INFO - Processing file /home/airflow/.local/lib/python3.12/site-packages/airflow/example_dags/example_sla_dag.py for tasks to queue
[2024-12-06T22:05:41.147+0000] {logging_mixin.py:190} INFO - [2024-12-06T22:05:41.146+0000] {dagbag.py:588} INFO - Filling up the DagBag from /home/airflow/.local/lib/python3.12/site-packages/airflow/example_dags/example_sla_dag.py
[2024-12-06T22:05:41.163+0000] {processor.py:925} INFO - DAG(s) 'example_sla_dag' retrieved from /home/airflow/.local/lib/python3.12/site-packages/airflow/example_dags/example_sla_dag.py
[2024-12-06T22:05:41.191+0000] {logging_mixin.py:190} INFO - [2024-12-06T22:05:41.191+0000] {dag.py:3239} INFO - Sync 1 DAGs
[2024-12-06T22:05:41.229+0000] {logging_mixin.py:190} INFO - [2024-12-06T22:05:41.228+0000] {dag.py:4180} INFO - Setting next_dagrun for example_sla_dag to 2024-12-06 22:02:00+00:00, run_after=2024-12-06 22:04:00+00:00
[2024-12-06T22:05:41.256+0000] {processor.py:208} INFO - Processing /home/airflow/.local/lib/python3.12/site-packages/airflow/example_dags/example_sla_dag.py took 0.125 seconds
[2024-12-06T22:06:13.250+0000] {processor.py:186} INFO - Started process (PID=3164) to work on /home/airflow/.local/lib/python3.12/site-packages/airflow/example_dags/example_sla_dag.py
[2024-12-06T22:06:13.252+0000] {processor.py:914} INFO - Processing file /home/airflow/.local/lib/python3.12/site-packages/airflow/example_dags/example_sla_dag.py for tasks to queue
[2024-12-06T22:06:13.255+0000] {logging_mixin.py:190} INFO - [2024-12-06T22:06:13.254+0000] {dagbag.py:588} INFO - Filling up the DagBag from /home/airflow/.local/lib/python3.12/site-packages/airflow/example_dags/example_sla_dag.py
[2024-12-06T22:06:13.271+0000] {processor.py:925} INFO - DAG(s) 'example_sla_dag' retrieved from /home/airflow/.local/lib/python3.12/site-packages/airflow/example_dags/example_sla_dag.py
[2024-12-06T22:06:13.303+0000] {logging_mixin.py:190} INFO - [2024-12-06T22:06:13.302+0000] {dag.py:3239} INFO - Sync 1 DAGs
[2024-12-06T22:06:13.338+0000] {logging_mixin.py:190} INFO - [2024-12-06T22:06:13.338+0000] {dag.py:4180} INFO - Setting next_dagrun for example_sla_dag to 2024-12-06 22:04:00+00:00, run_after=2024-12-06 22:06:00+00:00
[2024-12-06T22:06:13.369+0000] {processor.py:208} INFO - Processing /home/airflow/.local/lib/python3.12/site-packages/airflow/example_dags/example_sla_dag.py took 0.127 seconds
[2024-12-06T22:06:44.658+0000] {processor.py:186} INFO - Started process (PID=3227) to work on /home/airflow/.local/lib/python3.12/site-packages/airflow/example_dags/example_sla_dag.py
[2024-12-06T22:06:44.661+0000] {processor.py:914} INFO - Processing file /home/airflow/.local/lib/python3.12/site-packages/airflow/example_dags/example_sla_dag.py for tasks to queue
[2024-12-06T22:06:44.664+0000] {logging_mixin.py:190} INFO - [2024-12-06T22:06:44.664+0000] {dagbag.py:588} INFO - Filling up the DagBag from /home/airflow/.local/lib/python3.12/site-packages/airflow/example_dags/example_sla_dag.py
[2024-12-06T22:06:44.682+0000] {processor.py:925} INFO - DAG(s) 'example_sla_dag' retrieved from /home/airflow/.local/lib/python3.12/site-packages/airflow/example_dags/example_sla_dag.py
[2024-12-06T22:06:44.713+0000] {logging_mixin.py:190} INFO - [2024-12-06T22:06:44.712+0000] {dag.py:3239} INFO - Sync 1 DAGs
[2024-12-06T22:06:44.752+0000] {logging_mixin.py:190} INFO - [2024-12-06T22:06:44.751+0000] {dag.py:4180} INFO - Setting next_dagrun for example_sla_dag to 2024-12-06 22:04:00+00:00, run_after=2024-12-06 22:06:00+00:00
[2024-12-06T22:06:44.782+0000] {processor.py:208} INFO - Processing /home/airflow/.local/lib/python3.12/site-packages/airflow/example_dags/example_sla_dag.py took 0.133 seconds
[2024-12-06T22:07:17.436+0000] {processor.py:186} INFO - Started process (PID=3290) to work on /home/airflow/.local/lib/python3.12/site-packages/airflow/example_dags/example_sla_dag.py
[2024-12-06T22:07:17.438+0000] {processor.py:914} INFO - Processing file /home/airflow/.local/lib/python3.12/site-packages/airflow/example_dags/example_sla_dag.py for tasks to queue
[2024-12-06T22:07:17.442+0000] {logging_mixin.py:190} INFO - [2024-12-06T22:07:17.441+0000] {dagbag.py:588} INFO - Filling up the DagBag from /home/airflow/.local/lib/python3.12/site-packages/airflow/example_dags/example_sla_dag.py
[2024-12-06T22:07:17.462+0000] {processor.py:925} INFO - DAG(s) 'example_sla_dag' retrieved from /home/airflow/.local/lib/python3.12/site-packages/airflow/example_dags/example_sla_dag.py
[2024-12-06T22:07:17.497+0000] {logging_mixin.py:190} INFO - [2024-12-06T22:07:17.497+0000] {dag.py:3239} INFO - Sync 1 DAGs
[2024-12-06T22:07:17.551+0000] {logging_mixin.py:190} INFO - [2024-12-06T22:07:17.550+0000] {dag.py:4180} INFO - Setting next_dagrun for example_sla_dag to 2024-12-06 22:04:00+00:00, run_after=2024-12-06 22:06:00+00:00
[2024-12-06T22:07:17.815+0000] {processor.py:208} INFO - Processing /home/airflow/.local/lib/python3.12/site-packages/airflow/example_dags/example_sla_dag.py took 0.391 seconds
[2024-12-06T22:07:49.697+0000] {processor.py:186} INFO - Started process (PID=3356) to work on /home/airflow/.local/lib/python3.12/site-packages/airflow/example_dags/example_sla_dag.py
[2024-12-06T22:07:49.699+0000] {processor.py:914} INFO - Processing file /home/airflow/.local/lib/python3.12/site-packages/airflow/example_dags/example_sla_dag.py for tasks to queue
[2024-12-06T22:07:49.704+0000] {logging_mixin.py:190} INFO - [2024-12-06T22:07:49.704+0000] {dagbag.py:588} INFO - Filling up the DagBag from /home/airflow/.local/lib/python3.12/site-packages/airflow/example_dags/example_sla_dag.py
[2024-12-06T22:07:49.725+0000] {processor.py:925} INFO - DAG(s) 'example_sla_dag' retrieved from /home/airflow/.local/lib/python3.12/site-packages/airflow/example_dags/example_sla_dag.py
[2024-12-06T22:07:49.771+0000] {logging_mixin.py:190} INFO - [2024-12-06T22:07:49.770+0000] {dag.py:3239} INFO - Sync 1 DAGs
[2024-12-06T22:07:49.821+0000] {logging_mixin.py:190} INFO - [2024-12-06T22:07:49.821+0000] {dag.py:4180} INFO - Setting next_dagrun for example_sla_dag to 2024-12-06 22:04:00+00:00, run_after=2024-12-06 22:06:00+00:00
[2024-12-06T22:07:49.857+0000] {processor.py:208} INFO - Processing /home/airflow/.local/lib/python3.12/site-packages/airflow/example_dags/example_sla_dag.py took 0.172 seconds
[2024-12-06T22:08:20.725+0000] {processor.py:186} INFO - Started process (PID=3425) to work on /home/airflow/.local/lib/python3.12/site-packages/airflow/example_dags/example_sla_dag.py
[2024-12-06T22:08:20.726+0000] {processor.py:914} INFO - Processing file /home/airflow/.local/lib/python3.12/site-packages/airflow/example_dags/example_sla_dag.py for tasks to queue
[2024-12-06T22:08:20.730+0000] {logging_mixin.py:190} INFO - [2024-12-06T22:08:20.729+0000] {dagbag.py:588} INFO - Filling up the DagBag from /home/airflow/.local/lib/python3.12/site-packages/airflow/example_dags/example_sla_dag.py
[2024-12-06T22:08:20.746+0000] {processor.py:925} INFO - DAG(s) 'example_sla_dag' retrieved from /home/airflow/.local/lib/python3.12/site-packages/airflow/example_dags/example_sla_dag.py
[2024-12-06T22:08:20.774+0000] {logging_mixin.py:190} INFO - [2024-12-06T22:08:20.774+0000] {dag.py:3239} INFO - Sync 1 DAGs
[2024-12-06T22:08:20.811+0000] {logging_mixin.py:190} INFO - [2024-12-06T22:08:20.811+0000] {dag.py:4180} INFO - Setting next_dagrun for example_sla_dag to 2024-12-06 22:06:00+00:00, run_after=2024-12-06 22:08:00+00:00
[2024-12-06T22:08:20.842+0000] {processor.py:208} INFO - Processing /home/airflow/.local/lib/python3.12/site-packages/airflow/example_dags/example_sla_dag.py took 0.126 seconds
[2024-12-06T22:08:55.788+0000] {processor.py:186} INFO - Started process (PID=3488) to work on /home/airflow/.local/lib/python3.12/site-packages/airflow/example_dags/example_sla_dag.py
[2024-12-06T22:08:55.791+0000] {processor.py:914} INFO - Processing file /home/airflow/.local/lib/python3.12/site-packages/airflow/example_dags/example_sla_dag.py for tasks to queue
[2024-12-06T22:08:55.796+0000] {logging_mixin.py:190} INFO - [2024-12-06T22:08:55.795+0000] {dagbag.py:588} INFO - Filling up the DagBag from /home/airflow/.local/lib/python3.12/site-packages/airflow/example_dags/example_sla_dag.py
[2024-12-06T22:08:55.814+0000] {processor.py:925} INFO - DAG(s) 'example_sla_dag' retrieved from /home/airflow/.local/lib/python3.12/site-packages/airflow/example_dags/example_sla_dag.py
[2024-12-06T22:08:55.849+0000] {logging_mixin.py:190} INFO - [2024-12-06T22:08:55.848+0000] {dag.py:3239} INFO - Sync 1 DAGs
[2024-12-06T22:08:55.904+0000] {logging_mixin.py:190} INFO - [2024-12-06T22:08:55.903+0000] {dag.py:4180} INFO - Setting next_dagrun for example_sla_dag to 2024-12-06 22:06:00+00:00, run_after=2024-12-06 22:08:00+00:00
[2024-12-06T22:08:55.938+0000] {processor.py:208} INFO - Processing /home/airflow/.local/lib/python3.12/site-packages/airflow/example_dags/example_sla_dag.py took 0.160 seconds
[2024-12-06T22:09:26.271+0000] {processor.py:186} INFO - Started process (PID=3551) to work on /home/airflow/.local/lib/python3.12/site-packages/airflow/example_dags/example_sla_dag.py
[2024-12-06T22:09:26.272+0000] {processor.py:914} INFO - Processing file /home/airflow/.local/lib/python3.12/site-packages/airflow/example_dags/example_sla_dag.py for tasks to queue
[2024-12-06T22:09:26.278+0000] {logging_mixin.py:190} INFO - [2024-12-06T22:09:26.278+0000] {dagbag.py:588} INFO - Filling up the DagBag from /home/airflow/.local/lib/python3.12/site-packages/airflow/example_dags/example_sla_dag.py
[2024-12-06T22:09:26.296+0000] {processor.py:925} INFO - DAG(s) 'example_sla_dag' retrieved from /home/airflow/.local/lib/python3.12/site-packages/airflow/example_dags/example_sla_dag.py
[2024-12-06T22:09:26.327+0000] {logging_mixin.py:190} INFO - [2024-12-06T22:09:26.326+0000] {dag.py:3239} INFO - Sync 1 DAGs
[2024-12-06T22:09:26.371+0000] {logging_mixin.py:190} INFO - [2024-12-06T22:09:26.370+0000] {dag.py:4180} INFO - Setting next_dagrun for example_sla_dag to 2024-12-06 22:06:00+00:00, run_after=2024-12-06 22:08:00+00:00
[2024-12-06T22:09:26.406+0000] {processor.py:208} INFO - Processing /home/airflow/.local/lib/python3.12/site-packages/airflow/example_dags/example_sla_dag.py took 0.144 seconds
[2024-12-06T22:09:57.189+0000] {processor.py:186} INFO - Started process (PID=3614) to work on /home/airflow/.local/lib/python3.12/site-packages/airflow/example_dags/example_sla_dag.py
[2024-12-06T22:09:57.190+0000] {processor.py:914} INFO - Processing file /home/airflow/.local/lib/python3.12/site-packages/airflow/example_dags/example_sla_dag.py for tasks to queue
[2024-12-06T22:09:57.196+0000] {logging_mixin.py:190} INFO - [2024-12-06T22:09:57.195+0000] {dagbag.py:588} INFO - Filling up the DagBag from /home/airflow/.local/lib/python3.12/site-packages/airflow/example_dags/example_sla_dag.py
[2024-12-06T22:09:57.222+0000] {processor.py:925} INFO - DAG(s) 'example_sla_dag' retrieved from /home/airflow/.local/lib/python3.12/site-packages/airflow/example_dags/example_sla_dag.py
[2024-12-06T22:09:57.255+0000] {logging_mixin.py:190} INFO - [2024-12-06T22:09:57.255+0000] {dag.py:3239} INFO - Sync 1 DAGs
[2024-12-06T22:09:57.300+0000] {logging_mixin.py:190} INFO - [2024-12-06T22:09:57.300+0000] {dag.py:4180} INFO - Setting next_dagrun for example_sla_dag to 2024-12-06 22:06:00+00:00, run_after=2024-12-06 22:08:00+00:00
[2024-12-06T22:09:57.332+0000] {processor.py:208} INFO - Processing /home/airflow/.local/lib/python3.12/site-packages/airflow/example_dags/example_sla_dag.py took 0.154 seconds
[2024-12-06T22:10:28.139+0000] {processor.py:186} INFO - Started process (PID=3677) to work on /home/airflow/.local/lib/python3.12/site-packages/airflow/example_dags/example_sla_dag.py
[2024-12-06T22:10:28.141+0000] {processor.py:914} INFO - Processing file /home/airflow/.local/lib/python3.12/site-packages/airflow/example_dags/example_sla_dag.py for tasks to queue
[2024-12-06T22:10:28.145+0000] {logging_mixin.py:190} INFO - [2024-12-06T22:10:28.144+0000] {dagbag.py:588} INFO - Filling up the DagBag from /home/airflow/.local/lib/python3.12/site-packages/airflow/example_dags/example_sla_dag.py
[2024-12-06T22:10:28.163+0000] {processor.py:925} INFO - DAG(s) 'example_sla_dag' retrieved from /home/airflow/.local/lib/python3.12/site-packages/airflow/example_dags/example_sla_dag.py
[2024-12-06T22:10:28.198+0000] {logging_mixin.py:190} INFO - [2024-12-06T22:10:28.196+0000] {dag.py:3239} INFO - Sync 1 DAGs
[2024-12-06T22:10:28.244+0000] {logging_mixin.py:190} INFO - [2024-12-06T22:10:28.244+0000] {dag.py:4180} INFO - Setting next_dagrun for example_sla_dag to 2024-12-06 22:08:00+00:00, run_after=2024-12-06 22:10:00+00:00
[2024-12-06T22:10:28.279+0000] {processor.py:208} INFO - Processing /home/airflow/.local/lib/python3.12/site-packages/airflow/example_dags/example_sla_dag.py took 0.151 seconds
[2024-12-06T22:10:58.709+0000] {processor.py:186} INFO - Started process (PID=3740) to work on /home/airflow/.local/lib/python3.12/site-packages/airflow/example_dags/example_sla_dag.py
[2024-12-06T22:10:58.711+0000] {processor.py:914} INFO - Processing file /home/airflow/.local/lib/python3.12/site-packages/airflow/example_dags/example_sla_dag.py for tasks to queue
[2024-12-06T22:10:58.716+0000] {logging_mixin.py:190} INFO - [2024-12-06T22:10:58.715+0000] {dagbag.py:588} INFO - Filling up the DagBag from /home/airflow/.local/lib/python3.12/site-packages/airflow/example_dags/example_sla_dag.py
[2024-12-06T22:10:58.745+0000] {processor.py:925} INFO - DAG(s) 'example_sla_dag' retrieved from /home/airflow/.local/lib/python3.12/site-packages/airflow/example_dags/example_sla_dag.py
[2024-12-06T22:10:58.798+0000] {logging_mixin.py:190} INFO - [2024-12-06T22:10:58.798+0000] {dag.py:3239} INFO - Sync 1 DAGs
[2024-12-06T22:10:58.876+0000] {logging_mixin.py:190} INFO - [2024-12-06T22:10:58.876+0000] {dag.py:4180} INFO - Setting next_dagrun for example_sla_dag to 2024-12-06 22:08:00+00:00, run_after=2024-12-06 22:10:00+00:00
[2024-12-06T22:10:58.923+0000] {processor.py:208} INFO - Processing /home/airflow/.local/lib/python3.12/site-packages/airflow/example_dags/example_sla_dag.py took 0.228 seconds
