[2024-12-06T21:40:51.598+0000] {processor.py:186} INFO - Started process (PID=88) to work on /home/airflow/.local/lib/python3.12/site-packages/airflow/example_dags/example_dag_decorator.py
[2024-12-06T21:40:51.599+0000] {processor.py:914} INFO - Processing file /home/airflow/.local/lib/python3.12/site-packages/airflow/example_dags/example_dag_decorator.py for tasks to queue
[2024-12-06T21:40:51.602+0000] {logging_mixin.py:190} INFO - [2024-12-06T21:40:51.602+0000] {dagbag.py:588} INFO - Filling up the DagBag from /home/airflow/.local/lib/python3.12/site-packages/airflow/example_dags/example_dag_decorator.py
[2024-12-06T21:40:51.619+0000] {processor.py:925} INFO - DAG(s) 'example_dag_decorator' retrieved from /home/airflow/.local/lib/python3.12/site-packages/airflow/example_dags/example_dag_decorator.py
[2024-12-06T21:40:51.754+0000] {logging_mixin.py:190} INFO - [2024-12-06T21:40:51.754+0000] {override.py:1911} INFO - Created Permission View: can edit on DAG:example_dag_decorator
[2024-12-06T21:40:51.767+0000] {logging_mixin.py:190} INFO - [2024-12-06T21:40:51.767+0000] {override.py:1911} INFO - Created Permission View: can delete on DAG:example_dag_decorator
[2024-12-06T21:40:51.776+0000] {logging_mixin.py:190} INFO - [2024-12-06T21:40:51.775+0000] {override.py:1911} INFO - Created Permission View: can read on DAG:example_dag_decorator
[2024-12-06T21:40:51.786+0000] {logging_mixin.py:190} INFO - [2024-12-06T21:40:51.786+0000] {override.py:1911} INFO - Created Permission View: menu access on DAG Run:example_dag_decorator
[2024-12-06T21:40:51.795+0000] {logging_mixin.py:190} INFO - [2024-12-06T21:40:51.795+0000] {override.py:1911} INFO - Created Permission View: can create on DAG Run:example_dag_decorator
[2024-12-06T21:40:51.804+0000] {logging_mixin.py:190} INFO - [2024-12-06T21:40:51.803+0000] {override.py:1911} INFO - Created Permission View: can delete on DAG Run:example_dag_decorator
[2024-12-06T21:40:51.813+0000] {logging_mixin.py:190} INFO - [2024-12-06T21:40:51.812+0000] {override.py:1911} INFO - Created Permission View: can read on DAG Run:example_dag_decorator
[2024-12-06T21:40:51.813+0000] {logging_mixin.py:190} INFO - [2024-12-06T21:40:51.813+0000] {dag.py:3239} INFO - Sync 1 DAGs
[2024-12-06T21:40:51.829+0000] {logging_mixin.py:190} INFO - [2024-12-06T21:40:51.829+0000] {dag.py:3262} INFO - Creating ORM DAG for example_dag_decorator
[2024-12-06T21:40:51.830+0000] {logging_mixin.py:190} INFO - [2024-12-06T21:40:51.830+0000] {dag.py:4180} INFO - Setting next_dagrun for example_dag_decorator to None, run_after=None
[2024-12-06T21:40:51.849+0000] {processor.py:208} INFO - Processing /home/airflow/.local/lib/python3.12/site-packages/airflow/example_dags/example_dag_decorator.py took 0.259 seconds
[2024-12-06T21:41:22.919+0000] {processor.py:186} INFO - Started process (PID=151) to work on /home/airflow/.local/lib/python3.12/site-packages/airflow/example_dags/example_dag_decorator.py
[2024-12-06T21:41:22.921+0000] {processor.py:914} INFO - Processing file /home/airflow/.local/lib/python3.12/site-packages/airflow/example_dags/example_dag_decorator.py for tasks to queue
[2024-12-06T21:41:22.924+0000] {logging_mixin.py:190} INFO - [2024-12-06T21:41:22.923+0000] {dagbag.py:588} INFO - Filling up the DagBag from /home/airflow/.local/lib/python3.12/site-packages/airflow/example_dags/example_dag_decorator.py
[2024-12-06T21:41:22.940+0000] {processor.py:925} INFO - DAG(s) 'example_dag_decorator' retrieved from /home/airflow/.local/lib/python3.12/site-packages/airflow/example_dags/example_dag_decorator.py
[2024-12-06T21:41:22.971+0000] {logging_mixin.py:190} INFO - [2024-12-06T21:41:22.970+0000] {dag.py:3239} INFO - Sync 1 DAGs
[2024-12-06T21:41:22.990+0000] {logging_mixin.py:190} INFO - [2024-12-06T21:41:22.990+0000] {dag.py:4180} INFO - Setting next_dagrun for example_dag_decorator to None, run_after=None
[2024-12-06T21:41:23.013+0000] {processor.py:208} INFO - Processing /home/airflow/.local/lib/python3.12/site-packages/airflow/example_dags/example_dag_decorator.py took 0.102 seconds
[2024-12-06T21:41:54.223+0000] {processor.py:186} INFO - Started process (PID=214) to work on /home/airflow/.local/lib/python3.12/site-packages/airflow/example_dags/example_dag_decorator.py
[2024-12-06T21:41:54.225+0000] {processor.py:914} INFO - Processing file /home/airflow/.local/lib/python3.12/site-packages/airflow/example_dags/example_dag_decorator.py for tasks to queue
[2024-12-06T21:41:54.228+0000] {logging_mixin.py:190} INFO - [2024-12-06T21:41:54.228+0000] {dagbag.py:588} INFO - Filling up the DagBag from /home/airflow/.local/lib/python3.12/site-packages/airflow/example_dags/example_dag_decorator.py
[2024-12-06T21:41:54.244+0000] {processor.py:925} INFO - DAG(s) 'example_dag_decorator' retrieved from /home/airflow/.local/lib/python3.12/site-packages/airflow/example_dags/example_dag_decorator.py
[2024-12-06T21:41:54.393+0000] {logging_mixin.py:190} INFO - [2024-12-06T21:41:54.393+0000] {dag.py:3239} INFO - Sync 1 DAGs
[2024-12-06T21:41:54.409+0000] {logging_mixin.py:190} INFO - [2024-12-06T21:41:54.409+0000] {dag.py:4180} INFO - Setting next_dagrun for example_dag_decorator to None, run_after=None
[2024-12-06T21:41:54.433+0000] {processor.py:208} INFO - Processing /home/airflow/.local/lib/python3.12/site-packages/airflow/example_dags/example_dag_decorator.py took 0.218 seconds
[2024-12-06T21:42:25.314+0000] {processor.py:186} INFO - Started process (PID=277) to work on /home/airflow/.local/lib/python3.12/site-packages/airflow/example_dags/example_dag_decorator.py
[2024-12-06T21:42:25.316+0000] {processor.py:914} INFO - Processing file /home/airflow/.local/lib/python3.12/site-packages/airflow/example_dags/example_dag_decorator.py for tasks to queue
[2024-12-06T21:42:25.319+0000] {logging_mixin.py:190} INFO - [2024-12-06T21:42:25.319+0000] {dagbag.py:588} INFO - Filling up the DagBag from /home/airflow/.local/lib/python3.12/site-packages/airflow/example_dags/example_dag_decorator.py
[2024-12-06T21:42:25.336+0000] {processor.py:925} INFO - DAG(s) 'example_dag_decorator' retrieved from /home/airflow/.local/lib/python3.12/site-packages/airflow/example_dags/example_dag_decorator.py
[2024-12-06T21:42:25.498+0000] {logging_mixin.py:190} INFO - [2024-12-06T21:42:25.497+0000] {dag.py:3239} INFO - Sync 1 DAGs
[2024-12-06T21:42:25.514+0000] {logging_mixin.py:190} INFO - [2024-12-06T21:42:25.514+0000] {dag.py:4180} INFO - Setting next_dagrun for example_dag_decorator to None, run_after=None
[2024-12-06T21:42:25.538+0000] {processor.py:208} INFO - Processing /home/airflow/.local/lib/python3.12/site-packages/airflow/example_dags/example_dag_decorator.py took 0.233 seconds
[2024-12-06T21:42:56.502+0000] {processor.py:186} INFO - Started process (PID=340) to work on /home/airflow/.local/lib/python3.12/site-packages/airflow/example_dags/example_dag_decorator.py
[2024-12-06T21:42:56.504+0000] {processor.py:914} INFO - Processing file /home/airflow/.local/lib/python3.12/site-packages/airflow/example_dags/example_dag_decorator.py for tasks to queue
[2024-12-06T21:42:56.507+0000] {logging_mixin.py:190} INFO - [2024-12-06T21:42:56.507+0000] {dagbag.py:588} INFO - Filling up the DagBag from /home/airflow/.local/lib/python3.12/site-packages/airflow/example_dags/example_dag_decorator.py
[2024-12-06T21:42:56.522+0000] {processor.py:925} INFO - DAG(s) 'example_dag_decorator' retrieved from /home/airflow/.local/lib/python3.12/site-packages/airflow/example_dags/example_dag_decorator.py
[2024-12-06T21:42:56.668+0000] {logging_mixin.py:190} INFO - [2024-12-06T21:42:56.668+0000] {dag.py:3239} INFO - Sync 1 DAGs
[2024-12-06T21:42:56.685+0000] {logging_mixin.py:190} INFO - [2024-12-06T21:42:56.685+0000] {dag.py:4180} INFO - Setting next_dagrun for example_dag_decorator to None, run_after=None
[2024-12-06T21:42:56.708+0000] {processor.py:208} INFO - Processing /home/airflow/.local/lib/python3.12/site-packages/airflow/example_dags/example_dag_decorator.py took 0.214 seconds
[2024-12-06T21:43:28.252+0000] {processor.py:186} INFO - Started process (PID=403) to work on /home/airflow/.local/lib/python3.12/site-packages/airflow/example_dags/example_dag_decorator.py
[2024-12-06T21:43:28.253+0000] {processor.py:914} INFO - Processing file /home/airflow/.local/lib/python3.12/site-packages/airflow/example_dags/example_dag_decorator.py for tasks to queue
[2024-12-06T21:43:28.257+0000] {logging_mixin.py:190} INFO - [2024-12-06T21:43:28.257+0000] {dagbag.py:588} INFO - Filling up the DagBag from /home/airflow/.local/lib/python3.12/site-packages/airflow/example_dags/example_dag_decorator.py
[2024-12-06T21:43:28.276+0000] {processor.py:925} INFO - DAG(s) 'example_dag_decorator' retrieved from /home/airflow/.local/lib/python3.12/site-packages/airflow/example_dags/example_dag_decorator.py
[2024-12-06T21:43:28.307+0000] {logging_mixin.py:190} INFO - [2024-12-06T21:43:28.307+0000] {dag.py:3239} INFO - Sync 1 DAGs
[2024-12-06T21:43:28.326+0000] {logging_mixin.py:190} INFO - [2024-12-06T21:43:28.326+0000] {dag.py:4180} INFO - Setting next_dagrun for example_dag_decorator to None, run_after=None
[2024-12-06T21:43:28.356+0000] {processor.py:208} INFO - Processing /home/airflow/.local/lib/python3.12/site-packages/airflow/example_dags/example_dag_decorator.py took 0.113 seconds
[2024-12-06T21:43:59.645+0000] {processor.py:186} INFO - Started process (PID=466) to work on /home/airflow/.local/lib/python3.12/site-packages/airflow/example_dags/example_dag_decorator.py
[2024-12-06T21:43:59.646+0000] {processor.py:914} INFO - Processing file /home/airflow/.local/lib/python3.12/site-packages/airflow/example_dags/example_dag_decorator.py for tasks to queue
[2024-12-06T21:43:59.650+0000] {logging_mixin.py:190} INFO - [2024-12-06T21:43:59.649+0000] {dagbag.py:588} INFO - Filling up the DagBag from /home/airflow/.local/lib/python3.12/site-packages/airflow/example_dags/example_dag_decorator.py
[2024-12-06T21:43:59.668+0000] {processor.py:925} INFO - DAG(s) 'example_dag_decorator' retrieved from /home/airflow/.local/lib/python3.12/site-packages/airflow/example_dags/example_dag_decorator.py
[2024-12-06T21:43:59.876+0000] {logging_mixin.py:190} INFO - [2024-12-06T21:43:59.875+0000] {dag.py:3239} INFO - Sync 1 DAGs
[2024-12-06T21:43:59.896+0000] {logging_mixin.py:190} INFO - [2024-12-06T21:43:59.895+0000] {dag.py:4180} INFO - Setting next_dagrun for example_dag_decorator to None, run_after=None
[2024-12-06T21:43:59.925+0000] {processor.py:208} INFO - Processing /home/airflow/.local/lib/python3.12/site-packages/airflow/example_dags/example_dag_decorator.py took 0.290 seconds
[2024-12-06T21:44:31.118+0000] {processor.py:186} INFO - Started process (PID=529) to work on /home/airflow/.local/lib/python3.12/site-packages/airflow/example_dags/example_dag_decorator.py
[2024-12-06T21:44:31.119+0000] {processor.py:914} INFO - Processing file /home/airflow/.local/lib/python3.12/site-packages/airflow/example_dags/example_dag_decorator.py for tasks to queue
[2024-12-06T21:44:31.122+0000] {logging_mixin.py:190} INFO - [2024-12-06T21:44:31.122+0000] {dagbag.py:588} INFO - Filling up the DagBag from /home/airflow/.local/lib/python3.12/site-packages/airflow/example_dags/example_dag_decorator.py
[2024-12-06T21:44:31.136+0000] {processor.py:925} INFO - DAG(s) 'example_dag_decorator' retrieved from /home/airflow/.local/lib/python3.12/site-packages/airflow/example_dags/example_dag_decorator.py
[2024-12-06T21:44:31.304+0000] {logging_mixin.py:190} INFO - [2024-12-06T21:44:31.303+0000] {dag.py:3239} INFO - Sync 1 DAGs
[2024-12-06T21:44:31.319+0000] {logging_mixin.py:190} INFO - [2024-12-06T21:44:31.319+0000] {dag.py:4180} INFO - Setting next_dagrun for example_dag_decorator to None, run_after=None
[2024-12-06T21:44:31.343+0000] {processor.py:208} INFO - Processing /home/airflow/.local/lib/python3.12/site-packages/airflow/example_dags/example_dag_decorator.py took 0.234 seconds
[2024-12-06T21:45:02.614+0000] {processor.py:186} INFO - Started process (PID=592) to work on /home/airflow/.local/lib/python3.12/site-packages/airflow/example_dags/example_dag_decorator.py
[2024-12-06T21:45:02.615+0000] {processor.py:914} INFO - Processing file /home/airflow/.local/lib/python3.12/site-packages/airflow/example_dags/example_dag_decorator.py for tasks to queue
[2024-12-06T21:45:02.619+0000] {logging_mixin.py:190} INFO - [2024-12-06T21:45:02.618+0000] {dagbag.py:588} INFO - Filling up the DagBag from /home/airflow/.local/lib/python3.12/site-packages/airflow/example_dags/example_dag_decorator.py
[2024-12-06T21:45:02.634+0000] {processor.py:925} INFO - DAG(s) 'example_dag_decorator' retrieved from /home/airflow/.local/lib/python3.12/site-packages/airflow/example_dags/example_dag_decorator.py
[2024-12-06T21:45:02.788+0000] {logging_mixin.py:190} INFO - [2024-12-06T21:45:02.788+0000] {dag.py:3239} INFO - Sync 1 DAGs
[2024-12-06T21:45:02.805+0000] {logging_mixin.py:190} INFO - [2024-12-06T21:45:02.805+0000] {dag.py:4180} INFO - Setting next_dagrun for example_dag_decorator to None, run_after=None
[2024-12-06T21:45:02.829+0000] {processor.py:208} INFO - Processing /home/airflow/.local/lib/python3.12/site-packages/airflow/example_dags/example_dag_decorator.py took 0.223 seconds
[2024-12-06T21:45:34.164+0000] {processor.py:186} INFO - Started process (PID=656) to work on /home/airflow/.local/lib/python3.12/site-packages/airflow/example_dags/example_dag_decorator.py
[2024-12-06T21:45:34.166+0000] {processor.py:914} INFO - Processing file /home/airflow/.local/lib/python3.12/site-packages/airflow/example_dags/example_dag_decorator.py for tasks to queue
[2024-12-06T21:45:34.170+0000] {logging_mixin.py:190} INFO - [2024-12-06T21:45:34.170+0000] {dagbag.py:588} INFO - Filling up the DagBag from /home/airflow/.local/lib/python3.12/site-packages/airflow/example_dags/example_dag_decorator.py
[2024-12-06T21:45:34.190+0000] {processor.py:925} INFO - DAG(s) 'example_dag_decorator' retrieved from /home/airflow/.local/lib/python3.12/site-packages/airflow/example_dags/example_dag_decorator.py
[2024-12-06T21:45:34.226+0000] {logging_mixin.py:190} INFO - [2024-12-06T21:45:34.226+0000] {dag.py:3239} INFO - Sync 1 DAGs
[2024-12-06T21:45:34.250+0000] {logging_mixin.py:190} INFO - [2024-12-06T21:45:34.250+0000] {dag.py:4180} INFO - Setting next_dagrun for example_dag_decorator to None, run_after=None
[2024-12-06T21:45:34.279+0000] {processor.py:208} INFO - Processing /home/airflow/.local/lib/python3.12/site-packages/airflow/example_dags/example_dag_decorator.py took 0.124 seconds
[2024-12-06T21:46:06.065+0000] {processor.py:186} INFO - Started process (PID=719) to work on /home/airflow/.local/lib/python3.12/site-packages/airflow/example_dags/example_dag_decorator.py
[2024-12-06T21:46:06.067+0000] {processor.py:914} INFO - Processing file /home/airflow/.local/lib/python3.12/site-packages/airflow/example_dags/example_dag_decorator.py for tasks to queue
[2024-12-06T21:46:06.070+0000] {logging_mixin.py:190} INFO - [2024-12-06T21:46:06.069+0000] {dagbag.py:588} INFO - Filling up the DagBag from /home/airflow/.local/lib/python3.12/site-packages/airflow/example_dags/example_dag_decorator.py
[2024-12-06T21:46:06.085+0000] {processor.py:925} INFO - DAG(s) 'example_dag_decorator' retrieved from /home/airflow/.local/lib/python3.12/site-packages/airflow/example_dags/example_dag_decorator.py
[2024-12-06T21:46:06.226+0000] {logging_mixin.py:190} INFO - [2024-12-06T21:46:06.226+0000] {dag.py:3239} INFO - Sync 1 DAGs
[2024-12-06T21:46:06.242+0000] {logging_mixin.py:190} INFO - [2024-12-06T21:46:06.242+0000] {dag.py:4180} INFO - Setting next_dagrun for example_dag_decorator to None, run_after=None
[2024-12-06T21:46:06.268+0000] {processor.py:208} INFO - Processing /home/airflow/.local/lib/python3.12/site-packages/airflow/example_dags/example_dag_decorator.py took 0.210 seconds
[2024-12-06T21:46:37.864+0000] {processor.py:186} INFO - Started process (PID=787) to work on /home/airflow/.local/lib/python3.12/site-packages/airflow/example_dags/example_dag_decorator.py
[2024-12-06T21:46:37.865+0000] {processor.py:914} INFO - Processing file /home/airflow/.local/lib/python3.12/site-packages/airflow/example_dags/example_dag_decorator.py for tasks to queue
[2024-12-06T21:46:37.868+0000] {logging_mixin.py:190} INFO - [2024-12-06T21:46:37.868+0000] {dagbag.py:588} INFO - Filling up the DagBag from /home/airflow/.local/lib/python3.12/site-packages/airflow/example_dags/example_dag_decorator.py
[2024-12-06T21:46:37.883+0000] {processor.py:925} INFO - DAG(s) 'example_dag_decorator' retrieved from /home/airflow/.local/lib/python3.12/site-packages/airflow/example_dags/example_dag_decorator.py
[2024-12-06T21:46:37.914+0000] {logging_mixin.py:190} INFO - [2024-12-06T21:46:37.913+0000] {dag.py:3239} INFO - Sync 1 DAGs
[2024-12-06T21:46:37.933+0000] {logging_mixin.py:190} INFO - [2024-12-06T21:46:37.932+0000] {dag.py:4180} INFO - Setting next_dagrun for example_dag_decorator to None, run_after=None
[2024-12-06T21:46:37.958+0000] {processor.py:208} INFO - Processing /home/airflow/.local/lib/python3.12/site-packages/airflow/example_dags/example_dag_decorator.py took 0.102 seconds
[2024-12-06T21:47:09.269+0000] {processor.py:186} INFO - Started process (PID=850) to work on /home/airflow/.local/lib/python3.12/site-packages/airflow/example_dags/example_dag_decorator.py
[2024-12-06T21:47:09.271+0000] {processor.py:914} INFO - Processing file /home/airflow/.local/lib/python3.12/site-packages/airflow/example_dags/example_dag_decorator.py for tasks to queue
[2024-12-06T21:47:09.274+0000] {logging_mixin.py:190} INFO - [2024-12-06T21:47:09.274+0000] {dagbag.py:588} INFO - Filling up the DagBag from /home/airflow/.local/lib/python3.12/site-packages/airflow/example_dags/example_dag_decorator.py
[2024-12-06T21:47:09.289+0000] {processor.py:925} INFO - DAG(s) 'example_dag_decorator' retrieved from /home/airflow/.local/lib/python3.12/site-packages/airflow/example_dags/example_dag_decorator.py
[2024-12-06T21:47:09.435+0000] {logging_mixin.py:190} INFO - [2024-12-06T21:47:09.434+0000] {dag.py:3239} INFO - Sync 1 DAGs
[2024-12-06T21:47:09.450+0000] {logging_mixin.py:190} INFO - [2024-12-06T21:47:09.449+0000] {dag.py:4180} INFO - Setting next_dagrun for example_dag_decorator to None, run_after=None
[2024-12-06T21:47:09.473+0000] {processor.py:208} INFO - Processing /home/airflow/.local/lib/python3.12/site-packages/airflow/example_dags/example_dag_decorator.py took 0.212 seconds
[2024-12-06T21:47:41.386+0000] {processor.py:186} INFO - Started process (PID=918) to work on /home/airflow/.local/lib/python3.12/site-packages/airflow/example_dags/example_dag_decorator.py
[2024-12-06T21:47:41.388+0000] {processor.py:914} INFO - Processing file /home/airflow/.local/lib/python3.12/site-packages/airflow/example_dags/example_dag_decorator.py for tasks to queue
[2024-12-06T21:47:41.391+0000] {logging_mixin.py:190} INFO - [2024-12-06T21:47:41.391+0000] {dagbag.py:588} INFO - Filling up the DagBag from /home/airflow/.local/lib/python3.12/site-packages/airflow/example_dags/example_dag_decorator.py
[2024-12-06T21:47:41.408+0000] {processor.py:925} INFO - DAG(s) 'example_dag_decorator' retrieved from /home/airflow/.local/lib/python3.12/site-packages/airflow/example_dags/example_dag_decorator.py
[2024-12-06T21:47:41.580+0000] {logging_mixin.py:190} INFO - [2024-12-06T21:47:41.580+0000] {dag.py:3239} INFO - Sync 1 DAGs
[2024-12-06T21:47:41.600+0000] {logging_mixin.py:190} INFO - [2024-12-06T21:47:41.600+0000] {dag.py:4180} INFO - Setting next_dagrun for example_dag_decorator to None, run_after=None
[2024-12-06T21:47:41.626+0000] {processor.py:208} INFO - Processing /home/airflow/.local/lib/python3.12/site-packages/airflow/example_dags/example_dag_decorator.py took 0.249 seconds
[2024-12-06T21:48:13.234+0000] {processor.py:186} INFO - Started process (PID=981) to work on /home/airflow/.local/lib/python3.12/site-packages/airflow/example_dags/example_dag_decorator.py
[2024-12-06T21:48:13.236+0000] {processor.py:914} INFO - Processing file /home/airflow/.local/lib/python3.12/site-packages/airflow/example_dags/example_dag_decorator.py for tasks to queue
[2024-12-06T21:48:13.240+0000] {logging_mixin.py:190} INFO - [2024-12-06T21:48:13.240+0000] {dagbag.py:588} INFO - Filling up the DagBag from /home/airflow/.local/lib/python3.12/site-packages/airflow/example_dags/example_dag_decorator.py
[2024-12-06T21:48:13.258+0000] {processor.py:925} INFO - DAG(s) 'example_dag_decorator' retrieved from /home/airflow/.local/lib/python3.12/site-packages/airflow/example_dags/example_dag_decorator.py
[2024-12-06T21:48:13.491+0000] {logging_mixin.py:190} INFO - [2024-12-06T21:48:13.491+0000] {dag.py:3239} INFO - Sync 1 DAGs
[2024-12-06T21:48:13.514+0000] {logging_mixin.py:190} INFO - [2024-12-06T21:48:13.514+0000] {dag.py:4180} INFO - Setting next_dagrun for example_dag_decorator to None, run_after=None
[2024-12-06T21:48:13.543+0000] {processor.py:208} INFO - Processing /home/airflow/.local/lib/python3.12/site-packages/airflow/example_dags/example_dag_decorator.py took 0.319 seconds
[2024-12-06T21:48:44.570+0000] {processor.py:186} INFO - Started process (PID=1044) to work on /home/airflow/.local/lib/python3.12/site-packages/airflow/example_dags/example_dag_decorator.py
[2024-12-06T21:48:44.572+0000] {processor.py:914} INFO - Processing file /home/airflow/.local/lib/python3.12/site-packages/airflow/example_dags/example_dag_decorator.py for tasks to queue
[2024-12-06T21:48:44.575+0000] {logging_mixin.py:190} INFO - [2024-12-06T21:48:44.575+0000] {dagbag.py:588} INFO - Filling up the DagBag from /home/airflow/.local/lib/python3.12/site-packages/airflow/example_dags/example_dag_decorator.py
[2024-12-06T21:48:44.593+0000] {processor.py:925} INFO - DAG(s) 'example_dag_decorator' retrieved from /home/airflow/.local/lib/python3.12/site-packages/airflow/example_dags/example_dag_decorator.py
[2024-12-06T21:48:44.628+0000] {logging_mixin.py:190} INFO - [2024-12-06T21:48:44.628+0000] {dag.py:3239} INFO - Sync 1 DAGs
[2024-12-06T21:48:44.650+0000] {logging_mixin.py:190} INFO - [2024-12-06T21:48:44.650+0000] {dag.py:4180} INFO - Setting next_dagrun for example_dag_decorator to None, run_after=None
[2024-12-06T21:48:44.680+0000] {processor.py:208} INFO - Processing /home/airflow/.local/lib/python3.12/site-packages/airflow/example_dags/example_dag_decorator.py took 0.119 seconds
[2024-12-06T21:49:16.197+0000] {processor.py:186} INFO - Started process (PID=1113) to work on /home/airflow/.local/lib/python3.12/site-packages/airflow/example_dags/example_dag_decorator.py
[2024-12-06T21:49:16.198+0000] {processor.py:914} INFO - Processing file /home/airflow/.local/lib/python3.12/site-packages/airflow/example_dags/example_dag_decorator.py for tasks to queue
[2024-12-06T21:49:16.202+0000] {logging_mixin.py:190} INFO - [2024-12-06T21:49:16.201+0000] {dagbag.py:588} INFO - Filling up the DagBag from /home/airflow/.local/lib/python3.12/site-packages/airflow/example_dags/example_dag_decorator.py
[2024-12-06T21:49:16.221+0000] {processor.py:925} INFO - DAG(s) 'example_dag_decorator' retrieved from /home/airflow/.local/lib/python3.12/site-packages/airflow/example_dags/example_dag_decorator.py
[2024-12-06T21:49:16.257+0000] {logging_mixin.py:190} INFO - [2024-12-06T21:49:16.256+0000] {dag.py:3239} INFO - Sync 1 DAGs
[2024-12-06T21:49:16.282+0000] {logging_mixin.py:190} INFO - [2024-12-06T21:49:16.281+0000] {dag.py:4180} INFO - Setting next_dagrun for example_dag_decorator to None, run_after=None
[2024-12-06T21:49:16.313+0000] {processor.py:208} INFO - Processing /home/airflow/.local/lib/python3.12/site-packages/airflow/example_dags/example_dag_decorator.py took 0.125 seconds
[2024-12-06T21:49:47.049+0000] {processor.py:186} INFO - Started process (PID=1176) to work on /home/airflow/.local/lib/python3.12/site-packages/airflow/example_dags/example_dag_decorator.py
[2024-12-06T21:49:47.052+0000] {processor.py:914} INFO - Processing file /home/airflow/.local/lib/python3.12/site-packages/airflow/example_dags/example_dag_decorator.py for tasks to queue
[2024-12-06T21:49:47.055+0000] {logging_mixin.py:190} INFO - [2024-12-06T21:49:47.055+0000] {dagbag.py:588} INFO - Filling up the DagBag from /home/airflow/.local/lib/python3.12/site-packages/airflow/example_dags/example_dag_decorator.py
[2024-12-06T21:49:47.077+0000] {processor.py:925} INFO - DAG(s) 'example_dag_decorator' retrieved from /home/airflow/.local/lib/python3.12/site-packages/airflow/example_dags/example_dag_decorator.py
[2024-12-06T21:49:47.275+0000] {logging_mixin.py:190} INFO - [2024-12-06T21:49:47.275+0000] {dag.py:3239} INFO - Sync 1 DAGs
[2024-12-06T21:49:47.294+0000] {logging_mixin.py:190} INFO - [2024-12-06T21:49:47.293+0000] {dag.py:4180} INFO - Setting next_dagrun for example_dag_decorator to None, run_after=None
[2024-12-06T21:49:47.319+0000] {processor.py:208} INFO - Processing /home/airflow/.local/lib/python3.12/site-packages/airflow/example_dags/example_dag_decorator.py took 0.281 seconds
[2024-12-06T21:50:17.811+0000] {processor.py:186} INFO - Started process (PID=1239) to work on /home/airflow/.local/lib/python3.12/site-packages/airflow/example_dags/example_dag_decorator.py
[2024-12-06T21:50:17.813+0000] {processor.py:914} INFO - Processing file /home/airflow/.local/lib/python3.12/site-packages/airflow/example_dags/example_dag_decorator.py for tasks to queue
[2024-12-06T21:50:17.818+0000] {logging_mixin.py:190} INFO - [2024-12-06T21:50:17.817+0000] {dagbag.py:588} INFO - Filling up the DagBag from /home/airflow/.local/lib/python3.12/site-packages/airflow/example_dags/example_dag_decorator.py
[2024-12-06T21:50:17.840+0000] {processor.py:925} INFO - DAG(s) 'example_dag_decorator' retrieved from /home/airflow/.local/lib/python3.12/site-packages/airflow/example_dags/example_dag_decorator.py
[2024-12-06T21:50:18.047+0000] {logging_mixin.py:190} INFO - [2024-12-06T21:50:18.047+0000] {dag.py:3239} INFO - Sync 1 DAGs
[2024-12-06T21:50:18.070+0000] {logging_mixin.py:190} INFO - [2024-12-06T21:50:18.070+0000] {dag.py:4180} INFO - Setting next_dagrun for example_dag_decorator to None, run_after=None
[2024-12-06T21:50:18.104+0000] {processor.py:208} INFO - Processing /home/airflow/.local/lib/python3.12/site-packages/airflow/example_dags/example_dag_decorator.py took 0.303 seconds
[2024-12-06T21:50:48.189+0000] {processor.py:186} INFO - Started process (PID=1301) to work on /home/airflow/.local/lib/python3.12/site-packages/airflow/example_dags/example_dag_decorator.py
[2024-12-06T21:50:48.191+0000] {processor.py:914} INFO - Processing file /home/airflow/.local/lib/python3.12/site-packages/airflow/example_dags/example_dag_decorator.py for tasks to queue
[2024-12-06T21:50:48.195+0000] {logging_mixin.py:190} INFO - [2024-12-06T21:50:48.194+0000] {dagbag.py:588} INFO - Filling up the DagBag from /home/airflow/.local/lib/python3.12/site-packages/airflow/example_dags/example_dag_decorator.py
[2024-12-06T21:50:48.216+0000] {processor.py:925} INFO - DAG(s) 'example_dag_decorator' retrieved from /home/airflow/.local/lib/python3.12/site-packages/airflow/example_dags/example_dag_decorator.py
[2024-12-06T21:50:48.399+0000] {logging_mixin.py:190} INFO - [2024-12-06T21:50:48.398+0000] {dag.py:3239} INFO - Sync 1 DAGs
[2024-12-06T21:50:48.423+0000] {logging_mixin.py:190} INFO - [2024-12-06T21:50:48.422+0000] {dag.py:4180} INFO - Setting next_dagrun for example_dag_decorator to None, run_after=None
[2024-12-06T21:50:48.460+0000] {processor.py:208} INFO - Processing /home/airflow/.local/lib/python3.12/site-packages/airflow/example_dags/example_dag_decorator.py took 0.280 seconds
[2024-12-06T21:51:18.603+0000] {processor.py:186} INFO - Started process (PID=1363) to work on /home/airflow/.local/lib/python3.12/site-packages/airflow/example_dags/example_dag_decorator.py
[2024-12-06T21:51:18.605+0000] {processor.py:914} INFO - Processing file /home/airflow/.local/lib/python3.12/site-packages/airflow/example_dags/example_dag_decorator.py for tasks to queue
[2024-12-06T21:51:18.609+0000] {logging_mixin.py:190} INFO - [2024-12-06T21:51:18.609+0000] {dagbag.py:588} INFO - Filling up the DagBag from /home/airflow/.local/lib/python3.12/site-packages/airflow/example_dags/example_dag_decorator.py
[2024-12-06T21:51:18.633+0000] {processor.py:925} INFO - DAG(s) 'example_dag_decorator' retrieved from /home/airflow/.local/lib/python3.12/site-packages/airflow/example_dags/example_dag_decorator.py
[2024-12-06T21:51:18.671+0000] {logging_mixin.py:190} INFO - [2024-12-06T21:51:18.670+0000] {dag.py:3239} INFO - Sync 1 DAGs
[2024-12-06T21:51:18.691+0000] {logging_mixin.py:190} INFO - [2024-12-06T21:51:18.690+0000] {dag.py:4180} INFO - Setting next_dagrun for example_dag_decorator to None, run_after=None
[2024-12-06T21:51:18.717+0000] {processor.py:208} INFO - Processing /home/airflow/.local/lib/python3.12/site-packages/airflow/example_dags/example_dag_decorator.py took 0.126 seconds
[2024-12-06T21:51:49.403+0000] {processor.py:186} INFO - Started process (PID=1426) to work on /home/airflow/.local/lib/python3.12/site-packages/airflow/example_dags/example_dag_decorator.py
[2024-12-06T21:51:49.405+0000] {processor.py:914} INFO - Processing file /home/airflow/.local/lib/python3.12/site-packages/airflow/example_dags/example_dag_decorator.py for tasks to queue
[2024-12-06T21:51:49.409+0000] {logging_mixin.py:190} INFO - [2024-12-06T21:51:49.408+0000] {dagbag.py:588} INFO - Filling up the DagBag from /home/airflow/.local/lib/python3.12/site-packages/airflow/example_dags/example_dag_decorator.py
[2024-12-06T21:51:49.426+0000] {processor.py:925} INFO - DAG(s) 'example_dag_decorator' retrieved from /home/airflow/.local/lib/python3.12/site-packages/airflow/example_dags/example_dag_decorator.py
[2024-12-06T21:51:49.593+0000] {logging_mixin.py:190} INFO - [2024-12-06T21:51:49.593+0000] {dag.py:3239} INFO - Sync 1 DAGs
[2024-12-06T21:51:49.609+0000] {logging_mixin.py:190} INFO - [2024-12-06T21:51:49.609+0000] {dag.py:4180} INFO - Setting next_dagrun for example_dag_decorator to None, run_after=None
[2024-12-06T21:51:49.636+0000] {processor.py:208} INFO - Processing /home/airflow/.local/lib/python3.12/site-packages/airflow/example_dags/example_dag_decorator.py took 0.242 seconds
[2024-12-06T21:52:20.424+0000] {processor.py:186} INFO - Started process (PID=1489) to work on /home/airflow/.local/lib/python3.12/site-packages/airflow/example_dags/example_dag_decorator.py
[2024-12-06T21:52:20.427+0000] {processor.py:914} INFO - Processing file /home/airflow/.local/lib/python3.12/site-packages/airflow/example_dags/example_dag_decorator.py for tasks to queue
[2024-12-06T21:52:20.430+0000] {logging_mixin.py:190} INFO - [2024-12-06T21:52:20.430+0000] {dagbag.py:588} INFO - Filling up the DagBag from /home/airflow/.local/lib/python3.12/site-packages/airflow/example_dags/example_dag_decorator.py
[2024-12-06T21:52:20.449+0000] {processor.py:925} INFO - DAG(s) 'example_dag_decorator' retrieved from /home/airflow/.local/lib/python3.12/site-packages/airflow/example_dags/example_dag_decorator.py
[2024-12-06T21:52:20.608+0000] {logging_mixin.py:190} INFO - [2024-12-06T21:52:20.608+0000] {dag.py:3239} INFO - Sync 1 DAGs
[2024-12-06T21:52:20.625+0000] {logging_mixin.py:190} INFO - [2024-12-06T21:52:20.625+0000] {dag.py:4180} INFO - Setting next_dagrun for example_dag_decorator to None, run_after=None
[2024-12-06T21:52:20.652+0000] {processor.py:208} INFO - Processing /home/airflow/.local/lib/python3.12/site-packages/airflow/example_dags/example_dag_decorator.py took 0.237 seconds
[2024-12-06T21:52:51.393+0000] {processor.py:186} INFO - Started process (PID=1552) to work on /home/airflow/.local/lib/python3.12/site-packages/airflow/example_dags/example_dag_decorator.py
[2024-12-06T21:52:51.395+0000] {processor.py:914} INFO - Processing file /home/airflow/.local/lib/python3.12/site-packages/airflow/example_dags/example_dag_decorator.py for tasks to queue
[2024-12-06T21:52:51.399+0000] {logging_mixin.py:190} INFO - [2024-12-06T21:52:51.399+0000] {dagbag.py:588} INFO - Filling up the DagBag from /home/airflow/.local/lib/python3.12/site-packages/airflow/example_dags/example_dag_decorator.py
[2024-12-06T21:52:51.419+0000] {processor.py:925} INFO - DAG(s) 'example_dag_decorator' retrieved from /home/airflow/.local/lib/python3.12/site-packages/airflow/example_dags/example_dag_decorator.py
[2024-12-06T21:52:51.605+0000] {logging_mixin.py:190} INFO - [2024-12-06T21:52:51.605+0000] {dag.py:3239} INFO - Sync 1 DAGs
[2024-12-06T21:52:51.625+0000] {logging_mixin.py:190} INFO - [2024-12-06T21:52:51.625+0000] {dag.py:4180} INFO - Setting next_dagrun for example_dag_decorator to None, run_after=None
[2024-12-06T21:52:51.656+0000] {processor.py:208} INFO - Processing /home/airflow/.local/lib/python3.12/site-packages/airflow/example_dags/example_dag_decorator.py took 0.273 seconds
[2024-12-06T21:53:22.837+0000] {processor.py:186} INFO - Started process (PID=1615) to work on /home/airflow/.local/lib/python3.12/site-packages/airflow/example_dags/example_dag_decorator.py
[2024-12-06T21:53:22.839+0000] {processor.py:914} INFO - Processing file /home/airflow/.local/lib/python3.12/site-packages/airflow/example_dags/example_dag_decorator.py for tasks to queue
[2024-12-06T21:53:22.845+0000] {logging_mixin.py:190} INFO - [2024-12-06T21:53:22.844+0000] {dagbag.py:588} INFO - Filling up the DagBag from /home/airflow/.local/lib/python3.12/site-packages/airflow/example_dags/example_dag_decorator.py
[2024-12-06T21:53:22.872+0000] {processor.py:925} INFO - DAG(s) 'example_dag_decorator' retrieved from /home/airflow/.local/lib/python3.12/site-packages/airflow/example_dags/example_dag_decorator.py
[2024-12-06T21:53:23.126+0000] {logging_mixin.py:190} INFO - [2024-12-06T21:53:23.125+0000] {dag.py:3239} INFO - Sync 1 DAGs
[2024-12-06T21:53:23.157+0000] {logging_mixin.py:190} INFO - [2024-12-06T21:53:23.156+0000] {dag.py:4180} INFO - Setting next_dagrun for example_dag_decorator to None, run_after=None
[2024-12-06T21:53:23.198+0000] {processor.py:208} INFO - Processing /home/airflow/.local/lib/python3.12/site-packages/airflow/example_dags/example_dag_decorator.py took 0.374 seconds
[2024-12-06T21:53:53.703+0000] {processor.py:186} INFO - Started process (PID=1678) to work on /home/airflow/.local/lib/python3.12/site-packages/airflow/example_dags/example_dag_decorator.py
[2024-12-06T21:53:53.706+0000] {processor.py:914} INFO - Processing file /home/airflow/.local/lib/python3.12/site-packages/airflow/example_dags/example_dag_decorator.py for tasks to queue
[2024-12-06T21:53:53.713+0000] {logging_mixin.py:190} INFO - [2024-12-06T21:53:53.712+0000] {dagbag.py:588} INFO - Filling up the DagBag from /home/airflow/.local/lib/python3.12/site-packages/airflow/example_dags/example_dag_decorator.py
[2024-12-06T21:53:53.749+0000] {processor.py:925} INFO - DAG(s) 'example_dag_decorator' retrieved from /home/airflow/.local/lib/python3.12/site-packages/airflow/example_dags/example_dag_decorator.py
[2024-12-06T21:53:54.010+0000] {logging_mixin.py:190} INFO - [2024-12-06T21:53:54.010+0000] {dag.py:3239} INFO - Sync 1 DAGs
[2024-12-06T21:53:54.033+0000] {logging_mixin.py:190} INFO - [2024-12-06T21:53:54.032+0000] {dag.py:4180} INFO - Setting next_dagrun for example_dag_decorator to None, run_after=None
[2024-12-06T21:53:54.063+0000] {processor.py:208} INFO - Processing /home/airflow/.local/lib/python3.12/site-packages/airflow/example_dags/example_dag_decorator.py took 0.380 seconds
[2024-12-06T21:54:24.197+0000] {processor.py:186} INFO - Started process (PID=1741) to work on /home/airflow/.local/lib/python3.12/site-packages/airflow/example_dags/example_dag_decorator.py
[2024-12-06T21:54:24.199+0000] {processor.py:914} INFO - Processing file /home/airflow/.local/lib/python3.12/site-packages/airflow/example_dags/example_dag_decorator.py for tasks to queue
[2024-12-06T21:54:24.204+0000] {logging_mixin.py:190} INFO - [2024-12-06T21:54:24.204+0000] {dagbag.py:588} INFO - Filling up the DagBag from /home/airflow/.local/lib/python3.12/site-packages/airflow/example_dags/example_dag_decorator.py
[2024-12-06T21:54:24.227+0000] {processor.py:925} INFO - DAG(s) 'example_dag_decorator' retrieved from /home/airflow/.local/lib/python3.12/site-packages/airflow/example_dags/example_dag_decorator.py
[2024-12-06T21:54:24.431+0000] {logging_mixin.py:190} INFO - [2024-12-06T21:54:24.431+0000] {dag.py:3239} INFO - Sync 1 DAGs
[2024-12-06T21:54:24.453+0000] {logging_mixin.py:190} INFO - [2024-12-06T21:54:24.452+0000] {dag.py:4180} INFO - Setting next_dagrun for example_dag_decorator to None, run_after=None
[2024-12-06T21:54:24.482+0000] {processor.py:208} INFO - Processing /home/airflow/.local/lib/python3.12/site-packages/airflow/example_dags/example_dag_decorator.py took 0.295 seconds
[2024-12-06T21:54:54.986+0000] {processor.py:186} INFO - Started process (PID=1804) to work on /home/airflow/.local/lib/python3.12/site-packages/airflow/example_dags/example_dag_decorator.py
[2024-12-06T21:54:54.990+0000] {processor.py:914} INFO - Processing file /home/airflow/.local/lib/python3.12/site-packages/airflow/example_dags/example_dag_decorator.py for tasks to queue
[2024-12-06T21:54:54.997+0000] {logging_mixin.py:190} INFO - [2024-12-06T21:54:54.996+0000] {dagbag.py:588} INFO - Filling up the DagBag from /home/airflow/.local/lib/python3.12/site-packages/airflow/example_dags/example_dag_decorator.py
[2024-12-06T21:54:55.043+0000] {processor.py:925} INFO - DAG(s) 'example_dag_decorator' retrieved from /home/airflow/.local/lib/python3.12/site-packages/airflow/example_dags/example_dag_decorator.py
[2024-12-06T21:54:55.307+0000] {logging_mixin.py:190} INFO - [2024-12-06T21:54:55.307+0000] {dag.py:3239} INFO - Sync 1 DAGs
[2024-12-06T21:54:55.327+0000] {logging_mixin.py:190} INFO - [2024-12-06T21:54:55.326+0000] {dag.py:4180} INFO - Setting next_dagrun for example_dag_decorator to None, run_after=None
[2024-12-06T21:54:55.361+0000] {processor.py:208} INFO - Processing /home/airflow/.local/lib/python3.12/site-packages/airflow/example_dags/example_dag_decorator.py took 0.393 seconds
[2024-12-06T21:55:26.133+0000] {processor.py:186} INFO - Started process (PID=1867) to work on /home/airflow/.local/lib/python3.12/site-packages/airflow/example_dags/example_dag_decorator.py
[2024-12-06T21:55:26.134+0000] {processor.py:914} INFO - Processing file /home/airflow/.local/lib/python3.12/site-packages/airflow/example_dags/example_dag_decorator.py for tasks to queue
[2024-12-06T21:55:26.139+0000] {logging_mixin.py:190} INFO - [2024-12-06T21:55:26.138+0000] {dagbag.py:588} INFO - Filling up the DagBag from /home/airflow/.local/lib/python3.12/site-packages/airflow/example_dags/example_dag_decorator.py
[2024-12-06T21:55:26.160+0000] {processor.py:925} INFO - DAG(s) 'example_dag_decorator' retrieved from /home/airflow/.local/lib/python3.12/site-packages/airflow/example_dags/example_dag_decorator.py
[2024-12-06T21:55:26.362+0000] {logging_mixin.py:190} INFO - [2024-12-06T21:55:26.362+0000] {dag.py:3239} INFO - Sync 1 DAGs
[2024-12-06T21:55:26.384+0000] {logging_mixin.py:190} INFO - [2024-12-06T21:55:26.384+0000] {dag.py:4180} INFO - Setting next_dagrun for example_dag_decorator to None, run_after=None
[2024-12-06T21:55:26.417+0000] {processor.py:208} INFO - Processing /home/airflow/.local/lib/python3.12/site-packages/airflow/example_dags/example_dag_decorator.py took 0.296 seconds
[2024-12-06T21:55:57.166+0000] {processor.py:186} INFO - Started process (PID=1930) to work on /home/airflow/.local/lib/python3.12/site-packages/airflow/example_dags/example_dag_decorator.py
[2024-12-06T21:55:57.171+0000] {processor.py:914} INFO - Processing file /home/airflow/.local/lib/python3.12/site-packages/airflow/example_dags/example_dag_decorator.py for tasks to queue
[2024-12-06T21:55:57.183+0000] {logging_mixin.py:190} INFO - [2024-12-06T21:55:57.181+0000] {dagbag.py:588} INFO - Filling up the DagBag from /home/airflow/.local/lib/python3.12/site-packages/airflow/example_dags/example_dag_decorator.py
[2024-12-06T21:55:57.242+0000] {processor.py:925} INFO - DAG(s) 'example_dag_decorator' retrieved from /home/airflow/.local/lib/python3.12/site-packages/airflow/example_dags/example_dag_decorator.py
[2024-12-06T21:55:57.457+0000] {logging_mixin.py:190} INFO - [2024-12-06T21:55:57.457+0000] {dag.py:3239} INFO - Sync 1 DAGs
[2024-12-06T21:55:57.487+0000] {logging_mixin.py:190} INFO - [2024-12-06T21:55:57.487+0000] {dag.py:4180} INFO - Setting next_dagrun for example_dag_decorator to None, run_after=None
[2024-12-06T21:55:57.518+0000] {processor.py:208} INFO - Processing /home/airflow/.local/lib/python3.12/site-packages/airflow/example_dags/example_dag_decorator.py took 0.386 seconds
[2024-12-06T21:56:28.524+0000] {processor.py:186} INFO - Started process (PID=1993) to work on /home/airflow/.local/lib/python3.12/site-packages/airflow/example_dags/example_dag_decorator.py
[2024-12-06T21:56:28.531+0000] {processor.py:914} INFO - Processing file /home/airflow/.local/lib/python3.12/site-packages/airflow/example_dags/example_dag_decorator.py for tasks to queue
[2024-12-06T21:56:28.545+0000] {logging_mixin.py:190} INFO - [2024-12-06T21:56:28.543+0000] {dagbag.py:588} INFO - Filling up the DagBag from /home/airflow/.local/lib/python3.12/site-packages/airflow/example_dags/example_dag_decorator.py
[2024-12-06T21:56:28.628+0000] {processor.py:925} INFO - DAG(s) 'example_dag_decorator' retrieved from /home/airflow/.local/lib/python3.12/site-packages/airflow/example_dags/example_dag_decorator.py
[2024-12-06T21:56:28.922+0000] {logging_mixin.py:190} INFO - [2024-12-06T21:56:28.922+0000] {dag.py:3239} INFO - Sync 1 DAGs
[2024-12-06T21:56:28.942+0000] {logging_mixin.py:190} INFO - [2024-12-06T21:56:28.942+0000] {dag.py:4180} INFO - Setting next_dagrun for example_dag_decorator to None, run_after=None
[2024-12-06T21:56:28.973+0000] {processor.py:208} INFO - Processing /home/airflow/.local/lib/python3.12/site-packages/airflow/example_dags/example_dag_decorator.py took 0.484 seconds
[2024-12-06T21:56:59.589+0000] {processor.py:186} INFO - Started process (PID=2056) to work on /home/airflow/.local/lib/python3.12/site-packages/airflow/example_dags/example_dag_decorator.py
[2024-12-06T21:56:59.590+0000] {processor.py:914} INFO - Processing file /home/airflow/.local/lib/python3.12/site-packages/airflow/example_dags/example_dag_decorator.py for tasks to queue
[2024-12-06T21:56:59.593+0000] {logging_mixin.py:190} INFO - [2024-12-06T21:56:59.593+0000] {dagbag.py:588} INFO - Filling up the DagBag from /home/airflow/.local/lib/python3.12/site-packages/airflow/example_dags/example_dag_decorator.py
[2024-12-06T21:56:59.611+0000] {processor.py:925} INFO - DAG(s) 'example_dag_decorator' retrieved from /home/airflow/.local/lib/python3.12/site-packages/airflow/example_dags/example_dag_decorator.py
[2024-12-06T21:56:59.787+0000] {logging_mixin.py:190} INFO - [2024-12-06T21:56:59.787+0000] {dag.py:3239} INFO - Sync 1 DAGs
[2024-12-06T21:56:59.805+0000] {logging_mixin.py:190} INFO - [2024-12-06T21:56:59.804+0000] {dag.py:4180} INFO - Setting next_dagrun for example_dag_decorator to None, run_after=None
[2024-12-06T21:56:59.833+0000] {processor.py:208} INFO - Processing /home/airflow/.local/lib/python3.12/site-packages/airflow/example_dags/example_dag_decorator.py took 0.254 seconds
[2024-12-06T21:57:29.915+0000] {processor.py:186} INFO - Started process (PID=2119) to work on /home/airflow/.local/lib/python3.12/site-packages/airflow/example_dags/example_dag_decorator.py
[2024-12-06T21:57:29.916+0000] {processor.py:914} INFO - Processing file /home/airflow/.local/lib/python3.12/site-packages/airflow/example_dags/example_dag_decorator.py for tasks to queue
[2024-12-06T21:57:29.923+0000] {logging_mixin.py:190} INFO - [2024-12-06T21:57:29.922+0000] {dagbag.py:588} INFO - Filling up the DagBag from /home/airflow/.local/lib/python3.12/site-packages/airflow/example_dags/example_dag_decorator.py
[2024-12-06T21:57:29.942+0000] {processor.py:925} INFO - DAG(s) 'example_dag_decorator' retrieved from /home/airflow/.local/lib/python3.12/site-packages/airflow/example_dags/example_dag_decorator.py
[2024-12-06T21:57:30.117+0000] {logging_mixin.py:190} INFO - [2024-12-06T21:57:30.116+0000] {dag.py:3239} INFO - Sync 1 DAGs
[2024-12-06T21:57:30.137+0000] {logging_mixin.py:190} INFO - [2024-12-06T21:57:30.136+0000] {dag.py:4180} INFO - Setting next_dagrun for example_dag_decorator to None, run_after=None
[2024-12-06T21:57:30.167+0000] {processor.py:208} INFO - Processing /home/airflow/.local/lib/python3.12/site-packages/airflow/example_dags/example_dag_decorator.py took 0.260 seconds
[2024-12-06T21:58:00.245+0000] {processor.py:186} INFO - Started process (PID=2182) to work on /home/airflow/.local/lib/python3.12/site-packages/airflow/example_dags/example_dag_decorator.py
[2024-12-06T21:58:00.247+0000] {processor.py:914} INFO - Processing file /home/airflow/.local/lib/python3.12/site-packages/airflow/example_dags/example_dag_decorator.py for tasks to queue
[2024-12-06T21:58:00.250+0000] {logging_mixin.py:190} INFO - [2024-12-06T21:58:00.249+0000] {dagbag.py:588} INFO - Filling up the DagBag from /home/airflow/.local/lib/python3.12/site-packages/airflow/example_dags/example_dag_decorator.py
[2024-12-06T21:58:00.267+0000] {processor.py:925} INFO - DAG(s) 'example_dag_decorator' retrieved from /home/airflow/.local/lib/python3.12/site-packages/airflow/example_dags/example_dag_decorator.py
[2024-12-06T21:58:00.447+0000] {logging_mixin.py:190} INFO - [2024-12-06T21:58:00.446+0000] {dag.py:3239} INFO - Sync 1 DAGs
[2024-12-06T21:58:00.468+0000] {logging_mixin.py:190} INFO - [2024-12-06T21:58:00.468+0000] {dag.py:4180} INFO - Setting next_dagrun for example_dag_decorator to None, run_after=None
[2024-12-06T21:58:00.501+0000] {processor.py:208} INFO - Processing /home/airflow/.local/lib/python3.12/site-packages/airflow/example_dags/example_dag_decorator.py took 0.266 seconds
[2024-12-06T21:58:30.604+0000] {processor.py:186} INFO - Started process (PID=2245) to work on /home/airflow/.local/lib/python3.12/site-packages/airflow/example_dags/example_dag_decorator.py
[2024-12-06T21:58:30.606+0000] {processor.py:914} INFO - Processing file /home/airflow/.local/lib/python3.12/site-packages/airflow/example_dags/example_dag_decorator.py for tasks to queue
[2024-12-06T21:58:30.610+0000] {logging_mixin.py:190} INFO - [2024-12-06T21:58:30.609+0000] {dagbag.py:588} INFO - Filling up the DagBag from /home/airflow/.local/lib/python3.12/site-packages/airflow/example_dags/example_dag_decorator.py
[2024-12-06T21:58:30.630+0000] {processor.py:925} INFO - DAG(s) 'example_dag_decorator' retrieved from /home/airflow/.local/lib/python3.12/site-packages/airflow/example_dags/example_dag_decorator.py
[2024-12-06T21:58:30.834+0000] {logging_mixin.py:190} INFO - [2024-12-06T21:58:30.834+0000] {dag.py:3239} INFO - Sync 1 DAGs
[2024-12-06T21:58:30.859+0000] {logging_mixin.py:190} INFO - [2024-12-06T21:58:30.858+0000] {dag.py:4180} INFO - Setting next_dagrun for example_dag_decorator to None, run_after=None
[2024-12-06T21:58:30.896+0000] {processor.py:208} INFO - Processing /home/airflow/.local/lib/python3.12/site-packages/airflow/example_dags/example_dag_decorator.py took 0.300 seconds
[2024-12-06T21:59:01.398+0000] {processor.py:186} INFO - Started process (PID=2308) to work on /home/airflow/.local/lib/python3.12/site-packages/airflow/example_dags/example_dag_decorator.py
[2024-12-06T21:59:01.399+0000] {processor.py:914} INFO - Processing file /home/airflow/.local/lib/python3.12/site-packages/airflow/example_dags/example_dag_decorator.py for tasks to queue
[2024-12-06T21:59:01.403+0000] {logging_mixin.py:190} INFO - [2024-12-06T21:59:01.403+0000] {dagbag.py:588} INFO - Filling up the DagBag from /home/airflow/.local/lib/python3.12/site-packages/airflow/example_dags/example_dag_decorator.py
[2024-12-06T21:59:01.425+0000] {processor.py:925} INFO - DAG(s) 'example_dag_decorator' retrieved from /home/airflow/.local/lib/python3.12/site-packages/airflow/example_dags/example_dag_decorator.py
[2024-12-06T21:59:01.633+0000] {logging_mixin.py:190} INFO - [2024-12-06T21:59:01.632+0000] {dag.py:3239} INFO - Sync 1 DAGs
[2024-12-06T21:59:01.681+0000] {logging_mixin.py:190} INFO - [2024-12-06T21:59:01.680+0000] {dag.py:4180} INFO - Setting next_dagrun for example_dag_decorator to None, run_after=None
[2024-12-06T21:59:01.730+0000] {processor.py:208} INFO - Processing /home/airflow/.local/lib/python3.12/site-packages/airflow/example_dags/example_dag_decorator.py took 0.342 seconds
[2024-12-06T21:59:32.537+0000] {processor.py:186} INFO - Started process (PID=2371) to work on /home/airflow/.local/lib/python3.12/site-packages/airflow/example_dags/example_dag_decorator.py
[2024-12-06T21:59:32.539+0000] {processor.py:914} INFO - Processing file /home/airflow/.local/lib/python3.12/site-packages/airflow/example_dags/example_dag_decorator.py for tasks to queue
[2024-12-06T21:59:32.542+0000] {logging_mixin.py:190} INFO - [2024-12-06T21:59:32.542+0000] {dagbag.py:588} INFO - Filling up the DagBag from /home/airflow/.local/lib/python3.12/site-packages/airflow/example_dags/example_dag_decorator.py
[2024-12-06T21:59:32.560+0000] {processor.py:925} INFO - DAG(s) 'example_dag_decorator' retrieved from /home/airflow/.local/lib/python3.12/site-packages/airflow/example_dags/example_dag_decorator.py
[2024-12-06T21:59:32.744+0000] {logging_mixin.py:190} INFO - [2024-12-06T21:59:32.744+0000] {dag.py:3239} INFO - Sync 1 DAGs
[2024-12-06T21:59:32.763+0000] {logging_mixin.py:190} INFO - [2024-12-06T21:59:32.763+0000] {dag.py:4180} INFO - Setting next_dagrun for example_dag_decorator to None, run_after=None
[2024-12-06T21:59:32.795+0000] {processor.py:208} INFO - Processing /home/airflow/.local/lib/python3.12/site-packages/airflow/example_dags/example_dag_decorator.py took 0.270 seconds
[2024-12-06T22:00:03.182+0000] {processor.py:186} INFO - Started process (PID=2434) to work on /home/airflow/.local/lib/python3.12/site-packages/airflow/example_dags/example_dag_decorator.py
[2024-12-06T22:00:03.183+0000] {processor.py:914} INFO - Processing file /home/airflow/.local/lib/python3.12/site-packages/airflow/example_dags/example_dag_decorator.py for tasks to queue
[2024-12-06T22:00:03.188+0000] {logging_mixin.py:190} INFO - [2024-12-06T22:00:03.188+0000] {dagbag.py:588} INFO - Filling up the DagBag from /home/airflow/.local/lib/python3.12/site-packages/airflow/example_dags/example_dag_decorator.py
[2024-12-06T22:00:03.205+0000] {processor.py:925} INFO - DAG(s) 'example_dag_decorator' retrieved from /home/airflow/.local/lib/python3.12/site-packages/airflow/example_dags/example_dag_decorator.py
[2024-12-06T22:00:03.387+0000] {logging_mixin.py:190} INFO - [2024-12-06T22:00:03.387+0000] {dag.py:3239} INFO - Sync 1 DAGs
[2024-12-06T22:00:03.408+0000] {logging_mixin.py:190} INFO - [2024-12-06T22:00:03.407+0000] {dag.py:4180} INFO - Setting next_dagrun for example_dag_decorator to None, run_after=None
[2024-12-06T22:00:03.439+0000] {processor.py:208} INFO - Processing /home/airflow/.local/lib/python3.12/site-packages/airflow/example_dags/example_dag_decorator.py took 0.266 seconds
[2024-12-06T22:00:34.204+0000] {processor.py:186} INFO - Started process (PID=2497) to work on /home/airflow/.local/lib/python3.12/site-packages/airflow/example_dags/example_dag_decorator.py
[2024-12-06T22:00:34.210+0000] {processor.py:914} INFO - Processing file /home/airflow/.local/lib/python3.12/site-packages/airflow/example_dags/example_dag_decorator.py for tasks to queue
[2024-12-06T22:00:34.224+0000] {logging_mixin.py:190} INFO - [2024-12-06T22:00:34.222+0000] {dagbag.py:588} INFO - Filling up the DagBag from /home/airflow/.local/lib/python3.12/site-packages/airflow/example_dags/example_dag_decorator.py
[2024-12-06T22:00:34.268+0000] {processor.py:925} INFO - DAG(s) 'example_dag_decorator' retrieved from /home/airflow/.local/lib/python3.12/site-packages/airflow/example_dags/example_dag_decorator.py
[2024-12-06T22:00:34.565+0000] {logging_mixin.py:190} INFO - [2024-12-06T22:00:34.564+0000] {dag.py:3239} INFO - Sync 1 DAGs
[2024-12-06T22:00:34.595+0000] {logging_mixin.py:190} INFO - [2024-12-06T22:00:34.595+0000] {dag.py:4180} INFO - Setting next_dagrun for example_dag_decorator to None, run_after=None
[2024-12-06T22:00:34.639+0000] {processor.py:208} INFO - Processing /home/airflow/.local/lib/python3.12/site-packages/airflow/example_dags/example_dag_decorator.py took 0.463 seconds
[2024-12-06T22:01:04.874+0000] {processor.py:186} INFO - Started process (PID=2560) to work on /home/airflow/.local/lib/python3.12/site-packages/airflow/example_dags/example_dag_decorator.py
[2024-12-06T22:01:04.878+0000] {processor.py:914} INFO - Processing file /home/airflow/.local/lib/python3.12/site-packages/airflow/example_dags/example_dag_decorator.py for tasks to queue
[2024-12-06T22:01:04.886+0000] {logging_mixin.py:190} INFO - [2024-12-06T22:01:04.884+0000] {dagbag.py:588} INFO - Filling up the DagBag from /home/airflow/.local/lib/python3.12/site-packages/airflow/example_dags/example_dag_decorator.py
[2024-12-06T22:01:04.931+0000] {processor.py:925} INFO - DAG(s) 'example_dag_decorator' retrieved from /home/airflow/.local/lib/python3.12/site-packages/airflow/example_dags/example_dag_decorator.py
[2024-12-06T22:01:05.357+0000] {logging_mixin.py:190} INFO - [2024-12-06T22:01:05.356+0000] {dag.py:3239} INFO - Sync 1 DAGs
[2024-12-06T22:01:05.403+0000] {logging_mixin.py:190} INFO - [2024-12-06T22:01:05.403+0000] {dag.py:4180} INFO - Setting next_dagrun for example_dag_decorator to None, run_after=None
[2024-12-06T22:01:05.670+0000] {processor.py:208} INFO - Processing /home/airflow/.local/lib/python3.12/site-packages/airflow/example_dags/example_dag_decorator.py took 0.817 seconds
[2024-12-06T22:01:35.846+0000] {processor.py:186} INFO - Started process (PID=2624) to work on /home/airflow/.local/lib/python3.12/site-packages/airflow/example_dags/example_dag_decorator.py
[2024-12-06T22:01:35.849+0000] {processor.py:914} INFO - Processing file /home/airflow/.local/lib/python3.12/site-packages/airflow/example_dags/example_dag_decorator.py for tasks to queue
[2024-12-06T22:01:35.854+0000] {logging_mixin.py:190} INFO - [2024-12-06T22:01:35.853+0000] {dagbag.py:588} INFO - Filling up the DagBag from /home/airflow/.local/lib/python3.12/site-packages/airflow/example_dags/example_dag_decorator.py
[2024-12-06T22:01:35.885+0000] {processor.py:925} INFO - DAG(s) 'example_dag_decorator' retrieved from /home/airflow/.local/lib/python3.12/site-packages/airflow/example_dags/example_dag_decorator.py
[2024-12-06T22:01:35.938+0000] {logging_mixin.py:190} INFO - [2024-12-06T22:01:35.937+0000] {dag.py:3239} INFO - Sync 1 DAGs
[2024-12-06T22:01:35.972+0000] {logging_mixin.py:190} INFO - [2024-12-06T22:01:35.972+0000] {dag.py:4180} INFO - Setting next_dagrun for example_dag_decorator to None, run_after=None
[2024-12-06T22:01:36.014+0000] {processor.py:208} INFO - Processing /home/airflow/.local/lib/python3.12/site-packages/airflow/example_dags/example_dag_decorator.py took 0.182 seconds
[2024-12-06T22:02:06.358+0000] {processor.py:186} INFO - Started process (PID=2687) to work on /home/airflow/.local/lib/python3.12/site-packages/airflow/example_dags/example_dag_decorator.py
[2024-12-06T22:02:06.360+0000] {processor.py:914} INFO - Processing file /home/airflow/.local/lib/python3.12/site-packages/airflow/example_dags/example_dag_decorator.py for tasks to queue
[2024-12-06T22:02:06.365+0000] {logging_mixin.py:190} INFO - [2024-12-06T22:02:06.365+0000] {dagbag.py:588} INFO - Filling up the DagBag from /home/airflow/.local/lib/python3.12/site-packages/airflow/example_dags/example_dag_decorator.py
[2024-12-06T22:02:06.386+0000] {processor.py:925} INFO - DAG(s) 'example_dag_decorator' retrieved from /home/airflow/.local/lib/python3.12/site-packages/airflow/example_dags/example_dag_decorator.py
[2024-12-06T22:02:06.576+0000] {logging_mixin.py:190} INFO - [2024-12-06T22:02:06.576+0000] {dag.py:3239} INFO - Sync 1 DAGs
[2024-12-06T22:02:06.598+0000] {logging_mixin.py:190} INFO - [2024-12-06T22:02:06.598+0000] {dag.py:4180} INFO - Setting next_dagrun for example_dag_decorator to None, run_after=None
[2024-12-06T22:02:06.626+0000] {processor.py:208} INFO - Processing /home/airflow/.local/lib/python3.12/site-packages/airflow/example_dags/example_dag_decorator.py took 0.277 seconds
[2024-12-06T22:02:36.708+0000] {processor.py:186} INFO - Started process (PID=2749) to work on /home/airflow/.local/lib/python3.12/site-packages/airflow/example_dags/example_dag_decorator.py
[2024-12-06T22:02:36.710+0000] {processor.py:914} INFO - Processing file /home/airflow/.local/lib/python3.12/site-packages/airflow/example_dags/example_dag_decorator.py for tasks to queue
[2024-12-06T22:02:36.714+0000] {logging_mixin.py:190} INFO - [2024-12-06T22:02:36.713+0000] {dagbag.py:588} INFO - Filling up the DagBag from /home/airflow/.local/lib/python3.12/site-packages/airflow/example_dags/example_dag_decorator.py
[2024-12-06T22:02:36.736+0000] {processor.py:925} INFO - DAG(s) 'example_dag_decorator' retrieved from /home/airflow/.local/lib/python3.12/site-packages/airflow/example_dags/example_dag_decorator.py
[2024-12-06T22:02:37.190+0000] {logging_mixin.py:190} INFO - [2024-12-06T22:02:37.189+0000] {dag.py:3239} INFO - Sync 1 DAGs
[2024-12-06T22:02:37.209+0000] {logging_mixin.py:190} INFO - [2024-12-06T22:02:37.208+0000] {dag.py:4180} INFO - Setting next_dagrun for example_dag_decorator to None, run_after=None
[2024-12-06T22:02:37.239+0000] {processor.py:208} INFO - Processing /home/airflow/.local/lib/python3.12/site-packages/airflow/example_dags/example_dag_decorator.py took 0.542 seconds
[2024-12-06T22:03:07.909+0000] {processor.py:186} INFO - Started process (PID=2812) to work on /home/airflow/.local/lib/python3.12/site-packages/airflow/example_dags/example_dag_decorator.py
[2024-12-06T22:03:07.910+0000] {processor.py:914} INFO - Processing file /home/airflow/.local/lib/python3.12/site-packages/airflow/example_dags/example_dag_decorator.py for tasks to queue
[2024-12-06T22:03:07.913+0000] {logging_mixin.py:190} INFO - [2024-12-06T22:03:07.913+0000] {dagbag.py:588} INFO - Filling up the DagBag from /home/airflow/.local/lib/python3.12/site-packages/airflow/example_dags/example_dag_decorator.py
[2024-12-06T22:03:07.930+0000] {processor.py:925} INFO - DAG(s) 'example_dag_decorator' retrieved from /home/airflow/.local/lib/python3.12/site-packages/airflow/example_dags/example_dag_decorator.py
[2024-12-06T22:03:08.101+0000] {logging_mixin.py:190} INFO - [2024-12-06T22:03:08.101+0000] {dag.py:3239} INFO - Sync 1 DAGs
[2024-12-06T22:03:08.120+0000] {logging_mixin.py:190} INFO - [2024-12-06T22:03:08.120+0000] {dag.py:4180} INFO - Setting next_dagrun for example_dag_decorator to None, run_after=None
[2024-12-06T22:03:08.378+0000] {processor.py:208} INFO - Processing /home/airflow/.local/lib/python3.12/site-packages/airflow/example_dags/example_dag_decorator.py took 0.479 seconds
[2024-12-06T22:03:39.470+0000] {processor.py:186} INFO - Started process (PID=2875) to work on /home/airflow/.local/lib/python3.12/site-packages/airflow/example_dags/example_dag_decorator.py
[2024-12-06T22:03:39.471+0000] {processor.py:914} INFO - Processing file /home/airflow/.local/lib/python3.12/site-packages/airflow/example_dags/example_dag_decorator.py for tasks to queue
[2024-12-06T22:03:39.477+0000] {logging_mixin.py:190} INFO - [2024-12-06T22:03:39.476+0000] {dagbag.py:588} INFO - Filling up the DagBag from /home/airflow/.local/lib/python3.12/site-packages/airflow/example_dags/example_dag_decorator.py
[2024-12-06T22:03:39.494+0000] {processor.py:925} INFO - DAG(s) 'example_dag_decorator' retrieved from /home/airflow/.local/lib/python3.12/site-packages/airflow/example_dags/example_dag_decorator.py
[2024-12-06T22:03:39.674+0000] {logging_mixin.py:190} INFO - [2024-12-06T22:03:39.674+0000] {dag.py:3239} INFO - Sync 1 DAGs
[2024-12-06T22:03:39.694+0000] {logging_mixin.py:190} INFO - [2024-12-06T22:03:39.693+0000] {dag.py:4180} INFO - Setting next_dagrun for example_dag_decorator to None, run_after=None
[2024-12-06T22:03:39.724+0000] {processor.py:208} INFO - Processing /home/airflow/.local/lib/python3.12/site-packages/airflow/example_dags/example_dag_decorator.py took 0.262 seconds
[2024-12-06T22:04:10.935+0000] {processor.py:186} INFO - Started process (PID=2937) to work on /home/airflow/.local/lib/python3.12/site-packages/airflow/example_dags/example_dag_decorator.py
[2024-12-06T22:04:10.937+0000] {processor.py:914} INFO - Processing file /home/airflow/.local/lib/python3.12/site-packages/airflow/example_dags/example_dag_decorator.py for tasks to queue
[2024-12-06T22:04:10.940+0000] {logging_mixin.py:190} INFO - [2024-12-06T22:04:10.940+0000] {dagbag.py:588} INFO - Filling up the DagBag from /home/airflow/.local/lib/python3.12/site-packages/airflow/example_dags/example_dag_decorator.py
[2024-12-06T22:04:10.963+0000] {processor.py:925} INFO - DAG(s) 'example_dag_decorator' retrieved from /home/airflow/.local/lib/python3.12/site-packages/airflow/example_dags/example_dag_decorator.py
[2024-12-06T22:04:11.413+0000] {logging_mixin.py:190} INFO - [2024-12-06T22:04:11.413+0000] {dag.py:3239} INFO - Sync 1 DAGs
[2024-12-06T22:04:11.433+0000] {logging_mixin.py:190} INFO - [2024-12-06T22:04:11.433+0000] {dag.py:4180} INFO - Setting next_dagrun for example_dag_decorator to None, run_after=None
[2024-12-06T22:04:11.467+0000] {processor.py:208} INFO - Processing /home/airflow/.local/lib/python3.12/site-packages/airflow/example_dags/example_dag_decorator.py took 0.543 seconds
[2024-12-06T22:04:43.456+0000] {processor.py:186} INFO - Started process (PID=3001) to work on /home/airflow/.local/lib/python3.12/site-packages/airflow/example_dags/example_dag_decorator.py
[2024-12-06T22:04:43.458+0000] {processor.py:914} INFO - Processing file /home/airflow/.local/lib/python3.12/site-packages/airflow/example_dags/example_dag_decorator.py for tasks to queue
[2024-12-06T22:04:43.463+0000] {logging_mixin.py:190} INFO - [2024-12-06T22:04:43.462+0000] {dagbag.py:588} INFO - Filling up the DagBag from /home/airflow/.local/lib/python3.12/site-packages/airflow/example_dags/example_dag_decorator.py
[2024-12-06T22:04:43.488+0000] {processor.py:925} INFO - DAG(s) 'example_dag_decorator' retrieved from /home/airflow/.local/lib/python3.12/site-packages/airflow/example_dags/example_dag_decorator.py
[2024-12-06T22:04:43.933+0000] {logging_mixin.py:190} INFO - [2024-12-06T22:04:43.933+0000] {dag.py:3239} INFO - Sync 1 DAGs
[2024-12-06T22:04:43.954+0000] {logging_mixin.py:190} INFO - [2024-12-06T22:04:43.953+0000] {dag.py:4180} INFO - Setting next_dagrun for example_dag_decorator to None, run_after=None
[2024-12-06T22:04:43.986+0000] {processor.py:208} INFO - Processing /home/airflow/.local/lib/python3.12/site-packages/airflow/example_dags/example_dag_decorator.py took 0.542 seconds
[2024-12-06T22:05:15.850+0000] {processor.py:186} INFO - Started process (PID=3065) to work on /home/airflow/.local/lib/python3.12/site-packages/airflow/example_dags/example_dag_decorator.py
[2024-12-06T22:05:15.854+0000] {processor.py:914} INFO - Processing file /home/airflow/.local/lib/python3.12/site-packages/airflow/example_dags/example_dag_decorator.py for tasks to queue
[2024-12-06T22:05:15.858+0000] {logging_mixin.py:190} INFO - [2024-12-06T22:05:15.857+0000] {dagbag.py:588} INFO - Filling up the DagBag from /home/airflow/.local/lib/python3.12/site-packages/airflow/example_dags/example_dag_decorator.py
[2024-12-06T22:05:15.878+0000] {processor.py:925} INFO - DAG(s) 'example_dag_decorator' retrieved from /home/airflow/.local/lib/python3.12/site-packages/airflow/example_dags/example_dag_decorator.py
[2024-12-06T22:05:16.307+0000] {logging_mixin.py:190} INFO - [2024-12-06T22:05:16.307+0000] {dag.py:3239} INFO - Sync 1 DAGs
[2024-12-06T22:05:16.324+0000] {logging_mixin.py:190} INFO - [2024-12-06T22:05:16.324+0000] {dag.py:4180} INFO - Setting next_dagrun for example_dag_decorator to None, run_after=None
[2024-12-06T22:05:16.348+0000] {processor.py:208} INFO - Processing /home/airflow/.local/lib/python3.12/site-packages/airflow/example_dags/example_dag_decorator.py took 0.508 seconds
[2024-12-06T22:05:47.306+0000] {processor.py:186} INFO - Started process (PID=3126) to work on /home/airflow/.local/lib/python3.12/site-packages/airflow/example_dags/example_dag_decorator.py
[2024-12-06T22:05:47.307+0000] {processor.py:914} INFO - Processing file /home/airflow/.local/lib/python3.12/site-packages/airflow/example_dags/example_dag_decorator.py for tasks to queue
[2024-12-06T22:05:47.311+0000] {logging_mixin.py:190} INFO - [2024-12-06T22:05:47.310+0000] {dagbag.py:588} INFO - Filling up the DagBag from /home/airflow/.local/lib/python3.12/site-packages/airflow/example_dags/example_dag_decorator.py
[2024-12-06T22:05:47.328+0000] {processor.py:925} INFO - DAG(s) 'example_dag_decorator' retrieved from /home/airflow/.local/lib/python3.12/site-packages/airflow/example_dags/example_dag_decorator.py
[2024-12-06T22:05:47.494+0000] {logging_mixin.py:190} INFO - [2024-12-06T22:05:47.494+0000] {dag.py:3239} INFO - Sync 1 DAGs
[2024-12-06T22:05:47.715+0000] {logging_mixin.py:190} INFO - [2024-12-06T22:05:47.715+0000] {dag.py:4180} INFO - Setting next_dagrun for example_dag_decorator to None, run_after=None
[2024-12-06T22:05:47.747+0000] {processor.py:208} INFO - Processing /home/airflow/.local/lib/python3.12/site-packages/airflow/example_dags/example_dag_decorator.py took 0.450 seconds
[2024-12-06T22:06:18.327+0000] {processor.py:186} INFO - Started process (PID=3187) to work on /home/airflow/.local/lib/python3.12/site-packages/airflow/example_dags/example_dag_decorator.py
[2024-12-06T22:06:18.329+0000] {processor.py:914} INFO - Processing file /home/airflow/.local/lib/python3.12/site-packages/airflow/example_dags/example_dag_decorator.py for tasks to queue
[2024-12-06T22:06:18.332+0000] {logging_mixin.py:190} INFO - [2024-12-06T22:06:18.332+0000] {dagbag.py:588} INFO - Filling up the DagBag from /home/airflow/.local/lib/python3.12/site-packages/airflow/example_dags/example_dag_decorator.py
[2024-12-06T22:06:18.349+0000] {processor.py:925} INFO - DAG(s) 'example_dag_decorator' retrieved from /home/airflow/.local/lib/python3.12/site-packages/airflow/example_dags/example_dag_decorator.py
[2024-12-06T22:06:18.728+0000] {logging_mixin.py:190} INFO - [2024-12-06T22:06:18.728+0000] {dag.py:3239} INFO - Sync 1 DAGs
[2024-12-06T22:06:18.748+0000] {logging_mixin.py:190} INFO - [2024-12-06T22:06:18.748+0000] {dag.py:4180} INFO - Setting next_dagrun for example_dag_decorator to None, run_after=None
[2024-12-06T22:06:18.772+0000] {processor.py:208} INFO - Processing /home/airflow/.local/lib/python3.12/site-packages/airflow/example_dags/example_dag_decorator.py took 0.455 seconds
[2024-12-06T22:06:49.873+0000] {processor.py:186} INFO - Started process (PID=3257) to work on /home/airflow/.local/lib/python3.12/site-packages/airflow/example_dags/example_dag_decorator.py
[2024-12-06T22:06:49.875+0000] {processor.py:914} INFO - Processing file /home/airflow/.local/lib/python3.12/site-packages/airflow/example_dags/example_dag_decorator.py for tasks to queue
[2024-12-06T22:06:49.879+0000] {logging_mixin.py:190} INFO - [2024-12-06T22:06:49.879+0000] {dagbag.py:588} INFO - Filling up the DagBag from /home/airflow/.local/lib/python3.12/site-packages/airflow/example_dags/example_dag_decorator.py
[2024-12-06T22:06:49.897+0000] {processor.py:925} INFO - DAG(s) 'example_dag_decorator' retrieved from /home/airflow/.local/lib/python3.12/site-packages/airflow/example_dags/example_dag_decorator.py
[2024-12-06T22:06:50.301+0000] {logging_mixin.py:190} INFO - [2024-12-06T22:06:50.301+0000] {dag.py:3239} INFO - Sync 1 DAGs
[2024-12-06T22:06:50.321+0000] {logging_mixin.py:190} INFO - [2024-12-06T22:06:50.320+0000] {dag.py:4180} INFO - Setting next_dagrun for example_dag_decorator to None, run_after=None
[2024-12-06T22:06:50.351+0000] {processor.py:208} INFO - Processing /home/airflow/.local/lib/python3.12/site-packages/airflow/example_dags/example_dag_decorator.py took 0.486 seconds
[2024-12-06T22:07:21.991+0000] {processor.py:186} INFO - Started process (PID=3323) to work on /home/airflow/.local/lib/python3.12/site-packages/airflow/example_dags/example_dag_decorator.py
[2024-12-06T22:07:21.992+0000] {processor.py:914} INFO - Processing file /home/airflow/.local/lib/python3.12/site-packages/airflow/example_dags/example_dag_decorator.py for tasks to queue
[2024-12-06T22:07:21.997+0000] {logging_mixin.py:190} INFO - [2024-12-06T22:07:21.996+0000] {dagbag.py:588} INFO - Filling up the DagBag from /home/airflow/.local/lib/python3.12/site-packages/airflow/example_dags/example_dag_decorator.py
[2024-12-06T22:07:22.015+0000] {processor.py:925} INFO - DAG(s) 'example_dag_decorator' retrieved from /home/airflow/.local/lib/python3.12/site-packages/airflow/example_dags/example_dag_decorator.py
[2024-12-06T22:07:22.392+0000] {logging_mixin.py:190} INFO - [2024-12-06T22:07:22.391+0000] {dag.py:3239} INFO - Sync 1 DAGs
[2024-12-06T22:07:22.411+0000] {logging_mixin.py:190} INFO - [2024-12-06T22:07:22.410+0000] {dag.py:4180} INFO - Setting next_dagrun for example_dag_decorator to None, run_after=None
[2024-12-06T22:07:22.441+0000] {processor.py:208} INFO - Processing /home/airflow/.local/lib/python3.12/site-packages/airflow/example_dags/example_dag_decorator.py took 0.459 seconds
[2024-12-06T22:07:52.651+0000] {processor.py:186} INFO - Started process (PID=3377) to work on /home/airflow/.local/lib/python3.12/site-packages/airflow/example_dags/example_dag_decorator.py
[2024-12-06T22:07:52.653+0000] {processor.py:914} INFO - Processing file /home/airflow/.local/lib/python3.12/site-packages/airflow/example_dags/example_dag_decorator.py for tasks to queue
[2024-12-06T22:07:52.658+0000] {logging_mixin.py:190} INFO - [2024-12-06T22:07:52.657+0000] {dagbag.py:588} INFO - Filling up the DagBag from /home/airflow/.local/lib/python3.12/site-packages/airflow/example_dags/example_dag_decorator.py
[2024-12-06T22:07:52.685+0000] {processor.py:925} INFO - DAG(s) 'example_dag_decorator' retrieved from /home/airflow/.local/lib/python3.12/site-packages/airflow/example_dags/example_dag_decorator.py
[2024-12-06T22:07:53.229+0000] {logging_mixin.py:190} INFO - [2024-12-06T22:07:53.229+0000] {dag.py:3239} INFO - Sync 1 DAGs
[2024-12-06T22:07:53.255+0000] {logging_mixin.py:190} INFO - [2024-12-06T22:07:53.255+0000] {dag.py:4180} INFO - Setting next_dagrun for example_dag_decorator to None, run_after=None
[2024-12-06T22:07:53.293+0000] {processor.py:208} INFO - Processing /home/airflow/.local/lib/python3.12/site-packages/airflow/example_dags/example_dag_decorator.py took 0.656 seconds
[2024-12-06T22:08:23.364+0000] {processor.py:186} INFO - Started process (PID=3438) to work on /home/airflow/.local/lib/python3.12/site-packages/airflow/example_dags/example_dag_decorator.py
[2024-12-06T22:08:23.366+0000] {processor.py:914} INFO - Processing file /home/airflow/.local/lib/python3.12/site-packages/airflow/example_dags/example_dag_decorator.py for tasks to queue
[2024-12-06T22:08:23.371+0000] {logging_mixin.py:190} INFO - [2024-12-06T22:08:23.371+0000] {dagbag.py:588} INFO - Filling up the DagBag from /home/airflow/.local/lib/python3.12/site-packages/airflow/example_dags/example_dag_decorator.py
[2024-12-06T22:08:23.390+0000] {processor.py:925} INFO - DAG(s) 'example_dag_decorator' retrieved from /home/airflow/.local/lib/python3.12/site-packages/airflow/example_dags/example_dag_decorator.py
[2024-12-06T22:08:23.856+0000] {logging_mixin.py:190} INFO - [2024-12-06T22:08:23.856+0000] {dag.py:3239} INFO - Sync 1 DAGs
[2024-12-06T22:08:23.874+0000] {logging_mixin.py:190} INFO - [2024-12-06T22:08:23.874+0000] {dag.py:4180} INFO - Setting next_dagrun for example_dag_decorator to None, run_after=None
[2024-12-06T22:08:23.904+0000] {processor.py:208} INFO - Processing /home/airflow/.local/lib/python3.12/site-packages/airflow/example_dags/example_dag_decorator.py took 0.548 seconds
[2024-12-06T22:08:57.299+0000] {processor.py:186} INFO - Started process (PID=3501) to work on /home/airflow/.local/lib/python3.12/site-packages/airflow/example_dags/example_dag_decorator.py
[2024-12-06T22:08:57.301+0000] {processor.py:914} INFO - Processing file /home/airflow/.local/lib/python3.12/site-packages/airflow/example_dags/example_dag_decorator.py for tasks to queue
[2024-12-06T22:08:57.307+0000] {logging_mixin.py:190} INFO - [2024-12-06T22:08:57.306+0000] {dagbag.py:588} INFO - Filling up the DagBag from /home/airflow/.local/lib/python3.12/site-packages/airflow/example_dags/example_dag_decorator.py
[2024-12-06T22:08:57.331+0000] {processor.py:925} INFO - DAG(s) 'example_dag_decorator' retrieved from /home/airflow/.local/lib/python3.12/site-packages/airflow/example_dags/example_dag_decorator.py
[2024-12-06T22:08:57.762+0000] {logging_mixin.py:190} INFO - [2024-12-06T22:08:57.762+0000] {dag.py:3239} INFO - Sync 1 DAGs
[2024-12-06T22:08:57.791+0000] {logging_mixin.py:190} INFO - [2024-12-06T22:08:57.791+0000] {dag.py:4180} INFO - Setting next_dagrun for example_dag_decorator to None, run_after=None
[2024-12-06T22:08:57.820+0000] {processor.py:208} INFO - Processing /home/airflow/.local/lib/python3.12/site-packages/airflow/example_dags/example_dag_decorator.py took 0.532 seconds
[2024-12-06T22:09:27.962+0000] {processor.py:186} INFO - Started process (PID=3565) to work on /home/airflow/.local/lib/python3.12/site-packages/airflow/example_dags/example_dag_decorator.py
[2024-12-06T22:09:27.964+0000] {processor.py:914} INFO - Processing file /home/airflow/.local/lib/python3.12/site-packages/airflow/example_dags/example_dag_decorator.py for tasks to queue
[2024-12-06T22:09:27.969+0000] {logging_mixin.py:190} INFO - [2024-12-06T22:09:27.968+0000] {dagbag.py:588} INFO - Filling up the DagBag from /home/airflow/.local/lib/python3.12/site-packages/airflow/example_dags/example_dag_decorator.py
[2024-12-06T22:09:27.991+0000] {processor.py:925} INFO - DAG(s) 'example_dag_decorator' retrieved from /home/airflow/.local/lib/python3.12/site-packages/airflow/example_dags/example_dag_decorator.py
[2024-12-06T22:09:28.182+0000] {logging_mixin.py:190} INFO - [2024-12-06T22:09:28.182+0000] {dag.py:3239} INFO - Sync 1 DAGs
[2024-12-06T22:09:28.206+0000] {logging_mixin.py:190} INFO - [2024-12-06T22:09:28.205+0000] {dag.py:4180} INFO - Setting next_dagrun for example_dag_decorator to None, run_after=None
[2024-12-06T22:09:28.235+0000] {processor.py:208} INFO - Processing /home/airflow/.local/lib/python3.12/site-packages/airflow/example_dags/example_dag_decorator.py took 0.284 seconds
[2024-12-06T22:09:58.541+0000] {processor.py:186} INFO - Started process (PID=3628) to work on /home/airflow/.local/lib/python3.12/site-packages/airflow/example_dags/example_dag_decorator.py
[2024-12-06T22:09:58.545+0000] {processor.py:914} INFO - Processing file /home/airflow/.local/lib/python3.12/site-packages/airflow/example_dags/example_dag_decorator.py for tasks to queue
[2024-12-06T22:09:58.550+0000] {logging_mixin.py:190} INFO - [2024-12-06T22:09:58.549+0000] {dagbag.py:588} INFO - Filling up the DagBag from /home/airflow/.local/lib/python3.12/site-packages/airflow/example_dags/example_dag_decorator.py
[2024-12-06T22:09:58.572+0000] {processor.py:925} INFO - DAG(s) 'example_dag_decorator' retrieved from /home/airflow/.local/lib/python3.12/site-packages/airflow/example_dags/example_dag_decorator.py
[2024-12-06T22:09:58.747+0000] {logging_mixin.py:190} INFO - [2024-12-06T22:09:58.747+0000] {dag.py:3239} INFO - Sync 1 DAGs
[2024-12-06T22:09:58.768+0000] {logging_mixin.py:190} INFO - [2024-12-06T22:09:58.768+0000] {dag.py:4180} INFO - Setting next_dagrun for example_dag_decorator to None, run_after=None
[2024-12-06T22:09:58.799+0000] {processor.py:208} INFO - Processing /home/airflow/.local/lib/python3.12/site-packages/airflow/example_dags/example_dag_decorator.py took 0.270 seconds
[2024-12-06T22:10:28.969+0000] {processor.py:186} INFO - Started process (PID=3683) to work on /home/airflow/.local/lib/python3.12/site-packages/airflow/example_dags/example_dag_decorator.py
[2024-12-06T22:10:28.970+0000] {processor.py:914} INFO - Processing file /home/airflow/.local/lib/python3.12/site-packages/airflow/example_dags/example_dag_decorator.py for tasks to queue
[2024-12-06T22:10:28.975+0000] {logging_mixin.py:190} INFO - [2024-12-06T22:10:28.974+0000] {dagbag.py:588} INFO - Filling up the DagBag from /home/airflow/.local/lib/python3.12/site-packages/airflow/example_dags/example_dag_decorator.py
[2024-12-06T22:10:28.993+0000] {processor.py:925} INFO - DAG(s) 'example_dag_decorator' retrieved from /home/airflow/.local/lib/python3.12/site-packages/airflow/example_dags/example_dag_decorator.py
[2024-12-06T22:10:29.174+0000] {logging_mixin.py:190} INFO - [2024-12-06T22:10:29.174+0000] {dag.py:3239} INFO - Sync 1 DAGs
[2024-12-06T22:10:29.193+0000] {logging_mixin.py:190} INFO - [2024-12-06T22:10:29.193+0000] {dag.py:4180} INFO - Setting next_dagrun for example_dag_decorator to None, run_after=None
[2024-12-06T22:10:29.226+0000] {processor.py:208} INFO - Processing /home/airflow/.local/lib/python3.12/site-packages/airflow/example_dags/example_dag_decorator.py took 0.267 seconds
[2024-12-06T22:10:59.328+0000] {processor.py:186} INFO - Started process (PID=3745) to work on /home/airflow/.local/lib/python3.12/site-packages/airflow/example_dags/example_dag_decorator.py
[2024-12-06T22:10:59.330+0000] {processor.py:914} INFO - Processing file /home/airflow/.local/lib/python3.12/site-packages/airflow/example_dags/example_dag_decorator.py for tasks to queue
[2024-12-06T22:10:59.333+0000] {logging_mixin.py:190} INFO - [2024-12-06T22:10:59.332+0000] {dagbag.py:588} INFO - Filling up the DagBag from /home/airflow/.local/lib/python3.12/site-packages/airflow/example_dags/example_dag_decorator.py
[2024-12-06T22:10:59.352+0000] {processor.py:925} INFO - DAG(s) 'example_dag_decorator' retrieved from /home/airflow/.local/lib/python3.12/site-packages/airflow/example_dags/example_dag_decorator.py
[2024-12-06T22:10:59.535+0000] {logging_mixin.py:190} INFO - [2024-12-06T22:10:59.534+0000] {dag.py:3239} INFO - Sync 1 DAGs
[2024-12-06T22:10:59.562+0000] {logging_mixin.py:190} INFO - [2024-12-06T22:10:59.561+0000] {dag.py:4180} INFO - Setting next_dagrun for example_dag_decorator to None, run_after=None
[2024-12-06T22:10:59.597+0000] {processor.py:208} INFO - Processing /home/airflow/.local/lib/python3.12/site-packages/airflow/example_dags/example_dag_decorator.py took 0.278 seconds
