[2024-12-06T21:40:51.914+0000] {processor.py:186} INFO - Started process (PID=90) to work on /home/airflow/.local/lib/python3.12/site-packages/airflow/example_dags/example_bash_decorator.py
[2024-12-06T21:40:51.915+0000] {processor.py:914} INFO - Processing file /home/airflow/.local/lib/python3.12/site-packages/airflow/example_dags/example_bash_decorator.py for tasks to queue
[2024-12-06T21:40:51.919+0000] {logging_mixin.py:190} INFO - [2024-12-06T21:40:51.918+0000] {dagbag.py:588} INFO - Filling up the DagBag from /home/airflow/.local/lib/python3.12/site-packages/airflow/example_dags/example_bash_decorator.py
[2024-12-06T21:40:51.953+0000] {processor.py:925} INFO - DAG(s) 'example_bash_decorator' retrieved from /home/airflow/.local/lib/python3.12/site-packages/airflow/example_dags/example_bash_decorator.py
[2024-12-06T21:40:52.088+0000] {logging_mixin.py:190} INFO - [2024-12-06T21:40:52.087+0000] {override.py:1911} INFO - Created Permission View: can edit on DAG:example_bash_decorator
[2024-12-06T21:40:52.099+0000] {logging_mixin.py:190} INFO - [2024-12-06T21:40:52.099+0000] {override.py:1911} INFO - Created Permission View: can delete on DAG:example_bash_decorator
[2024-12-06T21:40:52.108+0000] {logging_mixin.py:190} INFO - [2024-12-06T21:40:52.108+0000] {override.py:1911} INFO - Created Permission View: can read on DAG:example_bash_decorator
[2024-12-06T21:40:52.118+0000] {logging_mixin.py:190} INFO - [2024-12-06T21:40:52.117+0000] {override.py:1911} INFO - Created Permission View: menu access on DAG Run:example_bash_decorator
[2024-12-06T21:40:52.126+0000] {logging_mixin.py:190} INFO - [2024-12-06T21:40:52.126+0000] {override.py:1911} INFO - Created Permission View: can create on DAG Run:example_bash_decorator
[2024-12-06T21:40:52.135+0000] {logging_mixin.py:190} INFO - [2024-12-06T21:40:52.134+0000] {override.py:1911} INFO - Created Permission View: can delete on DAG Run:example_bash_decorator
[2024-12-06T21:40:52.143+0000] {logging_mixin.py:190} INFO - [2024-12-06T21:40:52.143+0000] {override.py:1911} INFO - Created Permission View: can read on DAG Run:example_bash_decorator
[2024-12-06T21:40:52.144+0000] {logging_mixin.py:190} INFO - [2024-12-06T21:40:52.144+0000] {dag.py:3239} INFO - Sync 1 DAGs
[2024-12-06T21:40:52.161+0000] {logging_mixin.py:190} INFO - [2024-12-06T21:40:52.161+0000] {dag.py:3262} INFO - Creating ORM DAG for example_bash_decorator
[2024-12-06T21:40:52.162+0000] {logging_mixin.py:190} INFO - [2024-12-06T21:40:52.162+0000] {dag.py:4180} INFO - Setting next_dagrun for example_bash_decorator to None, run_after=None
[2024-12-06T21:40:52.180+0000] {processor.py:208} INFO - Processing /home/airflow/.local/lib/python3.12/site-packages/airflow/example_dags/example_bash_decorator.py took 0.273 seconds
[2024-12-06T21:41:23.060+0000] {processor.py:186} INFO - Started process (PID=153) to work on /home/airflow/.local/lib/python3.12/site-packages/airflow/example_dags/example_bash_decorator.py
[2024-12-06T21:41:23.061+0000] {processor.py:914} INFO - Processing file /home/airflow/.local/lib/python3.12/site-packages/airflow/example_dags/example_bash_decorator.py for tasks to queue
[2024-12-06T21:41:23.064+0000] {logging_mixin.py:190} INFO - [2024-12-06T21:41:23.064+0000] {dagbag.py:588} INFO - Filling up the DagBag from /home/airflow/.local/lib/python3.12/site-packages/airflow/example_dags/example_bash_decorator.py
[2024-12-06T21:41:23.085+0000] {processor.py:925} INFO - DAG(s) 'example_bash_decorator' retrieved from /home/airflow/.local/lib/python3.12/site-packages/airflow/example_dags/example_bash_decorator.py
[2024-12-06T21:41:23.115+0000] {logging_mixin.py:190} INFO - [2024-12-06T21:41:23.114+0000] {dag.py:3239} INFO - Sync 1 DAGs
[2024-12-06T21:41:23.136+0000] {logging_mixin.py:190} INFO - [2024-12-06T21:41:23.136+0000] {dag.py:4180} INFO - Setting next_dagrun for example_bash_decorator to None, run_after=None
[2024-12-06T21:41:23.158+0000] {processor.py:208} INFO - Processing /home/airflow/.local/lib/python3.12/site-packages/airflow/example_dags/example_bash_decorator.py took 0.106 seconds
[2024-12-06T21:41:54.392+0000] {processor.py:186} INFO - Started process (PID=216) to work on /home/airflow/.local/lib/python3.12/site-packages/airflow/example_dags/example_bash_decorator.py
[2024-12-06T21:41:54.394+0000] {processor.py:914} INFO - Processing file /home/airflow/.local/lib/python3.12/site-packages/airflow/example_dags/example_bash_decorator.py for tasks to queue
[2024-12-06T21:41:54.397+0000] {logging_mixin.py:190} INFO - [2024-12-06T21:41:54.396+0000] {dagbag.py:588} INFO - Filling up the DagBag from /home/airflow/.local/lib/python3.12/site-packages/airflow/example_dags/example_bash_decorator.py
[2024-12-06T21:41:54.415+0000] {processor.py:925} INFO - DAG(s) 'example_bash_decorator' retrieved from /home/airflow/.local/lib/python3.12/site-packages/airflow/example_dags/example_bash_decorator.py
[2024-12-06T21:41:54.444+0000] {logging_mixin.py:190} INFO - [2024-12-06T21:41:54.444+0000] {dag.py:3239} INFO - Sync 1 DAGs
[2024-12-06T21:41:54.462+0000] {logging_mixin.py:190} INFO - [2024-12-06T21:41:54.462+0000] {dag.py:4180} INFO - Setting next_dagrun for example_bash_decorator to None, run_after=None
[2024-12-06T21:41:54.490+0000] {processor.py:208} INFO - Processing /home/airflow/.local/lib/python3.12/site-packages/airflow/example_dags/example_bash_decorator.py took 0.105 seconds
[2024-12-06T21:42:25.533+0000] {processor.py:186} INFO - Started process (PID=279) to work on /home/airflow/.local/lib/python3.12/site-packages/airflow/example_dags/example_bash_decorator.py
[2024-12-06T21:42:25.535+0000] {processor.py:914} INFO - Processing file /home/airflow/.local/lib/python3.12/site-packages/airflow/example_dags/example_bash_decorator.py for tasks to queue
[2024-12-06T21:42:25.538+0000] {logging_mixin.py:190} INFO - [2024-12-06T21:42:25.537+0000] {dagbag.py:588} INFO - Filling up the DagBag from /home/airflow/.local/lib/python3.12/site-packages/airflow/example_dags/example_bash_decorator.py
[2024-12-06T21:42:25.557+0000] {processor.py:925} INFO - DAG(s) 'example_bash_decorator' retrieved from /home/airflow/.local/lib/python3.12/site-packages/airflow/example_dags/example_bash_decorator.py
[2024-12-06T21:42:25.590+0000] {logging_mixin.py:190} INFO - [2024-12-06T21:42:25.590+0000] {dag.py:3239} INFO - Sync 1 DAGs
[2024-12-06T21:42:25.608+0000] {logging_mixin.py:190} INFO - [2024-12-06T21:42:25.607+0000] {dag.py:4180} INFO - Setting next_dagrun for example_bash_decorator to None, run_after=None
[2024-12-06T21:42:25.632+0000] {processor.py:208} INFO - Processing /home/airflow/.local/lib/python3.12/site-packages/airflow/example_dags/example_bash_decorator.py took 0.106 seconds
[2024-12-06T21:42:56.648+0000] {processor.py:186} INFO - Started process (PID=342) to work on /home/airflow/.local/lib/python3.12/site-packages/airflow/example_dags/example_bash_decorator.py
[2024-12-06T21:42:56.649+0000] {processor.py:914} INFO - Processing file /home/airflow/.local/lib/python3.12/site-packages/airflow/example_dags/example_bash_decorator.py for tasks to queue
[2024-12-06T21:42:56.652+0000] {logging_mixin.py:190} INFO - [2024-12-06T21:42:56.652+0000] {dagbag.py:588} INFO - Filling up the DagBag from /home/airflow/.local/lib/python3.12/site-packages/airflow/example_dags/example_bash_decorator.py
[2024-12-06T21:42:56.670+0000] {processor.py:925} INFO - DAG(s) 'example_bash_decorator' retrieved from /home/airflow/.local/lib/python3.12/site-packages/airflow/example_dags/example_bash_decorator.py
[2024-12-06T21:42:56.701+0000] {logging_mixin.py:190} INFO - [2024-12-06T21:42:56.700+0000] {dag.py:3239} INFO - Sync 1 DAGs
[2024-12-06T21:42:56.719+0000] {logging_mixin.py:190} INFO - [2024-12-06T21:42:56.719+0000] {dag.py:4180} INFO - Setting next_dagrun for example_bash_decorator to None, run_after=None
[2024-12-06T21:42:56.742+0000] {processor.py:208} INFO - Processing /home/airflow/.local/lib/python3.12/site-packages/airflow/example_dags/example_bash_decorator.py took 0.102 seconds
[2024-12-06T21:43:28.413+0000] {processor.py:186} INFO - Started process (PID=405) to work on /home/airflow/.local/lib/python3.12/site-packages/airflow/example_dags/example_bash_decorator.py
[2024-12-06T21:43:28.414+0000] {processor.py:914} INFO - Processing file /home/airflow/.local/lib/python3.12/site-packages/airflow/example_dags/example_bash_decorator.py for tasks to queue
[2024-12-06T21:43:28.419+0000] {logging_mixin.py:190} INFO - [2024-12-06T21:43:28.418+0000] {dagbag.py:588} INFO - Filling up the DagBag from /home/airflow/.local/lib/python3.12/site-packages/airflow/example_dags/example_bash_decorator.py
[2024-12-06T21:43:28.441+0000] {processor.py:925} INFO - DAG(s) 'example_bash_decorator' retrieved from /home/airflow/.local/lib/python3.12/site-packages/airflow/example_dags/example_bash_decorator.py
[2024-12-06T21:43:28.475+0000] {logging_mixin.py:190} INFO - [2024-12-06T21:43:28.475+0000] {dag.py:3239} INFO - Sync 1 DAGs
[2024-12-06T21:43:28.494+0000] {logging_mixin.py:190} INFO - [2024-12-06T21:43:28.494+0000] {dag.py:4180} INFO - Setting next_dagrun for example_bash_decorator to None, run_after=None
[2024-12-06T21:43:28.521+0000] {processor.py:208} INFO - Processing /home/airflow/.local/lib/python3.12/site-packages/airflow/example_dags/example_bash_decorator.py took 0.118 seconds
[2024-12-06T21:43:59.984+0000] {processor.py:186} INFO - Started process (PID=468) to work on /home/airflow/.local/lib/python3.12/site-packages/airflow/example_dags/example_bash_decorator.py
[2024-12-06T21:43:59.986+0000] {processor.py:914} INFO - Processing file /home/airflow/.local/lib/python3.12/site-packages/airflow/example_dags/example_bash_decorator.py for tasks to queue
[2024-12-06T21:43:59.990+0000] {logging_mixin.py:190} INFO - [2024-12-06T21:43:59.990+0000] {dagbag.py:588} INFO - Filling up the DagBag from /home/airflow/.local/lib/python3.12/site-packages/airflow/example_dags/example_bash_decorator.py
[2024-12-06T21:44:00.032+0000] {processor.py:925} INFO - DAG(s) 'example_bash_decorator' retrieved from /home/airflow/.local/lib/python3.12/site-packages/airflow/example_dags/example_bash_decorator.py
[2024-12-06T21:44:00.076+0000] {logging_mixin.py:190} INFO - [2024-12-06T21:44:00.075+0000] {dag.py:3239} INFO - Sync 1 DAGs
[2024-12-06T21:44:00.108+0000] {logging_mixin.py:190} INFO - [2024-12-06T21:44:00.108+0000] {dag.py:4180} INFO - Setting next_dagrun for example_bash_decorator to None, run_after=None
[2024-12-06T21:44:00.137+0000] {processor.py:208} INFO - Processing /home/airflow/.local/lib/python3.12/site-packages/airflow/example_dags/example_bash_decorator.py took 0.162 seconds
[2024-12-06T21:44:31.407+0000] {processor.py:186} INFO - Started process (PID=531) to work on /home/airflow/.local/lib/python3.12/site-packages/airflow/example_dags/example_bash_decorator.py
[2024-12-06T21:44:31.409+0000] {processor.py:914} INFO - Processing file /home/airflow/.local/lib/python3.12/site-packages/airflow/example_dags/example_bash_decorator.py for tasks to queue
[2024-12-06T21:44:31.412+0000] {logging_mixin.py:190} INFO - [2024-12-06T21:44:31.411+0000] {dagbag.py:588} INFO - Filling up the DagBag from /home/airflow/.local/lib/python3.12/site-packages/airflow/example_dags/example_bash_decorator.py
[2024-12-06T21:44:31.431+0000] {processor.py:925} INFO - DAG(s) 'example_bash_decorator' retrieved from /home/airflow/.local/lib/python3.12/site-packages/airflow/example_dags/example_bash_decorator.py
[2024-12-06T21:44:31.461+0000] {logging_mixin.py:190} INFO - [2024-12-06T21:44:31.461+0000] {dag.py:3239} INFO - Sync 1 DAGs
[2024-12-06T21:44:31.479+0000] {logging_mixin.py:190} INFO - [2024-12-06T21:44:31.479+0000] {dag.py:4180} INFO - Setting next_dagrun for example_bash_decorator to None, run_after=None
[2024-12-06T21:44:31.500+0000] {processor.py:208} INFO - Processing /home/airflow/.local/lib/python3.12/site-packages/airflow/example_dags/example_bash_decorator.py took 0.101 seconds
[2024-12-06T21:45:02.828+0000] {processor.py:186} INFO - Started process (PID=594) to work on /home/airflow/.local/lib/python3.12/site-packages/airflow/example_dags/example_bash_decorator.py
[2024-12-06T21:45:02.829+0000] {processor.py:914} INFO - Processing file /home/airflow/.local/lib/python3.12/site-packages/airflow/example_dags/example_bash_decorator.py for tasks to queue
[2024-12-06T21:45:02.832+0000] {logging_mixin.py:190} INFO - [2024-12-06T21:45:02.832+0000] {dagbag.py:588} INFO - Filling up the DagBag from /home/airflow/.local/lib/python3.12/site-packages/airflow/example_dags/example_bash_decorator.py
[2024-12-06T21:45:02.857+0000] {processor.py:925} INFO - DAG(s) 'example_bash_decorator' retrieved from /home/airflow/.local/lib/python3.12/site-packages/airflow/example_dags/example_bash_decorator.py
[2024-12-06T21:45:02.887+0000] {logging_mixin.py:190} INFO - [2024-12-06T21:45:02.887+0000] {dag.py:3239} INFO - Sync 1 DAGs
[2024-12-06T21:45:02.905+0000] {logging_mixin.py:190} INFO - [2024-12-06T21:45:02.904+0000] {dag.py:4180} INFO - Setting next_dagrun for example_bash_decorator to None, run_after=None
[2024-12-06T21:45:02.926+0000] {processor.py:208} INFO - Processing /home/airflow/.local/lib/python3.12/site-packages/airflow/example_dags/example_bash_decorator.py took 0.107 seconds
[2024-12-06T21:45:34.330+0000] {processor.py:186} INFO - Started process (PID=658) to work on /home/airflow/.local/lib/python3.12/site-packages/airflow/example_dags/example_bash_decorator.py
[2024-12-06T21:45:34.331+0000] {processor.py:914} INFO - Processing file /home/airflow/.local/lib/python3.12/site-packages/airflow/example_dags/example_bash_decorator.py for tasks to queue
[2024-12-06T21:45:34.335+0000] {logging_mixin.py:190} INFO - [2024-12-06T21:45:34.334+0000] {dagbag.py:588} INFO - Filling up the DagBag from /home/airflow/.local/lib/python3.12/site-packages/airflow/example_dags/example_bash_decorator.py
[2024-12-06T21:45:34.358+0000] {processor.py:925} INFO - DAG(s) 'example_bash_decorator' retrieved from /home/airflow/.local/lib/python3.12/site-packages/airflow/example_dags/example_bash_decorator.py
[2024-12-06T21:45:34.394+0000] {logging_mixin.py:190} INFO - [2024-12-06T21:45:34.394+0000] {dag.py:3239} INFO - Sync 1 DAGs
[2024-12-06T21:45:34.418+0000] {logging_mixin.py:190} INFO - [2024-12-06T21:45:34.418+0000] {dag.py:4180} INFO - Setting next_dagrun for example_bash_decorator to None, run_after=None
[2024-12-06T21:45:34.445+0000] {processor.py:208} INFO - Processing /home/airflow/.local/lib/python3.12/site-packages/airflow/example_dags/example_bash_decorator.py took 0.125 seconds
[2024-12-06T21:46:06.269+0000] {processor.py:186} INFO - Started process (PID=721) to work on /home/airflow/.local/lib/python3.12/site-packages/airflow/example_dags/example_bash_decorator.py
[2024-12-06T21:46:06.271+0000] {processor.py:914} INFO - Processing file /home/airflow/.local/lib/python3.12/site-packages/airflow/example_dags/example_bash_decorator.py for tasks to queue
[2024-12-06T21:46:06.274+0000] {logging_mixin.py:190} INFO - [2024-12-06T21:46:06.274+0000] {dagbag.py:588} INFO - Filling up the DagBag from /home/airflow/.local/lib/python3.12/site-packages/airflow/example_dags/example_bash_decorator.py
[2024-12-06T21:46:06.294+0000] {processor.py:925} INFO - DAG(s) 'example_bash_decorator' retrieved from /home/airflow/.local/lib/python3.12/site-packages/airflow/example_dags/example_bash_decorator.py
[2024-12-06T21:46:06.324+0000] {logging_mixin.py:190} INFO - [2024-12-06T21:46:06.324+0000] {dag.py:3239} INFO - Sync 1 DAGs
[2024-12-06T21:46:06.342+0000] {logging_mixin.py:190} INFO - [2024-12-06T21:46:06.342+0000] {dag.py:4180} INFO - Setting next_dagrun for example_bash_decorator to None, run_after=None
[2024-12-06T21:46:06.365+0000] {processor.py:208} INFO - Processing /home/airflow/.local/lib/python3.12/site-packages/airflow/example_dags/example_bash_decorator.py took 0.103 seconds
[2024-12-06T21:46:38.177+0000] {processor.py:186} INFO - Started process (PID=789) to work on /home/airflow/.local/lib/python3.12/site-packages/airflow/example_dags/example_bash_decorator.py
[2024-12-06T21:46:38.179+0000] {processor.py:914} INFO - Processing file /home/airflow/.local/lib/python3.12/site-packages/airflow/example_dags/example_bash_decorator.py for tasks to queue
[2024-12-06T21:46:38.182+0000] {logging_mixin.py:190} INFO - [2024-12-06T21:46:38.182+0000] {dagbag.py:588} INFO - Filling up the DagBag from /home/airflow/.local/lib/python3.12/site-packages/airflow/example_dags/example_bash_decorator.py
[2024-12-06T21:46:38.205+0000] {processor.py:925} INFO - DAG(s) 'example_bash_decorator' retrieved from /home/airflow/.local/lib/python3.12/site-packages/airflow/example_dags/example_bash_decorator.py
[2024-12-06T21:46:38.241+0000] {logging_mixin.py:190} INFO - [2024-12-06T21:46:38.241+0000] {dag.py:3239} INFO - Sync 1 DAGs
[2024-12-06T21:46:38.263+0000] {logging_mixin.py:190} INFO - [2024-12-06T21:46:38.262+0000] {dag.py:4180} INFO - Setting next_dagrun for example_bash_decorator to None, run_after=None
[2024-12-06T21:46:38.288+0000] {processor.py:208} INFO - Processing /home/airflow/.local/lib/python3.12/site-packages/airflow/example_dags/example_bash_decorator.py took 0.121 seconds
[2024-12-06T21:47:09.519+0000] {processor.py:186} INFO - Started process (PID=852) to work on /home/airflow/.local/lib/python3.12/site-packages/airflow/example_dags/example_bash_decorator.py
[2024-12-06T21:47:09.520+0000] {processor.py:914} INFO - Processing file /home/airflow/.local/lib/python3.12/site-packages/airflow/example_dags/example_bash_decorator.py for tasks to queue
[2024-12-06T21:47:09.523+0000] {logging_mixin.py:190} INFO - [2024-12-06T21:47:09.523+0000] {dagbag.py:588} INFO - Filling up the DagBag from /home/airflow/.local/lib/python3.12/site-packages/airflow/example_dags/example_bash_decorator.py
[2024-12-06T21:47:09.544+0000] {processor.py:925} INFO - DAG(s) 'example_bash_decorator' retrieved from /home/airflow/.local/lib/python3.12/site-packages/airflow/example_dags/example_bash_decorator.py
[2024-12-06T21:47:09.580+0000] {logging_mixin.py:190} INFO - [2024-12-06T21:47:09.580+0000] {dag.py:3239} INFO - Sync 1 DAGs
[2024-12-06T21:47:09.600+0000] {logging_mixin.py:190} INFO - [2024-12-06T21:47:09.600+0000] {dag.py:4180} INFO - Setting next_dagrun for example_bash_decorator to None, run_after=None
[2024-12-06T21:47:09.624+0000] {processor.py:208} INFO - Processing /home/airflow/.local/lib/python3.12/site-packages/airflow/example_dags/example_bash_decorator.py took 0.113 seconds
[2024-12-06T21:47:41.677+0000] {processor.py:186} INFO - Started process (PID=920) to work on /home/airflow/.local/lib/python3.12/site-packages/airflow/example_dags/example_bash_decorator.py
[2024-12-06T21:47:41.678+0000] {processor.py:914} INFO - Processing file /home/airflow/.local/lib/python3.12/site-packages/airflow/example_dags/example_bash_decorator.py for tasks to queue
[2024-12-06T21:47:41.682+0000] {logging_mixin.py:190} INFO - [2024-12-06T21:47:41.682+0000] {dagbag.py:588} INFO - Filling up the DagBag from /home/airflow/.local/lib/python3.12/site-packages/airflow/example_dags/example_bash_decorator.py
[2024-12-06T21:47:41.704+0000] {processor.py:925} INFO - DAG(s) 'example_bash_decorator' retrieved from /home/airflow/.local/lib/python3.12/site-packages/airflow/example_dags/example_bash_decorator.py
[2024-12-06T21:47:41.736+0000] {logging_mixin.py:190} INFO - [2024-12-06T21:47:41.736+0000] {dag.py:3239} INFO - Sync 1 DAGs
[2024-12-06T21:47:41.756+0000] {logging_mixin.py:190} INFO - [2024-12-06T21:47:41.756+0000] {dag.py:4180} INFO - Setting next_dagrun for example_bash_decorator to None, run_after=None
[2024-12-06T21:47:41.783+0000] {processor.py:208} INFO - Processing /home/airflow/.local/lib/python3.12/site-packages/airflow/example_dags/example_bash_decorator.py took 0.115 seconds
[2024-12-06T21:48:13.604+0000] {processor.py:186} INFO - Started process (PID=983) to work on /home/airflow/.local/lib/python3.12/site-packages/airflow/example_dags/example_bash_decorator.py
[2024-12-06T21:48:13.606+0000] {processor.py:914} INFO - Processing file /home/airflow/.local/lib/python3.12/site-packages/airflow/example_dags/example_bash_decorator.py for tasks to queue
[2024-12-06T21:48:13.610+0000] {logging_mixin.py:190} INFO - [2024-12-06T21:48:13.610+0000] {dagbag.py:588} INFO - Filling up the DagBag from /home/airflow/.local/lib/python3.12/site-packages/airflow/example_dags/example_bash_decorator.py
[2024-12-06T21:48:13.632+0000] {processor.py:925} INFO - DAG(s) 'example_bash_decorator' retrieved from /home/airflow/.local/lib/python3.12/site-packages/airflow/example_dags/example_bash_decorator.py
[2024-12-06T21:48:13.668+0000] {logging_mixin.py:190} INFO - [2024-12-06T21:48:13.667+0000] {dag.py:3239} INFO - Sync 1 DAGs
[2024-12-06T21:48:13.696+0000] {logging_mixin.py:190} INFO - [2024-12-06T21:48:13.696+0000] {dag.py:4180} INFO - Setting next_dagrun for example_bash_decorator to None, run_after=None
[2024-12-06T21:48:13.727+0000] {processor.py:208} INFO - Processing /home/airflow/.local/lib/python3.12/site-packages/airflow/example_dags/example_bash_decorator.py took 0.131 seconds
[2024-12-06T21:48:44.735+0000] {processor.py:186} INFO - Started process (PID=1046) to work on /home/airflow/.local/lib/python3.12/site-packages/airflow/example_dags/example_bash_decorator.py
[2024-12-06T21:48:44.737+0000] {processor.py:914} INFO - Processing file /home/airflow/.local/lib/python3.12/site-packages/airflow/example_dags/example_bash_decorator.py for tasks to queue
[2024-12-06T21:48:44.741+0000] {logging_mixin.py:190} INFO - [2024-12-06T21:48:44.741+0000] {dagbag.py:588} INFO - Filling up the DagBag from /home/airflow/.local/lib/python3.12/site-packages/airflow/example_dags/example_bash_decorator.py
[2024-12-06T21:48:44.768+0000] {processor.py:925} INFO - DAG(s) 'example_bash_decorator' retrieved from /home/airflow/.local/lib/python3.12/site-packages/airflow/example_dags/example_bash_decorator.py
[2024-12-06T21:48:44.807+0000] {logging_mixin.py:190} INFO - [2024-12-06T21:48:44.807+0000] {dag.py:3239} INFO - Sync 1 DAGs
[2024-12-06T21:48:44.830+0000] {logging_mixin.py:190} INFO - [2024-12-06T21:48:44.829+0000] {dag.py:4180} INFO - Setting next_dagrun for example_bash_decorator to None, run_after=None
[2024-12-06T21:48:44.856+0000] {processor.py:208} INFO - Processing /home/airflow/.local/lib/python3.12/site-packages/airflow/example_dags/example_bash_decorator.py took 0.130 seconds
[2024-12-06T21:49:16.369+0000] {processor.py:186} INFO - Started process (PID=1115) to work on /home/airflow/.local/lib/python3.12/site-packages/airflow/example_dags/example_bash_decorator.py
[2024-12-06T21:49:16.370+0000] {processor.py:914} INFO - Processing file /home/airflow/.local/lib/python3.12/site-packages/airflow/example_dags/example_bash_decorator.py for tasks to queue
[2024-12-06T21:49:16.375+0000] {logging_mixin.py:190} INFO - [2024-12-06T21:49:16.375+0000] {dagbag.py:588} INFO - Filling up the DagBag from /home/airflow/.local/lib/python3.12/site-packages/airflow/example_dags/example_bash_decorator.py
[2024-12-06T21:49:16.400+0000] {processor.py:925} INFO - DAG(s) 'example_bash_decorator' retrieved from /home/airflow/.local/lib/python3.12/site-packages/airflow/example_dags/example_bash_decorator.py
[2024-12-06T21:49:16.440+0000] {logging_mixin.py:190} INFO - [2024-12-06T21:49:16.439+0000] {dag.py:3239} INFO - Sync 1 DAGs
[2024-12-06T21:49:16.461+0000] {logging_mixin.py:190} INFO - [2024-12-06T21:49:16.461+0000] {dag.py:4180} INFO - Setting next_dagrun for example_bash_decorator to None, run_after=None
[2024-12-06T21:49:16.490+0000] {processor.py:208} INFO - Processing /home/airflow/.local/lib/python3.12/site-packages/airflow/example_dags/example_bash_decorator.py took 0.136 seconds
[2024-12-06T21:49:47.554+0000] {processor.py:186} INFO - Started process (PID=1178) to work on /home/airflow/.local/lib/python3.12/site-packages/airflow/example_dags/example_bash_decorator.py
[2024-12-06T21:49:47.556+0000] {processor.py:914} INFO - Processing file /home/airflow/.local/lib/python3.12/site-packages/airflow/example_dags/example_bash_decorator.py for tasks to queue
[2024-12-06T21:49:47.561+0000] {logging_mixin.py:190} INFO - [2024-12-06T21:49:47.560+0000] {dagbag.py:588} INFO - Filling up the DagBag from /home/airflow/.local/lib/python3.12/site-packages/airflow/example_dags/example_bash_decorator.py
[2024-12-06T21:49:47.585+0000] {processor.py:925} INFO - DAG(s) 'example_bash_decorator' retrieved from /home/airflow/.local/lib/python3.12/site-packages/airflow/example_dags/example_bash_decorator.py
[2024-12-06T21:49:47.628+0000] {logging_mixin.py:190} INFO - [2024-12-06T21:49:47.627+0000] {dag.py:3239} INFO - Sync 1 DAGs
[2024-12-06T21:49:47.650+0000] {logging_mixin.py:190} INFO - [2024-12-06T21:49:47.650+0000] {dag.py:4180} INFO - Setting next_dagrun for example_bash_decorator to None, run_after=None
[2024-12-06T21:49:47.682+0000] {processor.py:208} INFO - Processing /home/airflow/.local/lib/python3.12/site-packages/airflow/example_dags/example_bash_decorator.py took 0.137 seconds
[2024-12-06T21:50:18.331+0000] {processor.py:186} INFO - Started process (PID=1241) to work on /home/airflow/.local/lib/python3.12/site-packages/airflow/example_dags/example_bash_decorator.py
[2024-12-06T21:50:18.333+0000] {processor.py:914} INFO - Processing file /home/airflow/.local/lib/python3.12/site-packages/airflow/example_dags/example_bash_decorator.py for tasks to queue
[2024-12-06T21:50:18.337+0000] {logging_mixin.py:190} INFO - [2024-12-06T21:50:18.337+0000] {dagbag.py:588} INFO - Filling up the DagBag from /home/airflow/.local/lib/python3.12/site-packages/airflow/example_dags/example_bash_decorator.py
[2024-12-06T21:50:18.363+0000] {processor.py:925} INFO - DAG(s) 'example_bash_decorator' retrieved from /home/airflow/.local/lib/python3.12/site-packages/airflow/example_dags/example_bash_decorator.py
[2024-12-06T21:50:18.403+0000] {logging_mixin.py:190} INFO - [2024-12-06T21:50:18.403+0000] {dag.py:3239} INFO - Sync 1 DAGs
[2024-12-06T21:50:18.427+0000] {logging_mixin.py:190} INFO - [2024-12-06T21:50:18.427+0000] {dag.py:4180} INFO - Setting next_dagrun for example_bash_decorator to None, run_after=None
[2024-12-06T21:50:18.467+0000] {processor.py:208} INFO - Processing /home/airflow/.local/lib/python3.12/site-packages/airflow/example_dags/example_bash_decorator.py took 0.147 seconds
[2024-12-06T21:50:49.250+0000] {processor.py:186} INFO - Started process (PID=1304) to work on /home/airflow/.local/lib/python3.12/site-packages/airflow/example_dags/example_bash_decorator.py
[2024-12-06T21:50:49.252+0000] {processor.py:914} INFO - Processing file /home/airflow/.local/lib/python3.12/site-packages/airflow/example_dags/example_bash_decorator.py for tasks to queue
[2024-12-06T21:50:49.256+0000] {logging_mixin.py:190} INFO - [2024-12-06T21:50:49.256+0000] {dagbag.py:588} INFO - Filling up the DagBag from /home/airflow/.local/lib/python3.12/site-packages/airflow/example_dags/example_bash_decorator.py
[2024-12-06T21:50:49.281+0000] {processor.py:925} INFO - DAG(s) 'example_bash_decorator' retrieved from /home/airflow/.local/lib/python3.12/site-packages/airflow/example_dags/example_bash_decorator.py
[2024-12-06T21:50:49.323+0000] {logging_mixin.py:190} INFO - [2024-12-06T21:50:49.322+0000] {dag.py:3239} INFO - Sync 1 DAGs
[2024-12-06T21:50:49.346+0000] {logging_mixin.py:190} INFO - [2024-12-06T21:50:49.345+0000] {dag.py:4180} INFO - Setting next_dagrun for example_bash_decorator to None, run_after=None
[2024-12-06T21:50:49.378+0000] {processor.py:208} INFO - Processing /home/airflow/.local/lib/python3.12/site-packages/airflow/example_dags/example_bash_decorator.py took 0.139 seconds
[2024-12-06T21:51:19.930+0000] {processor.py:186} INFO - Started process (PID=1366) to work on /home/airflow/.local/lib/python3.12/site-packages/airflow/example_dags/example_bash_decorator.py
[2024-12-06T21:51:19.931+0000] {processor.py:914} INFO - Processing file /home/airflow/.local/lib/python3.12/site-packages/airflow/example_dags/example_bash_decorator.py for tasks to queue
[2024-12-06T21:51:19.936+0000] {logging_mixin.py:190} INFO - [2024-12-06T21:51:19.935+0000] {dagbag.py:588} INFO - Filling up the DagBag from /home/airflow/.local/lib/python3.12/site-packages/airflow/example_dags/example_bash_decorator.py
[2024-12-06T21:51:19.959+0000] {processor.py:925} INFO - DAG(s) 'example_bash_decorator' retrieved from /home/airflow/.local/lib/python3.12/site-packages/airflow/example_dags/example_bash_decorator.py
[2024-12-06T21:51:19.997+0000] {logging_mixin.py:190} INFO - [2024-12-06T21:51:19.997+0000] {dag.py:3239} INFO - Sync 1 DAGs
[2024-12-06T21:51:20.024+0000] {logging_mixin.py:190} INFO - [2024-12-06T21:51:20.024+0000] {dag.py:4180} INFO - Setting next_dagrun for example_bash_decorator to None, run_after=None
[2024-12-06T21:51:20.052+0000] {processor.py:208} INFO - Processing /home/airflow/.local/lib/python3.12/site-packages/airflow/example_dags/example_bash_decorator.py took 0.132 seconds
[2024-12-06T21:51:50.468+0000] {processor.py:186} INFO - Started process (PID=1428) to work on /home/airflow/.local/lib/python3.12/site-packages/airflow/example_dags/example_bash_decorator.py
[2024-12-06T21:51:50.472+0000] {processor.py:914} INFO - Processing file /home/airflow/.local/lib/python3.12/site-packages/airflow/example_dags/example_bash_decorator.py for tasks to queue
[2024-12-06T21:51:50.481+0000] {logging_mixin.py:190} INFO - [2024-12-06T21:51:50.480+0000] {dagbag.py:588} INFO - Filling up the DagBag from /home/airflow/.local/lib/python3.12/site-packages/airflow/example_dags/example_bash_decorator.py
[2024-12-06T21:51:50.537+0000] {processor.py:925} INFO - DAG(s) 'example_bash_decorator' retrieved from /home/airflow/.local/lib/python3.12/site-packages/airflow/example_dags/example_bash_decorator.py
[2024-12-06T21:51:50.616+0000] {logging_mixin.py:190} INFO - [2024-12-06T21:51:50.616+0000] {dag.py:3239} INFO - Sync 1 DAGs
[2024-12-06T21:51:50.641+0000] {logging_mixin.py:190} INFO - [2024-12-06T21:51:50.641+0000] {dag.py:4180} INFO - Setting next_dagrun for example_bash_decorator to None, run_after=None
[2024-12-06T21:51:50.669+0000] {processor.py:208} INFO - Processing /home/airflow/.local/lib/python3.12/site-packages/airflow/example_dags/example_bash_decorator.py took 0.222 seconds
[2024-12-06T21:52:20.883+0000] {processor.py:186} INFO - Started process (PID=1491) to work on /home/airflow/.local/lib/python3.12/site-packages/airflow/example_dags/example_bash_decorator.py
[2024-12-06T21:52:20.885+0000] {processor.py:914} INFO - Processing file /home/airflow/.local/lib/python3.12/site-packages/airflow/example_dags/example_bash_decorator.py for tasks to queue
[2024-12-06T21:52:20.888+0000] {logging_mixin.py:190} INFO - [2024-12-06T21:52:20.888+0000] {dagbag.py:588} INFO - Filling up the DagBag from /home/airflow/.local/lib/python3.12/site-packages/airflow/example_dags/example_bash_decorator.py
[2024-12-06T21:52:20.914+0000] {processor.py:925} INFO - DAG(s) 'example_bash_decorator' retrieved from /home/airflow/.local/lib/python3.12/site-packages/airflow/example_dags/example_bash_decorator.py
[2024-12-06T21:52:20.950+0000] {logging_mixin.py:190} INFO - [2024-12-06T21:52:20.949+0000] {dag.py:3239} INFO - Sync 1 DAGs
[2024-12-06T21:52:20.969+0000] {logging_mixin.py:190} INFO - [2024-12-06T21:52:20.969+0000] {dag.py:4180} INFO - Setting next_dagrun for example_bash_decorator to None, run_after=None
[2024-12-06T21:52:20.996+0000] {processor.py:208} INFO - Processing /home/airflow/.local/lib/python3.12/site-packages/airflow/example_dags/example_bash_decorator.py took 0.123 seconds
[2024-12-06T21:52:51.714+0000] {processor.py:186} INFO - Started process (PID=1554) to work on /home/airflow/.local/lib/python3.12/site-packages/airflow/example_dags/example_bash_decorator.py
[2024-12-06T21:52:51.716+0000] {processor.py:914} INFO - Processing file /home/airflow/.local/lib/python3.12/site-packages/airflow/example_dags/example_bash_decorator.py for tasks to queue
[2024-12-06T21:52:51.719+0000] {logging_mixin.py:190} INFO - [2024-12-06T21:52:51.719+0000] {dagbag.py:588} INFO - Filling up the DagBag from /home/airflow/.local/lib/python3.12/site-packages/airflow/example_dags/example_bash_decorator.py
[2024-12-06T21:52:51.750+0000] {processor.py:925} INFO - DAG(s) 'example_bash_decorator' retrieved from /home/airflow/.local/lib/python3.12/site-packages/airflow/example_dags/example_bash_decorator.py
[2024-12-06T21:52:51.787+0000] {logging_mixin.py:190} INFO - [2024-12-06T21:52:51.786+0000] {dag.py:3239} INFO - Sync 1 DAGs
[2024-12-06T21:52:51.812+0000] {logging_mixin.py:190} INFO - [2024-12-06T21:52:51.811+0000] {dag.py:4180} INFO - Setting next_dagrun for example_bash_decorator to None, run_after=None
[2024-12-06T21:52:51.842+0000] {processor.py:208} INFO - Processing /home/airflow/.local/lib/python3.12/site-packages/airflow/example_dags/example_bash_decorator.py took 0.139 seconds
[2024-12-06T21:53:23.051+0000] {processor.py:186} INFO - Started process (PID=1617) to work on /home/airflow/.local/lib/python3.12/site-packages/airflow/example_dags/example_bash_decorator.py
[2024-12-06T21:53:23.053+0000] {processor.py:914} INFO - Processing file /home/airflow/.local/lib/python3.12/site-packages/airflow/example_dags/example_bash_decorator.py for tasks to queue
[2024-12-06T21:53:23.057+0000] {logging_mixin.py:190} INFO - [2024-12-06T21:53:23.057+0000] {dagbag.py:588} INFO - Filling up the DagBag from /home/airflow/.local/lib/python3.12/site-packages/airflow/example_dags/example_bash_decorator.py
[2024-12-06T21:53:23.091+0000] {processor.py:925} INFO - DAG(s) 'example_bash_decorator' retrieved from /home/airflow/.local/lib/python3.12/site-packages/airflow/example_dags/example_bash_decorator.py
[2024-12-06T21:53:23.142+0000] {logging_mixin.py:190} INFO - [2024-12-06T21:53:23.142+0000] {dag.py:3239} INFO - Sync 1 DAGs
[2024-12-06T21:53:23.171+0000] {logging_mixin.py:190} INFO - [2024-12-06T21:53:23.171+0000] {dag.py:4180} INFO - Setting next_dagrun for example_bash_decorator to None, run_after=None
[2024-12-06T21:53:23.210+0000] {processor.py:208} INFO - Processing /home/airflow/.local/lib/python3.12/site-packages/airflow/example_dags/example_bash_decorator.py took 0.173 seconds
[2024-12-06T21:53:54.130+0000] {processor.py:186} INFO - Started process (PID=1680) to work on /home/airflow/.local/lib/python3.12/site-packages/airflow/example_dags/example_bash_decorator.py
[2024-12-06T21:53:54.133+0000] {processor.py:914} INFO - Processing file /home/airflow/.local/lib/python3.12/site-packages/airflow/example_dags/example_bash_decorator.py for tasks to queue
[2024-12-06T21:53:54.138+0000] {logging_mixin.py:190} INFO - [2024-12-06T21:53:54.138+0000] {dagbag.py:588} INFO - Filling up the DagBag from /home/airflow/.local/lib/python3.12/site-packages/airflow/example_dags/example_bash_decorator.py
[2024-12-06T21:53:54.169+0000] {processor.py:925} INFO - DAG(s) 'example_bash_decorator' retrieved from /home/airflow/.local/lib/python3.12/site-packages/airflow/example_dags/example_bash_decorator.py
[2024-12-06T21:53:54.208+0000] {logging_mixin.py:190} INFO - [2024-12-06T21:53:54.207+0000] {dag.py:3239} INFO - Sync 1 DAGs
[2024-12-06T21:53:54.235+0000] {logging_mixin.py:190} INFO - [2024-12-06T21:53:54.235+0000] {dag.py:4180} INFO - Setting next_dagrun for example_bash_decorator to None, run_after=None
[2024-12-06T21:53:54.268+0000] {processor.py:208} INFO - Processing /home/airflow/.local/lib/python3.12/site-packages/airflow/example_dags/example_bash_decorator.py took 0.150 seconds
[2024-12-06T21:54:24.555+0000] {processor.py:186} INFO - Started process (PID=1743) to work on /home/airflow/.local/lib/python3.12/site-packages/airflow/example_dags/example_bash_decorator.py
[2024-12-06T21:54:24.557+0000] {processor.py:914} INFO - Processing file /home/airflow/.local/lib/python3.12/site-packages/airflow/example_dags/example_bash_decorator.py for tasks to queue
[2024-12-06T21:54:24.561+0000] {logging_mixin.py:190} INFO - [2024-12-06T21:54:24.561+0000] {dagbag.py:588} INFO - Filling up the DagBag from /home/airflow/.local/lib/python3.12/site-packages/airflow/example_dags/example_bash_decorator.py
[2024-12-06T21:54:24.589+0000] {processor.py:925} INFO - DAG(s) 'example_bash_decorator' retrieved from /home/airflow/.local/lib/python3.12/site-packages/airflow/example_dags/example_bash_decorator.py
[2024-12-06T21:54:24.630+0000] {logging_mixin.py:190} INFO - [2024-12-06T21:54:24.630+0000] {dag.py:3239} INFO - Sync 1 DAGs
[2024-12-06T21:54:24.657+0000] {logging_mixin.py:190} INFO - [2024-12-06T21:54:24.656+0000] {dag.py:4180} INFO - Setting next_dagrun for example_bash_decorator to None, run_after=None
[2024-12-06T21:54:24.690+0000] {processor.py:208} INFO - Processing /home/airflow/.local/lib/python3.12/site-packages/airflow/example_dags/example_bash_decorator.py took 0.147 seconds
[2024-12-06T21:54:55.418+0000] {processor.py:186} INFO - Started process (PID=1806) to work on /home/airflow/.local/lib/python3.12/site-packages/airflow/example_dags/example_bash_decorator.py
[2024-12-06T21:54:55.420+0000] {processor.py:914} INFO - Processing file /home/airflow/.local/lib/python3.12/site-packages/airflow/example_dags/example_bash_decorator.py for tasks to queue
[2024-12-06T21:54:55.425+0000] {logging_mixin.py:190} INFO - [2024-12-06T21:54:55.425+0000] {dagbag.py:588} INFO - Filling up the DagBag from /home/airflow/.local/lib/python3.12/site-packages/airflow/example_dags/example_bash_decorator.py
[2024-12-06T21:54:55.451+0000] {processor.py:925} INFO - DAG(s) 'example_bash_decorator' retrieved from /home/airflow/.local/lib/python3.12/site-packages/airflow/example_dags/example_bash_decorator.py
[2024-12-06T21:54:55.492+0000] {logging_mixin.py:190} INFO - [2024-12-06T21:54:55.492+0000] {dag.py:3239} INFO - Sync 1 DAGs
[2024-12-06T21:54:55.517+0000] {logging_mixin.py:190} INFO - [2024-12-06T21:54:55.517+0000] {dag.py:4180} INFO - Setting next_dagrun for example_bash_decorator to None, run_after=None
[2024-12-06T21:54:55.563+0000] {processor.py:208} INFO - Processing /home/airflow/.local/lib/python3.12/site-packages/airflow/example_dags/example_bash_decorator.py took 0.155 seconds
[2024-12-06T21:55:26.479+0000] {processor.py:186} INFO - Started process (PID=1869) to work on /home/airflow/.local/lib/python3.12/site-packages/airflow/example_dags/example_bash_decorator.py
[2024-12-06T21:55:26.481+0000] {processor.py:914} INFO - Processing file /home/airflow/.local/lib/python3.12/site-packages/airflow/example_dags/example_bash_decorator.py for tasks to queue
[2024-12-06T21:55:26.484+0000] {logging_mixin.py:190} INFO - [2024-12-06T21:55:26.484+0000] {dagbag.py:588} INFO - Filling up the DagBag from /home/airflow/.local/lib/python3.12/site-packages/airflow/example_dags/example_bash_decorator.py
[2024-12-06T21:55:26.514+0000] {processor.py:925} INFO - DAG(s) 'example_bash_decorator' retrieved from /home/airflow/.local/lib/python3.12/site-packages/airflow/example_dags/example_bash_decorator.py
[2024-12-06T21:55:26.552+0000] {logging_mixin.py:190} INFO - [2024-12-06T21:55:26.552+0000] {dag.py:3239} INFO - Sync 1 DAGs
[2024-12-06T21:55:26.577+0000] {logging_mixin.py:190} INFO - [2024-12-06T21:55:26.577+0000] {dag.py:4180} INFO - Setting next_dagrun for example_bash_decorator to None, run_after=None
[2024-12-06T21:55:26.604+0000] {processor.py:208} INFO - Processing /home/airflow/.local/lib/python3.12/site-packages/airflow/example_dags/example_bash_decorator.py took 0.136 seconds
[2024-12-06T21:55:57.582+0000] {processor.py:186} INFO - Started process (PID=1932) to work on /home/airflow/.local/lib/python3.12/site-packages/airflow/example_dags/example_bash_decorator.py
[2024-12-06T21:55:57.584+0000] {processor.py:914} INFO - Processing file /home/airflow/.local/lib/python3.12/site-packages/airflow/example_dags/example_bash_decorator.py for tasks to queue
[2024-12-06T21:55:57.589+0000] {logging_mixin.py:190} INFO - [2024-12-06T21:55:57.588+0000] {dagbag.py:588} INFO - Filling up the DagBag from /home/airflow/.local/lib/python3.12/site-packages/airflow/example_dags/example_bash_decorator.py
[2024-12-06T21:55:57.621+0000] {processor.py:925} INFO - DAG(s) 'example_bash_decorator' retrieved from /home/airflow/.local/lib/python3.12/site-packages/airflow/example_dags/example_bash_decorator.py
[2024-12-06T21:55:57.663+0000] {logging_mixin.py:190} INFO - [2024-12-06T21:55:57.663+0000] {dag.py:3239} INFO - Sync 1 DAGs
[2024-12-06T21:55:57.687+0000] {logging_mixin.py:190} INFO - [2024-12-06T21:55:57.687+0000] {dag.py:4180} INFO - Setting next_dagrun for example_bash_decorator to None, run_after=None
[2024-12-06T21:55:57.718+0000] {processor.py:208} INFO - Processing /home/airflow/.local/lib/python3.12/site-packages/airflow/example_dags/example_bash_decorator.py took 0.150 seconds
[2024-12-06T21:56:29.035+0000] {processor.py:186} INFO - Started process (PID=1995) to work on /home/airflow/.local/lib/python3.12/site-packages/airflow/example_dags/example_bash_decorator.py
[2024-12-06T21:56:29.036+0000] {processor.py:914} INFO - Processing file /home/airflow/.local/lib/python3.12/site-packages/airflow/example_dags/example_bash_decorator.py for tasks to queue
[2024-12-06T21:56:29.040+0000] {logging_mixin.py:190} INFO - [2024-12-06T21:56:29.039+0000] {dagbag.py:588} INFO - Filling up the DagBag from /home/airflow/.local/lib/python3.12/site-packages/airflow/example_dags/example_bash_decorator.py
[2024-12-06T21:56:29.068+0000] {processor.py:925} INFO - DAG(s) 'example_bash_decorator' retrieved from /home/airflow/.local/lib/python3.12/site-packages/airflow/example_dags/example_bash_decorator.py
[2024-12-06T21:56:29.105+0000] {logging_mixin.py:190} INFO - [2024-12-06T21:56:29.105+0000] {dag.py:3239} INFO - Sync 1 DAGs
[2024-12-06T21:56:29.134+0000] {logging_mixin.py:190} INFO - [2024-12-06T21:56:29.133+0000] {dag.py:4180} INFO - Setting next_dagrun for example_bash_decorator to None, run_after=None
[2024-12-06T21:56:29.165+0000] {processor.py:208} INFO - Processing /home/airflow/.local/lib/python3.12/site-packages/airflow/example_dags/example_bash_decorator.py took 0.141 seconds
[2024-12-06T21:56:59.893+0000] {processor.py:186} INFO - Started process (PID=2058) to work on /home/airflow/.local/lib/python3.12/site-packages/airflow/example_dags/example_bash_decorator.py
[2024-12-06T21:56:59.895+0000] {processor.py:914} INFO - Processing file /home/airflow/.local/lib/python3.12/site-packages/airflow/example_dags/example_bash_decorator.py for tasks to queue
[2024-12-06T21:56:59.898+0000] {logging_mixin.py:190} INFO - [2024-12-06T21:56:59.898+0000] {dagbag.py:588} INFO - Filling up the DagBag from /home/airflow/.local/lib/python3.12/site-packages/airflow/example_dags/example_bash_decorator.py
[2024-12-06T21:56:59.927+0000] {processor.py:925} INFO - DAG(s) 'example_bash_decorator' retrieved from /home/airflow/.local/lib/python3.12/site-packages/airflow/example_dags/example_bash_decorator.py
[2024-12-06T21:56:59.963+0000] {logging_mixin.py:190} INFO - [2024-12-06T21:56:59.963+0000] {dag.py:3239} INFO - Sync 1 DAGs
[2024-12-06T21:56:59.988+0000] {logging_mixin.py:190} INFO - [2024-12-06T21:56:59.987+0000] {dag.py:4180} INFO - Setting next_dagrun for example_bash_decorator to None, run_after=None
[2024-12-06T21:57:00.022+0000] {processor.py:208} INFO - Processing /home/airflow/.local/lib/python3.12/site-packages/airflow/example_dags/example_bash_decorator.py took 0.140 seconds
[2024-12-06T21:57:30.226+0000] {processor.py:186} INFO - Started process (PID=2121) to work on /home/airflow/.local/lib/python3.12/site-packages/airflow/example_dags/example_bash_decorator.py
[2024-12-06T21:57:30.228+0000] {processor.py:914} INFO - Processing file /home/airflow/.local/lib/python3.12/site-packages/airflow/example_dags/example_bash_decorator.py for tasks to queue
[2024-12-06T21:57:30.231+0000] {logging_mixin.py:190} INFO - [2024-12-06T21:57:30.231+0000] {dagbag.py:588} INFO - Filling up the DagBag from /home/airflow/.local/lib/python3.12/site-packages/airflow/example_dags/example_bash_decorator.py
[2024-12-06T21:57:30.259+0000] {processor.py:925} INFO - DAG(s) 'example_bash_decorator' retrieved from /home/airflow/.local/lib/python3.12/site-packages/airflow/example_dags/example_bash_decorator.py
[2024-12-06T21:57:30.297+0000] {logging_mixin.py:190} INFO - [2024-12-06T21:57:30.297+0000] {dag.py:3239} INFO - Sync 1 DAGs
[2024-12-06T21:57:30.321+0000] {logging_mixin.py:190} INFO - [2024-12-06T21:57:30.320+0000] {dag.py:4180} INFO - Setting next_dagrun for example_bash_decorator to None, run_after=None
[2024-12-06T21:57:30.349+0000] {processor.py:208} INFO - Processing /home/airflow/.local/lib/python3.12/site-packages/airflow/example_dags/example_bash_decorator.py took 0.133 seconds
[2024-12-06T21:58:00.561+0000] {processor.py:186} INFO - Started process (PID=2184) to work on /home/airflow/.local/lib/python3.12/site-packages/airflow/example_dags/example_bash_decorator.py
[2024-12-06T21:58:00.563+0000] {processor.py:914} INFO - Processing file /home/airflow/.local/lib/python3.12/site-packages/airflow/example_dags/example_bash_decorator.py for tasks to queue
[2024-12-06T21:58:00.567+0000] {logging_mixin.py:190} INFO - [2024-12-06T21:58:00.566+0000] {dagbag.py:588} INFO - Filling up the DagBag from /home/airflow/.local/lib/python3.12/site-packages/airflow/example_dags/example_bash_decorator.py
[2024-12-06T21:58:00.597+0000] {processor.py:925} INFO - DAG(s) 'example_bash_decorator' retrieved from /home/airflow/.local/lib/python3.12/site-packages/airflow/example_dags/example_bash_decorator.py
[2024-12-06T21:58:00.634+0000] {logging_mixin.py:190} INFO - [2024-12-06T21:58:00.634+0000] {dag.py:3239} INFO - Sync 1 DAGs
[2024-12-06T21:58:00.661+0000] {logging_mixin.py:190} INFO - [2024-12-06T21:58:00.660+0000] {dag.py:4180} INFO - Setting next_dagrun for example_bash_decorator to None, run_after=None
[2024-12-06T21:58:00.695+0000] {processor.py:208} INFO - Processing /home/airflow/.local/lib/python3.12/site-packages/airflow/example_dags/example_bash_decorator.py took 0.145 seconds
[2024-12-06T21:58:30.956+0000] {processor.py:186} INFO - Started process (PID=2247) to work on /home/airflow/.local/lib/python3.12/site-packages/airflow/example_dags/example_bash_decorator.py
[2024-12-06T21:58:30.957+0000] {processor.py:914} INFO - Processing file /home/airflow/.local/lib/python3.12/site-packages/airflow/example_dags/example_bash_decorator.py for tasks to queue
[2024-12-06T21:58:30.963+0000] {logging_mixin.py:190} INFO - [2024-12-06T21:58:30.962+0000] {dagbag.py:588} INFO - Filling up the DagBag from /home/airflow/.local/lib/python3.12/site-packages/airflow/example_dags/example_bash_decorator.py
[2024-12-06T21:58:30.989+0000] {processor.py:925} INFO - DAG(s) 'example_bash_decorator' retrieved from /home/airflow/.local/lib/python3.12/site-packages/airflow/example_dags/example_bash_decorator.py
[2024-12-06T21:58:31.035+0000] {logging_mixin.py:190} INFO - [2024-12-06T21:58:31.035+0000] {dag.py:3239} INFO - Sync 1 DAGs
[2024-12-06T21:58:31.065+0000] {logging_mixin.py:190} INFO - [2024-12-06T21:58:31.065+0000] {dag.py:4180} INFO - Setting next_dagrun for example_bash_decorator to None, run_after=None
[2024-12-06T21:58:31.100+0000] {processor.py:208} INFO - Processing /home/airflow/.local/lib/python3.12/site-packages/airflow/example_dags/example_bash_decorator.py took 0.154 seconds
[2024-12-06T21:59:01.798+0000] {processor.py:186} INFO - Started process (PID=2310) to work on /home/airflow/.local/lib/python3.12/site-packages/airflow/example_dags/example_bash_decorator.py
[2024-12-06T21:59:01.800+0000] {processor.py:914} INFO - Processing file /home/airflow/.local/lib/python3.12/site-packages/airflow/example_dags/example_bash_decorator.py for tasks to queue
[2024-12-06T21:59:01.805+0000] {logging_mixin.py:190} INFO - [2024-12-06T21:59:01.804+0000] {dagbag.py:588} INFO - Filling up the DagBag from /home/airflow/.local/lib/python3.12/site-packages/airflow/example_dags/example_bash_decorator.py
[2024-12-06T21:59:01.836+0000] {processor.py:925} INFO - DAG(s) 'example_bash_decorator' retrieved from /home/airflow/.local/lib/python3.12/site-packages/airflow/example_dags/example_bash_decorator.py
[2024-12-06T21:59:01.880+0000] {logging_mixin.py:190} INFO - [2024-12-06T21:59:01.879+0000] {dag.py:3239} INFO - Sync 1 DAGs
[2024-12-06T21:59:01.909+0000] {logging_mixin.py:190} INFO - [2024-12-06T21:59:01.909+0000] {dag.py:4180} INFO - Setting next_dagrun for example_bash_decorator to None, run_after=None
[2024-12-06T21:59:01.942+0000] {processor.py:208} INFO - Processing /home/airflow/.local/lib/python3.12/site-packages/airflow/example_dags/example_bash_decorator.py took 0.157 seconds
[2024-12-06T21:59:32.853+0000] {processor.py:186} INFO - Started process (PID=2373) to work on /home/airflow/.local/lib/python3.12/site-packages/airflow/example_dags/example_bash_decorator.py
[2024-12-06T21:59:32.855+0000] {processor.py:914} INFO - Processing file /home/airflow/.local/lib/python3.12/site-packages/airflow/example_dags/example_bash_decorator.py for tasks to queue
[2024-12-06T21:59:32.858+0000] {logging_mixin.py:190} INFO - [2024-12-06T21:59:32.858+0000] {dagbag.py:588} INFO - Filling up the DagBag from /home/airflow/.local/lib/python3.12/site-packages/airflow/example_dags/example_bash_decorator.py
[2024-12-06T21:59:32.882+0000] {processor.py:925} INFO - DAG(s) 'example_bash_decorator' retrieved from /home/airflow/.local/lib/python3.12/site-packages/airflow/example_dags/example_bash_decorator.py
[2024-12-06T21:59:32.936+0000] {logging_mixin.py:190} INFO - [2024-12-06T21:59:32.936+0000] {dag.py:3239} INFO - Sync 1 DAGs
[2024-12-06T21:59:32.967+0000] {logging_mixin.py:190} INFO - [2024-12-06T21:59:32.964+0000] {dag.py:4180} INFO - Setting next_dagrun for example_bash_decorator to None, run_after=None
[2024-12-06T21:59:32.997+0000] {processor.py:208} INFO - Processing /home/airflow/.local/lib/python3.12/site-packages/airflow/example_dags/example_bash_decorator.py took 0.154 seconds
[2024-12-06T22:00:03.494+0000] {processor.py:186} INFO - Started process (PID=2436) to work on /home/airflow/.local/lib/python3.12/site-packages/airflow/example_dags/example_bash_decorator.py
[2024-12-06T22:00:03.496+0000] {processor.py:914} INFO - Processing file /home/airflow/.local/lib/python3.12/site-packages/airflow/example_dags/example_bash_decorator.py for tasks to queue
[2024-12-06T22:00:03.499+0000] {logging_mixin.py:190} INFO - [2024-12-06T22:00:03.499+0000] {dagbag.py:588} INFO - Filling up the DagBag from /home/airflow/.local/lib/python3.12/site-packages/airflow/example_dags/example_bash_decorator.py
[2024-12-06T22:00:03.529+0000] {processor.py:925} INFO - DAG(s) 'example_bash_decorator' retrieved from /home/airflow/.local/lib/python3.12/site-packages/airflow/example_dags/example_bash_decorator.py
[2024-12-06T22:00:03.569+0000] {logging_mixin.py:190} INFO - [2024-12-06T22:00:03.568+0000] {dag.py:3239} INFO - Sync 1 DAGs
[2024-12-06T22:00:03.597+0000] {logging_mixin.py:190} INFO - [2024-12-06T22:00:03.597+0000] {dag.py:4180} INFO - Setting next_dagrun for example_bash_decorator to None, run_after=None
[2024-12-06T22:00:03.628+0000] {processor.py:208} INFO - Processing /home/airflow/.local/lib/python3.12/site-packages/airflow/example_dags/example_bash_decorator.py took 0.144 seconds
[2024-12-06T22:00:34.720+0000] {processor.py:186} INFO - Started process (PID=2499) to work on /home/airflow/.local/lib/python3.12/site-packages/airflow/example_dags/example_bash_decorator.py
[2024-12-06T22:00:34.724+0000] {processor.py:914} INFO - Processing file /home/airflow/.local/lib/python3.12/site-packages/airflow/example_dags/example_bash_decorator.py for tasks to queue
[2024-12-06T22:00:34.729+0000] {logging_mixin.py:190} INFO - [2024-12-06T22:00:34.729+0000] {dagbag.py:588} INFO - Filling up the DagBag from /home/airflow/.local/lib/python3.12/site-packages/airflow/example_dags/example_bash_decorator.py
[2024-12-06T22:00:34.769+0000] {processor.py:925} INFO - DAG(s) 'example_bash_decorator' retrieved from /home/airflow/.local/lib/python3.12/site-packages/airflow/example_dags/example_bash_decorator.py
[2024-12-06T22:00:34.830+0000] {logging_mixin.py:190} INFO - [2024-12-06T22:00:34.830+0000] {dag.py:3239} INFO - Sync 1 DAGs
[2024-12-06T22:00:34.863+0000] {logging_mixin.py:190} INFO - [2024-12-06T22:00:34.863+0000] {dag.py:4180} INFO - Setting next_dagrun for example_bash_decorator to None, run_after=None
[2024-12-06T22:00:34.907+0000] {processor.py:208} INFO - Processing /home/airflow/.local/lib/python3.12/site-packages/airflow/example_dags/example_bash_decorator.py took 0.201 seconds
[2024-12-06T22:01:05.514+0000] {processor.py:186} INFO - Started process (PID=2562) to work on /home/airflow/.local/lib/python3.12/site-packages/airflow/example_dags/example_bash_decorator.py
[2024-12-06T22:01:05.516+0000] {processor.py:914} INFO - Processing file /home/airflow/.local/lib/python3.12/site-packages/airflow/example_dags/example_bash_decorator.py for tasks to queue
[2024-12-06T22:01:05.520+0000] {logging_mixin.py:190} INFO - [2024-12-06T22:01:05.519+0000] {dagbag.py:588} INFO - Filling up the DagBag from /home/airflow/.local/lib/python3.12/site-packages/airflow/example_dags/example_bash_decorator.py
[2024-12-06T22:01:05.549+0000] {processor.py:925} INFO - DAG(s) 'example_bash_decorator' retrieved from /home/airflow/.local/lib/python3.12/site-packages/airflow/example_dags/example_bash_decorator.py
[2024-12-06T22:01:05.589+0000] {logging_mixin.py:190} INFO - [2024-12-06T22:01:05.589+0000] {dag.py:3239} INFO - Sync 1 DAGs
[2024-12-06T22:01:05.618+0000] {logging_mixin.py:190} INFO - [2024-12-06T22:01:05.617+0000] {dag.py:4180} INFO - Setting next_dagrun for example_bash_decorator to None, run_after=None
[2024-12-06T22:01:05.653+0000] {processor.py:208} INFO - Processing /home/airflow/.local/lib/python3.12/site-packages/airflow/example_dags/example_bash_decorator.py took 0.149 seconds
[2024-12-06T22:01:35.867+0000] {processor.py:186} INFO - Started process (PID=2625) to work on /home/airflow/.local/lib/python3.12/site-packages/airflow/example_dags/example_bash_decorator.py
[2024-12-06T22:01:35.870+0000] {processor.py:914} INFO - Processing file /home/airflow/.local/lib/python3.12/site-packages/airflow/example_dags/example_bash_decorator.py for tasks to queue
[2024-12-06T22:01:35.875+0000] {logging_mixin.py:190} INFO - [2024-12-06T22:01:35.874+0000] {dagbag.py:588} INFO - Filling up the DagBag from /home/airflow/.local/lib/python3.12/site-packages/airflow/example_dags/example_bash_decorator.py
[2024-12-06T22:01:35.911+0000] {processor.py:925} INFO - DAG(s) 'example_bash_decorator' retrieved from /home/airflow/.local/lib/python3.12/site-packages/airflow/example_dags/example_bash_decorator.py
[2024-12-06T22:01:35.967+0000] {logging_mixin.py:190} INFO - [2024-12-06T22:01:35.966+0000] {dag.py:3239} INFO - Sync 1 DAGs
[2024-12-06T22:01:36.000+0000] {logging_mixin.py:190} INFO - [2024-12-06T22:01:36.000+0000] {dag.py:4180} INFO - Setting next_dagrun for example_bash_decorator to None, run_after=None
[2024-12-06T22:01:36.042+0000] {processor.py:208} INFO - Processing /home/airflow/.local/lib/python3.12/site-packages/airflow/example_dags/example_bash_decorator.py took 0.191 seconds
[2024-12-06T22:02:06.417+0000] {processor.py:186} INFO - Started process (PID=2688) to work on /home/airflow/.local/lib/python3.12/site-packages/airflow/example_dags/example_bash_decorator.py
[2024-12-06T22:02:06.419+0000] {processor.py:914} INFO - Processing file /home/airflow/.local/lib/python3.12/site-packages/airflow/example_dags/example_bash_decorator.py for tasks to queue
[2024-12-06T22:02:06.422+0000] {logging_mixin.py:190} INFO - [2024-12-06T22:02:06.422+0000] {dagbag.py:588} INFO - Filling up the DagBag from /home/airflow/.local/lib/python3.12/site-packages/airflow/example_dags/example_bash_decorator.py
[2024-12-06T22:02:06.455+0000] {processor.py:925} INFO - DAG(s) 'example_bash_decorator' retrieved from /home/airflow/.local/lib/python3.12/site-packages/airflow/example_dags/example_bash_decorator.py
[2024-12-06T22:02:06.493+0000] {logging_mixin.py:190} INFO - [2024-12-06T22:02:06.493+0000] {dag.py:3239} INFO - Sync 1 DAGs
[2024-12-06T22:02:06.516+0000] {logging_mixin.py:190} INFO - [2024-12-06T22:02:06.516+0000] {dag.py:4180} INFO - Setting next_dagrun for example_bash_decorator to None, run_after=None
[2024-12-06T22:02:06.544+0000] {processor.py:208} INFO - Processing /home/airflow/.local/lib/python3.12/site-packages/airflow/example_dags/example_bash_decorator.py took 0.137 seconds
[2024-12-06T22:02:37.078+0000] {processor.py:186} INFO - Started process (PID=2751) to work on /home/airflow/.local/lib/python3.12/site-packages/airflow/example_dags/example_bash_decorator.py
[2024-12-06T22:02:37.080+0000] {processor.py:914} INFO - Processing file /home/airflow/.local/lib/python3.12/site-packages/airflow/example_dags/example_bash_decorator.py for tasks to queue
[2024-12-06T22:02:37.084+0000] {logging_mixin.py:190} INFO - [2024-12-06T22:02:37.083+0000] {dagbag.py:588} INFO - Filling up the DagBag from /home/airflow/.local/lib/python3.12/site-packages/airflow/example_dags/example_bash_decorator.py
[2024-12-06T22:02:37.114+0000] {processor.py:925} INFO - DAG(s) 'example_bash_decorator' retrieved from /home/airflow/.local/lib/python3.12/site-packages/airflow/example_dags/example_bash_decorator.py
[2024-12-06T22:02:37.158+0000] {logging_mixin.py:190} INFO - [2024-12-06T22:02:37.158+0000] {dag.py:3239} INFO - Sync 1 DAGs
[2024-12-06T22:02:37.182+0000] {logging_mixin.py:190} INFO - [2024-12-06T22:02:37.182+0000] {dag.py:4180} INFO - Setting next_dagrun for example_bash_decorator to None, run_after=None
[2024-12-06T22:02:37.213+0000] {processor.py:208} INFO - Processing /home/airflow/.local/lib/python3.12/site-packages/airflow/example_dags/example_bash_decorator.py took 0.144 seconds
[2024-12-06T22:03:08.270+0000] {processor.py:186} INFO - Started process (PID=2814) to work on /home/airflow/.local/lib/python3.12/site-packages/airflow/example_dags/example_bash_decorator.py
[2024-12-06T22:03:08.273+0000] {processor.py:914} INFO - Processing file /home/airflow/.local/lib/python3.12/site-packages/airflow/example_dags/example_bash_decorator.py for tasks to queue
[2024-12-06T22:03:08.277+0000] {logging_mixin.py:190} INFO - [2024-12-06T22:03:08.277+0000] {dagbag.py:588} INFO - Filling up the DagBag from /home/airflow/.local/lib/python3.12/site-packages/airflow/example_dags/example_bash_decorator.py
[2024-12-06T22:03:08.305+0000] {processor.py:925} INFO - DAG(s) 'example_bash_decorator' retrieved from /home/airflow/.local/lib/python3.12/site-packages/airflow/example_dags/example_bash_decorator.py
[2024-12-06T22:03:08.347+0000] {logging_mixin.py:190} INFO - [2024-12-06T22:03:08.346+0000] {dag.py:3239} INFO - Sync 1 DAGs
[2024-12-06T22:03:08.370+0000] {logging_mixin.py:190} INFO - [2024-12-06T22:03:08.370+0000] {dag.py:4180} INFO - Setting next_dagrun for example_bash_decorator to None, run_after=None
[2024-12-06T22:03:08.401+0000] {processor.py:208} INFO - Processing /home/airflow/.local/lib/python3.12/site-packages/airflow/example_dags/example_bash_decorator.py took 0.142 seconds
[2024-12-06T22:03:39.780+0000] {processor.py:186} INFO - Started process (PID=2877) to work on /home/airflow/.local/lib/python3.12/site-packages/airflow/example_dags/example_bash_decorator.py
[2024-12-06T22:03:39.782+0000] {processor.py:914} INFO - Processing file /home/airflow/.local/lib/python3.12/site-packages/airflow/example_dags/example_bash_decorator.py for tasks to queue
[2024-12-06T22:03:39.785+0000] {logging_mixin.py:190} INFO - [2024-12-06T22:03:39.785+0000] {dagbag.py:588} INFO - Filling up the DagBag from /home/airflow/.local/lib/python3.12/site-packages/airflow/example_dags/example_bash_decorator.py
[2024-12-06T22:03:39.812+0000] {processor.py:925} INFO - DAG(s) 'example_bash_decorator' retrieved from /home/airflow/.local/lib/python3.12/site-packages/airflow/example_dags/example_bash_decorator.py
[2024-12-06T22:03:39.854+0000] {logging_mixin.py:190} INFO - [2024-12-06T22:03:39.854+0000] {dag.py:3239} INFO - Sync 1 DAGs
[2024-12-06T22:03:39.883+0000] {logging_mixin.py:190} INFO - [2024-12-06T22:03:39.883+0000] {dag.py:4180} INFO - Setting next_dagrun for example_bash_decorator to None, run_after=None
[2024-12-06T22:03:39.914+0000] {processor.py:208} INFO - Processing /home/airflow/.local/lib/python3.12/site-packages/airflow/example_dags/example_bash_decorator.py took 0.143 seconds
[2024-12-06T22:04:11.303+0000] {processor.py:186} INFO - Started process (PID=2939) to work on /home/airflow/.local/lib/python3.12/site-packages/airflow/example_dags/example_bash_decorator.py
[2024-12-06T22:04:11.304+0000] {processor.py:914} INFO - Processing file /home/airflow/.local/lib/python3.12/site-packages/airflow/example_dags/example_bash_decorator.py for tasks to queue
[2024-12-06T22:04:11.308+0000] {logging_mixin.py:190} INFO - [2024-12-06T22:04:11.308+0000] {dagbag.py:588} INFO - Filling up the DagBag from /home/airflow/.local/lib/python3.12/site-packages/airflow/example_dags/example_bash_decorator.py
[2024-12-06T22:04:11.338+0000] {processor.py:925} INFO - DAG(s) 'example_bash_decorator' retrieved from /home/airflow/.local/lib/python3.12/site-packages/airflow/example_dags/example_bash_decorator.py
[2024-12-06T22:04:11.381+0000] {logging_mixin.py:190} INFO - [2024-12-06T22:04:11.381+0000] {dag.py:3239} INFO - Sync 1 DAGs
[2024-12-06T22:04:11.405+0000] {logging_mixin.py:190} INFO - [2024-12-06T22:04:11.405+0000] {dag.py:4180} INFO - Setting next_dagrun for example_bash_decorator to None, run_after=None
[2024-12-06T22:04:11.439+0000] {processor.py:208} INFO - Processing /home/airflow/.local/lib/python3.12/site-packages/airflow/example_dags/example_bash_decorator.py took 0.148 seconds
[2024-12-06T22:04:43.494+0000] {processor.py:186} INFO - Started process (PID=3002) to work on /home/airflow/.local/lib/python3.12/site-packages/airflow/example_dags/example_bash_decorator.py
[2024-12-06T22:04:43.496+0000] {processor.py:914} INFO - Processing file /home/airflow/.local/lib/python3.12/site-packages/airflow/example_dags/example_bash_decorator.py for tasks to queue
[2024-12-06T22:04:43.502+0000] {logging_mixin.py:190} INFO - [2024-12-06T22:04:43.501+0000] {dagbag.py:588} INFO - Filling up the DagBag from /home/airflow/.local/lib/python3.12/site-packages/airflow/example_dags/example_bash_decorator.py
[2024-12-06T22:04:43.527+0000] {processor.py:925} INFO - DAG(s) 'example_bash_decorator' retrieved from /home/airflow/.local/lib/python3.12/site-packages/airflow/example_dags/example_bash_decorator.py
[2024-12-06T22:04:43.571+0000] {logging_mixin.py:190} INFO - [2024-12-06T22:04:43.571+0000] {dag.py:3239} INFO - Sync 1 DAGs
[2024-12-06T22:04:43.595+0000] {logging_mixin.py:190} INFO - [2024-12-06T22:04:43.594+0000] {dag.py:4180} INFO - Setting next_dagrun for example_bash_decorator to None, run_after=None
[2024-12-06T22:04:43.628+0000] {processor.py:208} INFO - Processing /home/airflow/.local/lib/python3.12/site-packages/airflow/example_dags/example_bash_decorator.py took 0.145 seconds
[2024-12-06T22:05:13.717+0000] {processor.py:186} INFO - Started process (PID=3057) to work on /home/airflow/.local/lib/python3.12/site-packages/airflow/example_dags/example_bash_decorator.py
[2024-12-06T22:05:13.721+0000] {processor.py:914} INFO - Processing file /home/airflow/.local/lib/python3.12/site-packages/airflow/example_dags/example_bash_decorator.py for tasks to queue
[2024-12-06T22:05:13.728+0000] {logging_mixin.py:190} INFO - [2024-12-06T22:05:13.727+0000] {dagbag.py:588} INFO - Filling up the DagBag from /home/airflow/.local/lib/python3.12/site-packages/airflow/example_dags/example_bash_decorator.py
[2024-12-06T22:05:13.785+0000] {processor.py:925} INFO - DAG(s) 'example_bash_decorator' retrieved from /home/airflow/.local/lib/python3.12/site-packages/airflow/example_dags/example_bash_decorator.py
[2024-12-06T22:05:13.861+0000] {logging_mixin.py:190} INFO - [2024-12-06T22:05:13.860+0000] {dag.py:3239} INFO - Sync 1 DAGs
[2024-12-06T22:05:13.913+0000] {logging_mixin.py:190} INFO - [2024-12-06T22:05:13.912+0000] {dag.py:4180} INFO - Setting next_dagrun for example_bash_decorator to None, run_after=None
[2024-12-06T22:05:13.976+0000] {processor.py:208} INFO - Processing /home/airflow/.local/lib/python3.12/site-packages/airflow/example_dags/example_bash_decorator.py took 0.278 seconds
[2024-12-06T22:05:44.766+0000] {processor.py:186} INFO - Started process (PID=3119) to work on /home/airflow/.local/lib/python3.12/site-packages/airflow/example_dags/example_bash_decorator.py
[2024-12-06T22:05:44.767+0000] {processor.py:914} INFO - Processing file /home/airflow/.local/lib/python3.12/site-packages/airflow/example_dags/example_bash_decorator.py for tasks to queue
[2024-12-06T22:05:44.772+0000] {logging_mixin.py:190} INFO - [2024-12-06T22:05:44.771+0000] {dagbag.py:588} INFO - Filling up the DagBag from /home/airflow/.local/lib/python3.12/site-packages/airflow/example_dags/example_bash_decorator.py
[2024-12-06T22:05:44.795+0000] {processor.py:925} INFO - DAG(s) 'example_bash_decorator' retrieved from /home/airflow/.local/lib/python3.12/site-packages/airflow/example_dags/example_bash_decorator.py
[2024-12-06T22:05:44.828+0000] {logging_mixin.py:190} INFO - [2024-12-06T22:05:44.828+0000] {dag.py:3239} INFO - Sync 1 DAGs
[2024-12-06T22:05:44.849+0000] {logging_mixin.py:190} INFO - [2024-12-06T22:05:44.849+0000] {dag.py:4180} INFO - Setting next_dagrun for example_bash_decorator to None, run_after=None
[2024-12-06T22:05:44.880+0000] {processor.py:208} INFO - Processing /home/airflow/.local/lib/python3.12/site-packages/airflow/example_dags/example_bash_decorator.py took 0.122 seconds
[2024-12-06T22:06:15.197+0000] {processor.py:186} INFO - Started process (PID=3182) to work on /home/airflow/.local/lib/python3.12/site-packages/airflow/example_dags/example_bash_decorator.py
[2024-12-06T22:06:15.199+0000] {processor.py:914} INFO - Processing file /home/airflow/.local/lib/python3.12/site-packages/airflow/example_dags/example_bash_decorator.py for tasks to queue
[2024-12-06T22:06:15.202+0000] {logging_mixin.py:190} INFO - [2024-12-06T22:06:15.202+0000] {dagbag.py:588} INFO - Filling up the DagBag from /home/airflow/.local/lib/python3.12/site-packages/airflow/example_dags/example_bash_decorator.py
[2024-12-06T22:06:15.228+0000] {processor.py:925} INFO - DAG(s) 'example_bash_decorator' retrieved from /home/airflow/.local/lib/python3.12/site-packages/airflow/example_dags/example_bash_decorator.py
[2024-12-06T22:06:15.265+0000] {logging_mixin.py:190} INFO - [2024-12-06T22:06:15.265+0000] {dag.py:3239} INFO - Sync 1 DAGs
[2024-12-06T22:06:15.287+0000] {logging_mixin.py:190} INFO - [2024-12-06T22:06:15.287+0000] {dag.py:4180} INFO - Setting next_dagrun for example_bash_decorator to None, run_after=None
[2024-12-06T22:06:15.318+0000] {processor.py:208} INFO - Processing /home/airflow/.local/lib/python3.12/site-packages/airflow/example_dags/example_bash_decorator.py took 0.131 seconds
[2024-12-06T22:06:46.266+0000] {processor.py:186} INFO - Started process (PID=3243) to work on /home/airflow/.local/lib/python3.12/site-packages/airflow/example_dags/example_bash_decorator.py
[2024-12-06T22:06:46.268+0000] {processor.py:914} INFO - Processing file /home/airflow/.local/lib/python3.12/site-packages/airflow/example_dags/example_bash_decorator.py for tasks to queue
[2024-12-06T22:06:46.272+0000] {logging_mixin.py:190} INFO - [2024-12-06T22:06:46.271+0000] {dagbag.py:588} INFO - Filling up the DagBag from /home/airflow/.local/lib/python3.12/site-packages/airflow/example_dags/example_bash_decorator.py
[2024-12-06T22:06:46.300+0000] {processor.py:925} INFO - DAG(s) 'example_bash_decorator' retrieved from /home/airflow/.local/lib/python3.12/site-packages/airflow/example_dags/example_bash_decorator.py
[2024-12-06T22:06:46.345+0000] {logging_mixin.py:190} INFO - [2024-12-06T22:06:46.344+0000] {dag.py:3239} INFO - Sync 1 DAGs
[2024-12-06T22:06:46.369+0000] {logging_mixin.py:190} INFO - [2024-12-06T22:06:46.369+0000] {dag.py:4180} INFO - Setting next_dagrun for example_bash_decorator to None, run_after=None
[2024-12-06T22:06:46.400+0000] {processor.py:208} INFO - Processing /home/airflow/.local/lib/python3.12/site-packages/airflow/example_dags/example_bash_decorator.py took 0.145 seconds
[2024-12-06T22:07:18.065+0000] {processor.py:186} INFO - Started process (PID=3293) to work on /home/airflow/.local/lib/python3.12/site-packages/airflow/example_dags/example_bash_decorator.py
[2024-12-06T22:07:18.067+0000] {processor.py:914} INFO - Processing file /home/airflow/.local/lib/python3.12/site-packages/airflow/example_dags/example_bash_decorator.py for tasks to queue
[2024-12-06T22:07:18.071+0000] {logging_mixin.py:190} INFO - [2024-12-06T22:07:18.070+0000] {dagbag.py:588} INFO - Filling up the DagBag from /home/airflow/.local/lib/python3.12/site-packages/airflow/example_dags/example_bash_decorator.py
[2024-12-06T22:07:18.100+0000] {processor.py:925} INFO - DAG(s) 'example_bash_decorator' retrieved from /home/airflow/.local/lib/python3.12/site-packages/airflow/example_dags/example_bash_decorator.py
[2024-12-06T22:07:18.140+0000] {logging_mixin.py:190} INFO - [2024-12-06T22:07:18.140+0000] {dag.py:3239} INFO - Sync 1 DAGs
[2024-12-06T22:07:18.407+0000] {logging_mixin.py:190} INFO - [2024-12-06T22:07:18.407+0000] {dag.py:4180} INFO - Setting next_dagrun for example_bash_decorator to None, run_after=None
[2024-12-06T22:07:18.437+0000] {processor.py:208} INFO - Processing /home/airflow/.local/lib/python3.12/site-packages/airflow/example_dags/example_bash_decorator.py took 0.383 seconds
[2024-12-06T22:07:49.330+0000] {processor.py:186} INFO - Started process (PID=3354) to work on /home/airflow/.local/lib/python3.12/site-packages/airflow/example_dags/example_bash_decorator.py
[2024-12-06T22:07:49.331+0000] {processor.py:914} INFO - Processing file /home/airflow/.local/lib/python3.12/site-packages/airflow/example_dags/example_bash_decorator.py for tasks to queue
[2024-12-06T22:07:49.338+0000] {logging_mixin.py:190} INFO - [2024-12-06T22:07:49.337+0000] {dagbag.py:588} INFO - Filling up the DagBag from /home/airflow/.local/lib/python3.12/site-packages/airflow/example_dags/example_bash_decorator.py
[2024-12-06T22:07:49.373+0000] {processor.py:925} INFO - DAG(s) 'example_bash_decorator' retrieved from /home/airflow/.local/lib/python3.12/site-packages/airflow/example_dags/example_bash_decorator.py
[2024-12-06T22:07:49.426+0000] {logging_mixin.py:190} INFO - [2024-12-06T22:07:49.425+0000] {dag.py:3239} INFO - Sync 1 DAGs
[2024-12-06T22:07:49.455+0000] {logging_mixin.py:190} INFO - [2024-12-06T22:07:49.455+0000] {dag.py:4180} INFO - Setting next_dagrun for example_bash_decorator to None, run_after=None
[2024-12-06T22:07:49.495+0000] {processor.py:208} INFO - Processing /home/airflow/.local/lib/python3.12/site-packages/airflow/example_dags/example_bash_decorator.py took 0.176 seconds
[2024-12-06T22:08:19.634+0000] {processor.py:186} INFO - Started process (PID=3409) to work on /home/airflow/.local/lib/python3.12/site-packages/airflow/example_dags/example_bash_decorator.py
[2024-12-06T22:08:19.637+0000] {processor.py:914} INFO - Processing file /home/airflow/.local/lib/python3.12/site-packages/airflow/example_dags/example_bash_decorator.py for tasks to queue
[2024-12-06T22:08:19.640+0000] {logging_mixin.py:190} INFO - [2024-12-06T22:08:19.640+0000] {dagbag.py:588} INFO - Filling up the DagBag from /home/airflow/.local/lib/python3.12/site-packages/airflow/example_dags/example_bash_decorator.py
[2024-12-06T22:08:19.663+0000] {processor.py:925} INFO - DAG(s) 'example_bash_decorator' retrieved from /home/airflow/.local/lib/python3.12/site-packages/airflow/example_dags/example_bash_decorator.py
[2024-12-06T22:08:19.697+0000] {logging_mixin.py:190} INFO - [2024-12-06T22:08:19.697+0000] {dag.py:3239} INFO - Sync 1 DAGs
[2024-12-06T22:08:19.717+0000] {logging_mixin.py:190} INFO - [2024-12-06T22:08:19.716+0000] {dag.py:4180} INFO - Setting next_dagrun for example_bash_decorator to None, run_after=None
[2024-12-06T22:08:19.743+0000] {processor.py:208} INFO - Processing /home/airflow/.local/lib/python3.12/site-packages/airflow/example_dags/example_bash_decorator.py took 0.117 seconds
[2024-12-06T22:08:53.736+0000] {processor.py:186} INFO - Started process (PID=3479) to work on /home/airflow/.local/lib/python3.12/site-packages/airflow/example_dags/example_bash_decorator.py
[2024-12-06T22:08:53.739+0000] {processor.py:914} INFO - Processing file /home/airflow/.local/lib/python3.12/site-packages/airflow/example_dags/example_bash_decorator.py for tasks to queue
[2024-12-06T22:08:53.745+0000] {logging_mixin.py:190} INFO - [2024-12-06T22:08:53.744+0000] {dagbag.py:588} INFO - Filling up the DagBag from /home/airflow/.local/lib/python3.12/site-packages/airflow/example_dags/example_bash_decorator.py
[2024-12-06T22:08:53.778+0000] {processor.py:925} INFO - DAG(s) 'example_bash_decorator' retrieved from /home/airflow/.local/lib/python3.12/site-packages/airflow/example_dags/example_bash_decorator.py
[2024-12-06T22:08:54.096+0000] {logging_mixin.py:190} INFO - [2024-12-06T22:08:54.095+0000] {dag.py:3239} INFO - Sync 1 DAGs
[2024-12-06T22:08:54.119+0000] {logging_mixin.py:190} INFO - [2024-12-06T22:08:54.119+0000] {dag.py:4180} INFO - Setting next_dagrun for example_bash_decorator to None, run_after=None
[2024-12-06T22:08:54.153+0000] {processor.py:208} INFO - Processing /home/airflow/.local/lib/python3.12/site-packages/airflow/example_dags/example_bash_decorator.py took 0.428 seconds
[2024-12-06T22:09:24.334+0000] {processor.py:186} INFO - Started process (PID=3542) to work on /home/airflow/.local/lib/python3.12/site-packages/airflow/example_dags/example_bash_decorator.py
[2024-12-06T22:09:24.336+0000] {processor.py:914} INFO - Processing file /home/airflow/.local/lib/python3.12/site-packages/airflow/example_dags/example_bash_decorator.py for tasks to queue
[2024-12-06T22:09:24.339+0000] {logging_mixin.py:190} INFO - [2024-12-06T22:09:24.339+0000] {dagbag.py:588} INFO - Filling up the DagBag from /home/airflow/.local/lib/python3.12/site-packages/airflow/example_dags/example_bash_decorator.py
[2024-12-06T22:09:24.366+0000] {processor.py:925} INFO - DAG(s) 'example_bash_decorator' retrieved from /home/airflow/.local/lib/python3.12/site-packages/airflow/example_dags/example_bash_decorator.py
[2024-12-06T22:09:24.406+0000] {logging_mixin.py:190} INFO - [2024-12-06T22:09:24.406+0000] {dag.py:3239} INFO - Sync 1 DAGs
[2024-12-06T22:09:24.433+0000] {logging_mixin.py:190} INFO - [2024-12-06T22:09:24.433+0000] {dag.py:4180} INFO - Setting next_dagrun for example_bash_decorator to None, run_after=None
[2024-12-06T22:09:24.464+0000] {processor.py:208} INFO - Processing /home/airflow/.local/lib/python3.12/site-packages/airflow/example_dags/example_bash_decorator.py took 0.141 seconds
[2024-12-06T22:09:54.722+0000] {processor.py:186} INFO - Started process (PID=3605) to work on /home/airflow/.local/lib/python3.12/site-packages/airflow/example_dags/example_bash_decorator.py
[2024-12-06T22:09:54.724+0000] {processor.py:914} INFO - Processing file /home/airflow/.local/lib/python3.12/site-packages/airflow/example_dags/example_bash_decorator.py for tasks to queue
[2024-12-06T22:09:54.731+0000] {logging_mixin.py:190} INFO - [2024-12-06T22:09:54.730+0000] {dagbag.py:588} INFO - Filling up the DagBag from /home/airflow/.local/lib/python3.12/site-packages/airflow/example_dags/example_bash_decorator.py
[2024-12-06T22:09:54.759+0000] {processor.py:925} INFO - DAG(s) 'example_bash_decorator' retrieved from /home/airflow/.local/lib/python3.12/site-packages/airflow/example_dags/example_bash_decorator.py
[2024-12-06T22:09:54.802+0000] {logging_mixin.py:190} INFO - [2024-12-06T22:09:54.802+0000] {dag.py:3239} INFO - Sync 1 DAGs
[2024-12-06T22:09:54.829+0000] {logging_mixin.py:190} INFO - [2024-12-06T22:09:54.829+0000] {dag.py:4180} INFO - Setting next_dagrun for example_bash_decorator to None, run_after=None
[2024-12-06T22:09:54.861+0000] {processor.py:208} INFO - Processing /home/airflow/.local/lib/python3.12/site-packages/airflow/example_dags/example_bash_decorator.py took 0.150 seconds
[2024-12-06T22:10:25.508+0000] {processor.py:186} INFO - Started process (PID=3665) to work on /home/airflow/.local/lib/python3.12/site-packages/airflow/example_dags/example_bash_decorator.py
[2024-12-06T22:10:25.511+0000] {processor.py:914} INFO - Processing file /home/airflow/.local/lib/python3.12/site-packages/airflow/example_dags/example_bash_decorator.py for tasks to queue
[2024-12-06T22:10:25.519+0000] {logging_mixin.py:190} INFO - [2024-12-06T22:10:25.518+0000] {dagbag.py:588} INFO - Filling up the DagBag from /home/airflow/.local/lib/python3.12/site-packages/airflow/example_dags/example_bash_decorator.py
[2024-12-06T22:10:25.575+0000] {processor.py:925} INFO - DAG(s) 'example_bash_decorator' retrieved from /home/airflow/.local/lib/python3.12/site-packages/airflow/example_dags/example_bash_decorator.py
[2024-12-06T22:10:25.652+0000] {logging_mixin.py:190} INFO - [2024-12-06T22:10:25.651+0000] {dag.py:3239} INFO - Sync 1 DAGs
[2024-12-06T22:10:25.700+0000] {logging_mixin.py:190} INFO - [2024-12-06T22:10:25.699+0000] {dag.py:4180} INFO - Setting next_dagrun for example_bash_decorator to None, run_after=None
[2024-12-06T22:10:25.757+0000] {processor.py:208} INFO - Processing /home/airflow/.local/lib/python3.12/site-packages/airflow/example_dags/example_bash_decorator.py took 0.270 seconds
[2024-12-06T22:10:56.454+0000] {processor.py:186} INFO - Started process (PID=3728) to work on /home/airflow/.local/lib/python3.12/site-packages/airflow/example_dags/example_bash_decorator.py
[2024-12-06T22:10:56.455+0000] {processor.py:914} INFO - Processing file /home/airflow/.local/lib/python3.12/site-packages/airflow/example_dags/example_bash_decorator.py for tasks to queue
[2024-12-06T22:10:56.459+0000] {logging_mixin.py:190} INFO - [2024-12-06T22:10:56.458+0000] {dagbag.py:588} INFO - Filling up the DagBag from /home/airflow/.local/lib/python3.12/site-packages/airflow/example_dags/example_bash_decorator.py
[2024-12-06T22:10:56.481+0000] {processor.py:925} INFO - DAG(s) 'example_bash_decorator' retrieved from /home/airflow/.local/lib/python3.12/site-packages/airflow/example_dags/example_bash_decorator.py
[2024-12-06T22:10:56.553+0000] {logging_mixin.py:190} INFO - [2024-12-06T22:10:56.553+0000] {dag.py:3239} INFO - Sync 1 DAGs
[2024-12-06T22:10:56.607+0000] {logging_mixin.py:190} INFO - [2024-12-06T22:10:56.606+0000] {dag.py:4180} INFO - Setting next_dagrun for example_bash_decorator to None, run_after=None
[2024-12-06T22:10:56.661+0000] {processor.py:208} INFO - Processing /home/airflow/.local/lib/python3.12/site-packages/airflow/example_dags/example_bash_decorator.py took 0.216 seconds
