[2024-12-06T21:40:57.759+0000] {processor.py:186} INFO - Started process (PID=112) to work on /home/airflow/.local/lib/python3.12/site-packages/airflow/example_dags/example_nested_branch_dag.py
[2024-12-06T21:40:57.760+0000] {processor.py:914} INFO - Processing file /home/airflow/.local/lib/python3.12/site-packages/airflow/example_dags/example_nested_branch_dag.py for tasks to queue
[2024-12-06T21:40:57.763+0000] {logging_mixin.py:190} INFO - [2024-12-06T21:40:57.763+0000] {dagbag.py:588} INFO - Filling up the DagBag from /home/airflow/.local/lib/python3.12/site-packages/airflow/example_dags/example_nested_branch_dag.py
[2024-12-06T21:40:57.779+0000] {processor.py:925} INFO - DAG(s) 'example_nested_branch_dag' retrieved from /home/airflow/.local/lib/python3.12/site-packages/airflow/example_dags/example_nested_branch_dag.py
[2024-12-06T21:40:57.930+0000] {logging_mixin.py:190} INFO - [2024-12-06T21:40:57.929+0000] {override.py:1911} INFO - Created Permission View: can edit on DAG:example_nested_branch_dag
[2024-12-06T21:40:57.942+0000] {logging_mixin.py:190} INFO - [2024-12-06T21:40:57.942+0000] {override.py:1911} INFO - Created Permission View: can delete on DAG:example_nested_branch_dag
[2024-12-06T21:40:57.951+0000] {logging_mixin.py:190} INFO - [2024-12-06T21:40:57.951+0000] {override.py:1911} INFO - Created Permission View: can read on DAG:example_nested_branch_dag
[2024-12-06T21:40:57.961+0000] {logging_mixin.py:190} INFO - [2024-12-06T21:40:57.961+0000] {override.py:1911} INFO - Created Permission View: menu access on DAG Run:example_nested_branch_dag
[2024-12-06T21:40:57.970+0000] {logging_mixin.py:190} INFO - [2024-12-06T21:40:57.970+0000] {override.py:1911} INFO - Created Permission View: can create on DAG Run:example_nested_branch_dag
[2024-12-06T21:40:57.980+0000] {logging_mixin.py:190} INFO - [2024-12-06T21:40:57.980+0000] {override.py:1911} INFO - Created Permission View: can delete on DAG Run:example_nested_branch_dag
[2024-12-06T21:40:57.988+0000] {logging_mixin.py:190} INFO - [2024-12-06T21:40:57.988+0000] {override.py:1911} INFO - Created Permission View: can read on DAG Run:example_nested_branch_dag
[2024-12-06T21:40:57.989+0000] {logging_mixin.py:190} INFO - [2024-12-06T21:40:57.989+0000] {dag.py:3239} INFO - Sync 1 DAGs
[2024-12-06T21:40:58.005+0000] {logging_mixin.py:190} INFO - [2024-12-06T21:40:58.004+0000] {dag.py:3262} INFO - Creating ORM DAG for example_nested_branch_dag
[2024-12-06T21:40:58.017+0000] {logging_mixin.py:190} INFO - [2024-12-06T21:40:58.017+0000] {dag.py:4180} INFO - Setting next_dagrun for example_nested_branch_dag to 2024-12-05 00:00:00+00:00, run_after=2024-12-06 00:00:00+00:00
[2024-12-06T21:40:58.040+0000] {processor.py:208} INFO - Processing /home/airflow/.local/lib/python3.12/site-packages/airflow/example_dags/example_nested_branch_dag.py took 0.289 seconds
[2024-12-06T21:41:28.402+0000] {processor.py:186} INFO - Started process (PID=175) to work on /home/airflow/.local/lib/python3.12/site-packages/airflow/example_dags/example_nested_branch_dag.py
[2024-12-06T21:41:28.403+0000] {processor.py:914} INFO - Processing file /home/airflow/.local/lib/python3.12/site-packages/airflow/example_dags/example_nested_branch_dag.py for tasks to queue
[2024-12-06T21:41:28.407+0000] {logging_mixin.py:190} INFO - [2024-12-06T21:41:28.406+0000] {dagbag.py:588} INFO - Filling up the DagBag from /home/airflow/.local/lib/python3.12/site-packages/airflow/example_dags/example_nested_branch_dag.py
[2024-12-06T21:41:28.422+0000] {processor.py:925} INFO - DAG(s) 'example_nested_branch_dag' retrieved from /home/airflow/.local/lib/python3.12/site-packages/airflow/example_dags/example_nested_branch_dag.py
[2024-12-06T21:41:28.450+0000] {logging_mixin.py:190} INFO - [2024-12-06T21:41:28.450+0000] {dag.py:3239} INFO - Sync 1 DAGs
[2024-12-06T21:41:28.482+0000] {logging_mixin.py:190} INFO - [2024-12-06T21:41:28.481+0000] {dag.py:4180} INFO - Setting next_dagrun for example_nested_branch_dag to 2024-12-05 00:00:00+00:00, run_after=2024-12-06 00:00:00+00:00
[2024-12-06T21:41:28.504+0000] {processor.py:208} INFO - Processing /home/airflow/.local/lib/python3.12/site-packages/airflow/example_dags/example_nested_branch_dag.py took 0.110 seconds
[2024-12-06T21:41:59.338+0000] {processor.py:186} INFO - Started process (PID=238) to work on /home/airflow/.local/lib/python3.12/site-packages/airflow/example_dags/example_nested_branch_dag.py
[2024-12-06T21:41:59.339+0000] {processor.py:914} INFO - Processing file /home/airflow/.local/lib/python3.12/site-packages/airflow/example_dags/example_nested_branch_dag.py for tasks to queue
[2024-12-06T21:41:59.342+0000] {logging_mixin.py:190} INFO - [2024-12-06T21:41:59.342+0000] {dagbag.py:588} INFO - Filling up the DagBag from /home/airflow/.local/lib/python3.12/site-packages/airflow/example_dags/example_nested_branch_dag.py
[2024-12-06T21:41:59.357+0000] {processor.py:925} INFO - DAG(s) 'example_nested_branch_dag' retrieved from /home/airflow/.local/lib/python3.12/site-packages/airflow/example_dags/example_nested_branch_dag.py
[2024-12-06T21:41:59.385+0000] {logging_mixin.py:190} INFO - [2024-12-06T21:41:59.385+0000] {dag.py:3239} INFO - Sync 1 DAGs
[2024-12-06T21:41:59.416+0000] {logging_mixin.py:190} INFO - [2024-12-06T21:41:59.416+0000] {dag.py:4180} INFO - Setting next_dagrun for example_nested_branch_dag to 2024-12-05 00:00:00+00:00, run_after=2024-12-06 00:00:00+00:00
[2024-12-06T21:41:59.440+0000] {processor.py:208} INFO - Processing /home/airflow/.local/lib/python3.12/site-packages/airflow/example_dags/example_nested_branch_dag.py took 0.109 seconds
[2024-12-06T21:42:30.524+0000] {processor.py:186} INFO - Started process (PID=301) to work on /home/airflow/.local/lib/python3.12/site-packages/airflow/example_dags/example_nested_branch_dag.py
[2024-12-06T21:42:30.525+0000] {processor.py:914} INFO - Processing file /home/airflow/.local/lib/python3.12/site-packages/airflow/example_dags/example_nested_branch_dag.py for tasks to queue
[2024-12-06T21:42:30.528+0000] {logging_mixin.py:190} INFO - [2024-12-06T21:42:30.528+0000] {dagbag.py:588} INFO - Filling up the DagBag from /home/airflow/.local/lib/python3.12/site-packages/airflow/example_dags/example_nested_branch_dag.py
[2024-12-06T21:42:30.545+0000] {processor.py:925} INFO - DAG(s) 'example_nested_branch_dag' retrieved from /home/airflow/.local/lib/python3.12/site-packages/airflow/example_dags/example_nested_branch_dag.py
[2024-12-06T21:42:30.574+0000] {logging_mixin.py:190} INFO - [2024-12-06T21:42:30.574+0000] {dag.py:3239} INFO - Sync 1 DAGs
[2024-12-06T21:42:30.604+0000] {logging_mixin.py:190} INFO - [2024-12-06T21:42:30.604+0000] {dag.py:4180} INFO - Setting next_dagrun for example_nested_branch_dag to 2024-12-05 00:00:00+00:00, run_after=2024-12-06 00:00:00+00:00
[2024-12-06T21:42:30.627+0000] {processor.py:208} INFO - Processing /home/airflow/.local/lib/python3.12/site-packages/airflow/example_dags/example_nested_branch_dag.py took 0.112 seconds
[2024-12-06T21:43:00.838+0000] {processor.py:186} INFO - Started process (PID=364) to work on /home/airflow/.local/lib/python3.12/site-packages/airflow/example_dags/example_nested_branch_dag.py
[2024-12-06T21:43:00.839+0000] {processor.py:914} INFO - Processing file /home/airflow/.local/lib/python3.12/site-packages/airflow/example_dags/example_nested_branch_dag.py for tasks to queue
[2024-12-06T21:43:00.842+0000] {logging_mixin.py:190} INFO - [2024-12-06T21:43:00.842+0000] {dagbag.py:588} INFO - Filling up the DagBag from /home/airflow/.local/lib/python3.12/site-packages/airflow/example_dags/example_nested_branch_dag.py
[2024-12-06T21:43:00.857+0000] {processor.py:925} INFO - DAG(s) 'example_nested_branch_dag' retrieved from /home/airflow/.local/lib/python3.12/site-packages/airflow/example_dags/example_nested_branch_dag.py
[2024-12-06T21:43:00.885+0000] {logging_mixin.py:190} INFO - [2024-12-06T21:43:00.885+0000] {dag.py:3239} INFO - Sync 1 DAGs
[2024-12-06T21:43:00.916+0000] {logging_mixin.py:190} INFO - [2024-12-06T21:43:00.915+0000] {dag.py:4180} INFO - Setting next_dagrun for example_nested_branch_dag to 2024-12-05 00:00:00+00:00, run_after=2024-12-06 00:00:00+00:00
[2024-12-06T21:43:00.938+0000] {processor.py:208} INFO - Processing /home/airflow/.local/lib/python3.12/site-packages/airflow/example_dags/example_nested_branch_dag.py took 0.108 seconds
[2024-12-06T21:43:32.653+0000] {processor.py:186} INFO - Started process (PID=427) to work on /home/airflow/.local/lib/python3.12/site-packages/airflow/example_dags/example_nested_branch_dag.py
[2024-12-06T21:43:32.655+0000] {processor.py:914} INFO - Processing file /home/airflow/.local/lib/python3.12/site-packages/airflow/example_dags/example_nested_branch_dag.py for tasks to queue
[2024-12-06T21:43:32.659+0000] {logging_mixin.py:190} INFO - [2024-12-06T21:43:32.658+0000] {dagbag.py:588} INFO - Filling up the DagBag from /home/airflow/.local/lib/python3.12/site-packages/airflow/example_dags/example_nested_branch_dag.py
[2024-12-06T21:43:32.678+0000] {processor.py:925} INFO - DAG(s) 'example_nested_branch_dag' retrieved from /home/airflow/.local/lib/python3.12/site-packages/airflow/example_dags/example_nested_branch_dag.py
[2024-12-06T21:43:32.712+0000] {logging_mixin.py:190} INFO - [2024-12-06T21:43:32.711+0000] {dag.py:3239} INFO - Sync 1 DAGs
[2024-12-06T21:43:32.752+0000] {logging_mixin.py:190} INFO - [2024-12-06T21:43:32.752+0000] {dag.py:4180} INFO - Setting next_dagrun for example_nested_branch_dag to 2024-12-05 00:00:00+00:00, run_after=2024-12-06 00:00:00+00:00
[2024-12-06T21:43:32.782+0000] {processor.py:208} INFO - Processing /home/airflow/.local/lib/python3.12/site-packages/airflow/example_dags/example_nested_branch_dag.py took 0.138 seconds
[2024-12-06T21:44:03.527+0000] {processor.py:186} INFO - Started process (PID=490) to work on /home/airflow/.local/lib/python3.12/site-packages/airflow/example_dags/example_nested_branch_dag.py
[2024-12-06T21:44:03.529+0000] {processor.py:914} INFO - Processing file /home/airflow/.local/lib/python3.12/site-packages/airflow/example_dags/example_nested_branch_dag.py for tasks to queue
[2024-12-06T21:44:03.532+0000] {logging_mixin.py:190} INFO - [2024-12-06T21:44:03.532+0000] {dagbag.py:588} INFO - Filling up the DagBag from /home/airflow/.local/lib/python3.12/site-packages/airflow/example_dags/example_nested_branch_dag.py
[2024-12-06T21:44:03.548+0000] {processor.py:925} INFO - DAG(s) 'example_nested_branch_dag' retrieved from /home/airflow/.local/lib/python3.12/site-packages/airflow/example_dags/example_nested_branch_dag.py
[2024-12-06T21:44:03.576+0000] {logging_mixin.py:190} INFO - [2024-12-06T21:44:03.576+0000] {dag.py:3239} INFO - Sync 1 DAGs
[2024-12-06T21:44:03.609+0000] {logging_mixin.py:190} INFO - [2024-12-06T21:44:03.609+0000] {dag.py:4180} INFO - Setting next_dagrun for example_nested_branch_dag to 2024-12-05 00:00:00+00:00, run_after=2024-12-06 00:00:00+00:00
[2024-12-06T21:44:03.633+0000] {processor.py:208} INFO - Processing /home/airflow/.local/lib/python3.12/site-packages/airflow/example_dags/example_nested_branch_dag.py took 0.114 seconds
[2024-12-06T21:44:35.675+0000] {processor.py:186} INFO - Started process (PID=553) to work on /home/airflow/.local/lib/python3.12/site-packages/airflow/example_dags/example_nested_branch_dag.py
[2024-12-06T21:44:35.677+0000] {processor.py:914} INFO - Processing file /home/airflow/.local/lib/python3.12/site-packages/airflow/example_dags/example_nested_branch_dag.py for tasks to queue
[2024-12-06T21:44:35.680+0000] {logging_mixin.py:190} INFO - [2024-12-06T21:44:35.680+0000] {dagbag.py:588} INFO - Filling up the DagBag from /home/airflow/.local/lib/python3.12/site-packages/airflow/example_dags/example_nested_branch_dag.py
[2024-12-06T21:44:35.696+0000] {processor.py:925} INFO - DAG(s) 'example_nested_branch_dag' retrieved from /home/airflow/.local/lib/python3.12/site-packages/airflow/example_dags/example_nested_branch_dag.py
[2024-12-06T21:44:35.734+0000] {logging_mixin.py:190} INFO - [2024-12-06T21:44:35.734+0000] {dag.py:3239} INFO - Sync 1 DAGs
[2024-12-06T21:44:35.773+0000] {logging_mixin.py:190} INFO - [2024-12-06T21:44:35.773+0000] {dag.py:4180} INFO - Setting next_dagrun for example_nested_branch_dag to 2024-12-05 00:00:00+00:00, run_after=2024-12-06 00:00:00+00:00
[2024-12-06T21:44:35.800+0000] {processor.py:208} INFO - Processing /home/airflow/.local/lib/python3.12/site-packages/airflow/example_dags/example_nested_branch_dag.py took 0.133 seconds
[2024-12-06T21:45:06.385+0000] {processor.py:186} INFO - Started process (PID=616) to work on /home/airflow/.local/lib/python3.12/site-packages/airflow/example_dags/example_nested_branch_dag.py
[2024-12-06T21:45:06.386+0000] {processor.py:914} INFO - Processing file /home/airflow/.local/lib/python3.12/site-packages/airflow/example_dags/example_nested_branch_dag.py for tasks to queue
[2024-12-06T21:45:06.389+0000] {logging_mixin.py:190} INFO - [2024-12-06T21:45:06.389+0000] {dagbag.py:588} INFO - Filling up the DagBag from /home/airflow/.local/lib/python3.12/site-packages/airflow/example_dags/example_nested_branch_dag.py
[2024-12-06T21:45:06.404+0000] {processor.py:925} INFO - DAG(s) 'example_nested_branch_dag' retrieved from /home/airflow/.local/lib/python3.12/site-packages/airflow/example_dags/example_nested_branch_dag.py
[2024-12-06T21:45:06.436+0000] {logging_mixin.py:190} INFO - [2024-12-06T21:45:06.436+0000] {dag.py:3239} INFO - Sync 1 DAGs
[2024-12-06T21:45:06.468+0000] {logging_mixin.py:190} INFO - [2024-12-06T21:45:06.467+0000] {dag.py:4180} INFO - Setting next_dagrun for example_nested_branch_dag to 2024-12-05 00:00:00+00:00, run_after=2024-12-06 00:00:00+00:00
[2024-12-06T21:45:06.491+0000] {processor.py:208} INFO - Processing /home/airflow/.local/lib/python3.12/site-packages/airflow/example_dags/example_nested_branch_dag.py took 0.115 seconds
[2024-12-06T21:45:38.185+0000] {processor.py:186} INFO - Started process (PID=680) to work on /home/airflow/.local/lib/python3.12/site-packages/airflow/example_dags/example_nested_branch_dag.py
[2024-12-06T21:45:38.187+0000] {processor.py:914} INFO - Processing file /home/airflow/.local/lib/python3.12/site-packages/airflow/example_dags/example_nested_branch_dag.py for tasks to queue
[2024-12-06T21:45:38.190+0000] {logging_mixin.py:190} INFO - [2024-12-06T21:45:38.190+0000] {dagbag.py:588} INFO - Filling up the DagBag from /home/airflow/.local/lib/python3.12/site-packages/airflow/example_dags/example_nested_branch_dag.py
[2024-12-06T21:45:38.222+0000] {processor.py:925} INFO - DAG(s) 'example_nested_branch_dag' retrieved from /home/airflow/.local/lib/python3.12/site-packages/airflow/example_dags/example_nested_branch_dag.py
[2024-12-06T21:45:38.256+0000] {logging_mixin.py:190} INFO - [2024-12-06T21:45:38.256+0000] {dag.py:3239} INFO - Sync 1 DAGs
[2024-12-06T21:45:38.291+0000] {logging_mixin.py:190} INFO - [2024-12-06T21:45:38.291+0000] {dag.py:4180} INFO - Setting next_dagrun for example_nested_branch_dag to 2024-12-05 00:00:00+00:00, run_after=2024-12-06 00:00:00+00:00
[2024-12-06T21:45:38.324+0000] {processor.py:208} INFO - Processing /home/airflow/.local/lib/python3.12/site-packages/airflow/example_dags/example_nested_branch_dag.py took 0.149 seconds
[2024-12-06T21:46:09.088+0000] {processor.py:186} INFO - Started process (PID=743) to work on /home/airflow/.local/lib/python3.12/site-packages/airflow/example_dags/example_nested_branch_dag.py
[2024-12-06T21:46:09.089+0000] {processor.py:914} INFO - Processing file /home/airflow/.local/lib/python3.12/site-packages/airflow/example_dags/example_nested_branch_dag.py for tasks to queue
[2024-12-06T21:46:09.092+0000] {logging_mixin.py:190} INFO - [2024-12-06T21:46:09.092+0000] {dagbag.py:588} INFO - Filling up the DagBag from /home/airflow/.local/lib/python3.12/site-packages/airflow/example_dags/example_nested_branch_dag.py
[2024-12-06T21:46:09.107+0000] {processor.py:925} INFO - DAG(s) 'example_nested_branch_dag' retrieved from /home/airflow/.local/lib/python3.12/site-packages/airflow/example_dags/example_nested_branch_dag.py
[2024-12-06T21:46:09.135+0000] {logging_mixin.py:190} INFO - [2024-12-06T21:46:09.135+0000] {dag.py:3239} INFO - Sync 1 DAGs
[2024-12-06T21:46:09.166+0000] {logging_mixin.py:190} INFO - [2024-12-06T21:46:09.165+0000] {dag.py:4180} INFO - Setting next_dagrun for example_nested_branch_dag to 2024-12-05 00:00:00+00:00, run_after=2024-12-06 00:00:00+00:00
[2024-12-06T21:46:09.189+0000] {processor.py:208} INFO - Processing /home/airflow/.local/lib/python3.12/site-packages/airflow/example_dags/example_nested_branch_dag.py took 0.110 seconds
[2024-12-06T21:46:41.695+0000] {processor.py:186} INFO - Started process (PID=811) to work on /home/airflow/.local/lib/python3.12/site-packages/airflow/example_dags/example_nested_branch_dag.py
[2024-12-06T21:46:41.696+0000] {processor.py:914} INFO - Processing file /home/airflow/.local/lib/python3.12/site-packages/airflow/example_dags/example_nested_branch_dag.py for tasks to queue
[2024-12-06T21:46:41.699+0000] {logging_mixin.py:190} INFO - [2024-12-06T21:46:41.699+0000] {dagbag.py:588} INFO - Filling up the DagBag from /home/airflow/.local/lib/python3.12/site-packages/airflow/example_dags/example_nested_branch_dag.py
[2024-12-06T21:46:41.714+0000] {processor.py:925} INFO - DAG(s) 'example_nested_branch_dag' retrieved from /home/airflow/.local/lib/python3.12/site-packages/airflow/example_dags/example_nested_branch_dag.py
[2024-12-06T21:46:41.743+0000] {logging_mixin.py:190} INFO - [2024-12-06T21:46:41.743+0000] {dag.py:3239} INFO - Sync 1 DAGs
[2024-12-06T21:46:41.773+0000] {logging_mixin.py:190} INFO - [2024-12-06T21:46:41.773+0000] {dag.py:4180} INFO - Setting next_dagrun for example_nested_branch_dag to 2024-12-05 00:00:00+00:00, run_after=2024-12-06 00:00:00+00:00
[2024-12-06T21:46:41.798+0000] {processor.py:208} INFO - Processing /home/airflow/.local/lib/python3.12/site-packages/airflow/example_dags/example_nested_branch_dag.py took 0.111 seconds
[2024-12-06T21:47:14.074+0000] {processor.py:186} INFO - Started process (PID=879) to work on /home/airflow/.local/lib/python3.12/site-packages/airflow/example_dags/example_nested_branch_dag.py
[2024-12-06T21:47:14.076+0000] {processor.py:914} INFO - Processing file /home/airflow/.local/lib/python3.12/site-packages/airflow/example_dags/example_nested_branch_dag.py for tasks to queue
[2024-12-06T21:47:14.080+0000] {logging_mixin.py:190} INFO - [2024-12-06T21:47:14.079+0000] {dagbag.py:588} INFO - Filling up the DagBag from /home/airflow/.local/lib/python3.12/site-packages/airflow/example_dags/example_nested_branch_dag.py
[2024-12-06T21:47:14.100+0000] {processor.py:925} INFO - DAG(s) 'example_nested_branch_dag' retrieved from /home/airflow/.local/lib/python3.12/site-packages/airflow/example_dags/example_nested_branch_dag.py
[2024-12-06T21:47:14.145+0000] {logging_mixin.py:190} INFO - [2024-12-06T21:47:14.144+0000] {dag.py:3239} INFO - Sync 1 DAGs
[2024-12-06T21:47:14.188+0000] {logging_mixin.py:190} INFO - [2024-12-06T21:47:14.188+0000] {dag.py:4180} INFO - Setting next_dagrun for example_nested_branch_dag to 2024-12-05 00:00:00+00:00, run_after=2024-12-06 00:00:00+00:00
[2024-12-06T21:47:14.222+0000] {processor.py:208} INFO - Processing /home/airflow/.local/lib/python3.12/site-packages/airflow/example_dags/example_nested_branch_dag.py took 0.157 seconds
[2024-12-06T21:47:45.454+0000] {processor.py:186} INFO - Started process (PID=942) to work on /home/airflow/.local/lib/python3.12/site-packages/airflow/example_dags/example_nested_branch_dag.py
[2024-12-06T21:47:45.455+0000] {processor.py:914} INFO - Processing file /home/airflow/.local/lib/python3.12/site-packages/airflow/example_dags/example_nested_branch_dag.py for tasks to queue
[2024-12-06T21:47:45.458+0000] {logging_mixin.py:190} INFO - [2024-12-06T21:47:45.458+0000] {dagbag.py:588} INFO - Filling up the DagBag from /home/airflow/.local/lib/python3.12/site-packages/airflow/example_dags/example_nested_branch_dag.py
[2024-12-06T21:47:45.492+0000] {processor.py:925} INFO - DAG(s) 'example_nested_branch_dag' retrieved from /home/airflow/.local/lib/python3.12/site-packages/airflow/example_dags/example_nested_branch_dag.py
[2024-12-06T21:47:45.529+0000] {logging_mixin.py:190} INFO - [2024-12-06T21:47:45.529+0000] {dag.py:3239} INFO - Sync 1 DAGs
[2024-12-06T21:47:45.576+0000] {logging_mixin.py:190} INFO - [2024-12-06T21:47:45.576+0000] {dag.py:4180} INFO - Setting next_dagrun for example_nested_branch_dag to 2024-12-05 00:00:00+00:00, run_after=2024-12-06 00:00:00+00:00
[2024-12-06T21:47:45.608+0000] {processor.py:208} INFO - Processing /home/airflow/.local/lib/python3.12/site-packages/airflow/example_dags/example_nested_branch_dag.py took 0.163 seconds
[2024-12-06T21:48:17.215+0000] {processor.py:186} INFO - Started process (PID=1011) to work on /home/airflow/.local/lib/python3.12/site-packages/airflow/example_dags/example_nested_branch_dag.py
[2024-12-06T21:48:17.218+0000] {processor.py:914} INFO - Processing file /home/airflow/.local/lib/python3.12/site-packages/airflow/example_dags/example_nested_branch_dag.py for tasks to queue
[2024-12-06T21:48:17.223+0000] {logging_mixin.py:190} INFO - [2024-12-06T21:48:17.222+0000] {dagbag.py:588} INFO - Filling up the DagBag from /home/airflow/.local/lib/python3.12/site-packages/airflow/example_dags/example_nested_branch_dag.py
[2024-12-06T21:48:17.241+0000] {processor.py:925} INFO - DAG(s) 'example_nested_branch_dag' retrieved from /home/airflow/.local/lib/python3.12/site-packages/airflow/example_dags/example_nested_branch_dag.py
[2024-12-06T21:48:17.276+0000] {logging_mixin.py:190} INFO - [2024-12-06T21:48:17.276+0000] {dag.py:3239} INFO - Sync 1 DAGs
[2024-12-06T21:48:17.314+0000] {logging_mixin.py:190} INFO - [2024-12-06T21:48:17.314+0000] {dag.py:4180} INFO - Setting next_dagrun for example_nested_branch_dag to 2024-12-05 00:00:00+00:00, run_after=2024-12-06 00:00:00+00:00
[2024-12-06T21:48:17.342+0000] {processor.py:208} INFO - Processing /home/airflow/.local/lib/python3.12/site-packages/airflow/example_dags/example_nested_branch_dag.py took 0.137 seconds
[2024-12-06T21:48:48.570+0000] {processor.py:186} INFO - Started process (PID=1074) to work on /home/airflow/.local/lib/python3.12/site-packages/airflow/example_dags/example_nested_branch_dag.py
[2024-12-06T21:48:48.572+0000] {processor.py:914} INFO - Processing file /home/airflow/.local/lib/python3.12/site-packages/airflow/example_dags/example_nested_branch_dag.py for tasks to queue
[2024-12-06T21:48:48.576+0000] {logging_mixin.py:190} INFO - [2024-12-06T21:48:48.575+0000] {dagbag.py:588} INFO - Filling up the DagBag from /home/airflow/.local/lib/python3.12/site-packages/airflow/example_dags/example_nested_branch_dag.py
[2024-12-06T21:48:48.594+0000] {processor.py:925} INFO - DAG(s) 'example_nested_branch_dag' retrieved from /home/airflow/.local/lib/python3.12/site-packages/airflow/example_dags/example_nested_branch_dag.py
[2024-12-06T21:48:48.634+0000] {logging_mixin.py:190} INFO - [2024-12-06T21:48:48.634+0000] {dag.py:3239} INFO - Sync 1 DAGs
[2024-12-06T21:48:48.676+0000] {logging_mixin.py:190} INFO - [2024-12-06T21:48:48.676+0000] {dag.py:4180} INFO - Setting next_dagrun for example_nested_branch_dag to 2024-12-05 00:00:00+00:00, run_after=2024-12-06 00:00:00+00:00
[2024-12-06T21:48:48.704+0000] {processor.py:208} INFO - Processing /home/airflow/.local/lib/python3.12/site-packages/airflow/example_dags/example_nested_branch_dag.py took 0.145 seconds
[2024-12-06T21:49:20.716+0000] {processor.py:186} INFO - Started process (PID=1137) to work on /home/airflow/.local/lib/python3.12/site-packages/airflow/example_dags/example_nested_branch_dag.py
[2024-12-06T21:49:20.718+0000] {processor.py:914} INFO - Processing file /home/airflow/.local/lib/python3.12/site-packages/airflow/example_dags/example_nested_branch_dag.py for tasks to queue
[2024-12-06T21:49:20.722+0000] {logging_mixin.py:190} INFO - [2024-12-06T21:49:20.722+0000] {dagbag.py:588} INFO - Filling up the DagBag from /home/airflow/.local/lib/python3.12/site-packages/airflow/example_dags/example_nested_branch_dag.py
[2024-12-06T21:49:20.747+0000] {processor.py:925} INFO - DAG(s) 'example_nested_branch_dag' retrieved from /home/airflow/.local/lib/python3.12/site-packages/airflow/example_dags/example_nested_branch_dag.py
[2024-12-06T21:49:20.783+0000] {logging_mixin.py:190} INFO - [2024-12-06T21:49:20.782+0000] {dag.py:3239} INFO - Sync 1 DAGs
[2024-12-06T21:49:20.821+0000] {logging_mixin.py:190} INFO - [2024-12-06T21:49:20.821+0000] {dag.py:4180} INFO - Setting next_dagrun for example_nested_branch_dag to 2024-12-05 00:00:00+00:00, run_after=2024-12-06 00:00:00+00:00
[2024-12-06T21:49:20.854+0000] {processor.py:208} INFO - Processing /home/airflow/.local/lib/python3.12/site-packages/airflow/example_dags/example_nested_branch_dag.py took 0.151 seconds
[2024-12-06T21:49:51.620+0000] {processor.py:186} INFO - Started process (PID=1200) to work on /home/airflow/.local/lib/python3.12/site-packages/airflow/example_dags/example_nested_branch_dag.py
[2024-12-06T21:49:51.622+0000] {processor.py:914} INFO - Processing file /home/airflow/.local/lib/python3.12/site-packages/airflow/example_dags/example_nested_branch_dag.py for tasks to queue
[2024-12-06T21:49:51.628+0000] {logging_mixin.py:190} INFO - [2024-12-06T21:49:51.627+0000] {dagbag.py:588} INFO - Filling up the DagBag from /home/airflow/.local/lib/python3.12/site-packages/airflow/example_dags/example_nested_branch_dag.py
[2024-12-06T21:49:51.654+0000] {processor.py:925} INFO - DAG(s) 'example_nested_branch_dag' retrieved from /home/airflow/.local/lib/python3.12/site-packages/airflow/example_dags/example_nested_branch_dag.py
[2024-12-06T21:49:51.690+0000] {logging_mixin.py:190} INFO - [2024-12-06T21:49:51.690+0000] {dag.py:3239} INFO - Sync 1 DAGs
[2024-12-06T21:49:51.728+0000] {logging_mixin.py:190} INFO - [2024-12-06T21:49:51.728+0000] {dag.py:4180} INFO - Setting next_dagrun for example_nested_branch_dag to 2024-12-05 00:00:00+00:00, run_after=2024-12-06 00:00:00+00:00
[2024-12-06T21:49:51.760+0000] {processor.py:208} INFO - Processing /home/airflow/.local/lib/python3.12/site-packages/airflow/example_dags/example_nested_branch_dag.py took 0.148 seconds
[2024-12-06T21:50:23.920+0000] {processor.py:186} INFO - Started process (PID=1263) to work on /home/airflow/.local/lib/python3.12/site-packages/airflow/example_dags/example_nested_branch_dag.py
[2024-12-06T21:50:23.922+0000] {processor.py:914} INFO - Processing file /home/airflow/.local/lib/python3.12/site-packages/airflow/example_dags/example_nested_branch_dag.py for tasks to queue
[2024-12-06T21:50:23.925+0000] {logging_mixin.py:190} INFO - [2024-12-06T21:50:23.924+0000] {dagbag.py:588} INFO - Filling up the DagBag from /home/airflow/.local/lib/python3.12/site-packages/airflow/example_dags/example_nested_branch_dag.py
[2024-12-06T21:50:23.942+0000] {processor.py:925} INFO - DAG(s) 'example_nested_branch_dag' retrieved from /home/airflow/.local/lib/python3.12/site-packages/airflow/example_dags/example_nested_branch_dag.py
[2024-12-06T21:50:23.975+0000] {logging_mixin.py:190} INFO - [2024-12-06T21:50:23.974+0000] {dag.py:3239} INFO - Sync 1 DAGs
[2024-12-06T21:50:24.011+0000] {logging_mixin.py:190} INFO - [2024-12-06T21:50:24.011+0000] {dag.py:4180} INFO - Setting next_dagrun for example_nested_branch_dag to 2024-12-05 00:00:00+00:00, run_after=2024-12-06 00:00:00+00:00
[2024-12-06T21:50:24.040+0000] {processor.py:208} INFO - Processing /home/airflow/.local/lib/python3.12/site-packages/airflow/example_dags/example_nested_branch_dag.py took 0.130 seconds
[2024-12-06T21:50:55.474+0000] {processor.py:186} INFO - Started process (PID=1326) to work on /home/airflow/.local/lib/python3.12/site-packages/airflow/example_dags/example_nested_branch_dag.py
[2024-12-06T21:50:55.475+0000] {processor.py:914} INFO - Processing file /home/airflow/.local/lib/python3.12/site-packages/airflow/example_dags/example_nested_branch_dag.py for tasks to queue
[2024-12-06T21:50:55.479+0000] {logging_mixin.py:190} INFO - [2024-12-06T21:50:55.478+0000] {dagbag.py:588} INFO - Filling up the DagBag from /home/airflow/.local/lib/python3.12/site-packages/airflow/example_dags/example_nested_branch_dag.py
[2024-12-06T21:50:55.504+0000] {processor.py:925} INFO - DAG(s) 'example_nested_branch_dag' retrieved from /home/airflow/.local/lib/python3.12/site-packages/airflow/example_dags/example_nested_branch_dag.py
[2024-12-06T21:50:55.544+0000] {logging_mixin.py:190} INFO - [2024-12-06T21:50:55.543+0000] {dag.py:3239} INFO - Sync 1 DAGs
[2024-12-06T21:50:55.590+0000] {logging_mixin.py:190} INFO - [2024-12-06T21:50:55.589+0000] {dag.py:4180} INFO - Setting next_dagrun for example_nested_branch_dag to 2024-12-05 00:00:00+00:00, run_after=2024-12-06 00:00:00+00:00
[2024-12-06T21:50:55.624+0000] {processor.py:208} INFO - Processing /home/airflow/.local/lib/python3.12/site-packages/airflow/example_dags/example_nested_branch_dag.py took 0.162 seconds
[2024-12-06T21:51:27.289+0000] {processor.py:186} INFO - Started process (PID=1389) to work on /home/airflow/.local/lib/python3.12/site-packages/airflow/example_dags/example_nested_branch_dag.py
[2024-12-06T21:51:27.291+0000] {processor.py:914} INFO - Processing file /home/airflow/.local/lib/python3.12/site-packages/airflow/example_dags/example_nested_branch_dag.py for tasks to queue
[2024-12-06T21:51:27.294+0000] {logging_mixin.py:190} INFO - [2024-12-06T21:51:27.294+0000] {dagbag.py:588} INFO - Filling up the DagBag from /home/airflow/.local/lib/python3.12/site-packages/airflow/example_dags/example_nested_branch_dag.py
[2024-12-06T21:51:27.311+0000] {processor.py:925} INFO - DAG(s) 'example_nested_branch_dag' retrieved from /home/airflow/.local/lib/python3.12/site-packages/airflow/example_dags/example_nested_branch_dag.py
[2024-12-06T21:51:27.346+0000] {logging_mixin.py:190} INFO - [2024-12-06T21:51:27.345+0000] {dag.py:3239} INFO - Sync 1 DAGs
[2024-12-06T21:51:27.385+0000] {logging_mixin.py:190} INFO - [2024-12-06T21:51:27.384+0000] {dag.py:4180} INFO - Setting next_dagrun for example_nested_branch_dag to 2024-12-05 00:00:00+00:00, run_after=2024-12-06 00:00:00+00:00
[2024-12-06T21:51:27.414+0000] {processor.py:208} INFO - Processing /home/airflow/.local/lib/python3.12/site-packages/airflow/example_dags/example_nested_branch_dag.py took 0.135 seconds
[2024-12-06T21:51:57.947+0000] {processor.py:186} INFO - Started process (PID=1452) to work on /home/airflow/.local/lib/python3.12/site-packages/airflow/example_dags/example_nested_branch_dag.py
[2024-12-06T21:51:57.949+0000] {processor.py:914} INFO - Processing file /home/airflow/.local/lib/python3.12/site-packages/airflow/example_dags/example_nested_branch_dag.py for tasks to queue
[2024-12-06T21:51:57.953+0000] {logging_mixin.py:190} INFO - [2024-12-06T21:51:57.952+0000] {dagbag.py:588} INFO - Filling up the DagBag from /home/airflow/.local/lib/python3.12/site-packages/airflow/example_dags/example_nested_branch_dag.py
[2024-12-06T21:51:57.972+0000] {processor.py:925} INFO - DAG(s) 'example_nested_branch_dag' retrieved from /home/airflow/.local/lib/python3.12/site-packages/airflow/example_dags/example_nested_branch_dag.py
[2024-12-06T21:51:58.008+0000] {logging_mixin.py:190} INFO - [2024-12-06T21:51:58.008+0000] {dag.py:3239} INFO - Sync 1 DAGs
[2024-12-06T21:51:58.046+0000] {logging_mixin.py:190} INFO - [2024-12-06T21:51:58.046+0000] {dag.py:4180} INFO - Setting next_dagrun for example_nested_branch_dag to 2024-12-05 00:00:00+00:00, run_after=2024-12-06 00:00:00+00:00
[2024-12-06T21:51:58.079+0000] {processor.py:208} INFO - Processing /home/airflow/.local/lib/python3.12/site-packages/airflow/example_dags/example_nested_branch_dag.py took 0.144 seconds
[2024-12-06T21:52:28.749+0000] {processor.py:186} INFO - Started process (PID=1515) to work on /home/airflow/.local/lib/python3.12/site-packages/airflow/example_dags/example_nested_branch_dag.py
[2024-12-06T21:52:28.751+0000] {processor.py:914} INFO - Processing file /home/airflow/.local/lib/python3.12/site-packages/airflow/example_dags/example_nested_branch_dag.py for tasks to queue
[2024-12-06T21:52:28.754+0000] {logging_mixin.py:190} INFO - [2024-12-06T21:52:28.754+0000] {dagbag.py:588} INFO - Filling up the DagBag from /home/airflow/.local/lib/python3.12/site-packages/airflow/example_dags/example_nested_branch_dag.py
[2024-12-06T21:52:28.773+0000] {processor.py:925} INFO - DAG(s) 'example_nested_branch_dag' retrieved from /home/airflow/.local/lib/python3.12/site-packages/airflow/example_dags/example_nested_branch_dag.py
[2024-12-06T21:52:28.810+0000] {logging_mixin.py:190} INFO - [2024-12-06T21:52:28.810+0000] {dag.py:3239} INFO - Sync 1 DAGs
[2024-12-06T21:52:28.848+0000] {logging_mixin.py:190} INFO - [2024-12-06T21:52:28.848+0000] {dag.py:4180} INFO - Setting next_dagrun for example_nested_branch_dag to 2024-12-05 00:00:00+00:00, run_after=2024-12-06 00:00:00+00:00
[2024-12-06T21:52:28.878+0000] {processor.py:208} INFO - Processing /home/airflow/.local/lib/python3.12/site-packages/airflow/example_dags/example_nested_branch_dag.py took 0.140 seconds
[2024-12-06T21:53:00.420+0000] {processor.py:186} INFO - Started process (PID=1577) to work on /home/airflow/.local/lib/python3.12/site-packages/airflow/example_dags/example_nested_branch_dag.py
[2024-12-06T21:53:00.422+0000] {processor.py:914} INFO - Processing file /home/airflow/.local/lib/python3.12/site-packages/airflow/example_dags/example_nested_branch_dag.py for tasks to queue
[2024-12-06T21:53:00.427+0000] {logging_mixin.py:190} INFO - [2024-12-06T21:53:00.426+0000] {dagbag.py:588} INFO - Filling up the DagBag from /home/airflow/.local/lib/python3.12/site-packages/airflow/example_dags/example_nested_branch_dag.py
[2024-12-06T21:53:00.448+0000] {processor.py:925} INFO - DAG(s) 'example_nested_branch_dag' retrieved from /home/airflow/.local/lib/python3.12/site-packages/airflow/example_dags/example_nested_branch_dag.py
[2024-12-06T21:53:00.487+0000] {logging_mixin.py:190} INFO - [2024-12-06T21:53:00.487+0000] {dag.py:3239} INFO - Sync 1 DAGs
[2024-12-06T21:53:00.535+0000] {logging_mixin.py:190} INFO - [2024-12-06T21:53:00.534+0000] {dag.py:4180} INFO - Setting next_dagrun for example_nested_branch_dag to 2024-12-05 00:00:00+00:00, run_after=2024-12-06 00:00:00+00:00
[2024-12-06T21:53:00.571+0000] {processor.py:208} INFO - Processing /home/airflow/.local/lib/python3.12/site-packages/airflow/example_dags/example_nested_branch_dag.py took 0.163 seconds
[2024-12-06T21:53:31.698+0000] {processor.py:186} INFO - Started process (PID=1640) to work on /home/airflow/.local/lib/python3.12/site-packages/airflow/example_dags/example_nested_branch_dag.py
[2024-12-06T21:53:31.700+0000] {processor.py:914} INFO - Processing file /home/airflow/.local/lib/python3.12/site-packages/airflow/example_dags/example_nested_branch_dag.py for tasks to queue
[2024-12-06T21:53:31.704+0000] {logging_mixin.py:190} INFO - [2024-12-06T21:53:31.703+0000] {dagbag.py:588} INFO - Filling up the DagBag from /home/airflow/.local/lib/python3.12/site-packages/airflow/example_dags/example_nested_branch_dag.py
[2024-12-06T21:53:31.721+0000] {processor.py:925} INFO - DAG(s) 'example_nested_branch_dag' retrieved from /home/airflow/.local/lib/python3.12/site-packages/airflow/example_dags/example_nested_branch_dag.py
[2024-12-06T21:53:31.754+0000] {logging_mixin.py:190} INFO - [2024-12-06T21:53:31.754+0000] {dag.py:3239} INFO - Sync 1 DAGs
[2024-12-06T21:53:31.790+0000] {logging_mixin.py:190} INFO - [2024-12-06T21:53:31.790+0000] {dag.py:4180} INFO - Setting next_dagrun for example_nested_branch_dag to 2024-12-05 00:00:00+00:00, run_after=2024-12-06 00:00:00+00:00
[2024-12-06T21:53:31.824+0000] {processor.py:208} INFO - Processing /home/airflow/.local/lib/python3.12/site-packages/airflow/example_dags/example_nested_branch_dag.py took 0.138 seconds
[2024-12-06T21:54:03.230+0000] {processor.py:186} INFO - Started process (PID=1703) to work on /home/airflow/.local/lib/python3.12/site-packages/airflow/example_dags/example_nested_branch_dag.py
[2024-12-06T21:54:03.232+0000] {processor.py:914} INFO - Processing file /home/airflow/.local/lib/python3.12/site-packages/airflow/example_dags/example_nested_branch_dag.py for tasks to queue
[2024-12-06T21:54:03.237+0000] {logging_mixin.py:190} INFO - [2024-12-06T21:54:03.236+0000] {dagbag.py:588} INFO - Filling up the DagBag from /home/airflow/.local/lib/python3.12/site-packages/airflow/example_dags/example_nested_branch_dag.py
[2024-12-06T21:54:03.256+0000] {processor.py:925} INFO - DAG(s) 'example_nested_branch_dag' retrieved from /home/airflow/.local/lib/python3.12/site-packages/airflow/example_dags/example_nested_branch_dag.py
[2024-12-06T21:54:03.289+0000] {logging_mixin.py:190} INFO - [2024-12-06T21:54:03.289+0000] {dag.py:3239} INFO - Sync 1 DAGs
[2024-12-06T21:54:03.327+0000] {logging_mixin.py:190} INFO - [2024-12-06T21:54:03.326+0000] {dag.py:4180} INFO - Setting next_dagrun for example_nested_branch_dag to 2024-12-05 00:00:00+00:00, run_after=2024-12-06 00:00:00+00:00
[2024-12-06T21:54:03.357+0000] {processor.py:208} INFO - Processing /home/airflow/.local/lib/python3.12/site-packages/airflow/example_dags/example_nested_branch_dag.py took 0.136 seconds
[2024-12-06T21:54:35.136+0000] {processor.py:186} INFO - Started process (PID=1766) to work on /home/airflow/.local/lib/python3.12/site-packages/airflow/example_dags/example_nested_branch_dag.py
[2024-12-06T21:54:35.138+0000] {processor.py:914} INFO - Processing file /home/airflow/.local/lib/python3.12/site-packages/airflow/example_dags/example_nested_branch_dag.py for tasks to queue
[2024-12-06T21:54:35.142+0000] {logging_mixin.py:190} INFO - [2024-12-06T21:54:35.141+0000] {dagbag.py:588} INFO - Filling up the DagBag from /home/airflow/.local/lib/python3.12/site-packages/airflow/example_dags/example_nested_branch_dag.py
[2024-12-06T21:54:35.162+0000] {processor.py:925} INFO - DAG(s) 'example_nested_branch_dag' retrieved from /home/airflow/.local/lib/python3.12/site-packages/airflow/example_dags/example_nested_branch_dag.py
[2024-12-06T21:54:35.199+0000] {logging_mixin.py:190} INFO - [2024-12-06T21:54:35.198+0000] {dag.py:3239} INFO - Sync 1 DAGs
[2024-12-06T21:54:35.246+0000] {logging_mixin.py:190} INFO - [2024-12-06T21:54:35.245+0000] {dag.py:4180} INFO - Setting next_dagrun for example_nested_branch_dag to 2024-12-05 00:00:00+00:00, run_after=2024-12-06 00:00:00+00:00
[2024-12-06T21:54:35.278+0000] {processor.py:208} INFO - Processing /home/airflow/.local/lib/python3.12/site-packages/airflow/example_dags/example_nested_branch_dag.py took 0.153 seconds
[2024-12-06T21:55:06.594+0000] {processor.py:186} INFO - Started process (PID=1829) to work on /home/airflow/.local/lib/python3.12/site-packages/airflow/example_dags/example_nested_branch_dag.py
[2024-12-06T21:55:06.596+0000] {processor.py:914} INFO - Processing file /home/airflow/.local/lib/python3.12/site-packages/airflow/example_dags/example_nested_branch_dag.py for tasks to queue
[2024-12-06T21:55:06.599+0000] {logging_mixin.py:190} INFO - [2024-12-06T21:55:06.599+0000] {dagbag.py:588} INFO - Filling up the DagBag from /home/airflow/.local/lib/python3.12/site-packages/airflow/example_dags/example_nested_branch_dag.py
[2024-12-06T21:55:06.617+0000] {processor.py:925} INFO - DAG(s) 'example_nested_branch_dag' retrieved from /home/airflow/.local/lib/python3.12/site-packages/airflow/example_dags/example_nested_branch_dag.py
[2024-12-06T21:55:06.654+0000] {logging_mixin.py:190} INFO - [2024-12-06T21:55:06.654+0000] {dag.py:3239} INFO - Sync 1 DAGs
[2024-12-06T21:55:06.704+0000] {logging_mixin.py:190} INFO - [2024-12-06T21:55:06.703+0000] {dag.py:4180} INFO - Setting next_dagrun for example_nested_branch_dag to 2024-12-05 00:00:00+00:00, run_after=2024-12-06 00:00:00+00:00
[2024-12-06T21:55:06.735+0000] {processor.py:208} INFO - Processing /home/airflow/.local/lib/python3.12/site-packages/airflow/example_dags/example_nested_branch_dag.py took 0.151 seconds
[2024-12-06T21:55:39.162+0000] {processor.py:186} INFO - Started process (PID=1897) to work on /home/airflow/.local/lib/python3.12/site-packages/airflow/example_dags/example_nested_branch_dag.py
[2024-12-06T21:55:39.164+0000] {processor.py:914} INFO - Processing file /home/airflow/.local/lib/python3.12/site-packages/airflow/example_dags/example_nested_branch_dag.py for tasks to queue
[2024-12-06T21:55:39.168+0000] {logging_mixin.py:190} INFO - [2024-12-06T21:55:39.167+0000] {dagbag.py:588} INFO - Filling up the DagBag from /home/airflow/.local/lib/python3.12/site-packages/airflow/example_dags/example_nested_branch_dag.py
[2024-12-06T21:55:39.186+0000] {processor.py:925} INFO - DAG(s) 'example_nested_branch_dag' retrieved from /home/airflow/.local/lib/python3.12/site-packages/airflow/example_dags/example_nested_branch_dag.py
[2024-12-06T21:55:39.218+0000] {logging_mixin.py:190} INFO - [2024-12-06T21:55:39.218+0000] {dag.py:3239} INFO - Sync 1 DAGs
[2024-12-06T21:55:39.254+0000] {logging_mixin.py:190} INFO - [2024-12-06T21:55:39.253+0000] {dag.py:4180} INFO - Setting next_dagrun for example_nested_branch_dag to 2024-12-05 00:00:00+00:00, run_after=2024-12-06 00:00:00+00:00
[2024-12-06T21:55:39.286+0000] {processor.py:208} INFO - Processing /home/airflow/.local/lib/python3.12/site-packages/airflow/example_dags/example_nested_branch_dag.py took 0.133 seconds
[2024-12-06T21:56:10.668+0000] {processor.py:186} INFO - Started process (PID=1959) to work on /home/airflow/.local/lib/python3.12/site-packages/airflow/example_dags/example_nested_branch_dag.py
[2024-12-06T21:56:10.670+0000] {processor.py:914} INFO - Processing file /home/airflow/.local/lib/python3.12/site-packages/airflow/example_dags/example_nested_branch_dag.py for tasks to queue
[2024-12-06T21:56:10.673+0000] {logging_mixin.py:190} INFO - [2024-12-06T21:56:10.673+0000] {dagbag.py:588} INFO - Filling up the DagBag from /home/airflow/.local/lib/python3.12/site-packages/airflow/example_dags/example_nested_branch_dag.py
[2024-12-06T21:56:10.690+0000] {processor.py:925} INFO - DAG(s) 'example_nested_branch_dag' retrieved from /home/airflow/.local/lib/python3.12/site-packages/airflow/example_dags/example_nested_branch_dag.py
[2024-12-06T21:56:10.723+0000] {logging_mixin.py:190} INFO - [2024-12-06T21:56:10.723+0000] {dag.py:3239} INFO - Sync 1 DAGs
[2024-12-06T21:56:10.765+0000] {logging_mixin.py:190} INFO - [2024-12-06T21:56:10.764+0000] {dag.py:4180} INFO - Setting next_dagrun for example_nested_branch_dag to 2024-12-05 00:00:00+00:00, run_after=2024-12-06 00:00:00+00:00
[2024-12-06T21:56:10.801+0000] {processor.py:208} INFO - Processing /home/airflow/.local/lib/python3.12/site-packages/airflow/example_dags/example_nested_branch_dag.py took 0.143 seconds
[2024-12-06T21:56:41.636+0000] {processor.py:186} INFO - Started process (PID=2022) to work on /home/airflow/.local/lib/python3.12/site-packages/airflow/example_dags/example_nested_branch_dag.py
[2024-12-06T21:56:41.638+0000] {processor.py:914} INFO - Processing file /home/airflow/.local/lib/python3.12/site-packages/airflow/example_dags/example_nested_branch_dag.py for tasks to queue
[2024-12-06T21:56:41.641+0000] {logging_mixin.py:190} INFO - [2024-12-06T21:56:41.640+0000] {dagbag.py:588} INFO - Filling up the DagBag from /home/airflow/.local/lib/python3.12/site-packages/airflow/example_dags/example_nested_branch_dag.py
[2024-12-06T21:56:41.658+0000] {processor.py:925} INFO - DAG(s) 'example_nested_branch_dag' retrieved from /home/airflow/.local/lib/python3.12/site-packages/airflow/example_dags/example_nested_branch_dag.py
[2024-12-06T21:56:41.692+0000] {logging_mixin.py:190} INFO - [2024-12-06T21:56:41.692+0000] {dag.py:3239} INFO - Sync 1 DAGs
[2024-12-06T21:56:41.736+0000] {logging_mixin.py:190} INFO - [2024-12-06T21:56:41.735+0000] {dag.py:4180} INFO - Setting next_dagrun for example_nested_branch_dag to 2024-12-05 00:00:00+00:00, run_after=2024-12-06 00:00:00+00:00
[2024-12-06T21:56:41.764+0000] {processor.py:208} INFO - Processing /home/airflow/.local/lib/python3.12/site-packages/airflow/example_dags/example_nested_branch_dag.py took 0.138 seconds
[2024-12-06T21:57:13.314+0000] {processor.py:186} INFO - Started process (PID=2086) to work on /home/airflow/.local/lib/python3.12/site-packages/airflow/example_dags/example_nested_branch_dag.py
[2024-12-06T21:57:13.316+0000] {processor.py:914} INFO - Processing file /home/airflow/.local/lib/python3.12/site-packages/airflow/example_dags/example_nested_branch_dag.py for tasks to queue
[2024-12-06T21:57:13.320+0000] {logging_mixin.py:190} INFO - [2024-12-06T21:57:13.319+0000] {dagbag.py:588} INFO - Filling up the DagBag from /home/airflow/.local/lib/python3.12/site-packages/airflow/example_dags/example_nested_branch_dag.py
[2024-12-06T21:57:13.337+0000] {processor.py:925} INFO - DAG(s) 'example_nested_branch_dag' retrieved from /home/airflow/.local/lib/python3.12/site-packages/airflow/example_dags/example_nested_branch_dag.py
[2024-12-06T21:57:13.368+0000] {logging_mixin.py:190} INFO - [2024-12-06T21:57:13.367+0000] {dag.py:3239} INFO - Sync 1 DAGs
[2024-12-06T21:57:13.405+0000] {logging_mixin.py:190} INFO - [2024-12-06T21:57:13.404+0000] {dag.py:4180} INFO - Setting next_dagrun for example_nested_branch_dag to 2024-12-05 00:00:00+00:00, run_after=2024-12-06 00:00:00+00:00
[2024-12-06T21:57:13.431+0000] {processor.py:208} INFO - Processing /home/airflow/.local/lib/python3.12/site-packages/airflow/example_dags/example_nested_branch_dag.py took 0.126 seconds
[2024-12-06T21:57:44.419+0000] {processor.py:186} INFO - Started process (PID=2149) to work on /home/airflow/.local/lib/python3.12/site-packages/airflow/example_dags/example_nested_branch_dag.py
[2024-12-06T21:57:44.420+0000] {processor.py:914} INFO - Processing file /home/airflow/.local/lib/python3.12/site-packages/airflow/example_dags/example_nested_branch_dag.py for tasks to queue
[2024-12-06T21:57:44.426+0000] {logging_mixin.py:190} INFO - [2024-12-06T21:57:44.425+0000] {dagbag.py:588} INFO - Filling up the DagBag from /home/airflow/.local/lib/python3.12/site-packages/airflow/example_dags/example_nested_branch_dag.py
[2024-12-06T21:57:44.445+0000] {processor.py:925} INFO - DAG(s) 'example_nested_branch_dag' retrieved from /home/airflow/.local/lib/python3.12/site-packages/airflow/example_dags/example_nested_branch_dag.py
[2024-12-06T21:57:44.476+0000] {logging_mixin.py:190} INFO - [2024-12-06T21:57:44.476+0000] {dag.py:3239} INFO - Sync 1 DAGs
[2024-12-06T21:57:44.512+0000] {logging_mixin.py:190} INFO - [2024-12-06T21:57:44.511+0000] {dag.py:4180} INFO - Setting next_dagrun for example_nested_branch_dag to 2024-12-05 00:00:00+00:00, run_after=2024-12-06 00:00:00+00:00
[2024-12-06T21:57:44.538+0000] {processor.py:208} INFO - Processing /home/airflow/.local/lib/python3.12/site-packages/airflow/example_dags/example_nested_branch_dag.py took 0.127 seconds
[2024-12-06T21:58:15.530+0000] {processor.py:186} INFO - Started process (PID=2212) to work on /home/airflow/.local/lib/python3.12/site-packages/airflow/example_dags/example_nested_branch_dag.py
[2024-12-06T21:58:15.532+0000] {processor.py:914} INFO - Processing file /home/airflow/.local/lib/python3.12/site-packages/airflow/example_dags/example_nested_branch_dag.py for tasks to queue
[2024-12-06T21:58:15.535+0000] {logging_mixin.py:190} INFO - [2024-12-06T21:58:15.535+0000] {dagbag.py:588} INFO - Filling up the DagBag from /home/airflow/.local/lib/python3.12/site-packages/airflow/example_dags/example_nested_branch_dag.py
[2024-12-06T21:58:15.553+0000] {processor.py:925} INFO - DAG(s) 'example_nested_branch_dag' retrieved from /home/airflow/.local/lib/python3.12/site-packages/airflow/example_dags/example_nested_branch_dag.py
[2024-12-06T21:58:15.583+0000] {logging_mixin.py:190} INFO - [2024-12-06T21:58:15.583+0000] {dag.py:3239} INFO - Sync 1 DAGs
[2024-12-06T21:58:15.617+0000] {logging_mixin.py:190} INFO - [2024-12-06T21:58:15.617+0000] {dag.py:4180} INFO - Setting next_dagrun for example_nested_branch_dag to 2024-12-05 00:00:00+00:00, run_after=2024-12-06 00:00:00+00:00
[2024-12-06T21:58:15.644+0000] {processor.py:208} INFO - Processing /home/airflow/.local/lib/python3.12/site-packages/airflow/example_dags/example_nested_branch_dag.py took 0.124 seconds
[2024-12-06T21:58:47.358+0000] {processor.py:186} INFO - Started process (PID=2274) to work on /home/airflow/.local/lib/python3.12/site-packages/airflow/example_dags/example_nested_branch_dag.py
[2024-12-06T21:58:47.360+0000] {processor.py:914} INFO - Processing file /home/airflow/.local/lib/python3.12/site-packages/airflow/example_dags/example_nested_branch_dag.py for tasks to queue
[2024-12-06T21:58:47.365+0000] {logging_mixin.py:190} INFO - [2024-12-06T21:58:47.364+0000] {dagbag.py:588} INFO - Filling up the DagBag from /home/airflow/.local/lib/python3.12/site-packages/airflow/example_dags/example_nested_branch_dag.py
[2024-12-06T21:58:47.383+0000] {processor.py:925} INFO - DAG(s) 'example_nested_branch_dag' retrieved from /home/airflow/.local/lib/python3.12/site-packages/airflow/example_dags/example_nested_branch_dag.py
[2024-12-06T21:58:47.419+0000] {logging_mixin.py:190} INFO - [2024-12-06T21:58:47.419+0000] {dag.py:3239} INFO - Sync 1 DAGs
[2024-12-06T21:58:47.457+0000] {logging_mixin.py:190} INFO - [2024-12-06T21:58:47.456+0000] {dag.py:4180} INFO - Setting next_dagrun for example_nested_branch_dag to 2024-12-05 00:00:00+00:00, run_after=2024-12-06 00:00:00+00:00
[2024-12-06T21:58:47.489+0000] {processor.py:208} INFO - Processing /home/airflow/.local/lib/python3.12/site-packages/airflow/example_dags/example_nested_branch_dag.py took 0.140 seconds
[2024-12-06T21:59:18.917+0000] {processor.py:186} INFO - Started process (PID=2343) to work on /home/airflow/.local/lib/python3.12/site-packages/airflow/example_dags/example_nested_branch_dag.py
[2024-12-06T21:59:18.919+0000] {processor.py:914} INFO - Processing file /home/airflow/.local/lib/python3.12/site-packages/airflow/example_dags/example_nested_branch_dag.py for tasks to queue
[2024-12-06T21:59:18.923+0000] {logging_mixin.py:190} INFO - [2024-12-06T21:59:18.923+0000] {dagbag.py:588} INFO - Filling up the DagBag from /home/airflow/.local/lib/python3.12/site-packages/airflow/example_dags/example_nested_branch_dag.py
[2024-12-06T21:59:18.944+0000] {processor.py:925} INFO - DAG(s) 'example_nested_branch_dag' retrieved from /home/airflow/.local/lib/python3.12/site-packages/airflow/example_dags/example_nested_branch_dag.py
[2024-12-06T21:59:18.985+0000] {logging_mixin.py:190} INFO - [2024-12-06T21:59:18.985+0000] {dag.py:3239} INFO - Sync 1 DAGs
[2024-12-06T21:59:19.031+0000] {logging_mixin.py:190} INFO - [2024-12-06T21:59:19.030+0000] {dag.py:4180} INFO - Setting next_dagrun for example_nested_branch_dag to 2024-12-05 00:00:00+00:00, run_after=2024-12-06 00:00:00+00:00
[2024-12-06T21:59:19.061+0000] {processor.py:208} INFO - Processing /home/airflow/.local/lib/python3.12/site-packages/airflow/example_dags/example_nested_branch_dag.py took 0.155 seconds
[2024-12-06T21:59:51.332+0000] {processor.py:186} INFO - Started process (PID=2406) to work on /home/airflow/.local/lib/python3.12/site-packages/airflow/example_dags/example_nested_branch_dag.py
[2024-12-06T21:59:51.335+0000] {processor.py:914} INFO - Processing file /home/airflow/.local/lib/python3.12/site-packages/airflow/example_dags/example_nested_branch_dag.py for tasks to queue
[2024-12-06T21:59:51.339+0000] {logging_mixin.py:190} INFO - [2024-12-06T21:59:51.338+0000] {dagbag.py:588} INFO - Filling up the DagBag from /home/airflow/.local/lib/python3.12/site-packages/airflow/example_dags/example_nested_branch_dag.py
[2024-12-06T21:59:51.360+0000] {processor.py:925} INFO - DAG(s) 'example_nested_branch_dag' retrieved from /home/airflow/.local/lib/python3.12/site-packages/airflow/example_dags/example_nested_branch_dag.py
[2024-12-06T21:59:51.403+0000] {logging_mixin.py:190} INFO - [2024-12-06T21:59:51.402+0000] {dag.py:3239} INFO - Sync 1 DAGs
[2024-12-06T21:59:51.446+0000] {logging_mixin.py:190} INFO - [2024-12-06T21:59:51.445+0000] {dag.py:4180} INFO - Setting next_dagrun for example_nested_branch_dag to 2024-12-05 00:00:00+00:00, run_after=2024-12-06 00:00:00+00:00
[2024-12-06T21:59:51.478+0000] {processor.py:208} INFO - Processing /home/airflow/.local/lib/python3.12/site-packages/airflow/example_dags/example_nested_branch_dag.py took 0.157 seconds
[2024-12-06T22:00:23.806+0000] {processor.py:186} INFO - Started process (PID=2469) to work on /home/airflow/.local/lib/python3.12/site-packages/airflow/example_dags/example_nested_branch_dag.py
[2024-12-06T22:00:23.807+0000] {processor.py:914} INFO - Processing file /home/airflow/.local/lib/python3.12/site-packages/airflow/example_dags/example_nested_branch_dag.py for tasks to queue
[2024-12-06T22:00:23.811+0000] {logging_mixin.py:190} INFO - [2024-12-06T22:00:23.811+0000] {dagbag.py:588} INFO - Filling up the DagBag from /home/airflow/.local/lib/python3.12/site-packages/airflow/example_dags/example_nested_branch_dag.py
[2024-12-06T22:00:23.831+0000] {processor.py:925} INFO - DAG(s) 'example_nested_branch_dag' retrieved from /home/airflow/.local/lib/python3.12/site-packages/airflow/example_dags/example_nested_branch_dag.py
[2024-12-06T22:00:23.867+0000] {logging_mixin.py:190} INFO - [2024-12-06T22:00:23.867+0000] {dag.py:3239} INFO - Sync 1 DAGs
[2024-12-06T22:00:23.906+0000] {logging_mixin.py:190} INFO - [2024-12-06T22:00:23.905+0000] {dag.py:4180} INFO - Setting next_dagrun for example_nested_branch_dag to 2024-12-05 00:00:00+00:00, run_after=2024-12-06 00:00:00+00:00
[2024-12-06T22:00:23.934+0000] {processor.py:208} INFO - Processing /home/airflow/.local/lib/python3.12/site-packages/airflow/example_dags/example_nested_branch_dag.py took 0.140 seconds
[2024-12-06T22:00:55.284+0000] {processor.py:186} INFO - Started process (PID=2532) to work on /home/airflow/.local/lib/python3.12/site-packages/airflow/example_dags/example_nested_branch_dag.py
[2024-12-06T22:00:55.286+0000] {processor.py:914} INFO - Processing file /home/airflow/.local/lib/python3.12/site-packages/airflow/example_dags/example_nested_branch_dag.py for tasks to queue
[2024-12-06T22:00:55.290+0000] {logging_mixin.py:190} INFO - [2024-12-06T22:00:55.290+0000] {dagbag.py:588} INFO - Filling up the DagBag from /home/airflow/.local/lib/python3.12/site-packages/airflow/example_dags/example_nested_branch_dag.py
[2024-12-06T22:00:55.307+0000] {processor.py:925} INFO - DAG(s) 'example_nested_branch_dag' retrieved from /home/airflow/.local/lib/python3.12/site-packages/airflow/example_dags/example_nested_branch_dag.py
[2024-12-06T22:00:55.337+0000] {logging_mixin.py:190} INFO - [2024-12-06T22:00:55.337+0000] {dag.py:3239} INFO - Sync 1 DAGs
[2024-12-06T22:00:55.370+0000] {logging_mixin.py:190} INFO - [2024-12-06T22:00:55.369+0000] {dag.py:4180} INFO - Setting next_dagrun for example_nested_branch_dag to 2024-12-05 00:00:00+00:00, run_after=2024-12-06 00:00:00+00:00
[2024-12-06T22:00:55.397+0000] {processor.py:208} INFO - Processing /home/airflow/.local/lib/python3.12/site-packages/airflow/example_dags/example_nested_branch_dag.py took 0.121 seconds
[2024-12-06T22:01:26.442+0000] {processor.py:186} INFO - Started process (PID=2595) to work on /home/airflow/.local/lib/python3.12/site-packages/airflow/example_dags/example_nested_branch_dag.py
[2024-12-06T22:01:26.445+0000] {processor.py:914} INFO - Processing file /home/airflow/.local/lib/python3.12/site-packages/airflow/example_dags/example_nested_branch_dag.py for tasks to queue
[2024-12-06T22:01:26.449+0000] {logging_mixin.py:190} INFO - [2024-12-06T22:01:26.448+0000] {dagbag.py:588} INFO - Filling up the DagBag from /home/airflow/.local/lib/python3.12/site-packages/airflow/example_dags/example_nested_branch_dag.py
[2024-12-06T22:01:26.467+0000] {processor.py:925} INFO - DAG(s) 'example_nested_branch_dag' retrieved from /home/airflow/.local/lib/python3.12/site-packages/airflow/example_dags/example_nested_branch_dag.py
[2024-12-06T22:01:26.501+0000] {logging_mixin.py:190} INFO - [2024-12-06T22:01:26.501+0000] {dag.py:3239} INFO - Sync 1 DAGs
[2024-12-06T22:01:26.539+0000] {logging_mixin.py:190} INFO - [2024-12-06T22:01:26.539+0000] {dag.py:4180} INFO - Setting next_dagrun for example_nested_branch_dag to 2024-12-05 00:00:00+00:00, run_after=2024-12-06 00:00:00+00:00
[2024-12-06T22:01:26.566+0000] {processor.py:208} INFO - Processing /home/airflow/.local/lib/python3.12/site-packages/airflow/example_dags/example_nested_branch_dag.py took 0.133 seconds
[2024-12-06T22:01:58.620+0000] {processor.py:186} INFO - Started process (PID=2658) to work on /home/airflow/.local/lib/python3.12/site-packages/airflow/example_dags/example_nested_branch_dag.py
[2024-12-06T22:01:58.621+0000] {processor.py:914} INFO - Processing file /home/airflow/.local/lib/python3.12/site-packages/airflow/example_dags/example_nested_branch_dag.py for tasks to queue
[2024-12-06T22:01:58.625+0000] {logging_mixin.py:190} INFO - [2024-12-06T22:01:58.624+0000] {dagbag.py:588} INFO - Filling up the DagBag from /home/airflow/.local/lib/python3.12/site-packages/airflow/example_dags/example_nested_branch_dag.py
[2024-12-06T22:01:58.646+0000] {processor.py:925} INFO - DAG(s) 'example_nested_branch_dag' retrieved from /home/airflow/.local/lib/python3.12/site-packages/airflow/example_dags/example_nested_branch_dag.py
[2024-12-06T22:01:58.677+0000] {logging_mixin.py:190} INFO - [2024-12-06T22:01:58.677+0000] {dag.py:3239} INFO - Sync 1 DAGs
[2024-12-06T22:01:58.715+0000] {logging_mixin.py:190} INFO - [2024-12-06T22:01:58.715+0000] {dag.py:4180} INFO - Setting next_dagrun for example_nested_branch_dag to 2024-12-05 00:00:00+00:00, run_after=2024-12-06 00:00:00+00:00
[2024-12-06T22:01:58.742+0000] {processor.py:208} INFO - Processing /home/airflow/.local/lib/python3.12/site-packages/airflow/example_dags/example_nested_branch_dag.py took 0.131 seconds
[2024-12-06T22:02:30.324+0000] {processor.py:186} INFO - Started process (PID=2721) to work on /home/airflow/.local/lib/python3.12/site-packages/airflow/example_dags/example_nested_branch_dag.py
[2024-12-06T22:02:30.326+0000] {processor.py:914} INFO - Processing file /home/airflow/.local/lib/python3.12/site-packages/airflow/example_dags/example_nested_branch_dag.py for tasks to queue
[2024-12-06T22:02:30.329+0000] {logging_mixin.py:190} INFO - [2024-12-06T22:02:30.329+0000] {dagbag.py:588} INFO - Filling up the DagBag from /home/airflow/.local/lib/python3.12/site-packages/airflow/example_dags/example_nested_branch_dag.py
[2024-12-06T22:02:30.352+0000] {processor.py:925} INFO - DAG(s) 'example_nested_branch_dag' retrieved from /home/airflow/.local/lib/python3.12/site-packages/airflow/example_dags/example_nested_branch_dag.py
[2024-12-06T22:02:30.393+0000] {logging_mixin.py:190} INFO - [2024-12-06T22:02:30.393+0000] {dag.py:3239} INFO - Sync 1 DAGs
[2024-12-06T22:02:30.437+0000] {logging_mixin.py:190} INFO - [2024-12-06T22:02:30.437+0000] {dag.py:4180} INFO - Setting next_dagrun for example_nested_branch_dag to 2024-12-05 00:00:00+00:00, run_after=2024-12-06 00:00:00+00:00
[2024-12-06T22:02:30.471+0000] {processor.py:208} INFO - Processing /home/airflow/.local/lib/python3.12/site-packages/airflow/example_dags/example_nested_branch_dag.py took 0.159 seconds
[2024-12-06T22:03:02.627+0000] {processor.py:186} INFO - Started process (PID=2784) to work on /home/airflow/.local/lib/python3.12/site-packages/airflow/example_dags/example_nested_branch_dag.py
[2024-12-06T22:03:02.629+0000] {processor.py:914} INFO - Processing file /home/airflow/.local/lib/python3.12/site-packages/airflow/example_dags/example_nested_branch_dag.py for tasks to queue
[2024-12-06T22:03:02.633+0000] {logging_mixin.py:190} INFO - [2024-12-06T22:03:02.632+0000] {dagbag.py:588} INFO - Filling up the DagBag from /home/airflow/.local/lib/python3.12/site-packages/airflow/example_dags/example_nested_branch_dag.py
[2024-12-06T22:03:02.653+0000] {processor.py:925} INFO - DAG(s) 'example_nested_branch_dag' retrieved from /home/airflow/.local/lib/python3.12/site-packages/airflow/example_dags/example_nested_branch_dag.py
[2024-12-06T22:03:02.691+0000] {logging_mixin.py:190} INFO - [2024-12-06T22:03:02.691+0000] {dag.py:3239} INFO - Sync 1 DAGs
[2024-12-06T22:03:02.728+0000] {logging_mixin.py:190} INFO - [2024-12-06T22:03:02.728+0000] {dag.py:4180} INFO - Setting next_dagrun for example_nested_branch_dag to 2024-12-05 00:00:00+00:00, run_after=2024-12-06 00:00:00+00:00
[2024-12-06T22:03:02.757+0000] {processor.py:208} INFO - Processing /home/airflow/.local/lib/python3.12/site-packages/airflow/example_dags/example_nested_branch_dag.py took 0.140 seconds
[2024-12-06T22:03:35.463+0000] {processor.py:186} INFO - Started process (PID=2847) to work on /home/airflow/.local/lib/python3.12/site-packages/airflow/example_dags/example_nested_branch_dag.py
[2024-12-06T22:03:35.464+0000] {processor.py:914} INFO - Processing file /home/airflow/.local/lib/python3.12/site-packages/airflow/example_dags/example_nested_branch_dag.py for tasks to queue
[2024-12-06T22:03:35.467+0000] {logging_mixin.py:190} INFO - [2024-12-06T22:03:35.467+0000] {dagbag.py:588} INFO - Filling up the DagBag from /home/airflow/.local/lib/python3.12/site-packages/airflow/example_dags/example_nested_branch_dag.py
[2024-12-06T22:03:35.484+0000] {processor.py:925} INFO - DAG(s) 'example_nested_branch_dag' retrieved from /home/airflow/.local/lib/python3.12/site-packages/airflow/example_dags/example_nested_branch_dag.py
[2024-12-06T22:03:35.516+0000] {logging_mixin.py:190} INFO - [2024-12-06T22:03:35.516+0000] {dag.py:3239} INFO - Sync 1 DAGs
[2024-12-06T22:03:35.549+0000] {logging_mixin.py:190} INFO - [2024-12-06T22:03:35.549+0000] {dag.py:4180} INFO - Setting next_dagrun for example_nested_branch_dag to 2024-12-05 00:00:00+00:00, run_after=2024-12-06 00:00:00+00:00
[2024-12-06T22:03:35.577+0000] {processor.py:208} INFO - Processing /home/airflow/.local/lib/python3.12/site-packages/airflow/example_dags/example_nested_branch_dag.py took 0.124 seconds
[2024-12-06T22:04:06.623+0000] {processor.py:186} INFO - Started process (PID=2910) to work on /home/airflow/.local/lib/python3.12/site-packages/airflow/example_dags/example_nested_branch_dag.py
[2024-12-06T22:04:06.625+0000] {processor.py:914} INFO - Processing file /home/airflow/.local/lib/python3.12/site-packages/airflow/example_dags/example_nested_branch_dag.py for tasks to queue
[2024-12-06T22:04:06.630+0000] {logging_mixin.py:190} INFO - [2024-12-06T22:04:06.629+0000] {dagbag.py:588} INFO - Filling up the DagBag from /home/airflow/.local/lib/python3.12/site-packages/airflow/example_dags/example_nested_branch_dag.py
[2024-12-06T22:04:06.646+0000] {processor.py:925} INFO - DAG(s) 'example_nested_branch_dag' retrieved from /home/airflow/.local/lib/python3.12/site-packages/airflow/example_dags/example_nested_branch_dag.py
[2024-12-06T22:04:06.682+0000] {logging_mixin.py:190} INFO - [2024-12-06T22:04:06.682+0000] {dag.py:3239} INFO - Sync 1 DAGs
[2024-12-06T22:04:06.718+0000] {logging_mixin.py:190} INFO - [2024-12-06T22:04:06.718+0000] {dag.py:4180} INFO - Setting next_dagrun for example_nested_branch_dag to 2024-12-05 00:00:00+00:00, run_after=2024-12-06 00:00:00+00:00
[2024-12-06T22:04:06.749+0000] {processor.py:208} INFO - Processing /home/airflow/.local/lib/python3.12/site-packages/airflow/example_dags/example_nested_branch_dag.py took 0.134 seconds
[2024-12-06T22:04:37.533+0000] {processor.py:186} INFO - Started process (PID=2973) to work on /home/airflow/.local/lib/python3.12/site-packages/airflow/example_dags/example_nested_branch_dag.py
[2024-12-06T22:04:37.535+0000] {processor.py:914} INFO - Processing file /home/airflow/.local/lib/python3.12/site-packages/airflow/example_dags/example_nested_branch_dag.py for tasks to queue
[2024-12-06T22:04:37.538+0000] {logging_mixin.py:190} INFO - [2024-12-06T22:04:37.538+0000] {dagbag.py:588} INFO - Filling up the DagBag from /home/airflow/.local/lib/python3.12/site-packages/airflow/example_dags/example_nested_branch_dag.py
[2024-12-06T22:04:37.558+0000] {processor.py:925} INFO - DAG(s) 'example_nested_branch_dag' retrieved from /home/airflow/.local/lib/python3.12/site-packages/airflow/example_dags/example_nested_branch_dag.py
[2024-12-06T22:04:37.591+0000] {logging_mixin.py:190} INFO - [2024-12-06T22:04:37.591+0000] {dag.py:3239} INFO - Sync 1 DAGs
[2024-12-06T22:04:37.629+0000] {logging_mixin.py:190} INFO - [2024-12-06T22:04:37.628+0000] {dag.py:4180} INFO - Setting next_dagrun for example_nested_branch_dag to 2024-12-05 00:00:00+00:00, run_after=2024-12-06 00:00:00+00:00
[2024-12-06T22:04:37.655+0000] {processor.py:208} INFO - Processing /home/airflow/.local/lib/python3.12/site-packages/airflow/example_dags/example_nested_branch_dag.py took 0.132 seconds
[2024-12-06T22:05:09.649+0000] {processor.py:186} INFO - Started process (PID=3040) to work on /home/airflow/.local/lib/python3.12/site-packages/airflow/example_dags/example_nested_branch_dag.py
[2024-12-06T22:05:09.652+0000] {processor.py:914} INFO - Processing file /home/airflow/.local/lib/python3.12/site-packages/airflow/example_dags/example_nested_branch_dag.py for tasks to queue
[2024-12-06T22:05:09.655+0000] {logging_mixin.py:190} INFO - [2024-12-06T22:05:09.655+0000] {dagbag.py:588} INFO - Filling up the DagBag from /home/airflow/.local/lib/python3.12/site-packages/airflow/example_dags/example_nested_branch_dag.py
[2024-12-06T22:05:09.676+0000] {processor.py:925} INFO - DAG(s) 'example_nested_branch_dag' retrieved from /home/airflow/.local/lib/python3.12/site-packages/airflow/example_dags/example_nested_branch_dag.py
[2024-12-06T22:05:09.710+0000] {logging_mixin.py:190} INFO - [2024-12-06T22:05:09.709+0000] {dag.py:3239} INFO - Sync 1 DAGs
[2024-12-06T22:05:09.747+0000] {logging_mixin.py:190} INFO - [2024-12-06T22:05:09.746+0000] {dag.py:4180} INFO - Setting next_dagrun for example_nested_branch_dag to 2024-12-05 00:00:00+00:00, run_after=2024-12-06 00:00:00+00:00
[2024-12-06T22:05:09.777+0000] {processor.py:208} INFO - Processing /home/airflow/.local/lib/python3.12/site-packages/airflow/example_dags/example_nested_branch_dag.py took 0.137 seconds
[2024-12-06T22:05:41.314+0000] {processor.py:186} INFO - Started process (PID=3103) to work on /home/airflow/.local/lib/python3.12/site-packages/airflow/example_dags/example_nested_branch_dag.py
[2024-12-06T22:05:41.315+0000] {processor.py:914} INFO - Processing file /home/airflow/.local/lib/python3.12/site-packages/airflow/example_dags/example_nested_branch_dag.py for tasks to queue
[2024-12-06T22:05:41.320+0000] {logging_mixin.py:190} INFO - [2024-12-06T22:05:41.319+0000] {dagbag.py:588} INFO - Filling up the DagBag from /home/airflow/.local/lib/python3.12/site-packages/airflow/example_dags/example_nested_branch_dag.py
[2024-12-06T22:05:41.340+0000] {processor.py:925} INFO - DAG(s) 'example_nested_branch_dag' retrieved from /home/airflow/.local/lib/python3.12/site-packages/airflow/example_dags/example_nested_branch_dag.py
[2024-12-06T22:05:41.377+0000] {logging_mixin.py:190} INFO - [2024-12-06T22:05:41.377+0000] {dag.py:3239} INFO - Sync 1 DAGs
[2024-12-06T22:05:41.422+0000] {logging_mixin.py:190} INFO - [2024-12-06T22:05:41.421+0000] {dag.py:4180} INFO - Setting next_dagrun for example_nested_branch_dag to 2024-12-05 00:00:00+00:00, run_after=2024-12-06 00:00:00+00:00
[2024-12-06T22:05:41.455+0000] {processor.py:208} INFO - Processing /home/airflow/.local/lib/python3.12/site-packages/airflow/example_dags/example_nested_branch_dag.py took 0.151 seconds
[2024-12-06T22:06:13.659+0000] {processor.py:186} INFO - Started process (PID=3166) to work on /home/airflow/.local/lib/python3.12/site-packages/airflow/example_dags/example_nested_branch_dag.py
[2024-12-06T22:06:13.661+0000] {processor.py:914} INFO - Processing file /home/airflow/.local/lib/python3.12/site-packages/airflow/example_dags/example_nested_branch_dag.py for tasks to queue
[2024-12-06T22:06:13.665+0000] {logging_mixin.py:190} INFO - [2024-12-06T22:06:13.664+0000] {dagbag.py:588} INFO - Filling up the DagBag from /home/airflow/.local/lib/python3.12/site-packages/airflow/example_dags/example_nested_branch_dag.py
[2024-12-06T22:06:13.684+0000] {processor.py:925} INFO - DAG(s) 'example_nested_branch_dag' retrieved from /home/airflow/.local/lib/python3.12/site-packages/airflow/example_dags/example_nested_branch_dag.py
[2024-12-06T22:06:13.719+0000] {logging_mixin.py:190} INFO - [2024-12-06T22:06:13.719+0000] {dag.py:3239} INFO - Sync 1 DAGs
[2024-12-06T22:06:13.760+0000] {logging_mixin.py:190} INFO - [2024-12-06T22:06:13.759+0000] {dag.py:4180} INFO - Setting next_dagrun for example_nested_branch_dag to 2024-12-05 00:00:00+00:00, run_after=2024-12-06 00:00:00+00:00
[2024-12-06T22:06:13.795+0000] {processor.py:208} INFO - Processing /home/airflow/.local/lib/python3.12/site-packages/airflow/example_dags/example_nested_branch_dag.py took 0.146 seconds
[2024-12-06T22:06:44.849+0000] {processor.py:186} INFO - Started process (PID=3229) to work on /home/airflow/.local/lib/python3.12/site-packages/airflow/example_dags/example_nested_branch_dag.py
[2024-12-06T22:06:44.851+0000] {processor.py:914} INFO - Processing file /home/airflow/.local/lib/python3.12/site-packages/airflow/example_dags/example_nested_branch_dag.py for tasks to queue
[2024-12-06T22:06:44.854+0000] {logging_mixin.py:190} INFO - [2024-12-06T22:06:44.854+0000] {dagbag.py:588} INFO - Filling up the DagBag from /home/airflow/.local/lib/python3.12/site-packages/airflow/example_dags/example_nested_branch_dag.py
[2024-12-06T22:06:44.872+0000] {processor.py:925} INFO - DAG(s) 'example_nested_branch_dag' retrieved from /home/airflow/.local/lib/python3.12/site-packages/airflow/example_dags/example_nested_branch_dag.py
[2024-12-06T22:06:44.907+0000] {logging_mixin.py:190} INFO - [2024-12-06T22:06:44.906+0000] {dag.py:3239} INFO - Sync 1 DAGs
[2024-12-06T22:06:44.947+0000] {logging_mixin.py:190} INFO - [2024-12-06T22:06:44.947+0000] {dag.py:4180} INFO - Setting next_dagrun for example_nested_branch_dag to 2024-12-05 00:00:00+00:00, run_after=2024-12-06 00:00:00+00:00
[2024-12-06T22:06:44.974+0000] {processor.py:208} INFO - Processing /home/airflow/.local/lib/python3.12/site-packages/airflow/example_dags/example_nested_branch_dag.py took 0.134 seconds
[2024-12-06T22:07:18.503+0000] {processor.py:186} INFO - Started process (PID=3295) to work on /home/airflow/.local/lib/python3.12/site-packages/airflow/example_dags/example_nested_branch_dag.py
[2024-12-06T22:07:18.505+0000] {processor.py:914} INFO - Processing file /home/airflow/.local/lib/python3.12/site-packages/airflow/example_dags/example_nested_branch_dag.py for tasks to queue
[2024-12-06T22:07:18.508+0000] {logging_mixin.py:190} INFO - [2024-12-06T22:07:18.508+0000] {dagbag.py:588} INFO - Filling up the DagBag from /home/airflow/.local/lib/python3.12/site-packages/airflow/example_dags/example_nested_branch_dag.py
[2024-12-06T22:07:18.527+0000] {processor.py:925} INFO - DAG(s) 'example_nested_branch_dag' retrieved from /home/airflow/.local/lib/python3.12/site-packages/airflow/example_dags/example_nested_branch_dag.py
[2024-12-06T22:07:18.564+0000] {logging_mixin.py:190} INFO - [2024-12-06T22:07:18.563+0000] {dag.py:3239} INFO - Sync 1 DAGs
[2024-12-06T22:07:18.840+0000] {logging_mixin.py:190} INFO - [2024-12-06T22:07:18.840+0000] {dag.py:4180} INFO - Setting next_dagrun for example_nested_branch_dag to 2024-12-05 00:00:00+00:00, run_after=2024-12-06 00:00:00+00:00
[2024-12-06T22:07:18.870+0000] {processor.py:208} INFO - Processing /home/airflow/.local/lib/python3.12/site-packages/airflow/example_dags/example_nested_branch_dag.py took 0.378 seconds
[2024-12-06T22:07:49.919+0000] {processor.py:186} INFO - Started process (PID=3364) to work on /home/airflow/.local/lib/python3.12/site-packages/airflow/example_dags/example_nested_branch_dag.py
[2024-12-06T22:07:49.921+0000] {processor.py:914} INFO - Processing file /home/airflow/.local/lib/python3.12/site-packages/airflow/example_dags/example_nested_branch_dag.py for tasks to queue
[2024-12-06T22:07:49.925+0000] {logging_mixin.py:190} INFO - [2024-12-06T22:07:49.925+0000] {dagbag.py:588} INFO - Filling up the DagBag from /home/airflow/.local/lib/python3.12/site-packages/airflow/example_dags/example_nested_branch_dag.py
[2024-12-06T22:07:49.946+0000] {processor.py:925} INFO - DAG(s) 'example_nested_branch_dag' retrieved from /home/airflow/.local/lib/python3.12/site-packages/airflow/example_dags/example_nested_branch_dag.py
[2024-12-06T22:07:49.984+0000] {logging_mixin.py:190} INFO - [2024-12-06T22:07:49.984+0000] {dag.py:3239} INFO - Sync 1 DAGs
[2024-12-06T22:07:50.027+0000] {logging_mixin.py:190} INFO - [2024-12-06T22:07:50.026+0000] {dag.py:4180} INFO - Setting next_dagrun for example_nested_branch_dag to 2024-12-05 00:00:00+00:00, run_after=2024-12-06 00:00:00+00:00
[2024-12-06T22:07:50.305+0000] {processor.py:208} INFO - Processing /home/airflow/.local/lib/python3.12/site-packages/airflow/example_dags/example_nested_branch_dag.py took 0.396 seconds
[2024-12-06T22:08:20.895+0000] {processor.py:186} INFO - Started process (PID=3427) to work on /home/airflow/.local/lib/python3.12/site-packages/airflow/example_dags/example_nested_branch_dag.py
[2024-12-06T22:08:20.897+0000] {processor.py:914} INFO - Processing file /home/airflow/.local/lib/python3.12/site-packages/airflow/example_dags/example_nested_branch_dag.py for tasks to queue
[2024-12-06T22:08:20.900+0000] {logging_mixin.py:190} INFO - [2024-12-06T22:08:20.900+0000] {dagbag.py:588} INFO - Filling up the DagBag from /home/airflow/.local/lib/python3.12/site-packages/airflow/example_dags/example_nested_branch_dag.py
[2024-12-06T22:08:20.919+0000] {processor.py:925} INFO - DAG(s) 'example_nested_branch_dag' retrieved from /home/airflow/.local/lib/python3.12/site-packages/airflow/example_dags/example_nested_branch_dag.py
[2024-12-06T22:08:20.958+0000] {logging_mixin.py:190} INFO - [2024-12-06T22:08:20.958+0000] {dag.py:3239} INFO - Sync 1 DAGs
[2024-12-06T22:08:20.996+0000] {logging_mixin.py:190} INFO - [2024-12-06T22:08:20.995+0000] {dag.py:4180} INFO - Setting next_dagrun for example_nested_branch_dag to 2024-12-05 00:00:00+00:00, run_after=2024-12-06 00:00:00+00:00
[2024-12-06T22:08:21.027+0000] {processor.py:208} INFO - Processing /home/airflow/.local/lib/python3.12/site-packages/airflow/example_dags/example_nested_branch_dag.py took 0.141 seconds
[2024-12-06T22:08:56.262+0000] {processor.py:186} INFO - Started process (PID=3490) to work on /home/airflow/.local/lib/python3.12/site-packages/airflow/example_dags/example_nested_branch_dag.py
[2024-12-06T22:08:56.264+0000] {processor.py:914} INFO - Processing file /home/airflow/.local/lib/python3.12/site-packages/airflow/example_dags/example_nested_branch_dag.py for tasks to queue
[2024-12-06T22:08:56.268+0000] {logging_mixin.py:190} INFO - [2024-12-06T22:08:56.267+0000] {dagbag.py:588} INFO - Filling up the DagBag from /home/airflow/.local/lib/python3.12/site-packages/airflow/example_dags/example_nested_branch_dag.py
[2024-12-06T22:08:56.291+0000] {processor.py:925} INFO - DAG(s) 'example_nested_branch_dag' retrieved from /home/airflow/.local/lib/python3.12/site-packages/airflow/example_dags/example_nested_branch_dag.py
[2024-12-06T22:08:56.329+0000] {logging_mixin.py:190} INFO - [2024-12-06T22:08:56.328+0000] {dag.py:3239} INFO - Sync 1 DAGs
[2024-12-06T22:08:56.366+0000] {logging_mixin.py:190} INFO - [2024-12-06T22:08:56.366+0000] {dag.py:4180} INFO - Setting next_dagrun for example_nested_branch_dag to 2024-12-05 00:00:00+00:00, run_after=2024-12-06 00:00:00+00:00
[2024-12-06T22:08:56.401+0000] {processor.py:208} INFO - Processing /home/airflow/.local/lib/python3.12/site-packages/airflow/example_dags/example_nested_branch_dag.py took 0.150 seconds
[2024-12-06T22:09:26.723+0000] {processor.py:186} INFO - Started process (PID=3553) to work on /home/airflow/.local/lib/python3.12/site-packages/airflow/example_dags/example_nested_branch_dag.py
[2024-12-06T22:09:26.726+0000] {processor.py:914} INFO - Processing file /home/airflow/.local/lib/python3.12/site-packages/airflow/example_dags/example_nested_branch_dag.py for tasks to queue
[2024-12-06T22:09:26.731+0000] {logging_mixin.py:190} INFO - [2024-12-06T22:09:26.730+0000] {dagbag.py:588} INFO - Filling up the DagBag from /home/airflow/.local/lib/python3.12/site-packages/airflow/example_dags/example_nested_branch_dag.py
[2024-12-06T22:09:26.753+0000] {processor.py:925} INFO - DAG(s) 'example_nested_branch_dag' retrieved from /home/airflow/.local/lib/python3.12/site-packages/airflow/example_dags/example_nested_branch_dag.py
[2024-12-06T22:09:26.797+0000] {logging_mixin.py:190} INFO - [2024-12-06T22:09:26.797+0000] {dag.py:3239} INFO - Sync 1 DAGs
[2024-12-06T22:09:26.866+0000] {logging_mixin.py:190} INFO - [2024-12-06T22:09:26.866+0000] {dag.py:4180} INFO - Setting next_dagrun for example_nested_branch_dag to 2024-12-05 00:00:00+00:00, run_after=2024-12-06 00:00:00+00:00
[2024-12-06T22:09:26.915+0000] {processor.py:208} INFO - Processing /home/airflow/.local/lib/python3.12/site-packages/airflow/example_dags/example_nested_branch_dag.py took 0.207 seconds
[2024-12-06T22:09:57.391+0000] {processor.py:186} INFO - Started process (PID=3616) to work on /home/airflow/.local/lib/python3.12/site-packages/airflow/example_dags/example_nested_branch_dag.py
[2024-12-06T22:09:57.394+0000] {processor.py:914} INFO - Processing file /home/airflow/.local/lib/python3.12/site-packages/airflow/example_dags/example_nested_branch_dag.py for tasks to queue
[2024-12-06T22:09:57.398+0000] {logging_mixin.py:190} INFO - [2024-12-06T22:09:57.397+0000] {dagbag.py:588} INFO - Filling up the DagBag from /home/airflow/.local/lib/python3.12/site-packages/airflow/example_dags/example_nested_branch_dag.py
[2024-12-06T22:09:57.419+0000] {processor.py:925} INFO - DAG(s) 'example_nested_branch_dag' retrieved from /home/airflow/.local/lib/python3.12/site-packages/airflow/example_dags/example_nested_branch_dag.py
[2024-12-06T22:09:57.455+0000] {logging_mixin.py:190} INFO - [2024-12-06T22:09:57.455+0000] {dag.py:3239} INFO - Sync 1 DAGs
[2024-12-06T22:09:57.501+0000] {logging_mixin.py:190} INFO - [2024-12-06T22:09:57.500+0000] {dag.py:4180} INFO - Setting next_dagrun for example_nested_branch_dag to 2024-12-05 00:00:00+00:00, run_after=2024-12-06 00:00:00+00:00
[2024-12-06T22:09:57.537+0000] {processor.py:208} INFO - Processing /home/airflow/.local/lib/python3.12/site-packages/airflow/example_dags/example_nested_branch_dag.py took 0.156 seconds
[2024-12-06T22:10:28.619+0000] {processor.py:186} INFO - Started process (PID=3679) to work on /home/airflow/.local/lib/python3.12/site-packages/airflow/example_dags/example_nested_branch_dag.py
[2024-12-06T22:10:28.621+0000] {processor.py:914} INFO - Processing file /home/airflow/.local/lib/python3.12/site-packages/airflow/example_dags/example_nested_branch_dag.py for tasks to queue
[2024-12-06T22:10:28.625+0000] {logging_mixin.py:190} INFO - [2024-12-06T22:10:28.624+0000] {dagbag.py:588} INFO - Filling up the DagBag from /home/airflow/.local/lib/python3.12/site-packages/airflow/example_dags/example_nested_branch_dag.py
[2024-12-06T22:10:28.644+0000] {processor.py:925} INFO - DAG(s) 'example_nested_branch_dag' retrieved from /home/airflow/.local/lib/python3.12/site-packages/airflow/example_dags/example_nested_branch_dag.py
[2024-12-06T22:10:28.680+0000] {logging_mixin.py:190} INFO - [2024-12-06T22:10:28.679+0000] {dag.py:3239} INFO - Sync 1 DAGs
[2024-12-06T22:10:28.715+0000] {logging_mixin.py:190} INFO - [2024-12-06T22:10:28.714+0000] {dag.py:4180} INFO - Setting next_dagrun for example_nested_branch_dag to 2024-12-05 00:00:00+00:00, run_after=2024-12-06 00:00:00+00:00
[2024-12-06T22:10:28.740+0000] {processor.py:208} INFO - Processing /home/airflow/.local/lib/python3.12/site-packages/airflow/example_dags/example_nested_branch_dag.py took 0.132 seconds
[2024-12-06T22:10:58.994+0000] {processor.py:186} INFO - Started process (PID=3742) to work on /home/airflow/.local/lib/python3.12/site-packages/airflow/example_dags/example_nested_branch_dag.py
[2024-12-06T22:10:58.996+0000] {processor.py:914} INFO - Processing file /home/airflow/.local/lib/python3.12/site-packages/airflow/example_dags/example_nested_branch_dag.py for tasks to queue
[2024-12-06T22:10:59.000+0000] {logging_mixin.py:190} INFO - [2024-12-06T22:10:58.999+0000] {dagbag.py:588} INFO - Filling up the DagBag from /home/airflow/.local/lib/python3.12/site-packages/airflow/example_dags/example_nested_branch_dag.py
[2024-12-06T22:10:59.022+0000] {processor.py:925} INFO - DAG(s) 'example_nested_branch_dag' retrieved from /home/airflow/.local/lib/python3.12/site-packages/airflow/example_dags/example_nested_branch_dag.py
[2024-12-06T22:10:59.067+0000] {logging_mixin.py:190} INFO - [2024-12-06T22:10:59.066+0000] {dag.py:3239} INFO - Sync 1 DAGs
[2024-12-06T22:10:59.125+0000] {logging_mixin.py:190} INFO - [2024-12-06T22:10:59.125+0000] {dag.py:4180} INFO - Setting next_dagrun for example_nested_branch_dag to 2024-12-05 00:00:00+00:00, run_after=2024-12-06 00:00:00+00:00
[2024-12-06T22:10:59.158+0000] {processor.py:208} INFO - Processing /home/airflow/.local/lib/python3.12/site-packages/airflow/example_dags/example_nested_branch_dag.py took 0.175 seconds
