[2024-12-06T21:40:57.103+0000] {processor.py:186} INFO - Started process (PID=108) to work on /home/airflow/.local/lib/python3.12/site-packages/airflow/example_dags/example_latest_only.py
[2024-12-06T21:40:57.104+0000] {processor.py:914} INFO - Processing file /home/airflow/.local/lib/python3.12/site-packages/airflow/example_dags/example_latest_only.py for tasks to queue
[2024-12-06T21:40:57.109+0000] {logging_mixin.py:190} INFO - [2024-12-06T21:40:57.108+0000] {dagbag.py:588} INFO - Filling up the DagBag from /home/airflow/.local/lib/python3.12/site-packages/airflow/example_dags/example_latest_only.py
[2024-12-06T21:40:57.119+0000] {processor.py:925} INFO - DAG(s) 'latest_only' retrieved from /home/airflow/.local/lib/python3.12/site-packages/airflow/example_dags/example_latest_only.py
[2024-12-06T21:40:57.262+0000] {logging_mixin.py:190} INFO - [2024-12-06T21:40:57.261+0000] {override.py:1911} INFO - Created Permission View: can edit on DAG:latest_only
[2024-12-06T21:40:57.274+0000] {logging_mixin.py:190} INFO - [2024-12-06T21:40:57.274+0000] {override.py:1911} INFO - Created Permission View: can delete on DAG:latest_only
[2024-12-06T21:40:57.283+0000] {logging_mixin.py:190} INFO - [2024-12-06T21:40:57.283+0000] {override.py:1911} INFO - Created Permission View: can read on DAG:latest_only
[2024-12-06T21:40:57.293+0000] {logging_mixin.py:190} INFO - [2024-12-06T21:40:57.293+0000] {override.py:1911} INFO - Created Permission View: menu access on DAG Run:latest_only
[2024-12-06T21:40:57.302+0000] {logging_mixin.py:190} INFO - [2024-12-06T21:40:57.302+0000] {override.py:1911} INFO - Created Permission View: can create on DAG Run:latest_only
[2024-12-06T21:40:57.310+0000] {logging_mixin.py:190} INFO - [2024-12-06T21:40:57.310+0000] {override.py:1911} INFO - Created Permission View: can delete on DAG Run:latest_only
[2024-12-06T21:40:57.319+0000] {logging_mixin.py:190} INFO - [2024-12-06T21:40:57.318+0000] {override.py:1911} INFO - Created Permission View: can read on DAG Run:latest_only
[2024-12-06T21:40:57.320+0000] {logging_mixin.py:190} INFO - [2024-12-06T21:40:57.319+0000] {dag.py:3239} INFO - Sync 1 DAGs
[2024-12-06T21:40:57.336+0000] {logging_mixin.py:190} INFO - [2024-12-06T21:40:57.336+0000] {dag.py:3262} INFO - Creating ORM DAG for latest_only
[2024-12-06T21:40:57.347+0000] {logging_mixin.py:190} INFO - [2024-12-06T21:40:57.347+0000] {dag.py:4180} INFO - Setting next_dagrun for latest_only to 2024-12-06 16:00:00+00:00, run_after=2024-12-06 20:00:00+00:00
[2024-12-06T21:40:57.372+0000] {processor.py:208} INFO - Processing /home/airflow/.local/lib/python3.12/site-packages/airflow/example_dags/example_latest_only.py took 0.277 seconds
[2024-12-06T21:41:28.128+0000] {processor.py:186} INFO - Started process (PID=171) to work on /home/airflow/.local/lib/python3.12/site-packages/airflow/example_dags/example_latest_only.py
[2024-12-06T21:41:28.129+0000] {processor.py:914} INFO - Processing file /home/airflow/.local/lib/python3.12/site-packages/airflow/example_dags/example_latest_only.py for tasks to queue
[2024-12-06T21:41:28.132+0000] {logging_mixin.py:190} INFO - [2024-12-06T21:41:28.132+0000] {dagbag.py:588} INFO - Filling up the DagBag from /home/airflow/.local/lib/python3.12/site-packages/airflow/example_dags/example_latest_only.py
[2024-12-06T21:41:28.141+0000] {processor.py:925} INFO - DAG(s) 'latest_only' retrieved from /home/airflow/.local/lib/python3.12/site-packages/airflow/example_dags/example_latest_only.py
[2024-12-06T21:41:28.165+0000] {logging_mixin.py:190} INFO - [2024-12-06T21:41:28.165+0000] {dag.py:3239} INFO - Sync 1 DAGs
[2024-12-06T21:41:28.194+0000] {logging_mixin.py:190} INFO - [2024-12-06T21:41:28.193+0000] {dag.py:4180} INFO - Setting next_dagrun for latest_only to 2024-12-06 16:00:00+00:00, run_after=2024-12-06 20:00:00+00:00
[2024-12-06T21:41:28.217+0000] {processor.py:208} INFO - Processing /home/airflow/.local/lib/python3.12/site-packages/airflow/example_dags/example_latest_only.py took 0.096 seconds
[2024-12-06T21:41:59.052+0000] {processor.py:186} INFO - Started process (PID=234) to work on /home/airflow/.local/lib/python3.12/site-packages/airflow/example_dags/example_latest_only.py
[2024-12-06T21:41:59.053+0000] {processor.py:914} INFO - Processing file /home/airflow/.local/lib/python3.12/site-packages/airflow/example_dags/example_latest_only.py for tasks to queue
[2024-12-06T21:41:59.057+0000] {logging_mixin.py:190} INFO - [2024-12-06T21:41:59.056+0000] {dagbag.py:588} INFO - Filling up the DagBag from /home/airflow/.local/lib/python3.12/site-packages/airflow/example_dags/example_latest_only.py
[2024-12-06T21:41:59.065+0000] {processor.py:925} INFO - DAG(s) 'latest_only' retrieved from /home/airflow/.local/lib/python3.12/site-packages/airflow/example_dags/example_latest_only.py
[2024-12-06T21:41:59.088+0000] {logging_mixin.py:190} INFO - [2024-12-06T21:41:59.087+0000] {dag.py:3239} INFO - Sync 1 DAGs
[2024-12-06T21:41:59.115+0000] {logging_mixin.py:190} INFO - [2024-12-06T21:41:59.115+0000] {dag.py:4180} INFO - Setting next_dagrun for latest_only to 2024-12-06 16:00:00+00:00, run_after=2024-12-06 20:00:00+00:00
[2024-12-06T21:41:59.137+0000] {processor.py:208} INFO - Processing /home/airflow/.local/lib/python3.12/site-packages/airflow/example_dags/example_latest_only.py took 0.092 seconds
[2024-12-06T21:42:30.176+0000] {processor.py:186} INFO - Started process (PID=297) to work on /home/airflow/.local/lib/python3.12/site-packages/airflow/example_dags/example_latest_only.py
[2024-12-06T21:42:30.177+0000] {processor.py:914} INFO - Processing file /home/airflow/.local/lib/python3.12/site-packages/airflow/example_dags/example_latest_only.py for tasks to queue
[2024-12-06T21:42:30.185+0000] {logging_mixin.py:190} INFO - [2024-12-06T21:42:30.184+0000] {dagbag.py:588} INFO - Filling up the DagBag from /home/airflow/.local/lib/python3.12/site-packages/airflow/example_dags/example_latest_only.py
[2024-12-06T21:42:30.195+0000] {processor.py:925} INFO - DAG(s) 'latest_only' retrieved from /home/airflow/.local/lib/python3.12/site-packages/airflow/example_dags/example_latest_only.py
[2024-12-06T21:42:30.224+0000] {logging_mixin.py:190} INFO - [2024-12-06T21:42:30.224+0000] {dag.py:3239} INFO - Sync 1 DAGs
[2024-12-06T21:42:30.254+0000] {logging_mixin.py:190} INFO - [2024-12-06T21:42:30.254+0000] {dag.py:4180} INFO - Setting next_dagrun for latest_only to 2024-12-06 16:00:00+00:00, run_after=2024-12-06 20:00:00+00:00
[2024-12-06T21:42:30.279+0000] {processor.py:208} INFO - Processing /home/airflow/.local/lib/python3.12/site-packages/airflow/example_dags/example_latest_only.py took 0.111 seconds
[2024-12-06T21:43:00.525+0000] {processor.py:186} INFO - Started process (PID=360) to work on /home/airflow/.local/lib/python3.12/site-packages/airflow/example_dags/example_latest_only.py
[2024-12-06T21:43:00.526+0000] {processor.py:914} INFO - Processing file /home/airflow/.local/lib/python3.12/site-packages/airflow/example_dags/example_latest_only.py for tasks to queue
[2024-12-06T21:43:00.529+0000] {logging_mixin.py:190} INFO - [2024-12-06T21:43:00.529+0000] {dagbag.py:588} INFO - Filling up the DagBag from /home/airflow/.local/lib/python3.12/site-packages/airflow/example_dags/example_latest_only.py
[2024-12-06T21:43:00.538+0000] {processor.py:925} INFO - DAG(s) 'latest_only' retrieved from /home/airflow/.local/lib/python3.12/site-packages/airflow/example_dags/example_latest_only.py
[2024-12-06T21:43:00.571+0000] {logging_mixin.py:190} INFO - [2024-12-06T21:43:00.571+0000] {dag.py:3239} INFO - Sync 1 DAGs
[2024-12-06T21:43:00.603+0000] {logging_mixin.py:190} INFO - [2024-12-06T21:43:00.603+0000] {dag.py:4180} INFO - Setting next_dagrun for latest_only to 2024-12-06 16:00:00+00:00, run_after=2024-12-06 20:00:00+00:00
[2024-12-06T21:43:00.627+0000] {processor.py:208} INFO - Processing /home/airflow/.local/lib/python3.12/site-packages/airflow/example_dags/example_latest_only.py took 0.110 seconds
[2024-12-06T21:43:32.213+0000] {processor.py:186} INFO - Started process (PID=423) to work on /home/airflow/.local/lib/python3.12/site-packages/airflow/example_dags/example_latest_only.py
[2024-12-06T21:43:32.215+0000] {processor.py:914} INFO - Processing file /home/airflow/.local/lib/python3.12/site-packages/airflow/example_dags/example_latest_only.py for tasks to queue
[2024-12-06T21:43:32.218+0000] {logging_mixin.py:190} INFO - [2024-12-06T21:43:32.217+0000] {dagbag.py:588} INFO - Filling up the DagBag from /home/airflow/.local/lib/python3.12/site-packages/airflow/example_dags/example_latest_only.py
[2024-12-06T21:43:32.228+0000] {processor.py:925} INFO - DAG(s) 'latest_only' retrieved from /home/airflow/.local/lib/python3.12/site-packages/airflow/example_dags/example_latest_only.py
[2024-12-06T21:43:32.255+0000] {logging_mixin.py:190} INFO - [2024-12-06T21:43:32.255+0000] {dag.py:3239} INFO - Sync 1 DAGs
[2024-12-06T21:43:32.285+0000] {logging_mixin.py:190} INFO - [2024-12-06T21:43:32.285+0000] {dag.py:4180} INFO - Setting next_dagrun for latest_only to 2024-12-06 16:00:00+00:00, run_after=2024-12-06 20:00:00+00:00
[2024-12-06T21:43:32.308+0000] {processor.py:208} INFO - Processing /home/airflow/.local/lib/python3.12/site-packages/airflow/example_dags/example_latest_only.py took 0.103 seconds
[2024-12-06T21:44:03.240+0000] {processor.py:186} INFO - Started process (PID=486) to work on /home/airflow/.local/lib/python3.12/site-packages/airflow/example_dags/example_latest_only.py
[2024-12-06T21:44:03.241+0000] {processor.py:914} INFO - Processing file /home/airflow/.local/lib/python3.12/site-packages/airflow/example_dags/example_latest_only.py for tasks to queue
[2024-12-06T21:44:03.245+0000] {logging_mixin.py:190} INFO - [2024-12-06T21:44:03.244+0000] {dagbag.py:588} INFO - Filling up the DagBag from /home/airflow/.local/lib/python3.12/site-packages/airflow/example_dags/example_latest_only.py
[2024-12-06T21:44:03.254+0000] {processor.py:925} INFO - DAG(s) 'latest_only' retrieved from /home/airflow/.local/lib/python3.12/site-packages/airflow/example_dags/example_latest_only.py
[2024-12-06T21:44:03.279+0000] {logging_mixin.py:190} INFO - [2024-12-06T21:44:03.279+0000] {dag.py:3239} INFO - Sync 1 DAGs
[2024-12-06T21:44:03.310+0000] {logging_mixin.py:190} INFO - [2024-12-06T21:44:03.309+0000] {dag.py:4180} INFO - Setting next_dagrun for latest_only to 2024-12-06 16:00:00+00:00, run_after=2024-12-06 20:00:00+00:00
[2024-12-06T21:44:03.334+0000] {processor.py:208} INFO - Processing /home/airflow/.local/lib/python3.12/site-packages/airflow/example_dags/example_latest_only.py took 0.103 seconds
[2024-12-06T21:44:35.152+0000] {processor.py:186} INFO - Started process (PID=549) to work on /home/airflow/.local/lib/python3.12/site-packages/airflow/example_dags/example_latest_only.py
[2024-12-06T21:44:35.153+0000] {processor.py:914} INFO - Processing file /home/airflow/.local/lib/python3.12/site-packages/airflow/example_dags/example_latest_only.py for tasks to queue
[2024-12-06T21:44:35.157+0000] {logging_mixin.py:190} INFO - [2024-12-06T21:44:35.156+0000] {dagbag.py:588} INFO - Filling up the DagBag from /home/airflow/.local/lib/python3.12/site-packages/airflow/example_dags/example_latest_only.py
[2024-12-06T21:44:35.166+0000] {processor.py:925} INFO - DAG(s) 'latest_only' retrieved from /home/airflow/.local/lib/python3.12/site-packages/airflow/example_dags/example_latest_only.py
[2024-12-06T21:44:35.193+0000] {logging_mixin.py:190} INFO - [2024-12-06T21:44:35.193+0000] {dag.py:3239} INFO - Sync 1 DAGs
[2024-12-06T21:44:35.225+0000] {logging_mixin.py:190} INFO - [2024-12-06T21:44:35.225+0000] {dag.py:4180} INFO - Setting next_dagrun for latest_only to 2024-12-06 16:00:00+00:00, run_after=2024-12-06 20:00:00+00:00
[2024-12-06T21:44:35.251+0000] {processor.py:208} INFO - Processing /home/airflow/.local/lib/python3.12/site-packages/airflow/example_dags/example_latest_only.py took 0.108 seconds
[2024-12-06T21:45:06.098+0000] {processor.py:186} INFO - Started process (PID=612) to work on /home/airflow/.local/lib/python3.12/site-packages/airflow/example_dags/example_latest_only.py
[2024-12-06T21:45:06.099+0000] {processor.py:914} INFO - Processing file /home/airflow/.local/lib/python3.12/site-packages/airflow/example_dags/example_latest_only.py for tasks to queue
[2024-12-06T21:45:06.103+0000] {logging_mixin.py:190} INFO - [2024-12-06T21:45:06.102+0000] {dagbag.py:588} INFO - Filling up the DagBag from /home/airflow/.local/lib/python3.12/site-packages/airflow/example_dags/example_latest_only.py
[2024-12-06T21:45:06.112+0000] {processor.py:925} INFO - DAG(s) 'latest_only' retrieved from /home/airflow/.local/lib/python3.12/site-packages/airflow/example_dags/example_latest_only.py
[2024-12-06T21:45:06.139+0000] {logging_mixin.py:190} INFO - [2024-12-06T21:45:06.139+0000] {dag.py:3239} INFO - Sync 1 DAGs
[2024-12-06T21:45:06.171+0000] {logging_mixin.py:190} INFO - [2024-12-06T21:45:06.170+0000] {dag.py:4180} INFO - Setting next_dagrun for latest_only to 2024-12-06 16:00:00+00:00, run_after=2024-12-06 20:00:00+00:00
[2024-12-06T21:45:06.194+0000] {processor.py:208} INFO - Processing /home/airflow/.local/lib/python3.12/site-packages/airflow/example_dags/example_latest_only.py took 0.104 seconds
[2024-12-06T21:45:37.875+0000] {processor.py:186} INFO - Started process (PID=676) to work on /home/airflow/.local/lib/python3.12/site-packages/airflow/example_dags/example_latest_only.py
[2024-12-06T21:45:37.877+0000] {processor.py:914} INFO - Processing file /home/airflow/.local/lib/python3.12/site-packages/airflow/example_dags/example_latest_only.py for tasks to queue
[2024-12-06T21:45:37.881+0000] {logging_mixin.py:190} INFO - [2024-12-06T21:45:37.880+0000] {dagbag.py:588} INFO - Filling up the DagBag from /home/airflow/.local/lib/python3.12/site-packages/airflow/example_dags/example_latest_only.py
[2024-12-06T21:45:37.890+0000] {processor.py:925} INFO - DAG(s) 'latest_only' retrieved from /home/airflow/.local/lib/python3.12/site-packages/airflow/example_dags/example_latest_only.py
[2024-12-06T21:45:37.916+0000] {logging_mixin.py:190} INFO - [2024-12-06T21:45:37.916+0000] {dag.py:3239} INFO - Sync 1 DAGs
[2024-12-06T21:45:37.950+0000] {logging_mixin.py:190} INFO - [2024-12-06T21:45:37.949+0000] {dag.py:4180} INFO - Setting next_dagrun for latest_only to 2024-12-06 16:00:00+00:00, run_after=2024-12-06 20:00:00+00:00
[2024-12-06T21:45:37.975+0000] {processor.py:208} INFO - Processing /home/airflow/.local/lib/python3.12/site-packages/airflow/example_dags/example_latest_only.py took 0.108 seconds
[2024-12-06T21:46:08.808+0000] {processor.py:186} INFO - Started process (PID=739) to work on /home/airflow/.local/lib/python3.12/site-packages/airflow/example_dags/example_latest_only.py
[2024-12-06T21:46:08.810+0000] {processor.py:914} INFO - Processing file /home/airflow/.local/lib/python3.12/site-packages/airflow/example_dags/example_latest_only.py for tasks to queue
[2024-12-06T21:46:08.813+0000] {logging_mixin.py:190} INFO - [2024-12-06T21:46:08.812+0000] {dagbag.py:588} INFO - Filling up the DagBag from /home/airflow/.local/lib/python3.12/site-packages/airflow/example_dags/example_latest_only.py
[2024-12-06T21:46:08.822+0000] {processor.py:925} INFO - DAG(s) 'latest_only' retrieved from /home/airflow/.local/lib/python3.12/site-packages/airflow/example_dags/example_latest_only.py
[2024-12-06T21:46:08.846+0000] {logging_mixin.py:190} INFO - [2024-12-06T21:46:08.846+0000] {dag.py:3239} INFO - Sync 1 DAGs
[2024-12-06T21:46:08.877+0000] {logging_mixin.py:190} INFO - [2024-12-06T21:46:08.876+0000] {dag.py:4180} INFO - Setting next_dagrun for latest_only to 2024-12-06 16:00:00+00:00, run_after=2024-12-06 20:00:00+00:00
[2024-12-06T21:46:08.900+0000] {processor.py:208} INFO - Processing /home/airflow/.local/lib/python3.12/site-packages/airflow/example_dags/example_latest_only.py took 0.100 seconds
[2024-12-06T21:46:41.389+0000] {processor.py:186} INFO - Started process (PID=807) to work on /home/airflow/.local/lib/python3.12/site-packages/airflow/example_dags/example_latest_only.py
[2024-12-06T21:46:41.391+0000] {processor.py:914} INFO - Processing file /home/airflow/.local/lib/python3.12/site-packages/airflow/example_dags/example_latest_only.py for tasks to queue
[2024-12-06T21:46:41.394+0000] {logging_mixin.py:190} INFO - [2024-12-06T21:46:41.393+0000] {dagbag.py:588} INFO - Filling up the DagBag from /home/airflow/.local/lib/python3.12/site-packages/airflow/example_dags/example_latest_only.py
[2024-12-06T21:46:41.403+0000] {processor.py:925} INFO - DAG(s) 'latest_only' retrieved from /home/airflow/.local/lib/python3.12/site-packages/airflow/example_dags/example_latest_only.py
[2024-12-06T21:46:41.428+0000] {logging_mixin.py:190} INFO - [2024-12-06T21:46:41.427+0000] {dag.py:3239} INFO - Sync 1 DAGs
[2024-12-06T21:46:41.458+0000] {logging_mixin.py:190} INFO - [2024-12-06T21:46:41.458+0000] {dag.py:4180} INFO - Setting next_dagrun for latest_only to 2024-12-06 16:00:00+00:00, run_after=2024-12-06 20:00:00+00:00
[2024-12-06T21:46:41.483+0000] {processor.py:208} INFO - Processing /home/airflow/.local/lib/python3.12/site-packages/airflow/example_dags/example_latest_only.py took 0.101 seconds
[2024-12-06T21:47:13.667+0000] {processor.py:186} INFO - Started process (PID=875) to work on /home/airflow/.local/lib/python3.12/site-packages/airflow/example_dags/example_latest_only.py
[2024-12-06T21:47:13.669+0000] {processor.py:914} INFO - Processing file /home/airflow/.local/lib/python3.12/site-packages/airflow/example_dags/example_latest_only.py for tasks to queue
[2024-12-06T21:47:13.672+0000] {logging_mixin.py:190} INFO - [2024-12-06T21:47:13.672+0000] {dagbag.py:588} INFO - Filling up the DagBag from /home/airflow/.local/lib/python3.12/site-packages/airflow/example_dags/example_latest_only.py
[2024-12-06T21:47:13.689+0000] {processor.py:925} INFO - DAG(s) 'latest_only' retrieved from /home/airflow/.local/lib/python3.12/site-packages/airflow/example_dags/example_latest_only.py
[2024-12-06T21:47:13.726+0000] {logging_mixin.py:190} INFO - [2024-12-06T21:47:13.725+0000] {dag.py:3239} INFO - Sync 1 DAGs
[2024-12-06T21:47:13.777+0000] {logging_mixin.py:190} INFO - [2024-12-06T21:47:13.776+0000] {dag.py:4180} INFO - Setting next_dagrun for latest_only to 2024-12-06 16:00:00+00:00, run_after=2024-12-06 20:00:00+00:00
[2024-12-06T21:47:13.810+0000] {processor.py:208} INFO - Processing /home/airflow/.local/lib/python3.12/site-packages/airflow/example_dags/example_latest_only.py took 0.155 seconds
[2024-12-06T21:47:45.119+0000] {processor.py:186} INFO - Started process (PID=938) to work on /home/airflow/.local/lib/python3.12/site-packages/airflow/example_dags/example_latest_only.py
[2024-12-06T21:47:45.121+0000] {processor.py:914} INFO - Processing file /home/airflow/.local/lib/python3.12/site-packages/airflow/example_dags/example_latest_only.py for tasks to queue
[2024-12-06T21:47:45.124+0000] {logging_mixin.py:190} INFO - [2024-12-06T21:47:45.124+0000] {dagbag.py:588} INFO - Filling up the DagBag from /home/airflow/.local/lib/python3.12/site-packages/airflow/example_dags/example_latest_only.py
[2024-12-06T21:47:45.136+0000] {processor.py:925} INFO - DAG(s) 'latest_only' retrieved from /home/airflow/.local/lib/python3.12/site-packages/airflow/example_dags/example_latest_only.py
[2024-12-06T21:47:45.165+0000] {logging_mixin.py:190} INFO - [2024-12-06T21:47:45.165+0000] {dag.py:3239} INFO - Sync 1 DAGs
[2024-12-06T21:47:45.197+0000] {logging_mixin.py:190} INFO - [2024-12-06T21:47:45.196+0000] {dag.py:4180} INFO - Setting next_dagrun for latest_only to 2024-12-06 16:00:00+00:00, run_after=2024-12-06 20:00:00+00:00
[2024-12-06T21:47:45.223+0000] {processor.py:208} INFO - Processing /home/airflow/.local/lib/python3.12/site-packages/airflow/example_dags/example_latest_only.py took 0.112 seconds
[2024-12-06T21:48:16.782+0000] {processor.py:186} INFO - Started process (PID=1007) to work on /home/airflow/.local/lib/python3.12/site-packages/airflow/example_dags/example_latest_only.py
[2024-12-06T21:48:16.785+0000] {processor.py:914} INFO - Processing file /home/airflow/.local/lib/python3.12/site-packages/airflow/example_dags/example_latest_only.py for tasks to queue
[2024-12-06T21:48:16.788+0000] {logging_mixin.py:190} INFO - [2024-12-06T21:48:16.788+0000] {dagbag.py:588} INFO - Filling up the DagBag from /home/airflow/.local/lib/python3.12/site-packages/airflow/example_dags/example_latest_only.py
[2024-12-06T21:48:16.801+0000] {processor.py:925} INFO - DAG(s) 'latest_only' retrieved from /home/airflow/.local/lib/python3.12/site-packages/airflow/example_dags/example_latest_only.py
[2024-12-06T21:48:16.837+0000] {logging_mixin.py:190} INFO - [2024-12-06T21:48:16.836+0000] {dag.py:3239} INFO - Sync 1 DAGs
[2024-12-06T21:48:16.876+0000] {logging_mixin.py:190} INFO - [2024-12-06T21:48:16.876+0000] {dag.py:4180} INFO - Setting next_dagrun for latest_only to 2024-12-06 16:00:00+00:00, run_after=2024-12-06 20:00:00+00:00
[2024-12-06T21:48:16.910+0000] {processor.py:208} INFO - Processing /home/airflow/.local/lib/python3.12/site-packages/airflow/example_dags/example_latest_only.py took 0.137 seconds
[2024-12-06T21:48:48.200+0000] {processor.py:186} INFO - Started process (PID=1070) to work on /home/airflow/.local/lib/python3.12/site-packages/airflow/example_dags/example_latest_only.py
[2024-12-06T21:48:48.201+0000] {processor.py:914} INFO - Processing file /home/airflow/.local/lib/python3.12/site-packages/airflow/example_dags/example_latest_only.py for tasks to queue
[2024-12-06T21:48:48.207+0000] {logging_mixin.py:190} INFO - [2024-12-06T21:48:48.206+0000] {dagbag.py:588} INFO - Filling up the DagBag from /home/airflow/.local/lib/python3.12/site-packages/airflow/example_dags/example_latest_only.py
[2024-12-06T21:48:48.223+0000] {processor.py:925} INFO - DAG(s) 'latest_only' retrieved from /home/airflow/.local/lib/python3.12/site-packages/airflow/example_dags/example_latest_only.py
[2024-12-06T21:48:48.254+0000] {logging_mixin.py:190} INFO - [2024-12-06T21:48:48.254+0000] {dag.py:3239} INFO - Sync 1 DAGs
[2024-12-06T21:48:48.296+0000] {logging_mixin.py:190} INFO - [2024-12-06T21:48:48.296+0000] {dag.py:4180} INFO - Setting next_dagrun for latest_only to 2024-12-06 16:00:00+00:00, run_after=2024-12-06 20:00:00+00:00
[2024-12-06T21:48:48.327+0000] {processor.py:208} INFO - Processing /home/airflow/.local/lib/python3.12/site-packages/airflow/example_dags/example_latest_only.py took 0.137 seconds
[2024-12-06T21:49:20.087+0000] {processor.py:186} INFO - Started process (PID=1133) to work on /home/airflow/.local/lib/python3.12/site-packages/airflow/example_dags/example_latest_only.py
[2024-12-06T21:49:20.089+0000] {processor.py:914} INFO - Processing file /home/airflow/.local/lib/python3.12/site-packages/airflow/example_dags/example_latest_only.py for tasks to queue
[2024-12-06T21:49:20.093+0000] {logging_mixin.py:190} INFO - [2024-12-06T21:49:20.092+0000] {dagbag.py:588} INFO - Filling up the DagBag from /home/airflow/.local/lib/python3.12/site-packages/airflow/example_dags/example_latest_only.py
[2024-12-06T21:49:20.105+0000] {processor.py:925} INFO - DAG(s) 'latest_only' retrieved from /home/airflow/.local/lib/python3.12/site-packages/airflow/example_dags/example_latest_only.py
[2024-12-06T21:49:20.137+0000] {logging_mixin.py:190} INFO - [2024-12-06T21:49:20.136+0000] {dag.py:3239} INFO - Sync 1 DAGs
[2024-12-06T21:49:20.175+0000] {logging_mixin.py:190} INFO - [2024-12-06T21:49:20.175+0000] {dag.py:4180} INFO - Setting next_dagrun for latest_only to 2024-12-06 16:00:00+00:00, run_after=2024-12-06 20:00:00+00:00
[2024-12-06T21:49:20.204+0000] {processor.py:208} INFO - Processing /home/airflow/.local/lib/python3.12/site-packages/airflow/example_dags/example_latest_only.py took 0.126 seconds
[2024-12-06T21:49:51.277+0000] {processor.py:186} INFO - Started process (PID=1196) to work on /home/airflow/.local/lib/python3.12/site-packages/airflow/example_dags/example_latest_only.py
[2024-12-06T21:49:51.279+0000] {processor.py:914} INFO - Processing file /home/airflow/.local/lib/python3.12/site-packages/airflow/example_dags/example_latest_only.py for tasks to queue
[2024-12-06T21:49:51.282+0000] {logging_mixin.py:190} INFO - [2024-12-06T21:49:51.281+0000] {dagbag.py:588} INFO - Filling up the DagBag from /home/airflow/.local/lib/python3.12/site-packages/airflow/example_dags/example_latest_only.py
[2024-12-06T21:49:51.293+0000] {processor.py:925} INFO - DAG(s) 'latest_only' retrieved from /home/airflow/.local/lib/python3.12/site-packages/airflow/example_dags/example_latest_only.py
[2024-12-06T21:49:51.322+0000] {logging_mixin.py:190} INFO - [2024-12-06T21:49:51.322+0000] {dag.py:3239} INFO - Sync 1 DAGs
[2024-12-06T21:49:51.359+0000] {logging_mixin.py:190} INFO - [2024-12-06T21:49:51.359+0000] {dag.py:4180} INFO - Setting next_dagrun for latest_only to 2024-12-06 16:00:00+00:00, run_after=2024-12-06 20:00:00+00:00
[2024-12-06T21:49:51.387+0000] {processor.py:208} INFO - Processing /home/airflow/.local/lib/python3.12/site-packages/airflow/example_dags/example_latest_only.py took 0.123 seconds
[2024-12-06T21:50:23.358+0000] {processor.py:186} INFO - Started process (PID=1259) to work on /home/airflow/.local/lib/python3.12/site-packages/airflow/example_dags/example_latest_only.py
[2024-12-06T21:50:23.359+0000] {processor.py:914} INFO - Processing file /home/airflow/.local/lib/python3.12/site-packages/airflow/example_dags/example_latest_only.py for tasks to queue
[2024-12-06T21:50:23.364+0000] {logging_mixin.py:190} INFO - [2024-12-06T21:50:23.364+0000] {dagbag.py:588} INFO - Filling up the DagBag from /home/airflow/.local/lib/python3.12/site-packages/airflow/example_dags/example_latest_only.py
[2024-12-06T21:50:23.374+0000] {processor.py:925} INFO - DAG(s) 'latest_only' retrieved from /home/airflow/.local/lib/python3.12/site-packages/airflow/example_dags/example_latest_only.py
[2024-12-06T21:50:23.403+0000] {logging_mixin.py:190} INFO - [2024-12-06T21:50:23.402+0000] {dag.py:3239} INFO - Sync 1 DAGs
[2024-12-06T21:50:23.434+0000] {logging_mixin.py:190} INFO - [2024-12-06T21:50:23.434+0000] {dag.py:4180} INFO - Setting next_dagrun for latest_only to 2024-12-06 16:00:00+00:00, run_after=2024-12-06 20:00:00+00:00
[2024-12-06T21:50:23.459+0000] {processor.py:208} INFO - Processing /home/airflow/.local/lib/python3.12/site-packages/airflow/example_dags/example_latest_only.py took 0.109 seconds
[2024-12-06T21:50:55.090+0000] {processor.py:186} INFO - Started process (PID=1322) to work on /home/airflow/.local/lib/python3.12/site-packages/airflow/example_dags/example_latest_only.py
[2024-12-06T21:50:55.092+0000] {processor.py:914} INFO - Processing file /home/airflow/.local/lib/python3.12/site-packages/airflow/example_dags/example_latest_only.py for tasks to queue
[2024-12-06T21:50:55.096+0000] {logging_mixin.py:190} INFO - [2024-12-06T21:50:55.095+0000] {dagbag.py:588} INFO - Filling up the DagBag from /home/airflow/.local/lib/python3.12/site-packages/airflow/example_dags/example_latest_only.py
[2024-12-06T21:50:55.111+0000] {processor.py:925} INFO - DAG(s) 'latest_only' retrieved from /home/airflow/.local/lib/python3.12/site-packages/airflow/example_dags/example_latest_only.py
[2024-12-06T21:50:55.143+0000] {logging_mixin.py:190} INFO - [2024-12-06T21:50:55.143+0000] {dag.py:3239} INFO - Sync 1 DAGs
[2024-12-06T21:50:55.182+0000] {logging_mixin.py:190} INFO - [2024-12-06T21:50:55.182+0000] {dag.py:4180} INFO - Setting next_dagrun for latest_only to 2024-12-06 16:00:00+00:00, run_after=2024-12-06 20:00:00+00:00
[2024-12-06T21:50:55.215+0000] {processor.py:208} INFO - Processing /home/airflow/.local/lib/python3.12/site-packages/airflow/example_dags/example_latest_only.py took 0.134 seconds
[2024-12-06T21:51:26.913+0000] {processor.py:186} INFO - Started process (PID=1385) to work on /home/airflow/.local/lib/python3.12/site-packages/airflow/example_dags/example_latest_only.py
[2024-12-06T21:51:26.914+0000] {processor.py:914} INFO - Processing file /home/airflow/.local/lib/python3.12/site-packages/airflow/example_dags/example_latest_only.py for tasks to queue
[2024-12-06T21:51:26.920+0000] {logging_mixin.py:190} INFO - [2024-12-06T21:51:26.920+0000] {dagbag.py:588} INFO - Filling up the DagBag from /home/airflow/.local/lib/python3.12/site-packages/airflow/example_dags/example_latest_only.py
[2024-12-06T21:51:26.935+0000] {processor.py:925} INFO - DAG(s) 'latest_only' retrieved from /home/airflow/.local/lib/python3.12/site-packages/airflow/example_dags/example_latest_only.py
[2024-12-06T21:51:26.980+0000] {logging_mixin.py:190} INFO - [2024-12-06T21:51:26.979+0000] {dag.py:3239} INFO - Sync 1 DAGs
[2024-12-06T21:51:27.019+0000] {logging_mixin.py:190} INFO - [2024-12-06T21:51:27.019+0000] {dag.py:4180} INFO - Setting next_dagrun for latest_only to 2024-12-06 16:00:00+00:00, run_after=2024-12-06 20:00:00+00:00
[2024-12-06T21:51:27.047+0000] {processor.py:208} INFO - Processing /home/airflow/.local/lib/python3.12/site-packages/airflow/example_dags/example_latest_only.py took 0.148 seconds
[2024-12-06T21:51:57.200+0000] {processor.py:186} INFO - Started process (PID=1448) to work on /home/airflow/.local/lib/python3.12/site-packages/airflow/example_dags/example_latest_only.py
[2024-12-06T21:51:57.202+0000] {processor.py:914} INFO - Processing file /home/airflow/.local/lib/python3.12/site-packages/airflow/example_dags/example_latest_only.py for tasks to queue
[2024-12-06T21:51:57.207+0000] {logging_mixin.py:190} INFO - [2024-12-06T21:51:57.206+0000] {dagbag.py:588} INFO - Filling up the DagBag from /home/airflow/.local/lib/python3.12/site-packages/airflow/example_dags/example_latest_only.py
[2024-12-06T21:51:57.218+0000] {processor.py:925} INFO - DAG(s) 'latest_only' retrieved from /home/airflow/.local/lib/python3.12/site-packages/airflow/example_dags/example_latest_only.py
[2024-12-06T21:51:57.247+0000] {logging_mixin.py:190} INFO - [2024-12-06T21:51:57.247+0000] {dag.py:3239} INFO - Sync 1 DAGs
[2024-12-06T21:51:57.283+0000] {logging_mixin.py:190} INFO - [2024-12-06T21:51:57.283+0000] {dag.py:4180} INFO - Setting next_dagrun for latest_only to 2024-12-06 16:00:00+00:00, run_after=2024-12-06 20:00:00+00:00
[2024-12-06T21:51:57.314+0000] {processor.py:208} INFO - Processing /home/airflow/.local/lib/python3.12/site-packages/airflow/example_dags/example_latest_only.py took 0.123 seconds
[2024-12-06T21:52:28.221+0000] {processor.py:186} INFO - Started process (PID=1510) to work on /home/airflow/.local/lib/python3.12/site-packages/airflow/example_dags/example_latest_only.py
[2024-12-06T21:52:28.224+0000] {processor.py:914} INFO - Processing file /home/airflow/.local/lib/python3.12/site-packages/airflow/example_dags/example_latest_only.py for tasks to queue
[2024-12-06T21:52:28.228+0000] {logging_mixin.py:190} INFO - [2024-12-06T21:52:28.227+0000] {dagbag.py:588} INFO - Filling up the DagBag from /home/airflow/.local/lib/python3.12/site-packages/airflow/example_dags/example_latest_only.py
[2024-12-06T21:52:28.239+0000] {processor.py:925} INFO - DAG(s) 'latest_only' retrieved from /home/airflow/.local/lib/python3.12/site-packages/airflow/example_dags/example_latest_only.py
[2024-12-06T21:52:28.271+0000] {logging_mixin.py:190} INFO - [2024-12-06T21:52:28.270+0000] {dag.py:3239} INFO - Sync 1 DAGs
[2024-12-06T21:52:28.310+0000] {logging_mixin.py:190} INFO - [2024-12-06T21:52:28.310+0000] {dag.py:4180} INFO - Setting next_dagrun for latest_only to 2024-12-06 16:00:00+00:00, run_after=2024-12-06 20:00:00+00:00
[2024-12-06T21:52:28.341+0000] {processor.py:208} INFO - Processing /home/airflow/.local/lib/python3.12/site-packages/airflow/example_dags/example_latest_only.py took 0.128 seconds
[2024-12-06T21:52:59.735+0000] {processor.py:186} INFO - Started process (PID=1573) to work on /home/airflow/.local/lib/python3.12/site-packages/airflow/example_dags/example_latest_only.py
[2024-12-06T21:52:59.737+0000] {processor.py:914} INFO - Processing file /home/airflow/.local/lib/python3.12/site-packages/airflow/example_dags/example_latest_only.py for tasks to queue
[2024-12-06T21:52:59.741+0000] {logging_mixin.py:190} INFO - [2024-12-06T21:52:59.740+0000] {dagbag.py:588} INFO - Filling up the DagBag from /home/airflow/.local/lib/python3.12/site-packages/airflow/example_dags/example_latest_only.py
[2024-12-06T21:52:59.756+0000] {processor.py:925} INFO - DAG(s) 'latest_only' retrieved from /home/airflow/.local/lib/python3.12/site-packages/airflow/example_dags/example_latest_only.py
[2024-12-06T21:52:59.795+0000] {logging_mixin.py:190} INFO - [2024-12-06T21:52:59.794+0000] {dag.py:3239} INFO - Sync 1 DAGs
[2024-12-06T21:52:59.836+0000] {logging_mixin.py:190} INFO - [2024-12-06T21:52:59.836+0000] {dag.py:4180} INFO - Setting next_dagrun for latest_only to 2024-12-06 16:00:00+00:00, run_after=2024-12-06 20:00:00+00:00
[2024-12-06T21:52:59.871+0000] {processor.py:208} INFO - Processing /home/airflow/.local/lib/python3.12/site-packages/airflow/example_dags/example_latest_only.py took 0.148 seconds
[2024-12-06T21:53:30.989+0000] {processor.py:186} INFO - Started process (PID=1636) to work on /home/airflow/.local/lib/python3.12/site-packages/airflow/example_dags/example_latest_only.py
[2024-12-06T21:53:30.991+0000] {processor.py:914} INFO - Processing file /home/airflow/.local/lib/python3.12/site-packages/airflow/example_dags/example_latest_only.py for tasks to queue
[2024-12-06T21:53:30.996+0000] {logging_mixin.py:190} INFO - [2024-12-06T21:53:30.995+0000] {dagbag.py:588} INFO - Filling up the DagBag from /home/airflow/.local/lib/python3.12/site-packages/airflow/example_dags/example_latest_only.py
[2024-12-06T21:53:31.008+0000] {processor.py:925} INFO - DAG(s) 'latest_only' retrieved from /home/airflow/.local/lib/python3.12/site-packages/airflow/example_dags/example_latest_only.py
[2024-12-06T21:53:31.041+0000] {logging_mixin.py:190} INFO - [2024-12-06T21:53:31.040+0000] {dag.py:3239} INFO - Sync 1 DAGs
[2024-12-06T21:53:31.082+0000] {logging_mixin.py:190} INFO - [2024-12-06T21:53:31.081+0000] {dag.py:4180} INFO - Setting next_dagrun for latest_only to 2024-12-06 16:00:00+00:00, run_after=2024-12-06 20:00:00+00:00
[2024-12-06T21:53:31.115+0000] {processor.py:208} INFO - Processing /home/airflow/.local/lib/python3.12/site-packages/airflow/example_dags/example_latest_only.py took 0.136 seconds
[2024-12-06T21:54:02.520+0000] {processor.py:186} INFO - Started process (PID=1699) to work on /home/airflow/.local/lib/python3.12/site-packages/airflow/example_dags/example_latest_only.py
[2024-12-06T21:54:02.522+0000] {processor.py:914} INFO - Processing file /home/airflow/.local/lib/python3.12/site-packages/airflow/example_dags/example_latest_only.py for tasks to queue
[2024-12-06T21:54:02.526+0000] {logging_mixin.py:190} INFO - [2024-12-06T21:54:02.525+0000] {dagbag.py:588} INFO - Filling up the DagBag from /home/airflow/.local/lib/python3.12/site-packages/airflow/example_dags/example_latest_only.py
[2024-12-06T21:54:02.537+0000] {processor.py:925} INFO - DAG(s) 'latest_only' retrieved from /home/airflow/.local/lib/python3.12/site-packages/airflow/example_dags/example_latest_only.py
[2024-12-06T21:54:02.566+0000] {logging_mixin.py:190} INFO - [2024-12-06T21:54:02.565+0000] {dag.py:3239} INFO - Sync 1 DAGs
[2024-12-06T21:54:02.603+0000] {logging_mixin.py:190} INFO - [2024-12-06T21:54:02.603+0000] {dag.py:4180} INFO - Setting next_dagrun for latest_only to 2024-12-06 16:00:00+00:00, run_after=2024-12-06 20:00:00+00:00
[2024-12-06T21:54:02.631+0000] {processor.py:208} INFO - Processing /home/airflow/.local/lib/python3.12/site-packages/airflow/example_dags/example_latest_only.py took 0.121 seconds
[2024-12-06T21:54:34.380+0000] {processor.py:186} INFO - Started process (PID=1762) to work on /home/airflow/.local/lib/python3.12/site-packages/airflow/example_dags/example_latest_only.py
[2024-12-06T21:54:34.382+0000] {processor.py:914} INFO - Processing file /home/airflow/.local/lib/python3.12/site-packages/airflow/example_dags/example_latest_only.py for tasks to queue
[2024-12-06T21:54:34.387+0000] {logging_mixin.py:190} INFO - [2024-12-06T21:54:34.386+0000] {dagbag.py:588} INFO - Filling up the DagBag from /home/airflow/.local/lib/python3.12/site-packages/airflow/example_dags/example_latest_only.py
[2024-12-06T21:54:34.400+0000] {processor.py:925} INFO - DAG(s) 'latest_only' retrieved from /home/airflow/.local/lib/python3.12/site-packages/airflow/example_dags/example_latest_only.py
[2024-12-06T21:54:34.438+0000] {logging_mixin.py:190} INFO - [2024-12-06T21:54:34.438+0000] {dag.py:3239} INFO - Sync 1 DAGs
[2024-12-06T21:54:34.483+0000] {logging_mixin.py:190} INFO - [2024-12-06T21:54:34.483+0000] {dag.py:4180} INFO - Setting next_dagrun for latest_only to 2024-12-06 16:00:00+00:00, run_after=2024-12-06 20:00:00+00:00
[2024-12-06T21:54:34.515+0000] {processor.py:208} INFO - Processing /home/airflow/.local/lib/python3.12/site-packages/airflow/example_dags/example_latest_only.py took 0.146 seconds
[2024-12-06T21:55:05.866+0000] {processor.py:186} INFO - Started process (PID=1825) to work on /home/airflow/.local/lib/python3.12/site-packages/airflow/example_dags/example_latest_only.py
[2024-12-06T21:55:05.867+0000] {processor.py:914} INFO - Processing file /home/airflow/.local/lib/python3.12/site-packages/airflow/example_dags/example_latest_only.py for tasks to queue
[2024-12-06T21:55:05.871+0000] {logging_mixin.py:190} INFO - [2024-12-06T21:55:05.870+0000] {dagbag.py:588} INFO - Filling up the DagBag from /home/airflow/.local/lib/python3.12/site-packages/airflow/example_dags/example_latest_only.py
[2024-12-06T21:55:05.882+0000] {processor.py:925} INFO - DAG(s) 'latest_only' retrieved from /home/airflow/.local/lib/python3.12/site-packages/airflow/example_dags/example_latest_only.py
[2024-12-06T21:55:05.912+0000] {logging_mixin.py:190} INFO - [2024-12-06T21:55:05.912+0000] {dag.py:3239} INFO - Sync 1 DAGs
[2024-12-06T21:55:05.950+0000] {logging_mixin.py:190} INFO - [2024-12-06T21:55:05.949+0000] {dag.py:4180} INFO - Setting next_dagrun for latest_only to 2024-12-06 16:00:00+00:00, run_after=2024-12-06 20:00:00+00:00
[2024-12-06T21:55:05.979+0000] {processor.py:208} INFO - Processing /home/airflow/.local/lib/python3.12/site-packages/airflow/example_dags/example_latest_only.py took 0.122 seconds
[2024-12-06T21:55:38.009+0000] {processor.py:186} INFO - Started process (PID=1887) to work on /home/airflow/.local/lib/python3.12/site-packages/airflow/example_dags/example_latest_only.py
[2024-12-06T21:55:38.011+0000] {processor.py:914} INFO - Processing file /home/airflow/.local/lib/python3.12/site-packages/airflow/example_dags/example_latest_only.py for tasks to queue
[2024-12-06T21:55:38.017+0000] {logging_mixin.py:190} INFO - [2024-12-06T21:55:38.017+0000] {dagbag.py:588} INFO - Filling up the DagBag from /home/airflow/.local/lib/python3.12/site-packages/airflow/example_dags/example_latest_only.py
[2024-12-06T21:55:38.030+0000] {processor.py:925} INFO - DAG(s) 'latest_only' retrieved from /home/airflow/.local/lib/python3.12/site-packages/airflow/example_dags/example_latest_only.py
[2024-12-06T21:55:38.063+0000] {logging_mixin.py:190} INFO - [2024-12-06T21:55:38.062+0000] {dag.py:3239} INFO - Sync 1 DAGs
[2024-12-06T21:55:38.103+0000] {logging_mixin.py:190} INFO - [2024-12-06T21:55:38.103+0000] {dag.py:4180} INFO - Setting next_dagrun for latest_only to 2024-12-06 16:00:00+00:00, run_after=2024-12-06 20:00:00+00:00
[2024-12-06T21:55:38.136+0000] {processor.py:208} INFO - Processing /home/airflow/.local/lib/python3.12/site-packages/airflow/example_dags/example_latest_only.py took 0.138 seconds
[2024-12-06T21:56:10.282+0000] {processor.py:186} INFO - Started process (PID=1955) to work on /home/airflow/.local/lib/python3.12/site-packages/airflow/example_dags/example_latest_only.py
[2024-12-06T21:56:10.283+0000] {processor.py:914} INFO - Processing file /home/airflow/.local/lib/python3.12/site-packages/airflow/example_dags/example_latest_only.py for tasks to queue
[2024-12-06T21:56:10.287+0000] {logging_mixin.py:190} INFO - [2024-12-06T21:56:10.286+0000] {dagbag.py:588} INFO - Filling up the DagBag from /home/airflow/.local/lib/python3.12/site-packages/airflow/example_dags/example_latest_only.py
[2024-12-06T21:56:10.299+0000] {processor.py:925} INFO - DAG(s) 'latest_only' retrieved from /home/airflow/.local/lib/python3.12/site-packages/airflow/example_dags/example_latest_only.py
[2024-12-06T21:56:10.332+0000] {logging_mixin.py:190} INFO - [2024-12-06T21:56:10.331+0000] {dag.py:3239} INFO - Sync 1 DAGs
[2024-12-06T21:56:10.369+0000] {logging_mixin.py:190} INFO - [2024-12-06T21:56:10.368+0000] {dag.py:4180} INFO - Setting next_dagrun for latest_only to 2024-12-06 16:00:00+00:00, run_after=2024-12-06 20:00:00+00:00
[2024-12-06T21:56:10.398+0000] {processor.py:208} INFO - Processing /home/airflow/.local/lib/python3.12/site-packages/airflow/example_dags/example_latest_only.py took 0.127 seconds
[2024-12-06T21:56:41.293+0000] {processor.py:186} INFO - Started process (PID=2018) to work on /home/airflow/.local/lib/python3.12/site-packages/airflow/example_dags/example_latest_only.py
[2024-12-06T21:56:41.294+0000] {processor.py:914} INFO - Processing file /home/airflow/.local/lib/python3.12/site-packages/airflow/example_dags/example_latest_only.py for tasks to queue
[2024-12-06T21:56:41.298+0000] {logging_mixin.py:190} INFO - [2024-12-06T21:56:41.297+0000] {dagbag.py:588} INFO - Filling up the DagBag from /home/airflow/.local/lib/python3.12/site-packages/airflow/example_dags/example_latest_only.py
[2024-12-06T21:56:41.310+0000] {processor.py:925} INFO - DAG(s) 'latest_only' retrieved from /home/airflow/.local/lib/python3.12/site-packages/airflow/example_dags/example_latest_only.py
[2024-12-06T21:56:41.342+0000] {logging_mixin.py:190} INFO - [2024-12-06T21:56:41.341+0000] {dag.py:3239} INFO - Sync 1 DAGs
[2024-12-06T21:56:41.379+0000] {logging_mixin.py:190} INFO - [2024-12-06T21:56:41.378+0000] {dag.py:4180} INFO - Setting next_dagrun for latest_only to 2024-12-06 16:00:00+00:00, run_after=2024-12-06 20:00:00+00:00
[2024-12-06T21:56:41.408+0000] {processor.py:208} INFO - Processing /home/airflow/.local/lib/python3.12/site-packages/airflow/example_dags/example_latest_only.py took 0.124 seconds
[2024-12-06T21:57:12.680+0000] {processor.py:186} INFO - Started process (PID=2081) to work on /home/airflow/.local/lib/python3.12/site-packages/airflow/example_dags/example_latest_only.py
[2024-12-06T21:57:12.681+0000] {processor.py:914} INFO - Processing file /home/airflow/.local/lib/python3.12/site-packages/airflow/example_dags/example_latest_only.py for tasks to queue
[2024-12-06T21:57:12.685+0000] {logging_mixin.py:190} INFO - [2024-12-06T21:57:12.684+0000] {dagbag.py:588} INFO - Filling up the DagBag from /home/airflow/.local/lib/python3.12/site-packages/airflow/example_dags/example_latest_only.py
[2024-12-06T21:57:12.697+0000] {processor.py:925} INFO - DAG(s) 'latest_only' retrieved from /home/airflow/.local/lib/python3.12/site-packages/airflow/example_dags/example_latest_only.py
[2024-12-06T21:57:12.730+0000] {logging_mixin.py:190} INFO - [2024-12-06T21:57:12.730+0000] {dag.py:3239} INFO - Sync 1 DAGs
[2024-12-06T21:57:12.772+0000] {logging_mixin.py:190} INFO - [2024-12-06T21:57:12.772+0000] {dag.py:4180} INFO - Setting next_dagrun for latest_only to 2024-12-06 16:00:00+00:00, run_after=2024-12-06 20:00:00+00:00
[2024-12-06T21:57:12.800+0000] {processor.py:208} INFO - Processing /home/airflow/.local/lib/python3.12/site-packages/airflow/example_dags/example_latest_only.py took 0.133 seconds
[2024-12-06T21:57:43.686+0000] {processor.py:186} INFO - Started process (PID=2145) to work on /home/airflow/.local/lib/python3.12/site-packages/airflow/example_dags/example_latest_only.py
[2024-12-06T21:57:43.689+0000] {processor.py:914} INFO - Processing file /home/airflow/.local/lib/python3.12/site-packages/airflow/example_dags/example_latest_only.py for tasks to queue
[2024-12-06T21:57:43.693+0000] {logging_mixin.py:190} INFO - [2024-12-06T21:57:43.693+0000] {dagbag.py:588} INFO - Filling up the DagBag from /home/airflow/.local/lib/python3.12/site-packages/airflow/example_dags/example_latest_only.py
[2024-12-06T21:57:43.712+0000] {processor.py:925} INFO - DAG(s) 'latest_only' retrieved from /home/airflow/.local/lib/python3.12/site-packages/airflow/example_dags/example_latest_only.py
[2024-12-06T21:57:43.744+0000] {logging_mixin.py:190} INFO - [2024-12-06T21:57:43.744+0000] {dag.py:3239} INFO - Sync 1 DAGs
[2024-12-06T21:57:43.783+0000] {logging_mixin.py:190} INFO - [2024-12-06T21:57:43.783+0000] {dag.py:4180} INFO - Setting next_dagrun for latest_only to 2024-12-06 16:00:00+00:00, run_after=2024-12-06 20:00:00+00:00
[2024-12-06T21:57:43.816+0000] {processor.py:208} INFO - Processing /home/airflow/.local/lib/python3.12/site-packages/airflow/example_dags/example_latest_only.py took 0.138 seconds
[2024-12-06T21:58:15.002+0000] {processor.py:186} INFO - Started process (PID=2207) to work on /home/airflow/.local/lib/python3.12/site-packages/airflow/example_dags/example_latest_only.py
[2024-12-06T21:58:15.004+0000] {processor.py:914} INFO - Processing file /home/airflow/.local/lib/python3.12/site-packages/airflow/example_dags/example_latest_only.py for tasks to queue
[2024-12-06T21:58:15.009+0000] {logging_mixin.py:190} INFO - [2024-12-06T21:58:15.008+0000] {dagbag.py:588} INFO - Filling up the DagBag from /home/airflow/.local/lib/python3.12/site-packages/airflow/example_dags/example_latest_only.py
[2024-12-06T21:58:15.021+0000] {processor.py:925} INFO - DAG(s) 'latest_only' retrieved from /home/airflow/.local/lib/python3.12/site-packages/airflow/example_dags/example_latest_only.py
[2024-12-06T21:58:15.053+0000] {logging_mixin.py:190} INFO - [2024-12-06T21:58:15.053+0000] {dag.py:3239} INFO - Sync 1 DAGs
[2024-12-06T21:58:15.094+0000] {logging_mixin.py:190} INFO - [2024-12-06T21:58:15.093+0000] {dag.py:4180} INFO - Setting next_dagrun for latest_only to 2024-12-06 16:00:00+00:00, run_after=2024-12-06 20:00:00+00:00
[2024-12-06T21:58:15.124+0000] {processor.py:208} INFO - Processing /home/airflow/.local/lib/python3.12/site-packages/airflow/example_dags/example_latest_only.py took 0.131 seconds
[2024-12-06T21:58:46.797+0000] {processor.py:186} INFO - Started process (PID=2270) to work on /home/airflow/.local/lib/python3.12/site-packages/airflow/example_dags/example_latest_only.py
[2024-12-06T21:58:46.798+0000] {processor.py:914} INFO - Processing file /home/airflow/.local/lib/python3.12/site-packages/airflow/example_dags/example_latest_only.py for tasks to queue
[2024-12-06T21:58:46.802+0000] {logging_mixin.py:190} INFO - [2024-12-06T21:58:46.801+0000] {dagbag.py:588} INFO - Filling up the DagBag from /home/airflow/.local/lib/python3.12/site-packages/airflow/example_dags/example_latest_only.py
[2024-12-06T21:58:46.813+0000] {processor.py:925} INFO - DAG(s) 'latest_only' retrieved from /home/airflow/.local/lib/python3.12/site-packages/airflow/example_dags/example_latest_only.py
[2024-12-06T21:58:46.840+0000] {logging_mixin.py:190} INFO - [2024-12-06T21:58:46.840+0000] {dag.py:3239} INFO - Sync 1 DAGs
[2024-12-06T21:58:46.873+0000] {logging_mixin.py:190} INFO - [2024-12-06T21:58:46.873+0000] {dag.py:4180} INFO - Setting next_dagrun for latest_only to 2024-12-06 16:00:00+00:00, run_after=2024-12-06 20:00:00+00:00
[2024-12-06T21:58:46.902+0000] {processor.py:208} INFO - Processing /home/airflow/.local/lib/python3.12/site-packages/airflow/example_dags/example_latest_only.py took 0.114 seconds
[2024-12-06T21:59:18.547+0000] {processor.py:186} INFO - Started process (PID=2339) to work on /home/airflow/.local/lib/python3.12/site-packages/airflow/example_dags/example_latest_only.py
[2024-12-06T21:59:18.550+0000] {processor.py:914} INFO - Processing file /home/airflow/.local/lib/python3.12/site-packages/airflow/example_dags/example_latest_only.py for tasks to queue
[2024-12-06T21:59:18.554+0000] {logging_mixin.py:190} INFO - [2024-12-06T21:59:18.553+0000] {dagbag.py:588} INFO - Filling up the DagBag from /home/airflow/.local/lib/python3.12/site-packages/airflow/example_dags/example_latest_only.py
[2024-12-06T21:59:18.567+0000] {processor.py:925} INFO - DAG(s) 'latest_only' retrieved from /home/airflow/.local/lib/python3.12/site-packages/airflow/example_dags/example_latest_only.py
[2024-12-06T21:59:18.598+0000] {logging_mixin.py:190} INFO - [2024-12-06T21:59:18.597+0000] {dag.py:3239} INFO - Sync 1 DAGs
[2024-12-06T21:59:18.637+0000] {logging_mixin.py:190} INFO - [2024-12-06T21:59:18.637+0000] {dag.py:4180} INFO - Setting next_dagrun for latest_only to 2024-12-06 16:00:00+00:00, run_after=2024-12-06 20:00:00+00:00
[2024-12-06T21:59:18.668+0000] {processor.py:208} INFO - Processing /home/airflow/.local/lib/python3.12/site-packages/airflow/example_dags/example_latest_only.py took 0.129 seconds
[2024-12-06T21:59:50.900+0000] {processor.py:186} INFO - Started process (PID=2402) to work on /home/airflow/.local/lib/python3.12/site-packages/airflow/example_dags/example_latest_only.py
[2024-12-06T21:59:50.903+0000] {processor.py:914} INFO - Processing file /home/airflow/.local/lib/python3.12/site-packages/airflow/example_dags/example_latest_only.py for tasks to queue
[2024-12-06T21:59:50.909+0000] {logging_mixin.py:190} INFO - [2024-12-06T21:59:50.908+0000] {dagbag.py:588} INFO - Filling up the DagBag from /home/airflow/.local/lib/python3.12/site-packages/airflow/example_dags/example_latest_only.py
[2024-12-06T21:59:50.922+0000] {processor.py:925} INFO - DAG(s) 'latest_only' retrieved from /home/airflow/.local/lib/python3.12/site-packages/airflow/example_dags/example_latest_only.py
[2024-12-06T21:59:50.954+0000] {logging_mixin.py:190} INFO - [2024-12-06T21:59:50.954+0000] {dag.py:3239} INFO - Sync 1 DAGs
[2024-12-06T21:59:50.999+0000] {logging_mixin.py:190} INFO - [2024-12-06T21:59:50.999+0000] {dag.py:4180} INFO - Setting next_dagrun for latest_only to 2024-12-06 16:00:00+00:00, run_after=2024-12-06 20:00:00+00:00
[2024-12-06T21:59:51.031+0000] {processor.py:208} INFO - Processing /home/airflow/.local/lib/python3.12/site-packages/airflow/example_dags/example_latest_only.py took 0.143 seconds
[2024-12-06T22:00:23.456+0000] {processor.py:186} INFO - Started process (PID=2465) to work on /home/airflow/.local/lib/python3.12/site-packages/airflow/example_dags/example_latest_only.py
[2024-12-06T22:00:23.458+0000] {processor.py:914} INFO - Processing file /home/airflow/.local/lib/python3.12/site-packages/airflow/example_dags/example_latest_only.py for tasks to queue
[2024-12-06T22:00:23.461+0000] {logging_mixin.py:190} INFO - [2024-12-06T22:00:23.460+0000] {dagbag.py:588} INFO - Filling up the DagBag from /home/airflow/.local/lib/python3.12/site-packages/airflow/example_dags/example_latest_only.py
[2024-12-06T22:00:23.475+0000] {processor.py:925} INFO - DAG(s) 'latest_only' retrieved from /home/airflow/.local/lib/python3.12/site-packages/airflow/example_dags/example_latest_only.py
[2024-12-06T22:00:23.503+0000] {logging_mixin.py:190} INFO - [2024-12-06T22:00:23.502+0000] {dag.py:3239} INFO - Sync 1 DAGs
[2024-12-06T22:00:23.534+0000] {logging_mixin.py:190} INFO - [2024-12-06T22:00:23.534+0000] {dag.py:4180} INFO - Setting next_dagrun for latest_only to 2024-12-06 16:00:00+00:00, run_after=2024-12-06 20:00:00+00:00
[2024-12-06T22:00:23.562+0000] {processor.py:208} INFO - Processing /home/airflow/.local/lib/python3.12/site-packages/airflow/example_dags/example_latest_only.py took 0.116 seconds
[2024-12-06T22:00:54.936+0000] {processor.py:186} INFO - Started process (PID=2528) to work on /home/airflow/.local/lib/python3.12/site-packages/airflow/example_dags/example_latest_only.py
[2024-12-06T22:00:54.938+0000] {processor.py:914} INFO - Processing file /home/airflow/.local/lib/python3.12/site-packages/airflow/example_dags/example_latest_only.py for tasks to queue
[2024-12-06T22:00:54.942+0000] {logging_mixin.py:190} INFO - [2024-12-06T22:00:54.942+0000] {dagbag.py:588} INFO - Filling up the DagBag from /home/airflow/.local/lib/python3.12/site-packages/airflow/example_dags/example_latest_only.py
[2024-12-06T22:00:54.953+0000] {processor.py:925} INFO - DAG(s) 'latest_only' retrieved from /home/airflow/.local/lib/python3.12/site-packages/airflow/example_dags/example_latest_only.py
[2024-12-06T22:00:54.984+0000] {logging_mixin.py:190} INFO - [2024-12-06T22:00:54.984+0000] {dag.py:3239} INFO - Sync 1 DAGs
[2024-12-06T22:00:55.017+0000] {logging_mixin.py:190} INFO - [2024-12-06T22:00:55.017+0000] {dag.py:4180} INFO - Setting next_dagrun for latest_only to 2024-12-06 16:00:00+00:00, run_after=2024-12-06 20:00:00+00:00
[2024-12-06T22:00:55.044+0000] {processor.py:208} INFO - Processing /home/airflow/.local/lib/python3.12/site-packages/airflow/example_dags/example_latest_only.py took 0.117 seconds
[2024-12-06T22:01:25.918+0000] {processor.py:186} INFO - Started process (PID=2591) to work on /home/airflow/.local/lib/python3.12/site-packages/airflow/example_dags/example_latest_only.py
[2024-12-06T22:01:25.919+0000] {processor.py:914} INFO - Processing file /home/airflow/.local/lib/python3.12/site-packages/airflow/example_dags/example_latest_only.py for tasks to queue
[2024-12-06T22:01:25.923+0000] {logging_mixin.py:190} INFO - [2024-12-06T22:01:25.923+0000] {dagbag.py:588} INFO - Filling up the DagBag from /home/airflow/.local/lib/python3.12/site-packages/airflow/example_dags/example_latest_only.py
[2024-12-06T22:01:25.937+0000] {processor.py:925} INFO - DAG(s) 'latest_only' retrieved from /home/airflow/.local/lib/python3.12/site-packages/airflow/example_dags/example_latest_only.py
[2024-12-06T22:01:25.971+0000] {logging_mixin.py:190} INFO - [2024-12-06T22:01:25.971+0000] {dag.py:3239} INFO - Sync 1 DAGs
[2024-12-06T22:01:26.013+0000] {logging_mixin.py:190} INFO - [2024-12-06T22:01:26.012+0000] {dag.py:4180} INFO - Setting next_dagrun for latest_only to 2024-12-06 16:00:00+00:00, run_after=2024-12-06 20:00:00+00:00
[2024-12-06T22:01:26.046+0000] {processor.py:208} INFO - Processing /home/airflow/.local/lib/python3.12/site-packages/airflow/example_dags/example_latest_only.py took 0.139 seconds
[2024-12-06T22:01:58.035+0000] {processor.py:186} INFO - Started process (PID=2654) to work on /home/airflow/.local/lib/python3.12/site-packages/airflow/example_dags/example_latest_only.py
[2024-12-06T22:01:58.036+0000] {processor.py:914} INFO - Processing file /home/airflow/.local/lib/python3.12/site-packages/airflow/example_dags/example_latest_only.py for tasks to queue
[2024-12-06T22:01:58.039+0000] {logging_mixin.py:190} INFO - [2024-12-06T22:01:58.039+0000] {dagbag.py:588} INFO - Filling up the DagBag from /home/airflow/.local/lib/python3.12/site-packages/airflow/example_dags/example_latest_only.py
[2024-12-06T22:01:58.051+0000] {processor.py:925} INFO - DAG(s) 'latest_only' retrieved from /home/airflow/.local/lib/python3.12/site-packages/airflow/example_dags/example_latest_only.py
[2024-12-06T22:01:58.081+0000] {logging_mixin.py:190} INFO - [2024-12-06T22:01:58.081+0000] {dag.py:3239} INFO - Sync 1 DAGs
[2024-12-06T22:01:58.118+0000] {logging_mixin.py:190} INFO - [2024-12-06T22:01:58.117+0000] {dag.py:4180} INFO - Setting next_dagrun for latest_only to 2024-12-06 16:00:00+00:00, run_after=2024-12-06 20:00:00+00:00
[2024-12-06T22:01:58.144+0000] {processor.py:208} INFO - Processing /home/airflow/.local/lib/python3.12/site-packages/airflow/example_dags/example_latest_only.py took 0.119 seconds
[2024-12-06T22:02:29.960+0000] {processor.py:186} INFO - Started process (PID=2717) to work on /home/airflow/.local/lib/python3.12/site-packages/airflow/example_dags/example_latest_only.py
[2024-12-06T22:02:29.962+0000] {processor.py:914} INFO - Processing file /home/airflow/.local/lib/python3.12/site-packages/airflow/example_dags/example_latest_only.py for tasks to queue
[2024-12-06T22:02:29.965+0000] {logging_mixin.py:190} INFO - [2024-12-06T22:02:29.965+0000] {dagbag.py:588} INFO - Filling up the DagBag from /home/airflow/.local/lib/python3.12/site-packages/airflow/example_dags/example_latest_only.py
[2024-12-06T22:02:29.977+0000] {processor.py:925} INFO - DAG(s) 'latest_only' retrieved from /home/airflow/.local/lib/python3.12/site-packages/airflow/example_dags/example_latest_only.py
[2024-12-06T22:02:30.010+0000] {logging_mixin.py:190} INFO - [2024-12-06T22:02:30.009+0000] {dag.py:3239} INFO - Sync 1 DAGs
[2024-12-06T22:02:30.046+0000] {logging_mixin.py:190} INFO - [2024-12-06T22:02:30.046+0000] {dag.py:4180} INFO - Setting next_dagrun for latest_only to 2024-12-06 16:00:00+00:00, run_after=2024-12-06 20:00:00+00:00
[2024-12-06T22:02:30.077+0000] {processor.py:208} INFO - Processing /home/airflow/.local/lib/python3.12/site-packages/airflow/example_dags/example_latest_only.py took 0.127 seconds
[2024-12-06T22:03:02.233+0000] {processor.py:186} INFO - Started process (PID=2780) to work on /home/airflow/.local/lib/python3.12/site-packages/airflow/example_dags/example_latest_only.py
[2024-12-06T22:03:02.234+0000] {processor.py:914} INFO - Processing file /home/airflow/.local/lib/python3.12/site-packages/airflow/example_dags/example_latest_only.py for tasks to queue
[2024-12-06T22:03:02.241+0000] {logging_mixin.py:190} INFO - [2024-12-06T22:03:02.240+0000] {dagbag.py:588} INFO - Filling up the DagBag from /home/airflow/.local/lib/python3.12/site-packages/airflow/example_dags/example_latest_only.py
[2024-12-06T22:03:02.258+0000] {processor.py:925} INFO - DAG(s) 'latest_only' retrieved from /home/airflow/.local/lib/python3.12/site-packages/airflow/example_dags/example_latest_only.py
[2024-12-06T22:03:02.292+0000] {logging_mixin.py:190} INFO - [2024-12-06T22:03:02.291+0000] {dag.py:3239} INFO - Sync 1 DAGs
[2024-12-06T22:03:02.332+0000] {logging_mixin.py:190} INFO - [2024-12-06T22:03:02.331+0000] {dag.py:4180} INFO - Setting next_dagrun for latest_only to 2024-12-06 16:00:00+00:00, run_after=2024-12-06 20:00:00+00:00
[2024-12-06T22:03:02.364+0000] {processor.py:208} INFO - Processing /home/airflow/.local/lib/python3.12/site-packages/airflow/example_dags/example_latest_only.py took 0.140 seconds
[2024-12-06T22:03:35.110+0000] {processor.py:186} INFO - Started process (PID=2843) to work on /home/airflow/.local/lib/python3.12/site-packages/airflow/example_dags/example_latest_only.py
[2024-12-06T22:03:35.112+0000] {processor.py:914} INFO - Processing file /home/airflow/.local/lib/python3.12/site-packages/airflow/example_dags/example_latest_only.py for tasks to queue
[2024-12-06T22:03:35.116+0000] {logging_mixin.py:190} INFO - [2024-12-06T22:03:35.115+0000] {dagbag.py:588} INFO - Filling up the DagBag from /home/airflow/.local/lib/python3.12/site-packages/airflow/example_dags/example_latest_only.py
[2024-12-06T22:03:35.127+0000] {processor.py:925} INFO - DAG(s) 'latest_only' retrieved from /home/airflow/.local/lib/python3.12/site-packages/airflow/example_dags/example_latest_only.py
[2024-12-06T22:03:35.157+0000] {logging_mixin.py:190} INFO - [2024-12-06T22:03:35.156+0000] {dag.py:3239} INFO - Sync 1 DAGs
[2024-12-06T22:03:35.192+0000] {logging_mixin.py:190} INFO - [2024-12-06T22:03:35.191+0000] {dag.py:4180} INFO - Setting next_dagrun for latest_only to 2024-12-06 16:00:00+00:00, run_after=2024-12-06 20:00:00+00:00
[2024-12-06T22:03:35.218+0000] {processor.py:208} INFO - Processing /home/airflow/.local/lib/python3.12/site-packages/airflow/example_dags/example_latest_only.py took 0.118 seconds
[2024-12-06T22:04:06.099+0000] {processor.py:186} INFO - Started process (PID=2906) to work on /home/airflow/.local/lib/python3.12/site-packages/airflow/example_dags/example_latest_only.py
[2024-12-06T22:04:06.100+0000] {processor.py:914} INFO - Processing file /home/airflow/.local/lib/python3.12/site-packages/airflow/example_dags/example_latest_only.py for tasks to queue
[2024-12-06T22:04:06.103+0000] {logging_mixin.py:190} INFO - [2024-12-06T22:04:06.103+0000] {dagbag.py:588} INFO - Filling up the DagBag from /home/airflow/.local/lib/python3.12/site-packages/airflow/example_dags/example_latest_only.py
[2024-12-06T22:04:06.114+0000] {processor.py:925} INFO - DAG(s) 'latest_only' retrieved from /home/airflow/.local/lib/python3.12/site-packages/airflow/example_dags/example_latest_only.py
[2024-12-06T22:04:06.141+0000] {logging_mixin.py:190} INFO - [2024-12-06T22:04:06.140+0000] {dag.py:3239} INFO - Sync 1 DAGs
[2024-12-06T22:04:06.173+0000] {logging_mixin.py:190} INFO - [2024-12-06T22:04:06.173+0000] {dag.py:4180} INFO - Setting next_dagrun for latest_only to 2024-12-06 16:00:00+00:00, run_after=2024-12-06 20:00:00+00:00
[2024-12-06T22:04:06.201+0000] {processor.py:208} INFO - Processing /home/airflow/.local/lib/python3.12/site-packages/airflow/example_dags/example_latest_only.py took 0.111 seconds
[2024-12-06T22:04:37.187+0000] {processor.py:186} INFO - Started process (PID=2969) to work on /home/airflow/.local/lib/python3.12/site-packages/airflow/example_dags/example_latest_only.py
[2024-12-06T22:04:37.188+0000] {processor.py:914} INFO - Processing file /home/airflow/.local/lib/python3.12/site-packages/airflow/example_dags/example_latest_only.py for tasks to queue
[2024-12-06T22:04:37.192+0000] {logging_mixin.py:190} INFO - [2024-12-06T22:04:37.192+0000] {dagbag.py:588} INFO - Filling up the DagBag from /home/airflow/.local/lib/python3.12/site-packages/airflow/example_dags/example_latest_only.py
[2024-12-06T22:04:37.204+0000] {processor.py:925} INFO - DAG(s) 'latest_only' retrieved from /home/airflow/.local/lib/python3.12/site-packages/airflow/example_dags/example_latest_only.py
[2024-12-06T22:04:37.233+0000] {logging_mixin.py:190} INFO - [2024-12-06T22:04:37.233+0000] {dag.py:3239} INFO - Sync 1 DAGs
[2024-12-06T22:04:37.271+0000] {logging_mixin.py:190} INFO - [2024-12-06T22:04:37.271+0000] {dag.py:4180} INFO - Setting next_dagrun for latest_only to 2024-12-06 16:00:00+00:00, run_after=2024-12-06 20:00:00+00:00
[2024-12-06T22:04:37.303+0000] {processor.py:208} INFO - Processing /home/airflow/.local/lib/python3.12/site-packages/airflow/example_dags/example_latest_only.py took 0.126 seconds
[2024-12-06T22:05:08.759+0000] {processor.py:186} INFO - Started process (PID=3032) to work on /home/airflow/.local/lib/python3.12/site-packages/airflow/example_dags/example_latest_only.py
[2024-12-06T22:05:08.761+0000] {processor.py:914} INFO - Processing file /home/airflow/.local/lib/python3.12/site-packages/airflow/example_dags/example_latest_only.py for tasks to queue
[2024-12-06T22:05:08.764+0000] {logging_mixin.py:190} INFO - [2024-12-06T22:05:08.764+0000] {dagbag.py:588} INFO - Filling up the DagBag from /home/airflow/.local/lib/python3.12/site-packages/airflow/example_dags/example_latest_only.py
[2024-12-06T22:05:08.776+0000] {processor.py:925} INFO - DAG(s) 'latest_only' retrieved from /home/airflow/.local/lib/python3.12/site-packages/airflow/example_dags/example_latest_only.py
[2024-12-06T22:05:08.806+0000] {logging_mixin.py:190} INFO - [2024-12-06T22:05:08.806+0000] {dag.py:3239} INFO - Sync 1 DAGs
[2024-12-06T22:05:08.841+0000] {logging_mixin.py:190} INFO - [2024-12-06T22:05:08.841+0000] {dag.py:4180} INFO - Setting next_dagrun for latest_only to 2024-12-06 16:00:00+00:00, run_after=2024-12-06 20:00:00+00:00
[2024-12-06T22:05:08.870+0000] {processor.py:208} INFO - Processing /home/airflow/.local/lib/python3.12/site-packages/airflow/example_dags/example_latest_only.py took 0.120 seconds
[2024-12-06T22:05:40.787+0000] {processor.py:186} INFO - Started process (PID=3099) to work on /home/airflow/.local/lib/python3.12/site-packages/airflow/example_dags/example_latest_only.py
[2024-12-06T22:05:40.789+0000] {processor.py:914} INFO - Processing file /home/airflow/.local/lib/python3.12/site-packages/airflow/example_dags/example_latest_only.py for tasks to queue
[2024-12-06T22:05:40.792+0000] {logging_mixin.py:190} INFO - [2024-12-06T22:05:40.792+0000] {dagbag.py:588} INFO - Filling up the DagBag from /home/airflow/.local/lib/python3.12/site-packages/airflow/example_dags/example_latest_only.py
[2024-12-06T22:05:40.806+0000] {processor.py:925} INFO - DAG(s) 'latest_only' retrieved from /home/airflow/.local/lib/python3.12/site-packages/airflow/example_dags/example_latest_only.py
[2024-12-06T22:05:40.836+0000] {logging_mixin.py:190} INFO - [2024-12-06T22:05:40.835+0000] {dag.py:3239} INFO - Sync 1 DAGs
[2024-12-06T22:05:40.872+0000] {logging_mixin.py:190} INFO - [2024-12-06T22:05:40.871+0000] {dag.py:4180} INFO - Setting next_dagrun for latest_only to 2024-12-06 16:00:00+00:00, run_after=2024-12-06 20:00:00+00:00
[2024-12-06T22:05:40.897+0000] {processor.py:208} INFO - Processing /home/airflow/.local/lib/python3.12/site-packages/airflow/example_dags/example_latest_only.py took 0.119 seconds
[2024-12-06T22:06:13.069+0000] {processor.py:186} INFO - Started process (PID=3162) to work on /home/airflow/.local/lib/python3.12/site-packages/airflow/example_dags/example_latest_only.py
[2024-12-06T22:06:13.070+0000] {processor.py:914} INFO - Processing file /home/airflow/.local/lib/python3.12/site-packages/airflow/example_dags/example_latest_only.py for tasks to queue
[2024-12-06T22:06:13.074+0000] {logging_mixin.py:190} INFO - [2024-12-06T22:06:13.074+0000] {dagbag.py:588} INFO - Filling up the DagBag from /home/airflow/.local/lib/python3.12/site-packages/airflow/example_dags/example_latest_only.py
[2024-12-06T22:06:13.085+0000] {processor.py:925} INFO - DAG(s) 'latest_only' retrieved from /home/airflow/.local/lib/python3.12/site-packages/airflow/example_dags/example_latest_only.py
[2024-12-06T22:06:13.117+0000] {logging_mixin.py:190} INFO - [2024-12-06T22:06:13.116+0000] {dag.py:3239} INFO - Sync 1 DAGs
[2024-12-06T22:06:13.154+0000] {logging_mixin.py:190} INFO - [2024-12-06T22:06:13.153+0000] {dag.py:4180} INFO - Setting next_dagrun for latest_only to 2024-12-06 16:00:00+00:00, run_after=2024-12-06 20:00:00+00:00
[2024-12-06T22:06:13.182+0000] {processor.py:208} INFO - Processing /home/airflow/.local/lib/python3.12/site-packages/airflow/example_dags/example_latest_only.py took 0.121 seconds
[2024-12-06T22:06:44.465+0000] {processor.py:186} INFO - Started process (PID=3225) to work on /home/airflow/.local/lib/python3.12/site-packages/airflow/example_dags/example_latest_only.py
[2024-12-06T22:06:44.467+0000] {processor.py:914} INFO - Processing file /home/airflow/.local/lib/python3.12/site-packages/airflow/example_dags/example_latest_only.py for tasks to queue
[2024-12-06T22:06:44.471+0000] {logging_mixin.py:190} INFO - [2024-12-06T22:06:44.470+0000] {dagbag.py:588} INFO - Filling up the DagBag from /home/airflow/.local/lib/python3.12/site-packages/airflow/example_dags/example_latest_only.py
[2024-12-06T22:06:44.484+0000] {processor.py:925} INFO - DAG(s) 'latest_only' retrieved from /home/airflow/.local/lib/python3.12/site-packages/airflow/example_dags/example_latest_only.py
[2024-12-06T22:06:44.518+0000] {logging_mixin.py:190} INFO - [2024-12-06T22:06:44.518+0000] {dag.py:3239} INFO - Sync 1 DAGs
[2024-12-06T22:06:44.554+0000] {logging_mixin.py:190} INFO - [2024-12-06T22:06:44.554+0000] {dag.py:4180} INFO - Setting next_dagrun for latest_only to 2024-12-06 16:00:00+00:00, run_after=2024-12-06 20:00:00+00:00
[2024-12-06T22:06:44.586+0000] {processor.py:208} INFO - Processing /home/airflow/.local/lib/python3.12/site-packages/airflow/example_dags/example_latest_only.py took 0.130 seconds
[2024-12-06T22:07:16.989+0000] {processor.py:186} INFO - Started process (PID=3288) to work on /home/airflow/.local/lib/python3.12/site-packages/airflow/example_dags/example_latest_only.py
[2024-12-06T22:07:16.991+0000] {processor.py:914} INFO - Processing file /home/airflow/.local/lib/python3.12/site-packages/airflow/example_dags/example_latest_only.py for tasks to queue
[2024-12-06T22:07:16.997+0000] {logging_mixin.py:190} INFO - [2024-12-06T22:07:16.997+0000] {dagbag.py:588} INFO - Filling up the DagBag from /home/airflow/.local/lib/python3.12/site-packages/airflow/example_dags/example_latest_only.py
[2024-12-06T22:07:17.009+0000] {processor.py:925} INFO - DAG(s) 'latest_only' retrieved from /home/airflow/.local/lib/python3.12/site-packages/airflow/example_dags/example_latest_only.py
[2024-12-06T22:07:17.044+0000] {logging_mixin.py:190} INFO - [2024-12-06T22:07:17.043+0000] {dag.py:3239} INFO - Sync 1 DAGs
[2024-12-06T22:07:17.091+0000] {logging_mixin.py:190} INFO - [2024-12-06T22:07:17.090+0000] {dag.py:4180} INFO - Setting next_dagrun for latest_only to 2024-12-06 16:00:00+00:00, run_after=2024-12-06 20:00:00+00:00
[2024-12-06T22:07:17.368+0000] {processor.py:208} INFO - Processing /home/airflow/.local/lib/python3.12/site-packages/airflow/example_dags/example_latest_only.py took 0.390 seconds
[2024-12-06T22:07:48.882+0000] {processor.py:186} INFO - Started process (PID=3351) to work on /home/airflow/.local/lib/python3.12/site-packages/airflow/example_dags/example_latest_only.py
[2024-12-06T22:07:48.885+0000] {processor.py:914} INFO - Processing file /home/airflow/.local/lib/python3.12/site-packages/airflow/example_dags/example_latest_only.py for tasks to queue
[2024-12-06T22:07:48.890+0000] {logging_mixin.py:190} INFO - [2024-12-06T22:07:48.890+0000] {dagbag.py:588} INFO - Filling up the DagBag from /home/airflow/.local/lib/python3.12/site-packages/airflow/example_dags/example_latest_only.py
[2024-12-06T22:07:48.907+0000] {processor.py:925} INFO - DAG(s) 'latest_only' retrieved from /home/airflow/.local/lib/python3.12/site-packages/airflow/example_dags/example_latest_only.py
[2024-12-06T22:07:48.952+0000] {logging_mixin.py:190} INFO - [2024-12-06T22:07:48.952+0000] {dag.py:3239} INFO - Sync 1 DAGs
[2024-12-06T22:07:49.011+0000] {logging_mixin.py:190} INFO - [2024-12-06T22:07:49.010+0000] {dag.py:4180} INFO - Setting next_dagrun for latest_only to 2024-12-06 16:00:00+00:00, run_after=2024-12-06 20:00:00+00:00
[2024-12-06T22:07:49.049+0000] {processor.py:208} INFO - Processing /home/airflow/.local/lib/python3.12/site-packages/airflow/example_dags/example_latest_only.py took 0.178 seconds
[2024-12-06T22:08:20.491+0000] {processor.py:186} INFO - Started process (PID=3422) to work on /home/airflow/.local/lib/python3.12/site-packages/airflow/example_dags/example_latest_only.py
[2024-12-06T22:08:20.493+0000] {processor.py:914} INFO - Processing file /home/airflow/.local/lib/python3.12/site-packages/airflow/example_dags/example_latest_only.py for tasks to queue
[2024-12-06T22:08:20.496+0000] {logging_mixin.py:190} INFO - [2024-12-06T22:08:20.496+0000] {dagbag.py:588} INFO - Filling up the DagBag from /home/airflow/.local/lib/python3.12/site-packages/airflow/example_dags/example_latest_only.py
[2024-12-06T22:08:20.508+0000] {processor.py:925} INFO - DAG(s) 'latest_only' retrieved from /home/airflow/.local/lib/python3.12/site-packages/airflow/example_dags/example_latest_only.py
[2024-12-06T22:08:20.534+0000] {logging_mixin.py:190} INFO - [2024-12-06T22:08:20.534+0000] {dag.py:3239} INFO - Sync 1 DAGs
[2024-12-06T22:08:20.568+0000] {logging_mixin.py:190} INFO - [2024-12-06T22:08:20.567+0000] {dag.py:4180} INFO - Setting next_dagrun for latest_only to 2024-12-06 16:00:00+00:00, run_after=2024-12-06 20:00:00+00:00
[2024-12-06T22:08:20.596+0000] {processor.py:208} INFO - Processing /home/airflow/.local/lib/python3.12/site-packages/airflow/example_dags/example_latest_only.py took 0.114 seconds
[2024-12-06T22:08:55.543+0000] {processor.py:186} INFO - Started process (PID=3486) to work on /home/airflow/.local/lib/python3.12/site-packages/airflow/example_dags/example_latest_only.py
[2024-12-06T22:08:55.545+0000] {processor.py:914} INFO - Processing file /home/airflow/.local/lib/python3.12/site-packages/airflow/example_dags/example_latest_only.py for tasks to queue
[2024-12-06T22:08:55.549+0000] {logging_mixin.py:190} INFO - [2024-12-06T22:08:55.549+0000] {dagbag.py:588} INFO - Filling up the DagBag from /home/airflow/.local/lib/python3.12/site-packages/airflow/example_dags/example_latest_only.py
[2024-12-06T22:08:55.564+0000] {processor.py:925} INFO - DAG(s) 'latest_only' retrieved from /home/airflow/.local/lib/python3.12/site-packages/airflow/example_dags/example_latest_only.py
[2024-12-06T22:08:55.847+0000] {logging_mixin.py:190} INFO - [2024-12-06T22:08:55.847+0000] {dag.py:3239} INFO - Sync 1 DAGs
[2024-12-06T22:08:55.895+0000] {logging_mixin.py:190} INFO - [2024-12-06T22:08:55.895+0000] {dag.py:4180} INFO - Setting next_dagrun for latest_only to 2024-12-06 16:00:00+00:00, run_after=2024-12-06 20:00:00+00:00
[2024-12-06T22:08:55.928+0000] {processor.py:208} INFO - Processing /home/airflow/.local/lib/python3.12/site-packages/airflow/example_dags/example_latest_only.py took 0.397 seconds
[2024-12-06T22:09:26.268+0000] {processor.py:186} INFO - Started process (PID=3550) to work on /home/airflow/.local/lib/python3.12/site-packages/airflow/example_dags/example_latest_only.py
[2024-12-06T22:09:26.270+0000] {processor.py:914} INFO - Processing file /home/airflow/.local/lib/python3.12/site-packages/airflow/example_dags/example_latest_only.py for tasks to queue
[2024-12-06T22:09:26.274+0000] {logging_mixin.py:190} INFO - [2024-12-06T22:09:26.273+0000] {dagbag.py:588} INFO - Filling up the DagBag from /home/airflow/.local/lib/python3.12/site-packages/airflow/example_dags/example_latest_only.py
[2024-12-06T22:09:26.286+0000] {processor.py:925} INFO - DAG(s) 'latest_only' retrieved from /home/airflow/.local/lib/python3.12/site-packages/airflow/example_dags/example_latest_only.py
[2024-12-06T22:09:26.317+0000] {logging_mixin.py:190} INFO - [2024-12-06T22:09:26.317+0000] {dag.py:3239} INFO - Sync 1 DAGs
[2024-12-06T22:09:26.356+0000] {logging_mixin.py:190} INFO - [2024-12-06T22:09:26.356+0000] {dag.py:4180} INFO - Setting next_dagrun for latest_only to 2024-12-06 16:00:00+00:00, run_after=2024-12-06 20:00:00+00:00
[2024-12-06T22:09:26.389+0000] {processor.py:208} INFO - Processing /home/airflow/.local/lib/python3.12/site-packages/airflow/example_dags/example_latest_only.py took 0.131 seconds
[2024-12-06T22:09:56.987+0000] {processor.py:186} INFO - Started process (PID=3612) to work on /home/airflow/.local/lib/python3.12/site-packages/airflow/example_dags/example_latest_only.py
[2024-12-06T22:09:56.989+0000] {processor.py:914} INFO - Processing file /home/airflow/.local/lib/python3.12/site-packages/airflow/example_dags/example_latest_only.py for tasks to queue
[2024-12-06T22:09:56.995+0000] {logging_mixin.py:190} INFO - [2024-12-06T22:09:56.994+0000] {dagbag.py:588} INFO - Filling up the DagBag from /home/airflow/.local/lib/python3.12/site-packages/airflow/example_dags/example_latest_only.py
[2024-12-06T22:09:57.006+0000] {processor.py:925} INFO - DAG(s) 'latest_only' retrieved from /home/airflow/.local/lib/python3.12/site-packages/airflow/example_dags/example_latest_only.py
[2024-12-06T22:09:57.037+0000] {logging_mixin.py:190} INFO - [2024-12-06T22:09:57.036+0000] {dag.py:3239} INFO - Sync 1 DAGs
[2024-12-06T22:09:57.090+0000] {logging_mixin.py:190} INFO - [2024-12-06T22:09:57.090+0000] {dag.py:4180} INFO - Setting next_dagrun for latest_only to 2024-12-06 16:00:00+00:00, run_after=2024-12-06 20:00:00+00:00
[2024-12-06T22:09:57.124+0000] {processor.py:208} INFO - Processing /home/airflow/.local/lib/python3.12/site-packages/airflow/example_dags/example_latest_only.py took 0.147 seconds
[2024-12-06T22:10:27.937+0000] {processor.py:186} INFO - Started process (PID=3675) to work on /home/airflow/.local/lib/python3.12/site-packages/airflow/example_dags/example_latest_only.py
[2024-12-06T22:10:27.939+0000] {processor.py:914} INFO - Processing file /home/airflow/.local/lib/python3.12/site-packages/airflow/example_dags/example_latest_only.py for tasks to queue
[2024-12-06T22:10:27.943+0000] {logging_mixin.py:190} INFO - [2024-12-06T22:10:27.943+0000] {dagbag.py:588} INFO - Filling up the DagBag from /home/airflow/.local/lib/python3.12/site-packages/airflow/example_dags/example_latest_only.py
[2024-12-06T22:10:27.958+0000] {processor.py:925} INFO - DAG(s) 'latest_only' retrieved from /home/airflow/.local/lib/python3.12/site-packages/airflow/example_dags/example_latest_only.py
[2024-12-06T22:10:27.990+0000] {logging_mixin.py:190} INFO - [2024-12-06T22:10:27.990+0000] {dag.py:3239} INFO - Sync 1 DAGs
[2024-12-06T22:10:28.033+0000] {logging_mixin.py:190} INFO - [2024-12-06T22:10:28.033+0000] {dag.py:4180} INFO - Setting next_dagrun for latest_only to 2024-12-06 16:00:00+00:00, run_after=2024-12-06 20:00:00+00:00
[2024-12-06T22:10:28.063+0000] {processor.py:208} INFO - Processing /home/airflow/.local/lib/python3.12/site-packages/airflow/example_dags/example_latest_only.py took 0.137 seconds
[2024-12-06T22:10:58.347+0000] {processor.py:186} INFO - Started process (PID=3738) to work on /home/airflow/.local/lib/python3.12/site-packages/airflow/example_dags/example_latest_only.py
[2024-12-06T22:10:58.349+0000] {processor.py:914} INFO - Processing file /home/airflow/.local/lib/python3.12/site-packages/airflow/example_dags/example_latest_only.py for tasks to queue
[2024-12-06T22:10:58.353+0000] {logging_mixin.py:190} INFO - [2024-12-06T22:10:58.352+0000] {dagbag.py:588} INFO - Filling up the DagBag from /home/airflow/.local/lib/python3.12/site-packages/airflow/example_dags/example_latest_only.py
[2024-12-06T22:10:58.369+0000] {processor.py:925} INFO - DAG(s) 'latest_only' retrieved from /home/airflow/.local/lib/python3.12/site-packages/airflow/example_dags/example_latest_only.py
[2024-12-06T22:10:58.399+0000] {logging_mixin.py:190} INFO - [2024-12-06T22:10:58.399+0000] {dag.py:3239} INFO - Sync 1 DAGs
[2024-12-06T22:10:58.464+0000] {logging_mixin.py:190} INFO - [2024-12-06T22:10:58.463+0000] {dag.py:4180} INFO - Setting next_dagrun for latest_only to 2024-12-06 16:00:00+00:00, run_after=2024-12-06 20:00:00+00:00
[2024-12-06T22:10:58.597+0000] {processor.py:208} INFO - Processing /home/airflow/.local/lib/python3.12/site-packages/airflow/example_dags/example_latest_only.py took 0.261 seconds
