[2024-12-06T21:40:56.457+0000] {processor.py:186} INFO - Started process (PID=104) to work on /home/airflow/.local/lib/python3.12/site-packages/airflow/example_dags/example_setup_teardown.py
[2024-12-06T21:40:56.459+0000] {processor.py:914} INFO - Processing file /home/airflow/.local/lib/python3.12/site-packages/airflow/example_dags/example_setup_teardown.py for tasks to queue
[2024-12-06T21:40:56.462+0000] {logging_mixin.py:190} INFO - [2024-12-06T21:40:56.462+0000] {dagbag.py:588} INFO - Filling up the DagBag from /home/airflow/.local/lib/python3.12/site-packages/airflow/example_dags/example_setup_teardown.py
[2024-12-06T21:40:56.476+0000] {processor.py:925} INFO - DAG(s) 'example_setup_teardown' retrieved from /home/airflow/.local/lib/python3.12/site-packages/airflow/example_dags/example_setup_teardown.py
[2024-12-06T21:40:56.621+0000] {logging_mixin.py:190} INFO - [2024-12-06T21:40:56.620+0000] {override.py:1911} INFO - Created Permission View: can edit on DAG:example_setup_teardown
[2024-12-06T21:40:56.634+0000] {logging_mixin.py:190} INFO - [2024-12-06T21:40:56.633+0000] {override.py:1911} INFO - Created Permission View: can delete on DAG:example_setup_teardown
[2024-12-06T21:40:56.643+0000] {logging_mixin.py:190} INFO - [2024-12-06T21:40:56.643+0000] {override.py:1911} INFO - Created Permission View: can read on DAG:example_setup_teardown
[2024-12-06T21:40:56.654+0000] {logging_mixin.py:190} INFO - [2024-12-06T21:40:56.653+0000] {override.py:1911} INFO - Created Permission View: menu access on DAG Run:example_setup_teardown
[2024-12-06T21:40:56.663+0000] {logging_mixin.py:190} INFO - [2024-12-06T21:40:56.663+0000] {override.py:1911} INFO - Created Permission View: can create on DAG Run:example_setup_teardown
[2024-12-06T21:40:56.672+0000] {logging_mixin.py:190} INFO - [2024-12-06T21:40:56.671+0000] {override.py:1911} INFO - Created Permission View: can delete on DAG Run:example_setup_teardown
[2024-12-06T21:40:56.681+0000] {logging_mixin.py:190} INFO - [2024-12-06T21:40:56.681+0000] {override.py:1911} INFO - Created Permission View: can read on DAG Run:example_setup_teardown
[2024-12-06T21:40:56.682+0000] {logging_mixin.py:190} INFO - [2024-12-06T21:40:56.682+0000] {dag.py:3239} INFO - Sync 1 DAGs
[2024-12-06T21:40:56.700+0000] {logging_mixin.py:190} INFO - [2024-12-06T21:40:56.700+0000] {dag.py:3262} INFO - Creating ORM DAG for example_setup_teardown
[2024-12-06T21:40:56.701+0000] {logging_mixin.py:190} INFO - [2024-12-06T21:40:56.701+0000] {dag.py:4180} INFO - Setting next_dagrun for example_setup_teardown to None, run_after=None
[2024-12-06T21:40:56.722+0000] {processor.py:208} INFO - Processing /home/airflow/.local/lib/python3.12/site-packages/airflow/example_dags/example_setup_teardown.py took 0.273 seconds
[2024-12-06T21:41:26.850+0000] {processor.py:186} INFO - Started process (PID=167) to work on /home/airflow/.local/lib/python3.12/site-packages/airflow/example_dags/example_setup_teardown.py
[2024-12-06T21:41:26.852+0000] {processor.py:914} INFO - Processing file /home/airflow/.local/lib/python3.12/site-packages/airflow/example_dags/example_setup_teardown.py for tasks to queue
[2024-12-06T21:41:26.855+0000] {logging_mixin.py:190} INFO - [2024-12-06T21:41:26.854+0000] {dagbag.py:588} INFO - Filling up the DagBag from /home/airflow/.local/lib/python3.12/site-packages/airflow/example_dags/example_setup_teardown.py
[2024-12-06T21:41:26.866+0000] {processor.py:925} INFO - DAG(s) 'example_setup_teardown' retrieved from /home/airflow/.local/lib/python3.12/site-packages/airflow/example_dags/example_setup_teardown.py
[2024-12-06T21:41:26.895+0000] {logging_mixin.py:190} INFO - [2024-12-06T21:41:26.895+0000] {dag.py:3239} INFO - Sync 1 DAGs
[2024-12-06T21:41:26.916+0000] {logging_mixin.py:190} INFO - [2024-12-06T21:41:26.916+0000] {dag.py:4180} INFO - Setting next_dagrun for example_setup_teardown to None, run_after=None
[2024-12-06T21:41:26.941+0000] {processor.py:208} INFO - Processing /home/airflow/.local/lib/python3.12/site-packages/airflow/example_dags/example_setup_teardown.py took 0.099 seconds
[2024-12-06T21:41:57.900+0000] {processor.py:186} INFO - Started process (PID=230) to work on /home/airflow/.local/lib/python3.12/site-packages/airflow/example_dags/example_setup_teardown.py
[2024-12-06T21:41:57.902+0000] {processor.py:914} INFO - Processing file /home/airflow/.local/lib/python3.12/site-packages/airflow/example_dags/example_setup_teardown.py for tasks to queue
[2024-12-06T21:41:57.905+0000] {logging_mixin.py:190} INFO - [2024-12-06T21:41:57.905+0000] {dagbag.py:588} INFO - Filling up the DagBag from /home/airflow/.local/lib/python3.12/site-packages/airflow/example_dags/example_setup_teardown.py
[2024-12-06T21:41:57.915+0000] {processor.py:925} INFO - DAG(s) 'example_setup_teardown' retrieved from /home/airflow/.local/lib/python3.12/site-packages/airflow/example_dags/example_setup_teardown.py
[2024-12-06T21:41:57.941+0000] {logging_mixin.py:190} INFO - [2024-12-06T21:41:57.941+0000] {dag.py:3239} INFO - Sync 1 DAGs
[2024-12-06T21:41:57.959+0000] {logging_mixin.py:190} INFO - [2024-12-06T21:41:57.959+0000] {dag.py:4180} INFO - Setting next_dagrun for example_setup_teardown to None, run_after=None
[2024-12-06T21:41:57.981+0000] {processor.py:208} INFO - Processing /home/airflow/.local/lib/python3.12/site-packages/airflow/example_dags/example_setup_teardown.py took 0.089 seconds
[2024-12-06T21:42:28.791+0000] {processor.py:186} INFO - Started process (PID=293) to work on /home/airflow/.local/lib/python3.12/site-packages/airflow/example_dags/example_setup_teardown.py
[2024-12-06T21:42:28.792+0000] {processor.py:914} INFO - Processing file /home/airflow/.local/lib/python3.12/site-packages/airflow/example_dags/example_setup_teardown.py for tasks to queue
[2024-12-06T21:42:28.795+0000] {logging_mixin.py:190} INFO - [2024-12-06T21:42:28.795+0000] {dagbag.py:588} INFO - Filling up the DagBag from /home/airflow/.local/lib/python3.12/site-packages/airflow/example_dags/example_setup_teardown.py
[2024-12-06T21:42:28.806+0000] {processor.py:925} INFO - DAG(s) 'example_setup_teardown' retrieved from /home/airflow/.local/lib/python3.12/site-packages/airflow/example_dags/example_setup_teardown.py
[2024-12-06T21:42:28.832+0000] {logging_mixin.py:190} INFO - [2024-12-06T21:42:28.832+0000] {dag.py:3239} INFO - Sync 1 DAGs
[2024-12-06T21:42:28.851+0000] {logging_mixin.py:190} INFO - [2024-12-06T21:42:28.851+0000] {dag.py:4180} INFO - Setting next_dagrun for example_setup_teardown to None, run_after=None
[2024-12-06T21:42:28.875+0000] {processor.py:208} INFO - Processing /home/airflow/.local/lib/python3.12/site-packages/airflow/example_dags/example_setup_teardown.py took 0.092 seconds
[2024-12-06T21:43:00.075+0000] {processor.py:186} INFO - Started process (PID=356) to work on /home/airflow/.local/lib/python3.12/site-packages/airflow/example_dags/example_setup_teardown.py
[2024-12-06T21:43:00.076+0000] {processor.py:914} INFO - Processing file /home/airflow/.local/lib/python3.12/site-packages/airflow/example_dags/example_setup_teardown.py for tasks to queue
[2024-12-06T21:43:00.079+0000] {logging_mixin.py:190} INFO - [2024-12-06T21:43:00.079+0000] {dagbag.py:588} INFO - Filling up the DagBag from /home/airflow/.local/lib/python3.12/site-packages/airflow/example_dags/example_setup_teardown.py
[2024-12-06T21:43:00.091+0000] {processor.py:925} INFO - DAG(s) 'example_setup_teardown' retrieved from /home/airflow/.local/lib/python3.12/site-packages/airflow/example_dags/example_setup_teardown.py
[2024-12-06T21:43:00.120+0000] {logging_mixin.py:190} INFO - [2024-12-06T21:43:00.119+0000] {dag.py:3239} INFO - Sync 1 DAGs
[2024-12-06T21:43:00.140+0000] {logging_mixin.py:190} INFO - [2024-12-06T21:43:00.139+0000] {dag.py:4180} INFO - Setting next_dagrun for example_setup_teardown to None, run_after=None
[2024-12-06T21:43:00.164+0000] {processor.py:208} INFO - Processing /home/airflow/.local/lib/python3.12/site-packages/airflow/example_dags/example_setup_teardown.py took 0.098 seconds
[2024-12-06T21:43:31.764+0000] {processor.py:186} INFO - Started process (PID=419) to work on /home/airflow/.local/lib/python3.12/site-packages/airflow/example_dags/example_setup_teardown.py
[2024-12-06T21:43:31.765+0000] {processor.py:914} INFO - Processing file /home/airflow/.local/lib/python3.12/site-packages/airflow/example_dags/example_setup_teardown.py for tasks to queue
[2024-12-06T21:43:31.768+0000] {logging_mixin.py:190} INFO - [2024-12-06T21:43:31.767+0000] {dagbag.py:588} INFO - Filling up the DagBag from /home/airflow/.local/lib/python3.12/site-packages/airflow/example_dags/example_setup_teardown.py
[2024-12-06T21:43:31.779+0000] {processor.py:925} INFO - DAG(s) 'example_setup_teardown' retrieved from /home/airflow/.local/lib/python3.12/site-packages/airflow/example_dags/example_setup_teardown.py
[2024-12-06T21:43:31.809+0000] {logging_mixin.py:190} INFO - [2024-12-06T21:43:31.808+0000] {dag.py:3239} INFO - Sync 1 DAGs
[2024-12-06T21:43:31.829+0000] {logging_mixin.py:190} INFO - [2024-12-06T21:43:31.828+0000] {dag.py:4180} INFO - Setting next_dagrun for example_setup_teardown to None, run_after=None
[2024-12-06T21:43:31.853+0000] {processor.py:208} INFO - Processing /home/airflow/.local/lib/python3.12/site-packages/airflow/example_dags/example_setup_teardown.py took 0.097 seconds
[2024-12-06T21:44:02.915+0000] {processor.py:186} INFO - Started process (PID=482) to work on /home/airflow/.local/lib/python3.12/site-packages/airflow/example_dags/example_setup_teardown.py
[2024-12-06T21:44:02.916+0000] {processor.py:914} INFO - Processing file /home/airflow/.local/lib/python3.12/site-packages/airflow/example_dags/example_setup_teardown.py for tasks to queue
[2024-12-06T21:44:02.920+0000] {logging_mixin.py:190} INFO - [2024-12-06T21:44:02.919+0000] {dagbag.py:588} INFO - Filling up the DagBag from /home/airflow/.local/lib/python3.12/site-packages/airflow/example_dags/example_setup_teardown.py
[2024-12-06T21:44:02.932+0000] {processor.py:925} INFO - DAG(s) 'example_setup_teardown' retrieved from /home/airflow/.local/lib/python3.12/site-packages/airflow/example_dags/example_setup_teardown.py
[2024-12-06T21:44:02.958+0000] {logging_mixin.py:190} INFO - [2024-12-06T21:44:02.958+0000] {dag.py:3239} INFO - Sync 1 DAGs
[2024-12-06T21:44:02.976+0000] {logging_mixin.py:190} INFO - [2024-12-06T21:44:02.976+0000] {dag.py:4180} INFO - Setting next_dagrun for example_setup_teardown to None, run_after=None
[2024-12-06T21:44:03.000+0000] {processor.py:208} INFO - Processing /home/airflow/.local/lib/python3.12/site-packages/airflow/example_dags/example_setup_teardown.py took 0.093 seconds
[2024-12-06T21:44:34.630+0000] {processor.py:186} INFO - Started process (PID=545) to work on /home/airflow/.local/lib/python3.12/site-packages/airflow/example_dags/example_setup_teardown.py
[2024-12-06T21:44:34.631+0000] {processor.py:914} INFO - Processing file /home/airflow/.local/lib/python3.12/site-packages/airflow/example_dags/example_setup_teardown.py for tasks to queue
[2024-12-06T21:44:34.634+0000] {logging_mixin.py:190} INFO - [2024-12-06T21:44:34.634+0000] {dagbag.py:588} INFO - Filling up the DagBag from /home/airflow/.local/lib/python3.12/site-packages/airflow/example_dags/example_setup_teardown.py
[2024-12-06T21:44:34.646+0000] {processor.py:925} INFO - DAG(s) 'example_setup_teardown' retrieved from /home/airflow/.local/lib/python3.12/site-packages/airflow/example_dags/example_setup_teardown.py
[2024-12-06T21:44:34.678+0000] {logging_mixin.py:190} INFO - [2024-12-06T21:44:34.678+0000] {dag.py:3239} INFO - Sync 1 DAGs
[2024-12-06T21:44:34.700+0000] {logging_mixin.py:190} INFO - [2024-12-06T21:44:34.699+0000] {dag.py:4180} INFO - Setting next_dagrun for example_setup_teardown to None, run_after=None
[2024-12-06T21:44:34.727+0000] {processor.py:208} INFO - Processing /home/airflow/.local/lib/python3.12/site-packages/airflow/example_dags/example_setup_teardown.py took 0.105 seconds
[2024-12-06T21:45:05.823+0000] {processor.py:186} INFO - Started process (PID=608) to work on /home/airflow/.local/lib/python3.12/site-packages/airflow/example_dags/example_setup_teardown.py
[2024-12-06T21:45:05.825+0000] {processor.py:914} INFO - Processing file /home/airflow/.local/lib/python3.12/site-packages/airflow/example_dags/example_setup_teardown.py for tasks to queue
[2024-12-06T21:45:05.828+0000] {logging_mixin.py:190} INFO - [2024-12-06T21:45:05.827+0000] {dagbag.py:588} INFO - Filling up the DagBag from /home/airflow/.local/lib/python3.12/site-packages/airflow/example_dags/example_setup_teardown.py
[2024-12-06T21:45:05.838+0000] {processor.py:925} INFO - DAG(s) 'example_setup_teardown' retrieved from /home/airflow/.local/lib/python3.12/site-packages/airflow/example_dags/example_setup_teardown.py
[2024-12-06T21:45:05.865+0000] {logging_mixin.py:190} INFO - [2024-12-06T21:45:05.865+0000] {dag.py:3239} INFO - Sync 1 DAGs
[2024-12-06T21:45:05.884+0000] {logging_mixin.py:190} INFO - [2024-12-06T21:45:05.883+0000] {dag.py:4180} INFO - Setting next_dagrun for example_setup_teardown to None, run_after=None
[2024-12-06T21:45:05.907+0000] {processor.py:208} INFO - Processing /home/airflow/.local/lib/python3.12/site-packages/airflow/example_dags/example_setup_teardown.py took 0.092 seconds
[2024-12-06T21:45:37.405+0000] {processor.py:186} INFO - Started process (PID=672) to work on /home/airflow/.local/lib/python3.12/site-packages/airflow/example_dags/example_setup_teardown.py
[2024-12-06T21:45:37.407+0000] {processor.py:914} INFO - Processing file /home/airflow/.local/lib/python3.12/site-packages/airflow/example_dags/example_setup_teardown.py for tasks to queue
[2024-12-06T21:45:37.410+0000] {logging_mixin.py:190} INFO - [2024-12-06T21:45:37.410+0000] {dagbag.py:588} INFO - Filling up the DagBag from /home/airflow/.local/lib/python3.12/site-packages/airflow/example_dags/example_setup_teardown.py
[2024-12-06T21:45:37.423+0000] {processor.py:925} INFO - DAG(s) 'example_setup_teardown' retrieved from /home/airflow/.local/lib/python3.12/site-packages/airflow/example_dags/example_setup_teardown.py
[2024-12-06T21:45:37.453+0000] {logging_mixin.py:190} INFO - [2024-12-06T21:45:37.453+0000] {dag.py:3239} INFO - Sync 1 DAGs
[2024-12-06T21:45:37.474+0000] {logging_mixin.py:190} INFO - [2024-12-06T21:45:37.474+0000] {dag.py:4180} INFO - Setting next_dagrun for example_setup_teardown to None, run_after=None
[2024-12-06T21:45:37.502+0000] {processor.py:208} INFO - Processing /home/airflow/.local/lib/python3.12/site-packages/airflow/example_dags/example_setup_teardown.py took 0.106 seconds
[2024-12-06T21:46:08.526+0000] {processor.py:186} INFO - Started process (PID=735) to work on /home/airflow/.local/lib/python3.12/site-packages/airflow/example_dags/example_setup_teardown.py
[2024-12-06T21:46:08.528+0000] {processor.py:914} INFO - Processing file /home/airflow/.local/lib/python3.12/site-packages/airflow/example_dags/example_setup_teardown.py for tasks to queue
[2024-12-06T21:46:08.531+0000] {logging_mixin.py:190} INFO - [2024-12-06T21:46:08.530+0000] {dagbag.py:588} INFO - Filling up the DagBag from /home/airflow/.local/lib/python3.12/site-packages/airflow/example_dags/example_setup_teardown.py
[2024-12-06T21:46:08.545+0000] {processor.py:925} INFO - DAG(s) 'example_setup_teardown' retrieved from /home/airflow/.local/lib/python3.12/site-packages/airflow/example_dags/example_setup_teardown.py
[2024-12-06T21:46:08.572+0000] {logging_mixin.py:190} INFO - [2024-12-06T21:46:08.572+0000] {dag.py:3239} INFO - Sync 1 DAGs
[2024-12-06T21:46:08.591+0000] {logging_mixin.py:190} INFO - [2024-12-06T21:46:08.591+0000] {dag.py:4180} INFO - Setting next_dagrun for example_setup_teardown to None, run_after=None
[2024-12-06T21:46:08.615+0000] {processor.py:208} INFO - Processing /home/airflow/.local/lib/python3.12/site-packages/airflow/example_dags/example_setup_teardown.py took 0.096 seconds
[2024-12-06T21:46:40.967+0000] {processor.py:186} INFO - Started process (PID=803) to work on /home/airflow/.local/lib/python3.12/site-packages/airflow/example_dags/example_setup_teardown.py
[2024-12-06T21:46:40.968+0000] {processor.py:914} INFO - Processing file /home/airflow/.local/lib/python3.12/site-packages/airflow/example_dags/example_setup_teardown.py for tasks to queue
[2024-12-06T21:46:40.972+0000] {logging_mixin.py:190} INFO - [2024-12-06T21:46:40.971+0000] {dagbag.py:588} INFO - Filling up the DagBag from /home/airflow/.local/lib/python3.12/site-packages/airflow/example_dags/example_setup_teardown.py
[2024-12-06T21:46:40.982+0000] {processor.py:925} INFO - DAG(s) 'example_setup_teardown' retrieved from /home/airflow/.local/lib/python3.12/site-packages/airflow/example_dags/example_setup_teardown.py
[2024-12-06T21:46:41.008+0000] {logging_mixin.py:190} INFO - [2024-12-06T21:46:41.008+0000] {dag.py:3239} INFO - Sync 1 DAGs
[2024-12-06T21:46:41.026+0000] {logging_mixin.py:190} INFO - [2024-12-06T21:46:41.026+0000] {dag.py:4180} INFO - Setting next_dagrun for example_setup_teardown to None, run_after=None
[2024-12-06T21:46:41.049+0000] {processor.py:208} INFO - Processing /home/airflow/.local/lib/python3.12/site-packages/airflow/example_dags/example_setup_teardown.py took 0.089 seconds
[2024-12-06T21:47:13.175+0000] {processor.py:186} INFO - Started process (PID=871) to work on /home/airflow/.local/lib/python3.12/site-packages/airflow/example_dags/example_setup_teardown.py
[2024-12-06T21:47:13.179+0000] {processor.py:914} INFO - Processing file /home/airflow/.local/lib/python3.12/site-packages/airflow/example_dags/example_setup_teardown.py for tasks to queue
[2024-12-06T21:47:13.188+0000] {logging_mixin.py:190} INFO - [2024-12-06T21:47:13.187+0000] {dagbag.py:588} INFO - Filling up the DagBag from /home/airflow/.local/lib/python3.12/site-packages/airflow/example_dags/example_setup_teardown.py
[2024-12-06T21:47:13.218+0000] {processor.py:925} INFO - DAG(s) 'example_setup_teardown' retrieved from /home/airflow/.local/lib/python3.12/site-packages/airflow/example_dags/example_setup_teardown.py
[2024-12-06T21:47:13.286+0000] {logging_mixin.py:190} INFO - [2024-12-06T21:47:13.286+0000] {dag.py:3239} INFO - Sync 1 DAGs
[2024-12-06T21:47:13.329+0000] {logging_mixin.py:190} INFO - [2024-12-06T21:47:13.329+0000] {dag.py:4180} INFO - Setting next_dagrun for example_setup_teardown to None, run_after=None
[2024-12-06T21:47:13.376+0000] {processor.py:208} INFO - Processing /home/airflow/.local/lib/python3.12/site-packages/airflow/example_dags/example_setup_teardown.py took 0.224 seconds
[2024-12-06T21:47:44.424+0000] {processor.py:186} INFO - Started process (PID=934) to work on /home/airflow/.local/lib/python3.12/site-packages/airflow/example_dags/example_setup_teardown.py
[2024-12-06T21:47:44.425+0000] {processor.py:914} INFO - Processing file /home/airflow/.local/lib/python3.12/site-packages/airflow/example_dags/example_setup_teardown.py for tasks to queue
[2024-12-06T21:47:44.430+0000] {logging_mixin.py:190} INFO - [2024-12-06T21:47:44.429+0000] {dagbag.py:588} INFO - Filling up the DagBag from /home/airflow/.local/lib/python3.12/site-packages/airflow/example_dags/example_setup_teardown.py
[2024-12-06T21:47:44.443+0000] {processor.py:925} INFO - DAG(s) 'example_setup_teardown' retrieved from /home/airflow/.local/lib/python3.12/site-packages/airflow/example_dags/example_setup_teardown.py
[2024-12-06T21:47:44.478+0000] {logging_mixin.py:190} INFO - [2024-12-06T21:47:44.478+0000] {dag.py:3239} INFO - Sync 1 DAGs
[2024-12-06T21:47:44.507+0000] {logging_mixin.py:190} INFO - [2024-12-06T21:47:44.507+0000] {dag.py:4180} INFO - Setting next_dagrun for example_setup_teardown to None, run_after=None
[2024-12-06T21:47:44.541+0000] {processor.py:208} INFO - Processing /home/airflow/.local/lib/python3.12/site-packages/airflow/example_dags/example_setup_teardown.py took 0.127 seconds
[2024-12-06T21:48:16.405+0000] {processor.py:186} INFO - Started process (PID=1003) to work on /home/airflow/.local/lib/python3.12/site-packages/airflow/example_dags/example_setup_teardown.py
[2024-12-06T21:48:16.406+0000] {processor.py:914} INFO - Processing file /home/airflow/.local/lib/python3.12/site-packages/airflow/example_dags/example_setup_teardown.py for tasks to queue
[2024-12-06T21:48:16.409+0000] {logging_mixin.py:190} INFO - [2024-12-06T21:48:16.409+0000] {dagbag.py:588} INFO - Filling up the DagBag from /home/airflow/.local/lib/python3.12/site-packages/airflow/example_dags/example_setup_teardown.py
[2024-12-06T21:48:16.423+0000] {processor.py:925} INFO - DAG(s) 'example_setup_teardown' retrieved from /home/airflow/.local/lib/python3.12/site-packages/airflow/example_dags/example_setup_teardown.py
[2024-12-06T21:48:16.456+0000] {logging_mixin.py:190} INFO - [2024-12-06T21:48:16.455+0000] {dag.py:3239} INFO - Sync 1 DAGs
[2024-12-06T21:48:16.481+0000] {logging_mixin.py:190} INFO - [2024-12-06T21:48:16.481+0000] {dag.py:4180} INFO - Setting next_dagrun for example_setup_teardown to None, run_after=None
[2024-12-06T21:48:16.511+0000] {processor.py:208} INFO - Processing /home/airflow/.local/lib/python3.12/site-packages/airflow/example_dags/example_setup_teardown.py took 0.116 seconds
[2024-12-06T21:48:47.849+0000] {processor.py:186} INFO - Started process (PID=1066) to work on /home/airflow/.local/lib/python3.12/site-packages/airflow/example_dags/example_setup_teardown.py
[2024-12-06T21:48:47.851+0000] {processor.py:914} INFO - Processing file /home/airflow/.local/lib/python3.12/site-packages/airflow/example_dags/example_setup_teardown.py for tasks to queue
[2024-12-06T21:48:47.856+0000] {logging_mixin.py:190} INFO - [2024-12-06T21:48:47.855+0000] {dagbag.py:588} INFO - Filling up the DagBag from /home/airflow/.local/lib/python3.12/site-packages/airflow/example_dags/example_setup_teardown.py
[2024-12-06T21:48:47.871+0000] {processor.py:925} INFO - DAG(s) 'example_setup_teardown' retrieved from /home/airflow/.local/lib/python3.12/site-packages/airflow/example_dags/example_setup_teardown.py
[2024-12-06T21:48:47.905+0000] {logging_mixin.py:190} INFO - [2024-12-06T21:48:47.904+0000] {dag.py:3239} INFO - Sync 1 DAGs
[2024-12-06T21:48:47.928+0000] {logging_mixin.py:190} INFO - [2024-12-06T21:48:47.927+0000] {dag.py:4180} INFO - Setting next_dagrun for example_setup_teardown to None, run_after=None
[2024-12-06T21:48:47.960+0000] {processor.py:208} INFO - Processing /home/airflow/.local/lib/python3.12/site-packages/airflow/example_dags/example_setup_teardown.py took 0.120 seconds
[2024-12-06T21:49:19.546+0000] {processor.py:186} INFO - Started process (PID=1129) to work on /home/airflow/.local/lib/python3.12/site-packages/airflow/example_dags/example_setup_teardown.py
[2024-12-06T21:49:19.547+0000] {processor.py:914} INFO - Processing file /home/airflow/.local/lib/python3.12/site-packages/airflow/example_dags/example_setup_teardown.py for tasks to queue
[2024-12-06T21:49:19.551+0000] {logging_mixin.py:190} INFO - [2024-12-06T21:49:19.550+0000] {dagbag.py:588} INFO - Filling up the DagBag from /home/airflow/.local/lib/python3.12/site-packages/airflow/example_dags/example_setup_teardown.py
[2024-12-06T21:49:19.566+0000] {processor.py:925} INFO - DAG(s) 'example_setup_teardown' retrieved from /home/airflow/.local/lib/python3.12/site-packages/airflow/example_dags/example_setup_teardown.py
[2024-12-06T21:49:19.598+0000] {logging_mixin.py:190} INFO - [2024-12-06T21:49:19.598+0000] {dag.py:3239} INFO - Sync 1 DAGs
[2024-12-06T21:49:19.621+0000] {logging_mixin.py:190} INFO - [2024-12-06T21:49:19.620+0000] {dag.py:4180} INFO - Setting next_dagrun for example_setup_teardown to None, run_after=None
[2024-12-06T21:49:19.653+0000] {processor.py:208} INFO - Processing /home/airflow/.local/lib/python3.12/site-packages/airflow/example_dags/example_setup_teardown.py took 0.118 seconds
[2024-12-06T21:49:50.737+0000] {processor.py:186} INFO - Started process (PID=1192) to work on /home/airflow/.local/lib/python3.12/site-packages/airflow/example_dags/example_setup_teardown.py
[2024-12-06T21:49:50.739+0000] {processor.py:914} INFO - Processing file /home/airflow/.local/lib/python3.12/site-packages/airflow/example_dags/example_setup_teardown.py for tasks to queue
[2024-12-06T21:49:50.744+0000] {logging_mixin.py:190} INFO - [2024-12-06T21:49:50.743+0000] {dagbag.py:588} INFO - Filling up the DagBag from /home/airflow/.local/lib/python3.12/site-packages/airflow/example_dags/example_setup_teardown.py
[2024-12-06T21:49:50.756+0000] {processor.py:925} INFO - DAG(s) 'example_setup_teardown' retrieved from /home/airflow/.local/lib/python3.12/site-packages/airflow/example_dags/example_setup_teardown.py
[2024-12-06T21:49:50.787+0000] {logging_mixin.py:190} INFO - [2024-12-06T21:49:50.787+0000] {dag.py:3239} INFO - Sync 1 DAGs
[2024-12-06T21:49:50.806+0000] {logging_mixin.py:190} INFO - [2024-12-06T21:49:50.806+0000] {dag.py:4180} INFO - Setting next_dagrun for example_setup_teardown to None, run_after=None
[2024-12-06T21:49:50.835+0000] {processor.py:208} INFO - Processing /home/airflow/.local/lib/python3.12/site-packages/airflow/example_dags/example_setup_teardown.py took 0.106 seconds
[2024-12-06T21:50:22.815+0000] {processor.py:186} INFO - Started process (PID=1255) to work on /home/airflow/.local/lib/python3.12/site-packages/airflow/example_dags/example_setup_teardown.py
[2024-12-06T21:50:22.817+0000] {processor.py:914} INFO - Processing file /home/airflow/.local/lib/python3.12/site-packages/airflow/example_dags/example_setup_teardown.py for tasks to queue
[2024-12-06T21:50:22.820+0000] {logging_mixin.py:190} INFO - [2024-12-06T21:50:22.820+0000] {dagbag.py:588} INFO - Filling up the DagBag from /home/airflow/.local/lib/python3.12/site-packages/airflow/example_dags/example_setup_teardown.py
[2024-12-06T21:50:22.835+0000] {processor.py:925} INFO - DAG(s) 'example_setup_teardown' retrieved from /home/airflow/.local/lib/python3.12/site-packages/airflow/example_dags/example_setup_teardown.py
[2024-12-06T21:50:22.868+0000] {logging_mixin.py:190} INFO - [2024-12-06T21:50:22.867+0000] {dag.py:3239} INFO - Sync 1 DAGs
[2024-12-06T21:50:22.887+0000] {logging_mixin.py:190} INFO - [2024-12-06T21:50:22.887+0000] {dag.py:4180} INFO - Setting next_dagrun for example_setup_teardown to None, run_after=None
[2024-12-06T21:50:22.918+0000] {processor.py:208} INFO - Processing /home/airflow/.local/lib/python3.12/site-packages/airflow/example_dags/example_setup_teardown.py took 0.114 seconds
[2024-12-06T21:50:54.712+0000] {processor.py:186} INFO - Started process (PID=1318) to work on /home/airflow/.local/lib/python3.12/site-packages/airflow/example_dags/example_setup_teardown.py
[2024-12-06T21:50:54.715+0000] {processor.py:914} INFO - Processing file /home/airflow/.local/lib/python3.12/site-packages/airflow/example_dags/example_setup_teardown.py for tasks to queue
[2024-12-06T21:50:54.720+0000] {logging_mixin.py:190} INFO - [2024-12-06T21:50:54.719+0000] {dagbag.py:588} INFO - Filling up the DagBag from /home/airflow/.local/lib/python3.12/site-packages/airflow/example_dags/example_setup_teardown.py
[2024-12-06T21:50:54.736+0000] {processor.py:925} INFO - DAG(s) 'example_setup_teardown' retrieved from /home/airflow/.local/lib/python3.12/site-packages/airflow/example_dags/example_setup_teardown.py
[2024-12-06T21:50:54.769+0000] {logging_mixin.py:190} INFO - [2024-12-06T21:50:54.769+0000] {dag.py:3239} INFO - Sync 1 DAGs
[2024-12-06T21:50:54.795+0000] {logging_mixin.py:190} INFO - [2024-12-06T21:50:54.794+0000] {dag.py:4180} INFO - Setting next_dagrun for example_setup_teardown to None, run_after=None
[2024-12-06T21:50:54.830+0000] {processor.py:208} INFO - Processing /home/airflow/.local/lib/python3.12/site-packages/airflow/example_dags/example_setup_teardown.py took 0.128 seconds
[2024-12-06T21:51:26.285+0000] {processor.py:186} INFO - Started process (PID=1381) to work on /home/airflow/.local/lib/python3.12/site-packages/airflow/example_dags/example_setup_teardown.py
[2024-12-06T21:51:26.287+0000] {processor.py:914} INFO - Processing file /home/airflow/.local/lib/python3.12/site-packages/airflow/example_dags/example_setup_teardown.py for tasks to queue
[2024-12-06T21:51:26.292+0000] {logging_mixin.py:190} INFO - [2024-12-06T21:51:26.292+0000] {dagbag.py:588} INFO - Filling up the DagBag from /home/airflow/.local/lib/python3.12/site-packages/airflow/example_dags/example_setup_teardown.py
[2024-12-06T21:51:26.312+0000] {processor.py:925} INFO - DAG(s) 'example_setup_teardown' retrieved from /home/airflow/.local/lib/python3.12/site-packages/airflow/example_dags/example_setup_teardown.py
[2024-12-06T21:51:26.362+0000] {logging_mixin.py:190} INFO - [2024-12-06T21:51:26.361+0000] {dag.py:3239} INFO - Sync 1 DAGs
[2024-12-06T21:51:26.392+0000] {logging_mixin.py:190} INFO - [2024-12-06T21:51:26.392+0000] {dag.py:4180} INFO - Setting next_dagrun for example_setup_teardown to None, run_after=None
[2024-12-06T21:51:26.422+0000] {processor.py:208} INFO - Processing /home/airflow/.local/lib/python3.12/site-packages/airflow/example_dags/example_setup_teardown.py took 0.155 seconds
[2024-12-06T21:51:56.564+0000] {processor.py:186} INFO - Started process (PID=1443) to work on /home/airflow/.local/lib/python3.12/site-packages/airflow/example_dags/example_setup_teardown.py
[2024-12-06T21:51:56.565+0000] {processor.py:914} INFO - Processing file /home/airflow/.local/lib/python3.12/site-packages/airflow/example_dags/example_setup_teardown.py for tasks to queue
[2024-12-06T21:51:56.569+0000] {logging_mixin.py:190} INFO - [2024-12-06T21:51:56.569+0000] {dagbag.py:588} INFO - Filling up the DagBag from /home/airflow/.local/lib/python3.12/site-packages/airflow/example_dags/example_setup_teardown.py
[2024-12-06T21:51:56.582+0000] {processor.py:925} INFO - DAG(s) 'example_setup_teardown' retrieved from /home/airflow/.local/lib/python3.12/site-packages/airflow/example_dags/example_setup_teardown.py
[2024-12-06T21:51:56.614+0000] {logging_mixin.py:190} INFO - [2024-12-06T21:51:56.614+0000] {dag.py:3239} INFO - Sync 1 DAGs
[2024-12-06T21:51:56.637+0000] {logging_mixin.py:190} INFO - [2024-12-06T21:51:56.636+0000] {dag.py:4180} INFO - Setting next_dagrun for example_setup_teardown to None, run_after=None
[2024-12-06T21:51:56.665+0000] {processor.py:208} INFO - Processing /home/airflow/.local/lib/python3.12/site-packages/airflow/example_dags/example_setup_teardown.py took 0.110 seconds
[2024-12-06T21:52:27.671+0000] {processor.py:186} INFO - Started process (PID=1506) to work on /home/airflow/.local/lib/python3.12/site-packages/airflow/example_dags/example_setup_teardown.py
[2024-12-06T21:52:27.674+0000] {processor.py:914} INFO - Processing file /home/airflow/.local/lib/python3.12/site-packages/airflow/example_dags/example_setup_teardown.py for tasks to queue
[2024-12-06T21:52:27.678+0000] {logging_mixin.py:190} INFO - [2024-12-06T21:52:27.678+0000] {dagbag.py:588} INFO - Filling up the DagBag from /home/airflow/.local/lib/python3.12/site-packages/airflow/example_dags/example_setup_teardown.py
[2024-12-06T21:52:27.694+0000] {processor.py:925} INFO - DAG(s) 'example_setup_teardown' retrieved from /home/airflow/.local/lib/python3.12/site-packages/airflow/example_dags/example_setup_teardown.py
[2024-12-06T21:52:27.731+0000] {logging_mixin.py:190} INFO - [2024-12-06T21:52:27.730+0000] {dag.py:3239} INFO - Sync 1 DAGs
[2024-12-06T21:52:27.754+0000] {logging_mixin.py:190} INFO - [2024-12-06T21:52:27.754+0000] {dag.py:4180} INFO - Setting next_dagrun for example_setup_teardown to None, run_after=None
[2024-12-06T21:52:27.787+0000] {processor.py:208} INFO - Processing /home/airflow/.local/lib/python3.12/site-packages/airflow/example_dags/example_setup_teardown.py took 0.126 seconds
[2024-12-06T21:52:58.986+0000] {processor.py:186} INFO - Started process (PID=1568) to work on /home/airflow/.local/lib/python3.12/site-packages/airflow/example_dags/example_setup_teardown.py
[2024-12-06T21:52:58.988+0000] {processor.py:914} INFO - Processing file /home/airflow/.local/lib/python3.12/site-packages/airflow/example_dags/example_setup_teardown.py for tasks to queue
[2024-12-06T21:52:58.992+0000] {logging_mixin.py:190} INFO - [2024-12-06T21:52:58.991+0000] {dagbag.py:588} INFO - Filling up the DagBag from /home/airflow/.local/lib/python3.12/site-packages/airflow/example_dags/example_setup_teardown.py
[2024-12-06T21:52:59.008+0000] {processor.py:925} INFO - DAG(s) 'example_setup_teardown' retrieved from /home/airflow/.local/lib/python3.12/site-packages/airflow/example_dags/example_setup_teardown.py
[2024-12-06T21:52:59.056+0000] {logging_mixin.py:190} INFO - [2024-12-06T21:52:59.055+0000] {dag.py:3239} INFO - Sync 1 DAGs
[2024-12-06T21:52:59.096+0000] {logging_mixin.py:190} INFO - [2024-12-06T21:52:59.095+0000] {dag.py:4180} INFO - Setting next_dagrun for example_setup_teardown to None, run_after=None
[2024-12-06T21:52:59.137+0000] {processor.py:208} INFO - Processing /home/airflow/.local/lib/python3.12/site-packages/airflow/example_dags/example_setup_teardown.py took 0.160 seconds
[2024-12-06T21:53:30.252+0000] {processor.py:186} INFO - Started process (PID=1631) to work on /home/airflow/.local/lib/python3.12/site-packages/airflow/example_dags/example_setup_teardown.py
[2024-12-06T21:53:30.253+0000] {processor.py:914} INFO - Processing file /home/airflow/.local/lib/python3.12/site-packages/airflow/example_dags/example_setup_teardown.py for tasks to queue
[2024-12-06T21:53:30.257+0000] {logging_mixin.py:190} INFO - [2024-12-06T21:53:30.256+0000] {dagbag.py:588} INFO - Filling up the DagBag from /home/airflow/.local/lib/python3.12/site-packages/airflow/example_dags/example_setup_teardown.py
[2024-12-06T21:53:30.271+0000] {processor.py:925} INFO - DAG(s) 'example_setup_teardown' retrieved from /home/airflow/.local/lib/python3.12/site-packages/airflow/example_dags/example_setup_teardown.py
[2024-12-06T21:53:30.306+0000] {logging_mixin.py:190} INFO - [2024-12-06T21:53:30.306+0000] {dag.py:3239} INFO - Sync 1 DAGs
[2024-12-06T21:53:30.332+0000] {logging_mixin.py:190} INFO - [2024-12-06T21:53:30.332+0000] {dag.py:4180} INFO - Setting next_dagrun for example_setup_teardown to None, run_after=None
[2024-12-06T21:53:30.364+0000] {processor.py:208} INFO - Processing /home/airflow/.local/lib/python3.12/site-packages/airflow/example_dags/example_setup_teardown.py took 0.124 seconds
[2024-12-06T21:54:02.023+0000] {processor.py:186} INFO - Started process (PID=1694) to work on /home/airflow/.local/lib/python3.12/site-packages/airflow/example_dags/example_setup_teardown.py
[2024-12-06T21:54:02.025+0000] {processor.py:914} INFO - Processing file /home/airflow/.local/lib/python3.12/site-packages/airflow/example_dags/example_setup_teardown.py for tasks to queue
[2024-12-06T21:54:02.029+0000] {logging_mixin.py:190} INFO - [2024-12-06T21:54:02.028+0000] {dagbag.py:588} INFO - Filling up the DagBag from /home/airflow/.local/lib/python3.12/site-packages/airflow/example_dags/example_setup_teardown.py
[2024-12-06T21:54:02.043+0000] {processor.py:925} INFO - DAG(s) 'example_setup_teardown' retrieved from /home/airflow/.local/lib/python3.12/site-packages/airflow/example_dags/example_setup_teardown.py
[2024-12-06T21:54:02.076+0000] {logging_mixin.py:190} INFO - [2024-12-06T21:54:02.075+0000] {dag.py:3239} INFO - Sync 1 DAGs
[2024-12-06T21:54:02.098+0000] {logging_mixin.py:190} INFO - [2024-12-06T21:54:02.098+0000] {dag.py:4180} INFO - Setting next_dagrun for example_setup_teardown to None, run_after=None
[2024-12-06T21:54:02.128+0000] {processor.py:208} INFO - Processing /home/airflow/.local/lib/python3.12/site-packages/airflow/example_dags/example_setup_teardown.py took 0.116 seconds
[2024-12-06T21:54:33.663+0000] {processor.py:186} INFO - Started process (PID=1757) to work on /home/airflow/.local/lib/python3.12/site-packages/airflow/example_dags/example_setup_teardown.py
[2024-12-06T21:54:33.665+0000] {processor.py:914} INFO - Processing file /home/airflow/.local/lib/python3.12/site-packages/airflow/example_dags/example_setup_teardown.py for tasks to queue
[2024-12-06T21:54:33.669+0000] {logging_mixin.py:190} INFO - [2024-12-06T21:54:33.668+0000] {dagbag.py:588} INFO - Filling up the DagBag from /home/airflow/.local/lib/python3.12/site-packages/airflow/example_dags/example_setup_teardown.py
[2024-12-06T21:54:33.685+0000] {processor.py:925} INFO - DAG(s) 'example_setup_teardown' retrieved from /home/airflow/.local/lib/python3.12/site-packages/airflow/example_dags/example_setup_teardown.py
[2024-12-06T21:54:33.722+0000] {logging_mixin.py:190} INFO - [2024-12-06T21:54:33.722+0000] {dag.py:3239} INFO - Sync 1 DAGs
[2024-12-06T21:54:33.747+0000] {logging_mixin.py:190} INFO - [2024-12-06T21:54:33.747+0000] {dag.py:4180} INFO - Setting next_dagrun for example_setup_teardown to None, run_after=None
[2024-12-06T21:54:33.785+0000] {processor.py:208} INFO - Processing /home/airflow/.local/lib/python3.12/site-packages/airflow/example_dags/example_setup_teardown.py took 0.133 seconds
[2024-12-06T21:55:05.310+0000] {processor.py:186} INFO - Started process (PID=1820) to work on /home/airflow/.local/lib/python3.12/site-packages/airflow/example_dags/example_setup_teardown.py
[2024-12-06T21:55:05.312+0000] {processor.py:914} INFO - Processing file /home/airflow/.local/lib/python3.12/site-packages/airflow/example_dags/example_setup_teardown.py for tasks to queue
[2024-12-06T21:55:05.316+0000] {logging_mixin.py:190} INFO - [2024-12-06T21:55:05.315+0000] {dagbag.py:588} INFO - Filling up the DagBag from /home/airflow/.local/lib/python3.12/site-packages/airflow/example_dags/example_setup_teardown.py
[2024-12-06T21:55:05.331+0000] {processor.py:925} INFO - DAG(s) 'example_setup_teardown' retrieved from /home/airflow/.local/lib/python3.12/site-packages/airflow/example_dags/example_setup_teardown.py
[2024-12-06T21:55:05.367+0000] {logging_mixin.py:190} INFO - [2024-12-06T21:55:05.366+0000] {dag.py:3239} INFO - Sync 1 DAGs
[2024-12-06T21:55:05.395+0000] {logging_mixin.py:190} INFO - [2024-12-06T21:55:05.394+0000] {dag.py:4180} INFO - Setting next_dagrun for example_setup_teardown to None, run_after=None
[2024-12-06T21:55:05.429+0000] {processor.py:208} INFO - Processing /home/airflow/.local/lib/python3.12/site-packages/airflow/example_dags/example_setup_teardown.py took 0.131 seconds
[2024-12-06T21:55:37.417+0000] {processor.py:186} INFO - Started process (PID=1883) to work on /home/airflow/.local/lib/python3.12/site-packages/airflow/example_dags/example_setup_teardown.py
[2024-12-06T21:55:37.419+0000] {processor.py:914} INFO - Processing file /home/airflow/.local/lib/python3.12/site-packages/airflow/example_dags/example_setup_teardown.py for tasks to queue
[2024-12-06T21:55:37.423+0000] {logging_mixin.py:190} INFO - [2024-12-06T21:55:37.422+0000] {dagbag.py:588} INFO - Filling up the DagBag from /home/airflow/.local/lib/python3.12/site-packages/airflow/example_dags/example_setup_teardown.py
[2024-12-06T21:55:37.440+0000] {processor.py:925} INFO - DAG(s) 'example_setup_teardown' retrieved from /home/airflow/.local/lib/python3.12/site-packages/airflow/example_dags/example_setup_teardown.py
[2024-12-06T21:55:37.478+0000] {logging_mixin.py:190} INFO - [2024-12-06T21:55:37.478+0000] {dag.py:3239} INFO - Sync 1 DAGs
[2024-12-06T21:55:37.504+0000] {logging_mixin.py:190} INFO - [2024-12-06T21:55:37.503+0000] {dag.py:4180} INFO - Setting next_dagrun for example_setup_teardown to None, run_after=None
[2024-12-06T21:55:37.537+0000] {processor.py:208} INFO - Processing /home/airflow/.local/lib/python3.12/site-packages/airflow/example_dags/example_setup_teardown.py took 0.131 seconds
[2024-12-06T21:56:09.307+0000] {processor.py:186} INFO - Started process (PID=1946) to work on /home/airflow/.local/lib/python3.12/site-packages/airflow/example_dags/example_setup_teardown.py
[2024-12-06T21:56:09.309+0000] {processor.py:914} INFO - Processing file /home/airflow/.local/lib/python3.12/site-packages/airflow/example_dags/example_setup_teardown.py for tasks to queue
[2024-12-06T21:56:09.314+0000] {logging_mixin.py:190} INFO - [2024-12-06T21:56:09.314+0000] {dagbag.py:588} INFO - Filling up the DagBag from /home/airflow/.local/lib/python3.12/site-packages/airflow/example_dags/example_setup_teardown.py
[2024-12-06T21:56:09.332+0000] {processor.py:925} INFO - DAG(s) 'example_setup_teardown' retrieved from /home/airflow/.local/lib/python3.12/site-packages/airflow/example_dags/example_setup_teardown.py
[2024-12-06T21:56:09.370+0000] {logging_mixin.py:190} INFO - [2024-12-06T21:56:09.370+0000] {dag.py:3239} INFO - Sync 1 DAGs
[2024-12-06T21:56:09.401+0000] {logging_mixin.py:190} INFO - [2024-12-06T21:56:09.400+0000] {dag.py:4180} INFO - Setting next_dagrun for example_setup_teardown to None, run_after=None
[2024-12-06T21:56:09.436+0000] {processor.py:208} INFO - Processing /home/airflow/.local/lib/python3.12/site-packages/airflow/example_dags/example_setup_teardown.py took 0.140 seconds
[2024-12-06T21:56:40.197+0000] {processor.py:186} INFO - Started process (PID=2009) to work on /home/airflow/.local/lib/python3.12/site-packages/airflow/example_dags/example_setup_teardown.py
[2024-12-06T21:56:40.200+0000] {processor.py:914} INFO - Processing file /home/airflow/.local/lib/python3.12/site-packages/airflow/example_dags/example_setup_teardown.py for tasks to queue
[2024-12-06T21:56:40.203+0000] {logging_mixin.py:190} INFO - [2024-12-06T21:56:40.203+0000] {dagbag.py:588} INFO - Filling up the DagBag from /home/airflow/.local/lib/python3.12/site-packages/airflow/example_dags/example_setup_teardown.py
[2024-12-06T21:56:40.215+0000] {processor.py:925} INFO - DAG(s) 'example_setup_teardown' retrieved from /home/airflow/.local/lib/python3.12/site-packages/airflow/example_dags/example_setup_teardown.py
[2024-12-06T21:56:40.246+0000] {logging_mixin.py:190} INFO - [2024-12-06T21:56:40.246+0000] {dag.py:3239} INFO - Sync 1 DAGs
[2024-12-06T21:56:40.270+0000] {logging_mixin.py:190} INFO - [2024-12-06T21:56:40.269+0000] {dag.py:4180} INFO - Setting next_dagrun for example_setup_teardown to None, run_after=None
[2024-12-06T21:56:40.295+0000] {processor.py:208} INFO - Processing /home/airflow/.local/lib/python3.12/site-packages/airflow/example_dags/example_setup_teardown.py took 0.107 seconds
[2024-12-06T21:57:11.346+0000] {processor.py:186} INFO - Started process (PID=2071) to work on /home/airflow/.local/lib/python3.12/site-packages/airflow/example_dags/example_setup_teardown.py
[2024-12-06T21:57:11.348+0000] {processor.py:914} INFO - Processing file /home/airflow/.local/lib/python3.12/site-packages/airflow/example_dags/example_setup_teardown.py for tasks to queue
[2024-12-06T21:57:11.351+0000] {logging_mixin.py:190} INFO - [2024-12-06T21:57:11.351+0000] {dagbag.py:588} INFO - Filling up the DagBag from /home/airflow/.local/lib/python3.12/site-packages/airflow/example_dags/example_setup_teardown.py
[2024-12-06T21:57:11.366+0000] {processor.py:925} INFO - DAG(s) 'example_setup_teardown' retrieved from /home/airflow/.local/lib/python3.12/site-packages/airflow/example_dags/example_setup_teardown.py
[2024-12-06T21:57:11.399+0000] {logging_mixin.py:190} INFO - [2024-12-06T21:57:11.399+0000] {dag.py:3239} INFO - Sync 1 DAGs
[2024-12-06T21:57:11.428+0000] {logging_mixin.py:190} INFO - [2024-12-06T21:57:11.428+0000] {dag.py:4180} INFO - Setting next_dagrun for example_setup_teardown to None, run_after=None
[2024-12-06T21:57:11.459+0000] {processor.py:208} INFO - Processing /home/airflow/.local/lib/python3.12/site-packages/airflow/example_dags/example_setup_teardown.py took 0.123 seconds
[2024-12-06T21:57:42.601+0000] {processor.py:186} INFO - Started process (PID=2134) to work on /home/airflow/.local/lib/python3.12/site-packages/airflow/example_dags/example_setup_teardown.py
[2024-12-06T21:57:42.602+0000] {processor.py:914} INFO - Processing file /home/airflow/.local/lib/python3.12/site-packages/airflow/example_dags/example_setup_teardown.py for tasks to queue
[2024-12-06T21:57:42.607+0000] {logging_mixin.py:190} INFO - [2024-12-06T21:57:42.606+0000] {dagbag.py:588} INFO - Filling up the DagBag from /home/airflow/.local/lib/python3.12/site-packages/airflow/example_dags/example_setup_teardown.py
[2024-12-06T21:57:42.619+0000] {processor.py:925} INFO - DAG(s) 'example_setup_teardown' retrieved from /home/airflow/.local/lib/python3.12/site-packages/airflow/example_dags/example_setup_teardown.py
[2024-12-06T21:57:42.650+0000] {logging_mixin.py:190} INFO - [2024-12-06T21:57:42.650+0000] {dag.py:3239} INFO - Sync 1 DAGs
[2024-12-06T21:57:42.672+0000] {logging_mixin.py:190} INFO - [2024-12-06T21:57:42.671+0000] {dag.py:4180} INFO - Setting next_dagrun for example_setup_teardown to None, run_after=None
[2024-12-06T21:57:42.699+0000] {processor.py:208} INFO - Processing /home/airflow/.local/lib/python3.12/site-packages/airflow/example_dags/example_setup_teardown.py took 0.108 seconds
[2024-12-06T21:58:14.444+0000] {processor.py:186} INFO - Started process (PID=2200) to work on /home/airflow/.local/lib/python3.12/site-packages/airflow/example_dags/example_setup_teardown.py
[2024-12-06T21:58:14.446+0000] {processor.py:914} INFO - Processing file /home/airflow/.local/lib/python3.12/site-packages/airflow/example_dags/example_setup_teardown.py for tasks to queue
[2024-12-06T21:58:14.450+0000] {logging_mixin.py:190} INFO - [2024-12-06T21:58:14.449+0000] {dagbag.py:588} INFO - Filling up the DagBag from /home/airflow/.local/lib/python3.12/site-packages/airflow/example_dags/example_setup_teardown.py
[2024-12-06T21:58:14.465+0000] {processor.py:925} INFO - DAG(s) 'example_setup_teardown' retrieved from /home/airflow/.local/lib/python3.12/site-packages/airflow/example_dags/example_setup_teardown.py
[2024-12-06T21:58:14.497+0000] {logging_mixin.py:190} INFO - [2024-12-06T21:58:14.497+0000] {dag.py:3239} INFO - Sync 1 DAGs
[2024-12-06T21:58:14.519+0000] {logging_mixin.py:190} INFO - [2024-12-06T21:58:14.519+0000] {dag.py:4180} INFO - Setting next_dagrun for example_setup_teardown to None, run_after=None
[2024-12-06T21:58:14.551+0000] {processor.py:208} INFO - Processing /home/airflow/.local/lib/python3.12/site-packages/airflow/example_dags/example_setup_teardown.py took 0.117 seconds
[2024-12-06T21:58:46.294+0000] {processor.py:186} INFO - Started process (PID=2266) to work on /home/airflow/.local/lib/python3.12/site-packages/airflow/example_dags/example_setup_teardown.py
[2024-12-06T21:58:46.296+0000] {processor.py:914} INFO - Processing file /home/airflow/.local/lib/python3.12/site-packages/airflow/example_dags/example_setup_teardown.py for tasks to queue
[2024-12-06T21:58:46.300+0000] {logging_mixin.py:190} INFO - [2024-12-06T21:58:46.300+0000] {dagbag.py:588} INFO - Filling up the DagBag from /home/airflow/.local/lib/python3.12/site-packages/airflow/example_dags/example_setup_teardown.py
[2024-12-06T21:58:46.313+0000] {processor.py:925} INFO - DAG(s) 'example_setup_teardown' retrieved from /home/airflow/.local/lib/python3.12/site-packages/airflow/example_dags/example_setup_teardown.py
[2024-12-06T21:58:46.344+0000] {logging_mixin.py:190} INFO - [2024-12-06T21:58:46.343+0000] {dag.py:3239} INFO - Sync 1 DAGs
[2024-12-06T21:58:46.365+0000] {logging_mixin.py:190} INFO - [2024-12-06T21:58:46.364+0000] {dag.py:4180} INFO - Setting next_dagrun for example_setup_teardown to None, run_after=None
[2024-12-06T21:58:46.392+0000] {processor.py:208} INFO - Processing /home/airflow/.local/lib/python3.12/site-packages/airflow/example_dags/example_setup_teardown.py took 0.107 seconds
[2024-12-06T21:59:17.985+0000] {processor.py:186} INFO - Started process (PID=2329) to work on /home/airflow/.local/lib/python3.12/site-packages/airflow/example_dags/example_setup_teardown.py
[2024-12-06T21:59:17.987+0000] {processor.py:914} INFO - Processing file /home/airflow/.local/lib/python3.12/site-packages/airflow/example_dags/example_setup_teardown.py for tasks to queue
[2024-12-06T21:59:17.991+0000] {logging_mixin.py:190} INFO - [2024-12-06T21:59:17.991+0000] {dagbag.py:588} INFO - Filling up the DagBag from /home/airflow/.local/lib/python3.12/site-packages/airflow/example_dags/example_setup_teardown.py
[2024-12-06T21:59:18.010+0000] {processor.py:925} INFO - DAG(s) 'example_setup_teardown' retrieved from /home/airflow/.local/lib/python3.12/site-packages/airflow/example_dags/example_setup_teardown.py
[2024-12-06T21:59:18.052+0000] {logging_mixin.py:190} INFO - [2024-12-06T21:59:18.051+0000] {dag.py:3239} INFO - Sync 1 DAGs
[2024-12-06T21:59:18.076+0000] {logging_mixin.py:190} INFO - [2024-12-06T21:59:18.076+0000] {dag.py:4180} INFO - Setting next_dagrun for example_setup_teardown to None, run_after=None
[2024-12-06T21:59:18.107+0000] {processor.py:208} INFO - Processing /home/airflow/.local/lib/python3.12/site-packages/airflow/example_dags/example_setup_teardown.py took 0.133 seconds
[2024-12-06T21:59:50.484+0000] {processor.py:186} INFO - Started process (PID=2398) to work on /home/airflow/.local/lib/python3.12/site-packages/airflow/example_dags/example_setup_teardown.py
[2024-12-06T21:59:50.487+0000] {processor.py:914} INFO - Processing file /home/airflow/.local/lib/python3.12/site-packages/airflow/example_dags/example_setup_teardown.py for tasks to queue
[2024-12-06T21:59:50.493+0000] {logging_mixin.py:190} INFO - [2024-12-06T21:59:50.492+0000] {dagbag.py:588} INFO - Filling up the DagBag from /home/airflow/.local/lib/python3.12/site-packages/airflow/example_dags/example_setup_teardown.py
[2024-12-06T21:59:50.512+0000] {processor.py:925} INFO - DAG(s) 'example_setup_teardown' retrieved from /home/airflow/.local/lib/python3.12/site-packages/airflow/example_dags/example_setup_teardown.py
[2024-12-06T21:59:50.547+0000] {logging_mixin.py:190} INFO - [2024-12-06T21:59:50.546+0000] {dag.py:3239} INFO - Sync 1 DAGs
[2024-12-06T21:59:50.575+0000] {logging_mixin.py:190} INFO - [2024-12-06T21:59:50.575+0000] {dag.py:4180} INFO - Setting next_dagrun for example_setup_teardown to None, run_after=None
[2024-12-06T21:59:50.609+0000] {processor.py:208} INFO - Processing /home/airflow/.local/lib/python3.12/site-packages/airflow/example_dags/example_setup_teardown.py took 0.138 seconds
[2024-12-06T22:00:22.930+0000] {processor.py:186} INFO - Started process (PID=2461) to work on /home/airflow/.local/lib/python3.12/site-packages/airflow/example_dags/example_setup_teardown.py
[2024-12-06T22:00:22.931+0000] {processor.py:914} INFO - Processing file /home/airflow/.local/lib/python3.12/site-packages/airflow/example_dags/example_setup_teardown.py for tasks to queue
[2024-12-06T22:00:22.935+0000] {logging_mixin.py:190} INFO - [2024-12-06T22:00:22.935+0000] {dagbag.py:588} INFO - Filling up the DagBag from /home/airflow/.local/lib/python3.12/site-packages/airflow/example_dags/example_setup_teardown.py
[2024-12-06T22:00:22.951+0000] {processor.py:925} INFO - DAG(s) 'example_setup_teardown' retrieved from /home/airflow/.local/lib/python3.12/site-packages/airflow/example_dags/example_setup_teardown.py
[2024-12-06T22:00:22.983+0000] {logging_mixin.py:190} INFO - [2024-12-06T22:00:22.983+0000] {dag.py:3239} INFO - Sync 1 DAGs
[2024-12-06T22:00:23.008+0000] {logging_mixin.py:190} INFO - [2024-12-06T22:00:23.008+0000] {dag.py:4180} INFO - Setting next_dagrun for example_setup_teardown to None, run_after=None
[2024-12-06T22:00:23.037+0000] {processor.py:208} INFO - Processing /home/airflow/.local/lib/python3.12/site-packages/airflow/example_dags/example_setup_teardown.py took 0.118 seconds
[2024-12-06T22:00:54.431+0000] {processor.py:186} INFO - Started process (PID=2524) to work on /home/airflow/.local/lib/python3.12/site-packages/airflow/example_dags/example_setup_teardown.py
[2024-12-06T22:00:54.433+0000] {processor.py:914} INFO - Processing file /home/airflow/.local/lib/python3.12/site-packages/airflow/example_dags/example_setup_teardown.py for tasks to queue
[2024-12-06T22:00:54.436+0000] {logging_mixin.py:190} INFO - [2024-12-06T22:00:54.436+0000] {dagbag.py:588} INFO - Filling up the DagBag from /home/airflow/.local/lib/python3.12/site-packages/airflow/example_dags/example_setup_teardown.py
[2024-12-06T22:00:54.451+0000] {processor.py:925} INFO - DAG(s) 'example_setup_teardown' retrieved from /home/airflow/.local/lib/python3.12/site-packages/airflow/example_dags/example_setup_teardown.py
[2024-12-06T22:00:54.483+0000] {logging_mixin.py:190} INFO - [2024-12-06T22:00:54.482+0000] {dag.py:3239} INFO - Sync 1 DAGs
[2024-12-06T22:00:54.503+0000] {logging_mixin.py:190} INFO - [2024-12-06T22:00:54.503+0000] {dag.py:4180} INFO - Setting next_dagrun for example_setup_teardown to None, run_after=None
[2024-12-06T22:00:54.531+0000] {processor.py:208} INFO - Processing /home/airflow/.local/lib/python3.12/site-packages/airflow/example_dags/example_setup_teardown.py took 0.108 seconds
[2024-12-06T22:01:25.501+0000] {processor.py:186} INFO - Started process (PID=2587) to work on /home/airflow/.local/lib/python3.12/site-packages/airflow/example_dags/example_setup_teardown.py
[2024-12-06T22:01:25.503+0000] {processor.py:914} INFO - Processing file /home/airflow/.local/lib/python3.12/site-packages/airflow/example_dags/example_setup_teardown.py for tasks to queue
[2024-12-06T22:01:25.506+0000] {logging_mixin.py:190} INFO - [2024-12-06T22:01:25.506+0000] {dagbag.py:588} INFO - Filling up the DagBag from /home/airflow/.local/lib/python3.12/site-packages/airflow/example_dags/example_setup_teardown.py
[2024-12-06T22:01:25.520+0000] {processor.py:925} INFO - DAG(s) 'example_setup_teardown' retrieved from /home/airflow/.local/lib/python3.12/site-packages/airflow/example_dags/example_setup_teardown.py
[2024-12-06T22:01:25.557+0000] {logging_mixin.py:190} INFO - [2024-12-06T22:01:25.556+0000] {dag.py:3239} INFO - Sync 1 DAGs
[2024-12-06T22:01:25.583+0000] {logging_mixin.py:190} INFO - [2024-12-06T22:01:25.582+0000] {dag.py:4180} INFO - Setting next_dagrun for example_setup_teardown to None, run_after=None
[2024-12-06T22:01:25.616+0000] {processor.py:208} INFO - Processing /home/airflow/.local/lib/python3.12/site-packages/airflow/example_dags/example_setup_teardown.py took 0.126 seconds
[2024-12-06T22:01:57.524+0000] {processor.py:186} INFO - Started process (PID=2650) to work on /home/airflow/.local/lib/python3.12/site-packages/airflow/example_dags/example_setup_teardown.py
[2024-12-06T22:01:57.526+0000] {processor.py:914} INFO - Processing file /home/airflow/.local/lib/python3.12/site-packages/airflow/example_dags/example_setup_teardown.py for tasks to queue
[2024-12-06T22:01:57.530+0000] {logging_mixin.py:190} INFO - [2024-12-06T22:01:57.530+0000] {dagbag.py:588} INFO - Filling up the DagBag from /home/airflow/.local/lib/python3.12/site-packages/airflow/example_dags/example_setup_teardown.py
[2024-12-06T22:01:57.543+0000] {processor.py:925} INFO - DAG(s) 'example_setup_teardown' retrieved from /home/airflow/.local/lib/python3.12/site-packages/airflow/example_dags/example_setup_teardown.py
[2024-12-06T22:01:57.577+0000] {logging_mixin.py:190} INFO - [2024-12-06T22:01:57.576+0000] {dag.py:3239} INFO - Sync 1 DAGs
[2024-12-06T22:01:57.601+0000] {logging_mixin.py:190} INFO - [2024-12-06T22:01:57.600+0000] {dag.py:4180} INFO - Setting next_dagrun for example_setup_teardown to None, run_after=None
[2024-12-06T22:01:57.630+0000] {processor.py:208} INFO - Processing /home/airflow/.local/lib/python3.12/site-packages/airflow/example_dags/example_setup_teardown.py took 0.114 seconds
[2024-12-06T22:02:29.374+0000] {processor.py:186} INFO - Started process (PID=2713) to work on /home/airflow/.local/lib/python3.12/site-packages/airflow/example_dags/example_setup_teardown.py
[2024-12-06T22:02:29.376+0000] {processor.py:914} INFO - Processing file /home/airflow/.local/lib/python3.12/site-packages/airflow/example_dags/example_setup_teardown.py for tasks to queue
[2024-12-06T22:02:29.380+0000] {logging_mixin.py:190} INFO - [2024-12-06T22:02:29.380+0000] {dagbag.py:588} INFO - Filling up the DagBag from /home/airflow/.local/lib/python3.12/site-packages/airflow/example_dags/example_setup_teardown.py
[2024-12-06T22:02:29.395+0000] {processor.py:925} INFO - DAG(s) 'example_setup_teardown' retrieved from /home/airflow/.local/lib/python3.12/site-packages/airflow/example_dags/example_setup_teardown.py
[2024-12-06T22:02:29.430+0000] {logging_mixin.py:190} INFO - [2024-12-06T22:02:29.430+0000] {dag.py:3239} INFO - Sync 1 DAGs
[2024-12-06T22:02:29.460+0000] {logging_mixin.py:190} INFO - [2024-12-06T22:02:29.460+0000] {dag.py:4180} INFO - Setting next_dagrun for example_setup_teardown to None, run_after=None
[2024-12-06T22:02:29.494+0000] {processor.py:208} INFO - Processing /home/airflow/.local/lib/python3.12/site-packages/airflow/example_dags/example_setup_teardown.py took 0.131 seconds
[2024-12-06T22:03:01.691+0000] {processor.py:186} INFO - Started process (PID=2776) to work on /home/airflow/.local/lib/python3.12/site-packages/airflow/example_dags/example_setup_teardown.py
[2024-12-06T22:03:01.693+0000] {processor.py:914} INFO - Processing file /home/airflow/.local/lib/python3.12/site-packages/airflow/example_dags/example_setup_teardown.py for tasks to queue
[2024-12-06T22:03:01.697+0000] {logging_mixin.py:190} INFO - [2024-12-06T22:03:01.696+0000] {dagbag.py:588} INFO - Filling up the DagBag from /home/airflow/.local/lib/python3.12/site-packages/airflow/example_dags/example_setup_teardown.py
[2024-12-06T22:03:01.712+0000] {processor.py:925} INFO - DAG(s) 'example_setup_teardown' retrieved from /home/airflow/.local/lib/python3.12/site-packages/airflow/example_dags/example_setup_teardown.py
[2024-12-06T22:03:01.742+0000] {logging_mixin.py:190} INFO - [2024-12-06T22:03:01.742+0000] {dag.py:3239} INFO - Sync 1 DAGs
[2024-12-06T22:03:01.762+0000] {logging_mixin.py:190} INFO - [2024-12-06T22:03:01.762+0000] {dag.py:4180} INFO - Setting next_dagrun for example_setup_teardown to None, run_after=None
[2024-12-06T22:03:01.792+0000] {processor.py:208} INFO - Processing /home/airflow/.local/lib/python3.12/site-packages/airflow/example_dags/example_setup_teardown.py took 0.112 seconds
[2024-12-06T22:03:34.471+0000] {processor.py:186} INFO - Started process (PID=2839) to work on /home/airflow/.local/lib/python3.12/site-packages/airflow/example_dags/example_setup_teardown.py
[2024-12-06T22:03:34.476+0000] {processor.py:914} INFO - Processing file /home/airflow/.local/lib/python3.12/site-packages/airflow/example_dags/example_setup_teardown.py for tasks to queue
[2024-12-06T22:03:34.480+0000] {logging_mixin.py:190} INFO - [2024-12-06T22:03:34.479+0000] {dagbag.py:588} INFO - Filling up the DagBag from /home/airflow/.local/lib/python3.12/site-packages/airflow/example_dags/example_setup_teardown.py
[2024-12-06T22:03:34.497+0000] {processor.py:925} INFO - DAG(s) 'example_setup_teardown' retrieved from /home/airflow/.local/lib/python3.12/site-packages/airflow/example_dags/example_setup_teardown.py
[2024-12-06T22:03:34.535+0000] {logging_mixin.py:190} INFO - [2024-12-06T22:03:34.534+0000] {dag.py:3239} INFO - Sync 1 DAGs
[2024-12-06T22:03:34.562+0000] {logging_mixin.py:190} INFO - [2024-12-06T22:03:34.562+0000] {dag.py:4180} INFO - Setting next_dagrun for example_setup_teardown to None, run_after=None
[2024-12-06T22:03:34.599+0000] {processor.py:208} INFO - Processing /home/airflow/.local/lib/python3.12/site-packages/airflow/example_dags/example_setup_teardown.py took 0.138 seconds
[2024-12-06T22:04:05.600+0000] {processor.py:186} INFO - Started process (PID=2902) to work on /home/airflow/.local/lib/python3.12/site-packages/airflow/example_dags/example_setup_teardown.py
[2024-12-06T22:04:05.602+0000] {processor.py:914} INFO - Processing file /home/airflow/.local/lib/python3.12/site-packages/airflow/example_dags/example_setup_teardown.py for tasks to queue
[2024-12-06T22:04:05.605+0000] {logging_mixin.py:190} INFO - [2024-12-06T22:04:05.605+0000] {dagbag.py:588} INFO - Filling up the DagBag from /home/airflow/.local/lib/python3.12/site-packages/airflow/example_dags/example_setup_teardown.py
[2024-12-06T22:04:05.619+0000] {processor.py:925} INFO - DAG(s) 'example_setup_teardown' retrieved from /home/airflow/.local/lib/python3.12/site-packages/airflow/example_dags/example_setup_teardown.py
[2024-12-06T22:04:05.649+0000] {logging_mixin.py:190} INFO - [2024-12-06T22:04:05.648+0000] {dag.py:3239} INFO - Sync 1 DAGs
[2024-12-06T22:04:05.668+0000] {logging_mixin.py:190} INFO - [2024-12-06T22:04:05.667+0000] {dag.py:4180} INFO - Setting next_dagrun for example_setup_teardown to None, run_after=None
[2024-12-06T22:04:05.695+0000] {processor.py:208} INFO - Processing /home/airflow/.local/lib/python3.12/site-packages/airflow/example_dags/example_setup_teardown.py took 0.106 seconds
[2024-12-06T22:04:36.839+0000] {processor.py:186} INFO - Started process (PID=2965) to work on /home/airflow/.local/lib/python3.12/site-packages/airflow/example_dags/example_setup_teardown.py
[2024-12-06T22:04:36.841+0000] {processor.py:914} INFO - Processing file /home/airflow/.local/lib/python3.12/site-packages/airflow/example_dags/example_setup_teardown.py for tasks to queue
[2024-12-06T22:04:36.847+0000] {logging_mixin.py:190} INFO - [2024-12-06T22:04:36.845+0000] {dagbag.py:588} INFO - Filling up the DagBag from /home/airflow/.local/lib/python3.12/site-packages/airflow/example_dags/example_setup_teardown.py
[2024-12-06T22:04:36.869+0000] {processor.py:925} INFO - DAG(s) 'example_setup_teardown' retrieved from /home/airflow/.local/lib/python3.12/site-packages/airflow/example_dags/example_setup_teardown.py
[2024-12-06T22:04:36.902+0000] {logging_mixin.py:190} INFO - [2024-12-06T22:04:36.902+0000] {dag.py:3239} INFO - Sync 1 DAGs
[2024-12-06T22:04:36.926+0000] {logging_mixin.py:190} INFO - [2024-12-06T22:04:36.925+0000] {dag.py:4180} INFO - Setting next_dagrun for example_setup_teardown to None, run_after=None
[2024-12-06T22:04:36.956+0000] {processor.py:208} INFO - Processing /home/airflow/.local/lib/python3.12/site-packages/airflow/example_dags/example_setup_teardown.py took 0.129 seconds
[2024-12-06T22:05:08.258+0000] {processor.py:186} INFO - Started process (PID=3028) to work on /home/airflow/.local/lib/python3.12/site-packages/airflow/example_dags/example_setup_teardown.py
[2024-12-06T22:05:08.260+0000] {processor.py:914} INFO - Processing file /home/airflow/.local/lib/python3.12/site-packages/airflow/example_dags/example_setup_teardown.py for tasks to queue
[2024-12-06T22:05:08.263+0000] {logging_mixin.py:190} INFO - [2024-12-06T22:05:08.263+0000] {dagbag.py:588} INFO - Filling up the DagBag from /home/airflow/.local/lib/python3.12/site-packages/airflow/example_dags/example_setup_teardown.py
[2024-12-06T22:05:08.277+0000] {processor.py:925} INFO - DAG(s) 'example_setup_teardown' retrieved from /home/airflow/.local/lib/python3.12/site-packages/airflow/example_dags/example_setup_teardown.py
[2024-12-06T22:05:08.308+0000] {logging_mixin.py:190} INFO - [2024-12-06T22:05:08.308+0000] {dag.py:3239} INFO - Sync 1 DAGs
[2024-12-06T22:05:08.329+0000] {logging_mixin.py:190} INFO - [2024-12-06T22:05:08.329+0000] {dag.py:4180} INFO - Setting next_dagrun for example_setup_teardown to None, run_after=None
[2024-12-06T22:05:08.357+0000] {processor.py:208} INFO - Processing /home/airflow/.local/lib/python3.12/site-packages/airflow/example_dags/example_setup_teardown.py took 0.110 seconds
[2024-12-06T22:05:40.439+0000] {processor.py:186} INFO - Started process (PID=3095) to work on /home/airflow/.local/lib/python3.12/site-packages/airflow/example_dags/example_setup_teardown.py
[2024-12-06T22:05:40.440+0000] {processor.py:914} INFO - Processing file /home/airflow/.local/lib/python3.12/site-packages/airflow/example_dags/example_setup_teardown.py for tasks to queue
[2024-12-06T22:05:40.444+0000] {logging_mixin.py:190} INFO - [2024-12-06T22:05:40.443+0000] {dagbag.py:588} INFO - Filling up the DagBag from /home/airflow/.local/lib/python3.12/site-packages/airflow/example_dags/example_setup_teardown.py
[2024-12-06T22:05:40.457+0000] {processor.py:925} INFO - DAG(s) 'example_setup_teardown' retrieved from /home/airflow/.local/lib/python3.12/site-packages/airflow/example_dags/example_setup_teardown.py
[2024-12-06T22:05:40.491+0000] {logging_mixin.py:190} INFO - [2024-12-06T22:05:40.491+0000] {dag.py:3239} INFO - Sync 1 DAGs
[2024-12-06T22:05:40.514+0000] {logging_mixin.py:190} INFO - [2024-12-06T22:05:40.514+0000] {dag.py:4180} INFO - Setting next_dagrun for example_setup_teardown to None, run_after=None
[2024-12-06T22:05:40.543+0000] {processor.py:208} INFO - Processing /home/airflow/.local/lib/python3.12/site-packages/airflow/example_dags/example_setup_teardown.py took 0.114 seconds
[2024-12-06T22:06:12.497+0000] {processor.py:186} INFO - Started process (PID=3158) to work on /home/airflow/.local/lib/python3.12/site-packages/airflow/example_dags/example_setup_teardown.py
[2024-12-06T22:06:12.499+0000] {processor.py:914} INFO - Processing file /home/airflow/.local/lib/python3.12/site-packages/airflow/example_dags/example_setup_teardown.py for tasks to queue
[2024-12-06T22:06:12.502+0000] {logging_mixin.py:190} INFO - [2024-12-06T22:06:12.502+0000] {dagbag.py:588} INFO - Filling up the DagBag from /home/airflow/.local/lib/python3.12/site-packages/airflow/example_dags/example_setup_teardown.py
[2024-12-06T22:06:12.518+0000] {processor.py:925} INFO - DAG(s) 'example_setup_teardown' retrieved from /home/airflow/.local/lib/python3.12/site-packages/airflow/example_dags/example_setup_teardown.py
[2024-12-06T22:06:12.567+0000] {logging_mixin.py:190} INFO - [2024-12-06T22:06:12.567+0000] {dag.py:3239} INFO - Sync 1 DAGs
[2024-12-06T22:06:12.601+0000] {logging_mixin.py:190} INFO - [2024-12-06T22:06:12.601+0000] {dag.py:4180} INFO - Setting next_dagrun for example_setup_teardown to None, run_after=None
[2024-12-06T22:06:12.647+0000] {processor.py:208} INFO - Processing /home/airflow/.local/lib/python3.12/site-packages/airflow/example_dags/example_setup_teardown.py took 0.162 seconds
[2024-12-06T22:06:43.838+0000] {processor.py:186} INFO - Started process (PID=3221) to work on /home/airflow/.local/lib/python3.12/site-packages/airflow/example_dags/example_setup_teardown.py
[2024-12-06T22:06:43.840+0000] {processor.py:914} INFO - Processing file /home/airflow/.local/lib/python3.12/site-packages/airflow/example_dags/example_setup_teardown.py for tasks to queue
[2024-12-06T22:06:43.846+0000] {logging_mixin.py:190} INFO - [2024-12-06T22:06:43.845+0000] {dagbag.py:588} INFO - Filling up the DagBag from /home/airflow/.local/lib/python3.12/site-packages/airflow/example_dags/example_setup_teardown.py
[2024-12-06T22:06:43.867+0000] {processor.py:925} INFO - DAG(s) 'example_setup_teardown' retrieved from /home/airflow/.local/lib/python3.12/site-packages/airflow/example_dags/example_setup_teardown.py
[2024-12-06T22:06:43.905+0000] {logging_mixin.py:190} INFO - [2024-12-06T22:06:43.905+0000] {dag.py:3239} INFO - Sync 1 DAGs
[2024-12-06T22:06:43.932+0000] {logging_mixin.py:190} INFO - [2024-12-06T22:06:43.931+0000] {dag.py:4180} INFO - Setting next_dagrun for example_setup_teardown to None, run_after=None
[2024-12-06T22:06:43.969+0000] {processor.py:208} INFO - Processing /home/airflow/.local/lib/python3.12/site-packages/airflow/example_dags/example_setup_teardown.py took 0.145 seconds
[2024-12-06T22:07:16.430+0000] {processor.py:186} INFO - Started process (PID=3284) to work on /home/airflow/.local/lib/python3.12/site-packages/airflow/example_dags/example_setup_teardown.py
[2024-12-06T22:07:16.432+0000] {processor.py:914} INFO - Processing file /home/airflow/.local/lib/python3.12/site-packages/airflow/example_dags/example_setup_teardown.py for tasks to queue
[2024-12-06T22:07:16.436+0000] {logging_mixin.py:190} INFO - [2024-12-06T22:07:16.436+0000] {dagbag.py:588} INFO - Filling up the DagBag from /home/airflow/.local/lib/python3.12/site-packages/airflow/example_dags/example_setup_teardown.py
[2024-12-06T22:07:16.452+0000] {processor.py:925} INFO - DAG(s) 'example_setup_teardown' retrieved from /home/airflow/.local/lib/python3.12/site-packages/airflow/example_dags/example_setup_teardown.py
[2024-12-06T22:07:16.492+0000] {logging_mixin.py:190} INFO - [2024-12-06T22:07:16.492+0000] {dag.py:3239} INFO - Sync 1 DAGs
[2024-12-06T22:07:16.519+0000] {logging_mixin.py:190} INFO - [2024-12-06T22:07:16.519+0000] {dag.py:4180} INFO - Setting next_dagrun for example_setup_teardown to None, run_after=None
[2024-12-06T22:07:16.553+0000] {processor.py:208} INFO - Processing /home/airflow/.local/lib/python3.12/site-packages/airflow/example_dags/example_setup_teardown.py took 0.134 seconds
[2024-12-06T22:07:48.481+0000] {processor.py:186} INFO - Started process (PID=3347) to work on /home/airflow/.local/lib/python3.12/site-packages/airflow/example_dags/example_setup_teardown.py
[2024-12-06T22:07:48.483+0000] {processor.py:914} INFO - Processing file /home/airflow/.local/lib/python3.12/site-packages/airflow/example_dags/example_setup_teardown.py for tasks to queue
[2024-12-06T22:07:48.487+0000] {logging_mixin.py:190} INFO - [2024-12-06T22:07:48.487+0000] {dagbag.py:588} INFO - Filling up the DagBag from /home/airflow/.local/lib/python3.12/site-packages/airflow/example_dags/example_setup_teardown.py
[2024-12-06T22:07:48.502+0000] {processor.py:925} INFO - DAG(s) 'example_setup_teardown' retrieved from /home/airflow/.local/lib/python3.12/site-packages/airflow/example_dags/example_setup_teardown.py
[2024-12-06T22:07:48.542+0000] {logging_mixin.py:190} INFO - [2024-12-06T22:07:48.541+0000] {dag.py:3239} INFO - Sync 1 DAGs
[2024-12-06T22:07:48.565+0000] {logging_mixin.py:190} INFO - [2024-12-06T22:07:48.564+0000] {dag.py:4180} INFO - Setting next_dagrun for example_setup_teardown to None, run_after=None
[2024-12-06T22:07:48.606+0000] {processor.py:208} INFO - Processing /home/airflow/.local/lib/python3.12/site-packages/airflow/example_dags/example_setup_teardown.py took 0.136 seconds
[2024-12-06T22:08:19.999+0000] {processor.py:186} INFO - Started process (PID=3418) to work on /home/airflow/.local/lib/python3.12/site-packages/airflow/example_dags/example_setup_teardown.py
[2024-12-06T22:08:20.000+0000] {processor.py:914} INFO - Processing file /home/airflow/.local/lib/python3.12/site-packages/airflow/example_dags/example_setup_teardown.py for tasks to queue
[2024-12-06T22:08:20.005+0000] {logging_mixin.py:190} INFO - [2024-12-06T22:08:20.005+0000] {dagbag.py:588} INFO - Filling up the DagBag from /home/airflow/.local/lib/python3.12/site-packages/airflow/example_dags/example_setup_teardown.py
[2024-12-06T22:08:20.023+0000] {processor.py:925} INFO - DAG(s) 'example_setup_teardown' retrieved from /home/airflow/.local/lib/python3.12/site-packages/airflow/example_dags/example_setup_teardown.py
[2024-12-06T22:08:20.054+0000] {logging_mixin.py:190} INFO - [2024-12-06T22:08:20.053+0000] {dag.py:3239} INFO - Sync 1 DAGs
[2024-12-06T22:08:20.075+0000] {logging_mixin.py:190} INFO - [2024-12-06T22:08:20.075+0000] {dag.py:4180} INFO - Setting next_dagrun for example_setup_teardown to None, run_after=None
[2024-12-06T22:08:20.101+0000] {processor.py:208} INFO - Processing /home/airflow/.local/lib/python3.12/site-packages/airflow/example_dags/example_setup_teardown.py took 0.111 seconds
[2024-12-06T22:08:54.613+0000] {processor.py:186} INFO - Started process (PID=3482) to work on /home/airflow/.local/lib/python3.12/site-packages/airflow/example_dags/example_setup_teardown.py
[2024-12-06T22:08:54.615+0000] {processor.py:914} INFO - Processing file /home/airflow/.local/lib/python3.12/site-packages/airflow/example_dags/example_setup_teardown.py for tasks to queue
[2024-12-06T22:08:54.619+0000] {logging_mixin.py:190} INFO - [2024-12-06T22:08:54.618+0000] {dagbag.py:588} INFO - Filling up the DagBag from /home/airflow/.local/lib/python3.12/site-packages/airflow/example_dags/example_setup_teardown.py
[2024-12-06T22:08:54.636+0000] {processor.py:925} INFO - DAG(s) 'example_setup_teardown' retrieved from /home/airflow/.local/lib/python3.12/site-packages/airflow/example_dags/example_setup_teardown.py
[2024-12-06T22:08:54.929+0000] {logging_mixin.py:190} INFO - [2024-12-06T22:08:54.929+0000] {dag.py:3239} INFO - Sync 1 DAGs
[2024-12-06T22:08:54.952+0000] {logging_mixin.py:190} INFO - [2024-12-06T22:08:54.952+0000] {dag.py:4180} INFO - Setting next_dagrun for example_setup_teardown to None, run_after=None
[2024-12-06T22:08:54.987+0000] {processor.py:208} INFO - Processing /home/airflow/.local/lib/python3.12/site-packages/airflow/example_dags/example_setup_teardown.py took 0.387 seconds
[2024-12-06T22:09:25.521+0000] {processor.py:186} INFO - Started process (PID=3545) to work on /home/airflow/.local/lib/python3.12/site-packages/airflow/example_dags/example_setup_teardown.py
[2024-12-06T22:09:25.522+0000] {processor.py:914} INFO - Processing file /home/airflow/.local/lib/python3.12/site-packages/airflow/example_dags/example_setup_teardown.py for tasks to queue
[2024-12-06T22:09:25.528+0000] {logging_mixin.py:190} INFO - [2024-12-06T22:09:25.527+0000] {dagbag.py:588} INFO - Filling up the DagBag from /home/airflow/.local/lib/python3.12/site-packages/airflow/example_dags/example_setup_teardown.py
[2024-12-06T22:09:25.544+0000] {processor.py:925} INFO - DAG(s) 'example_setup_teardown' retrieved from /home/airflow/.local/lib/python3.12/site-packages/airflow/example_dags/example_setup_teardown.py
[2024-12-06T22:09:25.573+0000] {logging_mixin.py:190} INFO - [2024-12-06T22:09:25.573+0000] {dag.py:3239} INFO - Sync 1 DAGs
[2024-12-06T22:09:25.597+0000] {logging_mixin.py:190} INFO - [2024-12-06T22:09:25.597+0000] {dag.py:4180} INFO - Setting next_dagrun for example_setup_teardown to None, run_after=None
[2024-12-06T22:09:25.627+0000] {processor.py:208} INFO - Processing /home/airflow/.local/lib/python3.12/site-packages/airflow/example_dags/example_setup_teardown.py took 0.116 seconds
[2024-12-06T22:09:56.302+0000] {processor.py:186} INFO - Started process (PID=3608) to work on /home/airflow/.local/lib/python3.12/site-packages/airflow/example_dags/example_setup_teardown.py
[2024-12-06T22:09:56.305+0000] {processor.py:914} INFO - Processing file /home/airflow/.local/lib/python3.12/site-packages/airflow/example_dags/example_setup_teardown.py for tasks to queue
[2024-12-06T22:09:56.314+0000] {logging_mixin.py:190} INFO - [2024-12-06T22:09:56.313+0000] {dagbag.py:588} INFO - Filling up the DagBag from /home/airflow/.local/lib/python3.12/site-packages/airflow/example_dags/example_setup_teardown.py
[2024-12-06T22:09:56.339+0000] {processor.py:925} INFO - DAG(s) 'example_setup_teardown' retrieved from /home/airflow/.local/lib/python3.12/site-packages/airflow/example_dags/example_setup_teardown.py
[2024-12-06T22:09:56.407+0000] {logging_mixin.py:190} INFO - [2024-12-06T22:09:56.406+0000] {dag.py:3239} INFO - Sync 1 DAGs
[2024-12-06T22:09:56.457+0000] {logging_mixin.py:190} INFO - [2024-12-06T22:09:56.456+0000] {dag.py:4180} INFO - Setting next_dagrun for example_setup_teardown to None, run_after=None
[2024-12-06T22:09:56.522+0000] {processor.py:208} INFO - Processing /home/airflow/.local/lib/python3.12/site-packages/airflow/example_dags/example_setup_teardown.py took 0.241 seconds
[2024-12-06T22:10:27.539+0000] {processor.py:186} INFO - Started process (PID=3671) to work on /home/airflow/.local/lib/python3.12/site-packages/airflow/example_dags/example_setup_teardown.py
[2024-12-06T22:10:27.541+0000] {processor.py:914} INFO - Processing file /home/airflow/.local/lib/python3.12/site-packages/airflow/example_dags/example_setup_teardown.py for tasks to queue
[2024-12-06T22:10:27.545+0000] {logging_mixin.py:190} INFO - [2024-12-06T22:10:27.544+0000] {dagbag.py:588} INFO - Filling up the DagBag from /home/airflow/.local/lib/python3.12/site-packages/airflow/example_dags/example_setup_teardown.py
[2024-12-06T22:10:27.562+0000] {processor.py:925} INFO - DAG(s) 'example_setup_teardown' retrieved from /home/airflow/.local/lib/python3.12/site-packages/airflow/example_dags/example_setup_teardown.py
[2024-12-06T22:10:27.598+0000] {logging_mixin.py:190} INFO - [2024-12-06T22:10:27.597+0000] {dag.py:3239} INFO - Sync 1 DAGs
[2024-12-06T22:10:27.625+0000] {logging_mixin.py:190} INFO - [2024-12-06T22:10:27.624+0000] {dag.py:4180} INFO - Setting next_dagrun for example_setup_teardown to None, run_after=None
[2024-12-06T22:10:27.657+0000] {processor.py:208} INFO - Processing /home/airflow/.local/lib/python3.12/site-packages/airflow/example_dags/example_setup_teardown.py took 0.131 seconds
[2024-12-06T22:10:58.033+0000] {processor.py:186} INFO - Started process (PID=3734) to work on /home/airflow/.local/lib/python3.12/site-packages/airflow/example_dags/example_setup_teardown.py
[2024-12-06T22:10:58.034+0000] {processor.py:914} INFO - Processing file /home/airflow/.local/lib/python3.12/site-packages/airflow/example_dags/example_setup_teardown.py for tasks to queue
[2024-12-06T22:10:58.038+0000] {logging_mixin.py:190} INFO - [2024-12-06T22:10:58.037+0000] {dagbag.py:588} INFO - Filling up the DagBag from /home/airflow/.local/lib/python3.12/site-packages/airflow/example_dags/example_setup_teardown.py
[2024-12-06T22:10:58.048+0000] {processor.py:925} INFO - DAG(s) 'example_setup_teardown' retrieved from /home/airflow/.local/lib/python3.12/site-packages/airflow/example_dags/example_setup_teardown.py
[2024-12-06T22:10:58.073+0000] {logging_mixin.py:190} INFO - [2024-12-06T22:10:58.073+0000] {dag.py:3239} INFO - Sync 1 DAGs
[2024-12-06T22:10:58.091+0000] {logging_mixin.py:190} INFO - [2024-12-06T22:10:58.090+0000] {dag.py:4180} INFO - Setting next_dagrun for example_setup_teardown to None, run_after=None
[2024-12-06T22:10:58.112+0000] {processor.py:208} INFO - Processing /home/airflow/.local/lib/python3.12/site-packages/airflow/example_dags/example_setup_teardown.py took 0.087 seconds
