[2024-12-06T21:40:47.432+0000] {processor.py:186} INFO - Started process (PID=78) to work on /home/airflow/.local/lib/python3.12/site-packages/airflow/example_dags/example_short_circuit_operator.py
[2024-12-06T21:40:47.434+0000] {processor.py:914} INFO - Processing file /home/airflow/.local/lib/python3.12/site-packages/airflow/example_dags/example_short_circuit_operator.py for tasks to queue
[2024-12-06T21:40:47.437+0000] {logging_mixin.py:190} INFO - [2024-12-06T21:40:47.437+0000] {dagbag.py:588} INFO - Filling up the DagBag from /home/airflow/.local/lib/python3.12/site-packages/airflow/example_dags/example_short_circuit_operator.py
[2024-12-06T21:40:47.450+0000] {processor.py:925} INFO - DAG(s) 'example_short_circuit_operator' retrieved from /home/airflow/.local/lib/python3.12/site-packages/airflow/example_dags/example_short_circuit_operator.py
[2024-12-06T21:40:47.598+0000] {logging_mixin.py:190} INFO - [2024-12-06T21:40:47.597+0000] {override.py:1911} INFO - Created Permission View: can edit on DAG:example_short_circuit_operator
[2024-12-06T21:40:47.612+0000] {logging_mixin.py:190} INFO - [2024-12-06T21:40:47.612+0000] {override.py:1911} INFO - Created Permission View: can delete on DAG:example_short_circuit_operator
[2024-12-06T21:40:47.621+0000] {logging_mixin.py:190} INFO - [2024-12-06T21:40:47.621+0000] {override.py:1911} INFO - Created Permission View: can read on DAG:example_short_circuit_operator
[2024-12-06T21:40:47.631+0000] {logging_mixin.py:190} INFO - [2024-12-06T21:40:47.631+0000] {override.py:1911} INFO - Created Permission View: menu access on DAG Run:example_short_circuit_operator
[2024-12-06T21:40:47.640+0000] {logging_mixin.py:190} INFO - [2024-12-06T21:40:47.640+0000] {override.py:1911} INFO - Created Permission View: can create on DAG Run:example_short_circuit_operator
[2024-12-06T21:40:47.649+0000] {logging_mixin.py:190} INFO - [2024-12-06T21:40:47.648+0000] {override.py:1911} INFO - Created Permission View: can delete on DAG Run:example_short_circuit_operator
[2024-12-06T21:40:47.658+0000] {logging_mixin.py:190} INFO - [2024-12-06T21:40:47.657+0000] {override.py:1911} INFO - Created Permission View: can read on DAG Run:example_short_circuit_operator
[2024-12-06T21:40:47.658+0000] {logging_mixin.py:190} INFO - [2024-12-06T21:40:47.658+0000] {dag.py:3239} INFO - Sync 1 DAGs
[2024-12-06T21:40:47.674+0000] {logging_mixin.py:190} INFO - [2024-12-06T21:40:47.674+0000] {dag.py:3262} INFO - Creating ORM DAG for example_short_circuit_operator
[2024-12-06T21:40:47.676+0000] {logging_mixin.py:190} INFO - [2024-12-06T21:40:47.676+0000] {dag.py:4180} INFO - Setting next_dagrun for example_short_circuit_operator to None, run_after=None
[2024-12-06T21:40:47.696+0000] {processor.py:208} INFO - Processing /home/airflow/.local/lib/python3.12/site-packages/airflow/example_dags/example_short_circuit_operator.py took 0.271 seconds
[2024-12-06T21:41:18.037+0000] {processor.py:186} INFO - Started process (PID=141) to work on /home/airflow/.local/lib/python3.12/site-packages/airflow/example_dags/example_short_circuit_operator.py
[2024-12-06T21:41:18.038+0000] {processor.py:914} INFO - Processing file /home/airflow/.local/lib/python3.12/site-packages/airflow/example_dags/example_short_circuit_operator.py for tasks to queue
[2024-12-06T21:41:18.041+0000] {logging_mixin.py:190} INFO - [2024-12-06T21:41:18.041+0000] {dagbag.py:588} INFO - Filling up the DagBag from /home/airflow/.local/lib/python3.12/site-packages/airflow/example_dags/example_short_circuit_operator.py
[2024-12-06T21:41:18.055+0000] {processor.py:925} INFO - DAG(s) 'example_short_circuit_operator' retrieved from /home/airflow/.local/lib/python3.12/site-packages/airflow/example_dags/example_short_circuit_operator.py
[2024-12-06T21:41:18.097+0000] {logging_mixin.py:190} INFO - [2024-12-06T21:41:18.096+0000] {dag.py:3239} INFO - Sync 1 DAGs
[2024-12-06T21:41:18.130+0000] {logging_mixin.py:190} INFO - [2024-12-06T21:41:18.130+0000] {dag.py:4180} INFO - Setting next_dagrun for example_short_circuit_operator to None, run_after=None
[2024-12-06T21:41:18.162+0000] {processor.py:208} INFO - Processing /home/airflow/.local/lib/python3.12/site-packages/airflow/example_dags/example_short_circuit_operator.py took 0.134 seconds
[2024-12-06T21:41:48.512+0000] {processor.py:186} INFO - Started process (PID=204) to work on /home/airflow/.local/lib/python3.12/site-packages/airflow/example_dags/example_short_circuit_operator.py
[2024-12-06T21:41:48.514+0000] {processor.py:914} INFO - Processing file /home/airflow/.local/lib/python3.12/site-packages/airflow/example_dags/example_short_circuit_operator.py for tasks to queue
[2024-12-06T21:41:48.516+0000] {logging_mixin.py:190} INFO - [2024-12-06T21:41:48.516+0000] {dagbag.py:588} INFO - Filling up the DagBag from /home/airflow/.local/lib/python3.12/site-packages/airflow/example_dags/example_short_circuit_operator.py
[2024-12-06T21:41:48.527+0000] {processor.py:925} INFO - DAG(s) 'example_short_circuit_operator' retrieved from /home/airflow/.local/lib/python3.12/site-packages/airflow/example_dags/example_short_circuit_operator.py
[2024-12-06T21:41:48.564+0000] {logging_mixin.py:190} INFO - [2024-12-06T21:41:48.563+0000] {dag.py:3239} INFO - Sync 1 DAGs
[2024-12-06T21:41:48.581+0000] {logging_mixin.py:190} INFO - [2024-12-06T21:41:48.581+0000] {dag.py:4180} INFO - Setting next_dagrun for example_short_circuit_operator to None, run_after=None
[2024-12-06T21:41:48.605+0000] {processor.py:208} INFO - Processing /home/airflow/.local/lib/python3.12/site-packages/airflow/example_dags/example_short_circuit_operator.py took 0.100 seconds
[2024-12-06T21:42:19.645+0000] {processor.py:186} INFO - Started process (PID=267) to work on /home/airflow/.local/lib/python3.12/site-packages/airflow/example_dags/example_short_circuit_operator.py
[2024-12-06T21:42:19.647+0000] {processor.py:914} INFO - Processing file /home/airflow/.local/lib/python3.12/site-packages/airflow/example_dags/example_short_circuit_operator.py for tasks to queue
[2024-12-06T21:42:19.650+0000] {logging_mixin.py:190} INFO - [2024-12-06T21:42:19.650+0000] {dagbag.py:588} INFO - Filling up the DagBag from /home/airflow/.local/lib/python3.12/site-packages/airflow/example_dags/example_short_circuit_operator.py
[2024-12-06T21:42:19.661+0000] {processor.py:925} INFO - DAG(s) 'example_short_circuit_operator' retrieved from /home/airflow/.local/lib/python3.12/site-packages/airflow/example_dags/example_short_circuit_operator.py
[2024-12-06T21:42:19.691+0000] {logging_mixin.py:190} INFO - [2024-12-06T21:42:19.691+0000] {dag.py:3239} INFO - Sync 1 DAGs
[2024-12-06T21:42:19.709+0000] {logging_mixin.py:190} INFO - [2024-12-06T21:42:19.709+0000] {dag.py:4180} INFO - Setting next_dagrun for example_short_circuit_operator to None, run_after=None
[2024-12-06T21:42:19.732+0000] {processor.py:208} INFO - Processing /home/airflow/.local/lib/python3.12/site-packages/airflow/example_dags/example_short_circuit_operator.py took 0.094 seconds
[2024-12-06T21:42:49.917+0000] {processor.py:186} INFO - Started process (PID=330) to work on /home/airflow/.local/lib/python3.12/site-packages/airflow/example_dags/example_short_circuit_operator.py
[2024-12-06T21:42:49.918+0000] {processor.py:914} INFO - Processing file /home/airflow/.local/lib/python3.12/site-packages/airflow/example_dags/example_short_circuit_operator.py for tasks to queue
[2024-12-06T21:42:49.921+0000] {logging_mixin.py:190} INFO - [2024-12-06T21:42:49.921+0000] {dagbag.py:588} INFO - Filling up the DagBag from /home/airflow/.local/lib/python3.12/site-packages/airflow/example_dags/example_short_circuit_operator.py
[2024-12-06T21:42:49.932+0000] {processor.py:925} INFO - DAG(s) 'example_short_circuit_operator' retrieved from /home/airflow/.local/lib/python3.12/site-packages/airflow/example_dags/example_short_circuit_operator.py
[2024-12-06T21:42:49.962+0000] {logging_mixin.py:190} INFO - [2024-12-06T21:42:49.962+0000] {dag.py:3239} INFO - Sync 1 DAGs
[2024-12-06T21:42:49.980+0000] {logging_mixin.py:190} INFO - [2024-12-06T21:42:49.979+0000] {dag.py:4180} INFO - Setting next_dagrun for example_short_circuit_operator to None, run_after=None
[2024-12-06T21:42:50.007+0000] {processor.py:208} INFO - Processing /home/airflow/.local/lib/python3.12/site-packages/airflow/example_dags/example_short_circuit_operator.py took 0.098 seconds
[2024-12-06T21:43:20.065+0000] {processor.py:186} INFO - Started process (PID=393) to work on /home/airflow/.local/lib/python3.12/site-packages/airflow/example_dags/example_short_circuit_operator.py
[2024-12-06T21:43:20.066+0000] {processor.py:914} INFO - Processing file /home/airflow/.local/lib/python3.12/site-packages/airflow/example_dags/example_short_circuit_operator.py for tasks to queue
[2024-12-06T21:43:20.069+0000] {logging_mixin.py:190} INFO - [2024-12-06T21:43:20.069+0000] {dagbag.py:588} INFO - Filling up the DagBag from /home/airflow/.local/lib/python3.12/site-packages/airflow/example_dags/example_short_circuit_operator.py
[2024-12-06T21:43:20.080+0000] {processor.py:925} INFO - DAG(s) 'example_short_circuit_operator' retrieved from /home/airflow/.local/lib/python3.12/site-packages/airflow/example_dags/example_short_circuit_operator.py
[2024-12-06T21:43:20.111+0000] {logging_mixin.py:190} INFO - [2024-12-06T21:43:20.110+0000] {dag.py:3239} INFO - Sync 1 DAGs
[2024-12-06T21:43:20.129+0000] {logging_mixin.py:190} INFO - [2024-12-06T21:43:20.129+0000] {dag.py:4180} INFO - Setting next_dagrun for example_short_circuit_operator to None, run_after=None
[2024-12-06T21:43:20.153+0000] {processor.py:208} INFO - Processing /home/airflow/.local/lib/python3.12/site-packages/airflow/example_dags/example_short_circuit_operator.py took 0.097 seconds
[2024-12-06T21:43:50.722+0000] {processor.py:186} INFO - Started process (PID=456) to work on /home/airflow/.local/lib/python3.12/site-packages/airflow/example_dags/example_short_circuit_operator.py
[2024-12-06T21:43:50.723+0000] {processor.py:914} INFO - Processing file /home/airflow/.local/lib/python3.12/site-packages/airflow/example_dags/example_short_circuit_operator.py for tasks to queue
[2024-12-06T21:43:50.726+0000] {logging_mixin.py:190} INFO - [2024-12-06T21:43:50.726+0000] {dagbag.py:588} INFO - Filling up the DagBag from /home/airflow/.local/lib/python3.12/site-packages/airflow/example_dags/example_short_circuit_operator.py
[2024-12-06T21:43:50.737+0000] {processor.py:925} INFO - DAG(s) 'example_short_circuit_operator' retrieved from /home/airflow/.local/lib/python3.12/site-packages/airflow/example_dags/example_short_circuit_operator.py
[2024-12-06T21:43:50.768+0000] {logging_mixin.py:190} INFO - [2024-12-06T21:43:50.767+0000] {dag.py:3239} INFO - Sync 1 DAGs
[2024-12-06T21:43:50.786+0000] {logging_mixin.py:190} INFO - [2024-12-06T21:43:50.785+0000] {dag.py:4180} INFO - Setting next_dagrun for example_short_circuit_operator to None, run_after=None
[2024-12-06T21:43:50.811+0000] {processor.py:208} INFO - Processing /home/airflow/.local/lib/python3.12/site-packages/airflow/example_dags/example_short_circuit_operator.py took 0.097 seconds
[2024-12-06T21:44:21.290+0000] {processor.py:186} INFO - Started process (PID=519) to work on /home/airflow/.local/lib/python3.12/site-packages/airflow/example_dags/example_short_circuit_operator.py
[2024-12-06T21:44:21.291+0000] {processor.py:914} INFO - Processing file /home/airflow/.local/lib/python3.12/site-packages/airflow/example_dags/example_short_circuit_operator.py for tasks to queue
[2024-12-06T21:44:21.294+0000] {logging_mixin.py:190} INFO - [2024-12-06T21:44:21.294+0000] {dagbag.py:588} INFO - Filling up the DagBag from /home/airflow/.local/lib/python3.12/site-packages/airflow/example_dags/example_short_circuit_operator.py
[2024-12-06T21:44:21.305+0000] {processor.py:925} INFO - DAG(s) 'example_short_circuit_operator' retrieved from /home/airflow/.local/lib/python3.12/site-packages/airflow/example_dags/example_short_circuit_operator.py
[2024-12-06T21:44:21.335+0000] {logging_mixin.py:190} INFO - [2024-12-06T21:44:21.335+0000] {dag.py:3239} INFO - Sync 1 DAGs
[2024-12-06T21:44:21.353+0000] {logging_mixin.py:190} INFO - [2024-12-06T21:44:21.353+0000] {dag.py:4180} INFO - Setting next_dagrun for example_short_circuit_operator to None, run_after=None
[2024-12-06T21:44:21.376+0000] {processor.py:208} INFO - Processing /home/airflow/.local/lib/python3.12/site-packages/airflow/example_dags/example_short_circuit_operator.py took 0.094 seconds
[2024-12-06T21:44:51.570+0000] {processor.py:186} INFO - Started process (PID=582) to work on /home/airflow/.local/lib/python3.12/site-packages/airflow/example_dags/example_short_circuit_operator.py
[2024-12-06T21:44:51.572+0000] {processor.py:914} INFO - Processing file /home/airflow/.local/lib/python3.12/site-packages/airflow/example_dags/example_short_circuit_operator.py for tasks to queue
[2024-12-06T21:44:51.575+0000] {logging_mixin.py:190} INFO - [2024-12-06T21:44:51.575+0000] {dagbag.py:588} INFO - Filling up the DagBag from /home/airflow/.local/lib/python3.12/site-packages/airflow/example_dags/example_short_circuit_operator.py
[2024-12-06T21:44:51.589+0000] {processor.py:925} INFO - DAG(s) 'example_short_circuit_operator' retrieved from /home/airflow/.local/lib/python3.12/site-packages/airflow/example_dags/example_short_circuit_operator.py
[2024-12-06T21:44:51.624+0000] {logging_mixin.py:190} INFO - [2024-12-06T21:44:51.624+0000] {dag.py:3239} INFO - Sync 1 DAGs
[2024-12-06T21:44:51.647+0000] {logging_mixin.py:190} INFO - [2024-12-06T21:44:51.647+0000] {dag.py:4180} INFO - Setting next_dagrun for example_short_circuit_operator to None, run_after=None
[2024-12-06T21:44:51.676+0000] {processor.py:208} INFO - Processing /home/airflow/.local/lib/python3.12/site-packages/airflow/example_dags/example_short_circuit_operator.py took 0.116 seconds
[2024-12-06T21:45:22.178+0000] {processor.py:186} INFO - Started process (PID=646) to work on /home/airflow/.local/lib/python3.12/site-packages/airflow/example_dags/example_short_circuit_operator.py
[2024-12-06T21:45:22.179+0000] {processor.py:914} INFO - Processing file /home/airflow/.local/lib/python3.12/site-packages/airflow/example_dags/example_short_circuit_operator.py for tasks to queue
[2024-12-06T21:45:22.182+0000] {logging_mixin.py:190} INFO - [2024-12-06T21:45:22.182+0000] {dagbag.py:588} INFO - Filling up the DagBag from /home/airflow/.local/lib/python3.12/site-packages/airflow/example_dags/example_short_circuit_operator.py
[2024-12-06T21:45:22.194+0000] {processor.py:925} INFO - DAG(s) 'example_short_circuit_operator' retrieved from /home/airflow/.local/lib/python3.12/site-packages/airflow/example_dags/example_short_circuit_operator.py
[2024-12-06T21:45:22.224+0000] {logging_mixin.py:190} INFO - [2024-12-06T21:45:22.224+0000] {dag.py:3239} INFO - Sync 1 DAGs
[2024-12-06T21:45:22.243+0000] {logging_mixin.py:190} INFO - [2024-12-06T21:45:22.242+0000] {dag.py:4180} INFO - Setting next_dagrun for example_short_circuit_operator to None, run_after=None
[2024-12-06T21:45:22.266+0000] {processor.py:208} INFO - Processing /home/airflow/.local/lib/python3.12/site-packages/airflow/example_dags/example_short_circuit_operator.py took 0.096 seconds
[2024-12-06T21:45:53.143+0000] {processor.py:186} INFO - Started process (PID=709) to work on /home/airflow/.local/lib/python3.12/site-packages/airflow/example_dags/example_short_circuit_operator.py
[2024-12-06T21:45:53.145+0000] {processor.py:914} INFO - Processing file /home/airflow/.local/lib/python3.12/site-packages/airflow/example_dags/example_short_circuit_operator.py for tasks to queue
[2024-12-06T21:45:53.148+0000] {logging_mixin.py:190} INFO - [2024-12-06T21:45:53.148+0000] {dagbag.py:588} INFO - Filling up the DagBag from /home/airflow/.local/lib/python3.12/site-packages/airflow/example_dags/example_short_circuit_operator.py
[2024-12-06T21:45:53.159+0000] {processor.py:925} INFO - DAG(s) 'example_short_circuit_operator' retrieved from /home/airflow/.local/lib/python3.12/site-packages/airflow/example_dags/example_short_circuit_operator.py
[2024-12-06T21:45:53.191+0000] {logging_mixin.py:190} INFO - [2024-12-06T21:45:53.190+0000] {dag.py:3239} INFO - Sync 1 DAGs
[2024-12-06T21:45:53.209+0000] {logging_mixin.py:190} INFO - [2024-12-06T21:45:53.208+0000] {dag.py:4180} INFO - Setting next_dagrun for example_short_circuit_operator to None, run_after=None
[2024-12-06T21:45:53.231+0000] {processor.py:208} INFO - Processing /home/airflow/.local/lib/python3.12/site-packages/airflow/example_dags/example_short_circuit_operator.py took 0.096 seconds
[2024-12-06T21:46:24.107+0000] {processor.py:186} INFO - Started process (PID=777) to work on /home/airflow/.local/lib/python3.12/site-packages/airflow/example_dags/example_short_circuit_operator.py
[2024-12-06T21:46:24.109+0000] {processor.py:914} INFO - Processing file /home/airflow/.local/lib/python3.12/site-packages/airflow/example_dags/example_short_circuit_operator.py for tasks to queue
[2024-12-06T21:46:24.112+0000] {logging_mixin.py:190} INFO - [2024-12-06T21:46:24.111+0000] {dagbag.py:588} INFO - Filling up the DagBag from /home/airflow/.local/lib/python3.12/site-packages/airflow/example_dags/example_short_circuit_operator.py
[2024-12-06T21:46:24.124+0000] {processor.py:925} INFO - DAG(s) 'example_short_circuit_operator' retrieved from /home/airflow/.local/lib/python3.12/site-packages/airflow/example_dags/example_short_circuit_operator.py
[2024-12-06T21:46:24.158+0000] {logging_mixin.py:190} INFO - [2024-12-06T21:46:24.158+0000] {dag.py:3239} INFO - Sync 1 DAGs
[2024-12-06T21:46:24.180+0000] {logging_mixin.py:190} INFO - [2024-12-06T21:46:24.180+0000] {dag.py:4180} INFO - Setting next_dagrun for example_short_circuit_operator to None, run_after=None
[2024-12-06T21:46:24.203+0000] {processor.py:208} INFO - Processing /home/airflow/.local/lib/python3.12/site-packages/airflow/example_dags/example_short_circuit_operator.py took 0.104 seconds
[2024-12-06T21:46:54.427+0000] {processor.py:186} INFO - Started process (PID=840) to work on /home/airflow/.local/lib/python3.12/site-packages/airflow/example_dags/example_short_circuit_operator.py
[2024-12-06T21:46:54.428+0000] {processor.py:914} INFO - Processing file /home/airflow/.local/lib/python3.12/site-packages/airflow/example_dags/example_short_circuit_operator.py for tasks to queue
[2024-12-06T21:46:54.431+0000] {logging_mixin.py:190} INFO - [2024-12-06T21:46:54.431+0000] {dagbag.py:588} INFO - Filling up the DagBag from /home/airflow/.local/lib/python3.12/site-packages/airflow/example_dags/example_short_circuit_operator.py
[2024-12-06T21:46:54.447+0000] {processor.py:925} INFO - DAG(s) 'example_short_circuit_operator' retrieved from /home/airflow/.local/lib/python3.12/site-packages/airflow/example_dags/example_short_circuit_operator.py
[2024-12-06T21:46:54.476+0000] {logging_mixin.py:190} INFO - [2024-12-06T21:46:54.476+0000] {dag.py:3239} INFO - Sync 1 DAGs
[2024-12-06T21:46:54.494+0000] {logging_mixin.py:190} INFO - [2024-12-06T21:46:54.494+0000] {dag.py:4180} INFO - Setting next_dagrun for example_short_circuit_operator to None, run_after=None
[2024-12-06T21:46:54.517+0000] {processor.py:208} INFO - Processing /home/airflow/.local/lib/python3.12/site-packages/airflow/example_dags/example_short_circuit_operator.py took 0.098 seconds
[2024-12-06T21:47:25.426+0000] {processor.py:186} INFO - Started process (PID=908) to work on /home/airflow/.local/lib/python3.12/site-packages/airflow/example_dags/example_short_circuit_operator.py
[2024-12-06T21:47:25.427+0000] {processor.py:914} INFO - Processing file /home/airflow/.local/lib/python3.12/site-packages/airflow/example_dags/example_short_circuit_operator.py for tasks to queue
[2024-12-06T21:47:25.431+0000] {logging_mixin.py:190} INFO - [2024-12-06T21:47:25.430+0000] {dagbag.py:588} INFO - Filling up the DagBag from /home/airflow/.local/lib/python3.12/site-packages/airflow/example_dags/example_short_circuit_operator.py
[2024-12-06T21:47:25.443+0000] {processor.py:925} INFO - DAG(s) 'example_short_circuit_operator' retrieved from /home/airflow/.local/lib/python3.12/site-packages/airflow/example_dags/example_short_circuit_operator.py
[2024-12-06T21:47:25.475+0000] {logging_mixin.py:190} INFO - [2024-12-06T21:47:25.474+0000] {dag.py:3239} INFO - Sync 1 DAGs
[2024-12-06T21:47:25.495+0000] {logging_mixin.py:190} INFO - [2024-12-06T21:47:25.495+0000] {dag.py:4180} INFO - Setting next_dagrun for example_short_circuit_operator to None, run_after=None
[2024-12-06T21:47:25.521+0000] {processor.py:208} INFO - Processing /home/airflow/.local/lib/python3.12/site-packages/airflow/example_dags/example_short_circuit_operator.py took 0.105 seconds
[2024-12-06T21:47:55.988+0000] {processor.py:186} INFO - Started process (PID=971) to work on /home/airflow/.local/lib/python3.12/site-packages/airflow/example_dags/example_short_circuit_operator.py
[2024-12-06T21:47:55.989+0000] {processor.py:914} INFO - Processing file /home/airflow/.local/lib/python3.12/site-packages/airflow/example_dags/example_short_circuit_operator.py for tasks to queue
[2024-12-06T21:47:55.993+0000] {logging_mixin.py:190} INFO - [2024-12-06T21:47:55.992+0000] {dagbag.py:588} INFO - Filling up the DagBag from /home/airflow/.local/lib/python3.12/site-packages/airflow/example_dags/example_short_circuit_operator.py
[2024-12-06T21:47:56.006+0000] {processor.py:925} INFO - DAG(s) 'example_short_circuit_operator' retrieved from /home/airflow/.local/lib/python3.12/site-packages/airflow/example_dags/example_short_circuit_operator.py
[2024-12-06T21:47:56.040+0000] {logging_mixin.py:190} INFO - [2024-12-06T21:47:56.040+0000] {dag.py:3239} INFO - Sync 1 DAGs
[2024-12-06T21:47:56.060+0000] {logging_mixin.py:190} INFO - [2024-12-06T21:47:56.060+0000] {dag.py:4180} INFO - Setting next_dagrun for example_short_circuit_operator to None, run_after=None
[2024-12-06T21:47:56.087+0000] {processor.py:208} INFO - Processing /home/airflow/.local/lib/python3.12/site-packages/airflow/example_dags/example_short_circuit_operator.py took 0.109 seconds
[2024-12-06T21:48:27.062+0000] {processor.py:186} INFO - Started process (PID=1034) to work on /home/airflow/.local/lib/python3.12/site-packages/airflow/example_dags/example_short_circuit_operator.py
[2024-12-06T21:48:27.063+0000] {processor.py:914} INFO - Processing file /home/airflow/.local/lib/python3.12/site-packages/airflow/example_dags/example_short_circuit_operator.py for tasks to queue
[2024-12-06T21:48:27.068+0000] {logging_mixin.py:190} INFO - [2024-12-06T21:48:27.067+0000] {dagbag.py:588} INFO - Filling up the DagBag from /home/airflow/.local/lib/python3.12/site-packages/airflow/example_dags/example_short_circuit_operator.py
[2024-12-06T21:48:27.081+0000] {processor.py:925} INFO - DAG(s) 'example_short_circuit_operator' retrieved from /home/airflow/.local/lib/python3.12/site-packages/airflow/example_dags/example_short_circuit_operator.py
[2024-12-06T21:48:27.119+0000] {logging_mixin.py:190} INFO - [2024-12-06T21:48:27.119+0000] {dag.py:3239} INFO - Sync 1 DAGs
[2024-12-06T21:48:27.142+0000] {logging_mixin.py:190} INFO - [2024-12-06T21:48:27.142+0000] {dag.py:4180} INFO - Setting next_dagrun for example_short_circuit_operator to None, run_after=None
[2024-12-06T21:48:27.173+0000] {processor.py:208} INFO - Processing /home/airflow/.local/lib/python3.12/site-packages/airflow/example_dags/example_short_circuit_operator.py took 0.120 seconds
[2024-12-06T21:48:57.712+0000] {processor.py:186} INFO - Started process (PID=1096) to work on /home/airflow/.local/lib/python3.12/site-packages/airflow/example_dags/example_short_circuit_operator.py
[2024-12-06T21:48:57.716+0000] {processor.py:914} INFO - Processing file /home/airflow/.local/lib/python3.12/site-packages/airflow/example_dags/example_short_circuit_operator.py for tasks to queue
[2024-12-06T21:48:57.726+0000] {logging_mixin.py:190} INFO - [2024-12-06T21:48:57.725+0000] {dagbag.py:588} INFO - Filling up the DagBag from /home/airflow/.local/lib/python3.12/site-packages/airflow/example_dags/example_short_circuit_operator.py
[2024-12-06T21:48:57.762+0000] {processor.py:925} INFO - DAG(s) 'example_short_circuit_operator' retrieved from /home/airflow/.local/lib/python3.12/site-packages/airflow/example_dags/example_short_circuit_operator.py
[2024-12-06T21:48:57.840+0000] {logging_mixin.py:190} INFO - [2024-12-06T21:48:57.839+0000] {dag.py:3239} INFO - Sync 1 DAGs
[2024-12-06T21:48:57.884+0000] {logging_mixin.py:190} INFO - [2024-12-06T21:48:57.884+0000] {dag.py:4180} INFO - Setting next_dagrun for example_short_circuit_operator to None, run_after=None
[2024-12-06T21:48:57.941+0000] {processor.py:208} INFO - Processing /home/airflow/.local/lib/python3.12/site-packages/airflow/example_dags/example_short_circuit_operator.py took 0.255 seconds
[2024-12-06T21:49:29.143+0000] {processor.py:186} INFO - Started process (PID=1160) to work on /home/airflow/.local/lib/python3.12/site-packages/airflow/example_dags/example_short_circuit_operator.py
[2024-12-06T21:49:29.144+0000] {processor.py:914} INFO - Processing file /home/airflow/.local/lib/python3.12/site-packages/airflow/example_dags/example_short_circuit_operator.py for tasks to queue
[2024-12-06T21:49:29.148+0000] {logging_mixin.py:190} INFO - [2024-12-06T21:49:29.148+0000] {dagbag.py:588} INFO - Filling up the DagBag from /home/airflow/.local/lib/python3.12/site-packages/airflow/example_dags/example_short_circuit_operator.py
[2024-12-06T21:49:29.163+0000] {processor.py:925} INFO - DAG(s) 'example_short_circuit_operator' retrieved from /home/airflow/.local/lib/python3.12/site-packages/airflow/example_dags/example_short_circuit_operator.py
[2024-12-06T21:49:29.202+0000] {logging_mixin.py:190} INFO - [2024-12-06T21:49:29.201+0000] {dag.py:3239} INFO - Sync 1 DAGs
[2024-12-06T21:49:29.226+0000] {logging_mixin.py:190} INFO - [2024-12-06T21:49:29.226+0000] {dag.py:4180} INFO - Setting next_dagrun for example_short_circuit_operator to None, run_after=None
[2024-12-06T21:49:29.257+0000] {processor.py:208} INFO - Processing /home/airflow/.local/lib/python3.12/site-packages/airflow/example_dags/example_short_circuit_operator.py took 0.125 seconds
[2024-12-06T21:49:59.748+0000] {processor.py:186} INFO - Started process (PID=1223) to work on /home/airflow/.local/lib/python3.12/site-packages/airflow/example_dags/example_short_circuit_operator.py
[2024-12-06T21:49:59.750+0000] {processor.py:914} INFO - Processing file /home/airflow/.local/lib/python3.12/site-packages/airflow/example_dags/example_short_circuit_operator.py for tasks to queue
[2024-12-06T21:49:59.754+0000] {logging_mixin.py:190} INFO - [2024-12-06T21:49:59.754+0000] {dagbag.py:588} INFO - Filling up the DagBag from /home/airflow/.local/lib/python3.12/site-packages/airflow/example_dags/example_short_circuit_operator.py
[2024-12-06T21:49:59.771+0000] {processor.py:925} INFO - DAG(s) 'example_short_circuit_operator' retrieved from /home/airflow/.local/lib/python3.12/site-packages/airflow/example_dags/example_short_circuit_operator.py
[2024-12-06T21:49:59.819+0000] {logging_mixin.py:190} INFO - [2024-12-06T21:49:59.819+0000] {dag.py:3239} INFO - Sync 1 DAGs
[2024-12-06T21:49:59.854+0000] {logging_mixin.py:190} INFO - [2024-12-06T21:49:59.854+0000] {dag.py:4180} INFO - Setting next_dagrun for example_short_circuit_operator to None, run_after=None
[2024-12-06T21:49:59.898+0000] {processor.py:208} INFO - Processing /home/airflow/.local/lib/python3.12/site-packages/airflow/example_dags/example_short_circuit_operator.py took 0.160 seconds
[2024-12-06T21:50:30.643+0000] {processor.py:186} INFO - Started process (PID=1286) to work on /home/airflow/.local/lib/python3.12/site-packages/airflow/example_dags/example_short_circuit_operator.py
[2024-12-06T21:50:30.645+0000] {processor.py:914} INFO - Processing file /home/airflow/.local/lib/python3.12/site-packages/airflow/example_dags/example_short_circuit_operator.py for tasks to queue
[2024-12-06T21:50:30.651+0000] {logging_mixin.py:190} INFO - [2024-12-06T21:50:30.650+0000] {dagbag.py:588} INFO - Filling up the DagBag from /home/airflow/.local/lib/python3.12/site-packages/airflow/example_dags/example_short_circuit_operator.py
[2024-12-06T21:50:30.670+0000] {processor.py:925} INFO - DAG(s) 'example_short_circuit_operator' retrieved from /home/airflow/.local/lib/python3.12/site-packages/airflow/example_dags/example_short_circuit_operator.py
[2024-12-06T21:50:30.715+0000] {logging_mixin.py:190} INFO - [2024-12-06T21:50:30.715+0000] {dag.py:3239} INFO - Sync 1 DAGs
[2024-12-06T21:50:30.742+0000] {logging_mixin.py:190} INFO - [2024-12-06T21:50:30.741+0000] {dag.py:4180} INFO - Setting next_dagrun for example_short_circuit_operator to None, run_after=None
[2024-12-06T21:50:30.776+0000] {processor.py:208} INFO - Processing /home/airflow/.local/lib/python3.12/site-packages/airflow/example_dags/example_short_circuit_operator.py took 0.145 seconds
[2024-12-06T21:51:01.328+0000] {processor.py:186} INFO - Started process (PID=1349) to work on /home/airflow/.local/lib/python3.12/site-packages/airflow/example_dags/example_short_circuit_operator.py
[2024-12-06T21:51:01.332+0000] {processor.py:914} INFO - Processing file /home/airflow/.local/lib/python3.12/site-packages/airflow/example_dags/example_short_circuit_operator.py for tasks to queue
[2024-12-06T21:51:01.339+0000] {logging_mixin.py:190} INFO - [2024-12-06T21:51:01.338+0000] {dagbag.py:588} INFO - Filling up the DagBag from /home/airflow/.local/lib/python3.12/site-packages/airflow/example_dags/example_short_circuit_operator.py
[2024-12-06T21:51:01.363+0000] {processor.py:925} INFO - DAG(s) 'example_short_circuit_operator' retrieved from /home/airflow/.local/lib/python3.12/site-packages/airflow/example_dags/example_short_circuit_operator.py
[2024-12-06T21:51:01.405+0000] {logging_mixin.py:190} INFO - [2024-12-06T21:51:01.405+0000] {dag.py:3239} INFO - Sync 1 DAGs
[2024-12-06T21:51:01.428+0000] {logging_mixin.py:190} INFO - [2024-12-06T21:51:01.428+0000] {dag.py:4180} INFO - Setting next_dagrun for example_short_circuit_operator to None, run_after=None
[2024-12-06T21:51:01.467+0000] {processor.py:208} INFO - Processing /home/airflow/.local/lib/python3.12/site-packages/airflow/example_dags/example_short_circuit_operator.py took 0.147 seconds
[2024-12-06T21:51:31.617+0000] {processor.py:186} INFO - Started process (PID=1412) to work on /home/airflow/.local/lib/python3.12/site-packages/airflow/example_dags/example_short_circuit_operator.py
[2024-12-06T21:51:31.620+0000] {processor.py:914} INFO - Processing file /home/airflow/.local/lib/python3.12/site-packages/airflow/example_dags/example_short_circuit_operator.py for tasks to queue
[2024-12-06T21:51:31.624+0000] {logging_mixin.py:190} INFO - [2024-12-06T21:51:31.623+0000] {dagbag.py:588} INFO - Filling up the DagBag from /home/airflow/.local/lib/python3.12/site-packages/airflow/example_dags/example_short_circuit_operator.py
[2024-12-06T21:51:31.640+0000] {processor.py:925} INFO - DAG(s) 'example_short_circuit_operator' retrieved from /home/airflow/.local/lib/python3.12/site-packages/airflow/example_dags/example_short_circuit_operator.py
[2024-12-06T21:51:31.690+0000] {logging_mixin.py:190} INFO - [2024-12-06T21:51:31.690+0000] {dag.py:3239} INFO - Sync 1 DAGs
[2024-12-06T21:51:31.727+0000] {logging_mixin.py:190} INFO - [2024-12-06T21:51:31.726+0000] {dag.py:4180} INFO - Setting next_dagrun for example_short_circuit_operator to None, run_after=None
[2024-12-06T21:51:31.763+0000] {processor.py:208} INFO - Processing /home/airflow/.local/lib/python3.12/site-packages/airflow/example_dags/example_short_circuit_operator.py took 0.161 seconds
[2024-12-06T21:52:01.990+0000] {processor.py:186} INFO - Started process (PID=1475) to work on /home/airflow/.local/lib/python3.12/site-packages/airflow/example_dags/example_short_circuit_operator.py
[2024-12-06T21:52:01.992+0000] {processor.py:914} INFO - Processing file /home/airflow/.local/lib/python3.12/site-packages/airflow/example_dags/example_short_circuit_operator.py for tasks to queue
[2024-12-06T21:52:01.996+0000] {logging_mixin.py:190} INFO - [2024-12-06T21:52:01.996+0000] {dagbag.py:588} INFO - Filling up the DagBag from /home/airflow/.local/lib/python3.12/site-packages/airflow/example_dags/example_short_circuit_operator.py
[2024-12-06T21:52:02.014+0000] {processor.py:925} INFO - DAG(s) 'example_short_circuit_operator' retrieved from /home/airflow/.local/lib/python3.12/site-packages/airflow/example_dags/example_short_circuit_operator.py
[2024-12-06T21:52:02.058+0000] {logging_mixin.py:190} INFO - [2024-12-06T21:52:02.058+0000] {dag.py:3239} INFO - Sync 1 DAGs
[2024-12-06T21:52:02.085+0000] {logging_mixin.py:190} INFO - [2024-12-06T21:52:02.085+0000] {dag.py:4180} INFO - Setting next_dagrun for example_short_circuit_operator to None, run_after=None
[2024-12-06T21:52:02.138+0000] {processor.py:208} INFO - Processing /home/airflow/.local/lib/python3.12/site-packages/airflow/example_dags/example_short_circuit_operator.py took 0.160 seconds
[2024-12-06T21:52:32.362+0000] {processor.py:186} INFO - Started process (PID=1538) to work on /home/airflow/.local/lib/python3.12/site-packages/airflow/example_dags/example_short_circuit_operator.py
[2024-12-06T21:52:32.364+0000] {processor.py:914} INFO - Processing file /home/airflow/.local/lib/python3.12/site-packages/airflow/example_dags/example_short_circuit_operator.py for tasks to queue
[2024-12-06T21:52:32.367+0000] {logging_mixin.py:190} INFO - [2024-12-06T21:52:32.367+0000] {dagbag.py:588} INFO - Filling up the DagBag from /home/airflow/.local/lib/python3.12/site-packages/airflow/example_dags/example_short_circuit_operator.py
[2024-12-06T21:52:32.381+0000] {processor.py:925} INFO - DAG(s) 'example_short_circuit_operator' retrieved from /home/airflow/.local/lib/python3.12/site-packages/airflow/example_dags/example_short_circuit_operator.py
[2024-12-06T21:52:32.419+0000] {logging_mixin.py:190} INFO - [2024-12-06T21:52:32.419+0000] {dag.py:3239} INFO - Sync 1 DAGs
[2024-12-06T21:52:32.442+0000] {logging_mixin.py:190} INFO - [2024-12-06T21:52:32.442+0000] {dag.py:4180} INFO - Setting next_dagrun for example_short_circuit_operator to None, run_after=None
[2024-12-06T21:52:32.471+0000] {processor.py:208} INFO - Processing /home/airflow/.local/lib/python3.12/site-packages/airflow/example_dags/example_short_circuit_operator.py took 0.120 seconds
[2024-12-06T21:53:03.390+0000] {processor.py:186} INFO - Started process (PID=1601) to work on /home/airflow/.local/lib/python3.12/site-packages/airflow/example_dags/example_short_circuit_operator.py
[2024-12-06T21:53:03.392+0000] {processor.py:914} INFO - Processing file /home/airflow/.local/lib/python3.12/site-packages/airflow/example_dags/example_short_circuit_operator.py for tasks to queue
[2024-12-06T21:53:03.396+0000] {logging_mixin.py:190} INFO - [2024-12-06T21:53:03.396+0000] {dagbag.py:588} INFO - Filling up the DagBag from /home/airflow/.local/lib/python3.12/site-packages/airflow/example_dags/example_short_circuit_operator.py
[2024-12-06T21:53:03.410+0000] {processor.py:925} INFO - DAG(s) 'example_short_circuit_operator' retrieved from /home/airflow/.local/lib/python3.12/site-packages/airflow/example_dags/example_short_circuit_operator.py
[2024-12-06T21:53:03.447+0000] {logging_mixin.py:190} INFO - [2024-12-06T21:53:03.447+0000] {dag.py:3239} INFO - Sync 1 DAGs
[2024-12-06T21:53:03.468+0000] {logging_mixin.py:190} INFO - [2024-12-06T21:53:03.468+0000] {dag.py:4180} INFO - Setting next_dagrun for example_short_circuit_operator to None, run_after=None
[2024-12-06T21:53:03.496+0000] {processor.py:208} INFO - Processing /home/airflow/.local/lib/python3.12/site-packages/airflow/example_dags/example_short_circuit_operator.py took 0.114 seconds
[2024-12-06T21:53:34.296+0000] {processor.py:186} INFO - Started process (PID=1664) to work on /home/airflow/.local/lib/python3.12/site-packages/airflow/example_dags/example_short_circuit_operator.py
[2024-12-06T21:53:34.297+0000] {processor.py:914} INFO - Processing file /home/airflow/.local/lib/python3.12/site-packages/airflow/example_dags/example_short_circuit_operator.py for tasks to queue
[2024-12-06T21:53:34.301+0000] {logging_mixin.py:190} INFO - [2024-12-06T21:53:34.301+0000] {dagbag.py:588} INFO - Filling up the DagBag from /home/airflow/.local/lib/python3.12/site-packages/airflow/example_dags/example_short_circuit_operator.py
[2024-12-06T21:53:34.315+0000] {processor.py:925} INFO - DAG(s) 'example_short_circuit_operator' retrieved from /home/airflow/.local/lib/python3.12/site-packages/airflow/example_dags/example_short_circuit_operator.py
[2024-12-06T21:53:34.353+0000] {logging_mixin.py:190} INFO - [2024-12-06T21:53:34.353+0000] {dag.py:3239} INFO - Sync 1 DAGs
[2024-12-06T21:53:34.375+0000] {logging_mixin.py:190} INFO - [2024-12-06T21:53:34.375+0000] {dag.py:4180} INFO - Setting next_dagrun for example_short_circuit_operator to None, run_after=None
[2024-12-06T21:53:34.407+0000] {processor.py:208} INFO - Processing /home/airflow/.local/lib/python3.12/site-packages/airflow/example_dags/example_short_circuit_operator.py took 0.121 seconds
[2024-12-06T21:54:05.269+0000] {processor.py:186} INFO - Started process (PID=1718) to work on /home/airflow/.local/lib/python3.12/site-packages/airflow/example_dags/example_short_circuit_operator.py
[2024-12-06T21:54:05.272+0000] {processor.py:914} INFO - Processing file /home/airflow/.local/lib/python3.12/site-packages/airflow/example_dags/example_short_circuit_operator.py for tasks to queue
[2024-12-06T21:54:05.276+0000] {logging_mixin.py:190} INFO - [2024-12-06T21:54:05.275+0000] {dagbag.py:588} INFO - Filling up the DagBag from /home/airflow/.local/lib/python3.12/site-packages/airflow/example_dags/example_short_circuit_operator.py
[2024-12-06T21:54:05.293+0000] {processor.py:925} INFO - DAG(s) 'example_short_circuit_operator' retrieved from /home/airflow/.local/lib/python3.12/site-packages/airflow/example_dags/example_short_circuit_operator.py
[2024-12-06T21:54:05.334+0000] {logging_mixin.py:190} INFO - [2024-12-06T21:54:05.333+0000] {dag.py:3239} INFO - Sync 1 DAGs
[2024-12-06T21:54:05.359+0000] {logging_mixin.py:190} INFO - [2024-12-06T21:54:05.359+0000] {dag.py:4180} INFO - Setting next_dagrun for example_short_circuit_operator to None, run_after=None
[2024-12-06T21:54:05.392+0000] {processor.py:208} INFO - Processing /home/airflow/.local/lib/python3.12/site-packages/airflow/example_dags/example_short_circuit_operator.py took 0.135 seconds
[2024-12-06T21:54:37.294+0000] {processor.py:186} INFO - Started process (PID=1781) to work on /home/airflow/.local/lib/python3.12/site-packages/airflow/example_dags/example_short_circuit_operator.py
[2024-12-06T21:54:37.296+0000] {processor.py:914} INFO - Processing file /home/airflow/.local/lib/python3.12/site-packages/airflow/example_dags/example_short_circuit_operator.py for tasks to queue
[2024-12-06T21:54:37.302+0000] {logging_mixin.py:190} INFO - [2024-12-06T21:54:37.300+0000] {dagbag.py:588} INFO - Filling up the DagBag from /home/airflow/.local/lib/python3.12/site-packages/airflow/example_dags/example_short_circuit_operator.py
[2024-12-06T21:54:37.329+0000] {processor.py:925} INFO - DAG(s) 'example_short_circuit_operator' retrieved from /home/airflow/.local/lib/python3.12/site-packages/airflow/example_dags/example_short_circuit_operator.py
[2024-12-06T21:54:37.382+0000] {logging_mixin.py:190} INFO - [2024-12-06T21:54:37.381+0000] {dag.py:3239} INFO - Sync 1 DAGs
[2024-12-06T21:54:37.415+0000] {logging_mixin.py:190} INFO - [2024-12-06T21:54:37.414+0000] {dag.py:4180} INFO - Setting next_dagrun for example_short_circuit_operator to None, run_after=None
[2024-12-06T21:54:37.446+0000] {processor.py:208} INFO - Processing /home/airflow/.local/lib/python3.12/site-packages/airflow/example_dags/example_short_circuit_operator.py took 0.168 seconds
[2024-12-06T21:55:07.638+0000] {processor.py:186} INFO - Started process (PID=1839) to work on /home/airflow/.local/lib/python3.12/site-packages/airflow/example_dags/example_short_circuit_operator.py
[2024-12-06T21:55:07.641+0000] {processor.py:914} INFO - Processing file /home/airflow/.local/lib/python3.12/site-packages/airflow/example_dags/example_short_circuit_operator.py for tasks to queue
[2024-12-06T21:55:07.646+0000] {logging_mixin.py:190} INFO - [2024-12-06T21:55:07.645+0000] {dagbag.py:588} INFO - Filling up the DagBag from /home/airflow/.local/lib/python3.12/site-packages/airflow/example_dags/example_short_circuit_operator.py
[2024-12-06T21:55:07.661+0000] {processor.py:925} INFO - DAG(s) 'example_short_circuit_operator' retrieved from /home/airflow/.local/lib/python3.12/site-packages/airflow/example_dags/example_short_circuit_operator.py
[2024-12-06T21:55:07.698+0000] {logging_mixin.py:190} INFO - [2024-12-06T21:55:07.697+0000] {dag.py:3239} INFO - Sync 1 DAGs
[2024-12-06T21:55:07.724+0000] {logging_mixin.py:190} INFO - [2024-12-06T21:55:07.723+0000] {dag.py:4180} INFO - Setting next_dagrun for example_short_circuit_operator to None, run_after=None
[2024-12-06T21:55:07.753+0000] {processor.py:208} INFO - Processing /home/airflow/.local/lib/python3.12/site-packages/airflow/example_dags/example_short_circuit_operator.py took 0.124 seconds
[2024-12-06T21:55:38.651+0000] {processor.py:186} INFO - Started process (PID=1893) to work on /home/airflow/.local/lib/python3.12/site-packages/airflow/example_dags/example_short_circuit_operator.py
[2024-12-06T21:55:38.652+0000] {processor.py:914} INFO - Processing file /home/airflow/.local/lib/python3.12/site-packages/airflow/example_dags/example_short_circuit_operator.py for tasks to queue
[2024-12-06T21:55:38.656+0000] {logging_mixin.py:190} INFO - [2024-12-06T21:55:38.656+0000] {dagbag.py:588} INFO - Filling up the DagBag from /home/airflow/.local/lib/python3.12/site-packages/airflow/example_dags/example_short_circuit_operator.py
[2024-12-06T21:55:38.672+0000] {processor.py:925} INFO - DAG(s) 'example_short_circuit_operator' retrieved from /home/airflow/.local/lib/python3.12/site-packages/airflow/example_dags/example_short_circuit_operator.py
[2024-12-06T21:55:38.722+0000] {logging_mixin.py:190} INFO - [2024-12-06T21:55:38.722+0000] {dag.py:3239} INFO - Sync 1 DAGs
[2024-12-06T21:55:38.750+0000] {logging_mixin.py:190} INFO - [2024-12-06T21:55:38.750+0000] {dag.py:4180} INFO - Setting next_dagrun for example_short_circuit_operator to None, run_after=None
[2024-12-06T21:55:38.788+0000] {processor.py:208} INFO - Processing /home/airflow/.local/lib/python3.12/site-packages/airflow/example_dags/example_short_circuit_operator.py took 0.149 seconds
[2024-12-06T21:56:10.119+0000] {processor.py:186} INFO - Started process (PID=1953) to work on /home/airflow/.local/lib/python3.12/site-packages/airflow/example_dags/example_short_circuit_operator.py
[2024-12-06T21:56:10.121+0000] {processor.py:914} INFO - Processing file /home/airflow/.local/lib/python3.12/site-packages/airflow/example_dags/example_short_circuit_operator.py for tasks to queue
[2024-12-06T21:56:10.124+0000] {logging_mixin.py:190} INFO - [2024-12-06T21:56:10.124+0000] {dagbag.py:588} INFO - Filling up the DagBag from /home/airflow/.local/lib/python3.12/site-packages/airflow/example_dags/example_short_circuit_operator.py
[2024-12-06T21:56:10.138+0000] {processor.py:925} INFO - DAG(s) 'example_short_circuit_operator' retrieved from /home/airflow/.local/lib/python3.12/site-packages/airflow/example_dags/example_short_circuit_operator.py
[2024-12-06T21:56:10.174+0000] {logging_mixin.py:190} INFO - [2024-12-06T21:56:10.173+0000] {dag.py:3239} INFO - Sync 1 DAGs
[2024-12-06T21:56:10.199+0000] {logging_mixin.py:190} INFO - [2024-12-06T21:56:10.199+0000] {dag.py:4180} INFO - Setting next_dagrun for example_short_circuit_operator to None, run_after=None
[2024-12-06T21:56:10.225+0000] {processor.py:208} INFO - Processing /home/airflow/.local/lib/python3.12/site-packages/airflow/example_dags/example_short_circuit_operator.py took 0.119 seconds
[2024-12-06T21:56:40.740+0000] {processor.py:186} INFO - Started process (PID=2013) to work on /home/airflow/.local/lib/python3.12/site-packages/airflow/example_dags/example_short_circuit_operator.py
[2024-12-06T21:56:40.742+0000] {processor.py:914} INFO - Processing file /home/airflow/.local/lib/python3.12/site-packages/airflow/example_dags/example_short_circuit_operator.py for tasks to queue
[2024-12-06T21:56:40.745+0000] {logging_mixin.py:190} INFO - [2024-12-06T21:56:40.744+0000] {dagbag.py:588} INFO - Filling up the DagBag from /home/airflow/.local/lib/python3.12/site-packages/airflow/example_dags/example_short_circuit_operator.py
[2024-12-06T21:56:40.762+0000] {processor.py:925} INFO - DAG(s) 'example_short_circuit_operator' retrieved from /home/airflow/.local/lib/python3.12/site-packages/airflow/example_dags/example_short_circuit_operator.py
[2024-12-06T21:56:40.798+0000] {logging_mixin.py:190} INFO - [2024-12-06T21:56:40.798+0000] {dag.py:3239} INFO - Sync 1 DAGs
[2024-12-06T21:56:40.821+0000] {logging_mixin.py:190} INFO - [2024-12-06T21:56:40.821+0000] {dag.py:4180} INFO - Setting next_dagrun for example_short_circuit_operator to None, run_after=None
[2024-12-06T21:56:40.848+0000] {processor.py:208} INFO - Processing /home/airflow/.local/lib/python3.12/site-packages/airflow/example_dags/example_short_circuit_operator.py took 0.117 seconds
[2024-12-06T21:57:11.956+0000] {processor.py:186} INFO - Started process (PID=2075) to work on /home/airflow/.local/lib/python3.12/site-packages/airflow/example_dags/example_short_circuit_operator.py
[2024-12-06T21:57:11.957+0000] {processor.py:914} INFO - Processing file /home/airflow/.local/lib/python3.12/site-packages/airflow/example_dags/example_short_circuit_operator.py for tasks to queue
[2024-12-06T21:57:11.961+0000] {logging_mixin.py:190} INFO - [2024-12-06T21:57:11.960+0000] {dagbag.py:588} INFO - Filling up the DagBag from /home/airflow/.local/lib/python3.12/site-packages/airflow/example_dags/example_short_circuit_operator.py
[2024-12-06T21:57:11.976+0000] {processor.py:925} INFO - DAG(s) 'example_short_circuit_operator' retrieved from /home/airflow/.local/lib/python3.12/site-packages/airflow/example_dags/example_short_circuit_operator.py
[2024-12-06T21:57:12.014+0000] {logging_mixin.py:190} INFO - [2024-12-06T21:57:12.014+0000] {dag.py:3239} INFO - Sync 1 DAGs
[2024-12-06T21:57:12.039+0000] {logging_mixin.py:190} INFO - [2024-12-06T21:57:12.038+0000] {dag.py:4180} INFO - Setting next_dagrun for example_short_circuit_operator to None, run_after=None
[2024-12-06T21:57:12.067+0000] {processor.py:208} INFO - Processing /home/airflow/.local/lib/python3.12/site-packages/airflow/example_dags/example_short_circuit_operator.py took 0.123 seconds
[2024-12-06T21:57:43.153+0000] {processor.py:186} INFO - Started process (PID=2138) to work on /home/airflow/.local/lib/python3.12/site-packages/airflow/example_dags/example_short_circuit_operator.py
[2024-12-06T21:57:43.156+0000] {processor.py:914} INFO - Processing file /home/airflow/.local/lib/python3.12/site-packages/airflow/example_dags/example_short_circuit_operator.py for tasks to queue
[2024-12-06T21:57:43.161+0000] {logging_mixin.py:190} INFO - [2024-12-06T21:57:43.160+0000] {dagbag.py:588} INFO - Filling up the DagBag from /home/airflow/.local/lib/python3.12/site-packages/airflow/example_dags/example_short_circuit_operator.py
[2024-12-06T21:57:43.174+0000] {processor.py:925} INFO - DAG(s) 'example_short_circuit_operator' retrieved from /home/airflow/.local/lib/python3.12/site-packages/airflow/example_dags/example_short_circuit_operator.py
[2024-12-06T21:57:43.210+0000] {logging_mixin.py:190} INFO - [2024-12-06T21:57:43.210+0000] {dag.py:3239} INFO - Sync 1 DAGs
[2024-12-06T21:57:43.234+0000] {logging_mixin.py:190} INFO - [2024-12-06T21:57:43.234+0000] {dag.py:4180} INFO - Setting next_dagrun for example_short_circuit_operator to None, run_after=None
[2024-12-06T21:57:43.264+0000] {processor.py:208} INFO - Processing /home/airflow/.local/lib/python3.12/site-packages/airflow/example_dags/example_short_circuit_operator.py took 0.120 seconds
[2024-12-06T21:58:14.474+0000] {processor.py:186} INFO - Started process (PID=2201) to work on /home/airflow/.local/lib/python3.12/site-packages/airflow/example_dags/example_short_circuit_operator.py
[2024-12-06T21:58:14.478+0000] {processor.py:914} INFO - Processing file /home/airflow/.local/lib/python3.12/site-packages/airflow/example_dags/example_short_circuit_operator.py for tasks to queue
[2024-12-06T21:58:14.481+0000] {logging_mixin.py:190} INFO - [2024-12-06T21:58:14.481+0000] {dagbag.py:588} INFO - Filling up the DagBag from /home/airflow/.local/lib/python3.12/site-packages/airflow/example_dags/example_short_circuit_operator.py
[2024-12-06T21:58:14.495+0000] {processor.py:925} INFO - DAG(s) 'example_short_circuit_operator' retrieved from /home/airflow/.local/lib/python3.12/site-packages/airflow/example_dags/example_short_circuit_operator.py
[2024-12-06T21:58:14.535+0000] {logging_mixin.py:190} INFO - [2024-12-06T21:58:14.534+0000] {dag.py:3239} INFO - Sync 1 DAGs
[2024-12-06T21:58:14.560+0000] {logging_mixin.py:190} INFO - [2024-12-06T21:58:14.559+0000] {dag.py:4180} INFO - Setting next_dagrun for example_short_circuit_operator to None, run_after=None
[2024-12-06T21:58:14.588+0000] {processor.py:208} INFO - Processing /home/airflow/.local/lib/python3.12/site-packages/airflow/example_dags/example_short_circuit_operator.py took 0.124 seconds
[2024-12-06T21:58:45.389+0000] {processor.py:186} INFO - Started process (PID=2256) to work on /home/airflow/.local/lib/python3.12/site-packages/airflow/example_dags/example_short_circuit_operator.py
[2024-12-06T21:58:45.391+0000] {processor.py:914} INFO - Processing file /home/airflow/.local/lib/python3.12/site-packages/airflow/example_dags/example_short_circuit_operator.py for tasks to queue
[2024-12-06T21:58:45.394+0000] {logging_mixin.py:190} INFO - [2024-12-06T21:58:45.394+0000] {dagbag.py:588} INFO - Filling up the DagBag from /home/airflow/.local/lib/python3.12/site-packages/airflow/example_dags/example_short_circuit_operator.py
[2024-12-06T21:58:45.408+0000] {processor.py:925} INFO - DAG(s) 'example_short_circuit_operator' retrieved from /home/airflow/.local/lib/python3.12/site-packages/airflow/example_dags/example_short_circuit_operator.py
[2024-12-06T21:58:45.444+0000] {logging_mixin.py:190} INFO - [2024-12-06T21:58:45.444+0000] {dag.py:3239} INFO - Sync 1 DAGs
[2024-12-06T21:58:45.468+0000] {logging_mixin.py:190} INFO - [2024-12-06T21:58:45.468+0000] {dag.py:4180} INFO - Setting next_dagrun for example_short_circuit_operator to None, run_after=None
[2024-12-06T21:58:45.495+0000] {processor.py:208} INFO - Processing /home/airflow/.local/lib/python3.12/site-packages/airflow/example_dags/example_short_circuit_operator.py took 0.119 seconds
[2024-12-06T21:59:16.872+0000] {processor.py:186} INFO - Started process (PID=2319) to work on /home/airflow/.local/lib/python3.12/site-packages/airflow/example_dags/example_short_circuit_operator.py
[2024-12-06T21:59:16.874+0000] {processor.py:914} INFO - Processing file /home/airflow/.local/lib/python3.12/site-packages/airflow/example_dags/example_short_circuit_operator.py for tasks to queue
[2024-12-06T21:59:16.878+0000] {logging_mixin.py:190} INFO - [2024-12-06T21:59:16.877+0000] {dagbag.py:588} INFO - Filling up the DagBag from /home/airflow/.local/lib/python3.12/site-packages/airflow/example_dags/example_short_circuit_operator.py
[2024-12-06T21:59:16.893+0000] {processor.py:925} INFO - DAG(s) 'example_short_circuit_operator' retrieved from /home/airflow/.local/lib/python3.12/site-packages/airflow/example_dags/example_short_circuit_operator.py
[2024-12-06T21:59:16.934+0000] {logging_mixin.py:190} INFO - [2024-12-06T21:59:16.933+0000] {dag.py:3239} INFO - Sync 1 DAGs
[2024-12-06T21:59:16.957+0000] {logging_mixin.py:190} INFO - [2024-12-06T21:59:16.957+0000] {dag.py:4180} INFO - Setting next_dagrun for example_short_circuit_operator to None, run_after=None
[2024-12-06T21:59:16.986+0000] {processor.py:208} INFO - Processing /home/airflow/.local/lib/python3.12/site-packages/airflow/example_dags/example_short_circuit_operator.py took 0.123 seconds
[2024-12-06T21:59:47.625+0000] {processor.py:186} INFO - Started process (PID=2378) to work on /home/airflow/.local/lib/python3.12/site-packages/airflow/example_dags/example_short_circuit_operator.py
[2024-12-06T21:59:47.628+0000] {processor.py:914} INFO - Processing file /home/airflow/.local/lib/python3.12/site-packages/airflow/example_dags/example_short_circuit_operator.py for tasks to queue
[2024-12-06T21:59:47.633+0000] {logging_mixin.py:190} INFO - [2024-12-06T21:59:47.632+0000] {dagbag.py:588} INFO - Filling up the DagBag from /home/airflow/.local/lib/python3.12/site-packages/airflow/example_dags/example_short_circuit_operator.py
[2024-12-06T21:59:47.658+0000] {processor.py:925} INFO - DAG(s) 'example_short_circuit_operator' retrieved from /home/airflow/.local/lib/python3.12/site-packages/airflow/example_dags/example_short_circuit_operator.py
[2024-12-06T21:59:47.716+0000] {logging_mixin.py:190} INFO - [2024-12-06T21:59:47.716+0000] {dag.py:3239} INFO - Sync 1 DAGs
[2024-12-06T21:59:47.759+0000] {logging_mixin.py:190} INFO - [2024-12-06T21:59:47.758+0000] {dag.py:4180} INFO - Setting next_dagrun for example_short_circuit_operator to None, run_after=None
[2024-12-06T21:59:47.807+0000] {processor.py:208} INFO - Processing /home/airflow/.local/lib/python3.12/site-packages/airflow/example_dags/example_short_circuit_operator.py took 0.199 seconds
[2024-12-06T22:00:18.286+0000] {processor.py:186} INFO - Started process (PID=2447) to work on /home/airflow/.local/lib/python3.12/site-packages/airflow/example_dags/example_short_circuit_operator.py
[2024-12-06T22:00:18.289+0000] {processor.py:914} INFO - Processing file /home/airflow/.local/lib/python3.12/site-packages/airflow/example_dags/example_short_circuit_operator.py for tasks to queue
[2024-12-06T22:00:18.293+0000] {logging_mixin.py:190} INFO - [2024-12-06T22:00:18.293+0000] {dagbag.py:588} INFO - Filling up the DagBag from /home/airflow/.local/lib/python3.12/site-packages/airflow/example_dags/example_short_circuit_operator.py
[2024-12-06T22:00:18.308+0000] {processor.py:925} INFO - DAG(s) 'example_short_circuit_operator' retrieved from /home/airflow/.local/lib/python3.12/site-packages/airflow/example_dags/example_short_circuit_operator.py
[2024-12-06T22:00:18.356+0000] {logging_mixin.py:190} INFO - [2024-12-06T22:00:18.356+0000] {dag.py:3239} INFO - Sync 1 DAGs
[2024-12-06T22:00:18.386+0000] {logging_mixin.py:190} INFO - [2024-12-06T22:00:18.386+0000] {dag.py:4180} INFO - Setting next_dagrun for example_short_circuit_operator to None, run_after=None
[2024-12-06T22:00:18.421+0000] {processor.py:208} INFO - Processing /home/airflow/.local/lib/python3.12/site-packages/airflow/example_dags/example_short_circuit_operator.py took 0.144 seconds
[2024-12-06T22:00:48.638+0000] {processor.py:186} INFO - Started process (PID=2510) to work on /home/airflow/.local/lib/python3.12/site-packages/airflow/example_dags/example_short_circuit_operator.py
[2024-12-06T22:00:48.640+0000] {processor.py:914} INFO - Processing file /home/airflow/.local/lib/python3.12/site-packages/airflow/example_dags/example_short_circuit_operator.py for tasks to queue
[2024-12-06T22:00:48.646+0000] {logging_mixin.py:190} INFO - [2024-12-06T22:00:48.646+0000] {dagbag.py:588} INFO - Filling up the DagBag from /home/airflow/.local/lib/python3.12/site-packages/airflow/example_dags/example_short_circuit_operator.py
[2024-12-06T22:00:48.664+0000] {processor.py:925} INFO - DAG(s) 'example_short_circuit_operator' retrieved from /home/airflow/.local/lib/python3.12/site-packages/airflow/example_dags/example_short_circuit_operator.py
[2024-12-06T22:00:48.704+0000] {logging_mixin.py:190} INFO - [2024-12-06T22:00:48.703+0000] {dag.py:3239} INFO - Sync 1 DAGs
[2024-12-06T22:00:48.732+0000] {logging_mixin.py:190} INFO - [2024-12-06T22:00:48.732+0000] {dag.py:4180} INFO - Setting next_dagrun for example_short_circuit_operator to None, run_after=None
[2024-12-06T22:00:48.764+0000] {processor.py:208} INFO - Processing /home/airflow/.local/lib/python3.12/site-packages/airflow/example_dags/example_short_circuit_operator.py took 0.135 seconds
[2024-12-06T22:01:19.172+0000] {processor.py:186} INFO - Started process (PID=2573) to work on /home/airflow/.local/lib/python3.12/site-packages/airflow/example_dags/example_short_circuit_operator.py
[2024-12-06T22:01:19.174+0000] {processor.py:914} INFO - Processing file /home/airflow/.local/lib/python3.12/site-packages/airflow/example_dags/example_short_circuit_operator.py for tasks to queue
[2024-12-06T22:01:19.180+0000] {logging_mixin.py:190} INFO - [2024-12-06T22:01:19.179+0000] {dagbag.py:588} INFO - Filling up the DagBag from /home/airflow/.local/lib/python3.12/site-packages/airflow/example_dags/example_short_circuit_operator.py
[2024-12-06T22:01:19.193+0000] {processor.py:925} INFO - DAG(s) 'example_short_circuit_operator' retrieved from /home/airflow/.local/lib/python3.12/site-packages/airflow/example_dags/example_short_circuit_operator.py
[2024-12-06T22:01:19.232+0000] {logging_mixin.py:190} INFO - [2024-12-06T22:01:19.232+0000] {dag.py:3239} INFO - Sync 1 DAGs
[2024-12-06T22:01:19.261+0000] {logging_mixin.py:190} INFO - [2024-12-06T22:01:19.261+0000] {dag.py:4180} INFO - Setting next_dagrun for example_short_circuit_operator to None, run_after=None
[2024-12-06T22:01:19.290+0000] {processor.py:208} INFO - Processing /home/airflow/.local/lib/python3.12/site-packages/airflow/example_dags/example_short_circuit_operator.py took 0.127 seconds
[2024-12-06T22:01:50.271+0000] {processor.py:186} INFO - Started process (PID=2636) to work on /home/airflow/.local/lib/python3.12/site-packages/airflow/example_dags/example_short_circuit_operator.py
[2024-12-06T22:01:50.274+0000] {processor.py:914} INFO - Processing file /home/airflow/.local/lib/python3.12/site-packages/airflow/example_dags/example_short_circuit_operator.py for tasks to queue
[2024-12-06T22:01:50.279+0000] {logging_mixin.py:190} INFO - [2024-12-06T22:01:50.278+0000] {dagbag.py:588} INFO - Filling up the DagBag from /home/airflow/.local/lib/python3.12/site-packages/airflow/example_dags/example_short_circuit_operator.py
[2024-12-06T22:01:50.302+0000] {processor.py:925} INFO - DAG(s) 'example_short_circuit_operator' retrieved from /home/airflow/.local/lib/python3.12/site-packages/airflow/example_dags/example_short_circuit_operator.py
[2024-12-06T22:01:50.360+0000] {logging_mixin.py:190} INFO - [2024-12-06T22:01:50.360+0000] {dag.py:3239} INFO - Sync 1 DAGs
[2024-12-06T22:01:50.396+0000] {logging_mixin.py:190} INFO - [2024-12-06T22:01:50.396+0000] {dag.py:4180} INFO - Setting next_dagrun for example_short_circuit_operator to None, run_after=None
[2024-12-06T22:01:50.441+0000] {processor.py:208} INFO - Processing /home/airflow/.local/lib/python3.12/site-packages/airflow/example_dags/example_short_circuit_operator.py took 0.185 seconds
[2024-12-06T22:02:20.554+0000] {processor.py:186} INFO - Started process (PID=2699) to work on /home/airflow/.local/lib/python3.12/site-packages/airflow/example_dags/example_short_circuit_operator.py
[2024-12-06T22:02:20.556+0000] {processor.py:914} INFO - Processing file /home/airflow/.local/lib/python3.12/site-packages/airflow/example_dags/example_short_circuit_operator.py for tasks to queue
[2024-12-06T22:02:20.559+0000] {logging_mixin.py:190} INFO - [2024-12-06T22:02:20.559+0000] {dagbag.py:588} INFO - Filling up the DagBag from /home/airflow/.local/lib/python3.12/site-packages/airflow/example_dags/example_short_circuit_operator.py
[2024-12-06T22:02:20.577+0000] {processor.py:925} INFO - DAG(s) 'example_short_circuit_operator' retrieved from /home/airflow/.local/lib/python3.12/site-packages/airflow/example_dags/example_short_circuit_operator.py
[2024-12-06T22:02:20.611+0000] {logging_mixin.py:190} INFO - [2024-12-06T22:02:20.610+0000] {dag.py:3239} INFO - Sync 1 DAGs
[2024-12-06T22:02:20.631+0000] {logging_mixin.py:190} INFO - [2024-12-06T22:02:20.631+0000] {dag.py:4180} INFO - Setting next_dagrun for example_short_circuit_operator to None, run_after=None
[2024-12-06T22:02:20.661+0000] {processor.py:208} INFO - Processing /home/airflow/.local/lib/python3.12/site-packages/airflow/example_dags/example_short_circuit_operator.py took 0.118 seconds
[2024-12-06T22:02:50.860+0000] {processor.py:186} INFO - Started process (PID=2762) to work on /home/airflow/.local/lib/python3.12/site-packages/airflow/example_dags/example_short_circuit_operator.py
[2024-12-06T22:02:50.861+0000] {processor.py:914} INFO - Processing file /home/airflow/.local/lib/python3.12/site-packages/airflow/example_dags/example_short_circuit_operator.py for tasks to queue
[2024-12-06T22:02:50.865+0000] {logging_mixin.py:190} INFO - [2024-12-06T22:02:50.865+0000] {dagbag.py:588} INFO - Filling up the DagBag from /home/airflow/.local/lib/python3.12/site-packages/airflow/example_dags/example_short_circuit_operator.py
[2024-12-06T22:02:50.881+0000] {processor.py:925} INFO - DAG(s) 'example_short_circuit_operator' retrieved from /home/airflow/.local/lib/python3.12/site-packages/airflow/example_dags/example_short_circuit_operator.py
[2024-12-06T22:02:50.926+0000] {logging_mixin.py:190} INFO - [2024-12-06T22:02:50.926+0000] {dag.py:3239} INFO - Sync 1 DAGs
[2024-12-06T22:02:50.951+0000] {logging_mixin.py:190} INFO - [2024-12-06T22:02:50.951+0000] {dag.py:4180} INFO - Setting next_dagrun for example_short_circuit_operator to None, run_after=None
[2024-12-06T22:02:50.984+0000] {processor.py:208} INFO - Processing /home/airflow/.local/lib/python3.12/site-packages/airflow/example_dags/example_short_circuit_operator.py took 0.138 seconds
[2024-12-06T22:03:22.111+0000] {processor.py:186} INFO - Started process (PID=2825) to work on /home/airflow/.local/lib/python3.12/site-packages/airflow/example_dags/example_short_circuit_operator.py
[2024-12-06T22:03:22.112+0000] {processor.py:914} INFO - Processing file /home/airflow/.local/lib/python3.12/site-packages/airflow/example_dags/example_short_circuit_operator.py for tasks to queue
[2024-12-06T22:03:22.116+0000] {logging_mixin.py:190} INFO - [2024-12-06T22:03:22.116+0000] {dagbag.py:588} INFO - Filling up the DagBag from /home/airflow/.local/lib/python3.12/site-packages/airflow/example_dags/example_short_circuit_operator.py
[2024-12-06T22:03:22.134+0000] {processor.py:925} INFO - DAG(s) 'example_short_circuit_operator' retrieved from /home/airflow/.local/lib/python3.12/site-packages/airflow/example_dags/example_short_circuit_operator.py
[2024-12-06T22:03:22.177+0000] {logging_mixin.py:190} INFO - [2024-12-06T22:03:22.177+0000] {dag.py:3239} INFO - Sync 1 DAGs
[2024-12-06T22:03:22.208+0000] {logging_mixin.py:190} INFO - [2024-12-06T22:03:22.208+0000] {dag.py:4180} INFO - Setting next_dagrun for example_short_circuit_operator to None, run_after=None
[2024-12-06T22:03:22.241+0000] {processor.py:208} INFO - Processing /home/airflow/.local/lib/python3.12/site-packages/airflow/example_dags/example_short_circuit_operator.py took 0.142 seconds
[2024-12-06T22:03:52.694+0000] {processor.py:186} INFO - Started process (PID=2888) to work on /home/airflow/.local/lib/python3.12/site-packages/airflow/example_dags/example_short_circuit_operator.py
[2024-12-06T22:03:52.697+0000] {processor.py:914} INFO - Processing file /home/airflow/.local/lib/python3.12/site-packages/airflow/example_dags/example_short_circuit_operator.py for tasks to queue
[2024-12-06T22:03:52.703+0000] {logging_mixin.py:190} INFO - [2024-12-06T22:03:52.702+0000] {dagbag.py:588} INFO - Filling up the DagBag from /home/airflow/.local/lib/python3.12/site-packages/airflow/example_dags/example_short_circuit_operator.py
[2024-12-06T22:03:52.728+0000] {processor.py:925} INFO - DAG(s) 'example_short_circuit_operator' retrieved from /home/airflow/.local/lib/python3.12/site-packages/airflow/example_dags/example_short_circuit_operator.py
[2024-12-06T22:03:52.797+0000] {logging_mixin.py:190} INFO - [2024-12-06T22:03:52.797+0000] {dag.py:3239} INFO - Sync 1 DAGs
[2024-12-06T22:03:52.847+0000] {logging_mixin.py:190} INFO - [2024-12-06T22:03:52.847+0000] {dag.py:4180} INFO - Setting next_dagrun for example_short_circuit_operator to None, run_after=None
[2024-12-06T22:03:52.900+0000] {processor.py:208} INFO - Processing /home/airflow/.local/lib/python3.12/site-packages/airflow/example_dags/example_short_circuit_operator.py took 0.223 seconds
[2024-12-06T22:04:23.178+0000] {processor.py:186} INFO - Started process (PID=2951) to work on /home/airflow/.local/lib/python3.12/site-packages/airflow/example_dags/example_short_circuit_operator.py
[2024-12-06T22:04:23.181+0000] {processor.py:914} INFO - Processing file /home/airflow/.local/lib/python3.12/site-packages/airflow/example_dags/example_short_circuit_operator.py for tasks to queue
[2024-12-06T22:04:23.186+0000] {logging_mixin.py:190} INFO - [2024-12-06T22:04:23.185+0000] {dagbag.py:588} INFO - Filling up the DagBag from /home/airflow/.local/lib/python3.12/site-packages/airflow/example_dags/example_short_circuit_operator.py
[2024-12-06T22:04:23.208+0000] {processor.py:925} INFO - DAG(s) 'example_short_circuit_operator' retrieved from /home/airflow/.local/lib/python3.12/site-packages/airflow/example_dags/example_short_circuit_operator.py
[2024-12-06T22:04:23.265+0000] {logging_mixin.py:190} INFO - [2024-12-06T22:04:23.265+0000] {dag.py:3239} INFO - Sync 1 DAGs
[2024-12-06T22:04:23.299+0000] {logging_mixin.py:190} INFO - [2024-12-06T22:04:23.299+0000] {dag.py:4180} INFO - Setting next_dagrun for example_short_circuit_operator to None, run_after=None
[2024-12-06T22:04:23.336+0000] {processor.py:208} INFO - Processing /home/airflow/.local/lib/python3.12/site-packages/airflow/example_dags/example_short_circuit_operator.py took 0.173 seconds
[2024-12-06T22:04:53.564+0000] {processor.py:186} INFO - Started process (PID=3014) to work on /home/airflow/.local/lib/python3.12/site-packages/airflow/example_dags/example_short_circuit_operator.py
[2024-12-06T22:04:53.567+0000] {processor.py:914} INFO - Processing file /home/airflow/.local/lib/python3.12/site-packages/airflow/example_dags/example_short_circuit_operator.py for tasks to queue
[2024-12-06T22:04:53.571+0000] {logging_mixin.py:190} INFO - [2024-12-06T22:04:53.571+0000] {dagbag.py:588} INFO - Filling up the DagBag from /home/airflow/.local/lib/python3.12/site-packages/airflow/example_dags/example_short_circuit_operator.py
[2024-12-06T22:04:53.586+0000] {processor.py:925} INFO - DAG(s) 'example_short_circuit_operator' retrieved from /home/airflow/.local/lib/python3.12/site-packages/airflow/example_dags/example_short_circuit_operator.py
[2024-12-06T22:04:53.627+0000] {logging_mixin.py:190} INFO - [2024-12-06T22:04:53.627+0000] {dag.py:3239} INFO - Sync 1 DAGs
[2024-12-06T22:04:53.654+0000] {logging_mixin.py:190} INFO - [2024-12-06T22:04:53.653+0000] {dag.py:4180} INFO - Setting next_dagrun for example_short_circuit_operator to None, run_after=None
[2024-12-06T22:04:53.687+0000] {processor.py:208} INFO - Processing /home/airflow/.local/lib/python3.12/site-packages/airflow/example_dags/example_short_circuit_operator.py took 0.133 seconds
[2024-12-06T22:05:23.897+0000] {processor.py:186} INFO - Started process (PID=3077) to work on /home/airflow/.local/lib/python3.12/site-packages/airflow/example_dags/example_short_circuit_operator.py
[2024-12-06T22:05:23.899+0000] {processor.py:914} INFO - Processing file /home/airflow/.local/lib/python3.12/site-packages/airflow/example_dags/example_short_circuit_operator.py for tasks to queue
[2024-12-06T22:05:23.904+0000] {logging_mixin.py:190} INFO - [2024-12-06T22:05:23.904+0000] {dagbag.py:588} INFO - Filling up the DagBag from /home/airflow/.local/lib/python3.12/site-packages/airflow/example_dags/example_short_circuit_operator.py
[2024-12-06T22:05:23.916+0000] {processor.py:925} INFO - DAG(s) 'example_short_circuit_operator' retrieved from /home/airflow/.local/lib/python3.12/site-packages/airflow/example_dags/example_short_circuit_operator.py
[2024-12-06T22:05:23.954+0000] {logging_mixin.py:190} INFO - [2024-12-06T22:05:23.954+0000] {dag.py:3239} INFO - Sync 1 DAGs
[2024-12-06T22:05:23.978+0000] {logging_mixin.py:190} INFO - [2024-12-06T22:05:23.978+0000] {dag.py:4180} INFO - Setting next_dagrun for example_short_circuit_operator to None, run_after=None
[2024-12-06T22:05:24.010+0000] {processor.py:208} INFO - Processing /home/airflow/.local/lib/python3.12/site-packages/airflow/example_dags/example_short_circuit_operator.py took 0.121 seconds
[2024-12-06T22:05:54.283+0000] {processor.py:186} INFO - Started process (PID=3139) to work on /home/airflow/.local/lib/python3.12/site-packages/airflow/example_dags/example_short_circuit_operator.py
[2024-12-06T22:05:54.285+0000] {processor.py:914} INFO - Processing file /home/airflow/.local/lib/python3.12/site-packages/airflow/example_dags/example_short_circuit_operator.py for tasks to queue
[2024-12-06T22:05:54.290+0000] {logging_mixin.py:190} INFO - [2024-12-06T22:05:54.289+0000] {dagbag.py:588} INFO - Filling up the DagBag from /home/airflow/.local/lib/python3.12/site-packages/airflow/example_dags/example_short_circuit_operator.py
[2024-12-06T22:05:54.305+0000] {processor.py:925} INFO - DAG(s) 'example_short_circuit_operator' retrieved from /home/airflow/.local/lib/python3.12/site-packages/airflow/example_dags/example_short_circuit_operator.py
[2024-12-06T22:05:54.343+0000] {logging_mixin.py:190} INFO - [2024-12-06T22:05:54.343+0000] {dag.py:3239} INFO - Sync 1 DAGs
[2024-12-06T22:05:54.364+0000] {logging_mixin.py:190} INFO - [2024-12-06T22:05:54.364+0000] {dag.py:4180} INFO - Setting next_dagrun for example_short_circuit_operator to None, run_after=None
[2024-12-06T22:05:54.395+0000] {processor.py:208} INFO - Processing /home/airflow/.local/lib/python3.12/site-packages/airflow/example_dags/example_short_circuit_operator.py took 0.119 seconds
[2024-12-06T22:06:25.397+0000] {processor.py:186} INFO - Started process (PID=3203) to work on /home/airflow/.local/lib/python3.12/site-packages/airflow/example_dags/example_short_circuit_operator.py
[2024-12-06T22:06:25.399+0000] {processor.py:914} INFO - Processing file /home/airflow/.local/lib/python3.12/site-packages/airflow/example_dags/example_short_circuit_operator.py for tasks to queue
[2024-12-06T22:06:25.403+0000] {logging_mixin.py:190} INFO - [2024-12-06T22:06:25.402+0000] {dagbag.py:588} INFO - Filling up the DagBag from /home/airflow/.local/lib/python3.12/site-packages/airflow/example_dags/example_short_circuit_operator.py
[2024-12-06T22:06:25.419+0000] {processor.py:925} INFO - DAG(s) 'example_short_circuit_operator' retrieved from /home/airflow/.local/lib/python3.12/site-packages/airflow/example_dags/example_short_circuit_operator.py
[2024-12-06T22:06:25.464+0000] {logging_mixin.py:190} INFO - [2024-12-06T22:06:25.463+0000] {dag.py:3239} INFO - Sync 1 DAGs
[2024-12-06T22:06:25.490+0000] {logging_mixin.py:190} INFO - [2024-12-06T22:06:25.489+0000] {dag.py:4180} INFO - Setting next_dagrun for example_short_circuit_operator to None, run_after=None
[2024-12-06T22:06:25.527+0000] {processor.py:208} INFO - Processing /home/airflow/.local/lib/python3.12/site-packages/airflow/example_dags/example_short_circuit_operator.py took 0.142 seconds
[2024-12-06T22:06:55.643+0000] {processor.py:186} INFO - Started process (PID=3265) to work on /home/airflow/.local/lib/python3.12/site-packages/airflow/example_dags/example_short_circuit_operator.py
[2024-12-06T22:06:55.645+0000] {processor.py:914} INFO - Processing file /home/airflow/.local/lib/python3.12/site-packages/airflow/example_dags/example_short_circuit_operator.py for tasks to queue
[2024-12-06T22:06:55.648+0000] {logging_mixin.py:190} INFO - [2024-12-06T22:06:55.647+0000] {dagbag.py:588} INFO - Filling up the DagBag from /home/airflow/.local/lib/python3.12/site-packages/airflow/example_dags/example_short_circuit_operator.py
[2024-12-06T22:06:55.661+0000] {processor.py:925} INFO - DAG(s) 'example_short_circuit_operator' retrieved from /home/airflow/.local/lib/python3.12/site-packages/airflow/example_dags/example_short_circuit_operator.py
[2024-12-06T22:06:55.696+0000] {logging_mixin.py:190} INFO - [2024-12-06T22:06:55.696+0000] {dag.py:3239} INFO - Sync 1 DAGs
[2024-12-06T22:06:55.730+0000] {logging_mixin.py:190} INFO - [2024-12-06T22:06:55.730+0000] {dag.py:4180} INFO - Setting next_dagrun for example_short_circuit_operator to None, run_after=None
[2024-12-06T22:06:55.764+0000] {processor.py:208} INFO - Processing /home/airflow/.local/lib/python3.12/site-packages/airflow/example_dags/example_short_circuit_operator.py took 0.131 seconds
[2024-12-06T22:07:25.891+0000] {processor.py:186} INFO - Started process (PID=3328) to work on /home/airflow/.local/lib/python3.12/site-packages/airflow/example_dags/example_short_circuit_operator.py
[2024-12-06T22:07:25.892+0000] {processor.py:914} INFO - Processing file /home/airflow/.local/lib/python3.12/site-packages/airflow/example_dags/example_short_circuit_operator.py for tasks to queue
[2024-12-06T22:07:25.897+0000] {logging_mixin.py:190} INFO - [2024-12-06T22:07:25.896+0000] {dagbag.py:588} INFO - Filling up the DagBag from /home/airflow/.local/lib/python3.12/site-packages/airflow/example_dags/example_short_circuit_operator.py
[2024-12-06T22:07:25.916+0000] {processor.py:925} INFO - DAG(s) 'example_short_circuit_operator' retrieved from /home/airflow/.local/lib/python3.12/site-packages/airflow/example_dags/example_short_circuit_operator.py
[2024-12-06T22:07:25.952+0000] {logging_mixin.py:190} INFO - [2024-12-06T22:07:25.951+0000] {dag.py:3239} INFO - Sync 1 DAGs
[2024-12-06T22:07:25.973+0000] {logging_mixin.py:190} INFO - [2024-12-06T22:07:25.973+0000] {dag.py:4180} INFO - Setting next_dagrun for example_short_circuit_operator to None, run_after=None
[2024-12-06T22:07:26.000+0000] {processor.py:208} INFO - Processing /home/airflow/.local/lib/python3.12/site-packages/airflow/example_dags/example_short_circuit_operator.py took 0.118 seconds
[2024-12-06T22:07:56.824+0000] {processor.py:186} INFO - Started process (PID=3391) to work on /home/airflow/.local/lib/python3.12/site-packages/airflow/example_dags/example_short_circuit_operator.py
[2024-12-06T22:07:56.825+0000] {processor.py:914} INFO - Processing file /home/airflow/.local/lib/python3.12/site-packages/airflow/example_dags/example_short_circuit_operator.py for tasks to queue
[2024-12-06T22:07:56.829+0000] {logging_mixin.py:190} INFO - [2024-12-06T22:07:56.828+0000] {dagbag.py:588} INFO - Filling up the DagBag from /home/airflow/.local/lib/python3.12/site-packages/airflow/example_dags/example_short_circuit_operator.py
[2024-12-06T22:07:56.844+0000] {processor.py:925} INFO - DAG(s) 'example_short_circuit_operator' retrieved from /home/airflow/.local/lib/python3.12/site-packages/airflow/example_dags/example_short_circuit_operator.py
[2024-12-06T22:07:56.890+0000] {logging_mixin.py:190} INFO - [2024-12-06T22:07:56.889+0000] {dag.py:3239} INFO - Sync 1 DAGs
[2024-12-06T22:07:57.139+0000] {logging_mixin.py:190} INFO - [2024-12-06T22:07:57.138+0000] {dag.py:4180} INFO - Setting next_dagrun for example_short_circuit_operator to None, run_after=None
[2024-12-06T22:07:57.177+0000] {processor.py:208} INFO - Processing /home/airflow/.local/lib/python3.12/site-packages/airflow/example_dags/example_short_circuit_operator.py took 0.365 seconds
[2024-12-06T22:08:28.328+0000] {processor.py:186} INFO - Started process (PID=3454) to work on /home/airflow/.local/lib/python3.12/site-packages/airflow/example_dags/example_short_circuit_operator.py
[2024-12-06T22:08:28.330+0000] {processor.py:914} INFO - Processing file /home/airflow/.local/lib/python3.12/site-packages/airflow/example_dags/example_short_circuit_operator.py for tasks to queue
[2024-12-06T22:08:28.334+0000] {logging_mixin.py:190} INFO - [2024-12-06T22:08:28.334+0000] {dagbag.py:588} INFO - Filling up the DagBag from /home/airflow/.local/lib/python3.12/site-packages/airflow/example_dags/example_short_circuit_operator.py
[2024-12-06T22:08:28.350+0000] {processor.py:925} INFO - DAG(s) 'example_short_circuit_operator' retrieved from /home/airflow/.local/lib/python3.12/site-packages/airflow/example_dags/example_short_circuit_operator.py
[2024-12-06T22:08:28.391+0000] {logging_mixin.py:190} INFO - [2024-12-06T22:08:28.391+0000] {dag.py:3239} INFO - Sync 1 DAGs
[2024-12-06T22:08:28.416+0000] {logging_mixin.py:190} INFO - [2024-12-06T22:08:28.415+0000] {dag.py:4180} INFO - Setting next_dagrun for example_short_circuit_operator to None, run_after=None
[2024-12-06T22:08:28.662+0000] {processor.py:208} INFO - Processing /home/airflow/.local/lib/python3.12/site-packages/airflow/example_dags/example_short_circuit_operator.py took 0.350 seconds
[2024-12-06T22:09:00.749+0000] {processor.py:186} INFO - Started process (PID=3514) to work on /home/airflow/.local/lib/python3.12/site-packages/airflow/example_dags/example_short_circuit_operator.py
[2024-12-06T22:09:00.750+0000] {processor.py:914} INFO - Processing file /home/airflow/.local/lib/python3.12/site-packages/airflow/example_dags/example_short_circuit_operator.py for tasks to queue
[2024-12-06T22:09:00.755+0000] {logging_mixin.py:190} INFO - [2024-12-06T22:09:00.754+0000] {dagbag.py:588} INFO - Filling up the DagBag from /home/airflow/.local/lib/python3.12/site-packages/airflow/example_dags/example_short_circuit_operator.py
[2024-12-06T22:09:00.770+0000] {processor.py:925} INFO - DAG(s) 'example_short_circuit_operator' retrieved from /home/airflow/.local/lib/python3.12/site-packages/airflow/example_dags/example_short_circuit_operator.py
[2024-12-06T22:09:00.819+0000] {logging_mixin.py:190} INFO - [2024-12-06T22:09:00.819+0000] {dag.py:3239} INFO - Sync 1 DAGs
[2024-12-06T22:09:00.846+0000] {logging_mixin.py:190} INFO - [2024-12-06T22:09:00.846+0000] {dag.py:4180} INFO - Setting next_dagrun for example_short_circuit_operator to None, run_after=None
[2024-12-06T22:09:00.879+0000] {processor.py:208} INFO - Processing /home/airflow/.local/lib/python3.12/site-packages/airflow/example_dags/example_short_circuit_operator.py took 0.142 seconds
[2024-12-06T22:09:31.715+0000] {processor.py:186} INFO - Started process (PID=3577) to work on /home/airflow/.local/lib/python3.12/site-packages/airflow/example_dags/example_short_circuit_operator.py
[2024-12-06T22:09:31.716+0000] {processor.py:914} INFO - Processing file /home/airflow/.local/lib/python3.12/site-packages/airflow/example_dags/example_short_circuit_operator.py for tasks to queue
[2024-12-06T22:09:31.720+0000] {logging_mixin.py:190} INFO - [2024-12-06T22:09:31.719+0000] {dagbag.py:588} INFO - Filling up the DagBag from /home/airflow/.local/lib/python3.12/site-packages/airflow/example_dags/example_short_circuit_operator.py
[2024-12-06T22:09:31.734+0000] {processor.py:925} INFO - DAG(s) 'example_short_circuit_operator' retrieved from /home/airflow/.local/lib/python3.12/site-packages/airflow/example_dags/example_short_circuit_operator.py
[2024-12-06T22:09:31.770+0000] {logging_mixin.py:190} INFO - [2024-12-06T22:09:31.769+0000] {dag.py:3239} INFO - Sync 1 DAGs
[2024-12-06T22:09:31.790+0000] {logging_mixin.py:190} INFO - [2024-12-06T22:09:31.790+0000] {dag.py:4180} INFO - Setting next_dagrun for example_short_circuit_operator to None, run_after=None
[2024-12-06T22:09:31.819+0000] {processor.py:208} INFO - Processing /home/airflow/.local/lib/python3.12/site-packages/airflow/example_dags/example_short_circuit_operator.py took 0.114 seconds
[2024-12-06T22:10:02.435+0000] {processor.py:186} INFO - Started process (PID=3640) to work on /home/airflow/.local/lib/python3.12/site-packages/airflow/example_dags/example_short_circuit_operator.py
[2024-12-06T22:10:02.437+0000] {processor.py:914} INFO - Processing file /home/airflow/.local/lib/python3.12/site-packages/airflow/example_dags/example_short_circuit_operator.py for tasks to queue
[2024-12-06T22:10:02.442+0000] {logging_mixin.py:190} INFO - [2024-12-06T22:10:02.441+0000] {dagbag.py:588} INFO - Filling up the DagBag from /home/airflow/.local/lib/python3.12/site-packages/airflow/example_dags/example_short_circuit_operator.py
[2024-12-06T22:10:02.463+0000] {processor.py:925} INFO - DAG(s) 'example_short_circuit_operator' retrieved from /home/airflow/.local/lib/python3.12/site-packages/airflow/example_dags/example_short_circuit_operator.py
[2024-12-06T22:10:02.516+0000] {logging_mixin.py:190} INFO - [2024-12-06T22:10:02.516+0000] {dag.py:3239} INFO - Sync 1 DAGs
[2024-12-06T22:10:02.550+0000] {logging_mixin.py:190} INFO - [2024-12-06T22:10:02.550+0000] {dag.py:4180} INFO - Setting next_dagrun for example_short_circuit_operator to None, run_after=None
[2024-12-06T22:10:02.588+0000] {processor.py:208} INFO - Processing /home/airflow/.local/lib/python3.12/site-packages/airflow/example_dags/example_short_circuit_operator.py took 0.167 seconds
[2024-12-06T22:10:33.329+0000] {processor.py:186} INFO - Started process (PID=3698) to work on /home/airflow/.local/lib/python3.12/site-packages/airflow/example_dags/example_short_circuit_operator.py
[2024-12-06T22:10:33.332+0000] {processor.py:914} INFO - Processing file /home/airflow/.local/lib/python3.12/site-packages/airflow/example_dags/example_short_circuit_operator.py for tasks to queue
[2024-12-06T22:10:33.337+0000] {logging_mixin.py:190} INFO - [2024-12-06T22:10:33.336+0000] {dagbag.py:588} INFO - Filling up the DagBag from /home/airflow/.local/lib/python3.12/site-packages/airflow/example_dags/example_short_circuit_operator.py
[2024-12-06T22:10:33.351+0000] {processor.py:925} INFO - DAG(s) 'example_short_circuit_operator' retrieved from /home/airflow/.local/lib/python3.12/site-packages/airflow/example_dags/example_short_circuit_operator.py
[2024-12-06T22:10:33.390+0000] {logging_mixin.py:190} INFO - [2024-12-06T22:10:33.390+0000] {dag.py:3239} INFO - Sync 1 DAGs
[2024-12-06T22:10:33.417+0000] {logging_mixin.py:190} INFO - [2024-12-06T22:10:33.416+0000] {dag.py:4180} INFO - Setting next_dagrun for example_short_circuit_operator to None, run_after=None
[2024-12-06T22:10:33.449+0000] {processor.py:208} INFO - Processing /home/airflow/.local/lib/python3.12/site-packages/airflow/example_dags/example_short_circuit_operator.py took 0.129 seconds
