[2024-12-06T21:40:59.730+0000] {processor.py:186} INFO - Started process (PID=123) to work on /home/airflow/.local/lib/python3.12/site-packages/airflow/example_dags/example_python_decorator.py
[2024-12-06T21:40:59.732+0000] {processor.py:914} INFO - Processing file /home/airflow/.local/lib/python3.12/site-packages/airflow/example_dags/example_python_decorator.py for tasks to queue
[2024-12-06T21:40:59.735+0000] {logging_mixin.py:190} INFO - [2024-12-06T21:40:59.735+0000] {dagbag.py:588} INFO - Filling up the DagBag from /home/airflow/.local/lib/python3.12/site-packages/airflow/example_dags/example_python_decorator.py
[2024-12-06T21:40:59.755+0000] {processor.py:925} INFO - DAG(s) 'example_python_decorator' retrieved from /home/airflow/.local/lib/python3.12/site-packages/airflow/example_dags/example_python_decorator.py
[2024-12-06T21:40:59.927+0000] {logging_mixin.py:190} INFO - [2024-12-06T21:40:59.926+0000] {override.py:1911} INFO - Created Permission View: can edit on DAG:example_python_decorator
[2024-12-06T21:40:59.945+0000] {logging_mixin.py:190} INFO - [2024-12-06T21:40:59.945+0000] {override.py:1911} INFO - Created Permission View: can delete on DAG:example_python_decorator
[2024-12-06T21:40:59.956+0000] {logging_mixin.py:190} INFO - [2024-12-06T21:40:59.956+0000] {override.py:1911} INFO - Created Permission View: can read on DAG:example_python_decorator
[2024-12-06T21:40:59.970+0000] {logging_mixin.py:190} INFO - [2024-12-06T21:40:59.969+0000] {override.py:1911} INFO - Created Permission View: menu access on DAG Run:example_python_decorator
[2024-12-06T21:40:59.983+0000] {logging_mixin.py:190} INFO - [2024-12-06T21:40:59.982+0000] {override.py:1911} INFO - Created Permission View: can create on DAG Run:example_python_decorator
[2024-12-06T21:40:59.992+0000] {logging_mixin.py:190} INFO - [2024-12-06T21:40:59.991+0000] {override.py:1911} INFO - Created Permission View: can delete on DAG Run:example_python_decorator
[2024-12-06T21:41:00.002+0000] {logging_mixin.py:190} INFO - [2024-12-06T21:41:00.001+0000] {override.py:1911} INFO - Created Permission View: can read on DAG Run:example_python_decorator
[2024-12-06T21:41:00.002+0000] {logging_mixin.py:190} INFO - [2024-12-06T21:41:00.002+0000] {dag.py:3239} INFO - Sync 1 DAGs
[2024-12-06T21:41:00.033+0000] {logging_mixin.py:190} INFO - [2024-12-06T21:41:00.033+0000] {dag.py:3262} INFO - Creating ORM DAG for example_python_decorator
[2024-12-06T21:41:00.035+0000] {logging_mixin.py:190} INFO - [2024-12-06T21:41:00.034+0000] {dag.py:4180} INFO - Setting next_dagrun for example_python_decorator to None, run_after=None
[2024-12-06T21:41:00.056+0000] {processor.py:208} INFO - Processing /home/airflow/.local/lib/python3.12/site-packages/airflow/example_dags/example_python_decorator.py took 0.334 seconds
[2024-12-06T21:41:30.522+0000] {processor.py:186} INFO - Started process (PID=186) to work on /home/airflow/.local/lib/python3.12/site-packages/airflow/example_dags/example_python_decorator.py
[2024-12-06T21:41:30.524+0000] {processor.py:914} INFO - Processing file /home/airflow/.local/lib/python3.12/site-packages/airflow/example_dags/example_python_decorator.py for tasks to queue
[2024-12-06T21:41:30.527+0000] {logging_mixin.py:190} INFO - [2024-12-06T21:41:30.526+0000] {dagbag.py:588} INFO - Filling up the DagBag from /home/airflow/.local/lib/python3.12/site-packages/airflow/example_dags/example_python_decorator.py
[2024-12-06T21:41:30.546+0000] {processor.py:925} INFO - DAG(s) 'example_python_decorator' retrieved from /home/airflow/.local/lib/python3.12/site-packages/airflow/example_dags/example_python_decorator.py
[2024-12-06T21:41:30.582+0000] {logging_mixin.py:190} INFO - [2024-12-06T21:41:30.582+0000] {dag.py:3239} INFO - Sync 1 DAGs
[2024-12-06T21:41:30.604+0000] {logging_mixin.py:190} INFO - [2024-12-06T21:41:30.604+0000] {dag.py:4180} INFO - Setting next_dagrun for example_python_decorator to None, run_after=None
[2024-12-06T21:41:30.629+0000] {processor.py:208} INFO - Processing /home/airflow/.local/lib/python3.12/site-packages/airflow/example_dags/example_python_decorator.py took 0.114 seconds
[2024-12-06T21:42:01.391+0000] {processor.py:186} INFO - Started process (PID=249) to work on /home/airflow/.local/lib/python3.12/site-packages/airflow/example_dags/example_python_decorator.py
[2024-12-06T21:42:01.392+0000] {processor.py:914} INFO - Processing file /home/airflow/.local/lib/python3.12/site-packages/airflow/example_dags/example_python_decorator.py for tasks to queue
[2024-12-06T21:42:01.396+0000] {logging_mixin.py:190} INFO - [2024-12-06T21:42:01.395+0000] {dagbag.py:588} INFO - Filling up the DagBag from /home/airflow/.local/lib/python3.12/site-packages/airflow/example_dags/example_python_decorator.py
[2024-12-06T21:42:01.414+0000] {processor.py:925} INFO - DAG(s) 'example_python_decorator' retrieved from /home/airflow/.local/lib/python3.12/site-packages/airflow/example_dags/example_python_decorator.py
[2024-12-06T21:42:01.443+0000] {logging_mixin.py:190} INFO - [2024-12-06T21:42:01.443+0000] {dag.py:3239} INFO - Sync 1 DAGs
[2024-12-06T21:42:01.463+0000] {logging_mixin.py:190} INFO - [2024-12-06T21:42:01.462+0000] {dag.py:4180} INFO - Setting next_dagrun for example_python_decorator to None, run_after=None
[2024-12-06T21:42:01.485+0000] {processor.py:208} INFO - Processing /home/airflow/.local/lib/python3.12/site-packages/airflow/example_dags/example_python_decorator.py took 0.102 seconds
[2024-12-06T21:42:32.633+0000] {processor.py:186} INFO - Started process (PID=312) to work on /home/airflow/.local/lib/python3.12/site-packages/airflow/example_dags/example_python_decorator.py
[2024-12-06T21:42:32.634+0000] {processor.py:914} INFO - Processing file /home/airflow/.local/lib/python3.12/site-packages/airflow/example_dags/example_python_decorator.py for tasks to queue
[2024-12-06T21:42:32.637+0000] {logging_mixin.py:190} INFO - [2024-12-06T21:42:32.637+0000] {dagbag.py:588} INFO - Filling up the DagBag from /home/airflow/.local/lib/python3.12/site-packages/airflow/example_dags/example_python_decorator.py
[2024-12-06T21:42:32.655+0000] {processor.py:925} INFO - DAG(s) 'example_python_decorator' retrieved from /home/airflow/.local/lib/python3.12/site-packages/airflow/example_dags/example_python_decorator.py
[2024-12-06T21:42:32.687+0000] {logging_mixin.py:190} INFO - [2024-12-06T21:42:32.687+0000] {dag.py:3239} INFO - Sync 1 DAGs
[2024-12-06T21:42:32.706+0000] {logging_mixin.py:190} INFO - [2024-12-06T21:42:32.705+0000] {dag.py:4180} INFO - Setting next_dagrun for example_python_decorator to None, run_after=None
[2024-12-06T21:42:32.731+0000] {processor.py:208} INFO - Processing /home/airflow/.local/lib/python3.12/site-packages/airflow/example_dags/example_python_decorator.py took 0.106 seconds
[2024-12-06T21:43:02.838+0000] {processor.py:186} INFO - Started process (PID=375) to work on /home/airflow/.local/lib/python3.12/site-packages/airflow/example_dags/example_python_decorator.py
[2024-12-06T21:43:02.840+0000] {processor.py:914} INFO - Processing file /home/airflow/.local/lib/python3.12/site-packages/airflow/example_dags/example_python_decorator.py for tasks to queue
[2024-12-06T21:43:02.843+0000] {logging_mixin.py:190} INFO - [2024-12-06T21:43:02.842+0000] {dagbag.py:588} INFO - Filling up the DagBag from /home/airflow/.local/lib/python3.12/site-packages/airflow/example_dags/example_python_decorator.py
[2024-12-06T21:43:02.861+0000] {processor.py:925} INFO - DAG(s) 'example_python_decorator' retrieved from /home/airflow/.local/lib/python3.12/site-packages/airflow/example_dags/example_python_decorator.py
[2024-12-06T21:43:02.889+0000] {logging_mixin.py:190} INFO - [2024-12-06T21:43:02.889+0000] {dag.py:3239} INFO - Sync 1 DAGs
[2024-12-06T21:43:02.907+0000] {logging_mixin.py:190} INFO - [2024-12-06T21:43:02.907+0000] {dag.py:4180} INFO - Setting next_dagrun for example_python_decorator to None, run_after=None
[2024-12-06T21:43:02.930+0000] {processor.py:208} INFO - Processing /home/airflow/.local/lib/python3.12/site-packages/airflow/example_dags/example_python_decorator.py took 0.100 seconds
[2024-12-06T21:43:33.667+0000] {processor.py:186} INFO - Started process (PID=438) to work on /home/airflow/.local/lib/python3.12/site-packages/airflow/example_dags/example_python_decorator.py
[2024-12-06T21:43:33.668+0000] {processor.py:914} INFO - Processing file /home/airflow/.local/lib/python3.12/site-packages/airflow/example_dags/example_python_decorator.py for tasks to queue
[2024-12-06T21:43:33.671+0000] {logging_mixin.py:190} INFO - [2024-12-06T21:43:33.671+0000] {dagbag.py:588} INFO - Filling up the DagBag from /home/airflow/.local/lib/python3.12/site-packages/airflow/example_dags/example_python_decorator.py
[2024-12-06T21:43:33.690+0000] {processor.py:925} INFO - DAG(s) 'example_python_decorator' retrieved from /home/airflow/.local/lib/python3.12/site-packages/airflow/example_dags/example_python_decorator.py
[2024-12-06T21:43:33.719+0000] {logging_mixin.py:190} INFO - [2024-12-06T21:43:33.719+0000] {dag.py:3239} INFO - Sync 1 DAGs
[2024-12-06T21:43:33.738+0000] {logging_mixin.py:190} INFO - [2024-12-06T21:43:33.738+0000] {dag.py:4180} INFO - Setting next_dagrun for example_python_decorator to None, run_after=None
[2024-12-06T21:43:33.763+0000] {processor.py:208} INFO - Processing /home/airflow/.local/lib/python3.12/site-packages/airflow/example_dags/example_python_decorator.py took 0.104 seconds
[2024-12-06T21:44:04.350+0000] {processor.py:186} INFO - Started process (PID=501) to work on /home/airflow/.local/lib/python3.12/site-packages/airflow/example_dags/example_python_decorator.py
[2024-12-06T21:44:04.351+0000] {processor.py:914} INFO - Processing file /home/airflow/.local/lib/python3.12/site-packages/airflow/example_dags/example_python_decorator.py for tasks to queue
[2024-12-06T21:44:04.355+0000] {logging_mixin.py:190} INFO - [2024-12-06T21:44:04.354+0000] {dagbag.py:588} INFO - Filling up the DagBag from /home/airflow/.local/lib/python3.12/site-packages/airflow/example_dags/example_python_decorator.py
[2024-12-06T21:44:04.381+0000] {processor.py:925} INFO - DAG(s) 'example_python_decorator' retrieved from /home/airflow/.local/lib/python3.12/site-packages/airflow/example_dags/example_python_decorator.py
[2024-12-06T21:44:04.412+0000] {logging_mixin.py:190} INFO - [2024-12-06T21:44:04.412+0000] {dag.py:3239} INFO - Sync 1 DAGs
[2024-12-06T21:44:04.432+0000] {logging_mixin.py:190} INFO - [2024-12-06T21:44:04.432+0000] {dag.py:4180} INFO - Setting next_dagrun for example_python_decorator to None, run_after=None
[2024-12-06T21:44:04.455+0000] {processor.py:208} INFO - Processing /home/airflow/.local/lib/python3.12/site-packages/airflow/example_dags/example_python_decorator.py took 0.114 seconds
[2024-12-06T21:44:36.455+0000] {processor.py:186} INFO - Started process (PID=564) to work on /home/airflow/.local/lib/python3.12/site-packages/airflow/example_dags/example_python_decorator.py
[2024-12-06T21:44:36.457+0000] {processor.py:914} INFO - Processing file /home/airflow/.local/lib/python3.12/site-packages/airflow/example_dags/example_python_decorator.py for tasks to queue
[2024-12-06T21:44:36.461+0000] {logging_mixin.py:190} INFO - [2024-12-06T21:44:36.460+0000] {dagbag.py:588} INFO - Filling up the DagBag from /home/airflow/.local/lib/python3.12/site-packages/airflow/example_dags/example_python_decorator.py
[2024-12-06T21:44:36.480+0000] {processor.py:925} INFO - DAG(s) 'example_python_decorator' retrieved from /home/airflow/.local/lib/python3.12/site-packages/airflow/example_dags/example_python_decorator.py
[2024-12-06T21:44:36.509+0000] {logging_mixin.py:190} INFO - [2024-12-06T21:44:36.509+0000] {dag.py:3239} INFO - Sync 1 DAGs
[2024-12-06T21:44:36.528+0000] {logging_mixin.py:190} INFO - [2024-12-06T21:44:36.528+0000] {dag.py:4180} INFO - Setting next_dagrun for example_python_decorator to None, run_after=None
[2024-12-06T21:44:36.551+0000] {processor.py:208} INFO - Processing /home/airflow/.local/lib/python3.12/site-packages/airflow/example_dags/example_python_decorator.py took 0.104 seconds
[2024-12-06T21:45:07.183+0000] {processor.py:186} INFO - Started process (PID=627) to work on /home/airflow/.local/lib/python3.12/site-packages/airflow/example_dags/example_python_decorator.py
[2024-12-06T21:45:07.184+0000] {processor.py:914} INFO - Processing file /home/airflow/.local/lib/python3.12/site-packages/airflow/example_dags/example_python_decorator.py for tasks to queue
[2024-12-06T21:45:07.187+0000] {logging_mixin.py:190} INFO - [2024-12-06T21:45:07.187+0000] {dagbag.py:588} INFO - Filling up the DagBag from /home/airflow/.local/lib/python3.12/site-packages/airflow/example_dags/example_python_decorator.py
[2024-12-06T21:45:07.206+0000] {processor.py:925} INFO - DAG(s) 'example_python_decorator' retrieved from /home/airflow/.local/lib/python3.12/site-packages/airflow/example_dags/example_python_decorator.py
[2024-12-06T21:45:07.236+0000] {logging_mixin.py:190} INFO - [2024-12-06T21:45:07.236+0000] {dag.py:3239} INFO - Sync 1 DAGs
[2024-12-06T21:45:07.254+0000] {logging_mixin.py:190} INFO - [2024-12-06T21:45:07.253+0000] {dag.py:4180} INFO - Setting next_dagrun for example_python_decorator to None, run_after=None
[2024-12-06T21:45:07.276+0000] {processor.py:208} INFO - Processing /home/airflow/.local/lib/python3.12/site-packages/airflow/example_dags/example_python_decorator.py took 0.102 seconds
[2024-12-06T21:45:39.098+0000] {processor.py:186} INFO - Started process (PID=691) to work on /home/airflow/.local/lib/python3.12/site-packages/airflow/example_dags/example_python_decorator.py
[2024-12-06T21:45:39.099+0000] {processor.py:914} INFO - Processing file /home/airflow/.local/lib/python3.12/site-packages/airflow/example_dags/example_python_decorator.py for tasks to queue
[2024-12-06T21:45:39.103+0000] {logging_mixin.py:190} INFO - [2024-12-06T21:45:39.102+0000] {dagbag.py:588} INFO - Filling up the DagBag from /home/airflow/.local/lib/python3.12/site-packages/airflow/example_dags/example_python_decorator.py
[2024-12-06T21:45:39.126+0000] {processor.py:925} INFO - DAG(s) 'example_python_decorator' retrieved from /home/airflow/.local/lib/python3.12/site-packages/airflow/example_dags/example_python_decorator.py
[2024-12-06T21:45:39.162+0000] {logging_mixin.py:190} INFO - [2024-12-06T21:45:39.162+0000] {dag.py:3239} INFO - Sync 1 DAGs
[2024-12-06T21:45:39.185+0000] {logging_mixin.py:190} INFO - [2024-12-06T21:45:39.185+0000] {dag.py:4180} INFO - Setting next_dagrun for example_python_decorator to None, run_after=None
[2024-12-06T21:45:39.211+0000] {processor.py:208} INFO - Processing /home/airflow/.local/lib/python3.12/site-packages/airflow/example_dags/example_python_decorator.py took 0.123 seconds
[2024-12-06T21:46:09.913+0000] {processor.py:186} INFO - Started process (PID=754) to work on /home/airflow/.local/lib/python3.12/site-packages/airflow/example_dags/example_python_decorator.py
[2024-12-06T21:46:09.914+0000] {processor.py:914} INFO - Processing file /home/airflow/.local/lib/python3.12/site-packages/airflow/example_dags/example_python_decorator.py for tasks to queue
[2024-12-06T21:46:09.918+0000] {logging_mixin.py:190} INFO - [2024-12-06T21:46:09.917+0000] {dagbag.py:588} INFO - Filling up the DagBag from /home/airflow/.local/lib/python3.12/site-packages/airflow/example_dags/example_python_decorator.py
[2024-12-06T21:46:09.936+0000] {processor.py:925} INFO - DAG(s) 'example_python_decorator' retrieved from /home/airflow/.local/lib/python3.12/site-packages/airflow/example_dags/example_python_decorator.py
[2024-12-06T21:46:09.966+0000] {logging_mixin.py:190} INFO - [2024-12-06T21:46:09.966+0000] {dag.py:3239} INFO - Sync 1 DAGs
[2024-12-06T21:46:09.985+0000] {logging_mixin.py:190} INFO - [2024-12-06T21:46:09.985+0000] {dag.py:4180} INFO - Setting next_dagrun for example_python_decorator to None, run_after=None
[2024-12-06T21:46:10.008+0000] {processor.py:208} INFO - Processing /home/airflow/.local/lib/python3.12/site-packages/airflow/example_dags/example_python_decorator.py took 0.103 seconds
[2024-12-06T21:46:42.596+0000] {processor.py:186} INFO - Started process (PID=822) to work on /home/airflow/.local/lib/python3.12/site-packages/airflow/example_dags/example_python_decorator.py
[2024-12-06T21:46:42.597+0000] {processor.py:914} INFO - Processing file /home/airflow/.local/lib/python3.12/site-packages/airflow/example_dags/example_python_decorator.py for tasks to queue
[2024-12-06T21:46:42.601+0000] {logging_mixin.py:190} INFO - [2024-12-06T21:46:42.600+0000] {dagbag.py:588} INFO - Filling up the DagBag from /home/airflow/.local/lib/python3.12/site-packages/airflow/example_dags/example_python_decorator.py
[2024-12-06T21:46:42.622+0000] {processor.py:925} INFO - DAG(s) 'example_python_decorator' retrieved from /home/airflow/.local/lib/python3.12/site-packages/airflow/example_dags/example_python_decorator.py
[2024-12-06T21:46:42.652+0000] {logging_mixin.py:190} INFO - [2024-12-06T21:46:42.651+0000] {dag.py:3239} INFO - Sync 1 DAGs
[2024-12-06T21:46:42.671+0000] {logging_mixin.py:190} INFO - [2024-12-06T21:46:42.671+0000] {dag.py:4180} INFO - Setting next_dagrun for example_python_decorator to None, run_after=None
[2024-12-06T21:46:42.696+0000] {processor.py:208} INFO - Processing /home/airflow/.local/lib/python3.12/site-packages/airflow/example_dags/example_python_decorator.py took 0.108 seconds
[2024-12-06T21:47:15.193+0000] {processor.py:186} INFO - Started process (PID=890) to work on /home/airflow/.local/lib/python3.12/site-packages/airflow/example_dags/example_python_decorator.py
[2024-12-06T21:47:15.195+0000] {processor.py:914} INFO - Processing file /home/airflow/.local/lib/python3.12/site-packages/airflow/example_dags/example_python_decorator.py for tasks to queue
[2024-12-06T21:47:15.201+0000] {logging_mixin.py:190} INFO - [2024-12-06T21:47:15.200+0000] {dagbag.py:588} INFO - Filling up the DagBag from /home/airflow/.local/lib/python3.12/site-packages/airflow/example_dags/example_python_decorator.py
[2024-12-06T21:47:15.235+0000] {processor.py:925} INFO - DAG(s) 'example_python_decorator' retrieved from /home/airflow/.local/lib/python3.12/site-packages/airflow/example_dags/example_python_decorator.py
[2024-12-06T21:47:15.281+0000] {logging_mixin.py:190} INFO - [2024-12-06T21:47:15.281+0000] {dag.py:3239} INFO - Sync 1 DAGs
[2024-12-06T21:47:15.312+0000] {logging_mixin.py:190} INFO - [2024-12-06T21:47:15.312+0000] {dag.py:4180} INFO - Setting next_dagrun for example_python_decorator to None, run_after=None
[2024-12-06T21:47:15.344+0000] {processor.py:208} INFO - Processing /home/airflow/.local/lib/python3.12/site-packages/airflow/example_dags/example_python_decorator.py took 0.164 seconds
[2024-12-06T21:47:47.073+0000] {processor.py:186} INFO - Started process (PID=959) to work on /home/airflow/.local/lib/python3.12/site-packages/airflow/example_dags/example_python_decorator.py
[2024-12-06T21:47:47.078+0000] {processor.py:914} INFO - Processing file /home/airflow/.local/lib/python3.12/site-packages/airflow/example_dags/example_python_decorator.py for tasks to queue
[2024-12-06T21:47:47.085+0000] {logging_mixin.py:190} INFO - [2024-12-06T21:47:47.084+0000] {dagbag.py:588} INFO - Filling up the DagBag from /home/airflow/.local/lib/python3.12/site-packages/airflow/example_dags/example_python_decorator.py
[2024-12-06T21:47:47.135+0000] {processor.py:925} INFO - DAG(s) 'example_python_decorator' retrieved from /home/airflow/.local/lib/python3.12/site-packages/airflow/example_dags/example_python_decorator.py
[2024-12-06T21:47:47.181+0000] {logging_mixin.py:190} INFO - [2024-12-06T21:47:47.181+0000] {dag.py:3239} INFO - Sync 1 DAGs
[2024-12-06T21:47:47.204+0000] {logging_mixin.py:190} INFO - [2024-12-06T21:47:47.204+0000] {dag.py:4180} INFO - Setting next_dagrun for example_python_decorator to None, run_after=None
[2024-12-06T21:47:47.234+0000] {processor.py:208} INFO - Processing /home/airflow/.local/lib/python3.12/site-packages/airflow/example_dags/example_python_decorator.py took 0.178 seconds
[2024-12-06T21:48:18.200+0000] {processor.py:186} INFO - Started process (PID=1022) to work on /home/airflow/.local/lib/python3.12/site-packages/airflow/example_dags/example_python_decorator.py
[2024-12-06T21:48:18.202+0000] {processor.py:914} INFO - Processing file /home/airflow/.local/lib/python3.12/site-packages/airflow/example_dags/example_python_decorator.py for tasks to queue
[2024-12-06T21:48:18.206+0000] {logging_mixin.py:190} INFO - [2024-12-06T21:48:18.206+0000] {dagbag.py:588} INFO - Filling up the DagBag from /home/airflow/.local/lib/python3.12/site-packages/airflow/example_dags/example_python_decorator.py
[2024-12-06T21:48:18.229+0000] {processor.py:925} INFO - DAG(s) 'example_python_decorator' retrieved from /home/airflow/.local/lib/python3.12/site-packages/airflow/example_dags/example_python_decorator.py
[2024-12-06T21:48:18.266+0000] {logging_mixin.py:190} INFO - [2024-12-06T21:48:18.265+0000] {dag.py:3239} INFO - Sync 1 DAGs
[2024-12-06T21:48:18.288+0000] {logging_mixin.py:190} INFO - [2024-12-06T21:48:18.287+0000] {dag.py:4180} INFO - Setting next_dagrun for example_python_decorator to None, run_after=None
[2024-12-06T21:48:18.313+0000] {processor.py:208} INFO - Processing /home/airflow/.local/lib/python3.12/site-packages/airflow/example_dags/example_python_decorator.py took 0.123 seconds
[2024-12-06T21:48:49.535+0000] {processor.py:186} INFO - Started process (PID=1085) to work on /home/airflow/.local/lib/python3.12/site-packages/airflow/example_dags/example_python_decorator.py
[2024-12-06T21:48:49.537+0000] {processor.py:914} INFO - Processing file /home/airflow/.local/lib/python3.12/site-packages/airflow/example_dags/example_python_decorator.py for tasks to queue
[2024-12-06T21:48:49.541+0000] {logging_mixin.py:190} INFO - [2024-12-06T21:48:49.540+0000] {dagbag.py:588} INFO - Filling up the DagBag from /home/airflow/.local/lib/python3.12/site-packages/airflow/example_dags/example_python_decorator.py
[2024-12-06T21:48:49.566+0000] {processor.py:925} INFO - DAG(s) 'example_python_decorator' retrieved from /home/airflow/.local/lib/python3.12/site-packages/airflow/example_dags/example_python_decorator.py
[2024-12-06T21:48:49.602+0000] {logging_mixin.py:190} INFO - [2024-12-06T21:48:49.602+0000] {dag.py:3239} INFO - Sync 1 DAGs
[2024-12-06T21:48:49.627+0000] {logging_mixin.py:190} INFO - [2024-12-06T21:48:49.627+0000] {dag.py:4180} INFO - Setting next_dagrun for example_python_decorator to None, run_after=None
[2024-12-06T21:48:49.654+0000] {processor.py:208} INFO - Processing /home/airflow/.local/lib/python3.12/site-packages/airflow/example_dags/example_python_decorator.py took 0.129 seconds
[2024-12-06T21:49:21.728+0000] {processor.py:186} INFO - Started process (PID=1148) to work on /home/airflow/.local/lib/python3.12/site-packages/airflow/example_dags/example_python_decorator.py
[2024-12-06T21:49:21.730+0000] {processor.py:914} INFO - Processing file /home/airflow/.local/lib/python3.12/site-packages/airflow/example_dags/example_python_decorator.py for tasks to queue
[2024-12-06T21:49:21.734+0000] {logging_mixin.py:190} INFO - [2024-12-06T21:49:21.734+0000] {dagbag.py:588} INFO - Filling up the DagBag from /home/airflow/.local/lib/python3.12/site-packages/airflow/example_dags/example_python_decorator.py
[2024-12-06T21:49:21.768+0000] {processor.py:925} INFO - DAG(s) 'example_python_decorator' retrieved from /home/airflow/.local/lib/python3.12/site-packages/airflow/example_dags/example_python_decorator.py
[2024-12-06T21:49:21.812+0000] {logging_mixin.py:190} INFO - [2024-12-06T21:49:21.812+0000] {dag.py:3239} INFO - Sync 1 DAGs
[2024-12-06T21:49:21.844+0000] {logging_mixin.py:190} INFO - [2024-12-06T21:49:21.843+0000] {dag.py:4180} INFO - Setting next_dagrun for example_python_decorator to None, run_after=None
[2024-12-06T21:49:21.871+0000] {processor.py:208} INFO - Processing /home/airflow/.local/lib/python3.12/site-packages/airflow/example_dags/example_python_decorator.py took 0.157 seconds
[2024-12-06T21:49:52.799+0000] {processor.py:186} INFO - Started process (PID=1211) to work on /home/airflow/.local/lib/python3.12/site-packages/airflow/example_dags/example_python_decorator.py
[2024-12-06T21:49:52.800+0000] {processor.py:914} INFO - Processing file /home/airflow/.local/lib/python3.12/site-packages/airflow/example_dags/example_python_decorator.py for tasks to queue
[2024-12-06T21:49:52.804+0000] {logging_mixin.py:190} INFO - [2024-12-06T21:49:52.803+0000] {dagbag.py:588} INFO - Filling up the DagBag from /home/airflow/.local/lib/python3.12/site-packages/airflow/example_dags/example_python_decorator.py
[2024-12-06T21:49:52.828+0000] {processor.py:925} INFO - DAG(s) 'example_python_decorator' retrieved from /home/airflow/.local/lib/python3.12/site-packages/airflow/example_dags/example_python_decorator.py
[2024-12-06T21:49:52.862+0000] {logging_mixin.py:190} INFO - [2024-12-06T21:49:52.862+0000] {dag.py:3239} INFO - Sync 1 DAGs
[2024-12-06T21:49:52.883+0000] {logging_mixin.py:190} INFO - [2024-12-06T21:49:52.882+0000] {dag.py:4180} INFO - Setting next_dagrun for example_python_decorator to None, run_after=None
[2024-12-06T21:49:52.914+0000] {processor.py:208} INFO - Processing /home/airflow/.local/lib/python3.12/site-packages/airflow/example_dags/example_python_decorator.py took 0.125 seconds
[2024-12-06T21:50:24.906+0000] {processor.py:186} INFO - Started process (PID=1274) to work on /home/airflow/.local/lib/python3.12/site-packages/airflow/example_dags/example_python_decorator.py
[2024-12-06T21:50:24.908+0000] {processor.py:914} INFO - Processing file /home/airflow/.local/lib/python3.12/site-packages/airflow/example_dags/example_python_decorator.py for tasks to queue
[2024-12-06T21:50:24.912+0000] {logging_mixin.py:190} INFO - [2024-12-06T21:50:24.912+0000] {dagbag.py:588} INFO - Filling up the DagBag from /home/airflow/.local/lib/python3.12/site-packages/airflow/example_dags/example_python_decorator.py
[2024-12-06T21:50:24.936+0000] {processor.py:925} INFO - DAG(s) 'example_python_decorator' retrieved from /home/airflow/.local/lib/python3.12/site-packages/airflow/example_dags/example_python_decorator.py
[2024-12-06T21:50:24.977+0000] {logging_mixin.py:190} INFO - [2024-12-06T21:50:24.976+0000] {dag.py:3239} INFO - Sync 1 DAGs
[2024-12-06T21:50:25.002+0000] {logging_mixin.py:190} INFO - [2024-12-06T21:50:25.001+0000] {dag.py:4180} INFO - Setting next_dagrun for example_python_decorator to None, run_after=None
[2024-12-06T21:50:25.033+0000] {processor.py:208} INFO - Processing /home/airflow/.local/lib/python3.12/site-packages/airflow/example_dags/example_python_decorator.py took 0.137 seconds
[2024-12-06T21:50:56.906+0000] {processor.py:186} INFO - Started process (PID=1337) to work on /home/airflow/.local/lib/python3.12/site-packages/airflow/example_dags/example_python_decorator.py
[2024-12-06T21:50:56.908+0000] {processor.py:914} INFO - Processing file /home/airflow/.local/lib/python3.12/site-packages/airflow/example_dags/example_python_decorator.py for tasks to queue
[2024-12-06T21:50:56.913+0000] {logging_mixin.py:190} INFO - [2024-12-06T21:50:56.912+0000] {dagbag.py:588} INFO - Filling up the DagBag from /home/airflow/.local/lib/python3.12/site-packages/airflow/example_dags/example_python_decorator.py
[2024-12-06T21:50:56.961+0000] {processor.py:925} INFO - DAG(s) 'example_python_decorator' retrieved from /home/airflow/.local/lib/python3.12/site-packages/airflow/example_dags/example_python_decorator.py
[2024-12-06T21:50:57.005+0000] {logging_mixin.py:190} INFO - [2024-12-06T21:50:57.005+0000] {dag.py:3239} INFO - Sync 1 DAGs
[2024-12-06T21:50:57.033+0000] {logging_mixin.py:190} INFO - [2024-12-06T21:50:57.033+0000] {dag.py:4180} INFO - Setting next_dagrun for example_python_decorator to None, run_after=None
[2024-12-06T21:50:57.073+0000] {processor.py:208} INFO - Processing /home/airflow/.local/lib/python3.12/site-packages/airflow/example_dags/example_python_decorator.py took 0.183 seconds
[2024-12-06T21:51:28.380+0000] {processor.py:186} INFO - Started process (PID=1400) to work on /home/airflow/.local/lib/python3.12/site-packages/airflow/example_dags/example_python_decorator.py
[2024-12-06T21:51:28.382+0000] {processor.py:914} INFO - Processing file /home/airflow/.local/lib/python3.12/site-packages/airflow/example_dags/example_python_decorator.py for tasks to queue
[2024-12-06T21:51:28.386+0000] {logging_mixin.py:190} INFO - [2024-12-06T21:51:28.386+0000] {dagbag.py:588} INFO - Filling up the DagBag from /home/airflow/.local/lib/python3.12/site-packages/airflow/example_dags/example_python_decorator.py
[2024-12-06T21:51:28.417+0000] {processor.py:925} INFO - DAG(s) 'example_python_decorator' retrieved from /home/airflow/.local/lib/python3.12/site-packages/airflow/example_dags/example_python_decorator.py
[2024-12-06T21:51:28.457+0000] {logging_mixin.py:190} INFO - [2024-12-06T21:51:28.457+0000] {dag.py:3239} INFO - Sync 1 DAGs
[2024-12-06T21:51:28.486+0000] {logging_mixin.py:190} INFO - [2024-12-06T21:51:28.486+0000] {dag.py:4180} INFO - Setting next_dagrun for example_python_decorator to None, run_after=None
[2024-12-06T21:51:28.517+0000] {processor.py:208} INFO - Processing /home/airflow/.local/lib/python3.12/site-packages/airflow/example_dags/example_python_decorator.py took 0.147 seconds
[2024-12-06T21:51:59.025+0000] {processor.py:186} INFO - Started process (PID=1463) to work on /home/airflow/.local/lib/python3.12/site-packages/airflow/example_dags/example_python_decorator.py
[2024-12-06T21:51:59.027+0000] {processor.py:914} INFO - Processing file /home/airflow/.local/lib/python3.12/site-packages/airflow/example_dags/example_python_decorator.py for tasks to queue
[2024-12-06T21:51:59.030+0000] {logging_mixin.py:190} INFO - [2024-12-06T21:51:59.030+0000] {dagbag.py:588} INFO - Filling up the DagBag from /home/airflow/.local/lib/python3.12/site-packages/airflow/example_dags/example_python_decorator.py
[2024-12-06T21:51:59.056+0000] {processor.py:925} INFO - DAG(s) 'example_python_decorator' retrieved from /home/airflow/.local/lib/python3.12/site-packages/airflow/example_dags/example_python_decorator.py
[2024-12-06T21:51:59.093+0000] {logging_mixin.py:190} INFO - [2024-12-06T21:51:59.092+0000] {dag.py:3239} INFO - Sync 1 DAGs
[2024-12-06T21:51:59.116+0000] {logging_mixin.py:190} INFO - [2024-12-06T21:51:59.116+0000] {dag.py:4180} INFO - Setting next_dagrun for example_python_decorator to None, run_after=None
[2024-12-06T21:51:59.149+0000] {processor.py:208} INFO - Processing /home/airflow/.local/lib/python3.12/site-packages/airflow/example_dags/example_python_decorator.py took 0.135 seconds
[2024-12-06T21:52:30.234+0000] {processor.py:186} INFO - Started process (PID=1526) to work on /home/airflow/.local/lib/python3.12/site-packages/airflow/example_dags/example_python_decorator.py
[2024-12-06T21:52:30.235+0000] {processor.py:914} INFO - Processing file /home/airflow/.local/lib/python3.12/site-packages/airflow/example_dags/example_python_decorator.py for tasks to queue
[2024-12-06T21:52:30.239+0000] {logging_mixin.py:190} INFO - [2024-12-06T21:52:30.238+0000] {dagbag.py:588} INFO - Filling up the DagBag from /home/airflow/.local/lib/python3.12/site-packages/airflow/example_dags/example_python_decorator.py
[2024-12-06T21:52:30.264+0000] {processor.py:925} INFO - DAG(s) 'example_python_decorator' retrieved from /home/airflow/.local/lib/python3.12/site-packages/airflow/example_dags/example_python_decorator.py
[2024-12-06T21:52:30.302+0000] {logging_mixin.py:190} INFO - [2024-12-06T21:52:30.302+0000] {dag.py:3239} INFO - Sync 1 DAGs
[2024-12-06T21:52:30.327+0000] {logging_mixin.py:190} INFO - [2024-12-06T21:52:30.326+0000] {dag.py:4180} INFO - Setting next_dagrun for example_python_decorator to None, run_after=None
[2024-12-06T21:52:30.355+0000] {processor.py:208} INFO - Processing /home/airflow/.local/lib/python3.12/site-packages/airflow/example_dags/example_python_decorator.py took 0.132 seconds
[2024-12-06T21:53:02.318+0000] {processor.py:186} INFO - Started process (PID=1589) to work on /home/airflow/.local/lib/python3.12/site-packages/airflow/example_dags/example_python_decorator.py
[2024-12-06T21:53:02.320+0000] {processor.py:914} INFO - Processing file /home/airflow/.local/lib/python3.12/site-packages/airflow/example_dags/example_python_decorator.py for tasks to queue
[2024-12-06T21:53:02.325+0000] {logging_mixin.py:190} INFO - [2024-12-06T21:53:02.324+0000] {dagbag.py:588} INFO - Filling up the DagBag from /home/airflow/.local/lib/python3.12/site-packages/airflow/example_dags/example_python_decorator.py
[2024-12-06T21:53:02.350+0000] {processor.py:925} INFO - DAG(s) 'example_python_decorator' retrieved from /home/airflow/.local/lib/python3.12/site-packages/airflow/example_dags/example_python_decorator.py
[2024-12-06T21:53:02.382+0000] {logging_mixin.py:190} INFO - [2024-12-06T21:53:02.381+0000] {dag.py:3239} INFO - Sync 1 DAGs
[2024-12-06T21:53:02.403+0000] {logging_mixin.py:190} INFO - [2024-12-06T21:53:02.402+0000] {dag.py:4180} INFO - Setting next_dagrun for example_python_decorator to None, run_after=None
[2024-12-06T21:53:02.428+0000] {processor.py:208} INFO - Processing /home/airflow/.local/lib/python3.12/site-packages/airflow/example_dags/example_python_decorator.py took 0.122 seconds
[2024-12-06T21:53:33.500+0000] {processor.py:186} INFO - Started process (PID=1654) to work on /home/airflow/.local/lib/python3.12/site-packages/airflow/example_dags/example_python_decorator.py
[2024-12-06T21:53:33.502+0000] {processor.py:914} INFO - Processing file /home/airflow/.local/lib/python3.12/site-packages/airflow/example_dags/example_python_decorator.py for tasks to queue
[2024-12-06T21:53:33.505+0000] {logging_mixin.py:190} INFO - [2024-12-06T21:53:33.505+0000] {dagbag.py:588} INFO - Filling up the DagBag from /home/airflow/.local/lib/python3.12/site-packages/airflow/example_dags/example_python_decorator.py
[2024-12-06T21:53:33.527+0000] {processor.py:925} INFO - DAG(s) 'example_python_decorator' retrieved from /home/airflow/.local/lib/python3.12/site-packages/airflow/example_dags/example_python_decorator.py
[2024-12-06T21:53:33.559+0000] {logging_mixin.py:190} INFO - [2024-12-06T21:53:33.558+0000] {dag.py:3239} INFO - Sync 1 DAGs
[2024-12-06T21:53:33.585+0000] {logging_mixin.py:190} INFO - [2024-12-06T21:53:33.584+0000] {dag.py:4180} INFO - Setting next_dagrun for example_python_decorator to None, run_after=None
[2024-12-06T21:53:33.613+0000] {processor.py:208} INFO - Processing /home/airflow/.local/lib/python3.12/site-packages/airflow/example_dags/example_python_decorator.py took 0.124 seconds
[2024-12-06T21:54:05.454+0000] {processor.py:186} INFO - Started process (PID=1720) to work on /home/airflow/.local/lib/python3.12/site-packages/airflow/example_dags/example_python_decorator.py
[2024-12-06T21:54:05.456+0000] {processor.py:914} INFO - Processing file /home/airflow/.local/lib/python3.12/site-packages/airflow/example_dags/example_python_decorator.py for tasks to queue
[2024-12-06T21:54:05.460+0000] {logging_mixin.py:190} INFO - [2024-12-06T21:54:05.460+0000] {dagbag.py:588} INFO - Filling up the DagBag from /home/airflow/.local/lib/python3.12/site-packages/airflow/example_dags/example_python_decorator.py
[2024-12-06T21:54:05.488+0000] {processor.py:925} INFO - DAG(s) 'example_python_decorator' retrieved from /home/airflow/.local/lib/python3.12/site-packages/airflow/example_dags/example_python_decorator.py
[2024-12-06T21:54:05.527+0000] {logging_mixin.py:190} INFO - [2024-12-06T21:54:05.526+0000] {dag.py:3239} INFO - Sync 1 DAGs
[2024-12-06T21:54:05.552+0000] {logging_mixin.py:190} INFO - [2024-12-06T21:54:05.552+0000] {dag.py:4180} INFO - Setting next_dagrun for example_python_decorator to None, run_after=None
[2024-12-06T21:54:05.584+0000] {processor.py:208} INFO - Processing /home/airflow/.local/lib/python3.12/site-packages/airflow/example_dags/example_python_decorator.py took 0.141 seconds
[2024-12-06T21:54:37.503+0000] {processor.py:186} INFO - Started process (PID=1783) to work on /home/airflow/.local/lib/python3.12/site-packages/airflow/example_dags/example_python_decorator.py
[2024-12-06T21:54:37.505+0000] {processor.py:914} INFO - Processing file /home/airflow/.local/lib/python3.12/site-packages/airflow/example_dags/example_python_decorator.py for tasks to queue
[2024-12-06T21:54:37.509+0000] {logging_mixin.py:190} INFO - [2024-12-06T21:54:37.509+0000] {dagbag.py:588} INFO - Filling up the DagBag from /home/airflow/.local/lib/python3.12/site-packages/airflow/example_dags/example_python_decorator.py
[2024-12-06T21:54:37.540+0000] {processor.py:925} INFO - DAG(s) 'example_python_decorator' retrieved from /home/airflow/.local/lib/python3.12/site-packages/airflow/example_dags/example_python_decorator.py
[2024-12-06T21:54:37.581+0000] {logging_mixin.py:190} INFO - [2024-12-06T21:54:37.580+0000] {dag.py:3239} INFO - Sync 1 DAGs
[2024-12-06T21:54:37.609+0000] {logging_mixin.py:190} INFO - [2024-12-06T21:54:37.608+0000] {dag.py:4180} INFO - Setting next_dagrun for example_python_decorator to None, run_after=None
[2024-12-06T21:54:37.643+0000] {processor.py:208} INFO - Processing /home/airflow/.local/lib/python3.12/site-packages/airflow/example_dags/example_python_decorator.py took 0.150 seconds
[2024-12-06T21:55:08.609+0000] {processor.py:186} INFO - Started process (PID=1846) to work on /home/airflow/.local/lib/python3.12/site-packages/airflow/example_dags/example_python_decorator.py
[2024-12-06T21:55:08.611+0000] {processor.py:914} INFO - Processing file /home/airflow/.local/lib/python3.12/site-packages/airflow/example_dags/example_python_decorator.py for tasks to queue
[2024-12-06T21:55:08.614+0000] {logging_mixin.py:190} INFO - [2024-12-06T21:55:08.614+0000] {dagbag.py:588} INFO - Filling up the DagBag from /home/airflow/.local/lib/python3.12/site-packages/airflow/example_dags/example_python_decorator.py
[2024-12-06T21:55:08.636+0000] {processor.py:925} INFO - DAG(s) 'example_python_decorator' retrieved from /home/airflow/.local/lib/python3.12/site-packages/airflow/example_dags/example_python_decorator.py
[2024-12-06T21:55:08.674+0000] {logging_mixin.py:190} INFO - [2024-12-06T21:55:08.674+0000] {dag.py:3239} INFO - Sync 1 DAGs
[2024-12-06T21:55:08.696+0000] {logging_mixin.py:190} INFO - [2024-12-06T21:55:08.696+0000] {dag.py:4180} INFO - Setting next_dagrun for example_python_decorator to None, run_after=None
[2024-12-06T21:55:08.726+0000] {processor.py:208} INFO - Processing /home/airflow/.local/lib/python3.12/site-packages/airflow/example_dags/example_python_decorator.py took 0.127 seconds
[2024-12-06T21:55:41.005+0000] {processor.py:186} INFO - Started process (PID=1909) to work on /home/airflow/.local/lib/python3.12/site-packages/airflow/example_dags/example_python_decorator.py
[2024-12-06T21:55:41.006+0000] {processor.py:914} INFO - Processing file /home/airflow/.local/lib/python3.12/site-packages/airflow/example_dags/example_python_decorator.py for tasks to queue
[2024-12-06T21:55:41.012+0000] {logging_mixin.py:190} INFO - [2024-12-06T21:55:41.011+0000] {dagbag.py:588} INFO - Filling up the DagBag from /home/airflow/.local/lib/python3.12/site-packages/airflow/example_dags/example_python_decorator.py
[2024-12-06T21:55:41.034+0000] {processor.py:925} INFO - DAG(s) 'example_python_decorator' retrieved from /home/airflow/.local/lib/python3.12/site-packages/airflow/example_dags/example_python_decorator.py
[2024-12-06T21:55:41.068+0000] {logging_mixin.py:190} INFO - [2024-12-06T21:55:41.068+0000] {dag.py:3239} INFO - Sync 1 DAGs
[2024-12-06T21:55:41.090+0000] {logging_mixin.py:190} INFO - [2024-12-06T21:55:41.090+0000] {dag.py:4180} INFO - Setting next_dagrun for example_python_decorator to None, run_after=None
[2024-12-06T21:55:41.119+0000] {processor.py:208} INFO - Processing /home/airflow/.local/lib/python3.12/site-packages/airflow/example_dags/example_python_decorator.py took 0.123 seconds
[2024-12-06T21:56:12.795+0000] {processor.py:186} INFO - Started process (PID=1973) to work on /home/airflow/.local/lib/python3.12/site-packages/airflow/example_dags/example_python_decorator.py
[2024-12-06T21:56:12.797+0000] {processor.py:914} INFO - Processing file /home/airflow/.local/lib/python3.12/site-packages/airflow/example_dags/example_python_decorator.py for tasks to queue
[2024-12-06T21:56:12.801+0000] {logging_mixin.py:190} INFO - [2024-12-06T21:56:12.801+0000] {dagbag.py:588} INFO - Filling up the DagBag from /home/airflow/.local/lib/python3.12/site-packages/airflow/example_dags/example_python_decorator.py
[2024-12-06T21:56:12.823+0000] {processor.py:925} INFO - DAG(s) 'example_python_decorator' retrieved from /home/airflow/.local/lib/python3.12/site-packages/airflow/example_dags/example_python_decorator.py
[2024-12-06T21:56:12.865+0000] {logging_mixin.py:190} INFO - [2024-12-06T21:56:12.865+0000] {dag.py:3239} INFO - Sync 1 DAGs
[2024-12-06T21:56:12.887+0000] {logging_mixin.py:190} INFO - [2024-12-06T21:56:12.887+0000] {dag.py:4180} INFO - Setting next_dagrun for example_python_decorator to None, run_after=None
[2024-12-06T21:56:12.920+0000] {processor.py:208} INFO - Processing /home/airflow/.local/lib/python3.12/site-packages/airflow/example_dags/example_python_decorator.py took 0.134 seconds
[2024-12-06T21:56:43.337+0000] {processor.py:186} INFO - Started process (PID=2035) to work on /home/airflow/.local/lib/python3.12/site-packages/airflow/example_dags/example_python_decorator.py
[2024-12-06T21:56:43.338+0000] {processor.py:914} INFO - Processing file /home/airflow/.local/lib/python3.12/site-packages/airflow/example_dags/example_python_decorator.py for tasks to queue
[2024-12-06T21:56:43.342+0000] {logging_mixin.py:190} INFO - [2024-12-06T21:56:43.341+0000] {dagbag.py:588} INFO - Filling up the DagBag from /home/airflow/.local/lib/python3.12/site-packages/airflow/example_dags/example_python_decorator.py
[2024-12-06T21:56:43.365+0000] {processor.py:925} INFO - DAG(s) 'example_python_decorator' retrieved from /home/airflow/.local/lib/python3.12/site-packages/airflow/example_dags/example_python_decorator.py
[2024-12-06T21:56:43.405+0000] {logging_mixin.py:190} INFO - [2024-12-06T21:56:43.405+0000] {dag.py:3239} INFO - Sync 1 DAGs
[2024-12-06T21:56:43.433+0000] {logging_mixin.py:190} INFO - [2024-12-06T21:56:43.433+0000] {dag.py:4180} INFO - Setting next_dagrun for example_python_decorator to None, run_after=None
[2024-12-06T21:56:43.461+0000] {processor.py:208} INFO - Processing /home/airflow/.local/lib/python3.12/site-packages/airflow/example_dags/example_python_decorator.py took 0.135 seconds
[2024-12-06T21:57:14.585+0000] {processor.py:186} INFO - Started process (PID=2098) to work on /home/airflow/.local/lib/python3.12/site-packages/airflow/example_dags/example_python_decorator.py
[2024-12-06T21:57:14.587+0000] {processor.py:914} INFO - Processing file /home/airflow/.local/lib/python3.12/site-packages/airflow/example_dags/example_python_decorator.py for tasks to queue
[2024-12-06T21:57:14.591+0000] {logging_mixin.py:190} INFO - [2024-12-06T21:57:14.590+0000] {dagbag.py:588} INFO - Filling up the DagBag from /home/airflow/.local/lib/python3.12/site-packages/airflow/example_dags/example_python_decorator.py
[2024-12-06T21:57:14.613+0000] {processor.py:925} INFO - DAG(s) 'example_python_decorator' retrieved from /home/airflow/.local/lib/python3.12/site-packages/airflow/example_dags/example_python_decorator.py
[2024-12-06T21:57:14.646+0000] {logging_mixin.py:190} INFO - [2024-12-06T21:57:14.646+0000] {dag.py:3239} INFO - Sync 1 DAGs
[2024-12-06T21:57:14.668+0000] {logging_mixin.py:190} INFO - [2024-12-06T21:57:14.668+0000] {dag.py:4180} INFO - Setting next_dagrun for example_python_decorator to None, run_after=None
[2024-12-06T21:57:14.696+0000] {processor.py:208} INFO - Processing /home/airflow/.local/lib/python3.12/site-packages/airflow/example_dags/example_python_decorator.py took 0.119 seconds
[2024-12-06T21:57:45.561+0000] {processor.py:186} INFO - Started process (PID=2161) to work on /home/airflow/.local/lib/python3.12/site-packages/airflow/example_dags/example_python_decorator.py
[2024-12-06T21:57:45.563+0000] {processor.py:914} INFO - Processing file /home/airflow/.local/lib/python3.12/site-packages/airflow/example_dags/example_python_decorator.py for tasks to queue
[2024-12-06T21:57:45.566+0000] {logging_mixin.py:190} INFO - [2024-12-06T21:57:45.566+0000] {dagbag.py:588} INFO - Filling up the DagBag from /home/airflow/.local/lib/python3.12/site-packages/airflow/example_dags/example_python_decorator.py
[2024-12-06T21:57:45.587+0000] {processor.py:925} INFO - DAG(s) 'example_python_decorator' retrieved from /home/airflow/.local/lib/python3.12/site-packages/airflow/example_dags/example_python_decorator.py
[2024-12-06T21:57:45.620+0000] {logging_mixin.py:190} INFO - [2024-12-06T21:57:45.620+0000] {dag.py:3239} INFO - Sync 1 DAGs
[2024-12-06T21:57:45.643+0000] {logging_mixin.py:190} INFO - [2024-12-06T21:57:45.643+0000] {dag.py:4180} INFO - Setting next_dagrun for example_python_decorator to None, run_after=None
[2024-12-06T21:57:45.668+0000] {processor.py:208} INFO - Processing /home/airflow/.local/lib/python3.12/site-packages/airflow/example_dags/example_python_decorator.py took 0.117 seconds
[2024-12-06T21:58:17.204+0000] {processor.py:186} INFO - Started process (PID=2224) to work on /home/airflow/.local/lib/python3.12/site-packages/airflow/example_dags/example_python_decorator.py
[2024-12-06T21:58:17.205+0000] {processor.py:914} INFO - Processing file /home/airflow/.local/lib/python3.12/site-packages/airflow/example_dags/example_python_decorator.py for tasks to queue
[2024-12-06T21:58:17.209+0000] {logging_mixin.py:190} INFO - [2024-12-06T21:58:17.208+0000] {dagbag.py:588} INFO - Filling up the DagBag from /home/airflow/.local/lib/python3.12/site-packages/airflow/example_dags/example_python_decorator.py
[2024-12-06T21:58:17.232+0000] {processor.py:925} INFO - DAG(s) 'example_python_decorator' retrieved from /home/airflow/.local/lib/python3.12/site-packages/airflow/example_dags/example_python_decorator.py
[2024-12-06T21:58:17.267+0000] {logging_mixin.py:190} INFO - [2024-12-06T21:58:17.267+0000] {dag.py:3239} INFO - Sync 1 DAGs
[2024-12-06T21:58:17.288+0000] {logging_mixin.py:190} INFO - [2024-12-06T21:58:17.288+0000] {dag.py:4180} INFO - Setting next_dagrun for example_python_decorator to None, run_after=None
[2024-12-06T21:58:17.317+0000] {processor.py:208} INFO - Processing /home/airflow/.local/lib/python3.12/site-packages/airflow/example_dags/example_python_decorator.py took 0.121 seconds
[2024-12-06T21:58:48.987+0000] {processor.py:186} INFO - Started process (PID=2292) to work on /home/airflow/.local/lib/python3.12/site-packages/airflow/example_dags/example_python_decorator.py
[2024-12-06T21:58:48.988+0000] {processor.py:914} INFO - Processing file /home/airflow/.local/lib/python3.12/site-packages/airflow/example_dags/example_python_decorator.py for tasks to queue
[2024-12-06T21:58:48.992+0000] {logging_mixin.py:190} INFO - [2024-12-06T21:58:48.992+0000] {dagbag.py:588} INFO - Filling up the DagBag from /home/airflow/.local/lib/python3.12/site-packages/airflow/example_dags/example_python_decorator.py
[2024-12-06T21:58:49.023+0000] {processor.py:925} INFO - DAG(s) 'example_python_decorator' retrieved from /home/airflow/.local/lib/python3.12/site-packages/airflow/example_dags/example_python_decorator.py
[2024-12-06T21:58:49.059+0000] {logging_mixin.py:190} INFO - [2024-12-06T21:58:49.059+0000] {dag.py:3239} INFO - Sync 1 DAGs
[2024-12-06T21:58:49.085+0000] {logging_mixin.py:190} INFO - [2024-12-06T21:58:49.085+0000] {dag.py:4180} INFO - Setting next_dagrun for example_python_decorator to None, run_after=None
[2024-12-06T21:58:49.116+0000] {processor.py:208} INFO - Processing /home/airflow/.local/lib/python3.12/site-packages/airflow/example_dags/example_python_decorator.py took 0.142 seconds
[2024-12-06T21:59:20.481+0000] {processor.py:186} INFO - Started process (PID=2355) to work on /home/airflow/.local/lib/python3.12/site-packages/airflow/example_dags/example_python_decorator.py
[2024-12-06T21:59:20.484+0000] {processor.py:914} INFO - Processing file /home/airflow/.local/lib/python3.12/site-packages/airflow/example_dags/example_python_decorator.py for tasks to queue
[2024-12-06T21:59:20.488+0000] {logging_mixin.py:190} INFO - [2024-12-06T21:59:20.487+0000] {dagbag.py:588} INFO - Filling up the DagBag from /home/airflow/.local/lib/python3.12/site-packages/airflow/example_dags/example_python_decorator.py
[2024-12-06T21:59:20.510+0000] {processor.py:925} INFO - DAG(s) 'example_python_decorator' retrieved from /home/airflow/.local/lib/python3.12/site-packages/airflow/example_dags/example_python_decorator.py
[2024-12-06T21:59:20.551+0000] {logging_mixin.py:190} INFO - [2024-12-06T21:59:20.551+0000] {dag.py:3239} INFO - Sync 1 DAGs
[2024-12-06T21:59:20.576+0000] {logging_mixin.py:190} INFO - [2024-12-06T21:59:20.576+0000] {dag.py:4180} INFO - Setting next_dagrun for example_python_decorator to None, run_after=None
[2024-12-06T21:59:20.609+0000] {processor.py:208} INFO - Processing /home/airflow/.local/lib/python3.12/site-packages/airflow/example_dags/example_python_decorator.py took 0.137 seconds
[2024-12-06T21:59:53.146+0000] {processor.py:186} INFO - Started process (PID=2418) to work on /home/airflow/.local/lib/python3.12/site-packages/airflow/example_dags/example_python_decorator.py
[2024-12-06T21:59:53.148+0000] {processor.py:914} INFO - Processing file /home/airflow/.local/lib/python3.12/site-packages/airflow/example_dags/example_python_decorator.py for tasks to queue
[2024-12-06T21:59:53.153+0000] {logging_mixin.py:190} INFO - [2024-12-06T21:59:53.153+0000] {dagbag.py:588} INFO - Filling up the DagBag from /home/airflow/.local/lib/python3.12/site-packages/airflow/example_dags/example_python_decorator.py
[2024-12-06T21:59:53.175+0000] {processor.py:925} INFO - DAG(s) 'example_python_decorator' retrieved from /home/airflow/.local/lib/python3.12/site-packages/airflow/example_dags/example_python_decorator.py
[2024-12-06T21:59:53.206+0000] {logging_mixin.py:190} INFO - [2024-12-06T21:59:53.206+0000] {dag.py:3239} INFO - Sync 1 DAGs
[2024-12-06T21:59:53.227+0000] {logging_mixin.py:190} INFO - [2024-12-06T21:59:53.226+0000] {dag.py:4180} INFO - Setting next_dagrun for example_python_decorator to None, run_after=None
[2024-12-06T21:59:53.255+0000] {processor.py:208} INFO - Processing /home/airflow/.local/lib/python3.12/site-packages/airflow/example_dags/example_python_decorator.py took 0.117 seconds
[2024-12-06T22:00:25.505+0000] {processor.py:186} INFO - Started process (PID=2481) to work on /home/airflow/.local/lib/python3.12/site-packages/airflow/example_dags/example_python_decorator.py
[2024-12-06T22:00:25.506+0000] {processor.py:914} INFO - Processing file /home/airflow/.local/lib/python3.12/site-packages/airflow/example_dags/example_python_decorator.py for tasks to queue
[2024-12-06T22:00:25.510+0000] {logging_mixin.py:190} INFO - [2024-12-06T22:00:25.510+0000] {dagbag.py:588} INFO - Filling up the DagBag from /home/airflow/.local/lib/python3.12/site-packages/airflow/example_dags/example_python_decorator.py
[2024-12-06T22:00:25.533+0000] {processor.py:925} INFO - DAG(s) 'example_python_decorator' retrieved from /home/airflow/.local/lib/python3.12/site-packages/airflow/example_dags/example_python_decorator.py
[2024-12-06T22:00:25.572+0000] {logging_mixin.py:190} INFO - [2024-12-06T22:00:25.572+0000] {dag.py:3239} INFO - Sync 1 DAGs
[2024-12-06T22:00:25.595+0000] {logging_mixin.py:190} INFO - [2024-12-06T22:00:25.595+0000] {dag.py:4180} INFO - Setting next_dagrun for example_python_decorator to None, run_after=None
[2024-12-06T22:00:25.625+0000] {processor.py:208} INFO - Processing /home/airflow/.local/lib/python3.12/site-packages/airflow/example_dags/example_python_decorator.py took 0.131 seconds
[2024-12-06T22:00:56.812+0000] {processor.py:186} INFO - Started process (PID=2544) to work on /home/airflow/.local/lib/python3.12/site-packages/airflow/example_dags/example_python_decorator.py
[2024-12-06T22:00:56.814+0000] {processor.py:914} INFO - Processing file /home/airflow/.local/lib/python3.12/site-packages/airflow/example_dags/example_python_decorator.py for tasks to queue
[2024-12-06T22:00:56.817+0000] {logging_mixin.py:190} INFO - [2024-12-06T22:00:56.817+0000] {dagbag.py:588} INFO - Filling up the DagBag from /home/airflow/.local/lib/python3.12/site-packages/airflow/example_dags/example_python_decorator.py
[2024-12-06T22:00:56.840+0000] {processor.py:925} INFO - DAG(s) 'example_python_decorator' retrieved from /home/airflow/.local/lib/python3.12/site-packages/airflow/example_dags/example_python_decorator.py
[2024-12-06T22:00:56.875+0000] {logging_mixin.py:190} INFO - [2024-12-06T22:00:56.874+0000] {dag.py:3239} INFO - Sync 1 DAGs
[2024-12-06T22:00:56.898+0000] {logging_mixin.py:190} INFO - [2024-12-06T22:00:56.898+0000] {dag.py:4180} INFO - Setting next_dagrun for example_python_decorator to None, run_after=None
[2024-12-06T22:00:56.926+0000] {processor.py:208} INFO - Processing /home/airflow/.local/lib/python3.12/site-packages/airflow/example_dags/example_python_decorator.py took 0.124 seconds
[2024-12-06T22:01:28.588+0000] {processor.py:186} INFO - Started process (PID=2607) to work on /home/airflow/.local/lib/python3.12/site-packages/airflow/example_dags/example_python_decorator.py
[2024-12-06T22:01:28.589+0000] {processor.py:914} INFO - Processing file /home/airflow/.local/lib/python3.12/site-packages/airflow/example_dags/example_python_decorator.py for tasks to queue
[2024-12-06T22:01:28.592+0000] {logging_mixin.py:190} INFO - [2024-12-06T22:01:28.592+0000] {dagbag.py:588} INFO - Filling up the DagBag from /home/airflow/.local/lib/python3.12/site-packages/airflow/example_dags/example_python_decorator.py
[2024-12-06T22:01:28.615+0000] {processor.py:925} INFO - DAG(s) 'example_python_decorator' retrieved from /home/airflow/.local/lib/python3.12/site-packages/airflow/example_dags/example_python_decorator.py
[2024-12-06T22:01:28.648+0000] {logging_mixin.py:190} INFO - [2024-12-06T22:01:28.648+0000] {dag.py:3239} INFO - Sync 1 DAGs
[2024-12-06T22:01:28.667+0000] {logging_mixin.py:190} INFO - [2024-12-06T22:01:28.667+0000] {dag.py:4180} INFO - Setting next_dagrun for example_python_decorator to None, run_after=None
[2024-12-06T22:01:28.696+0000] {processor.py:208} INFO - Processing /home/airflow/.local/lib/python3.12/site-packages/airflow/example_dags/example_python_decorator.py took 0.116 seconds
[2024-12-06T22:02:00.158+0000] {processor.py:186} INFO - Started process (PID=2670) to work on /home/airflow/.local/lib/python3.12/site-packages/airflow/example_dags/example_python_decorator.py
[2024-12-06T22:02:00.159+0000] {processor.py:914} INFO - Processing file /home/airflow/.local/lib/python3.12/site-packages/airflow/example_dags/example_python_decorator.py for tasks to queue
[2024-12-06T22:02:00.164+0000] {logging_mixin.py:190} INFO - [2024-12-06T22:02:00.164+0000] {dagbag.py:588} INFO - Filling up the DagBag from /home/airflow/.local/lib/python3.12/site-packages/airflow/example_dags/example_python_decorator.py
[2024-12-06T22:02:00.189+0000] {processor.py:925} INFO - DAG(s) 'example_python_decorator' retrieved from /home/airflow/.local/lib/python3.12/site-packages/airflow/example_dags/example_python_decorator.py
[2024-12-06T22:02:00.225+0000] {logging_mixin.py:190} INFO - [2024-12-06T22:02:00.225+0000] {dag.py:3239} INFO - Sync 1 DAGs
[2024-12-06T22:02:00.249+0000] {logging_mixin.py:190} INFO - [2024-12-06T22:02:00.249+0000] {dag.py:4180} INFO - Setting next_dagrun for example_python_decorator to None, run_after=None
[2024-12-06T22:02:00.284+0000] {processor.py:208} INFO - Processing /home/airflow/.local/lib/python3.12/site-packages/airflow/example_dags/example_python_decorator.py took 0.135 seconds
[2024-12-06T22:02:31.529+0000] {processor.py:186} INFO - Started process (PID=2733) to work on /home/airflow/.local/lib/python3.12/site-packages/airflow/example_dags/example_python_decorator.py
[2024-12-06T22:02:31.530+0000] {processor.py:914} INFO - Processing file /home/airflow/.local/lib/python3.12/site-packages/airflow/example_dags/example_python_decorator.py for tasks to queue
[2024-12-06T22:02:31.535+0000] {logging_mixin.py:190} INFO - [2024-12-06T22:02:31.534+0000] {dagbag.py:588} INFO - Filling up the DagBag from /home/airflow/.local/lib/python3.12/site-packages/airflow/example_dags/example_python_decorator.py
[2024-12-06T22:02:31.565+0000] {processor.py:925} INFO - DAG(s) 'example_python_decorator' retrieved from /home/airflow/.local/lib/python3.12/site-packages/airflow/example_dags/example_python_decorator.py
[2024-12-06T22:02:31.603+0000] {logging_mixin.py:190} INFO - [2024-12-06T22:02:31.602+0000] {dag.py:3239} INFO - Sync 1 DAGs
[2024-12-06T22:02:31.634+0000] {logging_mixin.py:190} INFO - [2024-12-06T22:02:31.633+0000] {dag.py:4180} INFO - Setting next_dagrun for example_python_decorator to None, run_after=None
[2024-12-06T22:02:31.676+0000] {processor.py:208} INFO - Processing /home/airflow/.local/lib/python3.12/site-packages/airflow/example_dags/example_python_decorator.py took 0.157 seconds
[2024-12-06T22:03:04.030+0000] {processor.py:186} INFO - Started process (PID=2796) to work on /home/airflow/.local/lib/python3.12/site-packages/airflow/example_dags/example_python_decorator.py
[2024-12-06T22:03:04.032+0000] {processor.py:914} INFO - Processing file /home/airflow/.local/lib/python3.12/site-packages/airflow/example_dags/example_python_decorator.py for tasks to queue
[2024-12-06T22:03:04.036+0000] {logging_mixin.py:190} INFO - [2024-12-06T22:03:04.036+0000] {dagbag.py:588} INFO - Filling up the DagBag from /home/airflow/.local/lib/python3.12/site-packages/airflow/example_dags/example_python_decorator.py
[2024-12-06T22:03:04.069+0000] {processor.py:925} INFO - DAG(s) 'example_python_decorator' retrieved from /home/airflow/.local/lib/python3.12/site-packages/airflow/example_dags/example_python_decorator.py
[2024-12-06T22:03:04.114+0000] {logging_mixin.py:190} INFO - [2024-12-06T22:03:04.113+0000] {dag.py:3239} INFO - Sync 1 DAGs
[2024-12-06T22:03:04.142+0000] {logging_mixin.py:190} INFO - [2024-12-06T22:03:04.141+0000] {dag.py:4180} INFO - Setting next_dagrun for example_python_decorator to None, run_after=None
[2024-12-06T22:03:04.178+0000] {processor.py:208} INFO - Processing /home/airflow/.local/lib/python3.12/site-packages/airflow/example_dags/example_python_decorator.py took 0.160 seconds
[2024-12-06T22:03:36.454+0000] {processor.py:186} INFO - Started process (PID=2858) to work on /home/airflow/.local/lib/python3.12/site-packages/airflow/example_dags/example_python_decorator.py
[2024-12-06T22:03:36.457+0000] {processor.py:914} INFO - Processing file /home/airflow/.local/lib/python3.12/site-packages/airflow/example_dags/example_python_decorator.py for tasks to queue
[2024-12-06T22:03:36.461+0000] {logging_mixin.py:190} INFO - [2024-12-06T22:03:36.461+0000] {dagbag.py:588} INFO - Filling up the DagBag from /home/airflow/.local/lib/python3.12/site-packages/airflow/example_dags/example_python_decorator.py
[2024-12-06T22:03:36.484+0000] {processor.py:925} INFO - DAG(s) 'example_python_decorator' retrieved from /home/airflow/.local/lib/python3.12/site-packages/airflow/example_dags/example_python_decorator.py
[2024-12-06T22:03:36.518+0000] {logging_mixin.py:190} INFO - [2024-12-06T22:03:36.518+0000] {dag.py:3239} INFO - Sync 1 DAGs
[2024-12-06T22:03:36.541+0000] {logging_mixin.py:190} INFO - [2024-12-06T22:03:36.541+0000] {dag.py:4180} INFO - Setting next_dagrun for example_python_decorator to None, run_after=None
[2024-12-06T22:03:36.567+0000] {processor.py:208} INFO - Processing /home/airflow/.local/lib/python3.12/site-packages/airflow/example_dags/example_python_decorator.py took 0.121 seconds
[2024-12-06T22:04:08.023+0000] {processor.py:186} INFO - Started process (PID=2925) to work on /home/airflow/.local/lib/python3.12/site-packages/airflow/example_dags/example_python_decorator.py
[2024-12-06T22:04:08.025+0000] {processor.py:914} INFO - Processing file /home/airflow/.local/lib/python3.12/site-packages/airflow/example_dags/example_python_decorator.py for tasks to queue
[2024-12-06T22:04:08.029+0000] {logging_mixin.py:190} INFO - [2024-12-06T22:04:08.029+0000] {dagbag.py:588} INFO - Filling up the DagBag from /home/airflow/.local/lib/python3.12/site-packages/airflow/example_dags/example_python_decorator.py
[2024-12-06T22:04:08.052+0000] {processor.py:925} INFO - DAG(s) 'example_python_decorator' retrieved from /home/airflow/.local/lib/python3.12/site-packages/airflow/example_dags/example_python_decorator.py
[2024-12-06T22:04:08.083+0000] {logging_mixin.py:190} INFO - [2024-12-06T22:04:08.083+0000] {dag.py:3239} INFO - Sync 1 DAGs
[2024-12-06T22:04:08.102+0000] {logging_mixin.py:190} INFO - [2024-12-06T22:04:08.102+0000] {dag.py:4180} INFO - Setting next_dagrun for example_python_decorator to None, run_after=None
[2024-12-06T22:04:08.129+0000] {processor.py:208} INFO - Processing /home/airflow/.local/lib/python3.12/site-packages/airflow/example_dags/example_python_decorator.py took 0.113 seconds
[2024-12-06T22:04:38.935+0000] {processor.py:186} INFO - Started process (PID=2988) to work on /home/airflow/.local/lib/python3.12/site-packages/airflow/example_dags/example_python_decorator.py
[2024-12-06T22:04:38.936+0000] {processor.py:914} INFO - Processing file /home/airflow/.local/lib/python3.12/site-packages/airflow/example_dags/example_python_decorator.py for tasks to queue
[2024-12-06T22:04:38.940+0000] {logging_mixin.py:190} INFO - [2024-12-06T22:04:38.940+0000] {dagbag.py:588} INFO - Filling up the DagBag from /home/airflow/.local/lib/python3.12/site-packages/airflow/example_dags/example_python_decorator.py
[2024-12-06T22:04:38.969+0000] {processor.py:925} INFO - DAG(s) 'example_python_decorator' retrieved from /home/airflow/.local/lib/python3.12/site-packages/airflow/example_dags/example_python_decorator.py
[2024-12-06T22:04:39.007+0000] {logging_mixin.py:190} INFO - [2024-12-06T22:04:39.007+0000] {dag.py:3239} INFO - Sync 1 DAGs
[2024-12-06T22:04:39.033+0000] {logging_mixin.py:190} INFO - [2024-12-06T22:04:39.033+0000] {dag.py:4180} INFO - Setting next_dagrun for example_python_decorator to None, run_after=None
[2024-12-06T22:04:39.063+0000] {processor.py:208} INFO - Processing /home/airflow/.local/lib/python3.12/site-packages/airflow/example_dags/example_python_decorator.py took 0.140 seconds
[2024-12-06T22:05:10.925+0000] {processor.py:186} INFO - Started process (PID=3051) to work on /home/airflow/.local/lib/python3.12/site-packages/airflow/example_dags/example_python_decorator.py
[2024-12-06T22:05:10.926+0000] {processor.py:914} INFO - Processing file /home/airflow/.local/lib/python3.12/site-packages/airflow/example_dags/example_python_decorator.py for tasks to queue
[2024-12-06T22:05:10.929+0000] {logging_mixin.py:190} INFO - [2024-12-06T22:05:10.929+0000] {dagbag.py:588} INFO - Filling up the DagBag from /home/airflow/.local/lib/python3.12/site-packages/airflow/example_dags/example_python_decorator.py
[2024-12-06T22:05:10.955+0000] {processor.py:925} INFO - DAG(s) 'example_python_decorator' retrieved from /home/airflow/.local/lib/python3.12/site-packages/airflow/example_dags/example_python_decorator.py
[2024-12-06T22:05:10.987+0000] {logging_mixin.py:190} INFO - [2024-12-06T22:05:10.987+0000] {dag.py:3239} INFO - Sync 1 DAGs
[2024-12-06T22:05:11.010+0000] {logging_mixin.py:190} INFO - [2024-12-06T22:05:11.010+0000] {dag.py:4180} INFO - Setting next_dagrun for example_python_decorator to None, run_after=None
[2024-12-06T22:05:11.040+0000] {processor.py:208} INFO - Processing /home/airflow/.local/lib/python3.12/site-packages/airflow/example_dags/example_python_decorator.py took 0.126 seconds
[2024-12-06T22:05:42.723+0000] {processor.py:186} INFO - Started process (PID=3114) to work on /home/airflow/.local/lib/python3.12/site-packages/airflow/example_dags/example_python_decorator.py
[2024-12-06T22:05:42.725+0000] {processor.py:914} INFO - Processing file /home/airflow/.local/lib/python3.12/site-packages/airflow/example_dags/example_python_decorator.py for tasks to queue
[2024-12-06T22:05:42.729+0000] {logging_mixin.py:190} INFO - [2024-12-06T22:05:42.728+0000] {dagbag.py:588} INFO - Filling up the DagBag from /home/airflow/.local/lib/python3.12/site-packages/airflow/example_dags/example_python_decorator.py
[2024-12-06T22:05:42.752+0000] {processor.py:925} INFO - DAG(s) 'example_python_decorator' retrieved from /home/airflow/.local/lib/python3.12/site-packages/airflow/example_dags/example_python_decorator.py
[2024-12-06T22:05:42.789+0000] {logging_mixin.py:190} INFO - [2024-12-06T22:05:42.789+0000] {dag.py:3239} INFO - Sync 1 DAGs
[2024-12-06T22:05:42.813+0000] {logging_mixin.py:190} INFO - [2024-12-06T22:05:42.812+0000] {dag.py:4180} INFO - Setting next_dagrun for example_python_decorator to None, run_after=None
[2024-12-06T22:05:42.844+0000] {processor.py:208} INFO - Processing /home/airflow/.local/lib/python3.12/site-packages/airflow/example_dags/example_python_decorator.py took 0.131 seconds
[2024-12-06T22:06:14.664+0000] {processor.py:186} INFO - Started process (PID=3177) to work on /home/airflow/.local/lib/python3.12/site-packages/airflow/example_dags/example_python_decorator.py
[2024-12-06T22:06:14.665+0000] {processor.py:914} INFO - Processing file /home/airflow/.local/lib/python3.12/site-packages/airflow/example_dags/example_python_decorator.py for tasks to queue
[2024-12-06T22:06:14.669+0000] {logging_mixin.py:190} INFO - [2024-12-06T22:06:14.668+0000] {dagbag.py:588} INFO - Filling up the DagBag from /home/airflow/.local/lib/python3.12/site-packages/airflow/example_dags/example_python_decorator.py
[2024-12-06T22:06:14.692+0000] {processor.py:925} INFO - DAG(s) 'example_python_decorator' retrieved from /home/airflow/.local/lib/python3.12/site-packages/airflow/example_dags/example_python_decorator.py
[2024-12-06T22:06:14.728+0000] {logging_mixin.py:190} INFO - [2024-12-06T22:06:14.728+0000] {dag.py:3239} INFO - Sync 1 DAGs
[2024-12-06T22:06:14.753+0000] {logging_mixin.py:190} INFO - [2024-12-06T22:06:14.752+0000] {dag.py:4180} INFO - Setting next_dagrun for example_python_decorator to None, run_after=None
[2024-12-06T22:06:14.783+0000] {processor.py:208} INFO - Processing /home/airflow/.local/lib/python3.12/site-packages/airflow/example_dags/example_python_decorator.py took 0.130 seconds
[2024-12-06T22:06:45.977+0000] {processor.py:186} INFO - Started process (PID=3240) to work on /home/airflow/.local/lib/python3.12/site-packages/airflow/example_dags/example_python_decorator.py
[2024-12-06T22:06:45.980+0000] {processor.py:914} INFO - Processing file /home/airflow/.local/lib/python3.12/site-packages/airflow/example_dags/example_python_decorator.py for tasks to queue
[2024-12-06T22:06:45.984+0000] {logging_mixin.py:190} INFO - [2024-12-06T22:06:45.983+0000] {dagbag.py:588} INFO - Filling up the DagBag from /home/airflow/.local/lib/python3.12/site-packages/airflow/example_dags/example_python_decorator.py
[2024-12-06T22:06:46.009+0000] {processor.py:925} INFO - DAG(s) 'example_python_decorator' retrieved from /home/airflow/.local/lib/python3.12/site-packages/airflow/example_dags/example_python_decorator.py
[2024-12-06T22:06:46.047+0000] {logging_mixin.py:190} INFO - [2024-12-06T22:06:46.047+0000] {dag.py:3239} INFO - Sync 1 DAGs
[2024-12-06T22:06:46.084+0000] {logging_mixin.py:190} INFO - [2024-12-06T22:06:46.084+0000] {dag.py:4180} INFO - Setting next_dagrun for example_python_decorator to None, run_after=None
[2024-12-06T22:06:46.116+0000] {processor.py:208} INFO - Processing /home/airflow/.local/lib/python3.12/site-packages/airflow/example_dags/example_python_decorator.py took 0.149 seconds
[2024-12-06T22:07:20.031+0000] {processor.py:186} INFO - Started process (PID=3312) to work on /home/airflow/.local/lib/python3.12/site-packages/airflow/example_dags/example_python_decorator.py
[2024-12-06T22:07:20.033+0000] {processor.py:914} INFO - Processing file /home/airflow/.local/lib/python3.12/site-packages/airflow/example_dags/example_python_decorator.py for tasks to queue
[2024-12-06T22:07:20.037+0000] {logging_mixin.py:190} INFO - [2024-12-06T22:07:20.036+0000] {dagbag.py:588} INFO - Filling up the DagBag from /home/airflow/.local/lib/python3.12/site-packages/airflow/example_dags/example_python_decorator.py
[2024-12-06T22:07:20.060+0000] {processor.py:925} INFO - DAG(s) 'example_python_decorator' retrieved from /home/airflow/.local/lib/python3.12/site-packages/airflow/example_dags/example_python_decorator.py
[2024-12-06T22:07:20.093+0000] {logging_mixin.py:190} INFO - [2024-12-06T22:07:20.093+0000] {dag.py:3239} INFO - Sync 1 DAGs
[2024-12-06T22:07:20.115+0000] {logging_mixin.py:190} INFO - [2024-12-06T22:07:20.115+0000] {dag.py:4180} INFO - Setting next_dagrun for example_python_decorator to None, run_after=None
[2024-12-06T22:07:20.140+0000] {processor.py:208} INFO - Processing /home/airflow/.local/lib/python3.12/site-packages/airflow/example_dags/example_python_decorator.py took 0.119 seconds
[2024-12-06T22:07:52.140+0000] {processor.py:186} INFO - Started process (PID=3375) to work on /home/airflow/.local/lib/python3.12/site-packages/airflow/example_dags/example_python_decorator.py
[2024-12-06T22:07:52.142+0000] {processor.py:914} INFO - Processing file /home/airflow/.local/lib/python3.12/site-packages/airflow/example_dags/example_python_decorator.py for tasks to queue
[2024-12-06T22:07:52.146+0000] {logging_mixin.py:190} INFO - [2024-12-06T22:07:52.146+0000] {dagbag.py:588} INFO - Filling up the DagBag from /home/airflow/.local/lib/python3.12/site-packages/airflow/example_dags/example_python_decorator.py
[2024-12-06T22:07:52.179+0000] {processor.py:925} INFO - DAG(s) 'example_python_decorator' retrieved from /home/airflow/.local/lib/python3.12/site-packages/airflow/example_dags/example_python_decorator.py
[2024-12-06T22:07:52.223+0000] {logging_mixin.py:190} INFO - [2024-12-06T22:07:52.222+0000] {dag.py:3239} INFO - Sync 1 DAGs
[2024-12-06T22:07:52.253+0000] {logging_mixin.py:190} INFO - [2024-12-06T22:07:52.252+0000] {dag.py:4180} INFO - Setting next_dagrun for example_python_decorator to None, run_after=None
[2024-12-06T22:07:52.567+0000] {processor.py:208} INFO - Processing /home/airflow/.local/lib/python3.12/site-packages/airflow/example_dags/example_python_decorator.py took 0.441 seconds
[2024-12-06T22:08:23.538+0000] {processor.py:186} INFO - Started process (PID=3440) to work on /home/airflow/.local/lib/python3.12/site-packages/airflow/example_dags/example_python_decorator.py
[2024-12-06T22:08:23.540+0000] {processor.py:914} INFO - Processing file /home/airflow/.local/lib/python3.12/site-packages/airflow/example_dags/example_python_decorator.py for tasks to queue
[2024-12-06T22:08:23.546+0000] {logging_mixin.py:190} INFO - [2024-12-06T22:08:23.545+0000] {dagbag.py:588} INFO - Filling up the DagBag from /home/airflow/.local/lib/python3.12/site-packages/airflow/example_dags/example_python_decorator.py
[2024-12-06T22:08:23.588+0000] {processor.py:925} INFO - DAG(s) 'example_python_decorator' retrieved from /home/airflow/.local/lib/python3.12/site-packages/airflow/example_dags/example_python_decorator.py
[2024-12-06T22:08:23.628+0000] {logging_mixin.py:190} INFO - [2024-12-06T22:08:23.628+0000] {dag.py:3239} INFO - Sync 1 DAGs
[2024-12-06T22:08:23.661+0000] {logging_mixin.py:190} INFO - [2024-12-06T22:08:23.661+0000] {dag.py:4180} INFO - Setting next_dagrun for example_python_decorator to None, run_after=None
[2024-12-06T22:08:23.696+0000] {processor.py:208} INFO - Processing /home/airflow/.local/lib/python3.12/site-packages/airflow/example_dags/example_python_decorator.py took 0.169 seconds
[2024-12-06T22:08:58.897+0000] {processor.py:186} INFO - Started process (PID=3505) to work on /home/airflow/.local/lib/python3.12/site-packages/airflow/example_dags/example_python_decorator.py
[2024-12-06T22:08:58.899+0000] {processor.py:914} INFO - Processing file /home/airflow/.local/lib/python3.12/site-packages/airflow/example_dags/example_python_decorator.py for tasks to queue
[2024-12-06T22:08:58.903+0000] {logging_mixin.py:190} INFO - [2024-12-06T22:08:58.902+0000] {dagbag.py:588} INFO - Filling up the DagBag from /home/airflow/.local/lib/python3.12/site-packages/airflow/example_dags/example_python_decorator.py
[2024-12-06T22:08:59.152+0000] {processor.py:925} INFO - DAG(s) 'example_python_decorator' retrieved from /home/airflow/.local/lib/python3.12/site-packages/airflow/example_dags/example_python_decorator.py
[2024-12-06T22:08:59.181+0000] {logging_mixin.py:190} INFO - [2024-12-06T22:08:59.181+0000] {dag.py:3239} INFO - Sync 1 DAGs
[2024-12-06T22:08:59.199+0000] {logging_mixin.py:190} INFO - [2024-12-06T22:08:59.199+0000] {dag.py:4180} INFO - Setting next_dagrun for example_python_decorator to None, run_after=None
[2024-12-06T22:08:59.229+0000] {processor.py:208} INFO - Processing /home/airflow/.local/lib/python3.12/site-packages/airflow/example_dags/example_python_decorator.py took 0.344 seconds
[2024-12-06T22:09:30.587+0000] {processor.py:186} INFO - Started process (PID=3568) to work on /home/airflow/.local/lib/python3.12/site-packages/airflow/example_dags/example_python_decorator.py
[2024-12-06T22:09:30.588+0000] {processor.py:914} INFO - Processing file /home/airflow/.local/lib/python3.12/site-packages/airflow/example_dags/example_python_decorator.py for tasks to queue
[2024-12-06T22:09:30.593+0000] {logging_mixin.py:190} INFO - [2024-12-06T22:09:30.591+0000] {dagbag.py:588} INFO - Filling up the DagBag from /home/airflow/.local/lib/python3.12/site-packages/airflow/example_dags/example_python_decorator.py
[2024-12-06T22:09:30.617+0000] {processor.py:925} INFO - DAG(s) 'example_python_decorator' retrieved from /home/airflow/.local/lib/python3.12/site-packages/airflow/example_dags/example_python_decorator.py
[2024-12-06T22:09:30.651+0000] {logging_mixin.py:190} INFO - [2024-12-06T22:09:30.651+0000] {dag.py:3239} INFO - Sync 1 DAGs
[2024-12-06T22:09:30.677+0000] {logging_mixin.py:190} INFO - [2024-12-06T22:09:30.677+0000] {dag.py:4180} INFO - Setting next_dagrun for example_python_decorator to None, run_after=None
[2024-12-06T22:09:30.704+0000] {processor.py:208} INFO - Processing /home/airflow/.local/lib/python3.12/site-packages/airflow/example_dags/example_python_decorator.py took 0.126 seconds
[2024-12-06T22:10:01.526+0000] {processor.py:186} INFO - Started process (PID=3631) to work on /home/airflow/.local/lib/python3.12/site-packages/airflow/example_dags/example_python_decorator.py
[2024-12-06T22:10:01.530+0000] {processor.py:914} INFO - Processing file /home/airflow/.local/lib/python3.12/site-packages/airflow/example_dags/example_python_decorator.py for tasks to queue
[2024-12-06T22:10:01.534+0000] {logging_mixin.py:190} INFO - [2024-12-06T22:10:01.533+0000] {dagbag.py:588} INFO - Filling up the DagBag from /home/airflow/.local/lib/python3.12/site-packages/airflow/example_dags/example_python_decorator.py
[2024-12-06T22:10:01.569+0000] {processor.py:925} INFO - DAG(s) 'example_python_decorator' retrieved from /home/airflow/.local/lib/python3.12/site-packages/airflow/example_dags/example_python_decorator.py
[2024-12-06T22:10:01.608+0000] {logging_mixin.py:190} INFO - [2024-12-06T22:10:01.608+0000] {dag.py:3239} INFO - Sync 1 DAGs
[2024-12-06T22:10:01.634+0000] {logging_mixin.py:190} INFO - [2024-12-06T22:10:01.634+0000] {dag.py:4180} INFO - Setting next_dagrun for example_python_decorator to None, run_after=None
[2024-12-06T22:10:01.668+0000] {processor.py:208} INFO - Processing /home/airflow/.local/lib/python3.12/site-packages/airflow/example_dags/example_python_decorator.py took 0.153 seconds
[2024-12-06T22:10:33.059+0000] {processor.py:186} INFO - Started process (PID=3695) to work on /home/airflow/.local/lib/python3.12/site-packages/airflow/example_dags/example_python_decorator.py
[2024-12-06T22:10:33.061+0000] {processor.py:914} INFO - Processing file /home/airflow/.local/lib/python3.12/site-packages/airflow/example_dags/example_python_decorator.py for tasks to queue
[2024-12-06T22:10:33.065+0000] {logging_mixin.py:190} INFO - [2024-12-06T22:10:33.064+0000] {dagbag.py:588} INFO - Filling up the DagBag from /home/airflow/.local/lib/python3.12/site-packages/airflow/example_dags/example_python_decorator.py
[2024-12-06T22:10:33.094+0000] {processor.py:925} INFO - DAG(s) 'example_python_decorator' retrieved from /home/airflow/.local/lib/python3.12/site-packages/airflow/example_dags/example_python_decorator.py
[2024-12-06T22:10:33.129+0000] {logging_mixin.py:190} INFO - [2024-12-06T22:10:33.128+0000] {dag.py:3239} INFO - Sync 1 DAGs
[2024-12-06T22:10:33.152+0000] {logging_mixin.py:190} INFO - [2024-12-06T22:10:33.151+0000] {dag.py:4180} INFO - Setting next_dagrun for example_python_decorator to None, run_after=None
[2024-12-06T22:10:33.180+0000] {processor.py:208} INFO - Processing /home/airflow/.local/lib/python3.12/site-packages/airflow/example_dags/example_python_decorator.py took 0.131 seconds
