[2024-12-06T21:40:58.795+0000] {processor.py:186} INFO - Started process (PID=118) to work on /home/airflow/.local/lib/python3.12/site-packages/airflow/example_dags/example_local_kubernetes_executor.py
[2024-12-06T21:40:58.797+0000] {processor.py:914} INFO - Processing file /home/airflow/.local/lib/python3.12/site-packages/airflow/example_dags/example_local_kubernetes_executor.py for tasks to queue
[2024-12-06T21:40:58.801+0000] {logging_mixin.py:190} INFO - [2024-12-06T21:40:58.801+0000] {dagbag.py:588} INFO - Filling up the DagBag from /home/airflow/.local/lib/python3.12/site-packages/airflow/example_dags/example_local_kubernetes_executor.py
[2024-12-06T21:40:58.815+0000] {processor.py:925} INFO - DAG(s) 'example_local_kubernetes_executor' retrieved from /home/airflow/.local/lib/python3.12/site-packages/airflow/example_dags/example_local_kubernetes_executor.py
[2024-12-06T21:40:59.004+0000] {logging_mixin.py:190} INFO - [2024-12-06T21:40:59.003+0000] {override.py:1911} INFO - Created Permission View: can edit on DAG:example_local_kubernetes_executor
[2024-12-06T21:40:59.018+0000] {logging_mixin.py:190} INFO - [2024-12-06T21:40:59.017+0000] {override.py:1911} INFO - Created Permission View: can delete on DAG:example_local_kubernetes_executor
[2024-12-06T21:40:59.029+0000] {logging_mixin.py:190} INFO - [2024-12-06T21:40:59.029+0000] {override.py:1911} INFO - Created Permission View: can read on DAG:example_local_kubernetes_executor
[2024-12-06T21:40:59.041+0000] {logging_mixin.py:190} INFO - [2024-12-06T21:40:59.041+0000] {override.py:1911} INFO - Created Permission View: menu access on DAG Run:example_local_kubernetes_executor
[2024-12-06T21:40:59.052+0000] {logging_mixin.py:190} INFO - [2024-12-06T21:40:59.051+0000] {override.py:1911} INFO - Created Permission View: can create on DAG Run:example_local_kubernetes_executor
[2024-12-06T21:40:59.061+0000] {logging_mixin.py:190} INFO - [2024-12-06T21:40:59.061+0000] {override.py:1911} INFO - Created Permission View: can delete on DAG Run:example_local_kubernetes_executor
[2024-12-06T21:40:59.072+0000] {logging_mixin.py:190} INFO - [2024-12-06T21:40:59.072+0000] {override.py:1911} INFO - Created Permission View: can read on DAG Run:example_local_kubernetes_executor
[2024-12-06T21:40:59.073+0000] {logging_mixin.py:190} INFO - [2024-12-06T21:40:59.073+0000] {dag.py:3239} INFO - Sync 1 DAGs
[2024-12-06T21:40:59.090+0000] {logging_mixin.py:190} INFO - [2024-12-06T21:40:59.090+0000] {dag.py:3262} INFO - Creating ORM DAG for example_local_kubernetes_executor
[2024-12-06T21:40:59.092+0000] {logging_mixin.py:190} INFO - [2024-12-06T21:40:59.091+0000] {dag.py:4180} INFO - Setting next_dagrun for example_local_kubernetes_executor to None, run_after=None
[2024-12-06T21:40:59.111+0000] {processor.py:208} INFO - Processing /home/airflow/.local/lib/python3.12/site-packages/airflow/example_dags/example_local_kubernetes_executor.py took 0.325 seconds
[2024-12-06T21:41:29.227+0000] {processor.py:186} INFO - Started process (PID=181) to work on /home/airflow/.local/lib/python3.12/site-packages/airflow/example_dags/example_local_kubernetes_executor.py
[2024-12-06T21:41:29.229+0000] {processor.py:914} INFO - Processing file /home/airflow/.local/lib/python3.12/site-packages/airflow/example_dags/example_local_kubernetes_executor.py for tasks to queue
[2024-12-06T21:41:29.232+0000] {logging_mixin.py:190} INFO - [2024-12-06T21:41:29.232+0000] {dagbag.py:588} INFO - Filling up the DagBag from /home/airflow/.local/lib/python3.12/site-packages/airflow/example_dags/example_local_kubernetes_executor.py
[2024-12-06T21:41:29.244+0000] {processor.py:925} INFO - DAG(s) 'example_local_kubernetes_executor' retrieved from /home/airflow/.local/lib/python3.12/site-packages/airflow/example_dags/example_local_kubernetes_executor.py
[2024-12-06T21:41:29.284+0000] {logging_mixin.py:190} INFO - [2024-12-06T21:41:29.284+0000] {dag.py:3239} INFO - Sync 1 DAGs
[2024-12-06T21:41:29.304+0000] {logging_mixin.py:190} INFO - [2024-12-06T21:41:29.303+0000] {dag.py:4180} INFO - Setting next_dagrun for example_local_kubernetes_executor to None, run_after=None
[2024-12-06T21:41:29.326+0000] {processor.py:208} INFO - Processing /home/airflow/.local/lib/python3.12/site-packages/airflow/example_dags/example_local_kubernetes_executor.py took 0.106 seconds
[2024-12-06T21:41:59.886+0000] {processor.py:186} INFO - Started process (PID=244) to work on /home/airflow/.local/lib/python3.12/site-packages/airflow/example_dags/example_local_kubernetes_executor.py
[2024-12-06T21:41:59.888+0000] {processor.py:914} INFO - Processing file /home/airflow/.local/lib/python3.12/site-packages/airflow/example_dags/example_local_kubernetes_executor.py for tasks to queue
[2024-12-06T21:41:59.893+0000] {logging_mixin.py:190} INFO - [2024-12-06T21:41:59.892+0000] {dagbag.py:588} INFO - Filling up the DagBag from /home/airflow/.local/lib/python3.12/site-packages/airflow/example_dags/example_local_kubernetes_executor.py
[2024-12-06T21:41:59.909+0000] {processor.py:925} INFO - DAG(s) 'example_local_kubernetes_executor' retrieved from /home/airflow/.local/lib/python3.12/site-packages/airflow/example_dags/example_local_kubernetes_executor.py
[2024-12-06T21:41:59.967+0000] {logging_mixin.py:190} INFO - [2024-12-06T21:41:59.966+0000] {dag.py:3239} INFO - Sync 1 DAGs
[2024-12-06T21:42:00.002+0000] {logging_mixin.py:190} INFO - [2024-12-06T21:42:00.002+0000] {dag.py:4180} INFO - Setting next_dagrun for example_local_kubernetes_executor to None, run_after=None
[2024-12-06T21:42:00.042+0000] {processor.py:208} INFO - Processing /home/airflow/.local/lib/python3.12/site-packages/airflow/example_dags/example_local_kubernetes_executor.py took 0.166 seconds
[2024-12-06T21:42:31.021+0000] {processor.py:186} INFO - Started process (PID=307) to work on /home/airflow/.local/lib/python3.12/site-packages/airflow/example_dags/example_local_kubernetes_executor.py
[2024-12-06T21:42:31.022+0000] {processor.py:914} INFO - Processing file /home/airflow/.local/lib/python3.12/site-packages/airflow/example_dags/example_local_kubernetes_executor.py for tasks to queue
[2024-12-06T21:42:31.025+0000] {logging_mixin.py:190} INFO - [2024-12-06T21:42:31.025+0000] {dagbag.py:588} INFO - Filling up the DagBag from /home/airflow/.local/lib/python3.12/site-packages/airflow/example_dags/example_local_kubernetes_executor.py
[2024-12-06T21:42:31.037+0000] {processor.py:925} INFO - DAG(s) 'example_local_kubernetes_executor' retrieved from /home/airflow/.local/lib/python3.12/site-packages/airflow/example_dags/example_local_kubernetes_executor.py
[2024-12-06T21:42:31.078+0000] {logging_mixin.py:190} INFO - [2024-12-06T21:42:31.078+0000] {dag.py:3239} INFO - Sync 1 DAGs
[2024-12-06T21:42:31.099+0000] {logging_mixin.py:190} INFO - [2024-12-06T21:42:31.099+0000] {dag.py:4180} INFO - Setting next_dagrun for example_local_kubernetes_executor to None, run_after=None
[2024-12-06T21:42:31.123+0000] {processor.py:208} INFO - Processing /home/airflow/.local/lib/python3.12/site-packages/airflow/example_dags/example_local_kubernetes_executor.py took 0.110 seconds
[2024-12-06T21:43:01.312+0000] {processor.py:186} INFO - Started process (PID=370) to work on /home/airflow/.local/lib/python3.12/site-packages/airflow/example_dags/example_local_kubernetes_executor.py
[2024-12-06T21:43:01.313+0000] {processor.py:914} INFO - Processing file /home/airflow/.local/lib/python3.12/site-packages/airflow/example_dags/example_local_kubernetes_executor.py for tasks to queue
[2024-12-06T21:43:01.316+0000] {logging_mixin.py:190} INFO - [2024-12-06T21:43:01.316+0000] {dagbag.py:588} INFO - Filling up the DagBag from /home/airflow/.local/lib/python3.12/site-packages/airflow/example_dags/example_local_kubernetes_executor.py
[2024-12-06T21:43:01.328+0000] {processor.py:925} INFO - DAG(s) 'example_local_kubernetes_executor' retrieved from /home/airflow/.local/lib/python3.12/site-packages/airflow/example_dags/example_local_kubernetes_executor.py
[2024-12-06T21:43:01.370+0000] {logging_mixin.py:190} INFO - [2024-12-06T21:43:01.370+0000] {dag.py:3239} INFO - Sync 1 DAGs
[2024-12-06T21:43:01.388+0000] {logging_mixin.py:190} INFO - [2024-12-06T21:43:01.388+0000] {dag.py:4180} INFO - Setting next_dagrun for example_local_kubernetes_executor to None, run_after=None
[2024-12-06T21:43:01.411+0000] {processor.py:208} INFO - Processing /home/airflow/.local/lib/python3.12/site-packages/airflow/example_dags/example_local_kubernetes_executor.py took 0.107 seconds
[2024-12-06T21:43:33.237+0000] {processor.py:186} INFO - Started process (PID=433) to work on /home/airflow/.local/lib/python3.12/site-packages/airflow/example_dags/example_local_kubernetes_executor.py
[2024-12-06T21:43:33.238+0000] {processor.py:914} INFO - Processing file /home/airflow/.local/lib/python3.12/site-packages/airflow/example_dags/example_local_kubernetes_executor.py for tasks to queue
[2024-12-06T21:43:33.242+0000] {logging_mixin.py:190} INFO - [2024-12-06T21:43:33.241+0000] {dagbag.py:588} INFO - Filling up the DagBag from /home/airflow/.local/lib/python3.12/site-packages/airflow/example_dags/example_local_kubernetes_executor.py
[2024-12-06T21:43:33.254+0000] {processor.py:925} INFO - DAG(s) 'example_local_kubernetes_executor' retrieved from /home/airflow/.local/lib/python3.12/site-packages/airflow/example_dags/example_local_kubernetes_executor.py
[2024-12-06T21:43:33.300+0000] {logging_mixin.py:190} INFO - [2024-12-06T21:43:33.300+0000] {dag.py:3239} INFO - Sync 1 DAGs
[2024-12-06T21:43:33.320+0000] {logging_mixin.py:190} INFO - [2024-12-06T21:43:33.319+0000] {dag.py:4180} INFO - Setting next_dagrun for example_local_kubernetes_executor to None, run_after=None
[2024-12-06T21:43:33.344+0000] {processor.py:208} INFO - Processing /home/airflow/.local/lib/python3.12/site-packages/airflow/example_dags/example_local_kubernetes_executor.py took 0.116 seconds
[2024-12-06T21:44:04.009+0000] {processor.py:186} INFO - Started process (PID=496) to work on /home/airflow/.local/lib/python3.12/site-packages/airflow/example_dags/example_local_kubernetes_executor.py
[2024-12-06T21:44:04.011+0000] {processor.py:914} INFO - Processing file /home/airflow/.local/lib/python3.12/site-packages/airflow/example_dags/example_local_kubernetes_executor.py for tasks to queue
[2024-12-06T21:44:04.014+0000] {logging_mixin.py:190} INFO - [2024-12-06T21:44:04.014+0000] {dagbag.py:588} INFO - Filling up the DagBag from /home/airflow/.local/lib/python3.12/site-packages/airflow/example_dags/example_local_kubernetes_executor.py
[2024-12-06T21:44:04.027+0000] {processor.py:925} INFO - DAG(s) 'example_local_kubernetes_executor' retrieved from /home/airflow/.local/lib/python3.12/site-packages/airflow/example_dags/example_local_kubernetes_executor.py
[2024-12-06T21:44:04.071+0000] {logging_mixin.py:190} INFO - [2024-12-06T21:44:04.071+0000] {dag.py:3239} INFO - Sync 1 DAGs
[2024-12-06T21:44:04.093+0000] {logging_mixin.py:190} INFO - [2024-12-06T21:44:04.093+0000] {dag.py:4180} INFO - Setting next_dagrun for example_local_kubernetes_executor to None, run_after=None
[2024-12-06T21:44:04.117+0000] {processor.py:208} INFO - Processing /home/airflow/.local/lib/python3.12/site-packages/airflow/example_dags/example_local_kubernetes_executor.py took 0.116 seconds
[2024-12-06T21:44:36.143+0000] {processor.py:186} INFO - Started process (PID=559) to work on /home/airflow/.local/lib/python3.12/site-packages/airflow/example_dags/example_local_kubernetes_executor.py
[2024-12-06T21:44:36.144+0000] {processor.py:914} INFO - Processing file /home/airflow/.local/lib/python3.12/site-packages/airflow/example_dags/example_local_kubernetes_executor.py for tasks to queue
[2024-12-06T21:44:36.148+0000] {logging_mixin.py:190} INFO - [2024-12-06T21:44:36.147+0000] {dagbag.py:588} INFO - Filling up the DagBag from /home/airflow/.local/lib/python3.12/site-packages/airflow/example_dags/example_local_kubernetes_executor.py
[2024-12-06T21:44:36.161+0000] {processor.py:925} INFO - DAG(s) 'example_local_kubernetes_executor' retrieved from /home/airflow/.local/lib/python3.12/site-packages/airflow/example_dags/example_local_kubernetes_executor.py
[2024-12-06T21:44:36.202+0000] {logging_mixin.py:190} INFO - [2024-12-06T21:44:36.202+0000] {dag.py:3239} INFO - Sync 1 DAGs
[2024-12-06T21:44:36.221+0000] {logging_mixin.py:190} INFO - [2024-12-06T21:44:36.221+0000] {dag.py:4180} INFO - Setting next_dagrun for example_local_kubernetes_executor to None, run_after=None
[2024-12-06T21:44:36.243+0000] {processor.py:208} INFO - Processing /home/airflow/.local/lib/python3.12/site-packages/airflow/example_dags/example_local_kubernetes_executor.py took 0.108 seconds
[2024-12-06T21:45:06.838+0000] {processor.py:186} INFO - Started process (PID=622) to work on /home/airflow/.local/lib/python3.12/site-packages/airflow/example_dags/example_local_kubernetes_executor.py
[2024-12-06T21:45:06.839+0000] {processor.py:914} INFO - Processing file /home/airflow/.local/lib/python3.12/site-packages/airflow/example_dags/example_local_kubernetes_executor.py for tasks to queue
[2024-12-06T21:45:06.843+0000] {logging_mixin.py:190} INFO - [2024-12-06T21:45:06.842+0000] {dagbag.py:588} INFO - Filling up the DagBag from /home/airflow/.local/lib/python3.12/site-packages/airflow/example_dags/example_local_kubernetes_executor.py
[2024-12-06T21:45:06.857+0000] {processor.py:925} INFO - DAG(s) 'example_local_kubernetes_executor' retrieved from /home/airflow/.local/lib/python3.12/site-packages/airflow/example_dags/example_local_kubernetes_executor.py
[2024-12-06T21:45:06.901+0000] {logging_mixin.py:190} INFO - [2024-12-06T21:45:06.901+0000] {dag.py:3239} INFO - Sync 1 DAGs
[2024-12-06T21:45:06.919+0000] {logging_mixin.py:190} INFO - [2024-12-06T21:45:06.919+0000] {dag.py:4180} INFO - Setting next_dagrun for example_local_kubernetes_executor to None, run_after=None
[2024-12-06T21:45:06.941+0000] {processor.py:208} INFO - Processing /home/airflow/.local/lib/python3.12/site-packages/airflow/example_dags/example_local_kubernetes_executor.py took 0.112 seconds
[2024-12-06T21:45:38.724+0000] {processor.py:186} INFO - Started process (PID=686) to work on /home/airflow/.local/lib/python3.12/site-packages/airflow/example_dags/example_local_kubernetes_executor.py
[2024-12-06T21:45:38.725+0000] {processor.py:914} INFO - Processing file /home/airflow/.local/lib/python3.12/site-packages/airflow/example_dags/example_local_kubernetes_executor.py for tasks to queue
[2024-12-06T21:45:38.729+0000] {logging_mixin.py:190} INFO - [2024-12-06T21:45:38.729+0000] {dagbag.py:588} INFO - Filling up the DagBag from /home/airflow/.local/lib/python3.12/site-packages/airflow/example_dags/example_local_kubernetes_executor.py
[2024-12-06T21:45:38.745+0000] {processor.py:925} INFO - DAG(s) 'example_local_kubernetes_executor' retrieved from /home/airflow/.local/lib/python3.12/site-packages/airflow/example_dags/example_local_kubernetes_executor.py
[2024-12-06T21:45:38.792+0000] {logging_mixin.py:190} INFO - [2024-12-06T21:45:38.792+0000] {dag.py:3239} INFO - Sync 1 DAGs
[2024-12-06T21:45:38.814+0000] {logging_mixin.py:190} INFO - [2024-12-06T21:45:38.814+0000] {dag.py:4180} INFO - Setting next_dagrun for example_local_kubernetes_executor to None, run_after=None
[2024-12-06T21:45:38.844+0000] {processor.py:208} INFO - Processing /home/airflow/.local/lib/python3.12/site-packages/airflow/example_dags/example_local_kubernetes_executor.py took 0.129 seconds
[2024-12-06T21:46:09.547+0000] {processor.py:186} INFO - Started process (PID=749) to work on /home/airflow/.local/lib/python3.12/site-packages/airflow/example_dags/example_local_kubernetes_executor.py
[2024-12-06T21:46:09.548+0000] {processor.py:914} INFO - Processing file /home/airflow/.local/lib/python3.12/site-packages/airflow/example_dags/example_local_kubernetes_executor.py for tasks to queue
[2024-12-06T21:46:09.552+0000] {logging_mixin.py:190} INFO - [2024-12-06T21:46:09.551+0000] {dagbag.py:588} INFO - Filling up the DagBag from /home/airflow/.local/lib/python3.12/site-packages/airflow/example_dags/example_local_kubernetes_executor.py
[2024-12-06T21:46:09.564+0000] {processor.py:925} INFO - DAG(s) 'example_local_kubernetes_executor' retrieved from /home/airflow/.local/lib/python3.12/site-packages/airflow/example_dags/example_local_kubernetes_executor.py
[2024-12-06T21:46:09.607+0000] {logging_mixin.py:190} INFO - [2024-12-06T21:46:09.607+0000] {dag.py:3239} INFO - Sync 1 DAGs
[2024-12-06T21:46:09.629+0000] {logging_mixin.py:190} INFO - [2024-12-06T21:46:09.629+0000] {dag.py:4180} INFO - Setting next_dagrun for example_local_kubernetes_executor to None, run_after=None
[2024-12-06T21:46:09.653+0000] {processor.py:208} INFO - Processing /home/airflow/.local/lib/python3.12/site-packages/airflow/example_dags/example_local_kubernetes_executor.py took 0.114 seconds
[2024-12-06T21:46:42.181+0000] {processor.py:186} INFO - Started process (PID=817) to work on /home/airflow/.local/lib/python3.12/site-packages/airflow/example_dags/example_local_kubernetes_executor.py
[2024-12-06T21:46:42.182+0000] {processor.py:914} INFO - Processing file /home/airflow/.local/lib/python3.12/site-packages/airflow/example_dags/example_local_kubernetes_executor.py for tasks to queue
[2024-12-06T21:46:42.185+0000] {logging_mixin.py:190} INFO - [2024-12-06T21:46:42.185+0000] {dagbag.py:588} INFO - Filling up the DagBag from /home/airflow/.local/lib/python3.12/site-packages/airflow/example_dags/example_local_kubernetes_executor.py
[2024-12-06T21:46:42.199+0000] {processor.py:925} INFO - DAG(s) 'example_local_kubernetes_executor' retrieved from /home/airflow/.local/lib/python3.12/site-packages/airflow/example_dags/example_local_kubernetes_executor.py
[2024-12-06T21:46:42.249+0000] {logging_mixin.py:190} INFO - [2024-12-06T21:46:42.249+0000] {dag.py:3239} INFO - Sync 1 DAGs
[2024-12-06T21:46:42.271+0000] {logging_mixin.py:190} INFO - [2024-12-06T21:46:42.270+0000] {dag.py:4180} INFO - Setting next_dagrun for example_local_kubernetes_executor to None, run_after=None
[2024-12-06T21:46:42.299+0000] {processor.py:208} INFO - Processing /home/airflow/.local/lib/python3.12/site-packages/airflow/example_dags/example_local_kubernetes_executor.py took 0.127 seconds
[2024-12-06T21:47:14.711+0000] {processor.py:186} INFO - Started process (PID=885) to work on /home/airflow/.local/lib/python3.12/site-packages/airflow/example_dags/example_local_kubernetes_executor.py
[2024-12-06T21:47:14.713+0000] {processor.py:914} INFO - Processing file /home/airflow/.local/lib/python3.12/site-packages/airflow/example_dags/example_local_kubernetes_executor.py for tasks to queue
[2024-12-06T21:47:14.717+0000] {logging_mixin.py:190} INFO - [2024-12-06T21:47:14.716+0000] {dagbag.py:588} INFO - Filling up the DagBag from /home/airflow/.local/lib/python3.12/site-packages/airflow/example_dags/example_local_kubernetes_executor.py
[2024-12-06T21:47:14.735+0000] {processor.py:925} INFO - DAG(s) 'example_local_kubernetes_executor' retrieved from /home/airflow/.local/lib/python3.12/site-packages/airflow/example_dags/example_local_kubernetes_executor.py
[2024-12-06T21:47:14.794+0000] {logging_mixin.py:190} INFO - [2024-12-06T21:47:14.794+0000] {dag.py:3239} INFO - Sync 1 DAGs
[2024-12-06T21:47:14.820+0000] {logging_mixin.py:190} INFO - [2024-12-06T21:47:14.819+0000] {dag.py:4180} INFO - Setting next_dagrun for example_local_kubernetes_executor to None, run_after=None
[2024-12-06T21:47:14.858+0000] {processor.py:208} INFO - Processing /home/airflow/.local/lib/python3.12/site-packages/airflow/example_dags/example_local_kubernetes_executor.py took 0.158 seconds
[2024-12-06T21:47:46.245+0000] {processor.py:186} INFO - Started process (PID=954) to work on /home/airflow/.local/lib/python3.12/site-packages/airflow/example_dags/example_local_kubernetes_executor.py
[2024-12-06T21:47:46.247+0000] {processor.py:914} INFO - Processing file /home/airflow/.local/lib/python3.12/site-packages/airflow/example_dags/example_local_kubernetes_executor.py for tasks to queue
[2024-12-06T21:47:46.251+0000] {logging_mixin.py:190} INFO - [2024-12-06T21:47:46.250+0000] {dagbag.py:588} INFO - Filling up the DagBag from /home/airflow/.local/lib/python3.12/site-packages/airflow/example_dags/example_local_kubernetes_executor.py
[2024-12-06T21:47:46.277+0000] {processor.py:925} INFO - DAG(s) 'example_local_kubernetes_executor' retrieved from /home/airflow/.local/lib/python3.12/site-packages/airflow/example_dags/example_local_kubernetes_executor.py
[2024-12-06T21:47:46.372+0000] {logging_mixin.py:190} INFO - [2024-12-06T21:47:46.371+0000] {dag.py:3239} INFO - Sync 1 DAGs
[2024-12-06T21:47:46.435+0000] {logging_mixin.py:190} INFO - [2024-12-06T21:47:46.435+0000] {dag.py:4180} INFO - Setting next_dagrun for example_local_kubernetes_executor to None, run_after=None
[2024-12-06T21:47:46.472+0000] {processor.py:208} INFO - Processing /home/airflow/.local/lib/python3.12/site-packages/airflow/example_dags/example_local_kubernetes_executor.py took 0.236 seconds
[2024-12-06T21:48:17.758+0000] {processor.py:186} INFO - Started process (PID=1017) to work on /home/airflow/.local/lib/python3.12/site-packages/airflow/example_dags/example_local_kubernetes_executor.py
[2024-12-06T21:48:17.760+0000] {processor.py:914} INFO - Processing file /home/airflow/.local/lib/python3.12/site-packages/airflow/example_dags/example_local_kubernetes_executor.py for tasks to queue
[2024-12-06T21:48:17.763+0000] {logging_mixin.py:190} INFO - [2024-12-06T21:48:17.763+0000] {dagbag.py:588} INFO - Filling up the DagBag from /home/airflow/.local/lib/python3.12/site-packages/airflow/example_dags/example_local_kubernetes_executor.py
[2024-12-06T21:48:17.779+0000] {processor.py:925} INFO - DAG(s) 'example_local_kubernetes_executor' retrieved from /home/airflow/.local/lib/python3.12/site-packages/airflow/example_dags/example_local_kubernetes_executor.py
[2024-12-06T21:48:17.833+0000] {logging_mixin.py:190} INFO - [2024-12-06T21:48:17.832+0000] {dag.py:3239} INFO - Sync 1 DAGs
[2024-12-06T21:48:17.857+0000] {logging_mixin.py:190} INFO - [2024-12-06T21:48:17.856+0000] {dag.py:4180} INFO - Setting next_dagrun for example_local_kubernetes_executor to None, run_after=None
[2024-12-06T21:48:17.887+0000] {processor.py:208} INFO - Processing /home/airflow/.local/lib/python3.12/site-packages/airflow/example_dags/example_local_kubernetes_executor.py took 0.139 seconds
[2024-12-06T21:48:49.129+0000] {processor.py:186} INFO - Started process (PID=1080) to work on /home/airflow/.local/lib/python3.12/site-packages/airflow/example_dags/example_local_kubernetes_executor.py
[2024-12-06T21:48:49.131+0000] {processor.py:914} INFO - Processing file /home/airflow/.local/lib/python3.12/site-packages/airflow/example_dags/example_local_kubernetes_executor.py for tasks to queue
[2024-12-06T21:48:49.134+0000] {logging_mixin.py:190} INFO - [2024-12-06T21:48:49.134+0000] {dagbag.py:588} INFO - Filling up the DagBag from /home/airflow/.local/lib/python3.12/site-packages/airflow/example_dags/example_local_kubernetes_executor.py
[2024-12-06T21:48:49.148+0000] {processor.py:925} INFO - DAG(s) 'example_local_kubernetes_executor' retrieved from /home/airflow/.local/lib/python3.12/site-packages/airflow/example_dags/example_local_kubernetes_executor.py
[2024-12-06T21:48:49.201+0000] {logging_mixin.py:190} INFO - [2024-12-06T21:48:49.201+0000] {dag.py:3239} INFO - Sync 1 DAGs
[2024-12-06T21:48:49.225+0000] {logging_mixin.py:190} INFO - [2024-12-06T21:48:49.224+0000] {dag.py:4180} INFO - Setting next_dagrun for example_local_kubernetes_executor to None, run_after=None
[2024-12-06T21:48:49.252+0000] {processor.py:208} INFO - Processing /home/airflow/.local/lib/python3.12/site-packages/airflow/example_dags/example_local_kubernetes_executor.py took 0.132 seconds
[2024-12-06T21:49:21.284+0000] {processor.py:186} INFO - Started process (PID=1143) to work on /home/airflow/.local/lib/python3.12/site-packages/airflow/example_dags/example_local_kubernetes_executor.py
[2024-12-06T21:49:21.286+0000] {processor.py:914} INFO - Processing file /home/airflow/.local/lib/python3.12/site-packages/airflow/example_dags/example_local_kubernetes_executor.py for tasks to queue
[2024-12-06T21:49:21.291+0000] {logging_mixin.py:190} INFO - [2024-12-06T21:49:21.290+0000] {dagbag.py:588} INFO - Filling up the DagBag from /home/airflow/.local/lib/python3.12/site-packages/airflow/example_dags/example_local_kubernetes_executor.py
[2024-12-06T21:49:21.309+0000] {processor.py:925} INFO - DAG(s) 'example_local_kubernetes_executor' retrieved from /home/airflow/.local/lib/python3.12/site-packages/airflow/example_dags/example_local_kubernetes_executor.py
[2024-12-06T21:49:21.360+0000] {logging_mixin.py:190} INFO - [2024-12-06T21:49:21.360+0000] {dag.py:3239} INFO - Sync 1 DAGs
[2024-12-06T21:49:21.385+0000] {logging_mixin.py:190} INFO - [2024-12-06T21:49:21.385+0000] {dag.py:4180} INFO - Setting next_dagrun for example_local_kubernetes_executor to None, run_after=None
[2024-12-06T21:49:21.416+0000] {processor.py:208} INFO - Processing /home/airflow/.local/lib/python3.12/site-packages/airflow/example_dags/example_local_kubernetes_executor.py took 0.144 seconds
[2024-12-06T21:49:52.247+0000] {processor.py:186} INFO - Started process (PID=1206) to work on /home/airflow/.local/lib/python3.12/site-packages/airflow/example_dags/example_local_kubernetes_executor.py
[2024-12-06T21:49:52.249+0000] {processor.py:914} INFO - Processing file /home/airflow/.local/lib/python3.12/site-packages/airflow/example_dags/example_local_kubernetes_executor.py for tasks to queue
[2024-12-06T21:49:52.253+0000] {logging_mixin.py:190} INFO - [2024-12-06T21:49:52.253+0000] {dagbag.py:588} INFO - Filling up the DagBag from /home/airflow/.local/lib/python3.12/site-packages/airflow/example_dags/example_local_kubernetes_executor.py
[2024-12-06T21:49:52.268+0000] {processor.py:925} INFO - DAG(s) 'example_local_kubernetes_executor' retrieved from /home/airflow/.local/lib/python3.12/site-packages/airflow/example_dags/example_local_kubernetes_executor.py
[2024-12-06T21:49:52.318+0000] {logging_mixin.py:190} INFO - [2024-12-06T21:49:52.318+0000] {dag.py:3239} INFO - Sync 1 DAGs
[2024-12-06T21:49:52.340+0000] {logging_mixin.py:190} INFO - [2024-12-06T21:49:52.339+0000] {dag.py:4180} INFO - Setting next_dagrun for example_local_kubernetes_executor to None, run_after=None
[2024-12-06T21:49:52.369+0000] {processor.py:208} INFO - Processing /home/airflow/.local/lib/python3.12/site-packages/airflow/example_dags/example_local_kubernetes_executor.py took 0.132 seconds
[2024-12-06T21:50:24.467+0000] {processor.py:186} INFO - Started process (PID=1269) to work on /home/airflow/.local/lib/python3.12/site-packages/airflow/example_dags/example_local_kubernetes_executor.py
[2024-12-06T21:50:24.468+0000] {processor.py:914} INFO - Processing file /home/airflow/.local/lib/python3.12/site-packages/airflow/example_dags/example_local_kubernetes_executor.py for tasks to queue
[2024-12-06T21:50:24.472+0000] {logging_mixin.py:190} INFO - [2024-12-06T21:50:24.472+0000] {dagbag.py:588} INFO - Filling up the DagBag from /home/airflow/.local/lib/python3.12/site-packages/airflow/example_dags/example_local_kubernetes_executor.py
[2024-12-06T21:50:24.489+0000] {processor.py:925} INFO - DAG(s) 'example_local_kubernetes_executor' retrieved from /home/airflow/.local/lib/python3.12/site-packages/airflow/example_dags/example_local_kubernetes_executor.py
[2024-12-06T21:50:24.546+0000] {logging_mixin.py:190} INFO - [2024-12-06T21:50:24.545+0000] {dag.py:3239} INFO - Sync 1 DAGs
[2024-12-06T21:50:24.569+0000] {logging_mixin.py:190} INFO - [2024-12-06T21:50:24.568+0000] {dag.py:4180} INFO - Setting next_dagrun for example_local_kubernetes_executor to None, run_after=None
[2024-12-06T21:50:24.599+0000] {processor.py:208} INFO - Processing /home/airflow/.local/lib/python3.12/site-packages/airflow/example_dags/example_local_kubernetes_executor.py took 0.144 seconds
[2024-12-06T21:50:56.215+0000] {processor.py:186} INFO - Started process (PID=1332) to work on /home/airflow/.local/lib/python3.12/site-packages/airflow/example_dags/example_local_kubernetes_executor.py
[2024-12-06T21:50:56.218+0000] {processor.py:914} INFO - Processing file /home/airflow/.local/lib/python3.12/site-packages/airflow/example_dags/example_local_kubernetes_executor.py for tasks to queue
[2024-12-06T21:50:56.223+0000] {logging_mixin.py:190} INFO - [2024-12-06T21:50:56.222+0000] {dagbag.py:588} INFO - Filling up the DagBag from /home/airflow/.local/lib/python3.12/site-packages/airflow/example_dags/example_local_kubernetes_executor.py
[2024-12-06T21:50:56.249+0000] {processor.py:925} INFO - DAG(s) 'example_local_kubernetes_executor' retrieved from /home/airflow/.local/lib/python3.12/site-packages/airflow/example_dags/example_local_kubernetes_executor.py
[2024-12-06T21:50:56.353+0000] {logging_mixin.py:190} INFO - [2024-12-06T21:50:56.352+0000] {dag.py:3239} INFO - Sync 1 DAGs
[2024-12-06T21:50:56.396+0000] {logging_mixin.py:190} INFO - [2024-12-06T21:50:56.395+0000] {dag.py:4180} INFO - Setting next_dagrun for example_local_kubernetes_executor to None, run_after=None
[2024-12-06T21:50:56.439+0000] {processor.py:208} INFO - Processing /home/airflow/.local/lib/python3.12/site-packages/airflow/example_dags/example_local_kubernetes_executor.py took 0.237 seconds
[2024-12-06T21:51:27.896+0000] {processor.py:186} INFO - Started process (PID=1395) to work on /home/airflow/.local/lib/python3.12/site-packages/airflow/example_dags/example_local_kubernetes_executor.py
[2024-12-06T21:51:27.898+0000] {processor.py:914} INFO - Processing file /home/airflow/.local/lib/python3.12/site-packages/airflow/example_dags/example_local_kubernetes_executor.py for tasks to queue
[2024-12-06T21:51:27.902+0000] {logging_mixin.py:190} INFO - [2024-12-06T21:51:27.902+0000] {dagbag.py:588} INFO - Filling up the DagBag from /home/airflow/.local/lib/python3.12/site-packages/airflow/example_dags/example_local_kubernetes_executor.py
[2024-12-06T21:51:27.919+0000] {processor.py:925} INFO - DAG(s) 'example_local_kubernetes_executor' retrieved from /home/airflow/.local/lib/python3.12/site-packages/airflow/example_dags/example_local_kubernetes_executor.py
[2024-12-06T21:51:27.981+0000] {logging_mixin.py:190} INFO - [2024-12-06T21:51:27.981+0000] {dag.py:3239} INFO - Sync 1 DAGs
[2024-12-06T21:51:28.008+0000] {logging_mixin.py:190} INFO - [2024-12-06T21:51:28.008+0000] {dag.py:4180} INFO - Setting next_dagrun for example_local_kubernetes_executor to None, run_after=None
[2024-12-06T21:51:28.050+0000] {processor.py:208} INFO - Processing /home/airflow/.local/lib/python3.12/site-packages/airflow/example_dags/example_local_kubernetes_executor.py took 0.163 seconds
[2024-12-06T21:51:58.560+0000] {processor.py:186} INFO - Started process (PID=1458) to work on /home/airflow/.local/lib/python3.12/site-packages/airflow/example_dags/example_local_kubernetes_executor.py
[2024-12-06T21:51:58.562+0000] {processor.py:914} INFO - Processing file /home/airflow/.local/lib/python3.12/site-packages/airflow/example_dags/example_local_kubernetes_executor.py for tasks to queue
[2024-12-06T21:51:58.566+0000] {logging_mixin.py:190} INFO - [2024-12-06T21:51:58.565+0000] {dagbag.py:588} INFO - Filling up the DagBag from /home/airflow/.local/lib/python3.12/site-packages/airflow/example_dags/example_local_kubernetes_executor.py
[2024-12-06T21:51:58.581+0000] {processor.py:925} INFO - DAG(s) 'example_local_kubernetes_executor' retrieved from /home/airflow/.local/lib/python3.12/site-packages/airflow/example_dags/example_local_kubernetes_executor.py
[2024-12-06T21:51:58.639+0000] {logging_mixin.py:190} INFO - [2024-12-06T21:51:58.638+0000] {dag.py:3239} INFO - Sync 1 DAGs
[2024-12-06T21:51:58.663+0000] {logging_mixin.py:190} INFO - [2024-12-06T21:51:58.663+0000] {dag.py:4180} INFO - Setting next_dagrun for example_local_kubernetes_executor to None, run_after=None
[2024-12-06T21:51:58.696+0000] {processor.py:208} INFO - Processing /home/airflow/.local/lib/python3.12/site-packages/airflow/example_dags/example_local_kubernetes_executor.py took 0.147 seconds
[2024-12-06T21:52:29.735+0000] {processor.py:186} INFO - Started process (PID=1521) to work on /home/airflow/.local/lib/python3.12/site-packages/airflow/example_dags/example_local_kubernetes_executor.py
[2024-12-06T21:52:29.737+0000] {processor.py:914} INFO - Processing file /home/airflow/.local/lib/python3.12/site-packages/airflow/example_dags/example_local_kubernetes_executor.py for tasks to queue
[2024-12-06T21:52:29.742+0000] {logging_mixin.py:190} INFO - [2024-12-06T21:52:29.741+0000] {dagbag.py:588} INFO - Filling up the DagBag from /home/airflow/.local/lib/python3.12/site-packages/airflow/example_dags/example_local_kubernetes_executor.py
[2024-12-06T21:52:29.758+0000] {processor.py:925} INFO - DAG(s) 'example_local_kubernetes_executor' retrieved from /home/airflow/.local/lib/python3.12/site-packages/airflow/example_dags/example_local_kubernetes_executor.py
[2024-12-06T21:52:29.811+0000] {logging_mixin.py:190} INFO - [2024-12-06T21:52:29.811+0000] {dag.py:3239} INFO - Sync 1 DAGs
[2024-12-06T21:52:29.834+0000] {logging_mixin.py:190} INFO - [2024-12-06T21:52:29.834+0000] {dag.py:4180} INFO - Setting next_dagrun for example_local_kubernetes_executor to None, run_after=None
[2024-12-06T21:52:29.867+0000] {processor.py:208} INFO - Processing /home/airflow/.local/lib/python3.12/site-packages/airflow/example_dags/example_local_kubernetes_executor.py took 0.141 seconds
[2024-12-06T21:53:01.554+0000] {processor.py:186} INFO - Started process (PID=1584) to work on /home/airflow/.local/lib/python3.12/site-packages/airflow/example_dags/example_local_kubernetes_executor.py
[2024-12-06T21:53:01.555+0000] {processor.py:914} INFO - Processing file /home/airflow/.local/lib/python3.12/site-packages/airflow/example_dags/example_local_kubernetes_executor.py for tasks to queue
[2024-12-06T21:53:01.560+0000] {logging_mixin.py:190} INFO - [2024-12-06T21:53:01.559+0000] {dagbag.py:588} INFO - Filling up the DagBag from /home/airflow/.local/lib/python3.12/site-packages/airflow/example_dags/example_local_kubernetes_executor.py
[2024-12-06T21:53:01.575+0000] {processor.py:925} INFO - DAG(s) 'example_local_kubernetes_executor' retrieved from /home/airflow/.local/lib/python3.12/site-packages/airflow/example_dags/example_local_kubernetes_executor.py
[2024-12-06T21:53:01.628+0000] {logging_mixin.py:190} INFO - [2024-12-06T21:53:01.628+0000] {dag.py:3239} INFO - Sync 1 DAGs
[2024-12-06T21:53:01.650+0000] {logging_mixin.py:190} INFO - [2024-12-06T21:53:01.650+0000] {dag.py:4180} INFO - Setting next_dagrun for example_local_kubernetes_executor to None, run_after=None
[2024-12-06T21:53:01.682+0000] {processor.py:208} INFO - Processing /home/airflow/.local/lib/python3.12/site-packages/airflow/example_dags/example_local_kubernetes_executor.py took 0.137 seconds
[2024-12-06T21:53:32.467+0000] {processor.py:186} INFO - Started process (PID=1647) to work on /home/airflow/.local/lib/python3.12/site-packages/airflow/example_dags/example_local_kubernetes_executor.py
[2024-12-06T21:53:32.468+0000] {processor.py:914} INFO - Processing file /home/airflow/.local/lib/python3.12/site-packages/airflow/example_dags/example_local_kubernetes_executor.py for tasks to queue
[2024-12-06T21:53:32.472+0000] {logging_mixin.py:190} INFO - [2024-12-06T21:53:32.472+0000] {dagbag.py:588} INFO - Filling up the DagBag from /home/airflow/.local/lib/python3.12/site-packages/airflow/example_dags/example_local_kubernetes_executor.py
[2024-12-06T21:53:32.489+0000] {processor.py:925} INFO - DAG(s) 'example_local_kubernetes_executor' retrieved from /home/airflow/.local/lib/python3.12/site-packages/airflow/example_dags/example_local_kubernetes_executor.py
[2024-12-06T21:53:32.543+0000] {logging_mixin.py:190} INFO - [2024-12-06T21:53:32.543+0000] {dag.py:3239} INFO - Sync 1 DAGs
[2024-12-06T21:53:32.570+0000] {logging_mixin.py:190} INFO - [2024-12-06T21:53:32.569+0000] {dag.py:4180} INFO - Setting next_dagrun for example_local_kubernetes_executor to None, run_after=None
[2024-12-06T21:53:32.603+0000] {processor.py:208} INFO - Processing /home/airflow/.local/lib/python3.12/site-packages/airflow/example_dags/example_local_kubernetes_executor.py took 0.147 seconds
[2024-12-06T21:54:04.348+0000] {processor.py:186} INFO - Started process (PID=1711) to work on /home/airflow/.local/lib/python3.12/site-packages/airflow/example_dags/example_local_kubernetes_executor.py
[2024-12-06T21:54:04.350+0000] {processor.py:914} INFO - Processing file /home/airflow/.local/lib/python3.12/site-packages/airflow/example_dags/example_local_kubernetes_executor.py for tasks to queue
[2024-12-06T21:54:04.355+0000] {logging_mixin.py:190} INFO - [2024-12-06T21:54:04.355+0000] {dagbag.py:588} INFO - Filling up the DagBag from /home/airflow/.local/lib/python3.12/site-packages/airflow/example_dags/example_local_kubernetes_executor.py
[2024-12-06T21:54:04.372+0000] {processor.py:925} INFO - DAG(s) 'example_local_kubernetes_executor' retrieved from /home/airflow/.local/lib/python3.12/site-packages/airflow/example_dags/example_local_kubernetes_executor.py
[2024-12-06T21:54:04.428+0000] {logging_mixin.py:190} INFO - [2024-12-06T21:54:04.428+0000] {dag.py:3239} INFO - Sync 1 DAGs
[2024-12-06T21:54:04.455+0000] {logging_mixin.py:190} INFO - [2024-12-06T21:54:04.454+0000] {dag.py:4180} INFO - Setting next_dagrun for example_local_kubernetes_executor to None, run_after=None
[2024-12-06T21:54:04.487+0000] {processor.py:208} INFO - Processing /home/airflow/.local/lib/python3.12/site-packages/airflow/example_dags/example_local_kubernetes_executor.py took 0.149 seconds
[2024-12-06T21:54:36.566+0000] {processor.py:186} INFO - Started process (PID=1776) to work on /home/airflow/.local/lib/python3.12/site-packages/airflow/example_dags/example_local_kubernetes_executor.py
[2024-12-06T21:54:36.568+0000] {processor.py:914} INFO - Processing file /home/airflow/.local/lib/python3.12/site-packages/airflow/example_dags/example_local_kubernetes_executor.py for tasks to queue
[2024-12-06T21:54:36.574+0000] {logging_mixin.py:190} INFO - [2024-12-06T21:54:36.573+0000] {dagbag.py:588} INFO - Filling up the DagBag from /home/airflow/.local/lib/python3.12/site-packages/airflow/example_dags/example_local_kubernetes_executor.py
[2024-12-06T21:54:36.592+0000] {processor.py:925} INFO - DAG(s) 'example_local_kubernetes_executor' retrieved from /home/airflow/.local/lib/python3.12/site-packages/airflow/example_dags/example_local_kubernetes_executor.py
[2024-12-06T21:54:36.652+0000] {logging_mixin.py:190} INFO - [2024-12-06T21:54:36.652+0000] {dag.py:3239} INFO - Sync 1 DAGs
[2024-12-06T21:54:36.679+0000] {logging_mixin.py:190} INFO - [2024-12-06T21:54:36.679+0000] {dag.py:4180} INFO - Setting next_dagrun for example_local_kubernetes_executor to None, run_after=None
[2024-12-06T21:54:36.713+0000] {processor.py:208} INFO - Processing /home/airflow/.local/lib/python3.12/site-packages/airflow/example_dags/example_local_kubernetes_executor.py took 0.158 seconds
[2024-12-06T21:55:07.570+0000] {processor.py:186} INFO - Started process (PID=1838) to work on /home/airflow/.local/lib/python3.12/site-packages/airflow/example_dags/example_local_kubernetes_executor.py
[2024-12-06T21:55:07.572+0000] {processor.py:914} INFO - Processing file /home/airflow/.local/lib/python3.12/site-packages/airflow/example_dags/example_local_kubernetes_executor.py for tasks to queue
[2024-12-06T21:55:07.578+0000] {logging_mixin.py:190} INFO - [2024-12-06T21:55:07.577+0000] {dagbag.py:588} INFO - Filling up the DagBag from /home/airflow/.local/lib/python3.12/site-packages/airflow/example_dags/example_local_kubernetes_executor.py
[2024-12-06T21:55:07.598+0000] {processor.py:925} INFO - DAG(s) 'example_local_kubernetes_executor' retrieved from /home/airflow/.local/lib/python3.12/site-packages/airflow/example_dags/example_local_kubernetes_executor.py
[2024-12-06T21:55:07.652+0000] {logging_mixin.py:190} INFO - [2024-12-06T21:55:07.652+0000] {dag.py:3239} INFO - Sync 1 DAGs
[2024-12-06T21:55:07.676+0000] {logging_mixin.py:190} INFO - [2024-12-06T21:55:07.675+0000] {dag.py:4180} INFO - Setting next_dagrun for example_local_kubernetes_executor to None, run_after=None
[2024-12-06T21:55:07.704+0000] {processor.py:208} INFO - Processing /home/airflow/.local/lib/python3.12/site-packages/airflow/example_dags/example_local_kubernetes_executor.py took 0.143 seconds
[2024-12-06T21:55:40.159+0000] {processor.py:186} INFO - Started process (PID=1903) to work on /home/airflow/.local/lib/python3.12/site-packages/airflow/example_dags/example_local_kubernetes_executor.py
[2024-12-06T21:55:40.161+0000] {processor.py:914} INFO - Processing file /home/airflow/.local/lib/python3.12/site-packages/airflow/example_dags/example_local_kubernetes_executor.py for tasks to queue
[2024-12-06T21:55:40.165+0000] {logging_mixin.py:190} INFO - [2024-12-06T21:55:40.165+0000] {dagbag.py:588} INFO - Filling up the DagBag from /home/airflow/.local/lib/python3.12/site-packages/airflow/example_dags/example_local_kubernetes_executor.py
[2024-12-06T21:55:40.182+0000] {processor.py:925} INFO - DAG(s) 'example_local_kubernetes_executor' retrieved from /home/airflow/.local/lib/python3.12/site-packages/airflow/example_dags/example_local_kubernetes_executor.py
[2024-12-06T21:55:40.234+0000] {logging_mixin.py:190} INFO - [2024-12-06T21:55:40.234+0000] {dag.py:3239} INFO - Sync 1 DAGs
[2024-12-06T21:55:40.261+0000] {logging_mixin.py:190} INFO - [2024-12-06T21:55:40.260+0000] {dag.py:4180} INFO - Setting next_dagrun for example_local_kubernetes_executor to None, run_after=None
[2024-12-06T21:55:40.306+0000] {processor.py:208} INFO - Processing /home/airflow/.local/lib/python3.12/site-packages/airflow/example_dags/example_local_kubernetes_executor.py took 0.158 seconds
[2024-12-06T21:56:11.739+0000] {processor.py:186} INFO - Started process (PID=1966) to work on /home/airflow/.local/lib/python3.12/site-packages/airflow/example_dags/example_local_kubernetes_executor.py
[2024-12-06T21:56:11.741+0000] {processor.py:914} INFO - Processing file /home/airflow/.local/lib/python3.12/site-packages/airflow/example_dags/example_local_kubernetes_executor.py for tasks to queue
[2024-12-06T21:56:11.747+0000] {logging_mixin.py:190} INFO - [2024-12-06T21:56:11.747+0000] {dagbag.py:588} INFO - Filling up the DagBag from /home/airflow/.local/lib/python3.12/site-packages/airflow/example_dags/example_local_kubernetes_executor.py
[2024-12-06T21:56:11.768+0000] {processor.py:925} INFO - DAG(s) 'example_local_kubernetes_executor' retrieved from /home/airflow/.local/lib/python3.12/site-packages/airflow/example_dags/example_local_kubernetes_executor.py
[2024-12-06T21:56:11.834+0000] {logging_mixin.py:190} INFO - [2024-12-06T21:56:11.834+0000] {dag.py:3239} INFO - Sync 1 DAGs
[2024-12-06T21:56:11.863+0000] {logging_mixin.py:190} INFO - [2024-12-06T21:56:11.863+0000] {dag.py:4180} INFO - Setting next_dagrun for example_local_kubernetes_executor to None, run_after=None
[2024-12-06T21:56:11.899+0000] {processor.py:208} INFO - Processing /home/airflow/.local/lib/python3.12/site-packages/airflow/example_dags/example_local_kubernetes_executor.py took 0.171 seconds
[2024-12-06T21:56:42.305+0000] {processor.py:186} INFO - Started process (PID=2029) to work on /home/airflow/.local/lib/python3.12/site-packages/airflow/example_dags/example_local_kubernetes_executor.py
[2024-12-06T21:56:42.307+0000] {processor.py:914} INFO - Processing file /home/airflow/.local/lib/python3.12/site-packages/airflow/example_dags/example_local_kubernetes_executor.py for tasks to queue
[2024-12-06T21:56:42.310+0000] {logging_mixin.py:190} INFO - [2024-12-06T21:56:42.309+0000] {dagbag.py:588} INFO - Filling up the DagBag from /home/airflow/.local/lib/python3.12/site-packages/airflow/example_dags/example_local_kubernetes_executor.py
[2024-12-06T21:56:42.325+0000] {processor.py:925} INFO - DAG(s) 'example_local_kubernetes_executor' retrieved from /home/airflow/.local/lib/python3.12/site-packages/airflow/example_dags/example_local_kubernetes_executor.py
[2024-12-06T21:56:42.375+0000] {logging_mixin.py:190} INFO - [2024-12-06T21:56:42.374+0000] {dag.py:3239} INFO - Sync 1 DAGs
[2024-12-06T21:56:42.396+0000] {logging_mixin.py:190} INFO - [2024-12-06T21:56:42.396+0000] {dag.py:4180} INFO - Setting next_dagrun for example_local_kubernetes_executor to None, run_after=None
[2024-12-06T21:56:42.427+0000] {processor.py:208} INFO - Processing /home/airflow/.local/lib/python3.12/site-packages/airflow/example_dags/example_local_kubernetes_executor.py took 0.133 seconds
[2024-12-06T21:57:13.841+0000] {processor.py:186} INFO - Started process (PID=2092) to work on /home/airflow/.local/lib/python3.12/site-packages/airflow/example_dags/example_local_kubernetes_executor.py
[2024-12-06T21:57:13.843+0000] {processor.py:914} INFO - Processing file /home/airflow/.local/lib/python3.12/site-packages/airflow/example_dags/example_local_kubernetes_executor.py for tasks to queue
[2024-12-06T21:57:13.846+0000] {logging_mixin.py:190} INFO - [2024-12-06T21:57:13.845+0000] {dagbag.py:588} INFO - Filling up the DagBag from /home/airflow/.local/lib/python3.12/site-packages/airflow/example_dags/example_local_kubernetes_executor.py
[2024-12-06T21:57:13.861+0000] {processor.py:925} INFO - DAG(s) 'example_local_kubernetes_executor' retrieved from /home/airflow/.local/lib/python3.12/site-packages/airflow/example_dags/example_local_kubernetes_executor.py
[2024-12-06T21:57:13.915+0000] {logging_mixin.py:190} INFO - [2024-12-06T21:57:13.914+0000] {dag.py:3239} INFO - Sync 1 DAGs
[2024-12-06T21:57:13.938+0000] {logging_mixin.py:190} INFO - [2024-12-06T21:57:13.937+0000] {dag.py:4180} INFO - Setting next_dagrun for example_local_kubernetes_executor to None, run_after=None
[2024-12-06T21:57:13.964+0000] {processor.py:208} INFO - Processing /home/airflow/.local/lib/python3.12/site-packages/airflow/example_dags/example_local_kubernetes_executor.py took 0.133 seconds
[2024-12-06T21:57:45.060+0000] {processor.py:186} INFO - Started process (PID=2155) to work on /home/airflow/.local/lib/python3.12/site-packages/airflow/example_dags/example_local_kubernetes_executor.py
[2024-12-06T21:57:45.062+0000] {processor.py:914} INFO - Processing file /home/airflow/.local/lib/python3.12/site-packages/airflow/example_dags/example_local_kubernetes_executor.py for tasks to queue
[2024-12-06T21:57:45.065+0000] {logging_mixin.py:190} INFO - [2024-12-06T21:57:45.065+0000] {dagbag.py:588} INFO - Filling up the DagBag from /home/airflow/.local/lib/python3.12/site-packages/airflow/example_dags/example_local_kubernetes_executor.py
[2024-12-06T21:57:45.082+0000] {processor.py:925} INFO - DAG(s) 'example_local_kubernetes_executor' retrieved from /home/airflow/.local/lib/python3.12/site-packages/airflow/example_dags/example_local_kubernetes_executor.py
[2024-12-06T21:57:45.133+0000] {logging_mixin.py:190} INFO - [2024-12-06T21:57:45.132+0000] {dag.py:3239} INFO - Sync 1 DAGs
[2024-12-06T21:57:45.157+0000] {logging_mixin.py:190} INFO - [2024-12-06T21:57:45.157+0000] {dag.py:4180} INFO - Setting next_dagrun for example_local_kubernetes_executor to None, run_after=None
[2024-12-06T21:57:45.185+0000] {processor.py:208} INFO - Processing /home/airflow/.local/lib/python3.12/site-packages/airflow/example_dags/example_local_kubernetes_executor.py took 0.136 seconds
[2024-12-06T21:58:16.470+0000] {processor.py:186} INFO - Started process (PID=2218) to work on /home/airflow/.local/lib/python3.12/site-packages/airflow/example_dags/example_local_kubernetes_executor.py
[2024-12-06T21:58:16.471+0000] {processor.py:914} INFO - Processing file /home/airflow/.local/lib/python3.12/site-packages/airflow/example_dags/example_local_kubernetes_executor.py for tasks to queue
[2024-12-06T21:58:16.476+0000] {logging_mixin.py:190} INFO - [2024-12-06T21:58:16.474+0000] {dagbag.py:588} INFO - Filling up the DagBag from /home/airflow/.local/lib/python3.12/site-packages/airflow/example_dags/example_local_kubernetes_executor.py
[2024-12-06T21:58:16.489+0000] {processor.py:925} INFO - DAG(s) 'example_local_kubernetes_executor' retrieved from /home/airflow/.local/lib/python3.12/site-packages/airflow/example_dags/example_local_kubernetes_executor.py
[2024-12-06T21:58:16.539+0000] {logging_mixin.py:190} INFO - [2024-12-06T21:58:16.539+0000] {dag.py:3239} INFO - Sync 1 DAGs
[2024-12-06T21:58:16.563+0000] {logging_mixin.py:190} INFO - [2024-12-06T21:58:16.562+0000] {dag.py:4180} INFO - Setting next_dagrun for example_local_kubernetes_executor to None, run_after=None
[2024-12-06T21:58:16.587+0000] {processor.py:208} INFO - Processing /home/airflow/.local/lib/python3.12/site-packages/airflow/example_dags/example_local_kubernetes_executor.py took 0.126 seconds
[2024-12-06T21:58:48.127+0000] {processor.py:186} INFO - Started process (PID=2287) to work on /home/airflow/.local/lib/python3.12/site-packages/airflow/example_dags/example_local_kubernetes_executor.py
[2024-12-06T21:58:48.130+0000] {processor.py:914} INFO - Processing file /home/airflow/.local/lib/python3.12/site-packages/airflow/example_dags/example_local_kubernetes_executor.py for tasks to queue
[2024-12-06T21:58:48.135+0000] {logging_mixin.py:190} INFO - [2024-12-06T21:58:48.134+0000] {dagbag.py:588} INFO - Filling up the DagBag from /home/airflow/.local/lib/python3.12/site-packages/airflow/example_dags/example_local_kubernetes_executor.py
[2024-12-06T21:58:48.152+0000] {processor.py:925} INFO - DAG(s) 'example_local_kubernetes_executor' retrieved from /home/airflow/.local/lib/python3.12/site-packages/airflow/example_dags/example_local_kubernetes_executor.py
[2024-12-06T21:58:48.207+0000] {logging_mixin.py:190} INFO - [2024-12-06T21:58:48.207+0000] {dag.py:3239} INFO - Sync 1 DAGs
[2024-12-06T21:58:48.233+0000] {logging_mixin.py:190} INFO - [2024-12-06T21:58:48.233+0000] {dag.py:4180} INFO - Setting next_dagrun for example_local_kubernetes_executor to None, run_after=None
[2024-12-06T21:58:48.266+0000] {processor.py:208} INFO - Processing /home/airflow/.local/lib/python3.12/site-packages/airflow/example_dags/example_local_kubernetes_executor.py took 0.148 seconds
[2024-12-06T21:59:19.546+0000] {processor.py:186} INFO - Started process (PID=2349) to work on /home/airflow/.local/lib/python3.12/site-packages/airflow/example_dags/example_local_kubernetes_executor.py
[2024-12-06T21:59:19.550+0000] {processor.py:914} INFO - Processing file /home/airflow/.local/lib/python3.12/site-packages/airflow/example_dags/example_local_kubernetes_executor.py for tasks to queue
[2024-12-06T21:59:19.554+0000] {logging_mixin.py:190} INFO - [2024-12-06T21:59:19.554+0000] {dagbag.py:588} INFO - Filling up the DagBag from /home/airflow/.local/lib/python3.12/site-packages/airflow/example_dags/example_local_kubernetes_executor.py
[2024-12-06T21:59:19.573+0000] {processor.py:925} INFO - DAG(s) 'example_local_kubernetes_executor' retrieved from /home/airflow/.local/lib/python3.12/site-packages/airflow/example_dags/example_local_kubernetes_executor.py
[2024-12-06T21:59:19.632+0000] {logging_mixin.py:190} INFO - [2024-12-06T21:59:19.631+0000] {dag.py:3239} INFO - Sync 1 DAGs
[2024-12-06T21:59:19.657+0000] {logging_mixin.py:190} INFO - [2024-12-06T21:59:19.657+0000] {dag.py:4180} INFO - Setting next_dagrun for example_local_kubernetes_executor to None, run_after=None
[2024-12-06T21:59:19.705+0000] {processor.py:208} INFO - Processing /home/airflow/.local/lib/python3.12/site-packages/airflow/example_dags/example_local_kubernetes_executor.py took 0.170 seconds
[2024-12-06T21:59:52.185+0000] {processor.py:186} INFO - Started process (PID=2413) to work on /home/airflow/.local/lib/python3.12/site-packages/airflow/example_dags/example_local_kubernetes_executor.py
[2024-12-06T21:59:52.187+0000] {processor.py:914} INFO - Processing file /home/airflow/.local/lib/python3.12/site-packages/airflow/example_dags/example_local_kubernetes_executor.py for tasks to queue
[2024-12-06T21:59:52.193+0000] {logging_mixin.py:190} INFO - [2024-12-06T21:59:52.192+0000] {dagbag.py:588} INFO - Filling up the DagBag from /home/airflow/.local/lib/python3.12/site-packages/airflow/example_dags/example_local_kubernetes_executor.py
[2024-12-06T21:59:52.215+0000] {processor.py:925} INFO - DAG(s) 'example_local_kubernetes_executor' retrieved from /home/airflow/.local/lib/python3.12/site-packages/airflow/example_dags/example_local_kubernetes_executor.py
[2024-12-06T21:59:52.274+0000] {logging_mixin.py:190} INFO - [2024-12-06T21:59:52.273+0000] {dag.py:3239} INFO - Sync 1 DAGs
[2024-12-06T21:59:52.303+0000] {logging_mixin.py:190} INFO - [2024-12-06T21:59:52.303+0000] {dag.py:4180} INFO - Setting next_dagrun for example_local_kubernetes_executor to None, run_after=None
[2024-12-06T21:59:52.335+0000] {processor.py:208} INFO - Processing /home/airflow/.local/lib/python3.12/site-packages/airflow/example_dags/example_local_kubernetes_executor.py took 0.163 seconds
[2024-12-06T22:00:24.775+0000] {processor.py:186} INFO - Started process (PID=2476) to work on /home/airflow/.local/lib/python3.12/site-packages/airflow/example_dags/example_local_kubernetes_executor.py
[2024-12-06T22:00:24.777+0000] {processor.py:914} INFO - Processing file /home/airflow/.local/lib/python3.12/site-packages/airflow/example_dags/example_local_kubernetes_executor.py for tasks to queue
[2024-12-06T22:00:24.781+0000] {logging_mixin.py:190} INFO - [2024-12-06T22:00:24.780+0000] {dagbag.py:588} INFO - Filling up the DagBag from /home/airflow/.local/lib/python3.12/site-packages/airflow/example_dags/example_local_kubernetes_executor.py
[2024-12-06T22:00:24.798+0000] {processor.py:925} INFO - DAG(s) 'example_local_kubernetes_executor' retrieved from /home/airflow/.local/lib/python3.12/site-packages/airflow/example_dags/example_local_kubernetes_executor.py
[2024-12-06T22:00:24.854+0000] {logging_mixin.py:190} INFO - [2024-12-06T22:00:24.853+0000] {dag.py:3239} INFO - Sync 1 DAGs
[2024-12-06T22:00:24.875+0000] {logging_mixin.py:190} INFO - [2024-12-06T22:00:24.875+0000] {dag.py:4180} INFO - Setting next_dagrun for example_local_kubernetes_executor to None, run_after=None
[2024-12-06T22:00:24.907+0000] {processor.py:208} INFO - Processing /home/airflow/.local/lib/python3.12/site-packages/airflow/example_dags/example_local_kubernetes_executor.py took 0.143 seconds
[2024-12-06T22:00:55.986+0000] {processor.py:186} INFO - Started process (PID=2539) to work on /home/airflow/.local/lib/python3.12/site-packages/airflow/example_dags/example_local_kubernetes_executor.py
[2024-12-06T22:00:55.987+0000] {processor.py:914} INFO - Processing file /home/airflow/.local/lib/python3.12/site-packages/airflow/example_dags/example_local_kubernetes_executor.py for tasks to queue
[2024-12-06T22:00:55.993+0000] {logging_mixin.py:190} INFO - [2024-12-06T22:00:55.992+0000] {dagbag.py:588} INFO - Filling up the DagBag from /home/airflow/.local/lib/python3.12/site-packages/airflow/example_dags/example_local_kubernetes_executor.py
[2024-12-06T22:00:56.009+0000] {processor.py:925} INFO - DAG(s) 'example_local_kubernetes_executor' retrieved from /home/airflow/.local/lib/python3.12/site-packages/airflow/example_dags/example_local_kubernetes_executor.py
[2024-12-06T22:00:56.059+0000] {logging_mixin.py:190} INFO - [2024-12-06T22:00:56.059+0000] {dag.py:3239} INFO - Sync 1 DAGs
[2024-12-06T22:00:56.082+0000] {logging_mixin.py:190} INFO - [2024-12-06T22:00:56.081+0000] {dag.py:4180} INFO - Setting next_dagrun for example_local_kubernetes_executor to None, run_after=None
[2024-12-06T22:00:56.113+0000] {processor.py:208} INFO - Processing /home/airflow/.local/lib/python3.12/site-packages/airflow/example_dags/example_local_kubernetes_executor.py took 0.136 seconds
[2024-12-06T22:01:27.207+0000] {processor.py:186} INFO - Started process (PID=2601) to work on /home/airflow/.local/lib/python3.12/site-packages/airflow/example_dags/example_local_kubernetes_executor.py
[2024-12-06T22:01:27.209+0000] {processor.py:914} INFO - Processing file /home/airflow/.local/lib/python3.12/site-packages/airflow/example_dags/example_local_kubernetes_executor.py for tasks to queue
[2024-12-06T22:01:27.214+0000] {logging_mixin.py:190} INFO - [2024-12-06T22:01:27.214+0000] {dagbag.py:588} INFO - Filling up the DagBag from /home/airflow/.local/lib/python3.12/site-packages/airflow/example_dags/example_local_kubernetes_executor.py
[2024-12-06T22:01:27.230+0000] {processor.py:925} INFO - DAG(s) 'example_local_kubernetes_executor' retrieved from /home/airflow/.local/lib/python3.12/site-packages/airflow/example_dags/example_local_kubernetes_executor.py
[2024-12-06T22:01:27.281+0000] {logging_mixin.py:190} INFO - [2024-12-06T22:01:27.281+0000] {dag.py:3239} INFO - Sync 1 DAGs
[2024-12-06T22:01:27.303+0000] {logging_mixin.py:190} INFO - [2024-12-06T22:01:27.303+0000] {dag.py:4180} INFO - Setting next_dagrun for example_local_kubernetes_executor to None, run_after=None
[2024-12-06T22:01:27.333+0000] {processor.py:208} INFO - Processing /home/airflow/.local/lib/python3.12/site-packages/airflow/example_dags/example_local_kubernetes_executor.py took 0.134 seconds
[2024-12-06T22:01:59.221+0000] {processor.py:186} INFO - Started process (PID=2665) to work on /home/airflow/.local/lib/python3.12/site-packages/airflow/example_dags/example_local_kubernetes_executor.py
[2024-12-06T22:01:59.223+0000] {processor.py:914} INFO - Processing file /home/airflow/.local/lib/python3.12/site-packages/airflow/example_dags/example_local_kubernetes_executor.py for tasks to queue
[2024-12-06T22:01:59.227+0000] {logging_mixin.py:190} INFO - [2024-12-06T22:01:59.226+0000] {dagbag.py:588} INFO - Filling up the DagBag from /home/airflow/.local/lib/python3.12/site-packages/airflow/example_dags/example_local_kubernetes_executor.py
[2024-12-06T22:01:59.244+0000] {processor.py:925} INFO - DAG(s) 'example_local_kubernetes_executor' retrieved from /home/airflow/.local/lib/python3.12/site-packages/airflow/example_dags/example_local_kubernetes_executor.py
[2024-12-06T22:01:59.304+0000] {logging_mixin.py:190} INFO - [2024-12-06T22:01:59.303+0000] {dag.py:3239} INFO - Sync 1 DAGs
[2024-12-06T22:01:59.325+0000] {logging_mixin.py:190} INFO - [2024-12-06T22:01:59.325+0000] {dag.py:4180} INFO - Setting next_dagrun for example_local_kubernetes_executor to None, run_after=None
[2024-12-06T22:01:59.356+0000] {processor.py:208} INFO - Processing /home/airflow/.local/lib/python3.12/site-packages/airflow/example_dags/example_local_kubernetes_executor.py took 0.151 seconds
[2024-12-06T22:02:30.959+0000] {processor.py:186} INFO - Started process (PID=2727) to work on /home/airflow/.local/lib/python3.12/site-packages/airflow/example_dags/example_local_kubernetes_executor.py
[2024-12-06T22:02:30.961+0000] {processor.py:914} INFO - Processing file /home/airflow/.local/lib/python3.12/site-packages/airflow/example_dags/example_local_kubernetes_executor.py for tasks to queue
[2024-12-06T22:02:30.965+0000] {logging_mixin.py:190} INFO - [2024-12-06T22:02:30.964+0000] {dagbag.py:588} INFO - Filling up the DagBag from /home/airflow/.local/lib/python3.12/site-packages/airflow/example_dags/example_local_kubernetes_executor.py
[2024-12-06T22:02:30.980+0000] {processor.py:925} INFO - DAG(s) 'example_local_kubernetes_executor' retrieved from /home/airflow/.local/lib/python3.12/site-packages/airflow/example_dags/example_local_kubernetes_executor.py
[2024-12-06T22:02:31.036+0000] {logging_mixin.py:190} INFO - [2024-12-06T22:02:31.036+0000] {dag.py:3239} INFO - Sync 1 DAGs
[2024-12-06T22:02:31.063+0000] {logging_mixin.py:190} INFO - [2024-12-06T22:02:31.063+0000] {dag.py:4180} INFO - Setting next_dagrun for example_local_kubernetes_executor to None, run_after=None
[2024-12-06T22:02:31.094+0000] {processor.py:208} INFO - Processing /home/airflow/.local/lib/python3.12/site-packages/airflow/example_dags/example_local_kubernetes_executor.py took 0.146 seconds
[2024-12-06T22:03:03.285+0000] {processor.py:186} INFO - Started process (PID=2790) to work on /home/airflow/.local/lib/python3.12/site-packages/airflow/example_dags/example_local_kubernetes_executor.py
[2024-12-06T22:03:03.288+0000] {processor.py:914} INFO - Processing file /home/airflow/.local/lib/python3.12/site-packages/airflow/example_dags/example_local_kubernetes_executor.py for tasks to queue
[2024-12-06T22:03:03.293+0000] {logging_mixin.py:190} INFO - [2024-12-06T22:03:03.292+0000] {dagbag.py:588} INFO - Filling up the DagBag from /home/airflow/.local/lib/python3.12/site-packages/airflow/example_dags/example_local_kubernetes_executor.py
[2024-12-06T22:03:03.314+0000] {processor.py:925} INFO - DAG(s) 'example_local_kubernetes_executor' retrieved from /home/airflow/.local/lib/python3.12/site-packages/airflow/example_dags/example_local_kubernetes_executor.py
[2024-12-06T22:03:03.374+0000] {logging_mixin.py:190} INFO - [2024-12-06T22:03:03.373+0000] {dag.py:3239} INFO - Sync 1 DAGs
[2024-12-06T22:03:03.400+0000] {logging_mixin.py:190} INFO - [2024-12-06T22:03:03.400+0000] {dag.py:4180} INFO - Setting next_dagrun for example_local_kubernetes_executor to None, run_after=None
[2024-12-06T22:03:03.440+0000] {processor.py:208} INFO - Processing /home/airflow/.local/lib/python3.12/site-packages/airflow/example_dags/example_local_kubernetes_executor.py took 0.167 seconds
[2024-12-06T22:03:36.001+0000] {processor.py:186} INFO - Started process (PID=2853) to work on /home/airflow/.local/lib/python3.12/site-packages/airflow/example_dags/example_local_kubernetes_executor.py
[2024-12-06T22:03:36.002+0000] {processor.py:914} INFO - Processing file /home/airflow/.local/lib/python3.12/site-packages/airflow/example_dags/example_local_kubernetes_executor.py for tasks to queue
[2024-12-06T22:03:36.007+0000] {logging_mixin.py:190} INFO - [2024-12-06T22:03:36.007+0000] {dagbag.py:588} INFO - Filling up the DagBag from /home/airflow/.local/lib/python3.12/site-packages/airflow/example_dags/example_local_kubernetes_executor.py
[2024-12-06T22:03:36.021+0000] {processor.py:925} INFO - DAG(s) 'example_local_kubernetes_executor' retrieved from /home/airflow/.local/lib/python3.12/site-packages/airflow/example_dags/example_local_kubernetes_executor.py
[2024-12-06T22:03:36.074+0000] {logging_mixin.py:190} INFO - [2024-12-06T22:03:36.073+0000] {dag.py:3239} INFO - Sync 1 DAGs
[2024-12-06T22:03:36.096+0000] {logging_mixin.py:190} INFO - [2024-12-06T22:03:36.095+0000] {dag.py:4180} INFO - Setting next_dagrun for example_local_kubernetes_executor to None, run_after=None
[2024-12-06T22:03:36.124+0000] {processor.py:208} INFO - Processing /home/airflow/.local/lib/python3.12/site-packages/airflow/example_dags/example_local_kubernetes_executor.py took 0.132 seconds
[2024-12-06T22:04:07.138+0000] {processor.py:186} INFO - Started process (PID=2916) to work on /home/airflow/.local/lib/python3.12/site-packages/airflow/example_dags/example_local_kubernetes_executor.py
[2024-12-06T22:04:07.139+0000] {processor.py:914} INFO - Processing file /home/airflow/.local/lib/python3.12/site-packages/airflow/example_dags/example_local_kubernetes_executor.py for tasks to queue
[2024-12-06T22:04:07.144+0000] {logging_mixin.py:190} INFO - [2024-12-06T22:04:07.143+0000] {dagbag.py:588} INFO - Filling up the DagBag from /home/airflow/.local/lib/python3.12/site-packages/airflow/example_dags/example_local_kubernetes_executor.py
[2024-12-06T22:04:07.158+0000] {processor.py:925} INFO - DAG(s) 'example_local_kubernetes_executor' retrieved from /home/airflow/.local/lib/python3.12/site-packages/airflow/example_dags/example_local_kubernetes_executor.py
[2024-12-06T22:04:07.211+0000] {logging_mixin.py:190} INFO - [2024-12-06T22:04:07.211+0000] {dag.py:3239} INFO - Sync 1 DAGs
[2024-12-06T22:04:07.237+0000] {logging_mixin.py:190} INFO - [2024-12-06T22:04:07.237+0000] {dag.py:4180} INFO - Setting next_dagrun for example_local_kubernetes_executor to None, run_after=None
[2024-12-06T22:04:07.267+0000] {processor.py:208} INFO - Processing /home/airflow/.local/lib/python3.12/site-packages/airflow/example_dags/example_local_kubernetes_executor.py took 0.139 seconds
[2024-12-06T22:04:38.121+0000] {processor.py:186} INFO - Started process (PID=2979) to work on /home/airflow/.local/lib/python3.12/site-packages/airflow/example_dags/example_local_kubernetes_executor.py
[2024-12-06T22:04:38.123+0000] {processor.py:914} INFO - Processing file /home/airflow/.local/lib/python3.12/site-packages/airflow/example_dags/example_local_kubernetes_executor.py for tasks to queue
[2024-12-06T22:04:38.127+0000] {logging_mixin.py:190} INFO - [2024-12-06T22:04:38.126+0000] {dagbag.py:588} INFO - Filling up the DagBag from /home/airflow/.local/lib/python3.12/site-packages/airflow/example_dags/example_local_kubernetes_executor.py
[2024-12-06T22:04:38.146+0000] {processor.py:925} INFO - DAG(s) 'example_local_kubernetes_executor' retrieved from /home/airflow/.local/lib/python3.12/site-packages/airflow/example_dags/example_local_kubernetes_executor.py
[2024-12-06T22:04:38.200+0000] {logging_mixin.py:190} INFO - [2024-12-06T22:04:38.200+0000] {dag.py:3239} INFO - Sync 1 DAGs
[2024-12-06T22:04:38.225+0000] {logging_mixin.py:190} INFO - [2024-12-06T22:04:38.224+0000] {dag.py:4180} INFO - Setting next_dagrun for example_local_kubernetes_executor to None, run_after=None
[2024-12-06T22:04:38.256+0000] {processor.py:208} INFO - Processing /home/airflow/.local/lib/python3.12/site-packages/airflow/example_dags/example_local_kubernetes_executor.py took 0.146 seconds
[2024-12-06T22:05:10.226+0000] {processor.py:186} INFO - Started process (PID=3046) to work on /home/airflow/.local/lib/python3.12/site-packages/airflow/example_dags/example_local_kubernetes_executor.py
[2024-12-06T22:05:10.228+0000] {processor.py:914} INFO - Processing file /home/airflow/.local/lib/python3.12/site-packages/airflow/example_dags/example_local_kubernetes_executor.py for tasks to queue
[2024-12-06T22:05:10.231+0000] {logging_mixin.py:190} INFO - [2024-12-06T22:05:10.231+0000] {dagbag.py:588} INFO - Filling up the DagBag from /home/airflow/.local/lib/python3.12/site-packages/airflow/example_dags/example_local_kubernetes_executor.py
[2024-12-06T22:05:10.246+0000] {processor.py:925} INFO - DAG(s) 'example_local_kubernetes_executor' retrieved from /home/airflow/.local/lib/python3.12/site-packages/airflow/example_dags/example_local_kubernetes_executor.py
[2024-12-06T22:05:10.298+0000] {logging_mixin.py:190} INFO - [2024-12-06T22:05:10.298+0000] {dag.py:3239} INFO - Sync 1 DAGs
[2024-12-06T22:05:10.320+0000] {logging_mixin.py:190} INFO - [2024-12-06T22:05:10.320+0000] {dag.py:4180} INFO - Setting next_dagrun for example_local_kubernetes_executor to None, run_after=None
[2024-12-06T22:05:10.345+0000] {processor.py:208} INFO - Processing /home/airflow/.local/lib/python3.12/site-packages/airflow/example_dags/example_local_kubernetes_executor.py took 0.128 seconds
[2024-12-06T22:05:42.160+0000] {processor.py:186} INFO - Started process (PID=3109) to work on /home/airflow/.local/lib/python3.12/site-packages/airflow/example_dags/example_local_kubernetes_executor.py
[2024-12-06T22:05:42.161+0000] {processor.py:914} INFO - Processing file /home/airflow/.local/lib/python3.12/site-packages/airflow/example_dags/example_local_kubernetes_executor.py for tasks to queue
[2024-12-06T22:05:42.165+0000] {logging_mixin.py:190} INFO - [2024-12-06T22:05:42.164+0000] {dagbag.py:588} INFO - Filling up the DagBag from /home/airflow/.local/lib/python3.12/site-packages/airflow/example_dags/example_local_kubernetes_executor.py
[2024-12-06T22:05:42.179+0000] {processor.py:925} INFO - DAG(s) 'example_local_kubernetes_executor' retrieved from /home/airflow/.local/lib/python3.12/site-packages/airflow/example_dags/example_local_kubernetes_executor.py
[2024-12-06T22:05:42.228+0000] {logging_mixin.py:190} INFO - [2024-12-06T22:05:42.228+0000] {dag.py:3239} INFO - Sync 1 DAGs
[2024-12-06T22:05:42.247+0000] {logging_mixin.py:190} INFO - [2024-12-06T22:05:42.247+0000] {dag.py:4180} INFO - Setting next_dagrun for example_local_kubernetes_executor to None, run_after=None
[2024-12-06T22:05:42.279+0000] {processor.py:208} INFO - Processing /home/airflow/.local/lib/python3.12/site-packages/airflow/example_dags/example_local_kubernetes_executor.py took 0.130 seconds
[2024-12-06T22:06:14.219+0000] {processor.py:186} INFO - Started process (PID=3172) to work on /home/airflow/.local/lib/python3.12/site-packages/airflow/example_dags/example_local_kubernetes_executor.py
[2024-12-06T22:06:14.220+0000] {processor.py:914} INFO - Processing file /home/airflow/.local/lib/python3.12/site-packages/airflow/example_dags/example_local_kubernetes_executor.py for tasks to queue
[2024-12-06T22:06:14.225+0000] {logging_mixin.py:190} INFO - [2024-12-06T22:06:14.224+0000] {dagbag.py:588} INFO - Filling up the DagBag from /home/airflow/.local/lib/python3.12/site-packages/airflow/example_dags/example_local_kubernetes_executor.py
[2024-12-06T22:06:14.243+0000] {processor.py:925} INFO - DAG(s) 'example_local_kubernetes_executor' retrieved from /home/airflow/.local/lib/python3.12/site-packages/airflow/example_dags/example_local_kubernetes_executor.py
[2024-12-06T22:06:14.298+0000] {logging_mixin.py:190} INFO - [2024-12-06T22:06:14.298+0000] {dag.py:3239} INFO - Sync 1 DAGs
[2024-12-06T22:06:14.321+0000] {logging_mixin.py:190} INFO - [2024-12-06T22:06:14.321+0000] {dag.py:4180} INFO - Setting next_dagrun for example_local_kubernetes_executor to None, run_after=None
[2024-12-06T22:06:14.352+0000] {processor.py:208} INFO - Processing /home/airflow/.local/lib/python3.12/site-packages/airflow/example_dags/example_local_kubernetes_executor.py took 0.143 seconds
[2024-12-06T22:06:45.463+0000] {processor.py:186} INFO - Started process (PID=3235) to work on /home/airflow/.local/lib/python3.12/site-packages/airflow/example_dags/example_local_kubernetes_executor.py
[2024-12-06T22:06:45.464+0000] {processor.py:914} INFO - Processing file /home/airflow/.local/lib/python3.12/site-packages/airflow/example_dags/example_local_kubernetes_executor.py for tasks to queue
[2024-12-06T22:06:45.468+0000] {logging_mixin.py:190} INFO - [2024-12-06T22:06:45.468+0000] {dagbag.py:588} INFO - Filling up the DagBag from /home/airflow/.local/lib/python3.12/site-packages/airflow/example_dags/example_local_kubernetes_executor.py
[2024-12-06T22:06:45.487+0000] {processor.py:925} INFO - DAG(s) 'example_local_kubernetes_executor' retrieved from /home/airflow/.local/lib/python3.12/site-packages/airflow/example_dags/example_local_kubernetes_executor.py
[2024-12-06T22:06:45.544+0000] {logging_mixin.py:190} INFO - [2024-12-06T22:06:45.544+0000] {dag.py:3239} INFO - Sync 1 DAGs
[2024-12-06T22:06:45.571+0000] {logging_mixin.py:190} INFO - [2024-12-06T22:06:45.570+0000] {dag.py:4180} INFO - Setting next_dagrun for example_local_kubernetes_executor to None, run_after=None
[2024-12-06T22:06:45.602+0000] {processor.py:208} INFO - Processing /home/airflow/.local/lib/python3.12/site-packages/airflow/example_dags/example_local_kubernetes_executor.py took 0.150 seconds
[2024-12-06T22:07:19.437+0000] {processor.py:186} INFO - Started process (PID=3301) to work on /home/airflow/.local/lib/python3.12/site-packages/airflow/example_dags/example_local_kubernetes_executor.py
[2024-12-06T22:07:19.439+0000] {processor.py:914} INFO - Processing file /home/airflow/.local/lib/python3.12/site-packages/airflow/example_dags/example_local_kubernetes_executor.py for tasks to queue
[2024-12-06T22:07:19.443+0000] {logging_mixin.py:190} INFO - [2024-12-06T22:07:19.442+0000] {dagbag.py:588} INFO - Filling up the DagBag from /home/airflow/.local/lib/python3.12/site-packages/airflow/example_dags/example_local_kubernetes_executor.py
[2024-12-06T22:07:19.460+0000] {processor.py:925} INFO - DAG(s) 'example_local_kubernetes_executor' retrieved from /home/airflow/.local/lib/python3.12/site-packages/airflow/example_dags/example_local_kubernetes_executor.py
[2024-12-06T22:07:19.769+0000] {logging_mixin.py:190} INFO - [2024-12-06T22:07:19.769+0000] {dag.py:3239} INFO - Sync 1 DAGs
[2024-12-06T22:07:19.788+0000] {logging_mixin.py:190} INFO - [2024-12-06T22:07:19.788+0000] {dag.py:4180} INFO - Setting next_dagrun for example_local_kubernetes_executor to None, run_after=None
[2024-12-06T22:07:19.814+0000] {processor.py:208} INFO - Processing /home/airflow/.local/lib/python3.12/site-packages/airflow/example_dags/example_local_kubernetes_executor.py took 0.387 seconds
[2024-12-06T22:07:51.009+0000] {processor.py:186} INFO - Started process (PID=3370) to work on /home/airflow/.local/lib/python3.12/site-packages/airflow/example_dags/example_local_kubernetes_executor.py
[2024-12-06T22:07:51.010+0000] {processor.py:914} INFO - Processing file /home/airflow/.local/lib/python3.12/site-packages/airflow/example_dags/example_local_kubernetes_executor.py for tasks to queue
[2024-12-06T22:07:51.015+0000] {logging_mixin.py:190} INFO - [2024-12-06T22:07:51.014+0000] {dagbag.py:588} INFO - Filling up the DagBag from /home/airflow/.local/lib/python3.12/site-packages/airflow/example_dags/example_local_kubernetes_executor.py
[2024-12-06T22:07:51.038+0000] {processor.py:925} INFO - DAG(s) 'example_local_kubernetes_executor' retrieved from /home/airflow/.local/lib/python3.12/site-packages/airflow/example_dags/example_local_kubernetes_executor.py
[2024-12-06T22:07:51.096+0000] {logging_mixin.py:190} INFO - [2024-12-06T22:07:51.096+0000] {dag.py:3239} INFO - Sync 1 DAGs
[2024-12-06T22:07:51.383+0000] {logging_mixin.py:190} INFO - [2024-12-06T22:07:51.383+0000] {dag.py:4180} INFO - Setting next_dagrun for example_local_kubernetes_executor to None, run_after=None
[2024-12-06T22:07:51.423+0000] {processor.py:208} INFO - Processing /home/airflow/.local/lib/python3.12/site-packages/airflow/example_dags/example_local_kubernetes_executor.py took 0.428 seconds
[2024-12-06T22:08:21.648+0000] {processor.py:186} INFO - Started process (PID=3433) to work on /home/airflow/.local/lib/python3.12/site-packages/airflow/example_dags/example_local_kubernetes_executor.py
[2024-12-06T22:08:21.650+0000] {processor.py:914} INFO - Processing file /home/airflow/.local/lib/python3.12/site-packages/airflow/example_dags/example_local_kubernetes_executor.py for tasks to queue
[2024-12-06T22:08:21.655+0000] {logging_mixin.py:190} INFO - [2024-12-06T22:08:21.654+0000] {dagbag.py:588} INFO - Filling up the DagBag from /home/airflow/.local/lib/python3.12/site-packages/airflow/example_dags/example_local_kubernetes_executor.py
[2024-12-06T22:08:21.671+0000] {processor.py:925} INFO - DAG(s) 'example_local_kubernetes_executor' retrieved from /home/airflow/.local/lib/python3.12/site-packages/airflow/example_dags/example_local_kubernetes_executor.py
[2024-12-06T22:08:21.720+0000] {logging_mixin.py:190} INFO - [2024-12-06T22:08:21.719+0000] {dag.py:3239} INFO - Sync 1 DAGs
[2024-12-06T22:08:21.741+0000] {logging_mixin.py:190} INFO - [2024-12-06T22:08:21.741+0000] {dag.py:4180} INFO - Setting next_dagrun for example_local_kubernetes_executor to None, run_after=None
[2024-12-06T22:08:21.767+0000] {processor.py:208} INFO - Processing /home/airflow/.local/lib/python3.12/site-packages/airflow/example_dags/example_local_kubernetes_executor.py took 0.127 seconds
[2024-12-06T22:08:56.858+0000] {processor.py:186} INFO - Started process (PID=3496) to work on /home/airflow/.local/lib/python3.12/site-packages/airflow/example_dags/example_local_kubernetes_executor.py
[2024-12-06T22:08:56.860+0000] {processor.py:914} INFO - Processing file /home/airflow/.local/lib/python3.12/site-packages/airflow/example_dags/example_local_kubernetes_executor.py for tasks to queue
[2024-12-06T22:08:56.864+0000] {logging_mixin.py:190} INFO - [2024-12-06T22:08:56.863+0000] {dagbag.py:588} INFO - Filling up the DagBag from /home/airflow/.local/lib/python3.12/site-packages/airflow/example_dags/example_local_kubernetes_executor.py
[2024-12-06T22:08:56.883+0000] {processor.py:925} INFO - DAG(s) 'example_local_kubernetes_executor' retrieved from /home/airflow/.local/lib/python3.12/site-packages/airflow/example_dags/example_local_kubernetes_executor.py
[2024-12-06T22:08:56.939+0000] {logging_mixin.py:190} INFO - [2024-12-06T22:08:56.938+0000] {dag.py:3239} INFO - Sync 1 DAGs
[2024-12-06T22:08:56.967+0000] {logging_mixin.py:190} INFO - [2024-12-06T22:08:56.967+0000] {dag.py:4180} INFO - Setting next_dagrun for example_local_kubernetes_executor to None, run_after=None
[2024-12-06T22:08:57.000+0000] {processor.py:208} INFO - Processing /home/airflow/.local/lib/python3.12/site-packages/airflow/example_dags/example_local_kubernetes_executor.py took 0.154 seconds
[2024-12-06T22:09:27.396+0000] {processor.py:186} INFO - Started process (PID=3559) to work on /home/airflow/.local/lib/python3.12/site-packages/airflow/example_dags/example_local_kubernetes_executor.py
[2024-12-06T22:09:27.398+0000] {processor.py:914} INFO - Processing file /home/airflow/.local/lib/python3.12/site-packages/airflow/example_dags/example_local_kubernetes_executor.py for tasks to queue
[2024-12-06T22:09:27.404+0000] {logging_mixin.py:190} INFO - [2024-12-06T22:09:27.403+0000] {dagbag.py:588} INFO - Filling up the DagBag from /home/airflow/.local/lib/python3.12/site-packages/airflow/example_dags/example_local_kubernetes_executor.py
[2024-12-06T22:09:27.423+0000] {processor.py:925} INFO - DAG(s) 'example_local_kubernetes_executor' retrieved from /home/airflow/.local/lib/python3.12/site-packages/airflow/example_dags/example_local_kubernetes_executor.py
[2024-12-06T22:09:27.483+0000] {logging_mixin.py:190} INFO - [2024-12-06T22:09:27.482+0000] {dag.py:3239} INFO - Sync 1 DAGs
[2024-12-06T22:09:27.506+0000] {logging_mixin.py:190} INFO - [2024-12-06T22:09:27.506+0000] {dag.py:4180} INFO - Setting next_dagrun for example_local_kubernetes_executor to None, run_after=None
[2024-12-06T22:09:27.540+0000] {processor.py:208} INFO - Processing /home/airflow/.local/lib/python3.12/site-packages/airflow/example_dags/example_local_kubernetes_executor.py took 0.158 seconds
[2024-12-06T22:09:58.038+0000] {processor.py:186} INFO - Started process (PID=3622) to work on /home/airflow/.local/lib/python3.12/site-packages/airflow/example_dags/example_local_kubernetes_executor.py
[2024-12-06T22:09:58.039+0000] {processor.py:914} INFO - Processing file /home/airflow/.local/lib/python3.12/site-packages/airflow/example_dags/example_local_kubernetes_executor.py for tasks to queue
[2024-12-06T22:09:58.046+0000] {logging_mixin.py:190} INFO - [2024-12-06T22:09:58.045+0000] {dagbag.py:588} INFO - Filling up the DagBag from /home/airflow/.local/lib/python3.12/site-packages/airflow/example_dags/example_local_kubernetes_executor.py
[2024-12-06T22:09:58.063+0000] {processor.py:925} INFO - DAG(s) 'example_local_kubernetes_executor' retrieved from /home/airflow/.local/lib/python3.12/site-packages/airflow/example_dags/example_local_kubernetes_executor.py
[2024-12-06T22:09:58.111+0000] {logging_mixin.py:190} INFO - [2024-12-06T22:09:58.111+0000] {dag.py:3239} INFO - Sync 1 DAGs
[2024-12-06T22:09:58.133+0000] {logging_mixin.py:190} INFO - [2024-12-06T22:09:58.133+0000] {dag.py:4180} INFO - Setting next_dagrun for example_local_kubernetes_executor to None, run_after=None
[2024-12-06T22:09:58.158+0000] {processor.py:208} INFO - Processing /home/airflow/.local/lib/python3.12/site-packages/airflow/example_dags/example_local_kubernetes_executor.py took 0.129 seconds
[2024-12-06T22:10:29.367+0000] {processor.py:186} INFO - Started process (PID=3687) to work on /home/airflow/.local/lib/python3.12/site-packages/airflow/example_dags/example_local_kubernetes_executor.py
[2024-12-06T22:10:29.369+0000] {processor.py:914} INFO - Processing file /home/airflow/.local/lib/python3.12/site-packages/airflow/example_dags/example_local_kubernetes_executor.py for tasks to queue
[2024-12-06T22:10:29.373+0000] {logging_mixin.py:190} INFO - [2024-12-06T22:10:29.372+0000] {dagbag.py:588} INFO - Filling up the DagBag from /home/airflow/.local/lib/python3.12/site-packages/airflow/example_dags/example_local_kubernetes_executor.py
[2024-12-06T22:10:29.389+0000] {processor.py:925} INFO - DAG(s) 'example_local_kubernetes_executor' retrieved from /home/airflow/.local/lib/python3.12/site-packages/airflow/example_dags/example_local_kubernetes_executor.py
[2024-12-06T22:10:29.443+0000] {logging_mixin.py:190} INFO - [2024-12-06T22:10:29.443+0000] {dag.py:3239} INFO - Sync 1 DAGs
[2024-12-06T22:10:29.475+0000] {logging_mixin.py:190} INFO - [2024-12-06T22:10:29.475+0000] {dag.py:4180} INFO - Setting next_dagrun for example_local_kubernetes_executor to None, run_after=None
[2024-12-06T22:10:29.506+0000] {processor.py:208} INFO - Processing /home/airflow/.local/lib/python3.12/site-packages/airflow/example_dags/example_local_kubernetes_executor.py took 0.154 seconds
[2024-12-06T22:10:59.857+0000] {processor.py:186} INFO - Started process (PID=3750) to work on /home/airflow/.local/lib/python3.12/site-packages/airflow/example_dags/example_local_kubernetes_executor.py
[2024-12-06T22:10:59.858+0000] {processor.py:914} INFO - Processing file /home/airflow/.local/lib/python3.12/site-packages/airflow/example_dags/example_local_kubernetes_executor.py for tasks to queue
[2024-12-06T22:10:59.862+0000] {logging_mixin.py:190} INFO - [2024-12-06T22:10:59.861+0000] {dagbag.py:588} INFO - Filling up the DagBag from /home/airflow/.local/lib/python3.12/site-packages/airflow/example_dags/example_local_kubernetes_executor.py
[2024-12-06T22:10:59.893+0000] {processor.py:925} INFO - DAG(s) 'example_local_kubernetes_executor' retrieved from /home/airflow/.local/lib/python3.12/site-packages/airflow/example_dags/example_local_kubernetes_executor.py
[2024-12-06T22:10:59.988+0000] {logging_mixin.py:190} INFO - [2024-12-06T22:10:59.987+0000] {dag.py:3239} INFO - Sync 1 DAGs
[2024-12-06T22:11:00.046+0000] {logging_mixin.py:190} INFO - [2024-12-06T22:11:00.045+0000] {dag.py:4180} INFO - Setting next_dagrun for example_local_kubernetes_executor to None, run_after=None
[2024-12-06T22:11:00.089+0000] {processor.py:208} INFO - Processing /home/airflow/.local/lib/python3.12/site-packages/airflow/example_dags/example_local_kubernetes_executor.py took 0.242 seconds
