[2024-12-06T21:40:59.386+0000] {processor.py:186} INFO - Started process (PID=121) to work on /home/airflow/.local/lib/python3.12/site-packages/airflow/example_dags/example_latest_only_with_trigger.py
[2024-12-06T21:40:59.388+0000] {processor.py:914} INFO - Processing file /home/airflow/.local/lib/python3.12/site-packages/airflow/example_dags/example_latest_only_with_trigger.py for tasks to queue
[2024-12-06T21:40:59.391+0000] {logging_mixin.py:190} INFO - [2024-12-06T21:40:59.391+0000] {dagbag.py:588} INFO - Filling up the DagBag from /home/airflow/.local/lib/python3.12/site-packages/airflow/example_dags/example_latest_only_with_trigger.py
[2024-12-06T21:40:59.403+0000] {processor.py:925} INFO - DAG(s) 'latest_only_with_trigger' retrieved from /home/airflow/.local/lib/python3.12/site-packages/airflow/example_dags/example_latest_only_with_trigger.py
[2024-12-06T21:40:59.570+0000] {logging_mixin.py:190} INFO - [2024-12-06T21:40:59.569+0000] {override.py:1911} INFO - Created Permission View: can edit on DAG:latest_only_with_trigger
[2024-12-06T21:40:59.583+0000] {logging_mixin.py:190} INFO - [2024-12-06T21:40:59.583+0000] {override.py:1911} INFO - Created Permission View: can delete on DAG:latest_only_with_trigger
[2024-12-06T21:40:59.592+0000] {logging_mixin.py:190} INFO - [2024-12-06T21:40:59.592+0000] {override.py:1911} INFO - Created Permission View: can read on DAG:latest_only_with_trigger
[2024-12-06T21:40:59.602+0000] {logging_mixin.py:190} INFO - [2024-12-06T21:40:59.602+0000] {override.py:1911} INFO - Created Permission View: menu access on DAG Run:latest_only_with_trigger
[2024-12-06T21:40:59.611+0000] {logging_mixin.py:190} INFO - [2024-12-06T21:40:59.610+0000] {override.py:1911} INFO - Created Permission View: can create on DAG Run:latest_only_with_trigger
[2024-12-06T21:40:59.619+0000] {logging_mixin.py:190} INFO - [2024-12-06T21:40:59.619+0000] {override.py:1911} INFO - Created Permission View: can delete on DAG Run:latest_only_with_trigger
[2024-12-06T21:40:59.628+0000] {logging_mixin.py:190} INFO - [2024-12-06T21:40:59.628+0000] {override.py:1911} INFO - Created Permission View: can read on DAG Run:latest_only_with_trigger
[2024-12-06T21:40:59.629+0000] {logging_mixin.py:190} INFO - [2024-12-06T21:40:59.629+0000] {dag.py:3239} INFO - Sync 1 DAGs
[2024-12-06T21:40:59.648+0000] {logging_mixin.py:190} INFO - [2024-12-06T21:40:59.647+0000] {dag.py:3262} INFO - Creating ORM DAG for latest_only_with_trigger
[2024-12-06T21:40:59.660+0000] {logging_mixin.py:190} INFO - [2024-12-06T21:40:59.660+0000] {dag.py:4180} INFO - Setting next_dagrun for latest_only_with_trigger to 2024-12-06 16:00:00+00:00, run_after=2024-12-06 20:00:00+00:00
[2024-12-06T21:40:59.681+0000] {processor.py:208} INFO - Processing /home/airflow/.local/lib/python3.12/site-packages/airflow/example_dags/example_latest_only_with_trigger.py took 0.303 seconds
[2024-12-06T21:41:30.377+0000] {processor.py:186} INFO - Started process (PID=184) to work on /home/airflow/.local/lib/python3.12/site-packages/airflow/example_dags/example_latest_only_with_trigger.py
[2024-12-06T21:41:30.378+0000] {processor.py:914} INFO - Processing file /home/airflow/.local/lib/python3.12/site-packages/airflow/example_dags/example_latest_only_with_trigger.py for tasks to queue
[2024-12-06T21:41:30.382+0000] {logging_mixin.py:190} INFO - [2024-12-06T21:41:30.381+0000] {dagbag.py:588} INFO - Filling up the DagBag from /home/airflow/.local/lib/python3.12/site-packages/airflow/example_dags/example_latest_only_with_trigger.py
[2024-12-06T21:41:30.391+0000] {processor.py:925} INFO - DAG(s) 'latest_only_with_trigger' retrieved from /home/airflow/.local/lib/python3.12/site-packages/airflow/example_dags/example_latest_only_with_trigger.py
[2024-12-06T21:41:30.416+0000] {logging_mixin.py:190} INFO - [2024-12-06T21:41:30.416+0000] {dag.py:3239} INFO - Sync 1 DAGs
[2024-12-06T21:41:30.444+0000] {logging_mixin.py:190} INFO - [2024-12-06T21:41:30.444+0000] {dag.py:4180} INFO - Setting next_dagrun for latest_only_with_trigger to 2024-12-06 16:00:00+00:00, run_after=2024-12-06 20:00:00+00:00
[2024-12-06T21:41:30.466+0000] {processor.py:208} INFO - Processing /home/airflow/.local/lib/python3.12/site-packages/airflow/example_dags/example_latest_only_with_trigger.py took 0.097 seconds
[2024-12-06T21:42:01.247+0000] {processor.py:186} INFO - Started process (PID=247) to work on /home/airflow/.local/lib/python3.12/site-packages/airflow/example_dags/example_latest_only_with_trigger.py
[2024-12-06T21:42:01.248+0000] {processor.py:914} INFO - Processing file /home/airflow/.local/lib/python3.12/site-packages/airflow/example_dags/example_latest_only_with_trigger.py for tasks to queue
[2024-12-06T21:42:01.252+0000] {logging_mixin.py:190} INFO - [2024-12-06T21:42:01.252+0000] {dagbag.py:588} INFO - Filling up the DagBag from /home/airflow/.local/lib/python3.12/site-packages/airflow/example_dags/example_latest_only_with_trigger.py
[2024-12-06T21:42:01.261+0000] {processor.py:925} INFO - DAG(s) 'latest_only_with_trigger' retrieved from /home/airflow/.local/lib/python3.12/site-packages/airflow/example_dags/example_latest_only_with_trigger.py
[2024-12-06T21:42:01.285+0000] {logging_mixin.py:190} INFO - [2024-12-06T21:42:01.285+0000] {dag.py:3239} INFO - Sync 1 DAGs
[2024-12-06T21:42:01.312+0000] {logging_mixin.py:190} INFO - [2024-12-06T21:42:01.312+0000] {dag.py:4180} INFO - Setting next_dagrun for latest_only_with_trigger to 2024-12-06 16:00:00+00:00, run_after=2024-12-06 20:00:00+00:00
[2024-12-06T21:42:01.335+0000] {processor.py:208} INFO - Processing /home/airflow/.local/lib/python3.12/site-packages/airflow/example_dags/example_latest_only_with_trigger.py took 0.096 seconds
[2024-12-06T21:42:32.462+0000] {processor.py:186} INFO - Started process (PID=310) to work on /home/airflow/.local/lib/python3.12/site-packages/airflow/example_dags/example_latest_only_with_trigger.py
[2024-12-06T21:42:32.465+0000] {processor.py:914} INFO - Processing file /home/airflow/.local/lib/python3.12/site-packages/airflow/example_dags/example_latest_only_with_trigger.py for tasks to queue
[2024-12-06T21:42:32.474+0000] {logging_mixin.py:190} INFO - [2024-12-06T21:42:32.473+0000] {dagbag.py:588} INFO - Filling up the DagBag from /home/airflow/.local/lib/python3.12/site-packages/airflow/example_dags/example_latest_only_with_trigger.py
[2024-12-06T21:42:32.494+0000] {processor.py:925} INFO - DAG(s) 'latest_only_with_trigger' retrieved from /home/airflow/.local/lib/python3.12/site-packages/airflow/example_dags/example_latest_only_with_trigger.py
[2024-12-06T21:42:32.528+0000] {logging_mixin.py:190} INFO - [2024-12-06T21:42:32.528+0000] {dag.py:3239} INFO - Sync 1 DAGs
[2024-12-06T21:42:32.556+0000] {logging_mixin.py:190} INFO - [2024-12-06T21:42:32.556+0000] {dag.py:4180} INFO - Setting next_dagrun for latest_only_with_trigger to 2024-12-06 16:00:00+00:00, run_after=2024-12-06 20:00:00+00:00
[2024-12-06T21:42:32.577+0000] {processor.py:208} INFO - Processing /home/airflow/.local/lib/python3.12/site-packages/airflow/example_dags/example_latest_only_with_trigger.py took 0.137 seconds
[2024-12-06T21:43:02.692+0000] {processor.py:186} INFO - Started process (PID=373) to work on /home/airflow/.local/lib/python3.12/site-packages/airflow/example_dags/example_latest_only_with_trigger.py
[2024-12-06T21:43:02.694+0000] {processor.py:914} INFO - Processing file /home/airflow/.local/lib/python3.12/site-packages/airflow/example_dags/example_latest_only_with_trigger.py for tasks to queue
[2024-12-06T21:43:02.697+0000] {logging_mixin.py:190} INFO - [2024-12-06T21:43:02.697+0000] {dagbag.py:588} INFO - Filling up the DagBag from /home/airflow/.local/lib/python3.12/site-packages/airflow/example_dags/example_latest_only_with_trigger.py
[2024-12-06T21:43:02.706+0000] {processor.py:925} INFO - DAG(s) 'latest_only_with_trigger' retrieved from /home/airflow/.local/lib/python3.12/site-packages/airflow/example_dags/example_latest_only_with_trigger.py
[2024-12-06T21:43:02.731+0000] {logging_mixin.py:190} INFO - [2024-12-06T21:43:02.731+0000] {dag.py:3239} INFO - Sync 1 DAGs
[2024-12-06T21:43:02.759+0000] {logging_mixin.py:190} INFO - [2024-12-06T21:43:02.759+0000] {dag.py:4180} INFO - Setting next_dagrun for latest_only_with_trigger to 2024-12-06 16:00:00+00:00, run_after=2024-12-06 20:00:00+00:00
[2024-12-06T21:43:02.782+0000] {processor.py:208} INFO - Processing /home/airflow/.local/lib/python3.12/site-packages/airflow/example_dags/example_latest_only_with_trigger.py took 0.097 seconds
[2024-12-06T21:43:33.508+0000] {processor.py:186} INFO - Started process (PID=436) to work on /home/airflow/.local/lib/python3.12/site-packages/airflow/example_dags/example_latest_only_with_trigger.py
[2024-12-06T21:43:33.509+0000] {processor.py:914} INFO - Processing file /home/airflow/.local/lib/python3.12/site-packages/airflow/example_dags/example_latest_only_with_trigger.py for tasks to queue
[2024-12-06T21:43:33.513+0000] {logging_mixin.py:190} INFO - [2024-12-06T21:43:33.512+0000] {dagbag.py:588} INFO - Filling up the DagBag from /home/airflow/.local/lib/python3.12/site-packages/airflow/example_dags/example_latest_only_with_trigger.py
[2024-12-06T21:43:33.522+0000] {processor.py:925} INFO - DAG(s) 'latest_only_with_trigger' retrieved from /home/airflow/.local/lib/python3.12/site-packages/airflow/example_dags/example_latest_only_with_trigger.py
[2024-12-06T21:43:33.549+0000] {logging_mixin.py:190} INFO - [2024-12-06T21:43:33.548+0000] {dag.py:3239} INFO - Sync 1 DAGs
[2024-12-06T21:43:33.579+0000] {logging_mixin.py:190} INFO - [2024-12-06T21:43:33.579+0000] {dag.py:4180} INFO - Setting next_dagrun for latest_only_with_trigger to 2024-12-06 16:00:00+00:00, run_after=2024-12-06 20:00:00+00:00
[2024-12-06T21:43:33.604+0000] {processor.py:208} INFO - Processing /home/airflow/.local/lib/python3.12/site-packages/airflow/example_dags/example_latest_only_with_trigger.py took 0.104 seconds
[2024-12-06T21:44:04.210+0000] {processor.py:186} INFO - Started process (PID=499) to work on /home/airflow/.local/lib/python3.12/site-packages/airflow/example_dags/example_latest_only_with_trigger.py
[2024-12-06T21:44:04.211+0000] {processor.py:914} INFO - Processing file /home/airflow/.local/lib/python3.12/site-packages/airflow/example_dags/example_latest_only_with_trigger.py for tasks to queue
[2024-12-06T21:44:04.215+0000] {logging_mixin.py:190} INFO - [2024-12-06T21:44:04.215+0000] {dagbag.py:588} INFO - Filling up the DagBag from /home/airflow/.local/lib/python3.12/site-packages/airflow/example_dags/example_latest_only_with_trigger.py
[2024-12-06T21:44:04.225+0000] {processor.py:925} INFO - DAG(s) 'latest_only_with_trigger' retrieved from /home/airflow/.local/lib/python3.12/site-packages/airflow/example_dags/example_latest_only_with_trigger.py
[2024-12-06T21:44:04.252+0000] {logging_mixin.py:190} INFO - [2024-12-06T21:44:04.252+0000] {dag.py:3239} INFO - Sync 1 DAGs
[2024-12-06T21:44:04.283+0000] {logging_mixin.py:190} INFO - [2024-12-06T21:44:04.283+0000] {dag.py:4180} INFO - Setting next_dagrun for latest_only_with_trigger to 2024-12-06 16:00:00+00:00, run_after=2024-12-06 20:00:00+00:00
[2024-12-06T21:44:04.305+0000] {processor.py:208} INFO - Processing /home/airflow/.local/lib/python3.12/site-packages/airflow/example_dags/example_latest_only_with_trigger.py took 0.103 seconds
[2024-12-06T21:44:36.310+0000] {processor.py:186} INFO - Started process (PID=562) to work on /home/airflow/.local/lib/python3.12/site-packages/airflow/example_dags/example_latest_only_with_trigger.py
[2024-12-06T21:44:36.311+0000] {processor.py:914} INFO - Processing file /home/airflow/.local/lib/python3.12/site-packages/airflow/example_dags/example_latest_only_with_trigger.py for tasks to queue
[2024-12-06T21:44:36.315+0000] {logging_mixin.py:190} INFO - [2024-12-06T21:44:36.314+0000] {dagbag.py:588} INFO - Filling up the DagBag from /home/airflow/.local/lib/python3.12/site-packages/airflow/example_dags/example_latest_only_with_trigger.py
[2024-12-06T21:44:36.324+0000] {processor.py:925} INFO - DAG(s) 'latest_only_with_trigger' retrieved from /home/airflow/.local/lib/python3.12/site-packages/airflow/example_dags/example_latest_only_with_trigger.py
[2024-12-06T21:44:36.353+0000] {logging_mixin.py:190} INFO - [2024-12-06T21:44:36.352+0000] {dag.py:3239} INFO - Sync 1 DAGs
[2024-12-06T21:44:36.382+0000] {logging_mixin.py:190} INFO - [2024-12-06T21:44:36.382+0000] {dag.py:4180} INFO - Setting next_dagrun for latest_only_with_trigger to 2024-12-06 16:00:00+00:00, run_after=2024-12-06 20:00:00+00:00
[2024-12-06T21:44:36.407+0000] {processor.py:208} INFO - Processing /home/airflow/.local/lib/python3.12/site-packages/airflow/example_dags/example_latest_only_with_trigger.py took 0.105 seconds
[2024-12-06T21:45:07.028+0000] {processor.py:186} INFO - Started process (PID=625) to work on /home/airflow/.local/lib/python3.12/site-packages/airflow/example_dags/example_latest_only_with_trigger.py
[2024-12-06T21:45:07.030+0000] {processor.py:914} INFO - Processing file /home/airflow/.local/lib/python3.12/site-packages/airflow/example_dags/example_latest_only_with_trigger.py for tasks to queue
[2024-12-06T21:45:07.033+0000] {logging_mixin.py:190} INFO - [2024-12-06T21:45:07.033+0000] {dagbag.py:588} INFO - Filling up the DagBag from /home/airflow/.local/lib/python3.12/site-packages/airflow/example_dags/example_latest_only_with_trigger.py
[2024-12-06T21:45:07.043+0000] {processor.py:925} INFO - DAG(s) 'latest_only_with_trigger' retrieved from /home/airflow/.local/lib/python3.12/site-packages/airflow/example_dags/example_latest_only_with_trigger.py
[2024-12-06T21:45:07.068+0000] {logging_mixin.py:190} INFO - [2024-12-06T21:45:07.068+0000] {dag.py:3239} INFO - Sync 1 DAGs
[2024-12-06T21:45:07.106+0000] {logging_mixin.py:190} INFO - [2024-12-06T21:45:07.105+0000] {dag.py:4180} INFO - Setting next_dagrun for latest_only_with_trigger to 2024-12-06 16:00:00+00:00, run_after=2024-12-06 20:00:00+00:00
[2024-12-06T21:45:07.136+0000] {processor.py:208} INFO - Processing /home/airflow/.local/lib/python3.12/site-packages/airflow/example_dags/example_latest_only_with_trigger.py took 0.115 seconds
[2024-12-06T21:45:38.926+0000] {processor.py:186} INFO - Started process (PID=689) to work on /home/airflow/.local/lib/python3.12/site-packages/airflow/example_dags/example_latest_only_with_trigger.py
[2024-12-06T21:45:38.927+0000] {processor.py:914} INFO - Processing file /home/airflow/.local/lib/python3.12/site-packages/airflow/example_dags/example_latest_only_with_trigger.py for tasks to queue
[2024-12-06T21:45:38.931+0000] {logging_mixin.py:190} INFO - [2024-12-06T21:45:38.931+0000] {dagbag.py:588} INFO - Filling up the DagBag from /home/airflow/.local/lib/python3.12/site-packages/airflow/example_dags/example_latest_only_with_trigger.py
[2024-12-06T21:45:38.943+0000] {processor.py:925} INFO - DAG(s) 'latest_only_with_trigger' retrieved from /home/airflow/.local/lib/python3.12/site-packages/airflow/example_dags/example_latest_only_with_trigger.py
[2024-12-06T21:45:38.970+0000] {logging_mixin.py:190} INFO - [2024-12-06T21:45:38.970+0000] {dag.py:3239} INFO - Sync 1 DAGs
[2024-12-06T21:45:39.014+0000] {logging_mixin.py:190} INFO - [2024-12-06T21:45:39.013+0000] {dag.py:4180} INFO - Setting next_dagrun for latest_only_with_trigger to 2024-12-06 16:00:00+00:00, run_after=2024-12-06 20:00:00+00:00
[2024-12-06T21:45:39.042+0000] {processor.py:208} INFO - Processing /home/airflow/.local/lib/python3.12/site-packages/airflow/example_dags/example_latest_only_with_trigger.py took 0.125 seconds
[2024-12-06T21:46:09.768+0000] {processor.py:186} INFO - Started process (PID=752) to work on /home/airflow/.local/lib/python3.12/site-packages/airflow/example_dags/example_latest_only_with_trigger.py
[2024-12-06T21:46:09.770+0000] {processor.py:914} INFO - Processing file /home/airflow/.local/lib/python3.12/site-packages/airflow/example_dags/example_latest_only_with_trigger.py for tasks to queue
[2024-12-06T21:46:09.773+0000] {logging_mixin.py:190} INFO - [2024-12-06T21:46:09.772+0000] {dagbag.py:588} INFO - Filling up the DagBag from /home/airflow/.local/lib/python3.12/site-packages/airflow/example_dags/example_latest_only_with_trigger.py
[2024-12-06T21:46:09.783+0000] {processor.py:925} INFO - DAG(s) 'latest_only_with_trigger' retrieved from /home/airflow/.local/lib/python3.12/site-packages/airflow/example_dags/example_latest_only_with_trigger.py
[2024-12-06T21:46:09.812+0000] {logging_mixin.py:190} INFO - [2024-12-06T21:46:09.812+0000] {dag.py:3239} INFO - Sync 1 DAGs
[2024-12-06T21:46:09.844+0000] {logging_mixin.py:190} INFO - [2024-12-06T21:46:09.843+0000] {dag.py:4180} INFO - Setting next_dagrun for latest_only_with_trigger to 2024-12-06 16:00:00+00:00, run_after=2024-12-06 20:00:00+00:00
[2024-12-06T21:46:09.867+0000] {processor.py:208} INFO - Processing /home/airflow/.local/lib/python3.12/site-packages/airflow/example_dags/example_latest_only_with_trigger.py took 0.106 seconds
[2024-12-06T21:46:42.452+0000] {processor.py:186} INFO - Started process (PID=820) to work on /home/airflow/.local/lib/python3.12/site-packages/airflow/example_dags/example_latest_only_with_trigger.py
[2024-12-06T21:46:42.454+0000] {processor.py:914} INFO - Processing file /home/airflow/.local/lib/python3.12/site-packages/airflow/example_dags/example_latest_only_with_trigger.py for tasks to queue
[2024-12-06T21:46:42.457+0000] {logging_mixin.py:190} INFO - [2024-12-06T21:46:42.457+0000] {dagbag.py:588} INFO - Filling up the DagBag from /home/airflow/.local/lib/python3.12/site-packages/airflow/example_dags/example_latest_only_with_trigger.py
[2024-12-06T21:46:42.468+0000] {processor.py:925} INFO - DAG(s) 'latest_only_with_trigger' retrieved from /home/airflow/.local/lib/python3.12/site-packages/airflow/example_dags/example_latest_only_with_trigger.py
[2024-12-06T21:46:42.494+0000] {logging_mixin.py:190} INFO - [2024-12-06T21:46:42.494+0000] {dag.py:3239} INFO - Sync 1 DAGs
[2024-12-06T21:46:42.524+0000] {logging_mixin.py:190} INFO - [2024-12-06T21:46:42.524+0000] {dag.py:4180} INFO - Setting next_dagrun for latest_only_with_trigger to 2024-12-06 16:00:00+00:00, run_after=2024-12-06 20:00:00+00:00
[2024-12-06T21:46:42.549+0000] {processor.py:208} INFO - Processing /home/airflow/.local/lib/python3.12/site-packages/airflow/example_dags/example_latest_only_with_trigger.py took 0.104 seconds
[2024-12-06T21:47:14.990+0000] {processor.py:186} INFO - Started process (PID=888) to work on /home/airflow/.local/lib/python3.12/site-packages/airflow/example_dags/example_latest_only_with_trigger.py
[2024-12-06T21:47:14.991+0000] {processor.py:914} INFO - Processing file /home/airflow/.local/lib/python3.12/site-packages/airflow/example_dags/example_latest_only_with_trigger.py for tasks to queue
[2024-12-06T21:47:14.996+0000] {logging_mixin.py:190} INFO - [2024-12-06T21:47:14.996+0000] {dagbag.py:588} INFO - Filling up the DagBag from /home/airflow/.local/lib/python3.12/site-packages/airflow/example_dags/example_latest_only_with_trigger.py
[2024-12-06T21:47:15.012+0000] {processor.py:925} INFO - DAG(s) 'latest_only_with_trigger' retrieved from /home/airflow/.local/lib/python3.12/site-packages/airflow/example_dags/example_latest_only_with_trigger.py
[2024-12-06T21:47:15.048+0000] {logging_mixin.py:190} INFO - [2024-12-06T21:47:15.048+0000] {dag.py:3239} INFO - Sync 1 DAGs
[2024-12-06T21:47:15.099+0000] {logging_mixin.py:190} INFO - [2024-12-06T21:47:15.098+0000] {dag.py:4180} INFO - Setting next_dagrun for latest_only_with_trigger to 2024-12-06 16:00:00+00:00, run_after=2024-12-06 20:00:00+00:00
[2024-12-06T21:47:15.135+0000] {processor.py:208} INFO - Processing /home/airflow/.local/lib/python3.12/site-packages/airflow/example_dags/example_latest_only_with_trigger.py took 0.154 seconds
[2024-12-06T21:47:46.867+0000] {processor.py:186} INFO - Started process (PID=957) to work on /home/airflow/.local/lib/python3.12/site-packages/airflow/example_dags/example_latest_only_with_trigger.py
[2024-12-06T21:47:46.869+0000] {processor.py:914} INFO - Processing file /home/airflow/.local/lib/python3.12/site-packages/airflow/example_dags/example_latest_only_with_trigger.py for tasks to queue
[2024-12-06T21:47:46.873+0000] {logging_mixin.py:190} INFO - [2024-12-06T21:47:46.872+0000] {dagbag.py:588} INFO - Filling up the DagBag from /home/airflow/.local/lib/python3.12/site-packages/airflow/example_dags/example_latest_only_with_trigger.py
[2024-12-06T21:47:46.884+0000] {processor.py:925} INFO - DAG(s) 'latest_only_with_trigger' retrieved from /home/airflow/.local/lib/python3.12/site-packages/airflow/example_dags/example_latest_only_with_trigger.py
[2024-12-06T21:47:46.918+0000] {logging_mixin.py:190} INFO - [2024-12-06T21:47:46.918+0000] {dag.py:3239} INFO - Sync 1 DAGs
[2024-12-06T21:47:46.959+0000] {logging_mixin.py:190} INFO - [2024-12-06T21:47:46.959+0000] {dag.py:4180} INFO - Setting next_dagrun for latest_only_with_trigger to 2024-12-06 16:00:00+00:00, run_after=2024-12-06 20:00:00+00:00
[2024-12-06T21:47:46.999+0000] {processor.py:208} INFO - Processing /home/airflow/.local/lib/python3.12/site-packages/airflow/example_dags/example_latest_only_with_trigger.py took 0.141 seconds
[2024-12-06T21:48:18.016+0000] {processor.py:186} INFO - Started process (PID=1020) to work on /home/airflow/.local/lib/python3.12/site-packages/airflow/example_dags/example_latest_only_with_trigger.py
[2024-12-06T21:48:18.019+0000] {processor.py:914} INFO - Processing file /home/airflow/.local/lib/python3.12/site-packages/airflow/example_dags/example_latest_only_with_trigger.py for tasks to queue
[2024-12-06T21:48:18.023+0000] {logging_mixin.py:190} INFO - [2024-12-06T21:48:18.022+0000] {dagbag.py:588} INFO - Filling up the DagBag from /home/airflow/.local/lib/python3.12/site-packages/airflow/example_dags/example_latest_only_with_trigger.py
[2024-12-06T21:48:18.036+0000] {processor.py:925} INFO - DAG(s) 'latest_only_with_trigger' retrieved from /home/airflow/.local/lib/python3.12/site-packages/airflow/example_dags/example_latest_only_with_trigger.py
[2024-12-06T21:48:18.070+0000] {logging_mixin.py:190} INFO - [2024-12-06T21:48:18.070+0000] {dag.py:3239} INFO - Sync 1 DAGs
[2024-12-06T21:48:18.111+0000] {logging_mixin.py:190} INFO - [2024-12-06T21:48:18.110+0000] {dag.py:4180} INFO - Setting next_dagrun for latest_only_with_trigger to 2024-12-06 16:00:00+00:00, run_after=2024-12-06 20:00:00+00:00
[2024-12-06T21:48:18.143+0000] {processor.py:208} INFO - Processing /home/airflow/.local/lib/python3.12/site-packages/airflow/example_dags/example_latest_only_with_trigger.py took 0.136 seconds
[2024-12-06T21:48:49.356+0000] {processor.py:186} INFO - Started process (PID=1083) to work on /home/airflow/.local/lib/python3.12/site-packages/airflow/example_dags/example_latest_only_with_trigger.py
[2024-12-06T21:48:49.359+0000] {processor.py:914} INFO - Processing file /home/airflow/.local/lib/python3.12/site-packages/airflow/example_dags/example_latest_only_with_trigger.py for tasks to queue
[2024-12-06T21:48:49.363+0000] {logging_mixin.py:190} INFO - [2024-12-06T21:48:49.362+0000] {dagbag.py:588} INFO - Filling up the DagBag from /home/airflow/.local/lib/python3.12/site-packages/airflow/example_dags/example_latest_only_with_trigger.py
[2024-12-06T21:48:49.375+0000] {processor.py:925} INFO - DAG(s) 'latest_only_with_trigger' retrieved from /home/airflow/.local/lib/python3.12/site-packages/airflow/example_dags/example_latest_only_with_trigger.py
[2024-12-06T21:48:49.407+0000] {logging_mixin.py:190} INFO - [2024-12-06T21:48:49.407+0000] {dag.py:3239} INFO - Sync 1 DAGs
[2024-12-06T21:48:49.448+0000] {logging_mixin.py:190} INFO - [2024-12-06T21:48:49.448+0000] {dag.py:4180} INFO - Setting next_dagrun for latest_only_with_trigger to 2024-12-06 16:00:00+00:00, run_after=2024-12-06 20:00:00+00:00
[2024-12-06T21:48:49.477+0000] {processor.py:208} INFO - Processing /home/airflow/.local/lib/python3.12/site-packages/airflow/example_dags/example_latest_only_with_trigger.py took 0.131 seconds
[2024-12-06T21:49:21.508+0000] {processor.py:186} INFO - Started process (PID=1146) to work on /home/airflow/.local/lib/python3.12/site-packages/airflow/example_dags/example_latest_only_with_trigger.py
[2024-12-06T21:49:21.510+0000] {processor.py:914} INFO - Processing file /home/airflow/.local/lib/python3.12/site-packages/airflow/example_dags/example_latest_only_with_trigger.py for tasks to queue
[2024-12-06T21:49:21.514+0000] {logging_mixin.py:190} INFO - [2024-12-06T21:49:21.513+0000] {dagbag.py:588} INFO - Filling up the DagBag from /home/airflow/.local/lib/python3.12/site-packages/airflow/example_dags/example_latest_only_with_trigger.py
[2024-12-06T21:49:21.527+0000] {processor.py:925} INFO - DAG(s) 'latest_only_with_trigger' retrieved from /home/airflow/.local/lib/python3.12/site-packages/airflow/example_dags/example_latest_only_with_trigger.py
[2024-12-06T21:49:21.563+0000] {logging_mixin.py:190} INFO - [2024-12-06T21:49:21.563+0000] {dag.py:3239} INFO - Sync 1 DAGs
[2024-12-06T21:49:21.609+0000] {logging_mixin.py:190} INFO - [2024-12-06T21:49:21.608+0000] {dag.py:4180} INFO - Setting next_dagrun for latest_only_with_trigger to 2024-12-06 16:00:00+00:00, run_after=2024-12-06 20:00:00+00:00
[2024-12-06T21:49:21.640+0000] {processor.py:208} INFO - Processing /home/airflow/.local/lib/python3.12/site-packages/airflow/example_dags/example_latest_only_with_trigger.py took 0.143 seconds
[2024-12-06T21:49:52.596+0000] {processor.py:186} INFO - Started process (PID=1209) to work on /home/airflow/.local/lib/python3.12/site-packages/airflow/example_dags/example_latest_only_with_trigger.py
[2024-12-06T21:49:52.598+0000] {processor.py:914} INFO - Processing file /home/airflow/.local/lib/python3.12/site-packages/airflow/example_dags/example_latest_only_with_trigger.py for tasks to queue
[2024-12-06T21:49:52.604+0000] {logging_mixin.py:190} INFO - [2024-12-06T21:49:52.603+0000] {dagbag.py:588} INFO - Filling up the DagBag from /home/airflow/.local/lib/python3.12/site-packages/airflow/example_dags/example_latest_only_with_trigger.py
[2024-12-06T21:49:52.622+0000] {processor.py:925} INFO - DAG(s) 'latest_only_with_trigger' retrieved from /home/airflow/.local/lib/python3.12/site-packages/airflow/example_dags/example_latest_only_with_trigger.py
[2024-12-06T21:49:52.655+0000] {logging_mixin.py:190} INFO - [2024-12-06T21:49:52.655+0000] {dag.py:3239} INFO - Sync 1 DAGs
[2024-12-06T21:49:52.695+0000] {logging_mixin.py:190} INFO - [2024-12-06T21:49:52.695+0000] {dag.py:4180} INFO - Setting next_dagrun for latest_only_with_trigger to 2024-12-06 16:00:00+00:00, run_after=2024-12-06 20:00:00+00:00
[2024-12-06T21:49:52.723+0000] {processor.py:208} INFO - Processing /home/airflow/.local/lib/python3.12/site-packages/airflow/example_dags/example_latest_only_with_trigger.py took 0.139 seconds
[2024-12-06T21:50:24.716+0000] {processor.py:186} INFO - Started process (PID=1272) to work on /home/airflow/.local/lib/python3.12/site-packages/airflow/example_dags/example_latest_only_with_trigger.py
[2024-12-06T21:50:24.718+0000] {processor.py:914} INFO - Processing file /home/airflow/.local/lib/python3.12/site-packages/airflow/example_dags/example_latest_only_with_trigger.py for tasks to queue
[2024-12-06T21:50:24.722+0000] {logging_mixin.py:190} INFO - [2024-12-06T21:50:24.721+0000] {dagbag.py:588} INFO - Filling up the DagBag from /home/airflow/.local/lib/python3.12/site-packages/airflow/example_dags/example_latest_only_with_trigger.py
[2024-12-06T21:50:24.736+0000] {processor.py:925} INFO - DAG(s) 'latest_only_with_trigger' retrieved from /home/airflow/.local/lib/python3.12/site-packages/airflow/example_dags/example_latest_only_with_trigger.py
[2024-12-06T21:50:24.773+0000] {logging_mixin.py:190} INFO - [2024-12-06T21:50:24.772+0000] {dag.py:3239} INFO - Sync 1 DAGs
[2024-12-06T21:50:24.816+0000] {logging_mixin.py:190} INFO - [2024-12-06T21:50:24.816+0000] {dag.py:4180} INFO - Setting next_dagrun for latest_only_with_trigger to 2024-12-06 16:00:00+00:00, run_after=2024-12-06 20:00:00+00:00
[2024-12-06T21:50:24.847+0000] {processor.py:208} INFO - Processing /home/airflow/.local/lib/python3.12/site-packages/airflow/example_dags/example_latest_only_with_trigger.py took 0.143 seconds
[2024-12-06T21:50:56.643+0000] {processor.py:186} INFO - Started process (PID=1335) to work on /home/airflow/.local/lib/python3.12/site-packages/airflow/example_dags/example_latest_only_with_trigger.py
[2024-12-06T21:50:56.644+0000] {processor.py:914} INFO - Processing file /home/airflow/.local/lib/python3.12/site-packages/airflow/example_dags/example_latest_only_with_trigger.py for tasks to queue
[2024-12-06T21:50:56.652+0000] {logging_mixin.py:190} INFO - [2024-12-06T21:50:56.651+0000] {dagbag.py:588} INFO - Filling up the DagBag from /home/airflow/.local/lib/python3.12/site-packages/airflow/example_dags/example_latest_only_with_trigger.py
[2024-12-06T21:50:56.671+0000] {processor.py:925} INFO - DAG(s) 'latest_only_with_trigger' retrieved from /home/airflow/.local/lib/python3.12/site-packages/airflow/example_dags/example_latest_only_with_trigger.py
[2024-12-06T21:50:56.720+0000] {logging_mixin.py:190} INFO - [2024-12-06T21:50:56.719+0000] {dag.py:3239} INFO - Sync 1 DAGs
[2024-12-06T21:50:56.784+0000] {logging_mixin.py:190} INFO - [2024-12-06T21:50:56.783+0000] {dag.py:4180} INFO - Setting next_dagrun for latest_only_with_trigger to 2024-12-06 16:00:00+00:00, run_after=2024-12-06 20:00:00+00:00
[2024-12-06T21:50:56.824+0000] {processor.py:208} INFO - Processing /home/airflow/.local/lib/python3.12/site-packages/airflow/example_dags/example_latest_only_with_trigger.py took 0.193 seconds
[2024-12-06T21:51:28.191+0000] {processor.py:186} INFO - Started process (PID=1398) to work on /home/airflow/.local/lib/python3.12/site-packages/airflow/example_dags/example_latest_only_with_trigger.py
[2024-12-06T21:51:28.192+0000] {processor.py:914} INFO - Processing file /home/airflow/.local/lib/python3.12/site-packages/airflow/example_dags/example_latest_only_with_trigger.py for tasks to queue
[2024-12-06T21:51:28.196+0000] {logging_mixin.py:190} INFO - [2024-12-06T21:51:28.195+0000] {dagbag.py:588} INFO - Filling up the DagBag from /home/airflow/.local/lib/python3.12/site-packages/airflow/example_dags/example_latest_only_with_trigger.py
[2024-12-06T21:51:28.211+0000] {processor.py:925} INFO - DAG(s) 'latest_only_with_trigger' retrieved from /home/airflow/.local/lib/python3.12/site-packages/airflow/example_dags/example_latest_only_with_trigger.py
[2024-12-06T21:51:28.248+0000] {logging_mixin.py:190} INFO - [2024-12-06T21:51:28.248+0000] {dag.py:3239} INFO - Sync 1 DAGs
[2024-12-06T21:51:28.295+0000] {logging_mixin.py:190} INFO - [2024-12-06T21:51:28.294+0000] {dag.py:4180} INFO - Setting next_dagrun for latest_only_with_trigger to 2024-12-06 16:00:00+00:00, run_after=2024-12-06 20:00:00+00:00
[2024-12-06T21:51:28.324+0000] {processor.py:208} INFO - Processing /home/airflow/.local/lib/python3.12/site-packages/airflow/example_dags/example_latest_only_with_trigger.py took 0.145 seconds
[2024-12-06T21:51:58.831+0000] {processor.py:186} INFO - Started process (PID=1461) to work on /home/airflow/.local/lib/python3.12/site-packages/airflow/example_dags/example_latest_only_with_trigger.py
[2024-12-06T21:51:58.833+0000] {processor.py:914} INFO - Processing file /home/airflow/.local/lib/python3.12/site-packages/airflow/example_dags/example_latest_only_with_trigger.py for tasks to queue
[2024-12-06T21:51:58.838+0000] {logging_mixin.py:190} INFO - [2024-12-06T21:51:58.837+0000] {dagbag.py:588} INFO - Filling up the DagBag from /home/airflow/.local/lib/python3.12/site-packages/airflow/example_dags/example_latest_only_with_trigger.py
[2024-12-06T21:51:58.851+0000] {processor.py:925} INFO - DAG(s) 'latest_only_with_trigger' retrieved from /home/airflow/.local/lib/python3.12/site-packages/airflow/example_dags/example_latest_only_with_trigger.py
[2024-12-06T21:51:58.888+0000] {logging_mixin.py:190} INFO - [2024-12-06T21:51:58.888+0000] {dag.py:3239} INFO - Sync 1 DAGs
[2024-12-06T21:51:58.931+0000] {logging_mixin.py:190} INFO - [2024-12-06T21:51:58.931+0000] {dag.py:4180} INFO - Setting next_dagrun for latest_only_with_trigger to 2024-12-06 16:00:00+00:00, run_after=2024-12-06 20:00:00+00:00
[2024-12-06T21:51:58.965+0000] {processor.py:208} INFO - Processing /home/airflow/.local/lib/python3.12/site-packages/airflow/example_dags/example_latest_only_with_trigger.py took 0.143 seconds
[2024-12-06T21:52:30.056+0000] {processor.py:186} INFO - Started process (PID=1524) to work on /home/airflow/.local/lib/python3.12/site-packages/airflow/example_dags/example_latest_only_with_trigger.py
[2024-12-06T21:52:30.059+0000] {processor.py:914} INFO - Processing file /home/airflow/.local/lib/python3.12/site-packages/airflow/example_dags/example_latest_only_with_trigger.py for tasks to queue
[2024-12-06T21:52:30.064+0000] {logging_mixin.py:190} INFO - [2024-12-06T21:52:30.063+0000] {dagbag.py:588} INFO - Filling up the DagBag from /home/airflow/.local/lib/python3.12/site-packages/airflow/example_dags/example_latest_only_with_trigger.py
[2024-12-06T21:52:30.077+0000] {processor.py:925} INFO - DAG(s) 'latest_only_with_trigger' retrieved from /home/airflow/.local/lib/python3.12/site-packages/airflow/example_dags/example_latest_only_with_trigger.py
[2024-12-06T21:52:30.110+0000] {logging_mixin.py:190} INFO - [2024-12-06T21:52:30.109+0000] {dag.py:3239} INFO - Sync 1 DAGs
[2024-12-06T21:52:30.147+0000] {logging_mixin.py:190} INFO - [2024-12-06T21:52:30.147+0000] {dag.py:4180} INFO - Setting next_dagrun for latest_only_with_trigger to 2024-12-06 16:00:00+00:00, run_after=2024-12-06 20:00:00+00:00
[2024-12-06T21:52:30.176+0000] {processor.py:208} INFO - Processing /home/airflow/.local/lib/python3.12/site-packages/airflow/example_dags/example_latest_only_with_trigger.py took 0.129 seconds
[2024-12-06T21:53:01.964+0000] {processor.py:186} INFO - Started process (PID=1587) to work on /home/airflow/.local/lib/python3.12/site-packages/airflow/example_dags/example_latest_only_with_trigger.py
[2024-12-06T21:53:01.966+0000] {processor.py:914} INFO - Processing file /home/airflow/.local/lib/python3.12/site-packages/airflow/example_dags/example_latest_only_with_trigger.py for tasks to queue
[2024-12-06T21:53:01.970+0000] {logging_mixin.py:190} INFO - [2024-12-06T21:53:01.969+0000] {dagbag.py:588} INFO - Filling up the DagBag from /home/airflow/.local/lib/python3.12/site-packages/airflow/example_dags/example_latest_only_with_trigger.py
[2024-12-06T21:53:01.983+0000] {processor.py:925} INFO - DAG(s) 'latest_only_with_trigger' retrieved from /home/airflow/.local/lib/python3.12/site-packages/airflow/example_dags/example_latest_only_with_trigger.py
[2024-12-06T21:53:02.018+0000] {logging_mixin.py:190} INFO - [2024-12-06T21:53:02.018+0000] {dag.py:3239} INFO - Sync 1 DAGs
[2024-12-06T21:53:02.060+0000] {logging_mixin.py:190} INFO - [2024-12-06T21:53:02.060+0000] {dag.py:4180} INFO - Setting next_dagrun for latest_only_with_trigger to 2024-12-06 16:00:00+00:00, run_after=2024-12-06 20:00:00+00:00
[2024-12-06T21:53:02.091+0000] {processor.py:208} INFO - Processing /home/airflow/.local/lib/python3.12/site-packages/airflow/example_dags/example_latest_only_with_trigger.py took 0.137 seconds
[2024-12-06T21:53:32.993+0000] {processor.py:186} INFO - Started process (PID=1650) to work on /home/airflow/.local/lib/python3.12/site-packages/airflow/example_dags/example_latest_only_with_trigger.py
[2024-12-06T21:53:32.995+0000] {processor.py:914} INFO - Processing file /home/airflow/.local/lib/python3.12/site-packages/airflow/example_dags/example_latest_only_with_trigger.py for tasks to queue
[2024-12-06T21:53:33.000+0000] {logging_mixin.py:190} INFO - [2024-12-06T21:53:32.999+0000] {dagbag.py:588} INFO - Filling up the DagBag from /home/airflow/.local/lib/python3.12/site-packages/airflow/example_dags/example_latest_only_with_trigger.py
[2024-12-06T21:53:33.012+0000] {processor.py:925} INFO - DAG(s) 'latest_only_with_trigger' retrieved from /home/airflow/.local/lib/python3.12/site-packages/airflow/example_dags/example_latest_only_with_trigger.py
[2024-12-06T21:53:33.044+0000] {logging_mixin.py:190} INFO - [2024-12-06T21:53:33.043+0000] {dag.py:3239} INFO - Sync 1 DAGs
[2024-12-06T21:53:33.079+0000] {logging_mixin.py:190} INFO - [2024-12-06T21:53:33.078+0000] {dag.py:4180} INFO - Setting next_dagrun for latest_only_with_trigger to 2024-12-06 16:00:00+00:00, run_after=2024-12-06 20:00:00+00:00
[2024-12-06T21:53:33.107+0000] {processor.py:208} INFO - Processing /home/airflow/.local/lib/python3.12/site-packages/airflow/example_dags/example_latest_only_with_trigger.py took 0.123 seconds
[2024-12-06T21:54:04.849+0000] {processor.py:186} INFO - Started process (PID=1714) to work on /home/airflow/.local/lib/python3.12/site-packages/airflow/example_dags/example_latest_only_with_trigger.py
[2024-12-06T21:54:04.852+0000] {processor.py:914} INFO - Processing file /home/airflow/.local/lib/python3.12/site-packages/airflow/example_dags/example_latest_only_with_trigger.py for tasks to queue
[2024-12-06T21:54:04.856+0000] {logging_mixin.py:190} INFO - [2024-12-06T21:54:04.856+0000] {dagbag.py:588} INFO - Filling up the DagBag from /home/airflow/.local/lib/python3.12/site-packages/airflow/example_dags/example_latest_only_with_trigger.py
[2024-12-06T21:54:04.870+0000] {processor.py:925} INFO - DAG(s) 'latest_only_with_trigger' retrieved from /home/airflow/.local/lib/python3.12/site-packages/airflow/example_dags/example_latest_only_with_trigger.py
[2024-12-06T21:54:04.906+0000] {logging_mixin.py:190} INFO - [2024-12-06T21:54:04.906+0000] {dag.py:3239} INFO - Sync 1 DAGs
[2024-12-06T21:54:04.945+0000] {logging_mixin.py:190} INFO - [2024-12-06T21:54:04.945+0000] {dag.py:4180} INFO - Setting next_dagrun for latest_only_with_trigger to 2024-12-06 16:00:00+00:00, run_after=2024-12-06 20:00:00+00:00
[2024-12-06T21:54:04.976+0000] {processor.py:208} INFO - Processing /home/airflow/.local/lib/python3.12/site-packages/airflow/example_dags/example_latest_only_with_trigger.py took 0.137 seconds
[2024-12-06T21:54:37.069+0000] {processor.py:186} INFO - Started process (PID=1779) to work on /home/airflow/.local/lib/python3.12/site-packages/airflow/example_dags/example_latest_only_with_trigger.py
[2024-12-06T21:54:37.072+0000] {processor.py:914} INFO - Processing file /home/airflow/.local/lib/python3.12/site-packages/airflow/example_dags/example_latest_only_with_trigger.py for tasks to queue
[2024-12-06T21:54:37.076+0000] {logging_mixin.py:190} INFO - [2024-12-06T21:54:37.076+0000] {dagbag.py:588} INFO - Filling up the DagBag from /home/airflow/.local/lib/python3.12/site-packages/airflow/example_dags/example_latest_only_with_trigger.py
[2024-12-06T21:54:37.092+0000] {processor.py:925} INFO - DAG(s) 'latest_only_with_trigger' retrieved from /home/airflow/.local/lib/python3.12/site-packages/airflow/example_dags/example_latest_only_with_trigger.py
[2024-12-06T21:54:37.128+0000] {logging_mixin.py:190} INFO - [2024-12-06T21:54:37.128+0000] {dag.py:3239} INFO - Sync 1 DAGs
[2024-12-06T21:54:37.171+0000] {logging_mixin.py:190} INFO - [2024-12-06T21:54:37.170+0000] {dag.py:4180} INFO - Setting next_dagrun for latest_only_with_trigger to 2024-12-06 16:00:00+00:00, run_after=2024-12-06 20:00:00+00:00
[2024-12-06T21:54:37.206+0000] {processor.py:208} INFO - Processing /home/airflow/.local/lib/python3.12/site-packages/airflow/example_dags/example_latest_only_with_trigger.py took 0.148 seconds
[2024-12-06T21:55:08.283+0000] {processor.py:186} INFO - Started process (PID=1844) to work on /home/airflow/.local/lib/python3.12/site-packages/airflow/example_dags/example_latest_only_with_trigger.py
[2024-12-06T21:55:08.285+0000] {processor.py:914} INFO - Processing file /home/airflow/.local/lib/python3.12/site-packages/airflow/example_dags/example_latest_only_with_trigger.py for tasks to queue
[2024-12-06T21:55:08.290+0000] {logging_mixin.py:190} INFO - [2024-12-06T21:55:08.289+0000] {dagbag.py:588} INFO - Filling up the DagBag from /home/airflow/.local/lib/python3.12/site-packages/airflow/example_dags/example_latest_only_with_trigger.py
[2024-12-06T21:55:08.303+0000] {processor.py:925} INFO - DAG(s) 'latest_only_with_trigger' retrieved from /home/airflow/.local/lib/python3.12/site-packages/airflow/example_dags/example_latest_only_with_trigger.py
[2024-12-06T21:55:08.338+0000] {logging_mixin.py:190} INFO - [2024-12-06T21:55:08.337+0000] {dag.py:3239} INFO - Sync 1 DAGs
[2024-12-06T21:55:08.377+0000] {logging_mixin.py:190} INFO - [2024-12-06T21:55:08.377+0000] {dag.py:4180} INFO - Setting next_dagrun for latest_only_with_trigger to 2024-12-06 16:00:00+00:00, run_after=2024-12-06 20:00:00+00:00
[2024-12-06T21:55:08.404+0000] {processor.py:208} INFO - Processing /home/airflow/.local/lib/python3.12/site-packages/airflow/example_dags/example_latest_only_with_trigger.py took 0.131 seconds
[2024-12-06T21:55:40.657+0000] {processor.py:186} INFO - Started process (PID=1907) to work on /home/airflow/.local/lib/python3.12/site-packages/airflow/example_dags/example_latest_only_with_trigger.py
[2024-12-06T21:55:40.660+0000] {processor.py:914} INFO - Processing file /home/airflow/.local/lib/python3.12/site-packages/airflow/example_dags/example_latest_only_with_trigger.py for tasks to queue
[2024-12-06T21:55:40.665+0000] {logging_mixin.py:190} INFO - [2024-12-06T21:55:40.664+0000] {dagbag.py:588} INFO - Filling up the DagBag from /home/airflow/.local/lib/python3.12/site-packages/airflow/example_dags/example_latest_only_with_trigger.py
[2024-12-06T21:55:40.681+0000] {processor.py:925} INFO - DAG(s) 'latest_only_with_trigger' retrieved from /home/airflow/.local/lib/python3.12/site-packages/airflow/example_dags/example_latest_only_with_trigger.py
[2024-12-06T21:55:40.718+0000] {logging_mixin.py:190} INFO - [2024-12-06T21:55:40.718+0000] {dag.py:3239} INFO - Sync 1 DAGs
[2024-12-06T21:55:40.753+0000] {logging_mixin.py:190} INFO - [2024-12-06T21:55:40.753+0000] {dag.py:4180} INFO - Setting next_dagrun for latest_only_with_trigger to 2024-12-06 16:00:00+00:00, run_after=2024-12-06 20:00:00+00:00
[2024-12-06T21:55:40.781+0000] {processor.py:208} INFO - Processing /home/airflow/.local/lib/python3.12/site-packages/airflow/example_dags/example_latest_only_with_trigger.py took 0.134 seconds
[2024-12-06T21:56:12.332+0000] {processor.py:186} INFO - Started process (PID=1969) to work on /home/airflow/.local/lib/python3.12/site-packages/airflow/example_dags/example_latest_only_with_trigger.py
[2024-12-06T21:56:12.333+0000] {processor.py:914} INFO - Processing file /home/airflow/.local/lib/python3.12/site-packages/airflow/example_dags/example_latest_only_with_trigger.py for tasks to queue
[2024-12-06T21:56:12.337+0000] {logging_mixin.py:190} INFO - [2024-12-06T21:56:12.336+0000] {dagbag.py:588} INFO - Filling up the DagBag from /home/airflow/.local/lib/python3.12/site-packages/airflow/example_dags/example_latest_only_with_trigger.py
[2024-12-06T21:56:12.349+0000] {processor.py:925} INFO - DAG(s) 'latest_only_with_trigger' retrieved from /home/airflow/.local/lib/python3.12/site-packages/airflow/example_dags/example_latest_only_with_trigger.py
[2024-12-06T21:56:12.380+0000] {logging_mixin.py:190} INFO - [2024-12-06T21:56:12.379+0000] {dag.py:3239} INFO - Sync 1 DAGs
[2024-12-06T21:56:12.415+0000] {logging_mixin.py:190} INFO - [2024-12-06T21:56:12.414+0000] {dag.py:4180} INFO - Setting next_dagrun for latest_only_with_trigger to 2024-12-06 16:00:00+00:00, run_after=2024-12-06 20:00:00+00:00
[2024-12-06T21:56:12.441+0000] {processor.py:208} INFO - Processing /home/airflow/.local/lib/python3.12/site-packages/airflow/example_dags/example_latest_only_with_trigger.py took 0.120 seconds
[2024-12-06T21:56:42.993+0000] {processor.py:186} INFO - Started process (PID=2033) to work on /home/airflow/.local/lib/python3.12/site-packages/airflow/example_dags/example_latest_only_with_trigger.py
[2024-12-06T21:56:42.995+0000] {processor.py:914} INFO - Processing file /home/airflow/.local/lib/python3.12/site-packages/airflow/example_dags/example_latest_only_with_trigger.py for tasks to queue
[2024-12-06T21:56:42.999+0000] {logging_mixin.py:190} INFO - [2024-12-06T21:56:42.997+0000] {dagbag.py:588} INFO - Filling up the DagBag from /home/airflow/.local/lib/python3.12/site-packages/airflow/example_dags/example_latest_only_with_trigger.py
[2024-12-06T21:56:43.010+0000] {processor.py:925} INFO - DAG(s) 'latest_only_with_trigger' retrieved from /home/airflow/.local/lib/python3.12/site-packages/airflow/example_dags/example_latest_only_with_trigger.py
[2024-12-06T21:56:43.042+0000] {logging_mixin.py:190} INFO - [2024-12-06T21:56:43.042+0000] {dag.py:3239} INFO - Sync 1 DAGs
[2024-12-06T21:56:43.084+0000] {logging_mixin.py:190} INFO - [2024-12-06T21:56:43.084+0000] {dag.py:4180} INFO - Setting next_dagrun for latest_only_with_trigger to 2024-12-06 16:00:00+00:00, run_after=2024-12-06 20:00:00+00:00
[2024-12-06T21:56:43.113+0000] {processor.py:208} INFO - Processing /home/airflow/.local/lib/python3.12/site-packages/airflow/example_dags/example_latest_only_with_trigger.py took 0.130 seconds
[2024-12-06T21:57:14.240+0000] {processor.py:186} INFO - Started process (PID=2096) to work on /home/airflow/.local/lib/python3.12/site-packages/airflow/example_dags/example_latest_only_with_trigger.py
[2024-12-06T21:57:14.242+0000] {processor.py:914} INFO - Processing file /home/airflow/.local/lib/python3.12/site-packages/airflow/example_dags/example_latest_only_with_trigger.py for tasks to queue
[2024-12-06T21:57:14.245+0000] {logging_mixin.py:190} INFO - [2024-12-06T21:57:14.245+0000] {dagbag.py:588} INFO - Filling up the DagBag from /home/airflow/.local/lib/python3.12/site-packages/airflow/example_dags/example_latest_only_with_trigger.py
[2024-12-06T21:57:14.257+0000] {processor.py:925} INFO - DAG(s) 'latest_only_with_trigger' retrieved from /home/airflow/.local/lib/python3.12/site-packages/airflow/example_dags/example_latest_only_with_trigger.py
[2024-12-06T21:57:14.294+0000] {logging_mixin.py:190} INFO - [2024-12-06T21:57:14.293+0000] {dag.py:3239} INFO - Sync 1 DAGs
[2024-12-06T21:57:14.335+0000] {logging_mixin.py:190} INFO - [2024-12-06T21:57:14.335+0000] {dag.py:4180} INFO - Setting next_dagrun for latest_only_with_trigger to 2024-12-06 16:00:00+00:00, run_after=2024-12-06 20:00:00+00:00
[2024-12-06T21:57:14.366+0000] {processor.py:208} INFO - Processing /home/airflow/.local/lib/python3.12/site-packages/airflow/example_dags/example_latest_only_with_trigger.py took 0.135 seconds
[2024-12-06T21:57:45.294+0000] {processor.py:186} INFO - Started process (PID=2158) to work on /home/airflow/.local/lib/python3.12/site-packages/airflow/example_dags/example_latest_only_with_trigger.py
[2024-12-06T21:57:45.296+0000] {processor.py:914} INFO - Processing file /home/airflow/.local/lib/python3.12/site-packages/airflow/example_dags/example_latest_only_with_trigger.py for tasks to queue
[2024-12-06T21:57:45.299+0000] {logging_mixin.py:190} INFO - [2024-12-06T21:57:45.299+0000] {dagbag.py:588} INFO - Filling up the DagBag from /home/airflow/.local/lib/python3.12/site-packages/airflow/example_dags/example_latest_only_with_trigger.py
[2024-12-06T21:57:45.314+0000] {processor.py:925} INFO - DAG(s) 'latest_only_with_trigger' retrieved from /home/airflow/.local/lib/python3.12/site-packages/airflow/example_dags/example_latest_only_with_trigger.py
[2024-12-06T21:57:45.347+0000] {logging_mixin.py:190} INFO - [2024-12-06T21:57:45.347+0000] {dag.py:3239} INFO - Sync 1 DAGs
[2024-12-06T21:57:45.387+0000] {logging_mixin.py:190} INFO - [2024-12-06T21:57:45.387+0000] {dag.py:4180} INFO - Setting next_dagrun for latest_only_with_trigger to 2024-12-06 16:00:00+00:00, run_after=2024-12-06 20:00:00+00:00
[2024-12-06T21:57:45.418+0000] {processor.py:208} INFO - Processing /home/airflow/.local/lib/python3.12/site-packages/airflow/example_dags/example_latest_only_with_trigger.py took 0.134 seconds
[2024-12-06T21:58:16.866+0000] {processor.py:186} INFO - Started process (PID=2222) to work on /home/airflow/.local/lib/python3.12/site-packages/airflow/example_dags/example_latest_only_with_trigger.py
[2024-12-06T21:58:16.867+0000] {processor.py:914} INFO - Processing file /home/airflow/.local/lib/python3.12/site-packages/airflow/example_dags/example_latest_only_with_trigger.py for tasks to queue
[2024-12-06T21:58:16.870+0000] {logging_mixin.py:190} INFO - [2024-12-06T21:58:16.870+0000] {dagbag.py:588} INFO - Filling up the DagBag from /home/airflow/.local/lib/python3.12/site-packages/airflow/example_dags/example_latest_only_with_trigger.py
[2024-12-06T21:58:16.884+0000] {processor.py:925} INFO - DAG(s) 'latest_only_with_trigger' retrieved from /home/airflow/.local/lib/python3.12/site-packages/airflow/example_dags/example_latest_only_with_trigger.py
[2024-12-06T21:58:16.915+0000] {logging_mixin.py:190} INFO - [2024-12-06T21:58:16.915+0000] {dag.py:3239} INFO - Sync 1 DAGs
[2024-12-06T21:58:16.950+0000] {logging_mixin.py:190} INFO - [2024-12-06T21:58:16.950+0000] {dag.py:4180} INFO - Setting next_dagrun for latest_only_with_trigger to 2024-12-06 16:00:00+00:00, run_after=2024-12-06 20:00:00+00:00
[2024-12-06T21:58:16.978+0000] {processor.py:208} INFO - Processing /home/airflow/.local/lib/python3.12/site-packages/airflow/example_dags/example_latest_only_with_trigger.py took 0.122 seconds
[2024-12-06T21:58:48.678+0000] {processor.py:186} INFO - Started process (PID=2290) to work on /home/airflow/.local/lib/python3.12/site-packages/airflow/example_dags/example_latest_only_with_trigger.py
[2024-12-06T21:58:48.681+0000] {processor.py:914} INFO - Processing file /home/airflow/.local/lib/python3.12/site-packages/airflow/example_dags/example_latest_only_with_trigger.py for tasks to queue
[2024-12-06T21:58:48.685+0000] {logging_mixin.py:190} INFO - [2024-12-06T21:58:48.685+0000] {dagbag.py:588} INFO - Filling up the DagBag from /home/airflow/.local/lib/python3.12/site-packages/airflow/example_dags/example_latest_only_with_trigger.py
[2024-12-06T21:58:48.698+0000] {processor.py:925} INFO - DAG(s) 'latest_only_with_trigger' retrieved from /home/airflow/.local/lib/python3.12/site-packages/airflow/example_dags/example_latest_only_with_trigger.py
[2024-12-06T21:58:48.728+0000] {logging_mixin.py:190} INFO - [2024-12-06T21:58:48.728+0000] {dag.py:3239} INFO - Sync 1 DAGs
[2024-12-06T21:58:48.768+0000] {logging_mixin.py:190} INFO - [2024-12-06T21:58:48.768+0000] {dag.py:4180} INFO - Setting next_dagrun for latest_only_with_trigger to 2024-12-06 16:00:00+00:00, run_after=2024-12-06 20:00:00+00:00
[2024-12-06T21:58:48.794+0000] {processor.py:208} INFO - Processing /home/airflow/.local/lib/python3.12/site-packages/airflow/example_dags/example_latest_only_with_trigger.py took 0.125 seconds
[2024-12-06T21:59:20.139+0000] {processor.py:186} INFO - Started process (PID=2353) to work on /home/airflow/.local/lib/python3.12/site-packages/airflow/example_dags/example_latest_only_with_trigger.py
[2024-12-06T21:59:20.141+0000] {processor.py:914} INFO - Processing file /home/airflow/.local/lib/python3.12/site-packages/airflow/example_dags/example_latest_only_with_trigger.py for tasks to queue
[2024-12-06T21:59:20.145+0000] {logging_mixin.py:190} INFO - [2024-12-06T21:59:20.145+0000] {dagbag.py:588} INFO - Filling up the DagBag from /home/airflow/.local/lib/python3.12/site-packages/airflow/example_dags/example_latest_only_with_trigger.py
[2024-12-06T21:59:20.159+0000] {processor.py:925} INFO - DAG(s) 'latest_only_with_trigger' retrieved from /home/airflow/.local/lib/python3.12/site-packages/airflow/example_dags/example_latest_only_with_trigger.py
[2024-12-06T21:59:20.195+0000] {logging_mixin.py:190} INFO - [2024-12-06T21:59:20.194+0000] {dag.py:3239} INFO - Sync 1 DAGs
[2024-12-06T21:59:20.232+0000] {logging_mixin.py:190} INFO - [2024-12-06T21:59:20.232+0000] {dag.py:4180} INFO - Setting next_dagrun for latest_only_with_trigger to 2024-12-06 16:00:00+00:00, run_after=2024-12-06 20:00:00+00:00
[2024-12-06T21:59:20.261+0000] {processor.py:208} INFO - Processing /home/airflow/.local/lib/python3.12/site-packages/airflow/example_dags/example_latest_only_with_trigger.py took 0.134 seconds
[2024-12-06T21:59:52.776+0000] {processor.py:186} INFO - Started process (PID=2416) to work on /home/airflow/.local/lib/python3.12/site-packages/airflow/example_dags/example_latest_only_with_trigger.py
[2024-12-06T21:59:52.778+0000] {processor.py:914} INFO - Processing file /home/airflow/.local/lib/python3.12/site-packages/airflow/example_dags/example_latest_only_with_trigger.py for tasks to queue
[2024-12-06T21:59:52.782+0000] {logging_mixin.py:190} INFO - [2024-12-06T21:59:52.781+0000] {dagbag.py:588} INFO - Filling up the DagBag from /home/airflow/.local/lib/python3.12/site-packages/airflow/example_dags/example_latest_only_with_trigger.py
[2024-12-06T21:59:52.797+0000] {processor.py:925} INFO - DAG(s) 'latest_only_with_trigger' retrieved from /home/airflow/.local/lib/python3.12/site-packages/airflow/example_dags/example_latest_only_with_trigger.py
[2024-12-06T21:59:52.835+0000] {logging_mixin.py:190} INFO - [2024-12-06T21:59:52.834+0000] {dag.py:3239} INFO - Sync 1 DAGs
[2024-12-06T21:59:52.879+0000] {logging_mixin.py:190} INFO - [2024-12-06T21:59:52.879+0000] {dag.py:4180} INFO - Setting next_dagrun for latest_only_with_trigger to 2024-12-06 16:00:00+00:00, run_after=2024-12-06 20:00:00+00:00
[2024-12-06T21:59:52.915+0000] {processor.py:208} INFO - Processing /home/airflow/.local/lib/python3.12/site-packages/airflow/example_dags/example_latest_only_with_trigger.py took 0.151 seconds
[2024-12-06T22:00:25.297+0000] {processor.py:186} INFO - Started process (PID=2479) to work on /home/airflow/.local/lib/python3.12/site-packages/airflow/example_dags/example_latest_only_with_trigger.py
[2024-12-06T22:00:25.299+0000] {processor.py:914} INFO - Processing file /home/airflow/.local/lib/python3.12/site-packages/airflow/example_dags/example_latest_only_with_trigger.py for tasks to queue
[2024-12-06T22:00:25.305+0000] {logging_mixin.py:190} INFO - [2024-12-06T22:00:25.305+0000] {dagbag.py:588} INFO - Filling up the DagBag from /home/airflow/.local/lib/python3.12/site-packages/airflow/example_dags/example_latest_only_with_trigger.py
[2024-12-06T22:00:25.324+0000] {processor.py:925} INFO - DAG(s) 'latest_only_with_trigger' retrieved from /home/airflow/.local/lib/python3.12/site-packages/airflow/example_dags/example_latest_only_with_trigger.py
[2024-12-06T22:00:25.360+0000] {logging_mixin.py:190} INFO - [2024-12-06T22:00:25.360+0000] {dag.py:3239} INFO - Sync 1 DAGs
[2024-12-06T22:00:25.401+0000] {logging_mixin.py:190} INFO - [2024-12-06T22:00:25.401+0000] {dag.py:4180} INFO - Setting next_dagrun for latest_only_with_trigger to 2024-12-06 16:00:00+00:00, run_after=2024-12-06 20:00:00+00:00
[2024-12-06T22:00:25.434+0000] {processor.py:208} INFO - Processing /home/airflow/.local/lib/python3.12/site-packages/airflow/example_dags/example_latest_only_with_trigger.py took 0.147 seconds
[2024-12-06T22:00:56.503+0000] {processor.py:186} INFO - Started process (PID=2542) to work on /home/airflow/.local/lib/python3.12/site-packages/airflow/example_dags/example_latest_only_with_trigger.py
[2024-12-06T22:00:56.505+0000] {processor.py:914} INFO - Processing file /home/airflow/.local/lib/python3.12/site-packages/airflow/example_dags/example_latest_only_with_trigger.py for tasks to queue
[2024-12-06T22:00:56.509+0000] {logging_mixin.py:190} INFO - [2024-12-06T22:00:56.509+0000] {dagbag.py:588} INFO - Filling up the DagBag from /home/airflow/.local/lib/python3.12/site-packages/airflow/example_dags/example_latest_only_with_trigger.py
[2024-12-06T22:00:56.520+0000] {processor.py:925} INFO - DAG(s) 'latest_only_with_trigger' retrieved from /home/airflow/.local/lib/python3.12/site-packages/airflow/example_dags/example_latest_only_with_trigger.py
[2024-12-06T22:00:56.550+0000] {logging_mixin.py:190} INFO - [2024-12-06T22:00:56.550+0000] {dag.py:3239} INFO - Sync 1 DAGs
[2024-12-06T22:00:56.585+0000] {logging_mixin.py:190} INFO - [2024-12-06T22:00:56.585+0000] {dag.py:4180} INFO - Setting next_dagrun for latest_only_with_trigger to 2024-12-06 16:00:00+00:00, run_after=2024-12-06 20:00:00+00:00
[2024-12-06T22:00:56.613+0000] {processor.py:208} INFO - Processing /home/airflow/.local/lib/python3.12/site-packages/airflow/example_dags/example_latest_only_with_trigger.py took 0.118 seconds
[2024-12-06T22:01:27.573+0000] {processor.py:186} INFO - Started process (PID=2604) to work on /home/airflow/.local/lib/python3.12/site-packages/airflow/example_dags/example_latest_only_with_trigger.py
[2024-12-06T22:01:27.575+0000] {processor.py:914} INFO - Processing file /home/airflow/.local/lib/python3.12/site-packages/airflow/example_dags/example_latest_only_with_trigger.py for tasks to queue
[2024-12-06T22:01:27.581+0000] {logging_mixin.py:190} INFO - [2024-12-06T22:01:27.580+0000] {dagbag.py:588} INFO - Filling up the DagBag from /home/airflow/.local/lib/python3.12/site-packages/airflow/example_dags/example_latest_only_with_trigger.py
[2024-12-06T22:01:27.597+0000] {processor.py:925} INFO - DAG(s) 'latest_only_with_trigger' retrieved from /home/airflow/.local/lib/python3.12/site-packages/airflow/example_dags/example_latest_only_with_trigger.py
[2024-12-06T22:01:27.632+0000] {logging_mixin.py:190} INFO - [2024-12-06T22:01:27.631+0000] {dag.py:3239} INFO - Sync 1 DAGs
[2024-12-06T22:01:27.668+0000] {logging_mixin.py:190} INFO - [2024-12-06T22:01:27.668+0000] {dag.py:4180} INFO - Setting next_dagrun for latest_only_with_trigger to 2024-12-06 16:00:00+00:00, run_after=2024-12-06 20:00:00+00:00
[2024-12-06T22:01:27.695+0000] {processor.py:208} INFO - Processing /home/airflow/.local/lib/python3.12/site-packages/airflow/example_dags/example_latest_only_with_trigger.py took 0.132 seconds
[2024-12-06T22:01:59.812+0000] {processor.py:186} INFO - Started process (PID=2668) to work on /home/airflow/.local/lib/python3.12/site-packages/airflow/example_dags/example_latest_only_with_trigger.py
[2024-12-06T22:01:59.814+0000] {processor.py:914} INFO - Processing file /home/airflow/.local/lib/python3.12/site-packages/airflow/example_dags/example_latest_only_with_trigger.py for tasks to queue
[2024-12-06T22:01:59.818+0000] {logging_mixin.py:190} INFO - [2024-12-06T22:01:59.817+0000] {dagbag.py:588} INFO - Filling up the DagBag from /home/airflow/.local/lib/python3.12/site-packages/airflow/example_dags/example_latest_only_with_trigger.py
[2024-12-06T22:01:59.830+0000] {processor.py:925} INFO - DAG(s) 'latest_only_with_trigger' retrieved from /home/airflow/.local/lib/python3.12/site-packages/airflow/example_dags/example_latest_only_with_trigger.py
[2024-12-06T22:01:59.866+0000] {logging_mixin.py:190} INFO - [2024-12-06T22:01:59.865+0000] {dag.py:3239} INFO - Sync 1 DAGs
[2024-12-06T22:01:59.905+0000] {logging_mixin.py:190} INFO - [2024-12-06T22:01:59.905+0000] {dag.py:4180} INFO - Setting next_dagrun for latest_only_with_trigger to 2024-12-06 16:00:00+00:00, run_after=2024-12-06 20:00:00+00:00
[2024-12-06T22:01:59.936+0000] {processor.py:208} INFO - Processing /home/airflow/.local/lib/python3.12/site-packages/airflow/example_dags/example_latest_only_with_trigger.py took 0.139 seconds
[2024-12-06T22:02:31.230+0000] {processor.py:186} INFO - Started process (PID=2730) to work on /home/airflow/.local/lib/python3.12/site-packages/airflow/example_dags/example_latest_only_with_trigger.py
[2024-12-06T22:02:31.231+0000] {processor.py:914} INFO - Processing file /home/airflow/.local/lib/python3.12/site-packages/airflow/example_dags/example_latest_only_with_trigger.py for tasks to queue
[2024-12-06T22:02:31.237+0000] {logging_mixin.py:190} INFO - [2024-12-06T22:02:31.237+0000] {dagbag.py:588} INFO - Filling up the DagBag from /home/airflow/.local/lib/python3.12/site-packages/airflow/example_dags/example_latest_only_with_trigger.py
[2024-12-06T22:02:31.251+0000] {processor.py:925} INFO - DAG(s) 'latest_only_with_trigger' retrieved from /home/airflow/.local/lib/python3.12/site-packages/airflow/example_dags/example_latest_only_with_trigger.py
[2024-12-06T22:02:31.282+0000] {logging_mixin.py:190} INFO - [2024-12-06T22:02:31.282+0000] {dag.py:3239} INFO - Sync 1 DAGs
[2024-12-06T22:02:31.327+0000] {logging_mixin.py:190} INFO - [2024-12-06T22:02:31.326+0000] {dag.py:4180} INFO - Setting next_dagrun for latest_only_with_trigger to 2024-12-06 16:00:00+00:00, run_after=2024-12-06 20:00:00+00:00
[2024-12-06T22:02:31.363+0000] {processor.py:208} INFO - Processing /home/airflow/.local/lib/python3.12/site-packages/airflow/example_dags/example_latest_only_with_trigger.py took 0.143 seconds
[2024-12-06T22:03:03.650+0000] {processor.py:186} INFO - Started process (PID=2793) to work on /home/airflow/.local/lib/python3.12/site-packages/airflow/example_dags/example_latest_only_with_trigger.py
[2024-12-06T22:03:03.652+0000] {processor.py:914} INFO - Processing file /home/airflow/.local/lib/python3.12/site-packages/airflow/example_dags/example_latest_only_with_trigger.py for tasks to queue
[2024-12-06T22:03:03.658+0000] {logging_mixin.py:190} INFO - [2024-12-06T22:03:03.657+0000] {dagbag.py:588} INFO - Filling up the DagBag from /home/airflow/.local/lib/python3.12/site-packages/airflow/example_dags/example_latest_only_with_trigger.py
[2024-12-06T22:03:03.674+0000] {processor.py:925} INFO - DAG(s) 'latest_only_with_trigger' retrieved from /home/airflow/.local/lib/python3.12/site-packages/airflow/example_dags/example_latest_only_with_trigger.py
[2024-12-06T22:03:03.710+0000] {logging_mixin.py:190} INFO - [2024-12-06T22:03:03.709+0000] {dag.py:3239} INFO - Sync 1 DAGs
[2024-12-06T22:03:03.749+0000] {logging_mixin.py:190} INFO - [2024-12-06T22:03:03.749+0000] {dag.py:4180} INFO - Setting next_dagrun for latest_only_with_trigger to 2024-12-06 16:00:00+00:00, run_after=2024-12-06 20:00:00+00:00
[2024-12-06T22:03:03.782+0000] {processor.py:208} INFO - Processing /home/airflow/.local/lib/python3.12/site-packages/airflow/example_dags/example_latest_only_with_trigger.py took 0.148 seconds
[2024-12-06T22:03:36.288+0000] {processor.py:186} INFO - Started process (PID=2856) to work on /home/airflow/.local/lib/python3.12/site-packages/airflow/example_dags/example_latest_only_with_trigger.py
[2024-12-06T22:03:36.291+0000] {processor.py:914} INFO - Processing file /home/airflow/.local/lib/python3.12/site-packages/airflow/example_dags/example_latest_only_with_trigger.py for tasks to queue
[2024-12-06T22:03:36.295+0000] {logging_mixin.py:190} INFO - [2024-12-06T22:03:36.295+0000] {dagbag.py:588} INFO - Filling up the DagBag from /home/airflow/.local/lib/python3.12/site-packages/airflow/example_dags/example_latest_only_with_trigger.py
[2024-12-06T22:03:36.308+0000] {processor.py:925} INFO - DAG(s) 'latest_only_with_trigger' retrieved from /home/airflow/.local/lib/python3.12/site-packages/airflow/example_dags/example_latest_only_with_trigger.py
[2024-12-06T22:03:36.338+0000] {logging_mixin.py:190} INFO - [2024-12-06T22:03:36.337+0000] {dag.py:3239} INFO - Sync 1 DAGs
[2024-12-06T22:03:36.373+0000] {logging_mixin.py:190} INFO - [2024-12-06T22:03:36.372+0000] {dag.py:4180} INFO - Setting next_dagrun for latest_only_with_trigger to 2024-12-06 16:00:00+00:00, run_after=2024-12-06 20:00:00+00:00
[2024-12-06T22:03:36.399+0000] {processor.py:208} INFO - Processing /home/airflow/.local/lib/python3.12/site-packages/airflow/example_dags/example_latest_only_with_trigger.py took 0.120 seconds
[2024-12-06T22:04:07.857+0000] {processor.py:186} INFO - Started process (PID=2923) to work on /home/airflow/.local/lib/python3.12/site-packages/airflow/example_dags/example_latest_only_with_trigger.py
[2024-12-06T22:04:07.861+0000] {processor.py:914} INFO - Processing file /home/airflow/.local/lib/python3.12/site-packages/airflow/example_dags/example_latest_only_with_trigger.py for tasks to queue
[2024-12-06T22:04:07.864+0000] {logging_mixin.py:190} INFO - [2024-12-06T22:04:07.864+0000] {dagbag.py:588} INFO - Filling up the DagBag from /home/airflow/.local/lib/python3.12/site-packages/airflow/example_dags/example_latest_only_with_trigger.py
[2024-12-06T22:04:07.874+0000] {processor.py:925} INFO - DAG(s) 'latest_only_with_trigger' retrieved from /home/airflow/.local/lib/python3.12/site-packages/airflow/example_dags/example_latest_only_with_trigger.py
[2024-12-06T22:04:07.903+0000] {logging_mixin.py:190} INFO - [2024-12-06T22:04:07.902+0000] {dag.py:3239} INFO - Sync 1 DAGs
[2024-12-06T22:04:07.937+0000] {logging_mixin.py:190} INFO - [2024-12-06T22:04:07.936+0000] {dag.py:4180} INFO - Setting next_dagrun for latest_only_with_trigger to 2024-12-06 16:00:00+00:00, run_after=2024-12-06 20:00:00+00:00
[2024-12-06T22:04:07.962+0000] {processor.py:208} INFO - Processing /home/airflow/.local/lib/python3.12/site-packages/airflow/example_dags/example_latest_only_with_trigger.py took 0.112 seconds
[2024-12-06T22:04:38.751+0000] {processor.py:186} INFO - Started process (PID=2986) to work on /home/airflow/.local/lib/python3.12/site-packages/airflow/example_dags/example_latest_only_with_trigger.py
[2024-12-06T22:04:38.753+0000] {processor.py:914} INFO - Processing file /home/airflow/.local/lib/python3.12/site-packages/airflow/example_dags/example_latest_only_with_trigger.py for tasks to queue
[2024-12-06T22:04:38.756+0000] {logging_mixin.py:190} INFO - [2024-12-06T22:04:38.756+0000] {dagbag.py:588} INFO - Filling up the DagBag from /home/airflow/.local/lib/python3.12/site-packages/airflow/example_dags/example_latest_only_with_trigger.py
[2024-12-06T22:04:38.770+0000] {processor.py:925} INFO - DAG(s) 'latest_only_with_trigger' retrieved from /home/airflow/.local/lib/python3.12/site-packages/airflow/example_dags/example_latest_only_with_trigger.py
[2024-12-06T22:04:38.806+0000] {logging_mixin.py:190} INFO - [2024-12-06T22:04:38.806+0000] {dag.py:3239} INFO - Sync 1 DAGs
[2024-12-06T22:04:38.844+0000] {logging_mixin.py:190} INFO - [2024-12-06T22:04:38.844+0000] {dag.py:4180} INFO - Setting next_dagrun for latest_only_with_trigger to 2024-12-06 16:00:00+00:00, run_after=2024-12-06 20:00:00+00:00
[2024-12-06T22:04:38.876+0000] {processor.py:208} INFO - Processing /home/airflow/.local/lib/python3.12/site-packages/airflow/example_dags/example_latest_only_with_trigger.py took 0.137 seconds
[2024-12-06T22:05:10.746+0000] {processor.py:186} INFO - Started process (PID=3049) to work on /home/airflow/.local/lib/python3.12/site-packages/airflow/example_dags/example_latest_only_with_trigger.py
[2024-12-06T22:05:10.748+0000] {processor.py:914} INFO - Processing file /home/airflow/.local/lib/python3.12/site-packages/airflow/example_dags/example_latest_only_with_trigger.py for tasks to queue
[2024-12-06T22:05:10.754+0000] {logging_mixin.py:190} INFO - [2024-12-06T22:05:10.753+0000] {dagbag.py:588} INFO - Filling up the DagBag from /home/airflow/.local/lib/python3.12/site-packages/airflow/example_dags/example_latest_only_with_trigger.py
[2024-12-06T22:05:10.764+0000] {processor.py:925} INFO - DAG(s) 'latest_only_with_trigger' retrieved from /home/airflow/.local/lib/python3.12/site-packages/airflow/example_dags/example_latest_only_with_trigger.py
[2024-12-06T22:05:10.798+0000] {logging_mixin.py:190} INFO - [2024-12-06T22:05:10.798+0000] {dag.py:3239} INFO - Sync 1 DAGs
[2024-12-06T22:05:10.831+0000] {logging_mixin.py:190} INFO - [2024-12-06T22:05:10.831+0000] {dag.py:4180} INFO - Setting next_dagrun for latest_only_with_trigger to 2024-12-06 16:00:00+00:00, run_after=2024-12-06 20:00:00+00:00
[2024-12-06T22:05:10.860+0000] {processor.py:208} INFO - Processing /home/airflow/.local/lib/python3.12/site-packages/airflow/example_dags/example_latest_only_with_trigger.py took 0.122 seconds
[2024-12-06T22:05:42.532+0000] {processor.py:186} INFO - Started process (PID=3112) to work on /home/airflow/.local/lib/python3.12/site-packages/airflow/example_dags/example_latest_only_with_trigger.py
[2024-12-06T22:05:42.534+0000] {processor.py:914} INFO - Processing file /home/airflow/.local/lib/python3.12/site-packages/airflow/example_dags/example_latest_only_with_trigger.py for tasks to queue
[2024-12-06T22:05:42.539+0000] {logging_mixin.py:190} INFO - [2024-12-06T22:05:42.538+0000] {dagbag.py:588} INFO - Filling up the DagBag from /home/airflow/.local/lib/python3.12/site-packages/airflow/example_dags/example_latest_only_with_trigger.py
[2024-12-06T22:05:42.550+0000] {processor.py:925} INFO - DAG(s) 'latest_only_with_trigger' retrieved from /home/airflow/.local/lib/python3.12/site-packages/airflow/example_dags/example_latest_only_with_trigger.py
[2024-12-06T22:05:42.584+0000] {logging_mixin.py:190} INFO - [2024-12-06T22:05:42.584+0000] {dag.py:3239} INFO - Sync 1 DAGs
[2024-12-06T22:05:42.625+0000] {logging_mixin.py:190} INFO - [2024-12-06T22:05:42.624+0000] {dag.py:4180} INFO - Setting next_dagrun for latest_only_with_trigger to 2024-12-06 16:00:00+00:00, run_after=2024-12-06 20:00:00+00:00
[2024-12-06T22:05:42.653+0000] {processor.py:208} INFO - Processing /home/airflow/.local/lib/python3.12/site-packages/airflow/example_dags/example_latest_only_with_trigger.py took 0.130 seconds
[2024-12-06T22:06:14.464+0000] {processor.py:186} INFO - Started process (PID=3175) to work on /home/airflow/.local/lib/python3.12/site-packages/airflow/example_dags/example_latest_only_with_trigger.py
[2024-12-06T22:06:14.466+0000] {processor.py:914} INFO - Processing file /home/airflow/.local/lib/python3.12/site-packages/airflow/example_dags/example_latest_only_with_trigger.py for tasks to queue
[2024-12-06T22:06:14.469+0000] {logging_mixin.py:190} INFO - [2024-12-06T22:06:14.469+0000] {dagbag.py:588} INFO - Filling up the DagBag from /home/airflow/.local/lib/python3.12/site-packages/airflow/example_dags/example_latest_only_with_trigger.py
[2024-12-06T22:06:14.484+0000] {processor.py:925} INFO - DAG(s) 'latest_only_with_trigger' retrieved from /home/airflow/.local/lib/python3.12/site-packages/airflow/example_dags/example_latest_only_with_trigger.py
[2024-12-06T22:06:14.520+0000] {logging_mixin.py:190} INFO - [2024-12-06T22:06:14.520+0000] {dag.py:3239} INFO - Sync 1 DAGs
[2024-12-06T22:06:14.570+0000] {logging_mixin.py:190} INFO - [2024-12-06T22:06:14.569+0000] {dag.py:4180} INFO - Setting next_dagrun for latest_only_with_trigger to 2024-12-06 16:00:00+00:00, run_after=2024-12-06 20:00:00+00:00
[2024-12-06T22:06:14.603+0000] {processor.py:208} INFO - Processing /home/airflow/.local/lib/python3.12/site-packages/airflow/example_dags/example_latest_only_with_trigger.py took 0.152 seconds
[2024-12-06T22:06:45.798+0000] {processor.py:186} INFO - Started process (PID=3238) to work on /home/airflow/.local/lib/python3.12/site-packages/airflow/example_dags/example_latest_only_with_trigger.py
[2024-12-06T22:06:45.800+0000] {processor.py:914} INFO - Processing file /home/airflow/.local/lib/python3.12/site-packages/airflow/example_dags/example_latest_only_with_trigger.py for tasks to queue
[2024-12-06T22:06:45.803+0000] {logging_mixin.py:190} INFO - [2024-12-06T22:06:45.803+0000] {dagbag.py:588} INFO - Filling up the DagBag from /home/airflow/.local/lib/python3.12/site-packages/airflow/example_dags/example_latest_only_with_trigger.py
[2024-12-06T22:06:45.817+0000] {processor.py:925} INFO - DAG(s) 'latest_only_with_trigger' retrieved from /home/airflow/.local/lib/python3.12/site-packages/airflow/example_dags/example_latest_only_with_trigger.py
[2024-12-06T22:06:45.851+0000] {logging_mixin.py:190} INFO - [2024-12-06T22:06:45.851+0000] {dag.py:3239} INFO - Sync 1 DAGs
[2024-12-06T22:06:45.888+0000] {logging_mixin.py:190} INFO - [2024-12-06T22:06:45.888+0000] {dag.py:4180} INFO - Setting next_dagrun for latest_only_with_trigger to 2024-12-06 16:00:00+00:00, run_after=2024-12-06 20:00:00+00:00
[2024-12-06T22:06:45.918+0000] {processor.py:208} INFO - Processing /home/airflow/.local/lib/python3.12/site-packages/airflow/example_dags/example_latest_only_with_trigger.py took 0.131 seconds
[2024-12-06T22:07:19.872+0000] {processor.py:186} INFO - Started process (PID=3310) to work on /home/airflow/.local/lib/python3.12/site-packages/airflow/example_dags/example_latest_only_with_trigger.py
[2024-12-06T22:07:19.874+0000] {processor.py:914} INFO - Processing file /home/airflow/.local/lib/python3.12/site-packages/airflow/example_dags/example_latest_only_with_trigger.py for tasks to queue
[2024-12-06T22:07:19.877+0000] {logging_mixin.py:190} INFO - [2024-12-06T22:07:19.876+0000] {dagbag.py:588} INFO - Filling up the DagBag from /home/airflow/.local/lib/python3.12/site-packages/airflow/example_dags/example_latest_only_with_trigger.py
[2024-12-06T22:07:19.888+0000] {processor.py:925} INFO - DAG(s) 'latest_only_with_trigger' retrieved from /home/airflow/.local/lib/python3.12/site-packages/airflow/example_dags/example_latest_only_with_trigger.py
[2024-12-06T22:07:19.918+0000] {logging_mixin.py:190} INFO - [2024-12-06T22:07:19.918+0000] {dag.py:3239} INFO - Sync 1 DAGs
[2024-12-06T22:07:19.952+0000] {logging_mixin.py:190} INFO - [2024-12-06T22:07:19.951+0000] {dag.py:4180} INFO - Setting next_dagrun for latest_only_with_trigger to 2024-12-06 16:00:00+00:00, run_after=2024-12-06 20:00:00+00:00
[2024-12-06T22:07:19.977+0000] {processor.py:208} INFO - Processing /home/airflow/.local/lib/python3.12/site-packages/airflow/example_dags/example_latest_only_with_trigger.py took 0.113 seconds
[2024-12-06T22:07:51.728+0000] {processor.py:186} INFO - Started process (PID=3373) to work on /home/airflow/.local/lib/python3.12/site-packages/airflow/example_dags/example_latest_only_with_trigger.py
[2024-12-06T22:07:51.730+0000] {processor.py:914} INFO - Processing file /home/airflow/.local/lib/python3.12/site-packages/airflow/example_dags/example_latest_only_with_trigger.py for tasks to queue
[2024-12-06T22:07:51.736+0000] {logging_mixin.py:190} INFO - [2024-12-06T22:07:51.735+0000] {dagbag.py:588} INFO - Filling up the DagBag from /home/airflow/.local/lib/python3.12/site-packages/airflow/example_dags/example_latest_only_with_trigger.py
[2024-12-06T22:07:51.752+0000] {processor.py:925} INFO - DAG(s) 'latest_only_with_trigger' retrieved from /home/airflow/.local/lib/python3.12/site-packages/airflow/example_dags/example_latest_only_with_trigger.py
[2024-12-06T22:07:51.793+0000] {logging_mixin.py:190} INFO - [2024-12-06T22:07:51.793+0000] {dag.py:3239} INFO - Sync 1 DAGs
[2024-12-06T22:07:51.842+0000] {logging_mixin.py:190} INFO - [2024-12-06T22:07:51.841+0000] {dag.py:4180} INFO - Setting next_dagrun for latest_only_with_trigger to 2024-12-06 16:00:00+00:00, run_after=2024-12-06 20:00:00+00:00
[2024-12-06T22:07:52.141+0000] {processor.py:208} INFO - Processing /home/airflow/.local/lib/python3.12/site-packages/airflow/example_dags/example_latest_only_with_trigger.py took 0.424 seconds
[2024-12-06T22:08:22.358+0000] {processor.py:186} INFO - Started process (PID=3437) to work on /home/airflow/.local/lib/python3.12/site-packages/airflow/example_dags/example_latest_only_with_trigger.py
[2024-12-06T22:08:22.359+0000] {processor.py:914} INFO - Processing file /home/airflow/.local/lib/python3.12/site-packages/airflow/example_dags/example_latest_only_with_trigger.py for tasks to queue
[2024-12-06T22:08:22.363+0000] {logging_mixin.py:190} INFO - [2024-12-06T22:08:22.362+0000] {dagbag.py:588} INFO - Filling up the DagBag from /home/airflow/.local/lib/python3.12/site-packages/airflow/example_dags/example_latest_only_with_trigger.py
[2024-12-06T22:08:22.375+0000] {processor.py:925} INFO - DAG(s) 'latest_only_with_trigger' retrieved from /home/airflow/.local/lib/python3.12/site-packages/airflow/example_dags/example_latest_only_with_trigger.py
[2024-12-06T22:08:22.408+0000] {logging_mixin.py:190} INFO - [2024-12-06T22:08:22.407+0000] {dag.py:3239} INFO - Sync 1 DAGs
[2024-12-06T22:08:22.442+0000] {logging_mixin.py:190} INFO - [2024-12-06T22:08:22.441+0000] {dag.py:4180} INFO - Setting next_dagrun for latest_only_with_trigger to 2024-12-06 16:00:00+00:00, run_after=2024-12-06 20:00:00+00:00
[2024-12-06T22:08:22.470+0000] {processor.py:208} INFO - Processing /home/airflow/.local/lib/python3.12/site-packages/airflow/example_dags/example_latest_only_with_trigger.py took 0.123 seconds
[2024-12-06T22:08:57.099+0000] {processor.py:186} INFO - Started process (PID=3499) to work on /home/airflow/.local/lib/python3.12/site-packages/airflow/example_dags/example_latest_only_with_trigger.py
[2024-12-06T22:08:57.100+0000] {processor.py:914} INFO - Processing file /home/airflow/.local/lib/python3.12/site-packages/airflow/example_dags/example_latest_only_with_trigger.py for tasks to queue
[2024-12-06T22:08:57.104+0000] {logging_mixin.py:190} INFO - [2024-12-06T22:08:57.103+0000] {dagbag.py:588} INFO - Filling up the DagBag from /home/airflow/.local/lib/python3.12/site-packages/airflow/example_dags/example_latest_only_with_trigger.py
[2024-12-06T22:08:57.118+0000] {processor.py:925} INFO - DAG(s) 'latest_only_with_trigger' retrieved from /home/airflow/.local/lib/python3.12/site-packages/airflow/example_dags/example_latest_only_with_trigger.py
[2024-12-06T22:08:57.154+0000] {logging_mixin.py:190} INFO - [2024-12-06T22:08:57.154+0000] {dag.py:3239} INFO - Sync 1 DAGs
[2024-12-06T22:08:57.201+0000] {logging_mixin.py:190} INFO - [2024-12-06T22:08:57.200+0000] {dag.py:4180} INFO - Setting next_dagrun for latest_only_with_trigger to 2024-12-06 16:00:00+00:00, run_after=2024-12-06 20:00:00+00:00
[2024-12-06T22:08:57.234+0000] {processor.py:208} INFO - Processing /home/airflow/.local/lib/python3.12/site-packages/airflow/example_dags/example_latest_only_with_trigger.py took 0.147 seconds
[2024-12-06T22:09:27.651+0000] {processor.py:186} INFO - Started process (PID=3562) to work on /home/airflow/.local/lib/python3.12/site-packages/airflow/example_dags/example_latest_only_with_trigger.py
[2024-12-06T22:09:27.653+0000] {processor.py:914} INFO - Processing file /home/airflow/.local/lib/python3.12/site-packages/airflow/example_dags/example_latest_only_with_trigger.py for tasks to queue
[2024-12-06T22:09:27.658+0000] {logging_mixin.py:190} INFO - [2024-12-06T22:09:27.657+0000] {dagbag.py:588} INFO - Filling up the DagBag from /home/airflow/.local/lib/python3.12/site-packages/airflow/example_dags/example_latest_only_with_trigger.py
[2024-12-06T22:09:27.671+0000] {processor.py:925} INFO - DAG(s) 'latest_only_with_trigger' retrieved from /home/airflow/.local/lib/python3.12/site-packages/airflow/example_dags/example_latest_only_with_trigger.py
[2024-12-06T22:09:27.709+0000] {logging_mixin.py:190} INFO - [2024-12-06T22:09:27.709+0000] {dag.py:3239} INFO - Sync 1 DAGs
[2024-12-06T22:09:27.756+0000] {logging_mixin.py:190} INFO - [2024-12-06T22:09:27.755+0000] {dag.py:4180} INFO - Setting next_dagrun for latest_only_with_trigger to 2024-12-06 16:00:00+00:00, run_after=2024-12-06 20:00:00+00:00
[2024-12-06T22:09:27.789+0000] {processor.py:208} INFO - Processing /home/airflow/.local/lib/python3.12/site-packages/airflow/example_dags/example_latest_only_with_trigger.py took 0.150 seconds
[2024-12-06T22:09:58.356+0000] {processor.py:186} INFO - Started process (PID=3626) to work on /home/airflow/.local/lib/python3.12/site-packages/airflow/example_dags/example_latest_only_with_trigger.py
[2024-12-06T22:09:58.357+0000] {processor.py:914} INFO - Processing file /home/airflow/.local/lib/python3.12/site-packages/airflow/example_dags/example_latest_only_with_trigger.py for tasks to queue
[2024-12-06T22:09:58.363+0000] {logging_mixin.py:190} INFO - [2024-12-06T22:09:58.363+0000] {dagbag.py:588} INFO - Filling up the DagBag from /home/airflow/.local/lib/python3.12/site-packages/airflow/example_dags/example_latest_only_with_trigger.py
[2024-12-06T22:09:58.374+0000] {processor.py:925} INFO - DAG(s) 'latest_only_with_trigger' retrieved from /home/airflow/.local/lib/python3.12/site-packages/airflow/example_dags/example_latest_only_with_trigger.py
[2024-12-06T22:09:58.407+0000] {logging_mixin.py:190} INFO - [2024-12-06T22:09:58.407+0000] {dag.py:3239} INFO - Sync 1 DAGs
[2024-12-06T22:09:58.451+0000] {logging_mixin.py:190} INFO - [2024-12-06T22:09:58.451+0000] {dag.py:4180} INFO - Setting next_dagrun for latest_only_with_trigger to 2024-12-06 16:00:00+00:00, run_after=2024-12-06 20:00:00+00:00
[2024-12-06T22:09:58.482+0000] {processor.py:208} INFO - Processing /home/airflow/.local/lib/python3.12/site-packages/airflow/example_dags/example_latest_only_with_trigger.py took 0.135 seconds
[2024-12-06T22:10:29.662+0000] {processor.py:186} INFO - Started process (PID=3690) to work on /home/airflow/.local/lib/python3.12/site-packages/airflow/example_dags/example_latest_only_with_trigger.py
[2024-12-06T22:10:29.665+0000] {processor.py:914} INFO - Processing file /home/airflow/.local/lib/python3.12/site-packages/airflow/example_dags/example_latest_only_with_trigger.py for tasks to queue
[2024-12-06T22:10:29.669+0000] {logging_mixin.py:190} INFO - [2024-12-06T22:10:29.669+0000] {dagbag.py:588} INFO - Filling up the DagBag from /home/airflow/.local/lib/python3.12/site-packages/airflow/example_dags/example_latest_only_with_trigger.py
[2024-12-06T22:10:29.682+0000] {processor.py:925} INFO - DAG(s) 'latest_only_with_trigger' retrieved from /home/airflow/.local/lib/python3.12/site-packages/airflow/example_dags/example_latest_only_with_trigger.py
[2024-12-06T22:10:29.714+0000] {logging_mixin.py:190} INFO - [2024-12-06T22:10:29.714+0000] {dag.py:3239} INFO - Sync 1 DAGs
[2024-12-06T22:10:29.752+0000] {logging_mixin.py:190} INFO - [2024-12-06T22:10:29.751+0000] {dag.py:4180} INFO - Setting next_dagrun for latest_only_with_trigger to 2024-12-06 16:00:00+00:00, run_after=2024-12-06 20:00:00+00:00
[2024-12-06T22:10:29.779+0000] {processor.py:208} INFO - Processing /home/airflow/.local/lib/python3.12/site-packages/airflow/example_dags/example_latest_only_with_trigger.py took 0.126 seconds
[2024-12-06T22:11:00.292+0000] {processor.py:186} INFO - Started process (PID=3753) to work on /home/airflow/.local/lib/python3.12/site-packages/airflow/example_dags/example_latest_only_with_trigger.py
[2024-12-06T22:11:00.294+0000] {processor.py:914} INFO - Processing file /home/airflow/.local/lib/python3.12/site-packages/airflow/example_dags/example_latest_only_with_trigger.py for tasks to queue
[2024-12-06T22:11:00.304+0000] {logging_mixin.py:190} INFO - [2024-12-06T22:11:00.301+0000] {dagbag.py:588} INFO - Filling up the DagBag from /home/airflow/.local/lib/python3.12/site-packages/airflow/example_dags/example_latest_only_with_trigger.py
[2024-12-06T22:11:00.340+0000] {processor.py:925} INFO - DAG(s) 'latest_only_with_trigger' retrieved from /home/airflow/.local/lib/python3.12/site-packages/airflow/example_dags/example_latest_only_with_trigger.py
[2024-12-06T22:11:00.410+0000] {logging_mixin.py:190} INFO - [2024-12-06T22:11:00.410+0000] {dag.py:3239} INFO - Sync 1 DAGs
[2024-12-06T22:11:00.477+0000] {logging_mixin.py:190} INFO - [2024-12-06T22:11:00.476+0000] {dag.py:4180} INFO - Setting next_dagrun for latest_only_with_trigger to 2024-12-06 16:00:00+00:00, run_after=2024-12-06 20:00:00+00:00
[2024-12-06T22:11:00.520+0000] {processor.py:208} INFO - Processing /home/airflow/.local/lib/python3.12/site-packages/airflow/example_dags/example_latest_only_with_trigger.py took 0.239 seconds
