[2024-12-06T21:40:50.897+0000] {processor.py:186} INFO - Started process (PID=84) to work on /home/airflow/.local/lib/python3.12/site-packages/airflow/example_dags/example_branch_labels.py
[2024-12-06T21:40:50.898+0000] {processor.py:914} INFO - Processing file /home/airflow/.local/lib/python3.12/site-packages/airflow/example_dags/example_branch_labels.py for tasks to queue
[2024-12-06T21:40:50.902+0000] {logging_mixin.py:190} INFO - [2024-12-06T21:40:50.901+0000] {dagbag.py:588} INFO - Filling up the DagBag from /home/airflow/.local/lib/python3.12/site-packages/airflow/example_dags/example_branch_labels.py
[2024-12-06T21:40:50.921+0000] {processor.py:925} INFO - DAG(s) 'example_branch_labels' retrieved from /home/airflow/.local/lib/python3.12/site-packages/airflow/example_dags/example_branch_labels.py
[2024-12-06T21:40:51.064+0000] {logging_mixin.py:190} INFO - [2024-12-06T21:40:51.064+0000] {override.py:1911} INFO - Created Permission View: can edit on DAG:example_branch_labels
[2024-12-06T21:40:51.076+0000] {logging_mixin.py:190} INFO - [2024-12-06T21:40:51.076+0000] {override.py:1911} INFO - Created Permission View: can delete on DAG:example_branch_labels
[2024-12-06T21:40:51.085+0000] {logging_mixin.py:190} INFO - [2024-12-06T21:40:51.085+0000] {override.py:1911} INFO - Created Permission View: can read on DAG:example_branch_labels
[2024-12-06T21:40:51.095+0000] {logging_mixin.py:190} INFO - [2024-12-06T21:40:51.095+0000] {override.py:1911} INFO - Created Permission View: menu access on DAG Run:example_branch_labels
[2024-12-06T21:40:51.104+0000] {logging_mixin.py:190} INFO - [2024-12-06T21:40:51.104+0000] {override.py:1911} INFO - Created Permission View: can create on DAG Run:example_branch_labels
[2024-12-06T21:40:51.112+0000] {logging_mixin.py:190} INFO - [2024-12-06T21:40:51.112+0000] {override.py:1911} INFO - Created Permission View: can delete on DAG Run:example_branch_labels
[2024-12-06T21:40:51.121+0000] {logging_mixin.py:190} INFO - [2024-12-06T21:40:51.121+0000] {override.py:1911} INFO - Created Permission View: can read on DAG Run:example_branch_labels
[2024-12-06T21:40:51.122+0000] {logging_mixin.py:190} INFO - [2024-12-06T21:40:51.122+0000] {dag.py:3239} INFO - Sync 1 DAGs
[2024-12-06T21:40:51.137+0000] {logging_mixin.py:190} INFO - [2024-12-06T21:40:51.137+0000] {dag.py:3262} INFO - Creating ORM DAG for example_branch_labels
[2024-12-06T21:40:51.150+0000] {logging_mixin.py:190} INFO - [2024-12-06T21:40:51.149+0000] {dag.py:4180} INFO - Setting next_dagrun for example_branch_labels to 2024-12-05 00:00:00+00:00, run_after=2024-12-06 00:00:00+00:00
[2024-12-06T21:40:51.167+0000] {processor.py:208} INFO - Processing /home/airflow/.local/lib/python3.12/site-packages/airflow/example_dags/example_branch_labels.py took 0.283 seconds
[2024-12-06T21:41:22.488+0000] {processor.py:186} INFO - Started process (PID=147) to work on /home/airflow/.local/lib/python3.12/site-packages/airflow/example_dags/example_branch_labels.py
[2024-12-06T21:41:22.489+0000] {processor.py:914} INFO - Processing file /home/airflow/.local/lib/python3.12/site-packages/airflow/example_dags/example_branch_labels.py for tasks to queue
[2024-12-06T21:41:22.493+0000] {logging_mixin.py:190} INFO - [2024-12-06T21:41:22.492+0000] {dagbag.py:588} INFO - Filling up the DagBag from /home/airflow/.local/lib/python3.12/site-packages/airflow/example_dags/example_branch_labels.py
[2024-12-06T21:41:22.506+0000] {processor.py:925} INFO - DAG(s) 'example_branch_labels' retrieved from /home/airflow/.local/lib/python3.12/site-packages/airflow/example_dags/example_branch_labels.py
[2024-12-06T21:41:22.535+0000] {logging_mixin.py:190} INFO - [2024-12-06T21:41:22.534+0000] {dag.py:3239} INFO - Sync 1 DAGs
[2024-12-06T21:41:22.570+0000] {logging_mixin.py:190} INFO - [2024-12-06T21:41:22.570+0000] {dag.py:4180} INFO - Setting next_dagrun for example_branch_labels to 2024-12-05 00:00:00+00:00, run_after=2024-12-06 00:00:00+00:00
[2024-12-06T21:41:22.593+0000] {processor.py:208} INFO - Processing /home/airflow/.local/lib/python3.12/site-packages/airflow/example_dags/example_branch_labels.py took 0.114 seconds
[2024-12-06T21:41:53.826+0000] {processor.py:186} INFO - Started process (PID=210) to work on /home/airflow/.local/lib/python3.12/site-packages/airflow/example_dags/example_branch_labels.py
[2024-12-06T21:41:53.827+0000] {processor.py:914} INFO - Processing file /home/airflow/.local/lib/python3.12/site-packages/airflow/example_dags/example_branch_labels.py for tasks to queue
[2024-12-06T21:41:53.830+0000] {logging_mixin.py:190} INFO - [2024-12-06T21:41:53.830+0000] {dagbag.py:588} INFO - Filling up the DagBag from /home/airflow/.local/lib/python3.12/site-packages/airflow/example_dags/example_branch_labels.py
[2024-12-06T21:41:53.842+0000] {processor.py:925} INFO - DAG(s) 'example_branch_labels' retrieved from /home/airflow/.local/lib/python3.12/site-packages/airflow/example_dags/example_branch_labels.py
[2024-12-06T21:41:53.869+0000] {logging_mixin.py:190} INFO - [2024-12-06T21:41:53.869+0000] {dag.py:3239} INFO - Sync 1 DAGs
[2024-12-06T21:41:53.900+0000] {logging_mixin.py:190} INFO - [2024-12-06T21:41:53.900+0000] {dag.py:4180} INFO - Setting next_dagrun for example_branch_labels to 2024-12-05 00:00:00+00:00, run_after=2024-12-06 00:00:00+00:00
[2024-12-06T21:41:53.922+0000] {processor.py:208} INFO - Processing /home/airflow/.local/lib/python3.12/site-packages/airflow/example_dags/example_branch_labels.py took 0.104 seconds
[2024-12-06T21:42:24.907+0000] {processor.py:186} INFO - Started process (PID=273) to work on /home/airflow/.local/lib/python3.12/site-packages/airflow/example_dags/example_branch_labels.py
[2024-12-06T21:42:24.908+0000] {processor.py:914} INFO - Processing file /home/airflow/.local/lib/python3.12/site-packages/airflow/example_dags/example_branch_labels.py for tasks to queue
[2024-12-06T21:42:24.912+0000] {logging_mixin.py:190} INFO - [2024-12-06T21:42:24.912+0000] {dagbag.py:588} INFO - Filling up the DagBag from /home/airflow/.local/lib/python3.12/site-packages/airflow/example_dags/example_branch_labels.py
[2024-12-06T21:42:24.928+0000] {processor.py:925} INFO - DAG(s) 'example_branch_labels' retrieved from /home/airflow/.local/lib/python3.12/site-packages/airflow/example_dags/example_branch_labels.py
[2024-12-06T21:42:24.961+0000] {logging_mixin.py:190} INFO - [2024-12-06T21:42:24.961+0000] {dag.py:3239} INFO - Sync 1 DAGs
[2024-12-06T21:42:24.999+0000] {logging_mixin.py:190} INFO - [2024-12-06T21:42:24.998+0000] {dag.py:4180} INFO - Setting next_dagrun for example_branch_labels to 2024-12-05 00:00:00+00:00, run_after=2024-12-06 00:00:00+00:00
[2024-12-06T21:42:25.036+0000] {processor.py:208} INFO - Processing /home/airflow/.local/lib/python3.12/site-packages/airflow/example_dags/example_branch_labels.py took 0.138 seconds
[2024-12-06T21:42:56.192+0000] {processor.py:186} INFO - Started process (PID=336) to work on /home/airflow/.local/lib/python3.12/site-packages/airflow/example_dags/example_branch_labels.py
[2024-12-06T21:42:56.193+0000] {processor.py:914} INFO - Processing file /home/airflow/.local/lib/python3.12/site-packages/airflow/example_dags/example_branch_labels.py for tasks to queue
[2024-12-06T21:42:56.196+0000] {logging_mixin.py:190} INFO - [2024-12-06T21:42:56.196+0000] {dagbag.py:588} INFO - Filling up the DagBag from /home/airflow/.local/lib/python3.12/site-packages/airflow/example_dags/example_branch_labels.py
[2024-12-06T21:42:56.209+0000] {processor.py:925} INFO - DAG(s) 'example_branch_labels' retrieved from /home/airflow/.local/lib/python3.12/site-packages/airflow/example_dags/example_branch_labels.py
[2024-12-06T21:42:56.236+0000] {logging_mixin.py:190} INFO - [2024-12-06T21:42:56.236+0000] {dag.py:3239} INFO - Sync 1 DAGs
[2024-12-06T21:42:56.270+0000] {logging_mixin.py:190} INFO - [2024-12-06T21:42:56.270+0000] {dag.py:4180} INFO - Setting next_dagrun for example_branch_labels to 2024-12-05 00:00:00+00:00, run_after=2024-12-06 00:00:00+00:00
[2024-12-06T21:42:56.294+0000] {processor.py:208} INFO - Processing /home/airflow/.local/lib/python3.12/site-packages/airflow/example_dags/example_branch_labels.py took 0.110 seconds
[2024-12-06T21:43:27.936+0000] {processor.py:186} INFO - Started process (PID=399) to work on /home/airflow/.local/lib/python3.12/site-packages/airflow/example_dags/example_branch_labels.py
[2024-12-06T21:43:27.937+0000] {processor.py:914} INFO - Processing file /home/airflow/.local/lib/python3.12/site-packages/airflow/example_dags/example_branch_labels.py for tasks to queue
[2024-12-06T21:43:27.941+0000] {logging_mixin.py:190} INFO - [2024-12-06T21:43:27.940+0000] {dagbag.py:588} INFO - Filling up the DagBag from /home/airflow/.local/lib/python3.12/site-packages/airflow/example_dags/example_branch_labels.py
[2024-12-06T21:43:27.954+0000] {processor.py:925} INFO - DAG(s) 'example_branch_labels' retrieved from /home/airflow/.local/lib/python3.12/site-packages/airflow/example_dags/example_branch_labels.py
[2024-12-06T21:43:27.982+0000] {logging_mixin.py:190} INFO - [2024-12-06T21:43:27.982+0000] {dag.py:3239} INFO - Sync 1 DAGs
[2024-12-06T21:43:28.014+0000] {logging_mixin.py:190} INFO - [2024-12-06T21:43:28.013+0000] {dag.py:4180} INFO - Setting next_dagrun for example_branch_labels to 2024-12-05 00:00:00+00:00, run_after=2024-12-06 00:00:00+00:00
[2024-12-06T21:43:28.042+0000] {processor.py:208} INFO - Processing /home/airflow/.local/lib/python3.12/site-packages/airflow/example_dags/example_branch_labels.py took 0.115 seconds
[2024-12-06T21:43:59.255+0000] {processor.py:186} INFO - Started process (PID=462) to work on /home/airflow/.local/lib/python3.12/site-packages/airflow/example_dags/example_branch_labels.py
[2024-12-06T21:43:59.257+0000] {processor.py:914} INFO - Processing file /home/airflow/.local/lib/python3.12/site-packages/airflow/example_dags/example_branch_labels.py for tasks to queue
[2024-12-06T21:43:59.260+0000] {logging_mixin.py:190} INFO - [2024-12-06T21:43:59.260+0000] {dagbag.py:588} INFO - Filling up the DagBag from /home/airflow/.local/lib/python3.12/site-packages/airflow/example_dags/example_branch_labels.py
[2024-12-06T21:43:59.276+0000] {processor.py:925} INFO - DAG(s) 'example_branch_labels' retrieved from /home/airflow/.local/lib/python3.12/site-packages/airflow/example_dags/example_branch_labels.py
[2024-12-06T21:43:59.309+0000] {logging_mixin.py:190} INFO - [2024-12-06T21:43:59.309+0000] {dag.py:3239} INFO - Sync 1 DAGs
[2024-12-06T21:43:59.346+0000] {logging_mixin.py:190} INFO - [2024-12-06T21:43:59.345+0000] {dag.py:4180} INFO - Setting next_dagrun for example_branch_labels to 2024-12-05 00:00:00+00:00, run_after=2024-12-06 00:00:00+00:00
[2024-12-06T21:43:59.375+0000] {processor.py:208} INFO - Processing /home/airflow/.local/lib/python3.12/site-packages/airflow/example_dags/example_branch_labels.py took 0.129 seconds
[2024-12-06T21:44:30.784+0000] {processor.py:186} INFO - Started process (PID=525) to work on /home/airflow/.local/lib/python3.12/site-packages/airflow/example_dags/example_branch_labels.py
[2024-12-06T21:44:30.786+0000] {processor.py:914} INFO - Processing file /home/airflow/.local/lib/python3.12/site-packages/airflow/example_dags/example_branch_labels.py for tasks to queue
[2024-12-06T21:44:30.789+0000] {logging_mixin.py:190} INFO - [2024-12-06T21:44:30.788+0000] {dagbag.py:588} INFO - Filling up the DagBag from /home/airflow/.local/lib/python3.12/site-packages/airflow/example_dags/example_branch_labels.py
[2024-12-06T21:44:30.801+0000] {processor.py:925} INFO - DAG(s) 'example_branch_labels' retrieved from /home/airflow/.local/lib/python3.12/site-packages/airflow/example_dags/example_branch_labels.py
[2024-12-06T21:44:30.827+0000] {logging_mixin.py:190} INFO - [2024-12-06T21:44:30.826+0000] {dag.py:3239} INFO - Sync 1 DAGs
[2024-12-06T21:44:30.856+0000] {logging_mixin.py:190} INFO - [2024-12-06T21:44:30.856+0000] {dag.py:4180} INFO - Setting next_dagrun for example_branch_labels to 2024-12-05 00:00:00+00:00, run_after=2024-12-06 00:00:00+00:00
[2024-12-06T21:44:30.879+0000] {processor.py:208} INFO - Processing /home/airflow/.local/lib/python3.12/site-packages/airflow/example_dags/example_branch_labels.py took 0.102 seconds
[2024-12-06T21:45:02.270+0000] {processor.py:186} INFO - Started process (PID=588) to work on /home/airflow/.local/lib/python3.12/site-packages/airflow/example_dags/example_branch_labels.py
[2024-12-06T21:45:02.272+0000] {processor.py:914} INFO - Processing file /home/airflow/.local/lib/python3.12/site-packages/airflow/example_dags/example_branch_labels.py for tasks to queue
[2024-12-06T21:45:02.276+0000] {logging_mixin.py:190} INFO - [2024-12-06T21:45:02.275+0000] {dagbag.py:588} INFO - Filling up the DagBag from /home/airflow/.local/lib/python3.12/site-packages/airflow/example_dags/example_branch_labels.py
[2024-12-06T21:45:02.291+0000] {processor.py:925} INFO - DAG(s) 'example_branch_labels' retrieved from /home/airflow/.local/lib/python3.12/site-packages/airflow/example_dags/example_branch_labels.py
[2024-12-06T21:45:02.320+0000] {logging_mixin.py:190} INFO - [2024-12-06T21:45:02.320+0000] {dag.py:3239} INFO - Sync 1 DAGs
[2024-12-06T21:45:02.352+0000] {logging_mixin.py:190} INFO - [2024-12-06T21:45:02.352+0000] {dag.py:4180} INFO - Setting next_dagrun for example_branch_labels to 2024-12-05 00:00:00+00:00, run_after=2024-12-06 00:00:00+00:00
[2024-12-06T21:45:02.377+0000] {processor.py:208} INFO - Processing /home/airflow/.local/lib/python3.12/site-packages/airflow/example_dags/example_branch_labels.py took 0.118 seconds
[2024-12-06T21:45:33.782+0000] {processor.py:186} INFO - Started process (PID=652) to work on /home/airflow/.local/lib/python3.12/site-packages/airflow/example_dags/example_branch_labels.py
[2024-12-06T21:45:33.784+0000] {processor.py:914} INFO - Processing file /home/airflow/.local/lib/python3.12/site-packages/airflow/example_dags/example_branch_labels.py for tasks to queue
[2024-12-06T21:45:33.787+0000] {logging_mixin.py:190} INFO - [2024-12-06T21:45:33.787+0000] {dagbag.py:588} INFO - Filling up the DagBag from /home/airflow/.local/lib/python3.12/site-packages/airflow/example_dags/example_branch_labels.py
[2024-12-06T21:45:33.807+0000] {processor.py:925} INFO - DAG(s) 'example_branch_labels' retrieved from /home/airflow/.local/lib/python3.12/site-packages/airflow/example_dags/example_branch_labels.py
[2024-12-06T21:45:33.837+0000] {logging_mixin.py:190} INFO - [2024-12-06T21:45:33.837+0000] {dag.py:3239} INFO - Sync 1 DAGs
[2024-12-06T21:45:33.872+0000] {logging_mixin.py:190} INFO - [2024-12-06T21:45:33.872+0000] {dag.py:4180} INFO - Setting next_dagrun for example_branch_labels to 2024-12-05 00:00:00+00:00, run_after=2024-12-06 00:00:00+00:00
[2024-12-06T21:45:33.904+0000] {processor.py:208} INFO - Processing /home/airflow/.local/lib/python3.12/site-packages/airflow/example_dags/example_branch_labels.py took 0.131 seconds
[2024-12-06T21:46:05.747+0000] {processor.py:186} INFO - Started process (PID=715) to work on /home/airflow/.local/lib/python3.12/site-packages/airflow/example_dags/example_branch_labels.py
[2024-12-06T21:46:05.748+0000] {processor.py:914} INFO - Processing file /home/airflow/.local/lib/python3.12/site-packages/airflow/example_dags/example_branch_labels.py for tasks to queue
[2024-12-06T21:46:05.751+0000] {logging_mixin.py:190} INFO - [2024-12-06T21:46:05.751+0000] {dagbag.py:588} INFO - Filling up the DagBag from /home/airflow/.local/lib/python3.12/site-packages/airflow/example_dags/example_branch_labels.py
[2024-12-06T21:46:05.764+0000] {processor.py:925} INFO - DAG(s) 'example_branch_labels' retrieved from /home/airflow/.local/lib/python3.12/site-packages/airflow/example_dags/example_branch_labels.py
[2024-12-06T21:46:05.789+0000] {logging_mixin.py:190} INFO - [2024-12-06T21:46:05.789+0000] {dag.py:3239} INFO - Sync 1 DAGs
[2024-12-06T21:46:05.818+0000] {logging_mixin.py:190} INFO - [2024-12-06T21:46:05.818+0000] {dag.py:4180} INFO - Setting next_dagrun for example_branch_labels to 2024-12-05 00:00:00+00:00, run_after=2024-12-06 00:00:00+00:00
[2024-12-06T21:46:05.840+0000] {processor.py:208} INFO - Processing /home/airflow/.local/lib/python3.12/site-packages/airflow/example_dags/example_branch_labels.py took 0.101 seconds
[2024-12-06T21:46:37.550+0000] {processor.py:186} INFO - Started process (PID=783) to work on /home/airflow/.local/lib/python3.12/site-packages/airflow/example_dags/example_branch_labels.py
[2024-12-06T21:46:37.552+0000] {processor.py:914} INFO - Processing file /home/airflow/.local/lib/python3.12/site-packages/airflow/example_dags/example_branch_labels.py for tasks to queue
[2024-12-06T21:46:37.555+0000] {logging_mixin.py:190} INFO - [2024-12-06T21:46:37.555+0000] {dagbag.py:588} INFO - Filling up the DagBag from /home/airflow/.local/lib/python3.12/site-packages/airflow/example_dags/example_branch_labels.py
[2024-12-06T21:46:37.570+0000] {processor.py:925} INFO - DAG(s) 'example_branch_labels' retrieved from /home/airflow/.local/lib/python3.12/site-packages/airflow/example_dags/example_branch_labels.py
[2024-12-06T21:46:37.597+0000] {logging_mixin.py:190} INFO - [2024-12-06T21:46:37.597+0000] {dag.py:3239} INFO - Sync 1 DAGs
[2024-12-06T21:46:37.628+0000] {logging_mixin.py:190} INFO - [2024-12-06T21:46:37.628+0000] {dag.py:4180} INFO - Setting next_dagrun for example_branch_labels to 2024-12-05 00:00:00+00:00, run_after=2024-12-06 00:00:00+00:00
[2024-12-06T21:46:37.650+0000] {processor.py:208} INFO - Processing /home/airflow/.local/lib/python3.12/site-packages/airflow/example_dags/example_branch_labels.py took 0.108 seconds
[2024-12-06T21:47:09.100+0000] {processor.py:186} INFO - Started process (PID=847) to work on /home/airflow/.local/lib/python3.12/site-packages/airflow/example_dags/example_branch_labels.py
[2024-12-06T21:47:09.102+0000] {processor.py:914} INFO - Processing file /home/airflow/.local/lib/python3.12/site-packages/airflow/example_dags/example_branch_labels.py for tasks to queue
[2024-12-06T21:47:09.105+0000] {logging_mixin.py:190} INFO - [2024-12-06T21:47:09.104+0000] {dagbag.py:588} INFO - Filling up the DagBag from /home/airflow/.local/lib/python3.12/site-packages/airflow/example_dags/example_branch_labels.py
[2024-12-06T21:47:09.119+0000] {processor.py:925} INFO - DAG(s) 'example_branch_labels' retrieved from /home/airflow/.local/lib/python3.12/site-packages/airflow/example_dags/example_branch_labels.py
[2024-12-06T21:47:09.150+0000] {logging_mixin.py:190} INFO - [2024-12-06T21:47:09.150+0000] {dag.py:3239} INFO - Sync 1 DAGs
[2024-12-06T21:47:09.180+0000] {logging_mixin.py:190} INFO - [2024-12-06T21:47:09.179+0000] {dag.py:4180} INFO - Setting next_dagrun for example_branch_labels to 2024-12-05 00:00:00+00:00, run_after=2024-12-06 00:00:00+00:00
[2024-12-06T21:47:09.205+0000] {processor.py:208} INFO - Processing /home/airflow/.local/lib/python3.12/site-packages/airflow/example_dags/example_branch_labels.py took 0.113 seconds
[2024-12-06T21:47:41.060+0000] {processor.py:186} INFO - Started process (PID=915) to work on /home/airflow/.local/lib/python3.12/site-packages/airflow/example_dags/example_branch_labels.py
[2024-12-06T21:47:41.063+0000] {processor.py:914} INFO - Processing file /home/airflow/.local/lib/python3.12/site-packages/airflow/example_dags/example_branch_labels.py for tasks to queue
[2024-12-06T21:47:41.066+0000] {logging_mixin.py:190} INFO - [2024-12-06T21:47:41.066+0000] {dagbag.py:588} INFO - Filling up the DagBag from /home/airflow/.local/lib/python3.12/site-packages/airflow/example_dags/example_branch_labels.py
[2024-12-06T21:47:41.080+0000] {processor.py:925} INFO - DAG(s) 'example_branch_labels' retrieved from /home/airflow/.local/lib/python3.12/site-packages/airflow/example_dags/example_branch_labels.py
[2024-12-06T21:47:41.109+0000] {logging_mixin.py:190} INFO - [2024-12-06T21:47:41.109+0000] {dag.py:3239} INFO - Sync 1 DAGs
[2024-12-06T21:47:41.142+0000] {logging_mixin.py:190} INFO - [2024-12-06T21:47:41.142+0000] {dag.py:4180} INFO - Setting next_dagrun for example_branch_labels to 2024-12-05 00:00:00+00:00, run_after=2024-12-06 00:00:00+00:00
[2024-12-06T21:47:41.169+0000] {processor.py:208} INFO - Processing /home/airflow/.local/lib/python3.12/site-packages/airflow/example_dags/example_branch_labels.py took 0.117 seconds
[2024-12-06T21:48:12.868+0000] {processor.py:186} INFO - Started process (PID=978) to work on /home/airflow/.local/lib/python3.12/site-packages/airflow/example_dags/example_branch_labels.py
[2024-12-06T21:48:12.870+0000] {processor.py:914} INFO - Processing file /home/airflow/.local/lib/python3.12/site-packages/airflow/example_dags/example_branch_labels.py for tasks to queue
[2024-12-06T21:48:12.875+0000] {logging_mixin.py:190} INFO - [2024-12-06T21:48:12.874+0000] {dagbag.py:588} INFO - Filling up the DagBag from /home/airflow/.local/lib/python3.12/site-packages/airflow/example_dags/example_branch_labels.py
[2024-12-06T21:48:12.893+0000] {processor.py:925} INFO - DAG(s) 'example_branch_labels' retrieved from /home/airflow/.local/lib/python3.12/site-packages/airflow/example_dags/example_branch_labels.py
[2024-12-06T21:48:12.923+0000] {logging_mixin.py:190} INFO - [2024-12-06T21:48:12.923+0000] {dag.py:3239} INFO - Sync 1 DAGs
[2024-12-06T21:48:12.958+0000] {logging_mixin.py:190} INFO - [2024-12-06T21:48:12.958+0000] {dag.py:4180} INFO - Setting next_dagrun for example_branch_labels to 2024-12-05 00:00:00+00:00, run_after=2024-12-06 00:00:00+00:00
[2024-12-06T21:48:12.993+0000] {processor.py:208} INFO - Processing /home/airflow/.local/lib/python3.12/site-packages/airflow/example_dags/example_branch_labels.py took 0.137 seconds
[2024-12-06T21:48:43.987+0000] {processor.py:186} INFO - Started process (PID=1041) to work on /home/airflow/.local/lib/python3.12/site-packages/airflow/example_dags/example_branch_labels.py
[2024-12-06T21:48:43.990+0000] {processor.py:914} INFO - Processing file /home/airflow/.local/lib/python3.12/site-packages/airflow/example_dags/example_branch_labels.py for tasks to queue
[2024-12-06T21:48:43.994+0000] {logging_mixin.py:190} INFO - [2024-12-06T21:48:43.993+0000] {dagbag.py:588} INFO - Filling up the DagBag from /home/airflow/.local/lib/python3.12/site-packages/airflow/example_dags/example_branch_labels.py
[2024-12-06T21:48:44.015+0000] {processor.py:925} INFO - DAG(s) 'example_branch_labels' retrieved from /home/airflow/.local/lib/python3.12/site-packages/airflow/example_dags/example_branch_labels.py
[2024-12-06T21:48:44.057+0000] {logging_mixin.py:190} INFO - [2024-12-06T21:48:44.057+0000] {dag.py:3239} INFO - Sync 1 DAGs
[2024-12-06T21:48:44.099+0000] {logging_mixin.py:190} INFO - [2024-12-06T21:48:44.098+0000] {dag.py:4180} INFO - Setting next_dagrun for example_branch_labels to 2024-12-05 00:00:00+00:00, run_after=2024-12-06 00:00:00+00:00
[2024-12-06T21:48:44.129+0000] {processor.py:208} INFO - Processing /home/airflow/.local/lib/python3.12/site-packages/airflow/example_dags/example_branch_labels.py took 0.152 seconds
[2024-12-06T21:49:15.865+0000] {processor.py:186} INFO - Started process (PID=1104) to work on /home/airflow/.local/lib/python3.12/site-packages/airflow/example_dags/example_branch_labels.py
[2024-12-06T21:49:15.867+0000] {processor.py:914} INFO - Processing file /home/airflow/.local/lib/python3.12/site-packages/airflow/example_dags/example_branch_labels.py for tasks to queue
[2024-12-06T21:49:15.870+0000] {logging_mixin.py:190} INFO - [2024-12-06T21:49:15.869+0000] {dagbag.py:588} INFO - Filling up the DagBag from /home/airflow/.local/lib/python3.12/site-packages/airflow/example_dags/example_branch_labels.py
[2024-12-06T21:49:15.887+0000] {processor.py:925} INFO - DAG(s) 'example_branch_labels' retrieved from /home/airflow/.local/lib/python3.12/site-packages/airflow/example_dags/example_branch_labels.py
[2024-12-06T21:49:15.925+0000] {logging_mixin.py:190} INFO - [2024-12-06T21:49:15.925+0000] {dag.py:3239} INFO - Sync 1 DAGs
[2024-12-06T21:49:15.960+0000] {logging_mixin.py:190} INFO - [2024-12-06T21:49:15.960+0000] {dag.py:4180} INFO - Setting next_dagrun for example_branch_labels to 2024-12-05 00:00:00+00:00, run_after=2024-12-06 00:00:00+00:00
[2024-12-06T21:49:15.985+0000] {processor.py:208} INFO - Processing /home/airflow/.local/lib/python3.12/site-packages/airflow/example_dags/example_branch_labels.py took 0.134 seconds
[2024-12-06T21:49:46.468+0000] {processor.py:186} INFO - Started process (PID=1173) to work on /home/airflow/.local/lib/python3.12/site-packages/airflow/example_dags/example_branch_labels.py
[2024-12-06T21:49:46.470+0000] {processor.py:914} INFO - Processing file /home/airflow/.local/lib/python3.12/site-packages/airflow/example_dags/example_branch_labels.py for tasks to queue
[2024-12-06T21:49:46.474+0000] {logging_mixin.py:190} INFO - [2024-12-06T21:49:46.473+0000] {dagbag.py:588} INFO - Filling up the DagBag from /home/airflow/.local/lib/python3.12/site-packages/airflow/example_dags/example_branch_labels.py
[2024-12-06T21:49:46.491+0000] {processor.py:925} INFO - DAG(s) 'example_branch_labels' retrieved from /home/airflow/.local/lib/python3.12/site-packages/airflow/example_dags/example_branch_labels.py
[2024-12-06T21:49:46.520+0000] {logging_mixin.py:190} INFO - [2024-12-06T21:49:46.520+0000] {dag.py:3239} INFO - Sync 1 DAGs
[2024-12-06T21:49:46.556+0000] {logging_mixin.py:190} INFO - [2024-12-06T21:49:46.556+0000] {dag.py:4180} INFO - Setting next_dagrun for example_branch_labels to 2024-12-05 00:00:00+00:00, run_after=2024-12-06 00:00:00+00:00
[2024-12-06T21:49:46.583+0000] {processor.py:208} INFO - Processing /home/airflow/.local/lib/python3.12/site-packages/airflow/example_dags/example_branch_labels.py took 0.124 seconds
[2024-12-06T21:50:16.805+0000] {processor.py:186} INFO - Started process (PID=1235) to work on /home/airflow/.local/lib/python3.12/site-packages/airflow/example_dags/example_branch_labels.py
[2024-12-06T21:50:16.807+0000] {processor.py:914} INFO - Processing file /home/airflow/.local/lib/python3.12/site-packages/airflow/example_dags/example_branch_labels.py for tasks to queue
[2024-12-06T21:50:16.811+0000] {logging_mixin.py:190} INFO - [2024-12-06T21:50:16.810+0000] {dagbag.py:588} INFO - Filling up the DagBag from /home/airflow/.local/lib/python3.12/site-packages/airflow/example_dags/example_branch_labels.py
[2024-12-06T21:50:16.829+0000] {processor.py:925} INFO - DAG(s) 'example_branch_labels' retrieved from /home/airflow/.local/lib/python3.12/site-packages/airflow/example_dags/example_branch_labels.py
[2024-12-06T21:50:16.868+0000] {logging_mixin.py:190} INFO - [2024-12-06T21:50:16.867+0000] {dag.py:3239} INFO - Sync 1 DAGs
[2024-12-06T21:50:16.917+0000] {logging_mixin.py:190} INFO - [2024-12-06T21:50:16.917+0000] {dag.py:4180} INFO - Setting next_dagrun for example_branch_labels to 2024-12-05 00:00:00+00:00, run_after=2024-12-06 00:00:00+00:00
[2024-12-06T21:50:16.952+0000] {processor.py:208} INFO - Processing /home/airflow/.local/lib/python3.12/site-packages/airflow/example_dags/example_branch_labels.py took 0.157 seconds
[2024-12-06T21:50:47.736+0000] {processor.py:186} INFO - Started process (PID=1297) to work on /home/airflow/.local/lib/python3.12/site-packages/airflow/example_dags/example_branch_labels.py
[2024-12-06T21:50:47.737+0000] {processor.py:914} INFO - Processing file /home/airflow/.local/lib/python3.12/site-packages/airflow/example_dags/example_branch_labels.py for tasks to queue
[2024-12-06T21:50:47.742+0000] {logging_mixin.py:190} INFO - [2024-12-06T21:50:47.741+0000] {dagbag.py:588} INFO - Filling up the DagBag from /home/airflow/.local/lib/python3.12/site-packages/airflow/example_dags/example_branch_labels.py
[2024-12-06T21:50:47.758+0000] {processor.py:925} INFO - DAG(s) 'example_branch_labels' retrieved from /home/airflow/.local/lib/python3.12/site-packages/airflow/example_dags/example_branch_labels.py
[2024-12-06T21:50:47.793+0000] {logging_mixin.py:190} INFO - [2024-12-06T21:50:47.793+0000] {dag.py:3239} INFO - Sync 1 DAGs
[2024-12-06T21:50:47.832+0000] {logging_mixin.py:190} INFO - [2024-12-06T21:50:47.831+0000] {dag.py:4180} INFO - Setting next_dagrun for example_branch_labels to 2024-12-05 00:00:00+00:00, run_after=2024-12-06 00:00:00+00:00
[2024-12-06T21:50:47.863+0000] {processor.py:208} INFO - Processing /home/airflow/.local/lib/python3.12/site-packages/airflow/example_dags/example_branch_labels.py took 0.140 seconds
[2024-12-06T21:51:18.119+0000] {processor.py:186} INFO - Started process (PID=1360) to work on /home/airflow/.local/lib/python3.12/site-packages/airflow/example_dags/example_branch_labels.py
[2024-12-06T21:51:18.121+0000] {processor.py:914} INFO - Processing file /home/airflow/.local/lib/python3.12/site-packages/airflow/example_dags/example_branch_labels.py for tasks to queue
[2024-12-06T21:51:18.125+0000] {logging_mixin.py:190} INFO - [2024-12-06T21:51:18.124+0000] {dagbag.py:588} INFO - Filling up the DagBag from /home/airflow/.local/lib/python3.12/site-packages/airflow/example_dags/example_branch_labels.py
[2024-12-06T21:51:18.142+0000] {processor.py:925} INFO - DAG(s) 'example_branch_labels' retrieved from /home/airflow/.local/lib/python3.12/site-packages/airflow/example_dags/example_branch_labels.py
[2024-12-06T21:51:18.178+0000] {logging_mixin.py:190} INFO - [2024-12-06T21:51:18.177+0000] {dag.py:3239} INFO - Sync 1 DAGs
[2024-12-06T21:51:18.220+0000] {logging_mixin.py:190} INFO - [2024-12-06T21:51:18.220+0000] {dag.py:4180} INFO - Setting next_dagrun for example_branch_labels to 2024-12-05 00:00:00+00:00, run_after=2024-12-06 00:00:00+00:00
[2024-12-06T21:51:18.249+0000] {processor.py:208} INFO - Processing /home/airflow/.local/lib/python3.12/site-packages/airflow/example_dags/example_branch_labels.py took 0.141 seconds
[2024-12-06T21:51:48.927+0000] {processor.py:186} INFO - Started process (PID=1423) to work on /home/airflow/.local/lib/python3.12/site-packages/airflow/example_dags/example_branch_labels.py
[2024-12-06T21:51:48.930+0000] {processor.py:914} INFO - Processing file /home/airflow/.local/lib/python3.12/site-packages/airflow/example_dags/example_branch_labels.py for tasks to queue
[2024-12-06T21:51:48.934+0000] {logging_mixin.py:190} INFO - [2024-12-06T21:51:48.933+0000] {dagbag.py:588} INFO - Filling up the DagBag from /home/airflow/.local/lib/python3.12/site-packages/airflow/example_dags/example_branch_labels.py
[2024-12-06T21:51:48.952+0000] {processor.py:925} INFO - DAG(s) 'example_branch_labels' retrieved from /home/airflow/.local/lib/python3.12/site-packages/airflow/example_dags/example_branch_labels.py
[2024-12-06T21:51:48.990+0000] {logging_mixin.py:190} INFO - [2024-12-06T21:51:48.989+0000] {dag.py:3239} INFO - Sync 1 DAGs
[2024-12-06T21:51:49.032+0000] {logging_mixin.py:190} INFO - [2024-12-06T21:51:49.032+0000] {dag.py:4180} INFO - Setting next_dagrun for example_branch_labels to 2024-12-05 00:00:00+00:00, run_after=2024-12-06 00:00:00+00:00
[2024-12-06T21:51:49.065+0000] {processor.py:208} INFO - Processing /home/airflow/.local/lib/python3.12/site-packages/airflow/example_dags/example_branch_labels.py took 0.150 seconds
[2024-12-06T21:52:19.999+0000] {processor.py:186} INFO - Started process (PID=1486) to work on /home/airflow/.local/lib/python3.12/site-packages/airflow/example_dags/example_branch_labels.py
[2024-12-06T21:52:20.001+0000] {processor.py:914} INFO - Processing file /home/airflow/.local/lib/python3.12/site-packages/airflow/example_dags/example_branch_labels.py for tasks to queue
[2024-12-06T21:52:20.005+0000] {logging_mixin.py:190} INFO - [2024-12-06T21:52:20.004+0000] {dagbag.py:588} INFO - Filling up the DagBag from /home/airflow/.local/lib/python3.12/site-packages/airflow/example_dags/example_branch_labels.py
[2024-12-06T21:52:20.023+0000] {processor.py:925} INFO - DAG(s) 'example_branch_labels' retrieved from /home/airflow/.local/lib/python3.12/site-packages/airflow/example_dags/example_branch_labels.py
[2024-12-06T21:52:20.057+0000] {logging_mixin.py:190} INFO - [2024-12-06T21:52:20.056+0000] {dag.py:3239} INFO - Sync 1 DAGs
[2024-12-06T21:52:20.097+0000] {logging_mixin.py:190} INFO - [2024-12-06T21:52:20.097+0000] {dag.py:4180} INFO - Setting next_dagrun for example_branch_labels to 2024-12-05 00:00:00+00:00, run_after=2024-12-06 00:00:00+00:00
[2024-12-06T21:52:20.129+0000] {processor.py:208} INFO - Processing /home/airflow/.local/lib/python3.12/site-packages/airflow/example_dags/example_branch_labels.py took 0.141 seconds
[2024-12-06T21:52:51.180+0000] {processor.py:186} INFO - Started process (PID=1549) to work on /home/airflow/.local/lib/python3.12/site-packages/airflow/example_dags/example_branch_labels.py
[2024-12-06T21:52:51.182+0000] {processor.py:914} INFO - Processing file /home/airflow/.local/lib/python3.12/site-packages/airflow/example_dags/example_branch_labels.py for tasks to queue
[2024-12-06T21:52:51.185+0000] {logging_mixin.py:190} INFO - [2024-12-06T21:52:51.185+0000] {dagbag.py:588} INFO - Filling up the DagBag from /home/airflow/.local/lib/python3.12/site-packages/airflow/example_dags/example_branch_labels.py
[2024-12-06T21:52:51.202+0000] {processor.py:925} INFO - DAG(s) 'example_branch_labels' retrieved from /home/airflow/.local/lib/python3.12/site-packages/airflow/example_dags/example_branch_labels.py
[2024-12-06T21:52:51.234+0000] {logging_mixin.py:190} INFO - [2024-12-06T21:52:51.234+0000] {dag.py:3239} INFO - Sync 1 DAGs
[2024-12-06T21:52:51.272+0000] {logging_mixin.py:190} INFO - [2024-12-06T21:52:51.271+0000] {dag.py:4180} INFO - Setting next_dagrun for example_branch_labels to 2024-12-05 00:00:00+00:00, run_after=2024-12-06 00:00:00+00:00
[2024-12-06T21:52:51.302+0000] {processor.py:208} INFO - Processing /home/airflow/.local/lib/python3.12/site-packages/airflow/example_dags/example_branch_labels.py took 0.132 seconds
[2024-12-06T21:53:22.159+0000] {processor.py:186} INFO - Started process (PID=1612) to work on /home/airflow/.local/lib/python3.12/site-packages/airflow/example_dags/example_branch_labels.py
[2024-12-06T21:53:22.162+0000] {processor.py:914} INFO - Processing file /home/airflow/.local/lib/python3.12/site-packages/airflow/example_dags/example_branch_labels.py for tasks to queue
[2024-12-06T21:53:22.169+0000] {logging_mixin.py:190} INFO - [2024-12-06T21:53:22.168+0000] {dagbag.py:588} INFO - Filling up the DagBag from /home/airflow/.local/lib/python3.12/site-packages/airflow/example_dags/example_branch_labels.py
[2024-12-06T21:53:22.197+0000] {processor.py:925} INFO - DAG(s) 'example_branch_labels' retrieved from /home/airflow/.local/lib/python3.12/site-packages/airflow/example_dags/example_branch_labels.py
[2024-12-06T21:53:22.250+0000] {logging_mixin.py:190} INFO - [2024-12-06T21:53:22.249+0000] {dag.py:3239} INFO - Sync 1 DAGs
[2024-12-06T21:53:22.318+0000] {logging_mixin.py:190} INFO - [2024-12-06T21:53:22.317+0000] {dag.py:4180} INFO - Setting next_dagrun for example_branch_labels to 2024-12-05 00:00:00+00:00, run_after=2024-12-06 00:00:00+00:00
[2024-12-06T21:53:22.366+0000] {processor.py:208} INFO - Processing /home/airflow/.local/lib/python3.12/site-packages/airflow/example_dags/example_branch_labels.py took 0.224 seconds
[2024-12-06T21:53:52.619+0000] {processor.py:186} INFO - Started process (PID=1675) to work on /home/airflow/.local/lib/python3.12/site-packages/airflow/example_dags/example_branch_labels.py
[2024-12-06T21:53:52.621+0000] {processor.py:914} INFO - Processing file /home/airflow/.local/lib/python3.12/site-packages/airflow/example_dags/example_branch_labels.py for tasks to queue
[2024-12-06T21:53:52.626+0000] {logging_mixin.py:190} INFO - [2024-12-06T21:53:52.625+0000] {dagbag.py:588} INFO - Filling up the DagBag from /home/airflow/.local/lib/python3.12/site-packages/airflow/example_dags/example_branch_labels.py
[2024-12-06T21:53:52.647+0000] {processor.py:925} INFO - DAG(s) 'example_branch_labels' retrieved from /home/airflow/.local/lib/python3.12/site-packages/airflow/example_dags/example_branch_labels.py
[2024-12-06T21:53:52.680+0000] {logging_mixin.py:190} INFO - [2024-12-06T21:53:52.680+0000] {dag.py:3239} INFO - Sync 1 DAGs
[2024-12-06T21:53:52.718+0000] {logging_mixin.py:190} INFO - [2024-12-06T21:53:52.718+0000] {dag.py:4180} INFO - Setting next_dagrun for example_branch_labels to 2024-12-05 00:00:00+00:00, run_after=2024-12-06 00:00:00+00:00
[2024-12-06T21:53:52.743+0000] {processor.py:208} INFO - Processing /home/airflow/.local/lib/python3.12/site-packages/airflow/example_dags/example_branch_labels.py took 0.134 seconds
[2024-12-06T21:54:22.992+0000] {processor.py:186} INFO - Started process (PID=1738) to work on /home/airflow/.local/lib/python3.12/site-packages/airflow/example_dags/example_branch_labels.py
[2024-12-06T21:54:22.995+0000] {processor.py:914} INFO - Processing file /home/airflow/.local/lib/python3.12/site-packages/airflow/example_dags/example_branch_labels.py for tasks to queue
[2024-12-06T21:54:22.998+0000] {logging_mixin.py:190} INFO - [2024-12-06T21:54:22.998+0000] {dagbag.py:588} INFO - Filling up the DagBag from /home/airflow/.local/lib/python3.12/site-packages/airflow/example_dags/example_branch_labels.py
[2024-12-06T21:54:23.015+0000] {processor.py:925} INFO - DAG(s) 'example_branch_labels' retrieved from /home/airflow/.local/lib/python3.12/site-packages/airflow/example_dags/example_branch_labels.py
[2024-12-06T21:54:23.053+0000] {logging_mixin.py:190} INFO - [2024-12-06T21:54:23.052+0000] {dag.py:3239} INFO - Sync 1 DAGs
[2024-12-06T21:54:23.109+0000] {logging_mixin.py:190} INFO - [2024-12-06T21:54:23.109+0000] {dag.py:4180} INFO - Setting next_dagrun for example_branch_labels to 2024-12-05 00:00:00+00:00, run_after=2024-12-06 00:00:00+00:00
[2024-12-06T21:54:23.144+0000] {processor.py:208} INFO - Processing /home/airflow/.local/lib/python3.12/site-packages/airflow/example_dags/example_branch_labels.py took 0.168 seconds
[2024-12-06T21:54:53.732+0000] {processor.py:186} INFO - Started process (PID=1801) to work on /home/airflow/.local/lib/python3.12/site-packages/airflow/example_dags/example_branch_labels.py
[2024-12-06T21:54:53.734+0000] {processor.py:914} INFO - Processing file /home/airflow/.local/lib/python3.12/site-packages/airflow/example_dags/example_branch_labels.py for tasks to queue
[2024-12-06T21:54:53.738+0000] {logging_mixin.py:190} INFO - [2024-12-06T21:54:53.737+0000] {dagbag.py:588} INFO - Filling up the DagBag from /home/airflow/.local/lib/python3.12/site-packages/airflow/example_dags/example_branch_labels.py
[2024-12-06T21:54:53.755+0000] {processor.py:925} INFO - DAG(s) 'example_branch_labels' retrieved from /home/airflow/.local/lib/python3.12/site-packages/airflow/example_dags/example_branch_labels.py
[2024-12-06T21:54:53.790+0000] {logging_mixin.py:190} INFO - [2024-12-06T21:54:53.790+0000] {dag.py:3239} INFO - Sync 1 DAGs
[2024-12-06T21:54:53.831+0000] {logging_mixin.py:190} INFO - [2024-12-06T21:54:53.830+0000] {dag.py:4180} INFO - Setting next_dagrun for example_branch_labels to 2024-12-05 00:00:00+00:00, run_after=2024-12-06 00:00:00+00:00
[2024-12-06T21:54:53.863+0000] {processor.py:208} INFO - Processing /home/airflow/.local/lib/python3.12/site-packages/airflow/example_dags/example_branch_labels.py took 0.141 seconds
[2024-12-06T21:55:24.930+0000] {processor.py:186} INFO - Started process (PID=1864) to work on /home/airflow/.local/lib/python3.12/site-packages/airflow/example_dags/example_branch_labels.py
[2024-12-06T21:55:24.932+0000] {processor.py:914} INFO - Processing file /home/airflow/.local/lib/python3.12/site-packages/airflow/example_dags/example_branch_labels.py for tasks to queue
[2024-12-06T21:55:24.936+0000] {logging_mixin.py:190} INFO - [2024-12-06T21:55:24.935+0000] {dagbag.py:588} INFO - Filling up the DagBag from /home/airflow/.local/lib/python3.12/site-packages/airflow/example_dags/example_branch_labels.py
[2024-12-06T21:55:24.954+0000] {processor.py:925} INFO - DAG(s) 'example_branch_labels' retrieved from /home/airflow/.local/lib/python3.12/site-packages/airflow/example_dags/example_branch_labels.py
[2024-12-06T21:55:24.984+0000] {logging_mixin.py:190} INFO - [2024-12-06T21:55:24.984+0000] {dag.py:3239} INFO - Sync 1 DAGs
[2024-12-06T21:55:25.023+0000] {logging_mixin.py:190} INFO - [2024-12-06T21:55:25.023+0000] {dag.py:4180} INFO - Setting next_dagrun for example_branch_labels to 2024-12-05 00:00:00+00:00, run_after=2024-12-06 00:00:00+00:00
[2024-12-06T21:55:25.051+0000] {processor.py:208} INFO - Processing /home/airflow/.local/lib/python3.12/site-packages/airflow/example_dags/example_branch_labels.py took 0.134 seconds
[2024-12-06T21:55:55.698+0000] {processor.py:186} INFO - Started process (PID=1927) to work on /home/airflow/.local/lib/python3.12/site-packages/airflow/example_dags/example_branch_labels.py
[2024-12-06T21:55:55.702+0000] {processor.py:914} INFO - Processing file /home/airflow/.local/lib/python3.12/site-packages/airflow/example_dags/example_branch_labels.py for tasks to queue
[2024-12-06T21:55:55.713+0000] {logging_mixin.py:190} INFO - [2024-12-06T21:55:55.711+0000] {dagbag.py:588} INFO - Filling up the DagBag from /home/airflow/.local/lib/python3.12/site-packages/airflow/example_dags/example_branch_labels.py
[2024-12-06T21:55:55.756+0000] {processor.py:925} INFO - DAG(s) 'example_branch_labels' retrieved from /home/airflow/.local/lib/python3.12/site-packages/airflow/example_dags/example_branch_labels.py
[2024-12-06T21:55:55.835+0000] {logging_mixin.py:190} INFO - [2024-12-06T21:55:55.834+0000] {dag.py:3239} INFO - Sync 1 DAGs
[2024-12-06T21:55:55.908+0000] {logging_mixin.py:190} INFO - [2024-12-06T21:55:55.908+0000] {dag.py:4180} INFO - Setting next_dagrun for example_branch_labels to 2024-12-05 00:00:00+00:00, run_after=2024-12-06 00:00:00+00:00
[2024-12-06T21:55:55.963+0000] {processor.py:208} INFO - Processing /home/airflow/.local/lib/python3.12/site-packages/airflow/example_dags/example_branch_labels.py took 0.291 seconds
[2024-12-06T21:56:26.182+0000] {processor.py:186} INFO - Started process (PID=1990) to work on /home/airflow/.local/lib/python3.12/site-packages/airflow/example_dags/example_branch_labels.py
[2024-12-06T21:56:26.184+0000] {processor.py:914} INFO - Processing file /home/airflow/.local/lib/python3.12/site-packages/airflow/example_dags/example_branch_labels.py for tasks to queue
[2024-12-06T21:56:26.188+0000] {logging_mixin.py:190} INFO - [2024-12-06T21:56:26.187+0000] {dagbag.py:588} INFO - Filling up the DagBag from /home/airflow/.local/lib/python3.12/site-packages/airflow/example_dags/example_branch_labels.py
[2024-12-06T21:56:26.205+0000] {processor.py:925} INFO - DAG(s) 'example_branch_labels' retrieved from /home/airflow/.local/lib/python3.12/site-packages/airflow/example_dags/example_branch_labels.py
[2024-12-06T21:56:26.242+0000] {logging_mixin.py:190} INFO - [2024-12-06T21:56:26.241+0000] {dag.py:3239} INFO - Sync 1 DAGs
[2024-12-06T21:56:26.289+0000] {logging_mixin.py:190} INFO - [2024-12-06T21:56:26.288+0000] {dag.py:4180} INFO - Setting next_dagrun for example_branch_labels to 2024-12-05 00:00:00+00:00, run_after=2024-12-06 00:00:00+00:00
[2024-12-06T21:56:26.322+0000] {processor.py:208} INFO - Processing /home/airflow/.local/lib/python3.12/site-packages/airflow/example_dags/example_branch_labels.py took 0.151 seconds
[2024-12-06T21:56:56.411+0000] {processor.py:186} INFO - Started process (PID=2053) to work on /home/airflow/.local/lib/python3.12/site-packages/airflow/example_dags/example_branch_labels.py
[2024-12-06T21:56:56.412+0000] {processor.py:914} INFO - Processing file /home/airflow/.local/lib/python3.12/site-packages/airflow/example_dags/example_branch_labels.py for tasks to queue
[2024-12-06T21:56:56.416+0000] {logging_mixin.py:190} INFO - [2024-12-06T21:56:56.415+0000] {dagbag.py:588} INFO - Filling up the DagBag from /home/airflow/.local/lib/python3.12/site-packages/airflow/example_dags/example_branch_labels.py
[2024-12-06T21:56:56.430+0000] {processor.py:925} INFO - DAG(s) 'example_branch_labels' retrieved from /home/airflow/.local/lib/python3.12/site-packages/airflow/example_dags/example_branch_labels.py
[2024-12-06T21:56:56.460+0000] {logging_mixin.py:190} INFO - [2024-12-06T21:56:56.460+0000] {dag.py:3239} INFO - Sync 1 DAGs
[2024-12-06T21:56:56.495+0000] {logging_mixin.py:190} INFO - [2024-12-06T21:56:56.495+0000] {dag.py:4180} INFO - Setting next_dagrun for example_branch_labels to 2024-12-05 00:00:00+00:00, run_after=2024-12-06 00:00:00+00:00
[2024-12-06T21:56:56.523+0000] {processor.py:208} INFO - Processing /home/airflow/.local/lib/python3.12/site-packages/airflow/example_dags/example_branch_labels.py took 0.120 seconds
[2024-12-06T21:57:26.713+0000] {processor.py:186} INFO - Started process (PID=2117) to work on /home/airflow/.local/lib/python3.12/site-packages/airflow/example_dags/example_branch_labels.py
[2024-12-06T21:57:26.714+0000] {processor.py:914} INFO - Processing file /home/airflow/.local/lib/python3.12/site-packages/airflow/example_dags/example_branch_labels.py for tasks to queue
[2024-12-06T21:57:26.718+0000] {logging_mixin.py:190} INFO - [2024-12-06T21:57:26.718+0000] {dagbag.py:588} INFO - Filling up the DagBag from /home/airflow/.local/lib/python3.12/site-packages/airflow/example_dags/example_branch_labels.py
[2024-12-06T21:57:26.733+0000] {processor.py:925} INFO - DAG(s) 'example_branch_labels' retrieved from /home/airflow/.local/lib/python3.12/site-packages/airflow/example_dags/example_branch_labels.py
[2024-12-06T21:57:26.767+0000] {logging_mixin.py:190} INFO - [2024-12-06T21:57:26.766+0000] {dag.py:3239} INFO - Sync 1 DAGs
[2024-12-06T21:57:26.804+0000] {logging_mixin.py:190} INFO - [2024-12-06T21:57:26.804+0000] {dag.py:4180} INFO - Setting next_dagrun for example_branch_labels to 2024-12-05 00:00:00+00:00, run_after=2024-12-06 00:00:00+00:00
[2024-12-06T21:57:26.831+0000] {processor.py:208} INFO - Processing /home/airflow/.local/lib/python3.12/site-packages/airflow/example_dags/example_branch_labels.py took 0.127 seconds
[2024-12-06T21:57:57.034+0000] {processor.py:186} INFO - Started process (PID=2180) to work on /home/airflow/.local/lib/python3.12/site-packages/airflow/example_dags/example_branch_labels.py
[2024-12-06T21:57:57.035+0000] {processor.py:914} INFO - Processing file /home/airflow/.local/lib/python3.12/site-packages/airflow/example_dags/example_branch_labels.py for tasks to queue
[2024-12-06T21:57:57.040+0000] {logging_mixin.py:190} INFO - [2024-12-06T21:57:57.039+0000] {dagbag.py:588} INFO - Filling up the DagBag from /home/airflow/.local/lib/python3.12/site-packages/airflow/example_dags/example_branch_labels.py
[2024-12-06T21:57:57.057+0000] {processor.py:925} INFO - DAG(s) 'example_branch_labels' retrieved from /home/airflow/.local/lib/python3.12/site-packages/airflow/example_dags/example_branch_labels.py
[2024-12-06T21:57:57.091+0000] {logging_mixin.py:190} INFO - [2024-12-06T21:57:57.091+0000] {dag.py:3239} INFO - Sync 1 DAGs
[2024-12-06T21:57:57.130+0000] {logging_mixin.py:190} INFO - [2024-12-06T21:57:57.130+0000] {dag.py:4180} INFO - Setting next_dagrun for example_branch_labels to 2024-12-05 00:00:00+00:00, run_after=2024-12-06 00:00:00+00:00
[2024-12-06T21:57:57.160+0000] {processor.py:208} INFO - Processing /home/airflow/.local/lib/python3.12/site-packages/airflow/example_dags/example_branch_labels.py took 0.137 seconds
[2024-12-06T21:58:27.423+0000] {processor.py:186} INFO - Started process (PID=2243) to work on /home/airflow/.local/lib/python3.12/site-packages/airflow/example_dags/example_branch_labels.py
[2024-12-06T21:58:27.425+0000] {processor.py:914} INFO - Processing file /home/airflow/.local/lib/python3.12/site-packages/airflow/example_dags/example_branch_labels.py for tasks to queue
[2024-12-06T21:58:27.431+0000] {logging_mixin.py:190} INFO - [2024-12-06T21:58:27.430+0000] {dagbag.py:588} INFO - Filling up the DagBag from /home/airflow/.local/lib/python3.12/site-packages/airflow/example_dags/example_branch_labels.py
[2024-12-06T21:58:27.455+0000] {processor.py:925} INFO - DAG(s) 'example_branch_labels' retrieved from /home/airflow/.local/lib/python3.12/site-packages/airflow/example_dags/example_branch_labels.py
[2024-12-06T21:58:27.498+0000] {logging_mixin.py:190} INFO - [2024-12-06T21:58:27.498+0000] {dag.py:3239} INFO - Sync 1 DAGs
[2024-12-06T21:58:27.552+0000] {logging_mixin.py:190} INFO - [2024-12-06T21:58:27.552+0000] {dag.py:4180} INFO - Setting next_dagrun for example_branch_labels to 2024-12-05 00:00:00+00:00, run_after=2024-12-06 00:00:00+00:00
[2024-12-06T21:58:27.583+0000] {processor.py:208} INFO - Processing /home/airflow/.local/lib/python3.12/site-packages/airflow/example_dags/example_branch_labels.py took 0.176 seconds
[2024-12-06T21:58:58.169+0000] {processor.py:186} INFO - Started process (PID=2305) to work on /home/airflow/.local/lib/python3.12/site-packages/airflow/example_dags/example_branch_labels.py
[2024-12-06T21:58:58.170+0000] {processor.py:914} INFO - Processing file /home/airflow/.local/lib/python3.12/site-packages/airflow/example_dags/example_branch_labels.py for tasks to queue
[2024-12-06T21:58:58.174+0000] {logging_mixin.py:190} INFO - [2024-12-06T21:58:58.174+0000] {dagbag.py:588} INFO - Filling up the DagBag from /home/airflow/.local/lib/python3.12/site-packages/airflow/example_dags/example_branch_labels.py
[2024-12-06T21:58:58.192+0000] {processor.py:925} INFO - DAG(s) 'example_branch_labels' retrieved from /home/airflow/.local/lib/python3.12/site-packages/airflow/example_dags/example_branch_labels.py
[2024-12-06T21:58:58.229+0000] {logging_mixin.py:190} INFO - [2024-12-06T21:58:58.228+0000] {dag.py:3239} INFO - Sync 1 DAGs
[2024-12-06T21:58:58.272+0000] {logging_mixin.py:190} INFO - [2024-12-06T21:58:58.272+0000] {dag.py:4180} INFO - Setting next_dagrun for example_branch_labels to 2024-12-05 00:00:00+00:00, run_after=2024-12-06 00:00:00+00:00
[2024-12-06T21:58:58.306+0000] {processor.py:208} INFO - Processing /home/airflow/.local/lib/python3.12/site-packages/airflow/example_dags/example_branch_labels.py took 0.149 seconds
[2024-12-06T21:59:29.295+0000] {processor.py:186} INFO - Started process (PID=2368) to work on /home/airflow/.local/lib/python3.12/site-packages/airflow/example_dags/example_branch_labels.py
[2024-12-06T21:59:29.296+0000] {processor.py:914} INFO - Processing file /home/airflow/.local/lib/python3.12/site-packages/airflow/example_dags/example_branch_labels.py for tasks to queue
[2024-12-06T21:59:29.302+0000] {logging_mixin.py:190} INFO - [2024-12-06T21:59:29.302+0000] {dagbag.py:588} INFO - Filling up the DagBag from /home/airflow/.local/lib/python3.12/site-packages/airflow/example_dags/example_branch_labels.py
[2024-12-06T21:59:29.321+0000] {processor.py:925} INFO - DAG(s) 'example_branch_labels' retrieved from /home/airflow/.local/lib/python3.12/site-packages/airflow/example_dags/example_branch_labels.py
[2024-12-06T21:59:29.355+0000] {logging_mixin.py:190} INFO - [2024-12-06T21:59:29.354+0000] {dag.py:3239} INFO - Sync 1 DAGs
[2024-12-06T21:59:29.398+0000] {logging_mixin.py:190} INFO - [2024-12-06T21:59:29.397+0000] {dag.py:4180} INFO - Setting next_dagrun for example_branch_labels to 2024-12-05 00:00:00+00:00, run_after=2024-12-06 00:00:00+00:00
[2024-12-06T21:59:29.429+0000] {processor.py:208} INFO - Processing /home/airflow/.local/lib/python3.12/site-packages/airflow/example_dags/example_branch_labels.py took 0.147 seconds
[2024-12-06T21:59:59.912+0000] {processor.py:186} INFO - Started process (PID=2431) to work on /home/airflow/.local/lib/python3.12/site-packages/airflow/example_dags/example_branch_labels.py
[2024-12-06T21:59:59.913+0000] {processor.py:914} INFO - Processing file /home/airflow/.local/lib/python3.12/site-packages/airflow/example_dags/example_branch_labels.py for tasks to queue
[2024-12-06T21:59:59.917+0000] {logging_mixin.py:190} INFO - [2024-12-06T21:59:59.917+0000] {dagbag.py:588} INFO - Filling up the DagBag from /home/airflow/.local/lib/python3.12/site-packages/airflow/example_dags/example_branch_labels.py
[2024-12-06T21:59:59.934+0000] {processor.py:925} INFO - DAG(s) 'example_branch_labels' retrieved from /home/airflow/.local/lib/python3.12/site-packages/airflow/example_dags/example_branch_labels.py
[2024-12-06T21:59:59.974+0000] {logging_mixin.py:190} INFO - [2024-12-06T21:59:59.974+0000] {dag.py:3239} INFO - Sync 1 DAGs
[2024-12-06T22:00:00.020+0000] {logging_mixin.py:190} INFO - [2024-12-06T22:00:00.019+0000] {dag.py:4180} INFO - Setting next_dagrun for example_branch_labels to 2024-12-05 00:00:00+00:00, run_after=2024-12-06 00:00:00+00:00
[2024-12-06T22:00:00.054+0000] {processor.py:208} INFO - Processing /home/airflow/.local/lib/python3.12/site-packages/airflow/example_dags/example_branch_labels.py took 0.154 seconds
[2024-12-06T22:00:30.862+0000] {processor.py:186} INFO - Started process (PID=2494) to work on /home/airflow/.local/lib/python3.12/site-packages/airflow/example_dags/example_branch_labels.py
[2024-12-06T22:00:30.864+0000] {processor.py:914} INFO - Processing file /home/airflow/.local/lib/python3.12/site-packages/airflow/example_dags/example_branch_labels.py for tasks to queue
[2024-12-06T22:00:30.868+0000] {logging_mixin.py:190} INFO - [2024-12-06T22:00:30.867+0000] {dagbag.py:588} INFO - Filling up the DagBag from /home/airflow/.local/lib/python3.12/site-packages/airflow/example_dags/example_branch_labels.py
[2024-12-06T22:00:30.886+0000] {processor.py:925} INFO - DAG(s) 'example_branch_labels' retrieved from /home/airflow/.local/lib/python3.12/site-packages/airflow/example_dags/example_branch_labels.py
[2024-12-06T22:00:30.921+0000] {logging_mixin.py:190} INFO - [2024-12-06T22:00:30.920+0000] {dag.py:3239} INFO - Sync 1 DAGs
[2024-12-06T22:00:30.963+0000] {logging_mixin.py:190} INFO - [2024-12-06T22:00:30.962+0000] {dag.py:4180} INFO - Setting next_dagrun for example_branch_labels to 2024-12-05 00:00:00+00:00, run_after=2024-12-06 00:00:00+00:00
[2024-12-06T22:00:30.995+0000] {processor.py:208} INFO - Processing /home/airflow/.local/lib/python3.12/site-packages/airflow/example_dags/example_branch_labels.py took 0.146 seconds
[2024-12-06T22:01:01.452+0000] {processor.py:186} INFO - Started process (PID=2557) to work on /home/airflow/.local/lib/python3.12/site-packages/airflow/example_dags/example_branch_labels.py
[2024-12-06T22:01:01.455+0000] {processor.py:914} INFO - Processing file /home/airflow/.local/lib/python3.12/site-packages/airflow/example_dags/example_branch_labels.py for tasks to queue
[2024-12-06T22:01:01.462+0000] {logging_mixin.py:190} INFO - [2024-12-06T22:01:01.461+0000] {dagbag.py:588} INFO - Filling up the DagBag from /home/airflow/.local/lib/python3.12/site-packages/airflow/example_dags/example_branch_labels.py
[2024-12-06T22:01:01.481+0000] {processor.py:925} INFO - DAG(s) 'example_branch_labels' retrieved from /home/airflow/.local/lib/python3.12/site-packages/airflow/example_dags/example_branch_labels.py
[2024-12-06T22:01:01.513+0000] {logging_mixin.py:190} INFO - [2024-12-06T22:01:01.513+0000] {dag.py:3239} INFO - Sync 1 DAGs
[2024-12-06T22:01:01.555+0000] {logging_mixin.py:190} INFO - [2024-12-06T22:01:01.554+0000] {dag.py:4180} INFO - Setting next_dagrun for example_branch_labels to 2024-12-05 00:00:00+00:00, run_after=2024-12-06 00:00:00+00:00
[2024-12-06T22:01:01.584+0000] {processor.py:208} INFO - Processing /home/airflow/.local/lib/python3.12/site-packages/airflow/example_dags/example_branch_labels.py took 0.146 seconds
[2024-12-06T22:01:31.885+0000] {processor.py:186} INFO - Started process (PID=2617) to work on /home/airflow/.local/lib/python3.12/site-packages/airflow/example_dags/example_branch_labels.py
[2024-12-06T22:01:31.887+0000] {processor.py:914} INFO - Processing file /home/airflow/.local/lib/python3.12/site-packages/airflow/example_dags/example_branch_labels.py for tasks to queue
[2024-12-06T22:01:31.892+0000] {logging_mixin.py:190} INFO - [2024-12-06T22:01:31.891+0000] {dagbag.py:588} INFO - Filling up the DagBag from /home/airflow/.local/lib/python3.12/site-packages/airflow/example_dags/example_branch_labels.py
[2024-12-06T22:01:31.919+0000] {processor.py:925} INFO - DAG(s) 'example_branch_labels' retrieved from /home/airflow/.local/lib/python3.12/site-packages/airflow/example_dags/example_branch_labels.py
[2024-12-06T22:01:31.964+0000] {logging_mixin.py:190} INFO - [2024-12-06T22:01:31.964+0000] {dag.py:3239} INFO - Sync 1 DAGs
[2024-12-06T22:01:32.003+0000] {logging_mixin.py:190} INFO - [2024-12-06T22:01:32.003+0000] {dag.py:4180} INFO - Setting next_dagrun for example_branch_labels to 2024-12-05 00:00:00+00:00, run_after=2024-12-06 00:00:00+00:00
[2024-12-06T22:01:32.035+0000] {processor.py:208} INFO - Processing /home/airflow/.local/lib/python3.12/site-packages/airflow/example_dags/example_branch_labels.py took 0.163 seconds
[2024-12-06T22:02:03.590+0000] {processor.py:186} INFO - Started process (PID=2678) to work on /home/airflow/.local/lib/python3.12/site-packages/airflow/example_dags/example_branch_labels.py
[2024-12-06T22:02:03.592+0000] {processor.py:914} INFO - Processing file /home/airflow/.local/lib/python3.12/site-packages/airflow/example_dags/example_branch_labels.py for tasks to queue
[2024-12-06T22:02:03.595+0000] {logging_mixin.py:190} INFO - [2024-12-06T22:02:03.595+0000] {dagbag.py:588} INFO - Filling up the DagBag from /home/airflow/.local/lib/python3.12/site-packages/airflow/example_dags/example_branch_labels.py
[2024-12-06T22:02:03.612+0000] {processor.py:925} INFO - DAG(s) 'example_branch_labels' retrieved from /home/airflow/.local/lib/python3.12/site-packages/airflow/example_dags/example_branch_labels.py
[2024-12-06T22:02:03.646+0000] {logging_mixin.py:190} INFO - [2024-12-06T22:02:03.645+0000] {dag.py:3239} INFO - Sync 1 DAGs
[2024-12-06T22:02:03.686+0000] {logging_mixin.py:190} INFO - [2024-12-06T22:02:03.686+0000] {dag.py:4180} INFO - Setting next_dagrun for example_branch_labels to 2024-12-05 00:00:00+00:00, run_after=2024-12-06 00:00:00+00:00
[2024-12-06T22:02:03.716+0000] {processor.py:208} INFO - Processing /home/airflow/.local/lib/python3.12/site-packages/airflow/example_dags/example_branch_labels.py took 0.137 seconds
[2024-12-06T22:02:35.145+0000] {processor.py:186} INFO - Started process (PID=2741) to work on /home/airflow/.local/lib/python3.12/site-packages/airflow/example_dags/example_branch_labels.py
[2024-12-06T22:02:35.147+0000] {processor.py:914} INFO - Processing file /home/airflow/.local/lib/python3.12/site-packages/airflow/example_dags/example_branch_labels.py for tasks to queue
[2024-12-06T22:02:35.152+0000] {logging_mixin.py:190} INFO - [2024-12-06T22:02:35.151+0000] {dagbag.py:588} INFO - Filling up the DagBag from /home/airflow/.local/lib/python3.12/site-packages/airflow/example_dags/example_branch_labels.py
[2024-12-06T22:02:35.170+0000] {processor.py:925} INFO - DAG(s) 'example_branch_labels' retrieved from /home/airflow/.local/lib/python3.12/site-packages/airflow/example_dags/example_branch_labels.py
[2024-12-06T22:02:35.206+0000] {logging_mixin.py:190} INFO - [2024-12-06T22:02:35.206+0000] {dag.py:3239} INFO - Sync 1 DAGs
[2024-12-06T22:02:35.251+0000] {logging_mixin.py:190} INFO - [2024-12-06T22:02:35.250+0000] {dag.py:4180} INFO - Setting next_dagrun for example_branch_labels to 2024-12-05 00:00:00+00:00, run_after=2024-12-06 00:00:00+00:00
[2024-12-06T22:02:35.281+0000] {processor.py:208} INFO - Processing /home/airflow/.local/lib/python3.12/site-packages/airflow/example_dags/example_branch_labels.py took 0.147 seconds
[2024-12-06T22:03:05.859+0000] {processor.py:186} INFO - Started process (PID=2801) to work on /home/airflow/.local/lib/python3.12/site-packages/airflow/example_dags/example_branch_labels.py
[2024-12-06T22:03:05.860+0000] {processor.py:914} INFO - Processing file /home/airflow/.local/lib/python3.12/site-packages/airflow/example_dags/example_branch_labels.py for tasks to queue
[2024-12-06T22:03:05.863+0000] {logging_mixin.py:190} INFO - [2024-12-06T22:03:05.863+0000] {dagbag.py:588} INFO - Filling up the DagBag from /home/airflow/.local/lib/python3.12/site-packages/airflow/example_dags/example_branch_labels.py
[2024-12-06T22:03:05.878+0000] {processor.py:925} INFO - DAG(s) 'example_branch_labels' retrieved from /home/airflow/.local/lib/python3.12/site-packages/airflow/example_dags/example_branch_labels.py
[2024-12-06T22:03:05.908+0000] {logging_mixin.py:190} INFO - [2024-12-06T22:03:05.908+0000] {dag.py:3239} INFO - Sync 1 DAGs
[2024-12-06T22:03:05.948+0000] {logging_mixin.py:190} INFO - [2024-12-06T22:03:05.947+0000] {dag.py:4180} INFO - Setting next_dagrun for example_branch_labels to 2024-12-05 00:00:00+00:00, run_after=2024-12-06 00:00:00+00:00
[2024-12-06T22:03:05.977+0000] {processor.py:208} INFO - Processing /home/airflow/.local/lib/python3.12/site-packages/airflow/example_dags/example_branch_labels.py took 0.127 seconds
[2024-12-06T22:03:36.672+0000] {processor.py:186} INFO - Started process (PID=2861) to work on /home/airflow/.local/lib/python3.12/site-packages/airflow/example_dags/example_branch_labels.py
[2024-12-06T22:03:36.674+0000] {processor.py:914} INFO - Processing file /home/airflow/.local/lib/python3.12/site-packages/airflow/example_dags/example_branch_labels.py for tasks to queue
[2024-12-06T22:03:36.678+0000] {logging_mixin.py:190} INFO - [2024-12-06T22:03:36.677+0000] {dagbag.py:588} INFO - Filling up the DagBag from /home/airflow/.local/lib/python3.12/site-packages/airflow/example_dags/example_branch_labels.py
[2024-12-06T22:03:36.693+0000] {processor.py:925} INFO - DAG(s) 'example_branch_labels' retrieved from /home/airflow/.local/lib/python3.12/site-packages/airflow/example_dags/example_branch_labels.py
[2024-12-06T22:03:36.725+0000] {logging_mixin.py:190} INFO - [2024-12-06T22:03:36.724+0000] {dag.py:3239} INFO - Sync 1 DAGs
[2024-12-06T22:03:36.766+0000] {logging_mixin.py:190} INFO - [2024-12-06T22:03:36.766+0000] {dag.py:4180} INFO - Setting next_dagrun for example_branch_labels to 2024-12-05 00:00:00+00:00, run_after=2024-12-06 00:00:00+00:00
[2024-12-06T22:03:36.795+0000] {processor.py:208} INFO - Processing /home/airflow/.local/lib/python3.12/site-packages/airflow/example_dags/example_branch_labels.py took 0.131 seconds
[2024-12-06T22:04:07.661+0000] {processor.py:186} INFO - Started process (PID=2921) to work on /home/airflow/.local/lib/python3.12/site-packages/airflow/example_dags/example_branch_labels.py
[2024-12-06T22:04:07.663+0000] {processor.py:914} INFO - Processing file /home/airflow/.local/lib/python3.12/site-packages/airflow/example_dags/example_branch_labels.py for tasks to queue
[2024-12-06T22:04:07.667+0000] {logging_mixin.py:190} INFO - [2024-12-06T22:04:07.667+0000] {dagbag.py:588} INFO - Filling up the DagBag from /home/airflow/.local/lib/python3.12/site-packages/airflow/example_dags/example_branch_labels.py
[2024-12-06T22:04:07.686+0000] {processor.py:925} INFO - DAG(s) 'example_branch_labels' retrieved from /home/airflow/.local/lib/python3.12/site-packages/airflow/example_dags/example_branch_labels.py
[2024-12-06T22:04:07.720+0000] {logging_mixin.py:190} INFO - [2024-12-06T22:04:07.720+0000] {dag.py:3239} INFO - Sync 1 DAGs
[2024-12-06T22:04:07.759+0000] {logging_mixin.py:190} INFO - [2024-12-06T22:04:07.758+0000] {dag.py:4180} INFO - Setting next_dagrun for example_branch_labels to 2024-12-05 00:00:00+00:00, run_after=2024-12-06 00:00:00+00:00
[2024-12-06T22:04:07.787+0000] {processor.py:208} INFO - Processing /home/airflow/.local/lib/python3.12/site-packages/airflow/example_dags/example_branch_labels.py took 0.137 seconds
[2024-12-06T22:04:38.563+0000] {processor.py:186} INFO - Started process (PID=2984) to work on /home/airflow/.local/lib/python3.12/site-packages/airflow/example_dags/example_branch_labels.py
[2024-12-06T22:04:38.565+0000] {processor.py:914} INFO - Processing file /home/airflow/.local/lib/python3.12/site-packages/airflow/example_dags/example_branch_labels.py for tasks to queue
[2024-12-06T22:04:38.569+0000] {logging_mixin.py:190} INFO - [2024-12-06T22:04:38.568+0000] {dagbag.py:588} INFO - Filling up the DagBag from /home/airflow/.local/lib/python3.12/site-packages/airflow/example_dags/example_branch_labels.py
[2024-12-06T22:04:38.585+0000] {processor.py:925} INFO - DAG(s) 'example_branch_labels' retrieved from /home/airflow/.local/lib/python3.12/site-packages/airflow/example_dags/example_branch_labels.py
[2024-12-06T22:04:38.621+0000] {logging_mixin.py:190} INFO - [2024-12-06T22:04:38.621+0000] {dag.py:3239} INFO - Sync 1 DAGs
[2024-12-06T22:04:38.665+0000] {logging_mixin.py:190} INFO - [2024-12-06T22:04:38.665+0000] {dag.py:4180} INFO - Setting next_dagrun for example_branch_labels to 2024-12-05 00:00:00+00:00, run_after=2024-12-06 00:00:00+00:00
[2024-12-06T22:04:38.694+0000] {processor.py:208} INFO - Processing /home/airflow/.local/lib/python3.12/site-packages/airflow/example_dags/example_branch_labels.py took 0.141 seconds
[2024-12-06T22:05:09.130+0000] {processor.py:186} INFO - Started process (PID=3036) to work on /home/airflow/.local/lib/python3.12/site-packages/airflow/example_dags/example_branch_labels.py
[2024-12-06T22:05:09.132+0000] {processor.py:914} INFO - Processing file /home/airflow/.local/lib/python3.12/site-packages/airflow/example_dags/example_branch_labels.py for tasks to queue
[2024-12-06T22:05:09.137+0000] {logging_mixin.py:190} INFO - [2024-12-06T22:05:09.136+0000] {dagbag.py:588} INFO - Filling up the DagBag from /home/airflow/.local/lib/python3.12/site-packages/airflow/example_dags/example_branch_labels.py
[2024-12-06T22:05:09.152+0000] {processor.py:925} INFO - DAG(s) 'example_branch_labels' retrieved from /home/airflow/.local/lib/python3.12/site-packages/airflow/example_dags/example_branch_labels.py
[2024-12-06T22:05:09.180+0000] {logging_mixin.py:190} INFO - [2024-12-06T22:05:09.180+0000] {dag.py:3239} INFO - Sync 1 DAGs
[2024-12-06T22:05:09.218+0000] {logging_mixin.py:190} INFO - [2024-12-06T22:05:09.217+0000] {dag.py:4180} INFO - Setting next_dagrun for example_branch_labels to 2024-12-05 00:00:00+00:00, run_after=2024-12-06 00:00:00+00:00
[2024-12-06T22:05:09.244+0000] {processor.py:208} INFO - Processing /home/airflow/.local/lib/python3.12/site-packages/airflow/example_dags/example_branch_labels.py took 0.122 seconds
[2024-12-06T22:05:40.261+0000] {processor.py:186} INFO - Started process (PID=3093) to work on /home/airflow/.local/lib/python3.12/site-packages/airflow/example_dags/example_branch_labels.py
[2024-12-06T22:05:40.263+0000] {processor.py:914} INFO - Processing file /home/airflow/.local/lib/python3.12/site-packages/airflow/example_dags/example_branch_labels.py for tasks to queue
[2024-12-06T22:05:40.266+0000] {logging_mixin.py:190} INFO - [2024-12-06T22:05:40.266+0000] {dagbag.py:588} INFO - Filling up the DagBag from /home/airflow/.local/lib/python3.12/site-packages/airflow/example_dags/example_branch_labels.py
[2024-12-06T22:05:40.282+0000] {processor.py:925} INFO - DAG(s) 'example_branch_labels' retrieved from /home/airflow/.local/lib/python3.12/site-packages/airflow/example_dags/example_branch_labels.py
[2024-12-06T22:05:40.313+0000] {logging_mixin.py:190} INFO - [2024-12-06T22:05:40.312+0000] {dag.py:3239} INFO - Sync 1 DAGs
[2024-12-06T22:05:40.346+0000] {logging_mixin.py:190} INFO - [2024-12-06T22:05:40.345+0000] {dag.py:4180} INFO - Setting next_dagrun for example_branch_labels to 2024-12-05 00:00:00+00:00, run_after=2024-12-06 00:00:00+00:00
[2024-12-06T22:05:40.371+0000] {processor.py:208} INFO - Processing /home/airflow/.local/lib/python3.12/site-packages/airflow/example_dags/example_branch_labels.py took 0.119 seconds
[2024-12-06T22:06:11.712+0000] {processor.py:186} INFO - Started process (PID=3152) to work on /home/airflow/.local/lib/python3.12/site-packages/airflow/example_dags/example_branch_labels.py
[2024-12-06T22:06:11.714+0000] {processor.py:914} INFO - Processing file /home/airflow/.local/lib/python3.12/site-packages/airflow/example_dags/example_branch_labels.py for tasks to queue
[2024-12-06T22:06:11.719+0000] {logging_mixin.py:190} INFO - [2024-12-06T22:06:11.718+0000] {dagbag.py:588} INFO - Filling up the DagBag from /home/airflow/.local/lib/python3.12/site-packages/airflow/example_dags/example_branch_labels.py
[2024-12-06T22:06:11.742+0000] {processor.py:925} INFO - DAG(s) 'example_branch_labels' retrieved from /home/airflow/.local/lib/python3.12/site-packages/airflow/example_dags/example_branch_labels.py
[2024-12-06T22:06:11.783+0000] {logging_mixin.py:190} INFO - [2024-12-06T22:06:11.782+0000] {dag.py:3239} INFO - Sync 1 DAGs
[2024-12-06T22:06:11.825+0000] {logging_mixin.py:190} INFO - [2024-12-06T22:06:11.824+0000] {dag.py:4180} INFO - Setting next_dagrun for example_branch_labels to 2024-12-05 00:00:00+00:00, run_after=2024-12-06 00:00:00+00:00
[2024-12-06T22:06:11.856+0000] {processor.py:208} INFO - Processing /home/airflow/.local/lib/python3.12/site-packages/airflow/example_dags/example_branch_labels.py took 0.161 seconds
[2024-12-06T22:06:42.470+0000] {processor.py:186} INFO - Started process (PID=3210) to work on /home/airflow/.local/lib/python3.12/site-packages/airflow/example_dags/example_branch_labels.py
[2024-12-06T22:06:42.472+0000] {processor.py:914} INFO - Processing file /home/airflow/.local/lib/python3.12/site-packages/airflow/example_dags/example_branch_labels.py for tasks to queue
[2024-12-06T22:06:42.476+0000] {logging_mixin.py:190} INFO - [2024-12-06T22:06:42.475+0000] {dagbag.py:588} INFO - Filling up the DagBag from /home/airflow/.local/lib/python3.12/site-packages/airflow/example_dags/example_branch_labels.py
[2024-12-06T22:06:42.495+0000] {processor.py:925} INFO - DAG(s) 'example_branch_labels' retrieved from /home/airflow/.local/lib/python3.12/site-packages/airflow/example_dags/example_branch_labels.py
[2024-12-06T22:06:42.530+0000] {logging_mixin.py:190} INFO - [2024-12-06T22:06:42.530+0000] {dag.py:3239} INFO - Sync 1 DAGs
[2024-12-06T22:06:42.570+0000] {logging_mixin.py:190} INFO - [2024-12-06T22:06:42.569+0000] {dag.py:4180} INFO - Setting next_dagrun for example_branch_labels to 2024-12-05 00:00:00+00:00, run_after=2024-12-06 00:00:00+00:00
[2024-12-06T22:06:42.602+0000] {processor.py:208} INFO - Processing /home/airflow/.local/lib/python3.12/site-packages/airflow/example_dags/example_branch_labels.py took 0.141 seconds
[2024-12-06T22:07:14.441+0000] {processor.py:186} INFO - Started process (PID=3272) to work on /home/airflow/.local/lib/python3.12/site-packages/airflow/example_dags/example_branch_labels.py
[2024-12-06T22:07:14.442+0000] {processor.py:914} INFO - Processing file /home/airflow/.local/lib/python3.12/site-packages/airflow/example_dags/example_branch_labels.py for tasks to queue
[2024-12-06T22:07:14.448+0000] {logging_mixin.py:190} INFO - [2024-12-06T22:07:14.447+0000] {dagbag.py:588} INFO - Filling up the DagBag from /home/airflow/.local/lib/python3.12/site-packages/airflow/example_dags/example_branch_labels.py
[2024-12-06T22:07:14.466+0000] {processor.py:925} INFO - DAG(s) 'example_branch_labels' retrieved from /home/airflow/.local/lib/python3.12/site-packages/airflow/example_dags/example_branch_labels.py
[2024-12-06T22:07:14.504+0000] {logging_mixin.py:190} INFO - [2024-12-06T22:07:14.504+0000] {dag.py:3239} INFO - Sync 1 DAGs
[2024-12-06T22:07:14.547+0000] {logging_mixin.py:190} INFO - [2024-12-06T22:07:14.546+0000] {dag.py:4180} INFO - Setting next_dagrun for example_branch_labels to 2024-12-05 00:00:00+00:00, run_after=2024-12-06 00:00:00+00:00
[2024-12-06T22:07:14.583+0000] {processor.py:208} INFO - Processing /home/airflow/.local/lib/python3.12/site-packages/airflow/example_dags/example_branch_labels.py took 0.152 seconds
[2024-12-06T22:07:46.895+0000] {processor.py:186} INFO - Started process (PID=3335) to work on /home/airflow/.local/lib/python3.12/site-packages/airflow/example_dags/example_branch_labels.py
[2024-12-06T22:07:46.897+0000] {processor.py:914} INFO - Processing file /home/airflow/.local/lib/python3.12/site-packages/airflow/example_dags/example_branch_labels.py for tasks to queue
[2024-12-06T22:07:46.904+0000] {logging_mixin.py:190} INFO - [2024-12-06T22:07:46.903+0000] {dagbag.py:588} INFO - Filling up the DagBag from /home/airflow/.local/lib/python3.12/site-packages/airflow/example_dags/example_branch_labels.py
[2024-12-06T22:07:46.923+0000] {processor.py:925} INFO - DAG(s) 'example_branch_labels' retrieved from /home/airflow/.local/lib/python3.12/site-packages/airflow/example_dags/example_branch_labels.py
[2024-12-06T22:07:46.966+0000] {logging_mixin.py:190} INFO - [2024-12-06T22:07:46.966+0000] {dag.py:3239} INFO - Sync 1 DAGs
[2024-12-06T22:07:47.010+0000] {logging_mixin.py:190} INFO - [2024-12-06T22:07:47.010+0000] {dag.py:4180} INFO - Setting next_dagrun for example_branch_labels to 2024-12-05 00:00:00+00:00, run_after=2024-12-06 00:00:00+00:00
[2024-12-06T22:07:47.097+0000] {processor.py:208} INFO - Processing /home/airflow/.local/lib/python3.12/site-packages/airflow/example_dags/example_branch_labels.py took 0.215 seconds
[2024-12-06T22:08:18.447+0000] {processor.py:186} INFO - Started process (PID=3398) to work on /home/airflow/.local/lib/python3.12/site-packages/airflow/example_dags/example_branch_labels.py
[2024-12-06T22:08:18.449+0000] {processor.py:914} INFO - Processing file /home/airflow/.local/lib/python3.12/site-packages/airflow/example_dags/example_branch_labels.py for tasks to queue
[2024-12-06T22:08:18.452+0000] {logging_mixin.py:190} INFO - [2024-12-06T22:08:18.451+0000] {dagbag.py:588} INFO - Filling up the DagBag from /home/airflow/.local/lib/python3.12/site-packages/airflow/example_dags/example_branch_labels.py
[2024-12-06T22:08:18.466+0000] {processor.py:925} INFO - DAG(s) 'example_branch_labels' retrieved from /home/airflow/.local/lib/python3.12/site-packages/airflow/example_dags/example_branch_labels.py
[2024-12-06T22:08:18.499+0000] {logging_mixin.py:190} INFO - [2024-12-06T22:08:18.498+0000] {dag.py:3239} INFO - Sync 1 DAGs
[2024-12-06T22:08:18.534+0000] {logging_mixin.py:190} INFO - [2024-12-06T22:08:18.534+0000] {dag.py:4180} INFO - Setting next_dagrun for example_branch_labels to 2024-12-05 00:00:00+00:00, run_after=2024-12-06 00:00:00+00:00
[2024-12-06T22:08:18.561+0000] {processor.py:208} INFO - Processing /home/airflow/.local/lib/python3.12/site-packages/airflow/example_dags/example_branch_labels.py took 0.123 seconds
[2024-12-06T22:08:50.132+0000] {processor.py:186} INFO - Started process (PID=3467) to work on /home/airflow/.local/lib/python3.12/site-packages/airflow/example_dags/example_branch_labels.py
[2024-12-06T22:08:50.134+0000] {processor.py:914} INFO - Processing file /home/airflow/.local/lib/python3.12/site-packages/airflow/example_dags/example_branch_labels.py for tasks to queue
[2024-12-06T22:08:50.138+0000] {logging_mixin.py:190} INFO - [2024-12-06T22:08:50.137+0000] {dagbag.py:588} INFO - Filling up the DagBag from /home/airflow/.local/lib/python3.12/site-packages/airflow/example_dags/example_branch_labels.py
[2024-12-06T22:08:50.156+0000] {processor.py:925} INFO - DAG(s) 'example_branch_labels' retrieved from /home/airflow/.local/lib/python3.12/site-packages/airflow/example_dags/example_branch_labels.py
[2024-12-06T22:08:50.192+0000] {logging_mixin.py:190} INFO - [2024-12-06T22:08:50.191+0000] {dag.py:3239} INFO - Sync 1 DAGs
[2024-12-06T22:08:50.458+0000] {logging_mixin.py:190} INFO - [2024-12-06T22:08:50.457+0000] {dag.py:4180} INFO - Setting next_dagrun for example_branch_labels to 2024-12-05 00:00:00+00:00, run_after=2024-12-06 00:00:00+00:00
[2024-12-06T22:08:50.486+0000] {processor.py:208} INFO - Processing /home/airflow/.local/lib/python3.12/site-packages/airflow/example_dags/example_branch_labels.py took 0.364 seconds
[2024-12-06T22:09:20.967+0000] {processor.py:186} INFO - Started process (PID=3530) to work on /home/airflow/.local/lib/python3.12/site-packages/airflow/example_dags/example_branch_labels.py
[2024-12-06T22:09:20.969+0000] {processor.py:914} INFO - Processing file /home/airflow/.local/lib/python3.12/site-packages/airflow/example_dags/example_branch_labels.py for tasks to queue
[2024-12-06T22:09:20.972+0000] {logging_mixin.py:190} INFO - [2024-12-06T22:09:20.972+0000] {dagbag.py:588} INFO - Filling up the DagBag from /home/airflow/.local/lib/python3.12/site-packages/airflow/example_dags/example_branch_labels.py
[2024-12-06T22:09:20.989+0000] {processor.py:925} INFO - DAG(s) 'example_branch_labels' retrieved from /home/airflow/.local/lib/python3.12/site-packages/airflow/example_dags/example_branch_labels.py
[2024-12-06T22:09:21.023+0000] {logging_mixin.py:190} INFO - [2024-12-06T22:09:21.023+0000] {dag.py:3239} INFO - Sync 1 DAGs
[2024-12-06T22:09:21.065+0000] {logging_mixin.py:190} INFO - [2024-12-06T22:09:21.065+0000] {dag.py:4180} INFO - Setting next_dagrun for example_branch_labels to 2024-12-05 00:00:00+00:00, run_after=2024-12-06 00:00:00+00:00
[2024-12-06T22:09:21.095+0000] {processor.py:208} INFO - Processing /home/airflow/.local/lib/python3.12/site-packages/airflow/example_dags/example_branch_labels.py took 0.141 seconds
[2024-12-06T22:09:52.438+0000] {processor.py:186} INFO - Started process (PID=3593) to work on /home/airflow/.local/lib/python3.12/site-packages/airflow/example_dags/example_branch_labels.py
[2024-12-06T22:09:52.440+0000] {processor.py:914} INFO - Processing file /home/airflow/.local/lib/python3.12/site-packages/airflow/example_dags/example_branch_labels.py for tasks to queue
[2024-12-06T22:09:52.446+0000] {logging_mixin.py:190} INFO - [2024-12-06T22:09:52.445+0000] {dagbag.py:588} INFO - Filling up the DagBag from /home/airflow/.local/lib/python3.12/site-packages/airflow/example_dags/example_branch_labels.py
[2024-12-06T22:09:52.466+0000] {processor.py:925} INFO - DAG(s) 'example_branch_labels' retrieved from /home/airflow/.local/lib/python3.12/site-packages/airflow/example_dags/example_branch_labels.py
[2024-12-06T22:09:52.506+0000] {logging_mixin.py:190} INFO - [2024-12-06T22:09:52.505+0000] {dag.py:3239} INFO - Sync 1 DAGs
[2024-12-06T22:09:52.558+0000] {logging_mixin.py:190} INFO - [2024-12-06T22:09:52.557+0000] {dag.py:4180} INFO - Setting next_dagrun for example_branch_labels to 2024-12-05 00:00:00+00:00, run_after=2024-12-06 00:00:00+00:00
[2024-12-06T22:09:52.596+0000] {processor.py:208} INFO - Processing /home/airflow/.local/lib/python3.12/site-packages/airflow/example_dags/example_branch_labels.py took 0.171 seconds
[2024-12-06T22:10:23.372+0000] {processor.py:186} INFO - Started process (PID=3656) to work on /home/airflow/.local/lib/python3.12/site-packages/airflow/example_dags/example_branch_labels.py
[2024-12-06T22:10:23.373+0000] {processor.py:914} INFO - Processing file /home/airflow/.local/lib/python3.12/site-packages/airflow/example_dags/example_branch_labels.py for tasks to queue
[2024-12-06T22:10:23.377+0000] {logging_mixin.py:190} INFO - [2024-12-06T22:10:23.377+0000] {dagbag.py:588} INFO - Filling up the DagBag from /home/airflow/.local/lib/python3.12/site-packages/airflow/example_dags/example_branch_labels.py
[2024-12-06T22:10:23.395+0000] {processor.py:925} INFO - DAG(s) 'example_branch_labels' retrieved from /home/airflow/.local/lib/python3.12/site-packages/airflow/example_dags/example_branch_labels.py
[2024-12-06T22:10:23.431+0000] {logging_mixin.py:190} INFO - [2024-12-06T22:10:23.430+0000] {dag.py:3239} INFO - Sync 1 DAGs
[2024-12-06T22:10:23.468+0000] {logging_mixin.py:190} INFO - [2024-12-06T22:10:23.468+0000] {dag.py:4180} INFO - Setting next_dagrun for example_branch_labels to 2024-12-05 00:00:00+00:00, run_after=2024-12-06 00:00:00+00:00
[2024-12-06T22:10:23.493+0000] {processor.py:208} INFO - Processing /home/airflow/.local/lib/python3.12/site-packages/airflow/example_dags/example_branch_labels.py took 0.131 seconds
[2024-12-06T22:10:54.409+0000] {processor.py:186} INFO - Started process (PID=3719) to work on /home/airflow/.local/lib/python3.12/site-packages/airflow/example_dags/example_branch_labels.py
[2024-12-06T22:10:54.411+0000] {processor.py:914} INFO - Processing file /home/airflow/.local/lib/python3.12/site-packages/airflow/example_dags/example_branch_labels.py for tasks to queue
[2024-12-06T22:10:54.414+0000] {logging_mixin.py:190} INFO - [2024-12-06T22:10:54.414+0000] {dagbag.py:588} INFO - Filling up the DagBag from /home/airflow/.local/lib/python3.12/site-packages/airflow/example_dags/example_branch_labels.py
[2024-12-06T22:10:54.428+0000] {processor.py:925} INFO - DAG(s) 'example_branch_labels' retrieved from /home/airflow/.local/lib/python3.12/site-packages/airflow/example_dags/example_branch_labels.py
[2024-12-06T22:10:54.458+0000] {logging_mixin.py:190} INFO - [2024-12-06T22:10:54.458+0000] {dag.py:3239} INFO - Sync 1 DAGs
[2024-12-06T22:10:54.494+0000] {logging_mixin.py:190} INFO - [2024-12-06T22:10:54.494+0000] {dag.py:4180} INFO - Setting next_dagrun for example_branch_labels to 2024-12-05 00:00:00+00:00, run_after=2024-12-06 00:00:00+00:00
[2024-12-06T22:10:54.519+0000] {processor.py:208} INFO - Processing /home/airflow/.local/lib/python3.12/site-packages/airflow/example_dags/example_branch_labels.py took 0.118 seconds
