[2024-12-06T21:40:58.694+0000] {processor.py:186} INFO - Started process (PID=117) to work on /home/airflow/.local/lib/python3.12/site-packages/airflow/example_dags/example_branch_python_dop_operator_3.py
[2024-12-06T21:40:58.695+0000] {processor.py:914} INFO - Processing file /home/airflow/.local/lib/python3.12/site-packages/airflow/example_dags/example_branch_python_dop_operator_3.py for tasks to queue
[2024-12-06T21:40:58.699+0000] {logging_mixin.py:190} INFO - [2024-12-06T21:40:58.698+0000] {dagbag.py:588} INFO - Filling up the DagBag from /home/airflow/.local/lib/python3.12/site-packages/airflow/example_dags/example_branch_python_dop_operator_3.py
[2024-12-06T21:40:58.714+0000] {processor.py:925} INFO - DAG(s) 'example_branch_dop_operator_v3' retrieved from /home/airflow/.local/lib/python3.12/site-packages/airflow/example_dags/example_branch_python_dop_operator_3.py
[2024-12-06T21:40:58.863+0000] {logging_mixin.py:190} INFO - [2024-12-06T21:40:58.862+0000] {override.py:1911} INFO - Created Permission View: can edit on DAG:example_branch_dop_operator_v3
[2024-12-06T21:40:58.879+0000] {logging_mixin.py:190} INFO - [2024-12-06T21:40:58.879+0000] {override.py:1911} INFO - Created Permission View: can delete on DAG:example_branch_dop_operator_v3
[2024-12-06T21:40:58.889+0000] {logging_mixin.py:190} INFO - [2024-12-06T21:40:58.889+0000] {override.py:1911} INFO - Created Permission View: can read on DAG:example_branch_dop_operator_v3
[2024-12-06T21:40:58.902+0000] {logging_mixin.py:190} INFO - [2024-12-06T21:40:58.901+0000] {override.py:1911} INFO - Created Permission View: menu access on DAG Run:example_branch_dop_operator_v3
[2024-12-06T21:40:58.913+0000] {logging_mixin.py:190} INFO - [2024-12-06T21:40:58.913+0000] {override.py:1911} INFO - Created Permission View: can create on DAG Run:example_branch_dop_operator_v3
[2024-12-06T21:40:58.924+0000] {logging_mixin.py:190} INFO - [2024-12-06T21:40:58.923+0000] {override.py:1911} INFO - Created Permission View: can delete on DAG Run:example_branch_dop_operator_v3
[2024-12-06T21:40:58.935+0000] {logging_mixin.py:190} INFO - [2024-12-06T21:40:58.934+0000] {override.py:1911} INFO - Created Permission View: can read on DAG Run:example_branch_dop_operator_v3
[2024-12-06T21:40:58.936+0000] {logging_mixin.py:190} INFO - [2024-12-06T21:40:58.935+0000] {dag.py:3239} INFO - Sync 1 DAGs
[2024-12-06T21:40:58.957+0000] {logging_mixin.py:190} INFO - [2024-12-06T21:40:58.956+0000] {dag.py:3262} INFO - Creating ORM DAG for example_branch_dop_operator_v3
[2024-12-06T21:40:58.980+0000] {logging_mixin.py:190} INFO - [2024-12-06T21:40:58.980+0000] {dag.py:4180} INFO - Setting next_dagrun for example_branch_dop_operator_v3 to 2024-12-06 21:39:00+00:00, run_after=2024-12-06 21:40:00+00:00
[2024-12-06T21:40:59.006+0000] {processor.py:208} INFO - Processing /home/airflow/.local/lib/python3.12/site-packages/airflow/example_dags/example_branch_python_dop_operator_3.py took 0.320 seconds
[2024-12-06T21:41:29.067+0000] {processor.py:186} INFO - Started process (PID=180) to work on /home/airflow/.local/lib/python3.12/site-packages/airflow/example_dags/example_branch_python_dop_operator_3.py
[2024-12-06T21:41:29.069+0000] {processor.py:914} INFO - Processing file /home/airflow/.local/lib/python3.12/site-packages/airflow/example_dags/example_branch_python_dop_operator_3.py for tasks to queue
[2024-12-06T21:41:29.071+0000] {logging_mixin.py:190} INFO - [2024-12-06T21:41:29.071+0000] {dagbag.py:588} INFO - Filling up the DagBag from /home/airflow/.local/lib/python3.12/site-packages/airflow/example_dags/example_branch_python_dop_operator_3.py
[2024-12-06T21:41:29.085+0000] {processor.py:925} INFO - DAG(s) 'example_branch_dop_operator_v3' retrieved from /home/airflow/.local/lib/python3.12/site-packages/airflow/example_dags/example_branch_python_dop_operator_3.py
[2024-12-06T21:41:29.110+0000] {logging_mixin.py:190} INFO - [2024-12-06T21:41:29.110+0000] {dag.py:3239} INFO - Sync 1 DAGs
[2024-12-06T21:41:29.145+0000] {logging_mixin.py:190} INFO - [2024-12-06T21:41:29.145+0000] {dag.py:4180} INFO - Setting next_dagrun for example_branch_dop_operator_v3 to 2024-12-06 21:40:00+00:00, run_after=2024-12-06 21:41:00+00:00
[2024-12-06T21:41:29.168+0000] {processor.py:208} INFO - Processing /home/airflow/.local/lib/python3.12/site-packages/airflow/example_dags/example_branch_python_dop_operator_3.py took 0.108 seconds
[2024-12-06T21:41:59.840+0000] {processor.py:186} INFO - Started process (PID=243) to work on /home/airflow/.local/lib/python3.12/site-packages/airflow/example_dags/example_branch_python_dop_operator_3.py
[2024-12-06T21:41:59.842+0000] {processor.py:914} INFO - Processing file /home/airflow/.local/lib/python3.12/site-packages/airflow/example_dags/example_branch_python_dop_operator_3.py for tasks to queue
[2024-12-06T21:41:59.846+0000] {logging_mixin.py:190} INFO - [2024-12-06T21:41:59.846+0000] {dagbag.py:588} INFO - Filling up the DagBag from /home/airflow/.local/lib/python3.12/site-packages/airflow/example_dags/example_branch_python_dop_operator_3.py
[2024-12-06T21:41:59.868+0000] {processor.py:925} INFO - DAG(s) 'example_branch_dop_operator_v3' retrieved from /home/airflow/.local/lib/python3.12/site-packages/airflow/example_dags/example_branch_python_dop_operator_3.py
[2024-12-06T21:41:59.899+0000] {logging_mixin.py:190} INFO - [2024-12-06T21:41:59.899+0000] {dag.py:3239} INFO - Sync 1 DAGs
[2024-12-06T21:41:59.957+0000] {logging_mixin.py:190} INFO - [2024-12-06T21:41:59.957+0000] {dag.py:4180} INFO - Setting next_dagrun for example_branch_dop_operator_v3 to 2024-12-06 21:40:00+00:00, run_after=2024-12-06 21:41:00+00:00
[2024-12-06T21:41:59.999+0000] {processor.py:208} INFO - Processing /home/airflow/.local/lib/python3.12/site-packages/airflow/example_dags/example_branch_python_dop_operator_3.py took 0.175 seconds
[2024-12-06T21:42:30.867+0000] {processor.py:186} INFO - Started process (PID=306) to work on /home/airflow/.local/lib/python3.12/site-packages/airflow/example_dags/example_branch_python_dop_operator_3.py
[2024-12-06T21:42:30.868+0000] {processor.py:914} INFO - Processing file /home/airflow/.local/lib/python3.12/site-packages/airflow/example_dags/example_branch_python_dop_operator_3.py for tasks to queue
[2024-12-06T21:42:30.871+0000] {logging_mixin.py:190} INFO - [2024-12-06T21:42:30.871+0000] {dagbag.py:588} INFO - Filling up the DagBag from /home/airflow/.local/lib/python3.12/site-packages/airflow/example_dags/example_branch_python_dop_operator_3.py
[2024-12-06T21:42:30.885+0000] {processor.py:925} INFO - DAG(s) 'example_branch_dop_operator_v3' retrieved from /home/airflow/.local/lib/python3.12/site-packages/airflow/example_dags/example_branch_python_dop_operator_3.py
[2024-12-06T21:42:30.910+0000] {logging_mixin.py:190} INFO - [2024-12-06T21:42:30.910+0000] {dag.py:3239} INFO - Sync 1 DAGs
[2024-12-06T21:42:30.943+0000] {logging_mixin.py:190} INFO - [2024-12-06T21:42:30.942+0000] {dag.py:4180} INFO - Setting next_dagrun for example_branch_dop_operator_v3 to 2024-12-06 21:41:00+00:00, run_after=2024-12-06 21:42:00+00:00
[2024-12-06T21:42:30.966+0000] {processor.py:208} INFO - Processing /home/airflow/.local/lib/python3.12/site-packages/airflow/example_dags/example_branch_python_dop_operator_3.py took 0.107 seconds
[2024-12-06T21:43:01.274+0000] {processor.py:186} INFO - Started process (PID=369) to work on /home/airflow/.local/lib/python3.12/site-packages/airflow/example_dags/example_branch_python_dop_operator_3.py
[2024-12-06T21:43:01.275+0000] {processor.py:914} INFO - Processing file /home/airflow/.local/lib/python3.12/site-packages/airflow/example_dags/example_branch_python_dop_operator_3.py for tasks to queue
[2024-12-06T21:43:01.278+0000] {logging_mixin.py:190} INFO - [2024-12-06T21:43:01.278+0000] {dagbag.py:588} INFO - Filling up the DagBag from /home/airflow/.local/lib/python3.12/site-packages/airflow/example_dags/example_branch_python_dop_operator_3.py
[2024-12-06T21:43:01.292+0000] {processor.py:925} INFO - DAG(s) 'example_branch_dop_operator_v3' retrieved from /home/airflow/.local/lib/python3.12/site-packages/airflow/example_dags/example_branch_python_dop_operator_3.py
[2024-12-06T21:43:01.317+0000] {logging_mixin.py:190} INFO - [2024-12-06T21:43:01.317+0000] {dag.py:3239} INFO - Sync 1 DAGs
[2024-12-06T21:43:01.350+0000] {logging_mixin.py:190} INFO - [2024-12-06T21:43:01.350+0000] {dag.py:4180} INFO - Setting next_dagrun for example_branch_dop_operator_v3 to 2024-12-06 21:42:00+00:00, run_after=2024-12-06 21:43:00+00:00
[2024-12-06T21:43:01.374+0000] {processor.py:208} INFO - Processing /home/airflow/.local/lib/python3.12/site-packages/airflow/example_dags/example_branch_python_dop_operator_3.py took 0.108 seconds
[2024-12-06T21:43:33.211+0000] {processor.py:186} INFO - Started process (PID=432) to work on /home/airflow/.local/lib/python3.12/site-packages/airflow/example_dags/example_branch_python_dop_operator_3.py
[2024-12-06T21:43:33.213+0000] {processor.py:914} INFO - Processing file /home/airflow/.local/lib/python3.12/site-packages/airflow/example_dags/example_branch_python_dop_operator_3.py for tasks to queue
[2024-12-06T21:43:33.218+0000] {logging_mixin.py:190} INFO - [2024-12-06T21:43:33.217+0000] {dagbag.py:588} INFO - Filling up the DagBag from /home/airflow/.local/lib/python3.12/site-packages/airflow/example_dags/example_branch_python_dop_operator_3.py
[2024-12-06T21:43:33.233+0000] {processor.py:925} INFO - DAG(s) 'example_branch_dop_operator_v3' retrieved from /home/airflow/.local/lib/python3.12/site-packages/airflow/example_dags/example_branch_python_dop_operator_3.py
[2024-12-06T21:43:33.259+0000] {logging_mixin.py:190} INFO - [2024-12-06T21:43:33.259+0000] {dag.py:3239} INFO - Sync 1 DAGs
[2024-12-06T21:43:33.295+0000] {logging_mixin.py:190} INFO - [2024-12-06T21:43:33.295+0000] {dag.py:4180} INFO - Setting next_dagrun for example_branch_dop_operator_v3 to 2024-12-06 21:42:00+00:00, run_after=2024-12-06 21:43:00+00:00
[2024-12-06T21:43:33.319+0000] {processor.py:208} INFO - Processing /home/airflow/.local/lib/python3.12/site-packages/airflow/example_dags/example_branch_python_dop_operator_3.py took 0.117 seconds
[2024-12-06T21:44:03.918+0000] {processor.py:186} INFO - Started process (PID=495) to work on /home/airflow/.local/lib/python3.12/site-packages/airflow/example_dags/example_branch_python_dop_operator_3.py
[2024-12-06T21:44:03.920+0000] {processor.py:914} INFO - Processing file /home/airflow/.local/lib/python3.12/site-packages/airflow/example_dags/example_branch_python_dop_operator_3.py for tasks to queue
[2024-12-06T21:44:03.923+0000] {logging_mixin.py:190} INFO - [2024-12-06T21:44:03.923+0000] {dagbag.py:588} INFO - Filling up the DagBag from /home/airflow/.local/lib/python3.12/site-packages/airflow/example_dags/example_branch_python_dop_operator_3.py
[2024-12-06T21:44:03.937+0000] {processor.py:925} INFO - DAG(s) 'example_branch_dop_operator_v3' retrieved from /home/airflow/.local/lib/python3.12/site-packages/airflow/example_dags/example_branch_python_dop_operator_3.py
[2024-12-06T21:44:03.965+0000] {logging_mixin.py:190} INFO - [2024-12-06T21:44:03.965+0000] {dag.py:3239} INFO - Sync 1 DAGs
[2024-12-06T21:44:04.001+0000] {logging_mixin.py:190} INFO - [2024-12-06T21:44:04.001+0000] {dag.py:4180} INFO - Setting next_dagrun for example_branch_dop_operator_v3 to 2024-12-06 21:43:00+00:00, run_after=2024-12-06 21:44:00+00:00
[2024-12-06T21:44:04.029+0000] {processor.py:208} INFO - Processing /home/airflow/.local/lib/python3.12/site-packages/airflow/example_dags/example_branch_python_dop_operator_3.py took 0.118 seconds
[2024-12-06T21:44:36.022+0000] {processor.py:186} INFO - Started process (PID=558) to work on /home/airflow/.local/lib/python3.12/site-packages/airflow/example_dags/example_branch_python_dop_operator_3.py
[2024-12-06T21:44:36.023+0000] {processor.py:914} INFO - Processing file /home/airflow/.local/lib/python3.12/site-packages/airflow/example_dags/example_branch_python_dop_operator_3.py for tasks to queue
[2024-12-06T21:44:36.027+0000] {logging_mixin.py:190} INFO - [2024-12-06T21:44:36.026+0000] {dagbag.py:588} INFO - Filling up the DagBag from /home/airflow/.local/lib/python3.12/site-packages/airflow/example_dags/example_branch_python_dop_operator_3.py
[2024-12-06T21:44:36.045+0000] {processor.py:925} INFO - DAG(s) 'example_branch_dop_operator_v3' retrieved from /home/airflow/.local/lib/python3.12/site-packages/airflow/example_dags/example_branch_python_dop_operator_3.py
[2024-12-06T21:44:36.071+0000] {logging_mixin.py:190} INFO - [2024-12-06T21:44:36.071+0000] {dag.py:3239} INFO - Sync 1 DAGs
[2024-12-06T21:44:36.105+0000] {logging_mixin.py:190} INFO - [2024-12-06T21:44:36.105+0000] {dag.py:4180} INFO - Setting next_dagrun for example_branch_dop_operator_v3 to 2024-12-06 21:43:00+00:00, run_after=2024-12-06 21:44:00+00:00
[2024-12-06T21:44:36.129+0000] {processor.py:208} INFO - Processing /home/airflow/.local/lib/python3.12/site-packages/airflow/example_dags/example_branch_python_dop_operator_3.py took 0.116 seconds
[2024-12-06T21:45:06.747+0000] {processor.py:186} INFO - Started process (PID=621) to work on /home/airflow/.local/lib/python3.12/site-packages/airflow/example_dags/example_branch_python_dop_operator_3.py
[2024-12-06T21:45:06.748+0000] {processor.py:914} INFO - Processing file /home/airflow/.local/lib/python3.12/site-packages/airflow/example_dags/example_branch_python_dop_operator_3.py for tasks to queue
[2024-12-06T21:45:06.751+0000] {logging_mixin.py:190} INFO - [2024-12-06T21:45:06.750+0000] {dagbag.py:588} INFO - Filling up the DagBag from /home/airflow/.local/lib/python3.12/site-packages/airflow/example_dags/example_branch_python_dop_operator_3.py
[2024-12-06T21:45:06.764+0000] {processor.py:925} INFO - DAG(s) 'example_branch_dop_operator_v3' retrieved from /home/airflow/.local/lib/python3.12/site-packages/airflow/example_dags/example_branch_python_dop_operator_3.py
[2024-12-06T21:45:06.788+0000] {logging_mixin.py:190} INFO - [2024-12-06T21:45:06.788+0000] {dag.py:3239} INFO - Sync 1 DAGs
[2024-12-06T21:45:06.821+0000] {logging_mixin.py:190} INFO - [2024-12-06T21:45:06.821+0000] {dag.py:4180} INFO - Setting next_dagrun for example_branch_dop_operator_v3 to 2024-12-06 21:44:00+00:00, run_after=2024-12-06 21:45:00+00:00
[2024-12-06T21:45:06.846+0000] {processor.py:208} INFO - Processing /home/airflow/.local/lib/python3.12/site-packages/airflow/example_dags/example_branch_python_dop_operator_3.py took 0.107 seconds
[2024-12-06T21:45:38.606+0000] {processor.py:186} INFO - Started process (PID=685) to work on /home/airflow/.local/lib/python3.12/site-packages/airflow/example_dags/example_branch_python_dop_operator_3.py
[2024-12-06T21:45:38.607+0000] {processor.py:914} INFO - Processing file /home/airflow/.local/lib/python3.12/site-packages/airflow/example_dags/example_branch_python_dop_operator_3.py for tasks to queue
[2024-12-06T21:45:38.611+0000] {logging_mixin.py:190} INFO - [2024-12-06T21:45:38.610+0000] {dagbag.py:588} INFO - Filling up the DagBag from /home/airflow/.local/lib/python3.12/site-packages/airflow/example_dags/example_branch_python_dop_operator_3.py
[2024-12-06T21:45:38.626+0000] {processor.py:925} INFO - DAG(s) 'example_branch_dop_operator_v3' retrieved from /home/airflow/.local/lib/python3.12/site-packages/airflow/example_dags/example_branch_python_dop_operator_3.py
[2024-12-06T21:45:38.654+0000] {logging_mixin.py:190} INFO - [2024-12-06T21:45:38.654+0000] {dag.py:3239} INFO - Sync 1 DAGs
[2024-12-06T21:45:38.691+0000] {logging_mixin.py:190} INFO - [2024-12-06T21:45:38.691+0000] {dag.py:4180} INFO - Setting next_dagrun for example_branch_dop_operator_v3 to 2024-12-06 21:44:00+00:00, run_after=2024-12-06 21:45:00+00:00
[2024-12-06T21:45:38.719+0000] {processor.py:208} INFO - Processing /home/airflow/.local/lib/python3.12/site-packages/airflow/example_dags/example_branch_python_dop_operator_3.py took 0.122 seconds
[2024-12-06T21:46:09.485+0000] {processor.py:186} INFO - Started process (PID=748) to work on /home/airflow/.local/lib/python3.12/site-packages/airflow/example_dags/example_branch_python_dop_operator_3.py
[2024-12-06T21:46:09.487+0000] {processor.py:914} INFO - Processing file /home/airflow/.local/lib/python3.12/site-packages/airflow/example_dags/example_branch_python_dop_operator_3.py for tasks to queue
[2024-12-06T21:46:09.490+0000] {logging_mixin.py:190} INFO - [2024-12-06T21:46:09.490+0000] {dagbag.py:588} INFO - Filling up the DagBag from /home/airflow/.local/lib/python3.12/site-packages/airflow/example_dags/example_branch_python_dop_operator_3.py
[2024-12-06T21:46:09.505+0000] {processor.py:925} INFO - DAG(s) 'example_branch_dop_operator_v3' retrieved from /home/airflow/.local/lib/python3.12/site-packages/airflow/example_dags/example_branch_python_dop_operator_3.py
[2024-12-06T21:46:09.530+0000] {logging_mixin.py:190} INFO - [2024-12-06T21:46:09.530+0000] {dag.py:3239} INFO - Sync 1 DAGs
[2024-12-06T21:46:09.565+0000] {logging_mixin.py:190} INFO - [2024-12-06T21:46:09.565+0000] {dag.py:4180} INFO - Setting next_dagrun for example_branch_dop_operator_v3 to 2024-12-06 21:45:00+00:00, run_after=2024-12-06 21:46:00+00:00
[2024-12-06T21:46:09.588+0000] {processor.py:208} INFO - Processing /home/airflow/.local/lib/python3.12/site-packages/airflow/example_dags/example_branch_python_dop_operator_3.py took 0.110 seconds
[2024-12-06T21:46:42.144+0000] {processor.py:186} INFO - Started process (PID=816) to work on /home/airflow/.local/lib/python3.12/site-packages/airflow/example_dags/example_branch_python_dop_operator_3.py
[2024-12-06T21:46:42.145+0000] {processor.py:914} INFO - Processing file /home/airflow/.local/lib/python3.12/site-packages/airflow/example_dags/example_branch_python_dop_operator_3.py for tasks to queue
[2024-12-06T21:46:42.149+0000] {logging_mixin.py:190} INFO - [2024-12-06T21:46:42.148+0000] {dagbag.py:588} INFO - Filling up the DagBag from /home/airflow/.local/lib/python3.12/site-packages/airflow/example_dags/example_branch_python_dop_operator_3.py
[2024-12-06T21:46:42.162+0000] {processor.py:925} INFO - DAG(s) 'example_branch_dop_operator_v3' retrieved from /home/airflow/.local/lib/python3.12/site-packages/airflow/example_dags/example_branch_python_dop_operator_3.py
[2024-12-06T21:46:42.187+0000] {logging_mixin.py:190} INFO - [2024-12-06T21:46:42.186+0000] {dag.py:3239} INFO - Sync 1 DAGs
[2024-12-06T21:46:42.224+0000] {logging_mixin.py:190} INFO - [2024-12-06T21:46:42.224+0000] {dag.py:4180} INFO - Setting next_dagrun for example_branch_dop_operator_v3 to 2024-12-06 21:45:00+00:00, run_after=2024-12-06 21:46:00+00:00
[2024-12-06T21:46:42.256+0000] {processor.py:208} INFO - Processing /home/airflow/.local/lib/python3.12/site-packages/airflow/example_dags/example_branch_python_dop_operator_3.py took 0.120 seconds
[2024-12-06T21:47:14.593+0000] {processor.py:186} INFO - Started process (PID=884) to work on /home/airflow/.local/lib/python3.12/site-packages/airflow/example_dags/example_branch_python_dop_operator_3.py
[2024-12-06T21:47:14.595+0000] {processor.py:914} INFO - Processing file /home/airflow/.local/lib/python3.12/site-packages/airflow/example_dags/example_branch_python_dop_operator_3.py for tasks to queue
[2024-12-06T21:47:14.599+0000] {logging_mixin.py:190} INFO - [2024-12-06T21:47:14.599+0000] {dagbag.py:588} INFO - Filling up the DagBag from /home/airflow/.local/lib/python3.12/site-packages/airflow/example_dags/example_branch_python_dop_operator_3.py
[2024-12-06T21:47:14.618+0000] {processor.py:925} INFO - DAG(s) 'example_branch_dop_operator_v3' retrieved from /home/airflow/.local/lib/python3.12/site-packages/airflow/example_dags/example_branch_python_dop_operator_3.py
[2024-12-06T21:47:14.649+0000] {logging_mixin.py:190} INFO - [2024-12-06T21:47:14.649+0000] {dag.py:3239} INFO - Sync 1 DAGs
[2024-12-06T21:47:14.698+0000] {logging_mixin.py:190} INFO - [2024-12-06T21:47:14.698+0000] {dag.py:4180} INFO - Setting next_dagrun for example_branch_dop_operator_v3 to 2024-12-06 21:46:00+00:00, run_after=2024-12-06 21:47:00+00:00
[2024-12-06T21:47:14.733+0000] {processor.py:208} INFO - Processing /home/airflow/.local/lib/python3.12/site-packages/airflow/example_dags/example_branch_python_dop_operator_3.py took 0.151 seconds
[2024-12-06T21:47:46.245+0000] {processor.py:186} INFO - Started process (PID=953) to work on /home/airflow/.local/lib/python3.12/site-packages/airflow/example_dags/example_branch_python_dop_operator_3.py
[2024-12-06T21:47:46.247+0000] {processor.py:914} INFO - Processing file /home/airflow/.local/lib/python3.12/site-packages/airflow/example_dags/example_branch_python_dop_operator_3.py for tasks to queue
[2024-12-06T21:47:46.251+0000] {logging_mixin.py:190} INFO - [2024-12-06T21:47:46.250+0000] {dagbag.py:588} INFO - Filling up the DagBag from /home/airflow/.local/lib/python3.12/site-packages/airflow/example_dags/example_branch_python_dop_operator_3.py
[2024-12-06T21:47:46.288+0000] {processor.py:925} INFO - DAG(s) 'example_branch_dop_operator_v3' retrieved from /home/airflow/.local/lib/python3.12/site-packages/airflow/example_dags/example_branch_python_dop_operator_3.py
[2024-12-06T21:47:46.333+0000] {logging_mixin.py:190} INFO - [2024-12-06T21:47:46.333+0000] {dag.py:3239} INFO - Sync 1 DAGs
[2024-12-06T21:47:46.442+0000] {logging_mixin.py:190} INFO - [2024-12-06T21:47:46.441+0000] {dag.py:4180} INFO - Setting next_dagrun for example_branch_dop_operator_v3 to 2024-12-06 21:46:00+00:00, run_after=2024-12-06 21:47:00+00:00
[2024-12-06T21:47:46.477+0000] {processor.py:208} INFO - Processing /home/airflow/.local/lib/python3.12/site-packages/airflow/example_dags/example_branch_python_dop_operator_3.py took 0.241 seconds
[2024-12-06T21:48:17.663+0000] {processor.py:186} INFO - Started process (PID=1016) to work on /home/airflow/.local/lib/python3.12/site-packages/airflow/example_dags/example_branch_python_dop_operator_3.py
[2024-12-06T21:48:17.664+0000] {processor.py:914} INFO - Processing file /home/airflow/.local/lib/python3.12/site-packages/airflow/example_dags/example_branch_python_dop_operator_3.py for tasks to queue
[2024-12-06T21:48:17.668+0000] {logging_mixin.py:190} INFO - [2024-12-06T21:48:17.667+0000] {dagbag.py:588} INFO - Filling up the DagBag from /home/airflow/.local/lib/python3.12/site-packages/airflow/example_dags/example_branch_python_dop_operator_3.py
[2024-12-06T21:48:17.685+0000] {processor.py:925} INFO - DAG(s) 'example_branch_dop_operator_v3' retrieved from /home/airflow/.local/lib/python3.12/site-packages/airflow/example_dags/example_branch_python_dop_operator_3.py
[2024-12-06T21:48:17.715+0000] {logging_mixin.py:190} INFO - [2024-12-06T21:48:17.714+0000] {dag.py:3239} INFO - Sync 1 DAGs
[2024-12-06T21:48:17.758+0000] {logging_mixin.py:190} INFO - [2024-12-06T21:48:17.758+0000] {dag.py:4180} INFO - Setting next_dagrun for example_branch_dop_operator_v3 to 2024-12-06 21:47:00+00:00, run_after=2024-12-06 21:48:00+00:00
[2024-12-06T21:48:17.787+0000] {processor.py:208} INFO - Processing /home/airflow/.local/lib/python3.12/site-packages/airflow/example_dags/example_branch_python_dop_operator_3.py took 0.133 seconds
[2024-12-06T21:48:49.024+0000] {processor.py:186} INFO - Started process (PID=1079) to work on /home/airflow/.local/lib/python3.12/site-packages/airflow/example_dags/example_branch_python_dop_operator_3.py
[2024-12-06T21:48:49.026+0000] {processor.py:914} INFO - Processing file /home/airflow/.local/lib/python3.12/site-packages/airflow/example_dags/example_branch_python_dop_operator_3.py for tasks to queue
[2024-12-06T21:48:49.029+0000] {logging_mixin.py:190} INFO - [2024-12-06T21:48:49.029+0000] {dagbag.py:588} INFO - Filling up the DagBag from /home/airflow/.local/lib/python3.12/site-packages/airflow/example_dags/example_branch_python_dop_operator_3.py
[2024-12-06T21:48:49.044+0000] {processor.py:925} INFO - DAG(s) 'example_branch_dop_operator_v3' retrieved from /home/airflow/.local/lib/python3.12/site-packages/airflow/example_dags/example_branch_python_dop_operator_3.py
[2024-12-06T21:48:49.071+0000] {logging_mixin.py:190} INFO - [2024-12-06T21:48:49.070+0000] {dag.py:3239} INFO - Sync 1 DAGs
[2024-12-06T21:48:49.111+0000] {logging_mixin.py:190} INFO - [2024-12-06T21:48:49.111+0000] {dag.py:4180} INFO - Setting next_dagrun for example_branch_dop_operator_v3 to 2024-12-06 21:47:00+00:00, run_after=2024-12-06 21:48:00+00:00
[2024-12-06T21:48:49.136+0000] {processor.py:208} INFO - Processing /home/airflow/.local/lib/python3.12/site-packages/airflow/example_dags/example_branch_python_dop_operator_3.py took 0.121 seconds
[2024-12-06T21:49:21.129+0000] {processor.py:186} INFO - Started process (PID=1142) to work on /home/airflow/.local/lib/python3.12/site-packages/airflow/example_dags/example_branch_python_dop_operator_3.py
[2024-12-06T21:49:21.130+0000] {processor.py:914} INFO - Processing file /home/airflow/.local/lib/python3.12/site-packages/airflow/example_dags/example_branch_python_dop_operator_3.py for tasks to queue
[2024-12-06T21:49:21.134+0000] {logging_mixin.py:190} INFO - [2024-12-06T21:49:21.134+0000] {dagbag.py:588} INFO - Filling up the DagBag from /home/airflow/.local/lib/python3.12/site-packages/airflow/example_dags/example_branch_python_dop_operator_3.py
[2024-12-06T21:49:21.151+0000] {processor.py:925} INFO - DAG(s) 'example_branch_dop_operator_v3' retrieved from /home/airflow/.local/lib/python3.12/site-packages/airflow/example_dags/example_branch_python_dop_operator_3.py
[2024-12-06T21:49:21.184+0000] {logging_mixin.py:190} INFO - [2024-12-06T21:49:21.184+0000] {dag.py:3239} INFO - Sync 1 DAGs
[2024-12-06T21:49:21.231+0000] {logging_mixin.py:190} INFO - [2024-12-06T21:49:21.231+0000] {dag.py:4180} INFO - Setting next_dagrun for example_branch_dop_operator_v3 to 2024-12-06 21:48:00+00:00, run_after=2024-12-06 21:49:00+00:00
[2024-12-06T21:49:21.265+0000] {processor.py:208} INFO - Processing /home/airflow/.local/lib/python3.12/site-packages/airflow/example_dags/example_branch_python_dop_operator_3.py took 0.149 seconds
[2024-12-06T21:49:52.216+0000] {processor.py:186} INFO - Started process (PID=1205) to work on /home/airflow/.local/lib/python3.12/site-packages/airflow/example_dags/example_branch_python_dop_operator_3.py
[2024-12-06T21:49:52.218+0000] {processor.py:914} INFO - Processing file /home/airflow/.local/lib/python3.12/site-packages/airflow/example_dags/example_branch_python_dop_operator_3.py for tasks to queue
[2024-12-06T21:49:52.222+0000] {logging_mixin.py:190} INFO - [2024-12-06T21:49:52.221+0000] {dagbag.py:588} INFO - Filling up the DagBag from /home/airflow/.local/lib/python3.12/site-packages/airflow/example_dags/example_branch_python_dop_operator_3.py
[2024-12-06T21:49:52.238+0000] {processor.py:925} INFO - DAG(s) 'example_branch_dop_operator_v3' retrieved from /home/airflow/.local/lib/python3.12/site-packages/airflow/example_dags/example_branch_python_dop_operator_3.py
[2024-12-06T21:49:52.268+0000] {logging_mixin.py:190} INFO - [2024-12-06T21:49:52.267+0000] {dag.py:3239} INFO - Sync 1 DAGs
[2024-12-06T21:49:52.309+0000] {logging_mixin.py:190} INFO - [2024-12-06T21:49:52.309+0000] {dag.py:4180} INFO - Setting next_dagrun for example_branch_dop_operator_v3 to 2024-12-06 21:48:00+00:00, run_after=2024-12-06 21:49:00+00:00
[2024-12-06T21:49:52.336+0000] {processor.py:208} INFO - Processing /home/airflow/.local/lib/python3.12/site-packages/airflow/example_dags/example_branch_python_dop_operator_3.py took 0.130 seconds
[2024-12-06T21:50:24.332+0000] {processor.py:186} INFO - Started process (PID=1268) to work on /home/airflow/.local/lib/python3.12/site-packages/airflow/example_dags/example_branch_python_dop_operator_3.py
[2024-12-06T21:50:24.334+0000] {processor.py:914} INFO - Processing file /home/airflow/.local/lib/python3.12/site-packages/airflow/example_dags/example_branch_python_dop_operator_3.py for tasks to queue
[2024-12-06T21:50:24.338+0000] {logging_mixin.py:190} INFO - [2024-12-06T21:50:24.338+0000] {dagbag.py:588} INFO - Filling up the DagBag from /home/airflow/.local/lib/python3.12/site-packages/airflow/example_dags/example_branch_python_dop_operator_3.py
[2024-12-06T21:50:24.358+0000] {processor.py:925} INFO - DAG(s) 'example_branch_dop_operator_v3' retrieved from /home/airflow/.local/lib/python3.12/site-packages/airflow/example_dags/example_branch_python_dop_operator_3.py
[2024-12-06T21:50:24.394+0000] {logging_mixin.py:190} INFO - [2024-12-06T21:50:24.393+0000] {dag.py:3239} INFO - Sync 1 DAGs
[2024-12-06T21:50:24.439+0000] {logging_mixin.py:190} INFO - [2024-12-06T21:50:24.439+0000] {dag.py:4180} INFO - Setting next_dagrun for example_branch_dop_operator_v3 to 2024-12-06 21:49:00+00:00, run_after=2024-12-06 21:50:00+00:00
[2024-12-06T21:50:24.473+0000] {processor.py:208} INFO - Processing /home/airflow/.local/lib/python3.12/site-packages/airflow/example_dags/example_branch_python_dop_operator_3.py took 0.152 seconds
[2024-12-06T21:50:56.072+0000] {processor.py:186} INFO - Started process (PID=1331) to work on /home/airflow/.local/lib/python3.12/site-packages/airflow/example_dags/example_branch_python_dop_operator_3.py
[2024-12-06T21:50:56.075+0000] {processor.py:914} INFO - Processing file /home/airflow/.local/lib/python3.12/site-packages/airflow/example_dags/example_branch_python_dop_operator_3.py for tasks to queue
[2024-12-06T21:50:56.082+0000] {logging_mixin.py:190} INFO - [2024-12-06T21:50:56.081+0000] {dagbag.py:588} INFO - Filling up the DagBag from /home/airflow/.local/lib/python3.12/site-packages/airflow/example_dags/example_branch_python_dop_operator_3.py
[2024-12-06T21:50:56.113+0000] {processor.py:925} INFO - DAG(s) 'example_branch_dop_operator_v3' retrieved from /home/airflow/.local/lib/python3.12/site-packages/airflow/example_dags/example_branch_python_dop_operator_3.py
[2024-12-06T21:50:56.168+0000] {logging_mixin.py:190} INFO - [2024-12-06T21:50:56.167+0000] {dag.py:3239} INFO - Sync 1 DAGs
[2024-12-06T21:50:56.246+0000] {logging_mixin.py:190} INFO - [2024-12-06T21:50:56.245+0000] {dag.py:4180} INFO - Setting next_dagrun for example_branch_dop_operator_v3 to 2024-12-06 21:49:00+00:00, run_after=2024-12-06 21:50:00+00:00
[2024-12-06T21:50:56.294+0000] {processor.py:208} INFO - Processing /home/airflow/.local/lib/python3.12/site-packages/airflow/example_dags/example_branch_python_dop_operator_3.py took 0.236 seconds
[2024-12-06T21:51:27.793+0000] {processor.py:186} INFO - Started process (PID=1394) to work on /home/airflow/.local/lib/python3.12/site-packages/airflow/example_dags/example_branch_python_dop_operator_3.py
[2024-12-06T21:51:27.795+0000] {processor.py:914} INFO - Processing file /home/airflow/.local/lib/python3.12/site-packages/airflow/example_dags/example_branch_python_dop_operator_3.py for tasks to queue
[2024-12-06T21:51:27.799+0000] {logging_mixin.py:190} INFO - [2024-12-06T21:51:27.798+0000] {dagbag.py:588} INFO - Filling up the DagBag from /home/airflow/.local/lib/python3.12/site-packages/airflow/example_dags/example_branch_python_dop_operator_3.py
[2024-12-06T21:51:27.822+0000] {processor.py:925} INFO - DAG(s) 'example_branch_dop_operator_v3' retrieved from /home/airflow/.local/lib/python3.12/site-packages/airflow/example_dags/example_branch_python_dop_operator_3.py
[2024-12-06T21:51:27.857+0000] {logging_mixin.py:190} INFO - [2024-12-06T21:51:27.856+0000] {dag.py:3239} INFO - Sync 1 DAGs
[2024-12-06T21:51:27.902+0000] {logging_mixin.py:190} INFO - [2024-12-06T21:51:27.902+0000] {dag.py:4180} INFO - Setting next_dagrun for example_branch_dop_operator_v3 to 2024-12-06 21:50:00+00:00, run_after=2024-12-06 21:51:00+00:00
[2024-12-06T21:51:27.932+0000] {processor.py:208} INFO - Processing /home/airflow/.local/lib/python3.12/site-packages/airflow/example_dags/example_branch_python_dop_operator_3.py took 0.153 seconds
[2024-12-06T21:51:58.456+0000] {processor.py:186} INFO - Started process (PID=1457) to work on /home/airflow/.local/lib/python3.12/site-packages/airflow/example_dags/example_branch_python_dop_operator_3.py
[2024-12-06T21:51:58.458+0000] {processor.py:914} INFO - Processing file /home/airflow/.local/lib/python3.12/site-packages/airflow/example_dags/example_branch_python_dop_operator_3.py for tasks to queue
[2024-12-06T21:51:58.462+0000] {logging_mixin.py:190} INFO - [2024-12-06T21:51:58.462+0000] {dagbag.py:588} INFO - Filling up the DagBag from /home/airflow/.local/lib/python3.12/site-packages/airflow/example_dags/example_branch_python_dop_operator_3.py
[2024-12-06T21:51:58.481+0000] {processor.py:925} INFO - DAG(s) 'example_branch_dop_operator_v3' retrieved from /home/airflow/.local/lib/python3.12/site-packages/airflow/example_dags/example_branch_python_dop_operator_3.py
[2024-12-06T21:51:58.514+0000] {logging_mixin.py:190} INFO - [2024-12-06T21:51:58.514+0000] {dag.py:3239} INFO - Sync 1 DAGs
[2024-12-06T21:51:58.561+0000] {logging_mixin.py:190} INFO - [2024-12-06T21:51:58.561+0000] {dag.py:4180} INFO - Setting next_dagrun for example_branch_dop_operator_v3 to 2024-12-06 21:50:00+00:00, run_after=2024-12-06 21:51:00+00:00
[2024-12-06T21:51:58.592+0000] {processor.py:208} INFO - Processing /home/airflow/.local/lib/python3.12/site-packages/airflow/example_dags/example_branch_python_dop_operator_3.py took 0.150 seconds
[2024-12-06T21:52:29.694+0000] {processor.py:186} INFO - Started process (PID=1520) to work on /home/airflow/.local/lib/python3.12/site-packages/airflow/example_dags/example_branch_python_dop_operator_3.py
[2024-12-06T21:52:29.696+0000] {processor.py:914} INFO - Processing file /home/airflow/.local/lib/python3.12/site-packages/airflow/example_dags/example_branch_python_dop_operator_3.py for tasks to queue
[2024-12-06T21:52:29.700+0000] {logging_mixin.py:190} INFO - [2024-12-06T21:52:29.700+0000] {dagbag.py:588} INFO - Filling up the DagBag from /home/airflow/.local/lib/python3.12/site-packages/airflow/example_dags/example_branch_python_dop_operator_3.py
[2024-12-06T21:52:29.717+0000] {processor.py:925} INFO - DAG(s) 'example_branch_dop_operator_v3' retrieved from /home/airflow/.local/lib/python3.12/site-packages/airflow/example_dags/example_branch_python_dop_operator_3.py
[2024-12-06T21:52:29.748+0000] {logging_mixin.py:190} INFO - [2024-12-06T21:52:29.748+0000] {dag.py:3239} INFO - Sync 1 DAGs
[2024-12-06T21:52:29.790+0000] {logging_mixin.py:190} INFO - [2024-12-06T21:52:29.790+0000] {dag.py:4180} INFO - Setting next_dagrun for example_branch_dop_operator_v3 to 2024-12-06 21:51:00+00:00, run_after=2024-12-06 21:52:00+00:00
[2024-12-06T21:52:29.819+0000] {processor.py:208} INFO - Processing /home/airflow/.local/lib/python3.12/site-packages/airflow/example_dags/example_branch_python_dop_operator_3.py took 0.135 seconds
[2024-12-06T21:53:01.383+0000] {processor.py:186} INFO - Started process (PID=1583) to work on /home/airflow/.local/lib/python3.12/site-packages/airflow/example_dags/example_branch_python_dop_operator_3.py
[2024-12-06T21:53:01.384+0000] {processor.py:914} INFO - Processing file /home/airflow/.local/lib/python3.12/site-packages/airflow/example_dags/example_branch_python_dop_operator_3.py for tasks to queue
[2024-12-06T21:53:01.387+0000] {logging_mixin.py:190} INFO - [2024-12-06T21:53:01.387+0000] {dagbag.py:588} INFO - Filling up the DagBag from /home/airflow/.local/lib/python3.12/site-packages/airflow/example_dags/example_branch_python_dop_operator_3.py
[2024-12-06T21:53:01.403+0000] {processor.py:925} INFO - DAG(s) 'example_branch_dop_operator_v3' retrieved from /home/airflow/.local/lib/python3.12/site-packages/airflow/example_dags/example_branch_python_dop_operator_3.py
[2024-12-06T21:53:01.432+0000] {logging_mixin.py:190} INFO - [2024-12-06T21:53:01.432+0000] {dag.py:3239} INFO - Sync 1 DAGs
[2024-12-06T21:53:01.474+0000] {logging_mixin.py:190} INFO - [2024-12-06T21:53:01.474+0000] {dag.py:4180} INFO - Setting next_dagrun for example_branch_dop_operator_v3 to 2024-12-06 21:52:00+00:00, run_after=2024-12-06 21:53:00+00:00
[2024-12-06T21:53:01.501+0000] {processor.py:208} INFO - Processing /home/airflow/.local/lib/python3.12/site-packages/airflow/example_dags/example_branch_python_dop_operator_3.py took 0.128 seconds
[2024-12-06T21:53:32.275+0000] {processor.py:186} INFO - Started process (PID=1645) to work on /home/airflow/.local/lib/python3.12/site-packages/airflow/example_dags/example_branch_python_dop_operator_3.py
[2024-12-06T21:53:32.276+0000] {processor.py:914} INFO - Processing file /home/airflow/.local/lib/python3.12/site-packages/airflow/example_dags/example_branch_python_dop_operator_3.py for tasks to queue
[2024-12-06T21:53:32.282+0000] {logging_mixin.py:190} INFO - [2024-12-06T21:53:32.282+0000] {dagbag.py:588} INFO - Filling up the DagBag from /home/airflow/.local/lib/python3.12/site-packages/airflow/example_dags/example_branch_python_dop_operator_3.py
[2024-12-06T21:53:32.301+0000] {processor.py:925} INFO - DAG(s) 'example_branch_dop_operator_v3' retrieved from /home/airflow/.local/lib/python3.12/site-packages/airflow/example_dags/example_branch_python_dop_operator_3.py
[2024-12-06T21:53:32.332+0000] {logging_mixin.py:190} INFO - [2024-12-06T21:53:32.332+0000] {dag.py:3239} INFO - Sync 1 DAGs
[2024-12-06T21:53:32.377+0000] {logging_mixin.py:190} INFO - [2024-12-06T21:53:32.376+0000] {dag.py:4180} INFO - Setting next_dagrun for example_branch_dop_operator_v3 to 2024-12-06 21:52:00+00:00, run_after=2024-12-06 21:53:00+00:00
[2024-12-06T21:53:32.408+0000] {processor.py:208} INFO - Processing /home/airflow/.local/lib/python3.12/site-packages/airflow/example_dags/example_branch_python_dop_operator_3.py took 0.142 seconds
[2024-12-06T21:54:04.146+0000] {processor.py:186} INFO - Started process (PID=1710) to work on /home/airflow/.local/lib/python3.12/site-packages/airflow/example_dags/example_branch_python_dop_operator_3.py
[2024-12-06T21:54:04.147+0000] {processor.py:914} INFO - Processing file /home/airflow/.local/lib/python3.12/site-packages/airflow/example_dags/example_branch_python_dop_operator_3.py for tasks to queue
[2024-12-06T21:54:04.152+0000] {logging_mixin.py:190} INFO - [2024-12-06T21:54:04.151+0000] {dagbag.py:588} INFO - Filling up the DagBag from /home/airflow/.local/lib/python3.12/site-packages/airflow/example_dags/example_branch_python_dop_operator_3.py
[2024-12-06T21:54:04.171+0000] {processor.py:925} INFO - DAG(s) 'example_branch_dop_operator_v3' retrieved from /home/airflow/.local/lib/python3.12/site-packages/airflow/example_dags/example_branch_python_dop_operator_3.py
[2024-12-06T21:54:04.206+0000] {logging_mixin.py:190} INFO - [2024-12-06T21:54:04.206+0000] {dag.py:3239} INFO - Sync 1 DAGs
[2024-12-06T21:54:04.254+0000] {logging_mixin.py:190} INFO - [2024-12-06T21:54:04.254+0000] {dag.py:4180} INFO - Setting next_dagrun for example_branch_dop_operator_v3 to 2024-12-06 21:53:00+00:00, run_after=2024-12-06 21:54:00+00:00
[2024-12-06T21:54:04.288+0000] {processor.py:208} INFO - Processing /home/airflow/.local/lib/python3.12/site-packages/airflow/example_dags/example_branch_python_dop_operator_3.py took 0.153 seconds
[2024-12-06T21:54:36.360+0000] {processor.py:186} INFO - Started process (PID=1775) to work on /home/airflow/.local/lib/python3.12/site-packages/airflow/example_dags/example_branch_python_dop_operator_3.py
[2024-12-06T21:54:36.362+0000] {processor.py:914} INFO - Processing file /home/airflow/.local/lib/python3.12/site-packages/airflow/example_dags/example_branch_python_dop_operator_3.py for tasks to queue
[2024-12-06T21:54:36.366+0000] {logging_mixin.py:190} INFO - [2024-12-06T21:54:36.365+0000] {dagbag.py:588} INFO - Filling up the DagBag from /home/airflow/.local/lib/python3.12/site-packages/airflow/example_dags/example_branch_python_dop_operator_3.py
[2024-12-06T21:54:36.384+0000] {processor.py:925} INFO - DAG(s) 'example_branch_dop_operator_v3' retrieved from /home/airflow/.local/lib/python3.12/site-packages/airflow/example_dags/example_branch_python_dop_operator_3.py
[2024-12-06T21:54:36.420+0000] {logging_mixin.py:190} INFO - [2024-12-06T21:54:36.419+0000] {dag.py:3239} INFO - Sync 1 DAGs
[2024-12-06T21:54:36.468+0000] {logging_mixin.py:190} INFO - [2024-12-06T21:54:36.467+0000] {dag.py:4180} INFO - Setting next_dagrun for example_branch_dop_operator_v3 to 2024-12-06 21:53:00+00:00, run_after=2024-12-06 21:54:00+00:00
[2024-12-06T21:54:36.501+0000] {processor.py:208} INFO - Processing /home/airflow/.local/lib/python3.12/site-packages/airflow/example_dags/example_branch_python_dop_operator_3.py took 0.162 seconds
[2024-12-06T21:55:07.453+0000] {processor.py:186} INFO - Started process (PID=1837) to work on /home/airflow/.local/lib/python3.12/site-packages/airflow/example_dags/example_branch_python_dop_operator_3.py
[2024-12-06T21:55:07.455+0000] {processor.py:914} INFO - Processing file /home/airflow/.local/lib/python3.12/site-packages/airflow/example_dags/example_branch_python_dop_operator_3.py for tasks to queue
[2024-12-06T21:55:07.460+0000] {logging_mixin.py:190} INFO - [2024-12-06T21:55:07.460+0000] {dagbag.py:588} INFO - Filling up the DagBag from /home/airflow/.local/lib/python3.12/site-packages/airflow/example_dags/example_branch_python_dop_operator_3.py
[2024-12-06T21:55:07.476+0000] {processor.py:925} INFO - DAG(s) 'example_branch_dop_operator_v3' retrieved from /home/airflow/.local/lib/python3.12/site-packages/airflow/example_dags/example_branch_python_dop_operator_3.py
[2024-12-06T21:55:07.505+0000] {logging_mixin.py:190} INFO - [2024-12-06T21:55:07.504+0000] {dag.py:3239} INFO - Sync 1 DAGs
[2024-12-06T21:55:07.546+0000] {logging_mixin.py:190} INFO - [2024-12-06T21:55:07.546+0000] {dag.py:4180} INFO - Setting next_dagrun for example_branch_dop_operator_v3 to 2024-12-06 21:54:00+00:00, run_after=2024-12-06 21:55:00+00:00
[2024-12-06T21:55:07.574+0000] {processor.py:208} INFO - Processing /home/airflow/.local/lib/python3.12/site-packages/airflow/example_dags/example_branch_python_dop_operator_3.py took 0.133 seconds
[2024-12-06T21:55:40.108+0000] {processor.py:186} INFO - Started process (PID=1902) to work on /home/airflow/.local/lib/python3.12/site-packages/airflow/example_dags/example_branch_python_dop_operator_3.py
[2024-12-06T21:55:40.111+0000] {processor.py:914} INFO - Processing file /home/airflow/.local/lib/python3.12/site-packages/airflow/example_dags/example_branch_python_dop_operator_3.py for tasks to queue
[2024-12-06T21:55:40.115+0000] {logging_mixin.py:190} INFO - [2024-12-06T21:55:40.114+0000] {dagbag.py:588} INFO - Filling up the DagBag from /home/airflow/.local/lib/python3.12/site-packages/airflow/example_dags/example_branch_python_dop_operator_3.py
[2024-12-06T21:55:40.134+0000] {processor.py:925} INFO - DAG(s) 'example_branch_dop_operator_v3' retrieved from /home/airflow/.local/lib/python3.12/site-packages/airflow/example_dags/example_branch_python_dop_operator_3.py
[2024-12-06T21:55:40.167+0000] {logging_mixin.py:190} INFO - [2024-12-06T21:55:40.166+0000] {dag.py:3239} INFO - Sync 1 DAGs
[2024-12-06T21:55:40.213+0000] {logging_mixin.py:190} INFO - [2024-12-06T21:55:40.212+0000] {dag.py:4180} INFO - Setting next_dagrun for example_branch_dop_operator_v3 to 2024-12-06 21:54:00+00:00, run_after=2024-12-06 21:55:00+00:00
[2024-12-06T21:55:40.242+0000] {processor.py:208} INFO - Processing /home/airflow/.local/lib/python3.12/site-packages/airflow/example_dags/example_branch_python_dop_operator_3.py took 0.143 seconds
[2024-12-06T21:56:11.540+0000] {processor.py:186} INFO - Started process (PID=1965) to work on /home/airflow/.local/lib/python3.12/site-packages/airflow/example_dags/example_branch_python_dop_operator_3.py
[2024-12-06T21:56:11.542+0000] {processor.py:914} INFO - Processing file /home/airflow/.local/lib/python3.12/site-packages/airflow/example_dags/example_branch_python_dop_operator_3.py for tasks to queue
[2024-12-06T21:56:11.547+0000] {logging_mixin.py:190} INFO - [2024-12-06T21:56:11.546+0000] {dagbag.py:588} INFO - Filling up the DagBag from /home/airflow/.local/lib/python3.12/site-packages/airflow/example_dags/example_branch_python_dop_operator_3.py
[2024-12-06T21:56:11.563+0000] {processor.py:925} INFO - DAG(s) 'example_branch_dop_operator_v3' retrieved from /home/airflow/.local/lib/python3.12/site-packages/airflow/example_dags/example_branch_python_dop_operator_3.py
[2024-12-06T21:56:11.594+0000] {logging_mixin.py:190} INFO - [2024-12-06T21:56:11.594+0000] {dag.py:3239} INFO - Sync 1 DAGs
[2024-12-06T21:56:11.641+0000] {logging_mixin.py:190} INFO - [2024-12-06T21:56:11.641+0000] {dag.py:4180} INFO - Setting next_dagrun for example_branch_dop_operator_v3 to 2024-12-06 21:55:00+00:00, run_after=2024-12-06 21:56:00+00:00
[2024-12-06T21:56:11.676+0000] {processor.py:208} INFO - Processing /home/airflow/.local/lib/python3.12/site-packages/airflow/example_dags/example_branch_python_dop_operator_3.py took 0.148 seconds
[2024-12-06T21:56:42.112+0000] {processor.py:186} INFO - Started process (PID=2027) to work on /home/airflow/.local/lib/python3.12/site-packages/airflow/example_dags/example_branch_python_dop_operator_3.py
[2024-12-06T21:56:42.114+0000] {processor.py:914} INFO - Processing file /home/airflow/.local/lib/python3.12/site-packages/airflow/example_dags/example_branch_python_dop_operator_3.py for tasks to queue
[2024-12-06T21:56:42.120+0000] {logging_mixin.py:190} INFO - [2024-12-06T21:56:42.119+0000] {dagbag.py:588} INFO - Filling up the DagBag from /home/airflow/.local/lib/python3.12/site-packages/airflow/example_dags/example_branch_python_dop_operator_3.py
[2024-12-06T21:56:42.139+0000] {processor.py:925} INFO - DAG(s) 'example_branch_dop_operator_v3' retrieved from /home/airflow/.local/lib/python3.12/site-packages/airflow/example_dags/example_branch_python_dop_operator_3.py
[2024-12-06T21:56:42.172+0000] {logging_mixin.py:190} INFO - [2024-12-06T21:56:42.172+0000] {dag.py:3239} INFO - Sync 1 DAGs
[2024-12-06T21:56:42.215+0000] {logging_mixin.py:190} INFO - [2024-12-06T21:56:42.214+0000] {dag.py:4180} INFO - Setting next_dagrun for example_branch_dop_operator_v3 to 2024-12-06 21:55:00+00:00, run_after=2024-12-06 21:56:00+00:00
[2024-12-06T21:56:42.245+0000] {processor.py:208} INFO - Processing /home/airflow/.local/lib/python3.12/site-packages/airflow/example_dags/example_branch_python_dop_operator_3.py took 0.151 seconds
[2024-12-06T21:57:13.742+0000] {processor.py:186} INFO - Started process (PID=2091) to work on /home/airflow/.local/lib/python3.12/site-packages/airflow/example_dags/example_branch_python_dop_operator_3.py
[2024-12-06T21:57:13.744+0000] {processor.py:914} INFO - Processing file /home/airflow/.local/lib/python3.12/site-packages/airflow/example_dags/example_branch_python_dop_operator_3.py for tasks to queue
[2024-12-06T21:57:13.747+0000] {logging_mixin.py:190} INFO - [2024-12-06T21:57:13.746+0000] {dagbag.py:588} INFO - Filling up the DagBag from /home/airflow/.local/lib/python3.12/site-packages/airflow/example_dags/example_branch_python_dop_operator_3.py
[2024-12-06T21:57:13.763+0000] {processor.py:925} INFO - DAG(s) 'example_branch_dop_operator_v3' retrieved from /home/airflow/.local/lib/python3.12/site-packages/airflow/example_dags/example_branch_python_dop_operator_3.py
[2024-12-06T21:57:13.794+0000] {logging_mixin.py:190} INFO - [2024-12-06T21:57:13.794+0000] {dag.py:3239} INFO - Sync 1 DAGs
[2024-12-06T21:57:13.837+0000] {logging_mixin.py:190} INFO - [2024-12-06T21:57:13.837+0000] {dag.py:4180} INFO - Setting next_dagrun for example_branch_dop_operator_v3 to 2024-12-06 21:56:00+00:00, run_after=2024-12-06 21:57:00+00:00
[2024-12-06T21:57:13.863+0000] {processor.py:208} INFO - Processing /home/airflow/.local/lib/python3.12/site-packages/airflow/example_dags/example_branch_python_dop_operator_3.py took 0.131 seconds
[2024-12-06T21:57:44.940+0000] {processor.py:186} INFO - Started process (PID=2154) to work on /home/airflow/.local/lib/python3.12/site-packages/airflow/example_dags/example_branch_python_dop_operator_3.py
[2024-12-06T21:57:44.942+0000] {processor.py:914} INFO - Processing file /home/airflow/.local/lib/python3.12/site-packages/airflow/example_dags/example_branch_python_dop_operator_3.py for tasks to queue
[2024-12-06T21:57:44.946+0000] {logging_mixin.py:190} INFO - [2024-12-06T21:57:44.946+0000] {dagbag.py:588} INFO - Filling up the DagBag from /home/airflow/.local/lib/python3.12/site-packages/airflow/example_dags/example_branch_python_dop_operator_3.py
[2024-12-06T21:57:44.967+0000] {processor.py:925} INFO - DAG(s) 'example_branch_dop_operator_v3' retrieved from /home/airflow/.local/lib/python3.12/site-packages/airflow/example_dags/example_branch_python_dop_operator_3.py
[2024-12-06T21:57:44.998+0000] {logging_mixin.py:190} INFO - [2024-12-06T21:57:44.998+0000] {dag.py:3239} INFO - Sync 1 DAGs
[2024-12-06T21:57:45.044+0000] {logging_mixin.py:190} INFO - [2024-12-06T21:57:45.044+0000] {dag.py:4180} INFO - Setting next_dagrun for example_branch_dop_operator_v3 to 2024-12-06 21:56:00+00:00, run_after=2024-12-06 21:57:00+00:00
[2024-12-06T21:57:45.075+0000] {processor.py:208} INFO - Processing /home/airflow/.local/lib/python3.12/site-packages/airflow/example_dags/example_branch_python_dop_operator_3.py took 0.148 seconds
[2024-12-06T21:58:16.408+0000] {processor.py:186} INFO - Started process (PID=2217) to work on /home/airflow/.local/lib/python3.12/site-packages/airflow/example_dags/example_branch_python_dop_operator_3.py
[2024-12-06T21:58:16.411+0000] {processor.py:914} INFO - Processing file /home/airflow/.local/lib/python3.12/site-packages/airflow/example_dags/example_branch_python_dop_operator_3.py for tasks to queue
[2024-12-06T21:58:16.414+0000] {logging_mixin.py:190} INFO - [2024-12-06T21:58:16.414+0000] {dagbag.py:588} INFO - Filling up the DagBag from /home/airflow/.local/lib/python3.12/site-packages/airflow/example_dags/example_branch_python_dop_operator_3.py
[2024-12-06T21:58:16.431+0000] {processor.py:925} INFO - DAG(s) 'example_branch_dop_operator_v3' retrieved from /home/airflow/.local/lib/python3.12/site-packages/airflow/example_dags/example_branch_python_dop_operator_3.py
[2024-12-06T21:58:16.458+0000] {logging_mixin.py:190} INFO - [2024-12-06T21:58:16.457+0000] {dag.py:3239} INFO - Sync 1 DAGs
[2024-12-06T21:58:16.496+0000] {logging_mixin.py:190} INFO - [2024-12-06T21:58:16.496+0000] {dag.py:4180} INFO - Setting next_dagrun for example_branch_dop_operator_v3 to 2024-12-06 21:57:00+00:00, run_after=2024-12-06 21:58:00+00:00
[2024-12-06T21:58:16.521+0000] {processor.py:208} INFO - Processing /home/airflow/.local/lib/python3.12/site-packages/airflow/example_dags/example_branch_python_dop_operator_3.py took 0.122 seconds
[2024-12-06T21:58:47.924+0000] {processor.py:186} INFO - Started process (PID=2280) to work on /home/airflow/.local/lib/python3.12/site-packages/airflow/example_dags/example_branch_python_dop_operator_3.py
[2024-12-06T21:58:47.925+0000] {processor.py:914} INFO - Processing file /home/airflow/.local/lib/python3.12/site-packages/airflow/example_dags/example_branch_python_dop_operator_3.py for tasks to queue
[2024-12-06T21:58:47.931+0000] {logging_mixin.py:190} INFO - [2024-12-06T21:58:47.930+0000] {dagbag.py:588} INFO - Filling up the DagBag from /home/airflow/.local/lib/python3.12/site-packages/airflow/example_dags/example_branch_python_dop_operator_3.py
[2024-12-06T21:58:47.958+0000] {processor.py:925} INFO - DAG(s) 'example_branch_dop_operator_v3' retrieved from /home/airflow/.local/lib/python3.12/site-packages/airflow/example_dags/example_branch_python_dop_operator_3.py
[2024-12-06T21:58:47.991+0000] {logging_mixin.py:190} INFO - [2024-12-06T21:58:47.991+0000] {dag.py:3239} INFO - Sync 1 DAGs
[2024-12-06T21:58:48.038+0000] {logging_mixin.py:190} INFO - [2024-12-06T21:58:48.038+0000] {dag.py:4180} INFO - Setting next_dagrun for example_branch_dop_operator_v3 to 2024-12-06 21:57:00+00:00, run_after=2024-12-06 21:58:00+00:00
[2024-12-06T21:58:48.069+0000] {processor.py:208} INFO - Processing /home/airflow/.local/lib/python3.12/site-packages/airflow/example_dags/example_branch_python_dop_operator_3.py took 0.157 seconds
[2024-12-06T21:59:19.384+0000] {processor.py:186} INFO - Started process (PID=2348) to work on /home/airflow/.local/lib/python3.12/site-packages/airflow/example_dags/example_branch_python_dop_operator_3.py
[2024-12-06T21:59:19.386+0000] {processor.py:914} INFO - Processing file /home/airflow/.local/lib/python3.12/site-packages/airflow/example_dags/example_branch_python_dop_operator_3.py for tasks to queue
[2024-12-06T21:59:19.390+0000] {logging_mixin.py:190} INFO - [2024-12-06T21:59:19.390+0000] {dagbag.py:588} INFO - Filling up the DagBag from /home/airflow/.local/lib/python3.12/site-packages/airflow/example_dags/example_branch_python_dop_operator_3.py
[2024-12-06T21:59:19.409+0000] {processor.py:925} INFO - DAG(s) 'example_branch_dop_operator_v3' retrieved from /home/airflow/.local/lib/python3.12/site-packages/airflow/example_dags/example_branch_python_dop_operator_3.py
[2024-12-06T21:59:19.443+0000] {logging_mixin.py:190} INFO - [2024-12-06T21:59:19.443+0000] {dag.py:3239} INFO - Sync 1 DAGs
[2024-12-06T21:59:19.493+0000] {logging_mixin.py:190} INFO - [2024-12-06T21:59:19.492+0000] {dag.py:4180} INFO - Setting next_dagrun for example_branch_dop_operator_v3 to 2024-12-06 21:58:00+00:00, run_after=2024-12-06 21:59:00+00:00
[2024-12-06T21:59:19.526+0000] {processor.py:208} INFO - Processing /home/airflow/.local/lib/python3.12/site-packages/airflow/example_dags/example_branch_python_dop_operator_3.py took 0.154 seconds
[2024-12-06T21:59:51.959+0000] {processor.py:186} INFO - Started process (PID=2411) to work on /home/airflow/.local/lib/python3.12/site-packages/airflow/example_dags/example_branch_python_dop_operator_3.py
[2024-12-06T21:59:51.960+0000] {processor.py:914} INFO - Processing file /home/airflow/.local/lib/python3.12/site-packages/airflow/example_dags/example_branch_python_dop_operator_3.py for tasks to queue
[2024-12-06T21:59:51.964+0000] {logging_mixin.py:190} INFO - [2024-12-06T21:59:51.963+0000] {dagbag.py:588} INFO - Filling up the DagBag from /home/airflow/.local/lib/python3.12/site-packages/airflow/example_dags/example_branch_python_dop_operator_3.py
[2024-12-06T21:59:51.987+0000] {processor.py:925} INFO - DAG(s) 'example_branch_dop_operator_v3' retrieved from /home/airflow/.local/lib/python3.12/site-packages/airflow/example_dags/example_branch_python_dop_operator_3.py
[2024-12-06T21:59:52.023+0000] {logging_mixin.py:190} INFO - [2024-12-06T21:59:52.022+0000] {dag.py:3239} INFO - Sync 1 DAGs
[2024-12-06T21:59:52.075+0000] {logging_mixin.py:190} INFO - [2024-12-06T21:59:52.075+0000] {dag.py:4180} INFO - Setting next_dagrun for example_branch_dop_operator_v3 to 2024-12-06 21:58:00+00:00, run_after=2024-12-06 21:59:00+00:00
[2024-12-06T21:59:52.109+0000] {processor.py:208} INFO - Processing /home/airflow/.local/lib/python3.12/site-packages/airflow/example_dags/example_branch_python_dop_operator_3.py took 0.162 seconds
[2024-12-06T22:00:24.571+0000] {processor.py:186} INFO - Started process (PID=2475) to work on /home/airflow/.local/lib/python3.12/site-packages/airflow/example_dags/example_branch_python_dop_operator_3.py
[2024-12-06T22:00:24.573+0000] {processor.py:914} INFO - Processing file /home/airflow/.local/lib/python3.12/site-packages/airflow/example_dags/example_branch_python_dop_operator_3.py for tasks to queue
[2024-12-06T22:00:24.577+0000] {logging_mixin.py:190} INFO - [2024-12-06T22:00:24.576+0000] {dagbag.py:588} INFO - Filling up the DagBag from /home/airflow/.local/lib/python3.12/site-packages/airflow/example_dags/example_branch_python_dop_operator_3.py
[2024-12-06T22:00:24.598+0000] {processor.py:925} INFO - DAG(s) 'example_branch_dop_operator_v3' retrieved from /home/airflow/.local/lib/python3.12/site-packages/airflow/example_dags/example_branch_python_dop_operator_3.py
[2024-12-06T22:00:24.633+0000] {logging_mixin.py:190} INFO - [2024-12-06T22:00:24.632+0000] {dag.py:3239} INFO - Sync 1 DAGs
[2024-12-06T22:00:24.682+0000] {logging_mixin.py:190} INFO - [2024-12-06T22:00:24.681+0000] {dag.py:4180} INFO - Setting next_dagrun for example_branch_dop_operator_v3 to 2024-12-06 21:59:00+00:00, run_after=2024-12-06 22:00:00+00:00
[2024-12-06T22:00:24.715+0000] {processor.py:208} INFO - Processing /home/airflow/.local/lib/python3.12/site-packages/airflow/example_dags/example_branch_python_dop_operator_3.py took 0.155 seconds
[2024-12-06T22:00:55.797+0000] {processor.py:186} INFO - Started process (PID=2537) to work on /home/airflow/.local/lib/python3.12/site-packages/airflow/example_dags/example_branch_python_dop_operator_3.py
[2024-12-06T22:00:55.798+0000] {processor.py:914} INFO - Processing file /home/airflow/.local/lib/python3.12/site-packages/airflow/example_dags/example_branch_python_dop_operator_3.py for tasks to queue
[2024-12-06T22:00:55.802+0000] {logging_mixin.py:190} INFO - [2024-12-06T22:00:55.801+0000] {dagbag.py:588} INFO - Filling up the DagBag from /home/airflow/.local/lib/python3.12/site-packages/airflow/example_dags/example_branch_python_dop_operator_3.py
[2024-12-06T22:00:55.819+0000] {processor.py:925} INFO - DAG(s) 'example_branch_dop_operator_v3' retrieved from /home/airflow/.local/lib/python3.12/site-packages/airflow/example_dags/example_branch_python_dop_operator_3.py
[2024-12-06T22:00:55.850+0000] {logging_mixin.py:190} INFO - [2024-12-06T22:00:55.850+0000] {dag.py:3239} INFO - Sync 1 DAGs
[2024-12-06T22:00:55.895+0000] {logging_mixin.py:190} INFO - [2024-12-06T22:00:55.895+0000] {dag.py:4180} INFO - Setting next_dagrun for example_branch_dop_operator_v3 to 2024-12-06 21:59:00+00:00, run_after=2024-12-06 22:00:00+00:00
[2024-12-06T22:00:55.924+0000] {processor.py:208} INFO - Processing /home/airflow/.local/lib/python3.12/site-packages/airflow/example_dags/example_branch_python_dop_operator_3.py took 0.139 seconds
[2024-12-06T22:01:27.023+0000] {processor.py:186} INFO - Started process (PID=2600) to work on /home/airflow/.local/lib/python3.12/site-packages/airflow/example_dags/example_branch_python_dop_operator_3.py
[2024-12-06T22:01:27.024+0000] {processor.py:914} INFO - Processing file /home/airflow/.local/lib/python3.12/site-packages/airflow/example_dags/example_branch_python_dop_operator_3.py for tasks to queue
[2024-12-06T22:01:27.029+0000] {logging_mixin.py:190} INFO - [2024-12-06T22:01:27.029+0000] {dagbag.py:588} INFO - Filling up the DagBag from /home/airflow/.local/lib/python3.12/site-packages/airflow/example_dags/example_branch_python_dop_operator_3.py
[2024-12-06T22:01:27.047+0000] {processor.py:925} INFO - DAG(s) 'example_branch_dop_operator_v3' retrieved from /home/airflow/.local/lib/python3.12/site-packages/airflow/example_dags/example_branch_python_dop_operator_3.py
[2024-12-06T22:01:27.077+0000] {logging_mixin.py:190} INFO - [2024-12-06T22:01:27.076+0000] {dag.py:3239} INFO - Sync 1 DAGs
[2024-12-06T22:01:27.117+0000] {logging_mixin.py:190} INFO - [2024-12-06T22:01:27.117+0000] {dag.py:4180} INFO - Setting next_dagrun for example_branch_dop_operator_v3 to 2024-12-06 22:00:00+00:00, run_after=2024-12-06 22:01:00+00:00
[2024-12-06T22:01:27.147+0000] {processor.py:208} INFO - Processing /home/airflow/.local/lib/python3.12/site-packages/airflow/example_dags/example_branch_python_dop_operator_3.py took 0.133 seconds
[2024-12-06T22:01:59.020+0000] {processor.py:186} INFO - Started process (PID=2663) to work on /home/airflow/.local/lib/python3.12/site-packages/airflow/example_dags/example_branch_python_dop_operator_3.py
[2024-12-06T22:01:59.022+0000] {processor.py:914} INFO - Processing file /home/airflow/.local/lib/python3.12/site-packages/airflow/example_dags/example_branch_python_dop_operator_3.py for tasks to queue
[2024-12-06T22:01:59.026+0000] {logging_mixin.py:190} INFO - [2024-12-06T22:01:59.025+0000] {dagbag.py:588} INFO - Filling up the DagBag from /home/airflow/.local/lib/python3.12/site-packages/airflow/example_dags/example_branch_python_dop_operator_3.py
[2024-12-06T22:01:59.044+0000] {processor.py:925} INFO - DAG(s) 'example_branch_dop_operator_v3' retrieved from /home/airflow/.local/lib/python3.12/site-packages/airflow/example_dags/example_branch_python_dop_operator_3.py
[2024-12-06T22:01:59.076+0000] {logging_mixin.py:190} INFO - [2024-12-06T22:01:59.076+0000] {dag.py:3239} INFO - Sync 1 DAGs
[2024-12-06T22:01:59.124+0000] {logging_mixin.py:190} INFO - [2024-12-06T22:01:59.123+0000] {dag.py:4180} INFO - Setting next_dagrun for example_branch_dop_operator_v3 to 2024-12-06 22:00:00+00:00, run_after=2024-12-06 22:01:00+00:00
[2024-12-06T22:01:59.155+0000] {processor.py:208} INFO - Processing /home/airflow/.local/lib/python3.12/site-packages/airflow/example_dags/example_branch_python_dop_operator_3.py took 0.146 seconds
[2024-12-06T22:02:30.812+0000] {processor.py:186} INFO - Started process (PID=2726) to work on /home/airflow/.local/lib/python3.12/site-packages/airflow/example_dags/example_branch_python_dop_operator_3.py
[2024-12-06T22:02:30.813+0000] {processor.py:914} INFO - Processing file /home/airflow/.local/lib/python3.12/site-packages/airflow/example_dags/example_branch_python_dop_operator_3.py for tasks to queue
[2024-12-06T22:02:30.819+0000] {logging_mixin.py:190} INFO - [2024-12-06T22:02:30.818+0000] {dagbag.py:588} INFO - Filling up the DagBag from /home/airflow/.local/lib/python3.12/site-packages/airflow/example_dags/example_branch_python_dop_operator_3.py
[2024-12-06T22:02:30.837+0000] {processor.py:925} INFO - DAG(s) 'example_branch_dop_operator_v3' retrieved from /home/airflow/.local/lib/python3.12/site-packages/airflow/example_dags/example_branch_python_dop_operator_3.py
[2024-12-06T22:02:30.873+0000] {logging_mixin.py:190} INFO - [2024-12-06T22:02:30.873+0000] {dag.py:3239} INFO - Sync 1 DAGs
[2024-12-06T22:02:30.921+0000] {logging_mixin.py:190} INFO - [2024-12-06T22:02:30.920+0000] {dag.py:4180} INFO - Setting next_dagrun for example_branch_dop_operator_v3 to 2024-12-06 22:01:00+00:00, run_after=2024-12-06 22:02:00+00:00
[2024-12-06T22:02:30.955+0000] {processor.py:208} INFO - Processing /home/airflow/.local/lib/python3.12/site-packages/airflow/example_dags/example_branch_python_dop_operator_3.py took 0.155 seconds
[2024-12-06T22:03:03.221+0000] {processor.py:186} INFO - Started process (PID=2789) to work on /home/airflow/.local/lib/python3.12/site-packages/airflow/example_dags/example_branch_python_dop_operator_3.py
[2024-12-06T22:03:03.224+0000] {processor.py:914} INFO - Processing file /home/airflow/.local/lib/python3.12/site-packages/airflow/example_dags/example_branch_python_dop_operator_3.py for tasks to queue
[2024-12-06T22:03:03.229+0000] {logging_mixin.py:190} INFO - [2024-12-06T22:03:03.229+0000] {dagbag.py:588} INFO - Filling up the DagBag from /home/airflow/.local/lib/python3.12/site-packages/airflow/example_dags/example_branch_python_dop_operator_3.py
[2024-12-06T22:03:03.252+0000] {processor.py:925} INFO - DAG(s) 'example_branch_dop_operator_v3' retrieved from /home/airflow/.local/lib/python3.12/site-packages/airflow/example_dags/example_branch_python_dop_operator_3.py
[2024-12-06T22:03:03.289+0000] {logging_mixin.py:190} INFO - [2024-12-06T22:03:03.288+0000] {dag.py:3239} INFO - Sync 1 DAGs
[2024-12-06T22:03:03.337+0000] {logging_mixin.py:190} INFO - [2024-12-06T22:03:03.336+0000] {dag.py:4180} INFO - Setting next_dagrun for example_branch_dop_operator_v3 to 2024-12-06 22:02:00+00:00, run_after=2024-12-06 22:03:00+00:00
[2024-12-06T22:03:03.366+0000] {processor.py:208} INFO - Processing /home/airflow/.local/lib/python3.12/site-packages/airflow/example_dags/example_branch_python_dop_operator_3.py took 0.159 seconds
[2024-12-06T22:03:35.955+0000] {processor.py:186} INFO - Started process (PID=2852) to work on /home/airflow/.local/lib/python3.12/site-packages/airflow/example_dags/example_branch_python_dop_operator_3.py
[2024-12-06T22:03:35.958+0000] {processor.py:914} INFO - Processing file /home/airflow/.local/lib/python3.12/site-packages/airflow/example_dags/example_branch_python_dop_operator_3.py for tasks to queue
[2024-12-06T22:03:35.961+0000] {logging_mixin.py:190} INFO - [2024-12-06T22:03:35.961+0000] {dagbag.py:588} INFO - Filling up the DagBag from /home/airflow/.local/lib/python3.12/site-packages/airflow/example_dags/example_branch_python_dop_operator_3.py
[2024-12-06T22:03:35.978+0000] {processor.py:925} INFO - DAG(s) 'example_branch_dop_operator_v3' retrieved from /home/airflow/.local/lib/python3.12/site-packages/airflow/example_dags/example_branch_python_dop_operator_3.py
[2024-12-06T22:03:36.007+0000] {logging_mixin.py:190} INFO - [2024-12-06T22:03:36.007+0000] {dag.py:3239} INFO - Sync 1 DAGs
[2024-12-06T22:03:36.048+0000] {logging_mixin.py:190} INFO - [2024-12-06T22:03:36.048+0000] {dag.py:4180} INFO - Setting next_dagrun for example_branch_dop_operator_v3 to 2024-12-06 22:02:00+00:00, run_after=2024-12-06 22:03:00+00:00
[2024-12-06T22:03:36.078+0000] {processor.py:208} INFO - Processing /home/airflow/.local/lib/python3.12/site-packages/airflow/example_dags/example_branch_python_dop_operator_3.py took 0.132 seconds
[2024-12-06T22:04:06.998+0000] {processor.py:186} INFO - Started process (PID=2915) to work on /home/airflow/.local/lib/python3.12/site-packages/airflow/example_dags/example_branch_python_dop_operator_3.py
[2024-12-06T22:04:07.000+0000] {processor.py:914} INFO - Processing file /home/airflow/.local/lib/python3.12/site-packages/airflow/example_dags/example_branch_python_dop_operator_3.py for tasks to queue
[2024-12-06T22:04:07.003+0000] {logging_mixin.py:190} INFO - [2024-12-06T22:04:07.003+0000] {dagbag.py:588} INFO - Filling up the DagBag from /home/airflow/.local/lib/python3.12/site-packages/airflow/example_dags/example_branch_python_dop_operator_3.py
[2024-12-06T22:04:07.021+0000] {processor.py:925} INFO - DAG(s) 'example_branch_dop_operator_v3' retrieved from /home/airflow/.local/lib/python3.12/site-packages/airflow/example_dags/example_branch_python_dop_operator_3.py
[2024-12-06T22:04:07.050+0000] {logging_mixin.py:190} INFO - [2024-12-06T22:04:07.050+0000] {dag.py:3239} INFO - Sync 1 DAGs
[2024-12-06T22:04:07.090+0000] {logging_mixin.py:190} INFO - [2024-12-06T22:04:07.090+0000] {dag.py:4180} INFO - Setting next_dagrun for example_branch_dop_operator_v3 to 2024-12-06 22:03:00+00:00, run_after=2024-12-06 22:04:00+00:00
[2024-12-06T22:04:07.119+0000] {processor.py:208} INFO - Processing /home/airflow/.local/lib/python3.12/site-packages/airflow/example_dags/example_branch_python_dop_operator_3.py took 0.131 seconds
[2024-12-06T22:04:37.967+0000] {processor.py:186} INFO - Started process (PID=2978) to work on /home/airflow/.local/lib/python3.12/site-packages/airflow/example_dags/example_branch_python_dop_operator_3.py
[2024-12-06T22:04:37.969+0000] {processor.py:914} INFO - Processing file /home/airflow/.local/lib/python3.12/site-packages/airflow/example_dags/example_branch_python_dop_operator_3.py for tasks to queue
[2024-12-06T22:04:37.973+0000] {logging_mixin.py:190} INFO - [2024-12-06T22:04:37.972+0000] {dagbag.py:588} INFO - Filling up the DagBag from /home/airflow/.local/lib/python3.12/site-packages/airflow/example_dags/example_branch_python_dop_operator_3.py
[2024-12-06T22:04:37.991+0000] {processor.py:925} INFO - DAG(s) 'example_branch_dop_operator_v3' retrieved from /home/airflow/.local/lib/python3.12/site-packages/airflow/example_dags/example_branch_python_dop_operator_3.py
[2024-12-06T22:04:38.024+0000] {logging_mixin.py:190} INFO - [2024-12-06T22:04:38.024+0000] {dag.py:3239} INFO - Sync 1 DAGs
[2024-12-06T22:04:38.072+0000] {logging_mixin.py:190} INFO - [2024-12-06T22:04:38.072+0000] {dag.py:4180} INFO - Setting next_dagrun for example_branch_dop_operator_v3 to 2024-12-06 22:03:00+00:00, run_after=2024-12-06 22:04:00+00:00
[2024-12-06T22:04:38.107+0000] {processor.py:208} INFO - Processing /home/airflow/.local/lib/python3.12/site-packages/airflow/example_dags/example_branch_python_dop_operator_3.py took 0.152 seconds
[2024-12-06T22:05:10.226+0000] {processor.py:186} INFO - Started process (PID=3045) to work on /home/airflow/.local/lib/python3.12/site-packages/airflow/example_dags/example_branch_python_dop_operator_3.py
[2024-12-06T22:05:10.228+0000] {processor.py:914} INFO - Processing file /home/airflow/.local/lib/python3.12/site-packages/airflow/example_dags/example_branch_python_dop_operator_3.py for tasks to queue
[2024-12-06T22:05:10.231+0000] {logging_mixin.py:190} INFO - [2024-12-06T22:05:10.231+0000] {dagbag.py:588} INFO - Filling up the DagBag from /home/airflow/.local/lib/python3.12/site-packages/airflow/example_dags/example_branch_python_dop_operator_3.py
[2024-12-06T22:05:10.247+0000] {processor.py:925} INFO - DAG(s) 'example_branch_dop_operator_v3' retrieved from /home/airflow/.local/lib/python3.12/site-packages/airflow/example_dags/example_branch_python_dop_operator_3.py
[2024-12-06T22:05:10.280+0000] {logging_mixin.py:190} INFO - [2024-12-06T22:05:10.280+0000] {dag.py:3239} INFO - Sync 1 DAGs
[2024-12-06T22:05:10.320+0000] {logging_mixin.py:190} INFO - [2024-12-06T22:05:10.320+0000] {dag.py:4180} INFO - Setting next_dagrun for example_branch_dop_operator_v3 to 2024-12-06 22:04:00+00:00, run_after=2024-12-06 22:05:00+00:00
[2024-12-06T22:05:10.345+0000] {processor.py:208} INFO - Processing /home/airflow/.local/lib/python3.12/site-packages/airflow/example_dags/example_branch_python_dop_operator_3.py took 0.129 seconds
[2024-12-06T22:05:41.967+0000] {processor.py:186} INFO - Started process (PID=3108) to work on /home/airflow/.local/lib/python3.12/site-packages/airflow/example_dags/example_branch_python_dop_operator_3.py
[2024-12-06T22:05:41.969+0000] {processor.py:914} INFO - Processing file /home/airflow/.local/lib/python3.12/site-packages/airflow/example_dags/example_branch_python_dop_operator_3.py for tasks to queue
[2024-12-06T22:05:41.974+0000] {logging_mixin.py:190} INFO - [2024-12-06T22:05:41.974+0000] {dagbag.py:588} INFO - Filling up the DagBag from /home/airflow/.local/lib/python3.12/site-packages/airflow/example_dags/example_branch_python_dop_operator_3.py
[2024-12-06T22:05:41.991+0000] {processor.py:925} INFO - DAG(s) 'example_branch_dop_operator_v3' retrieved from /home/airflow/.local/lib/python3.12/site-packages/airflow/example_dags/example_branch_python_dop_operator_3.py
[2024-12-06T22:05:42.024+0000] {logging_mixin.py:190} INFO - [2024-12-06T22:05:42.023+0000] {dag.py:3239} INFO - Sync 1 DAGs
[2024-12-06T22:05:42.062+0000] {logging_mixin.py:190} INFO - [2024-12-06T22:05:42.062+0000] {dag.py:4180} INFO - Setting next_dagrun for example_branch_dop_operator_v3 to 2024-12-06 22:04:00+00:00, run_after=2024-12-06 22:05:00+00:00
[2024-12-06T22:05:42.091+0000] {processor.py:208} INFO - Processing /home/airflow/.local/lib/python3.12/site-packages/airflow/example_dags/example_branch_python_dop_operator_3.py took 0.132 seconds
[2024-12-06T22:06:14.088+0000] {processor.py:186} INFO - Started process (PID=3171) to work on /home/airflow/.local/lib/python3.12/site-packages/airflow/example_dags/example_branch_python_dop_operator_3.py
[2024-12-06T22:06:14.093+0000] {processor.py:914} INFO - Processing file /home/airflow/.local/lib/python3.12/site-packages/airflow/example_dags/example_branch_python_dop_operator_3.py for tasks to queue
[2024-12-06T22:06:14.097+0000] {logging_mixin.py:190} INFO - [2024-12-06T22:06:14.096+0000] {dagbag.py:588} INFO - Filling up the DagBag from /home/airflow/.local/lib/python3.12/site-packages/airflow/example_dags/example_branch_python_dop_operator_3.py
[2024-12-06T22:06:14.115+0000] {processor.py:925} INFO - DAG(s) 'example_branch_dop_operator_v3' retrieved from /home/airflow/.local/lib/python3.12/site-packages/airflow/example_dags/example_branch_python_dop_operator_3.py
[2024-12-06T22:06:14.146+0000] {logging_mixin.py:190} INFO - [2024-12-06T22:06:14.145+0000] {dag.py:3239} INFO - Sync 1 DAGs
[2024-12-06T22:06:14.189+0000] {logging_mixin.py:190} INFO - [2024-12-06T22:06:14.189+0000] {dag.py:4180} INFO - Setting next_dagrun for example_branch_dop_operator_v3 to 2024-12-06 22:05:00+00:00, run_after=2024-12-06 22:06:00+00:00
[2024-12-06T22:06:14.221+0000] {processor.py:208} INFO - Processing /home/airflow/.local/lib/python3.12/site-packages/airflow/example_dags/example_branch_python_dop_operator_3.py took 0.142 seconds
[2024-12-06T22:06:45.398+0000] {processor.py:186} INFO - Started process (PID=3234) to work on /home/airflow/.local/lib/python3.12/site-packages/airflow/example_dags/example_branch_python_dop_operator_3.py
[2024-12-06T22:06:45.399+0000] {processor.py:914} INFO - Processing file /home/airflow/.local/lib/python3.12/site-packages/airflow/example_dags/example_branch_python_dop_operator_3.py for tasks to queue
[2024-12-06T22:06:45.403+0000] {logging_mixin.py:190} INFO - [2024-12-06T22:06:45.403+0000] {dagbag.py:588} INFO - Filling up the DagBag from /home/airflow/.local/lib/python3.12/site-packages/airflow/example_dags/example_branch_python_dop_operator_3.py
[2024-12-06T22:06:45.423+0000] {processor.py:925} INFO - DAG(s) 'example_branch_dop_operator_v3' retrieved from /home/airflow/.local/lib/python3.12/site-packages/airflow/example_dags/example_branch_python_dop_operator_3.py
[2024-12-06T22:06:45.462+0000] {logging_mixin.py:190} INFO - [2024-12-06T22:06:45.461+0000] {dag.py:3239} INFO - Sync 1 DAGs
[2024-12-06T22:06:45.505+0000] {logging_mixin.py:190} INFO - [2024-12-06T22:06:45.504+0000] {dag.py:4180} INFO - Setting next_dagrun for example_branch_dop_operator_v3 to 2024-12-06 22:05:00+00:00, run_after=2024-12-06 22:06:00+00:00
[2024-12-06T22:06:45.535+0000] {processor.py:208} INFO - Processing /home/airflow/.local/lib/python3.12/site-packages/airflow/example_dags/example_branch_python_dop_operator_3.py took 0.149 seconds
[2024-12-06T22:07:19.390+0000] {processor.py:186} INFO - Started process (PID=3300) to work on /home/airflow/.local/lib/python3.12/site-packages/airflow/example_dags/example_branch_python_dop_operator_3.py
[2024-12-06T22:07:19.392+0000] {processor.py:914} INFO - Processing file /home/airflow/.local/lib/python3.12/site-packages/airflow/example_dags/example_branch_python_dop_operator_3.py for tasks to queue
[2024-12-06T22:07:19.398+0000] {logging_mixin.py:190} INFO - [2024-12-06T22:07:19.398+0000] {dagbag.py:588} INFO - Filling up the DagBag from /home/airflow/.local/lib/python3.12/site-packages/airflow/example_dags/example_branch_python_dop_operator_3.py
[2024-12-06T22:07:19.417+0000] {processor.py:925} INFO - DAG(s) 'example_branch_dop_operator_v3' retrieved from /home/airflow/.local/lib/python3.12/site-packages/airflow/example_dags/example_branch_python_dop_operator_3.py
[2024-12-06T22:07:19.451+0000] {logging_mixin.py:190} INFO - [2024-12-06T22:07:19.451+0000] {dag.py:3239} INFO - Sync 1 DAGs
[2024-12-06T22:07:19.502+0000] {logging_mixin.py:190} INFO - [2024-12-06T22:07:19.501+0000] {dag.py:4180} INFO - Setting next_dagrun for example_branch_dop_operator_v3 to 2024-12-06 22:06:00+00:00, run_after=2024-12-06 22:07:00+00:00
[2024-12-06T22:07:19.536+0000] {processor.py:208} INFO - Processing /home/airflow/.local/lib/python3.12/site-packages/airflow/example_dags/example_branch_python_dop_operator_3.py took 0.156 seconds
[2024-12-06T22:07:50.956+0000] {processor.py:186} INFO - Started process (PID=3369) to work on /home/airflow/.local/lib/python3.12/site-packages/airflow/example_dags/example_branch_python_dop_operator_3.py
[2024-12-06T22:07:50.958+0000] {processor.py:914} INFO - Processing file /home/airflow/.local/lib/python3.12/site-packages/airflow/example_dags/example_branch_python_dop_operator_3.py for tasks to queue
[2024-12-06T22:07:50.962+0000] {logging_mixin.py:190} INFO - [2024-12-06T22:07:50.961+0000] {dagbag.py:588} INFO - Filling up the DagBag from /home/airflow/.local/lib/python3.12/site-packages/airflow/example_dags/example_branch_python_dop_operator_3.py
[2024-12-06T22:07:50.981+0000] {processor.py:925} INFO - DAG(s) 'example_branch_dop_operator_v3' retrieved from /home/airflow/.local/lib/python3.12/site-packages/airflow/example_dags/example_branch_python_dop_operator_3.py
[2024-12-06T22:07:51.014+0000] {logging_mixin.py:190} INFO - [2024-12-06T22:07:51.014+0000] {dag.py:3239} INFO - Sync 1 DAGs
[2024-12-06T22:07:51.061+0000] {logging_mixin.py:190} INFO - [2024-12-06T22:07:51.061+0000] {dag.py:4180} INFO - Setting next_dagrun for example_branch_dop_operator_v3 to 2024-12-06 22:06:00+00:00, run_after=2024-12-06 22:07:00+00:00
[2024-12-06T22:07:51.344+0000] {processor.py:208} INFO - Processing /home/airflow/.local/lib/python3.12/site-packages/airflow/example_dags/example_branch_python_dop_operator_3.py took 0.403 seconds
[2024-12-06T22:08:21.459+0000] {processor.py:186} INFO - Started process (PID=3432) to work on /home/airflow/.local/lib/python3.12/site-packages/airflow/example_dags/example_branch_python_dop_operator_3.py
[2024-12-06T22:08:21.460+0000] {processor.py:914} INFO - Processing file /home/airflow/.local/lib/python3.12/site-packages/airflow/example_dags/example_branch_python_dop_operator_3.py for tasks to queue
[2024-12-06T22:08:21.464+0000] {logging_mixin.py:190} INFO - [2024-12-06T22:08:21.463+0000] {dagbag.py:588} INFO - Filling up the DagBag from /home/airflow/.local/lib/python3.12/site-packages/airflow/example_dags/example_branch_python_dop_operator_3.py
[2024-12-06T22:08:21.479+0000] {processor.py:925} INFO - DAG(s) 'example_branch_dop_operator_v3' retrieved from /home/airflow/.local/lib/python3.12/site-packages/airflow/example_dags/example_branch_python_dop_operator_3.py
[2024-12-06T22:08:21.510+0000] {logging_mixin.py:190} INFO - [2024-12-06T22:08:21.509+0000] {dag.py:3239} INFO - Sync 1 DAGs
[2024-12-06T22:08:21.548+0000] {logging_mixin.py:190} INFO - [2024-12-06T22:08:21.548+0000] {dag.py:4180} INFO - Setting next_dagrun for example_branch_dop_operator_v3 to 2024-12-06 22:07:00+00:00, run_after=2024-12-06 22:08:00+00:00
[2024-12-06T22:08:21.576+0000] {processor.py:208} INFO - Processing /home/airflow/.local/lib/python3.12/site-packages/airflow/example_dags/example_branch_python_dop_operator_3.py took 0.127 seconds
[2024-12-06T22:08:56.714+0000] {processor.py:186} INFO - Started process (PID=3495) to work on /home/airflow/.local/lib/python3.12/site-packages/airflow/example_dags/example_branch_python_dop_operator_3.py
[2024-12-06T22:08:56.715+0000] {processor.py:914} INFO - Processing file /home/airflow/.local/lib/python3.12/site-packages/airflow/example_dags/example_branch_python_dop_operator_3.py for tasks to queue
[2024-12-06T22:08:56.719+0000] {logging_mixin.py:190} INFO - [2024-12-06T22:08:56.719+0000] {dagbag.py:588} INFO - Filling up the DagBag from /home/airflow/.local/lib/python3.12/site-packages/airflow/example_dags/example_branch_python_dop_operator_3.py
[2024-12-06T22:08:56.740+0000] {processor.py:925} INFO - DAG(s) 'example_branch_dop_operator_v3' retrieved from /home/airflow/.local/lib/python3.12/site-packages/airflow/example_dags/example_branch_python_dop_operator_3.py
[2024-12-06T22:08:56.769+0000] {logging_mixin.py:190} INFO - [2024-12-06T22:08:56.769+0000] {dag.py:3239} INFO - Sync 1 DAGs
[2024-12-06T22:08:56.813+0000] {logging_mixin.py:190} INFO - [2024-12-06T22:08:56.813+0000] {dag.py:4180} INFO - Setting next_dagrun for example_branch_dop_operator_v3 to 2024-12-06 22:07:00+00:00, run_after=2024-12-06 22:08:00+00:00
[2024-12-06T22:08:56.845+0000] {processor.py:208} INFO - Processing /home/airflow/.local/lib/python3.12/site-packages/airflow/example_dags/example_branch_python_dop_operator_3.py took 0.143 seconds
[2024-12-06T22:09:27.237+0000] {processor.py:186} INFO - Started process (PID=3558) to work on /home/airflow/.local/lib/python3.12/site-packages/airflow/example_dags/example_branch_python_dop_operator_3.py
[2024-12-06T22:09:27.239+0000] {processor.py:914} INFO - Processing file /home/airflow/.local/lib/python3.12/site-packages/airflow/example_dags/example_branch_python_dop_operator_3.py for tasks to queue
[2024-12-06T22:09:27.244+0000] {logging_mixin.py:190} INFO - [2024-12-06T22:09:27.243+0000] {dagbag.py:588} INFO - Filling up the DagBag from /home/airflow/.local/lib/python3.12/site-packages/airflow/example_dags/example_branch_python_dop_operator_3.py
[2024-12-06T22:09:27.264+0000] {processor.py:925} INFO - DAG(s) 'example_branch_dop_operator_v3' retrieved from /home/airflow/.local/lib/python3.12/site-packages/airflow/example_dags/example_branch_python_dop_operator_3.py
[2024-12-06T22:09:27.300+0000] {logging_mixin.py:190} INFO - [2024-12-06T22:09:27.299+0000] {dag.py:3239} INFO - Sync 1 DAGs
[2024-12-06T22:09:27.350+0000] {logging_mixin.py:190} INFO - [2024-12-06T22:09:27.350+0000] {dag.py:4180} INFO - Setting next_dagrun for example_branch_dop_operator_v3 to 2024-12-06 22:08:00+00:00, run_after=2024-12-06 22:09:00+00:00
[2024-12-06T22:09:27.385+0000] {processor.py:208} INFO - Processing /home/airflow/.local/lib/python3.12/site-packages/airflow/example_dags/example_branch_python_dop_operator_3.py took 0.158 seconds
[2024-12-06T22:09:57.885+0000] {processor.py:186} INFO - Started process (PID=3621) to work on /home/airflow/.local/lib/python3.12/site-packages/airflow/example_dags/example_branch_python_dop_operator_3.py
[2024-12-06T22:09:57.887+0000] {processor.py:914} INFO - Processing file /home/airflow/.local/lib/python3.12/site-packages/airflow/example_dags/example_branch_python_dop_operator_3.py for tasks to queue
[2024-12-06T22:09:57.891+0000] {logging_mixin.py:190} INFO - [2024-12-06T22:09:57.890+0000] {dagbag.py:588} INFO - Filling up the DagBag from /home/airflow/.local/lib/python3.12/site-packages/airflow/example_dags/example_branch_python_dop_operator_3.py
[2024-12-06T22:09:57.910+0000] {processor.py:925} INFO - DAG(s) 'example_branch_dop_operator_v3' retrieved from /home/airflow/.local/lib/python3.12/site-packages/airflow/example_dags/example_branch_python_dop_operator_3.py
[2024-12-06T22:09:57.946+0000] {logging_mixin.py:190} INFO - [2024-12-06T22:09:57.946+0000] {dag.py:3239} INFO - Sync 1 DAGs
[2024-12-06T22:09:57.995+0000] {logging_mixin.py:190} INFO - [2024-12-06T22:09:57.994+0000] {dag.py:4180} INFO - Setting next_dagrun for example_branch_dop_operator_v3 to 2024-12-06 22:08:00+00:00, run_after=2024-12-06 22:09:00+00:00
[2024-12-06T22:09:58.027+0000] {processor.py:208} INFO - Processing /home/airflow/.local/lib/python3.12/site-packages/airflow/example_dags/example_branch_python_dop_operator_3.py took 0.153 seconds
[2024-12-06T22:10:29.284+0000] {processor.py:186} INFO - Started process (PID=3686) to work on /home/airflow/.local/lib/python3.12/site-packages/airflow/example_dags/example_branch_python_dop_operator_3.py
[2024-12-06T22:10:29.286+0000] {processor.py:914} INFO - Processing file /home/airflow/.local/lib/python3.12/site-packages/airflow/example_dags/example_branch_python_dop_operator_3.py for tasks to queue
[2024-12-06T22:10:29.289+0000] {logging_mixin.py:190} INFO - [2024-12-06T22:10:29.289+0000] {dagbag.py:588} INFO - Filling up the DagBag from /home/airflow/.local/lib/python3.12/site-packages/airflow/example_dags/example_branch_python_dop_operator_3.py
[2024-12-06T22:10:29.308+0000] {processor.py:925} INFO - DAG(s) 'example_branch_dop_operator_v3' retrieved from /home/airflow/.local/lib/python3.12/site-packages/airflow/example_dags/example_branch_python_dop_operator_3.py
[2024-12-06T22:10:29.339+0000] {logging_mixin.py:190} INFO - [2024-12-06T22:10:29.339+0000] {dag.py:3239} INFO - Sync 1 DAGs
[2024-12-06T22:10:29.397+0000] {logging_mixin.py:190} INFO - [2024-12-06T22:10:29.396+0000] {dag.py:4180} INFO - Setting next_dagrun for example_branch_dop_operator_v3 to 2024-12-06 22:09:00+00:00, run_after=2024-12-06 22:10:00+00:00
[2024-12-06T22:10:29.427+0000] {processor.py:208} INFO - Processing /home/airflow/.local/lib/python3.12/site-packages/airflow/example_dags/example_branch_python_dop_operator_3.py took 0.154 seconds
[2024-12-06T22:10:59.804+0000] {processor.py:186} INFO - Started process (PID=3749) to work on /home/airflow/.local/lib/python3.12/site-packages/airflow/example_dags/example_branch_python_dop_operator_3.py
[2024-12-06T22:10:59.806+0000] {processor.py:914} INFO - Processing file /home/airflow/.local/lib/python3.12/site-packages/airflow/example_dags/example_branch_python_dop_operator_3.py for tasks to queue
[2024-12-06T22:10:59.812+0000] {logging_mixin.py:190} INFO - [2024-12-06T22:10:59.810+0000] {dagbag.py:588} INFO - Filling up the DagBag from /home/airflow/.local/lib/python3.12/site-packages/airflow/example_dags/example_branch_python_dop_operator_3.py
[2024-12-06T22:10:59.837+0000] {processor.py:925} INFO - DAG(s) 'example_branch_dop_operator_v3' retrieved from /home/airflow/.local/lib/python3.12/site-packages/airflow/example_dags/example_branch_python_dop_operator_3.py
[2024-12-06T22:10:59.866+0000] {logging_mixin.py:190} INFO - [2024-12-06T22:10:59.866+0000] {dag.py:3239} INFO - Sync 1 DAGs
[2024-12-06T22:10:59.936+0000] {logging_mixin.py:190} INFO - [2024-12-06T22:10:59.936+0000] {dag.py:4180} INFO - Setting next_dagrun for example_branch_dop_operator_v3 to 2024-12-06 22:09:00+00:00, run_after=2024-12-06 22:10:00+00:00
[2024-12-06T22:11:00.002+0000] {processor.py:208} INFO - Processing /home/airflow/.local/lib/python3.12/site-packages/airflow/example_dags/example_branch_python_dop_operator_3.py took 0.211 seconds
