[2024-12-06T21:40:56.124+0000] {processor.py:186} INFO - Started process (PID=102) to work on /home/airflow/.local/lib/python3.12/site-packages/airflow/example_dags/tutorial.py
[2024-12-06T21:40:56.125+0000] {processor.py:914} INFO - Processing file /home/airflow/.local/lib/python3.12/site-packages/airflow/example_dags/tutorial.py for tasks to queue
[2024-12-06T21:40:56.128+0000] {logging_mixin.py:190} INFO - [2024-12-06T21:40:56.128+0000] {dagbag.py:588} INFO - Filling up the DagBag from /home/airflow/.local/lib/python3.12/site-packages/airflow/example_dags/tutorial.py
[2024-12-06T21:40:56.140+0000] {processor.py:925} INFO - DAG(s) 'tutorial' retrieved from /home/airflow/.local/lib/python3.12/site-packages/airflow/example_dags/tutorial.py
[2024-12-06T21:40:56.296+0000] {logging_mixin.py:190} INFO - [2024-12-06T21:40:56.296+0000] {override.py:1911} INFO - Created Permission View: can edit on DAG:tutorial
[2024-12-06T21:40:56.309+0000] {logging_mixin.py:190} INFO - [2024-12-06T21:40:56.309+0000] {override.py:1911} INFO - Created Permission View: can delete on DAG:tutorial
[2024-12-06T21:40:56.319+0000] {logging_mixin.py:190} INFO - [2024-12-06T21:40:56.318+0000] {override.py:1911} INFO - Created Permission View: can read on DAG:tutorial
[2024-12-06T21:40:56.329+0000] {logging_mixin.py:190} INFO - [2024-12-06T21:40:56.329+0000] {override.py:1911} INFO - Created Permission View: menu access on DAG Run:tutorial
[2024-12-06T21:40:56.338+0000] {logging_mixin.py:190} INFO - [2024-12-06T21:40:56.338+0000] {override.py:1911} INFO - Created Permission View: can create on DAG Run:tutorial
[2024-12-06T21:40:56.347+0000] {logging_mixin.py:190} INFO - [2024-12-06T21:40:56.347+0000] {override.py:1911} INFO - Created Permission View: can delete on DAG Run:tutorial
[2024-12-06T21:40:56.356+0000] {logging_mixin.py:190} INFO - [2024-12-06T21:40:56.356+0000] {override.py:1911} INFO - Created Permission View: can read on DAG Run:tutorial
[2024-12-06T21:40:56.357+0000] {logging_mixin.py:190} INFO - [2024-12-06T21:40:56.357+0000] {dag.py:3239} INFO - Sync 1 DAGs
[2024-12-06T21:40:56.380+0000] {logging_mixin.py:190} INFO - [2024-12-06T21:40:56.379+0000] {dag.py:3262} INFO - Creating ORM DAG for tutorial
[2024-12-06T21:40:56.391+0000] {logging_mixin.py:190} INFO - [2024-12-06T21:40:56.391+0000] {dag.py:4180} INFO - Setting next_dagrun for tutorial to 2024-12-05 00:00:00+00:00, run_after=2024-12-06 00:00:00+00:00
[2024-12-06T21:40:56.410+0000] {processor.py:208} INFO - Processing /home/airflow/.local/lib/python3.12/site-packages/airflow/example_dags/tutorial.py took 0.294 seconds
[2024-12-06T21:41:26.694+0000] {processor.py:186} INFO - Started process (PID=165) to work on /home/airflow/.local/lib/python3.12/site-packages/airflow/example_dags/tutorial.py
[2024-12-06T21:41:26.695+0000] {processor.py:914} INFO - Processing file /home/airflow/.local/lib/python3.12/site-packages/airflow/example_dags/tutorial.py for tasks to queue
[2024-12-06T21:41:26.698+0000] {logging_mixin.py:190} INFO - [2024-12-06T21:41:26.698+0000] {dagbag.py:588} INFO - Filling up the DagBag from /home/airflow/.local/lib/python3.12/site-packages/airflow/example_dags/tutorial.py
[2024-12-06T21:41:26.709+0000] {processor.py:925} INFO - DAG(s) 'tutorial' retrieved from /home/airflow/.local/lib/python3.12/site-packages/airflow/example_dags/tutorial.py
[2024-12-06T21:41:26.734+0000] {logging_mixin.py:190} INFO - [2024-12-06T21:41:26.734+0000] {dag.py:3239} INFO - Sync 1 DAGs
[2024-12-06T21:41:26.764+0000] {logging_mixin.py:190} INFO - [2024-12-06T21:41:26.763+0000] {dag.py:4180} INFO - Setting next_dagrun for tutorial to 2024-12-05 00:00:00+00:00, run_after=2024-12-06 00:00:00+00:00
[2024-12-06T21:41:26.789+0000] {processor.py:208} INFO - Processing /home/airflow/.local/lib/python3.12/site-packages/airflow/example_dags/tutorial.py took 0.104 seconds
[2024-12-06T21:41:57.618+0000] {processor.py:186} INFO - Started process (PID=228) to work on /home/airflow/.local/lib/python3.12/site-packages/airflow/example_dags/tutorial.py
[2024-12-06T21:41:57.619+0000] {processor.py:914} INFO - Processing file /home/airflow/.local/lib/python3.12/site-packages/airflow/example_dags/tutorial.py for tasks to queue
[2024-12-06T21:41:57.623+0000] {logging_mixin.py:190} INFO - [2024-12-06T21:41:57.622+0000] {dagbag.py:588} INFO - Filling up the DagBag from /home/airflow/.local/lib/python3.12/site-packages/airflow/example_dags/tutorial.py
[2024-12-06T21:41:57.632+0000] {processor.py:925} INFO - DAG(s) 'tutorial' retrieved from /home/airflow/.local/lib/python3.12/site-packages/airflow/example_dags/tutorial.py
[2024-12-06T21:41:57.656+0000] {logging_mixin.py:190} INFO - [2024-12-06T21:41:57.656+0000] {dag.py:3239} INFO - Sync 1 DAGs
[2024-12-06T21:41:57.685+0000] {logging_mixin.py:190} INFO - [2024-12-06T21:41:57.685+0000] {dag.py:4180} INFO - Setting next_dagrun for tutorial to 2024-12-05 00:00:00+00:00, run_after=2024-12-06 00:00:00+00:00
[2024-12-06T21:41:57.709+0000] {processor.py:208} INFO - Processing /home/airflow/.local/lib/python3.12/site-packages/airflow/example_dags/tutorial.py took 0.098 seconds
[2024-12-06T21:42:28.624+0000] {processor.py:186} INFO - Started process (PID=291) to work on /home/airflow/.local/lib/python3.12/site-packages/airflow/example_dags/tutorial.py
[2024-12-06T21:42:28.625+0000] {processor.py:914} INFO - Processing file /home/airflow/.local/lib/python3.12/site-packages/airflow/example_dags/tutorial.py for tasks to queue
[2024-12-06T21:42:28.628+0000] {logging_mixin.py:190} INFO - [2024-12-06T21:42:28.628+0000] {dagbag.py:588} INFO - Filling up the DagBag from /home/airflow/.local/lib/python3.12/site-packages/airflow/example_dags/tutorial.py
[2024-12-06T21:42:28.638+0000] {processor.py:925} INFO - DAG(s) 'tutorial' retrieved from /home/airflow/.local/lib/python3.12/site-packages/airflow/example_dags/tutorial.py
[2024-12-06T21:42:28.663+0000] {logging_mixin.py:190} INFO - [2024-12-06T21:42:28.662+0000] {dag.py:3239} INFO - Sync 1 DAGs
[2024-12-06T21:42:28.691+0000] {logging_mixin.py:190} INFO - [2024-12-06T21:42:28.691+0000] {dag.py:4180} INFO - Setting next_dagrun for tutorial to 2024-12-05 00:00:00+00:00, run_after=2024-12-06 00:00:00+00:00
[2024-12-06T21:42:28.714+0000] {processor.py:208} INFO - Processing /home/airflow/.local/lib/python3.12/site-packages/airflow/example_dags/tutorial.py took 0.098 seconds
[2024-12-06T21:42:59.754+0000] {processor.py:186} INFO - Started process (PID=354) to work on /home/airflow/.local/lib/python3.12/site-packages/airflow/example_dags/tutorial.py
[2024-12-06T21:42:59.755+0000] {processor.py:914} INFO - Processing file /home/airflow/.local/lib/python3.12/site-packages/airflow/example_dags/tutorial.py for tasks to queue
[2024-12-06T21:42:59.758+0000] {logging_mixin.py:190} INFO - [2024-12-06T21:42:59.758+0000] {dagbag.py:588} INFO - Filling up the DagBag from /home/airflow/.local/lib/python3.12/site-packages/airflow/example_dags/tutorial.py
[2024-12-06T21:42:59.768+0000] {processor.py:925} INFO - DAG(s) 'tutorial' retrieved from /home/airflow/.local/lib/python3.12/site-packages/airflow/example_dags/tutorial.py
[2024-12-06T21:42:59.793+0000] {logging_mixin.py:190} INFO - [2024-12-06T21:42:59.792+0000] {dag.py:3239} INFO - Sync 1 DAGs
[2024-12-06T21:42:59.820+0000] {logging_mixin.py:190} INFO - [2024-12-06T21:42:59.819+0000] {dag.py:4180} INFO - Setting next_dagrun for tutorial to 2024-12-05 00:00:00+00:00, run_after=2024-12-06 00:00:00+00:00
[2024-12-06T21:42:59.841+0000] {processor.py:208} INFO - Processing /home/airflow/.local/lib/python3.12/site-packages/airflow/example_dags/tutorial.py took 0.095 seconds
[2024-12-06T21:43:31.607+0000] {processor.py:186} INFO - Started process (PID=417) to work on /home/airflow/.local/lib/python3.12/site-packages/airflow/example_dags/tutorial.py
[2024-12-06T21:43:31.608+0000] {processor.py:914} INFO - Processing file /home/airflow/.local/lib/python3.12/site-packages/airflow/example_dags/tutorial.py for tasks to queue
[2024-12-06T21:43:31.612+0000] {logging_mixin.py:190} INFO - [2024-12-06T21:43:31.611+0000] {dagbag.py:588} INFO - Filling up the DagBag from /home/airflow/.local/lib/python3.12/site-packages/airflow/example_dags/tutorial.py
[2024-12-06T21:43:31.623+0000] {processor.py:925} INFO - DAG(s) 'tutorial' retrieved from /home/airflow/.local/lib/python3.12/site-packages/airflow/example_dags/tutorial.py
[2024-12-06T21:43:31.651+0000] {logging_mixin.py:190} INFO - [2024-12-06T21:43:31.650+0000] {dag.py:3239} INFO - Sync 1 DAGs
[2024-12-06T21:43:31.683+0000] {logging_mixin.py:190} INFO - [2024-12-06T21:43:31.683+0000] {dag.py:4180} INFO - Setting next_dagrun for tutorial to 2024-12-05 00:00:00+00:00, run_after=2024-12-06 00:00:00+00:00
[2024-12-06T21:43:31.709+0000] {processor.py:208} INFO - Processing /home/airflow/.local/lib/python3.12/site-packages/airflow/example_dags/tutorial.py took 0.111 seconds
[2024-12-06T21:44:02.763+0000] {processor.py:186} INFO - Started process (PID=480) to work on /home/airflow/.local/lib/python3.12/site-packages/airflow/example_dags/tutorial.py
[2024-12-06T21:44:02.764+0000] {processor.py:914} INFO - Processing file /home/airflow/.local/lib/python3.12/site-packages/airflow/example_dags/tutorial.py for tasks to queue
[2024-12-06T21:44:02.767+0000] {logging_mixin.py:190} INFO - [2024-12-06T21:44:02.767+0000] {dagbag.py:588} INFO - Filling up the DagBag from /home/airflow/.local/lib/python3.12/site-packages/airflow/example_dags/tutorial.py
[2024-12-06T21:44:02.779+0000] {processor.py:925} INFO - DAG(s) 'tutorial' retrieved from /home/airflow/.local/lib/python3.12/site-packages/airflow/example_dags/tutorial.py
[2024-12-06T21:44:02.805+0000] {logging_mixin.py:190} INFO - [2024-12-06T21:44:02.804+0000] {dag.py:3239} INFO - Sync 1 DAGs
[2024-12-06T21:44:02.839+0000] {logging_mixin.py:190} INFO - [2024-12-06T21:44:02.839+0000] {dag.py:4180} INFO - Setting next_dagrun for tutorial to 2024-12-05 00:00:00+00:00, run_after=2024-12-06 00:00:00+00:00
[2024-12-06T21:44:02.866+0000] {processor.py:208} INFO - Processing /home/airflow/.local/lib/python3.12/site-packages/airflow/example_dags/tutorial.py took 0.113 seconds
[2024-12-06T21:44:34.414+0000] {processor.py:186} INFO - Started process (PID=543) to work on /home/airflow/.local/lib/python3.12/site-packages/airflow/example_dags/tutorial.py
[2024-12-06T21:44:34.415+0000] {processor.py:914} INFO - Processing file /home/airflow/.local/lib/python3.12/site-packages/airflow/example_dags/tutorial.py for tasks to queue
[2024-12-06T21:44:34.421+0000] {logging_mixin.py:190} INFO - [2024-12-06T21:44:34.420+0000] {dagbag.py:588} INFO - Filling up the DagBag from /home/airflow/.local/lib/python3.12/site-packages/airflow/example_dags/tutorial.py
[2024-12-06T21:44:34.442+0000] {processor.py:925} INFO - DAG(s) 'tutorial' retrieved from /home/airflow/.local/lib/python3.12/site-packages/airflow/example_dags/tutorial.py
[2024-12-06T21:44:34.490+0000] {logging_mixin.py:190} INFO - [2024-12-06T21:44:34.489+0000] {dag.py:3239} INFO - Sync 1 DAGs
[2024-12-06T21:44:34.539+0000] {logging_mixin.py:190} INFO - [2024-12-06T21:44:34.539+0000] {dag.py:4180} INFO - Setting next_dagrun for tutorial to 2024-12-05 00:00:00+00:00, run_after=2024-12-06 00:00:00+00:00
[2024-12-06T21:44:34.567+0000] {processor.py:208} INFO - Processing /home/airflow/.local/lib/python3.12/site-packages/airflow/example_dags/tutorial.py took 0.165 seconds
[2024-12-06T21:45:05.682+0000] {processor.py:186} INFO - Started process (PID=606) to work on /home/airflow/.local/lib/python3.12/site-packages/airflow/example_dags/tutorial.py
[2024-12-06T21:45:05.683+0000] {processor.py:914} INFO - Processing file /home/airflow/.local/lib/python3.12/site-packages/airflow/example_dags/tutorial.py for tasks to queue
[2024-12-06T21:45:05.686+0000] {logging_mixin.py:190} INFO - [2024-12-06T21:45:05.686+0000] {dagbag.py:588} INFO - Filling up the DagBag from /home/airflow/.local/lib/python3.12/site-packages/airflow/example_dags/tutorial.py
[2024-12-06T21:45:05.697+0000] {processor.py:925} INFO - DAG(s) 'tutorial' retrieved from /home/airflow/.local/lib/python3.12/site-packages/airflow/example_dags/tutorial.py
[2024-12-06T21:45:05.724+0000] {logging_mixin.py:190} INFO - [2024-12-06T21:45:05.724+0000] {dag.py:3239} INFO - Sync 1 DAGs
[2024-12-06T21:45:05.754+0000] {logging_mixin.py:190} INFO - [2024-12-06T21:45:05.754+0000] {dag.py:4180} INFO - Setting next_dagrun for tutorial to 2024-12-05 00:00:00+00:00, run_after=2024-12-06 00:00:00+00:00
[2024-12-06T21:45:05.778+0000] {processor.py:208} INFO - Processing /home/airflow/.local/lib/python3.12/site-packages/airflow/example_dags/tutorial.py took 0.105 seconds
[2024-12-06T21:45:37.241+0000] {processor.py:186} INFO - Started process (PID=670) to work on /home/airflow/.local/lib/python3.12/site-packages/airflow/example_dags/tutorial.py
[2024-12-06T21:45:37.242+0000] {processor.py:914} INFO - Processing file /home/airflow/.local/lib/python3.12/site-packages/airflow/example_dags/tutorial.py for tasks to queue
[2024-12-06T21:45:37.246+0000] {logging_mixin.py:190} INFO - [2024-12-06T21:45:37.246+0000] {dagbag.py:588} INFO - Filling up the DagBag from /home/airflow/.local/lib/python3.12/site-packages/airflow/example_dags/tutorial.py
[2024-12-06T21:45:37.257+0000] {processor.py:925} INFO - DAG(s) 'tutorial' retrieved from /home/airflow/.local/lib/python3.12/site-packages/airflow/example_dags/tutorial.py
[2024-12-06T21:45:37.286+0000] {logging_mixin.py:190} INFO - [2024-12-06T21:45:37.286+0000] {dag.py:3239} INFO - Sync 1 DAGs
[2024-12-06T21:45:37.321+0000] {logging_mixin.py:190} INFO - [2024-12-06T21:45:37.320+0000] {dag.py:4180} INFO - Setting next_dagrun for tutorial to 2024-12-05 00:00:00+00:00, run_after=2024-12-06 00:00:00+00:00
[2024-12-06T21:45:37.344+0000] {processor.py:208} INFO - Processing /home/airflow/.local/lib/python3.12/site-packages/airflow/example_dags/tutorial.py took 0.111 seconds
[2024-12-06T21:46:08.363+0000] {processor.py:186} INFO - Started process (PID=733) to work on /home/airflow/.local/lib/python3.12/site-packages/airflow/example_dags/tutorial.py
[2024-12-06T21:46:08.365+0000] {processor.py:914} INFO - Processing file /home/airflow/.local/lib/python3.12/site-packages/airflow/example_dags/tutorial.py for tasks to queue
[2024-12-06T21:46:08.368+0000] {logging_mixin.py:190} INFO - [2024-12-06T21:46:08.368+0000] {dagbag.py:588} INFO - Filling up the DagBag from /home/airflow/.local/lib/python3.12/site-packages/airflow/example_dags/tutorial.py
[2024-12-06T21:46:08.380+0000] {processor.py:925} INFO - DAG(s) 'tutorial' retrieved from /home/airflow/.local/lib/python3.12/site-packages/airflow/example_dags/tutorial.py
[2024-12-06T21:46:08.406+0000] {logging_mixin.py:190} INFO - [2024-12-06T21:46:08.406+0000] {dag.py:3239} INFO - Sync 1 DAGs
[2024-12-06T21:46:08.442+0000] {logging_mixin.py:190} INFO - [2024-12-06T21:46:08.442+0000] {dag.py:4180} INFO - Setting next_dagrun for tutorial to 2024-12-05 00:00:00+00:00, run_after=2024-12-06 00:00:00+00:00
[2024-12-06T21:46:08.475+0000] {processor.py:208} INFO - Processing /home/airflow/.local/lib/python3.12/site-packages/airflow/example_dags/tutorial.py took 0.120 seconds
[2024-12-06T21:46:40.825+0000] {processor.py:186} INFO - Started process (PID=801) to work on /home/airflow/.local/lib/python3.12/site-packages/airflow/example_dags/tutorial.py
[2024-12-06T21:46:40.827+0000] {processor.py:914} INFO - Processing file /home/airflow/.local/lib/python3.12/site-packages/airflow/example_dags/tutorial.py for tasks to queue
[2024-12-06T21:46:40.830+0000] {logging_mixin.py:190} INFO - [2024-12-06T21:46:40.830+0000] {dagbag.py:588} INFO - Filling up the DagBag from /home/airflow/.local/lib/python3.12/site-packages/airflow/example_dags/tutorial.py
[2024-12-06T21:46:40.841+0000] {processor.py:925} INFO - DAG(s) 'tutorial' retrieved from /home/airflow/.local/lib/python3.12/site-packages/airflow/example_dags/tutorial.py
[2024-12-06T21:46:40.866+0000] {logging_mixin.py:190} INFO - [2024-12-06T21:46:40.865+0000] {dag.py:3239} INFO - Sync 1 DAGs
[2024-12-06T21:46:40.896+0000] {logging_mixin.py:190} INFO - [2024-12-06T21:46:40.896+0000] {dag.py:4180} INFO - Setting next_dagrun for tutorial to 2024-12-05 00:00:00+00:00, run_after=2024-12-06 00:00:00+00:00
[2024-12-06T21:46:40.920+0000] {processor.py:208} INFO - Processing /home/airflow/.local/lib/python3.12/site-packages/airflow/example_dags/tutorial.py took 0.103 seconds
[2024-12-06T21:47:12.941+0000] {processor.py:186} INFO - Started process (PID=869) to work on /home/airflow/.local/lib/python3.12/site-packages/airflow/example_dags/tutorial.py
[2024-12-06T21:47:12.943+0000] {processor.py:914} INFO - Processing file /home/airflow/.local/lib/python3.12/site-packages/airflow/example_dags/tutorial.py for tasks to queue
[2024-12-06T21:47:12.947+0000] {logging_mixin.py:190} INFO - [2024-12-06T21:47:12.947+0000] {dagbag.py:588} INFO - Filling up the DagBag from /home/airflow/.local/lib/python3.12/site-packages/airflow/example_dags/tutorial.py
[2024-12-06T21:47:12.965+0000] {processor.py:925} INFO - DAG(s) 'tutorial' retrieved from /home/airflow/.local/lib/python3.12/site-packages/airflow/example_dags/tutorial.py
[2024-12-06T21:47:13.002+0000] {logging_mixin.py:190} INFO - [2024-12-06T21:47:13.002+0000] {dag.py:3239} INFO - Sync 1 DAGs
[2024-12-06T21:47:13.057+0000] {logging_mixin.py:190} INFO - [2024-12-06T21:47:13.057+0000] {dag.py:4180} INFO - Setting next_dagrun for tutorial to 2024-12-05 00:00:00+00:00, run_after=2024-12-06 00:00:00+00:00
[2024-12-06T21:47:13.095+0000] {processor.py:208} INFO - Processing /home/airflow/.local/lib/python3.12/site-packages/airflow/example_dags/tutorial.py took 0.163 seconds
[2024-12-06T21:47:44.081+0000] {processor.py:186} INFO - Started process (PID=932) to work on /home/airflow/.local/lib/python3.12/site-packages/airflow/example_dags/tutorial.py
[2024-12-06T21:47:44.083+0000] {processor.py:914} INFO - Processing file /home/airflow/.local/lib/python3.12/site-packages/airflow/example_dags/tutorial.py for tasks to queue
[2024-12-06T21:47:44.087+0000] {logging_mixin.py:190} INFO - [2024-12-06T21:47:44.086+0000] {dagbag.py:588} INFO - Filling up the DagBag from /home/airflow/.local/lib/python3.12/site-packages/airflow/example_dags/tutorial.py
[2024-12-06T21:47:44.099+0000] {processor.py:925} INFO - DAG(s) 'tutorial' retrieved from /home/airflow/.local/lib/python3.12/site-packages/airflow/example_dags/tutorial.py
[2024-12-06T21:47:44.128+0000] {logging_mixin.py:190} INFO - [2024-12-06T21:47:44.127+0000] {dag.py:3239} INFO - Sync 1 DAGs
[2024-12-06T21:47:44.165+0000] {logging_mixin.py:190} INFO - [2024-12-06T21:47:44.165+0000] {dag.py:4180} INFO - Setting next_dagrun for tutorial to 2024-12-05 00:00:00+00:00, run_after=2024-12-06 00:00:00+00:00
[2024-12-06T21:47:44.192+0000] {processor.py:208} INFO - Processing /home/airflow/.local/lib/python3.12/site-packages/airflow/example_dags/tutorial.py took 0.121 seconds
[2024-12-06T21:48:16.239+0000] {processor.py:186} INFO - Started process (PID=1001) to work on /home/airflow/.local/lib/python3.12/site-packages/airflow/example_dags/tutorial.py
[2024-12-06T21:48:16.240+0000] {processor.py:914} INFO - Processing file /home/airflow/.local/lib/python3.12/site-packages/airflow/example_dags/tutorial.py for tasks to queue
[2024-12-06T21:48:16.244+0000] {logging_mixin.py:190} INFO - [2024-12-06T21:48:16.243+0000] {dagbag.py:588} INFO - Filling up the DagBag from /home/airflow/.local/lib/python3.12/site-packages/airflow/example_dags/tutorial.py
[2024-12-06T21:48:16.258+0000] {processor.py:925} INFO - DAG(s) 'tutorial' retrieved from /home/airflow/.local/lib/python3.12/site-packages/airflow/example_dags/tutorial.py
[2024-12-06T21:48:16.286+0000] {logging_mixin.py:190} INFO - [2024-12-06T21:48:16.285+0000] {dag.py:3239} INFO - Sync 1 DAGs
[2024-12-06T21:48:16.321+0000] {logging_mixin.py:190} INFO - [2024-12-06T21:48:16.321+0000] {dag.py:4180} INFO - Setting next_dagrun for tutorial to 2024-12-05 00:00:00+00:00, run_after=2024-12-06 00:00:00+00:00
[2024-12-06T21:48:16.353+0000] {processor.py:208} INFO - Processing /home/airflow/.local/lib/python3.12/site-packages/airflow/example_dags/tutorial.py took 0.127 seconds
[2024-12-06T21:48:47.677+0000] {processor.py:186} INFO - Started process (PID=1064) to work on /home/airflow/.local/lib/python3.12/site-packages/airflow/example_dags/tutorial.py
[2024-12-06T21:48:47.678+0000] {processor.py:914} INFO - Processing file /home/airflow/.local/lib/python3.12/site-packages/airflow/example_dags/tutorial.py for tasks to queue
[2024-12-06T21:48:47.682+0000] {logging_mixin.py:190} INFO - [2024-12-06T21:48:47.681+0000] {dagbag.py:588} INFO - Filling up the DagBag from /home/airflow/.local/lib/python3.12/site-packages/airflow/example_dags/tutorial.py
[2024-12-06T21:48:47.695+0000] {processor.py:925} INFO - DAG(s) 'tutorial' retrieved from /home/airflow/.local/lib/python3.12/site-packages/airflow/example_dags/tutorial.py
[2024-12-06T21:48:47.725+0000] {logging_mixin.py:190} INFO - [2024-12-06T21:48:47.725+0000] {dag.py:3239} INFO - Sync 1 DAGs
[2024-12-06T21:48:47.763+0000] {logging_mixin.py:190} INFO - [2024-12-06T21:48:47.763+0000] {dag.py:4180} INFO - Setting next_dagrun for tutorial to 2024-12-05 00:00:00+00:00, run_after=2024-12-06 00:00:00+00:00
[2024-12-06T21:48:47.792+0000] {processor.py:208} INFO - Processing /home/airflow/.local/lib/python3.12/site-packages/airflow/example_dags/tutorial.py took 0.127 seconds
[2024-12-06T21:49:19.356+0000] {processor.py:186} INFO - Started process (PID=1127) to work on /home/airflow/.local/lib/python3.12/site-packages/airflow/example_dags/tutorial.py
[2024-12-06T21:49:19.359+0000] {processor.py:914} INFO - Processing file /home/airflow/.local/lib/python3.12/site-packages/airflow/example_dags/tutorial.py for tasks to queue
[2024-12-06T21:49:19.364+0000] {logging_mixin.py:190} INFO - [2024-12-06T21:49:19.363+0000] {dagbag.py:588} INFO - Filling up the DagBag from /home/airflow/.local/lib/python3.12/site-packages/airflow/example_dags/tutorial.py
[2024-12-06T21:49:19.378+0000] {processor.py:925} INFO - DAG(s) 'tutorial' retrieved from /home/airflow/.local/lib/python3.12/site-packages/airflow/example_dags/tutorial.py
[2024-12-06T21:49:19.406+0000] {logging_mixin.py:190} INFO - [2024-12-06T21:49:19.405+0000] {dag.py:3239} INFO - Sync 1 DAGs
[2024-12-06T21:49:19.441+0000] {logging_mixin.py:190} INFO - [2024-12-06T21:49:19.440+0000] {dag.py:4180} INFO - Setting next_dagrun for tutorial to 2024-12-05 00:00:00+00:00, run_after=2024-12-06 00:00:00+00:00
[2024-12-06T21:49:19.468+0000] {processor.py:208} INFO - Processing /home/airflow/.local/lib/python3.12/site-packages/airflow/example_dags/tutorial.py took 0.121 seconds
[2024-12-06T21:49:50.557+0000] {processor.py:186} INFO - Started process (PID=1190) to work on /home/airflow/.local/lib/python3.12/site-packages/airflow/example_dags/tutorial.py
[2024-12-06T21:49:50.559+0000] {processor.py:914} INFO - Processing file /home/airflow/.local/lib/python3.12/site-packages/airflow/example_dags/tutorial.py for tasks to queue
[2024-12-06T21:49:50.564+0000] {logging_mixin.py:190} INFO - [2024-12-06T21:49:50.563+0000] {dagbag.py:588} INFO - Filling up the DagBag from /home/airflow/.local/lib/python3.12/site-packages/airflow/example_dags/tutorial.py
[2024-12-06T21:49:50.576+0000] {processor.py:925} INFO - DAG(s) 'tutorial' retrieved from /home/airflow/.local/lib/python3.12/site-packages/airflow/example_dags/tutorial.py
[2024-12-06T21:49:50.606+0000] {logging_mixin.py:190} INFO - [2024-12-06T21:49:50.605+0000] {dag.py:3239} INFO - Sync 1 DAGs
[2024-12-06T21:49:50.645+0000] {logging_mixin.py:190} INFO - [2024-12-06T21:49:50.645+0000] {dag.py:4180} INFO - Setting next_dagrun for tutorial to 2024-12-05 00:00:00+00:00, run_after=2024-12-06 00:00:00+00:00
[2024-12-06T21:49:50.671+0000] {processor.py:208} INFO - Processing /home/airflow/.local/lib/python3.12/site-packages/airflow/example_dags/tutorial.py took 0.122 seconds
[2024-12-06T21:50:22.629+0000] {processor.py:186} INFO - Started process (PID=1253) to work on /home/airflow/.local/lib/python3.12/site-packages/airflow/example_dags/tutorial.py
[2024-12-06T21:50:22.631+0000] {processor.py:914} INFO - Processing file /home/airflow/.local/lib/python3.12/site-packages/airflow/example_dags/tutorial.py for tasks to queue
[2024-12-06T21:50:22.635+0000] {logging_mixin.py:190} INFO - [2024-12-06T21:50:22.634+0000] {dagbag.py:588} INFO - Filling up the DagBag from /home/airflow/.local/lib/python3.12/site-packages/airflow/example_dags/tutorial.py
[2024-12-06T21:50:22.648+0000] {processor.py:925} INFO - DAG(s) 'tutorial' retrieved from /home/airflow/.local/lib/python3.12/site-packages/airflow/example_dags/tutorial.py
[2024-12-06T21:50:22.680+0000] {logging_mixin.py:190} INFO - [2024-12-06T21:50:22.680+0000] {dag.py:3239} INFO - Sync 1 DAGs
[2024-12-06T21:50:22.718+0000] {logging_mixin.py:190} INFO - [2024-12-06T21:50:22.717+0000] {dag.py:4180} INFO - Setting next_dagrun for tutorial to 2024-12-05 00:00:00+00:00, run_after=2024-12-06 00:00:00+00:00
[2024-12-06T21:50:22.747+0000] {processor.py:208} INFO - Processing /home/airflow/.local/lib/python3.12/site-packages/airflow/example_dags/tutorial.py took 0.128 seconds
[2024-12-06T21:50:54.528+0000] {processor.py:186} INFO - Started process (PID=1316) to work on /home/airflow/.local/lib/python3.12/site-packages/airflow/example_dags/tutorial.py
[2024-12-06T21:50:54.531+0000] {processor.py:914} INFO - Processing file /home/airflow/.local/lib/python3.12/site-packages/airflow/example_dags/tutorial.py for tasks to queue
[2024-12-06T21:50:54.535+0000] {logging_mixin.py:190} INFO - [2024-12-06T21:50:54.535+0000] {dagbag.py:588} INFO - Filling up the DagBag from /home/airflow/.local/lib/python3.12/site-packages/airflow/example_dags/tutorial.py
[2024-12-06T21:50:54.548+0000] {processor.py:925} INFO - DAG(s) 'tutorial' retrieved from /home/airflow/.local/lib/python3.12/site-packages/airflow/example_dags/tutorial.py
[2024-12-06T21:50:54.576+0000] {logging_mixin.py:190} INFO - [2024-12-06T21:50:54.576+0000] {dag.py:3239} INFO - Sync 1 DAGs
[2024-12-06T21:50:54.616+0000] {logging_mixin.py:190} INFO - [2024-12-06T21:50:54.615+0000] {dag.py:4180} INFO - Setting next_dagrun for tutorial to 2024-12-05 00:00:00+00:00, run_after=2024-12-06 00:00:00+00:00
[2024-12-06T21:50:54.643+0000] {processor.py:208} INFO - Processing /home/airflow/.local/lib/python3.12/site-packages/airflow/example_dags/tutorial.py took 0.123 seconds
[2024-12-06T21:51:25.934+0000] {processor.py:186} INFO - Started process (PID=1379) to work on /home/airflow/.local/lib/python3.12/site-packages/airflow/example_dags/tutorial.py
[2024-12-06T21:51:25.936+0000] {processor.py:914} INFO - Processing file /home/airflow/.local/lib/python3.12/site-packages/airflow/example_dags/tutorial.py for tasks to queue
[2024-12-06T21:51:25.940+0000] {logging_mixin.py:190} INFO - [2024-12-06T21:51:25.940+0000] {dagbag.py:588} INFO - Filling up the DagBag from /home/airflow/.local/lib/python3.12/site-packages/airflow/example_dags/tutorial.py
[2024-12-06T21:51:25.953+0000] {processor.py:925} INFO - DAG(s) 'tutorial' retrieved from /home/airflow/.local/lib/python3.12/site-packages/airflow/example_dags/tutorial.py
[2024-12-06T21:51:25.980+0000] {logging_mixin.py:190} INFO - [2024-12-06T21:51:25.979+0000] {dag.py:3239} INFO - Sync 1 DAGs
[2024-12-06T21:51:26.012+0000] {logging_mixin.py:190} INFO - [2024-12-06T21:51:26.012+0000] {dag.py:4180} INFO - Setting next_dagrun for tutorial to 2024-12-05 00:00:00+00:00, run_after=2024-12-06 00:00:00+00:00
[2024-12-06T21:51:26.039+0000] {processor.py:208} INFO - Processing /home/airflow/.local/lib/python3.12/site-packages/airflow/example_dags/tutorial.py took 0.114 seconds
[2024-12-06T21:51:56.236+0000] {processor.py:186} INFO - Started process (PID=1441) to work on /home/airflow/.local/lib/python3.12/site-packages/airflow/example_dags/tutorial.py
[2024-12-06T21:51:56.238+0000] {processor.py:914} INFO - Processing file /home/airflow/.local/lib/python3.12/site-packages/airflow/example_dags/tutorial.py for tasks to queue
[2024-12-06T21:51:56.242+0000] {logging_mixin.py:190} INFO - [2024-12-06T21:51:56.242+0000] {dagbag.py:588} INFO - Filling up the DagBag from /home/airflow/.local/lib/python3.12/site-packages/airflow/example_dags/tutorial.py
[2024-12-06T21:51:56.259+0000] {processor.py:925} INFO - DAG(s) 'tutorial' retrieved from /home/airflow/.local/lib/python3.12/site-packages/airflow/example_dags/tutorial.py
[2024-12-06T21:51:56.295+0000] {logging_mixin.py:190} INFO - [2024-12-06T21:51:56.295+0000] {dag.py:3239} INFO - Sync 1 DAGs
[2024-12-06T21:51:56.338+0000] {logging_mixin.py:190} INFO - [2024-12-06T21:51:56.338+0000] {dag.py:4180} INFO - Setting next_dagrun for tutorial to 2024-12-05 00:00:00+00:00, run_after=2024-12-06 00:00:00+00:00
[2024-12-06T21:51:56.364+0000] {processor.py:208} INFO - Processing /home/airflow/.local/lib/python3.12/site-packages/airflow/example_dags/tutorial.py took 0.141 seconds
[2024-12-06T21:52:27.325+0000] {processor.py:186} INFO - Started process (PID=1504) to work on /home/airflow/.local/lib/python3.12/site-packages/airflow/example_dags/tutorial.py
[2024-12-06T21:52:27.327+0000] {processor.py:914} INFO - Processing file /home/airflow/.local/lib/python3.12/site-packages/airflow/example_dags/tutorial.py for tasks to queue
[2024-12-06T21:52:27.331+0000] {logging_mixin.py:190} INFO - [2024-12-06T21:52:27.331+0000] {dagbag.py:588} INFO - Filling up the DagBag from /home/airflow/.local/lib/python3.12/site-packages/airflow/example_dags/tutorial.py
[2024-12-06T21:52:27.346+0000] {processor.py:925} INFO - DAG(s) 'tutorial' retrieved from /home/airflow/.local/lib/python3.12/site-packages/airflow/example_dags/tutorial.py
[2024-12-06T21:52:27.376+0000] {logging_mixin.py:190} INFO - [2024-12-06T21:52:27.376+0000] {dag.py:3239} INFO - Sync 1 DAGs
[2024-12-06T21:52:27.410+0000] {logging_mixin.py:190} INFO - [2024-12-06T21:52:27.410+0000] {dag.py:4180} INFO - Setting next_dagrun for tutorial to 2024-12-05 00:00:00+00:00, run_after=2024-12-06 00:00:00+00:00
[2024-12-06T21:52:27.438+0000] {processor.py:208} INFO - Processing /home/airflow/.local/lib/python3.12/site-packages/airflow/example_dags/tutorial.py took 0.123 seconds
[2024-12-06T21:52:58.672+0000] {processor.py:186} INFO - Started process (PID=1566) to work on /home/airflow/.local/lib/python3.12/site-packages/airflow/example_dags/tutorial.py
[2024-12-06T21:52:58.674+0000] {processor.py:914} INFO - Processing file /home/airflow/.local/lib/python3.12/site-packages/airflow/example_dags/tutorial.py for tasks to queue
[2024-12-06T21:52:58.678+0000] {logging_mixin.py:190} INFO - [2024-12-06T21:52:58.678+0000] {dagbag.py:588} INFO - Filling up the DagBag from /home/airflow/.local/lib/python3.12/site-packages/airflow/example_dags/tutorial.py
[2024-12-06T21:52:58.689+0000] {processor.py:925} INFO - DAG(s) 'tutorial' retrieved from /home/airflow/.local/lib/python3.12/site-packages/airflow/example_dags/tutorial.py
[2024-12-06T21:52:58.716+0000] {logging_mixin.py:190} INFO - [2024-12-06T21:52:58.716+0000] {dag.py:3239} INFO - Sync 1 DAGs
[2024-12-06T21:52:58.749+0000] {logging_mixin.py:190} INFO - [2024-12-06T21:52:58.748+0000] {dag.py:4180} INFO - Setting next_dagrun for tutorial to 2024-12-05 00:00:00+00:00, run_after=2024-12-06 00:00:00+00:00
[2024-12-06T21:52:58.773+0000] {processor.py:208} INFO - Processing /home/airflow/.local/lib/python3.12/site-packages/airflow/example_dags/tutorial.py took 0.109 seconds
[2024-12-06T21:53:29.873+0000] {processor.py:186} INFO - Started process (PID=1629) to work on /home/airflow/.local/lib/python3.12/site-packages/airflow/example_dags/tutorial.py
[2024-12-06T21:53:29.874+0000] {processor.py:914} INFO - Processing file /home/airflow/.local/lib/python3.12/site-packages/airflow/example_dags/tutorial.py for tasks to queue
[2024-12-06T21:53:29.879+0000] {logging_mixin.py:190} INFO - [2024-12-06T21:53:29.878+0000] {dagbag.py:588} INFO - Filling up the DagBag from /home/airflow/.local/lib/python3.12/site-packages/airflow/example_dags/tutorial.py
[2024-12-06T21:53:29.891+0000] {processor.py:925} INFO - DAG(s) 'tutorial' retrieved from /home/airflow/.local/lib/python3.12/site-packages/airflow/example_dags/tutorial.py
[2024-12-06T21:53:29.926+0000] {logging_mixin.py:190} INFO - [2024-12-06T21:53:29.926+0000] {dag.py:3239} INFO - Sync 1 DAGs
[2024-12-06T21:53:29.972+0000] {logging_mixin.py:190} INFO - [2024-12-06T21:53:29.972+0000] {dag.py:4180} INFO - Setting next_dagrun for tutorial to 2024-12-05 00:00:00+00:00, run_after=2024-12-06 00:00:00+00:00
[2024-12-06T21:53:30.006+0000] {processor.py:208} INFO - Processing /home/airflow/.local/lib/python3.12/site-packages/airflow/example_dags/tutorial.py took 0.144 seconds
[2024-12-06T21:54:01.754+0000] {processor.py:186} INFO - Started process (PID=1692) to work on /home/airflow/.local/lib/python3.12/site-packages/airflow/example_dags/tutorial.py
[2024-12-06T21:54:01.756+0000] {processor.py:914} INFO - Processing file /home/airflow/.local/lib/python3.12/site-packages/airflow/example_dags/tutorial.py for tasks to queue
[2024-12-06T21:54:01.759+0000] {logging_mixin.py:190} INFO - [2024-12-06T21:54:01.759+0000] {dagbag.py:588} INFO - Filling up the DagBag from /home/airflow/.local/lib/python3.12/site-packages/airflow/example_dags/tutorial.py
[2024-12-06T21:54:01.773+0000] {processor.py:925} INFO - DAG(s) 'tutorial' retrieved from /home/airflow/.local/lib/python3.12/site-packages/airflow/example_dags/tutorial.py
[2024-12-06T21:54:01.803+0000] {logging_mixin.py:190} INFO - [2024-12-06T21:54:01.803+0000] {dag.py:3239} INFO - Sync 1 DAGs
[2024-12-06T21:54:01.838+0000] {logging_mixin.py:190} INFO - [2024-12-06T21:54:01.838+0000] {dag.py:4180} INFO - Setting next_dagrun for tutorial to 2024-12-05 00:00:00+00:00, run_after=2024-12-06 00:00:00+00:00
[2024-12-06T21:54:01.866+0000] {processor.py:208} INFO - Processing /home/airflow/.local/lib/python3.12/site-packages/airflow/example_dags/tutorial.py took 0.122 seconds
[2024-12-06T21:54:33.468+0000] {processor.py:186} INFO - Started process (PID=1755) to work on /home/airflow/.local/lib/python3.12/site-packages/airflow/example_dags/tutorial.py
[2024-12-06T21:54:33.471+0000] {processor.py:914} INFO - Processing file /home/airflow/.local/lib/python3.12/site-packages/airflow/example_dags/tutorial.py for tasks to queue
[2024-12-06T21:54:33.475+0000] {logging_mixin.py:190} INFO - [2024-12-06T21:54:33.474+0000] {dagbag.py:588} INFO - Filling up the DagBag from /home/airflow/.local/lib/python3.12/site-packages/airflow/example_dags/tutorial.py
[2024-12-06T21:54:33.489+0000] {processor.py:925} INFO - DAG(s) 'tutorial' retrieved from /home/airflow/.local/lib/python3.12/site-packages/airflow/example_dags/tutorial.py
[2024-12-06T21:54:33.524+0000] {logging_mixin.py:190} INFO - [2024-12-06T21:54:33.524+0000] {dag.py:3239} INFO - Sync 1 DAGs
[2024-12-06T21:54:33.566+0000] {logging_mixin.py:190} INFO - [2024-12-06T21:54:33.565+0000] {dag.py:4180} INFO - Setting next_dagrun for tutorial to 2024-12-05 00:00:00+00:00, run_after=2024-12-06 00:00:00+00:00
[2024-12-06T21:54:33.599+0000] {processor.py:208} INFO - Processing /home/airflow/.local/lib/python3.12/site-packages/airflow/example_dags/tutorial.py took 0.140 seconds
[2024-12-06T21:55:04.953+0000] {processor.py:186} INFO - Started process (PID=1818) to work on /home/airflow/.local/lib/python3.12/site-packages/airflow/example_dags/tutorial.py
[2024-12-06T21:55:04.954+0000] {processor.py:914} INFO - Processing file /home/airflow/.local/lib/python3.12/site-packages/airflow/example_dags/tutorial.py for tasks to queue
[2024-12-06T21:55:04.960+0000] {logging_mixin.py:190} INFO - [2024-12-06T21:55:04.959+0000] {dagbag.py:588} INFO - Filling up the DagBag from /home/airflow/.local/lib/python3.12/site-packages/airflow/example_dags/tutorial.py
[2024-12-06T21:55:04.973+0000] {processor.py:925} INFO - DAG(s) 'tutorial' retrieved from /home/airflow/.local/lib/python3.12/site-packages/airflow/example_dags/tutorial.py
[2024-12-06T21:55:05.006+0000] {logging_mixin.py:190} INFO - [2024-12-06T21:55:05.006+0000] {dag.py:3239} INFO - Sync 1 DAGs
[2024-12-06T21:55:05.047+0000] {logging_mixin.py:190} INFO - [2024-12-06T21:55:05.047+0000] {dag.py:4180} INFO - Setting next_dagrun for tutorial to 2024-12-05 00:00:00+00:00, run_after=2024-12-06 00:00:00+00:00
[2024-12-06T21:55:05.079+0000] {processor.py:208} INFO - Processing /home/airflow/.local/lib/python3.12/site-packages/airflow/example_dags/tutorial.py took 0.137 seconds
[2024-12-06T21:55:37.019+0000] {processor.py:186} INFO - Started process (PID=1881) to work on /home/airflow/.local/lib/python3.12/site-packages/airflow/example_dags/tutorial.py
[2024-12-06T21:55:37.026+0000] {processor.py:914} INFO - Processing file /home/airflow/.local/lib/python3.12/site-packages/airflow/example_dags/tutorial.py for tasks to queue
[2024-12-06T21:55:37.034+0000] {logging_mixin.py:190} INFO - [2024-12-06T21:55:37.033+0000] {dagbag.py:588} INFO - Filling up the DagBag from /home/airflow/.local/lib/python3.12/site-packages/airflow/example_dags/tutorial.py
[2024-12-06T21:55:37.051+0000] {processor.py:925} INFO - DAG(s) 'tutorial' retrieved from /home/airflow/.local/lib/python3.12/site-packages/airflow/example_dags/tutorial.py
[2024-12-06T21:55:37.088+0000] {logging_mixin.py:190} INFO - [2024-12-06T21:55:37.088+0000] {dag.py:3239} INFO - Sync 1 DAGs
[2024-12-06T21:55:37.143+0000] {logging_mixin.py:190} INFO - [2024-12-06T21:55:37.142+0000] {dag.py:4180} INFO - Setting next_dagrun for tutorial to 2024-12-05 00:00:00+00:00, run_after=2024-12-06 00:00:00+00:00
[2024-12-06T21:55:37.177+0000] {processor.py:208} INFO - Processing /home/airflow/.local/lib/python3.12/site-packages/airflow/example_dags/tutorial.py took 0.173 seconds
[2024-12-06T21:56:09.116+0000] {processor.py:186} INFO - Started process (PID=1944) to work on /home/airflow/.local/lib/python3.12/site-packages/airflow/example_dags/tutorial.py
[2024-12-06T21:56:09.118+0000] {processor.py:914} INFO - Processing file /home/airflow/.local/lib/python3.12/site-packages/airflow/example_dags/tutorial.py for tasks to queue
[2024-12-06T21:56:09.122+0000] {logging_mixin.py:190} INFO - [2024-12-06T21:56:09.122+0000] {dagbag.py:588} INFO - Filling up the DagBag from /home/airflow/.local/lib/python3.12/site-packages/airflow/example_dags/tutorial.py
[2024-12-06T21:56:09.138+0000] {processor.py:925} INFO - DAG(s) 'tutorial' retrieved from /home/airflow/.local/lib/python3.12/site-packages/airflow/example_dags/tutorial.py
[2024-12-06T21:56:09.172+0000] {logging_mixin.py:190} INFO - [2024-12-06T21:56:09.171+0000] {dag.py:3239} INFO - Sync 1 DAGs
[2024-12-06T21:56:09.208+0000] {logging_mixin.py:190} INFO - [2024-12-06T21:56:09.208+0000] {dag.py:4180} INFO - Setting next_dagrun for tutorial to 2024-12-05 00:00:00+00:00, run_after=2024-12-06 00:00:00+00:00
[2024-12-06T21:56:09.239+0000] {processor.py:208} INFO - Processing /home/airflow/.local/lib/python3.12/site-packages/airflow/example_dags/tutorial.py took 0.144 seconds
[2024-12-06T21:56:39.809+0000] {processor.py:186} INFO - Started process (PID=2007) to work on /home/airflow/.local/lib/python3.12/site-packages/airflow/example_dags/tutorial.py
[2024-12-06T21:56:39.811+0000] {processor.py:914} INFO - Processing file /home/airflow/.local/lib/python3.12/site-packages/airflow/example_dags/tutorial.py for tasks to queue
[2024-12-06T21:56:39.817+0000] {logging_mixin.py:190} INFO - [2024-12-06T21:56:39.816+0000] {dagbag.py:588} INFO - Filling up the DagBag from /home/airflow/.local/lib/python3.12/site-packages/airflow/example_dags/tutorial.py
[2024-12-06T21:56:39.835+0000] {processor.py:925} INFO - DAG(s) 'tutorial' retrieved from /home/airflow/.local/lib/python3.12/site-packages/airflow/example_dags/tutorial.py
[2024-12-06T21:56:39.870+0000] {logging_mixin.py:190} INFO - [2024-12-06T21:56:39.870+0000] {dag.py:3239} INFO - Sync 1 DAGs
[2024-12-06T21:56:39.910+0000] {logging_mixin.py:190} INFO - [2024-12-06T21:56:39.910+0000] {dag.py:4180} INFO - Setting next_dagrun for tutorial to 2024-12-05 00:00:00+00:00, run_after=2024-12-06 00:00:00+00:00
[2024-12-06T21:56:39.944+0000] {processor.py:208} INFO - Processing /home/airflow/.local/lib/python3.12/site-packages/airflow/example_dags/tutorial.py took 0.144 seconds
[2024-12-06T21:57:11.163+0000] {processor.py:186} INFO - Started process (PID=2069) to work on /home/airflow/.local/lib/python3.12/site-packages/airflow/example_dags/tutorial.py
[2024-12-06T21:57:11.164+0000] {processor.py:914} INFO - Processing file /home/airflow/.local/lib/python3.12/site-packages/airflow/example_dags/tutorial.py for tasks to queue
[2024-12-06T21:57:11.167+0000] {logging_mixin.py:190} INFO - [2024-12-06T21:57:11.167+0000] {dagbag.py:588} INFO - Filling up the DagBag from /home/airflow/.local/lib/python3.12/site-packages/airflow/example_dags/tutorial.py
[2024-12-06T21:57:11.180+0000] {processor.py:925} INFO - DAG(s) 'tutorial' retrieved from /home/airflow/.local/lib/python3.12/site-packages/airflow/example_dags/tutorial.py
[2024-12-06T21:57:11.213+0000] {logging_mixin.py:190} INFO - [2024-12-06T21:57:11.212+0000] {dag.py:3239} INFO - Sync 1 DAGs
[2024-12-06T21:57:11.248+0000] {logging_mixin.py:190} INFO - [2024-12-06T21:57:11.248+0000] {dag.py:4180} INFO - Setting next_dagrun for tutorial to 2024-12-05 00:00:00+00:00, run_after=2024-12-06 00:00:00+00:00
[2024-12-06T21:57:11.278+0000] {processor.py:208} INFO - Processing /home/airflow/.local/lib/python3.12/site-packages/airflow/example_dags/tutorial.py took 0.124 seconds
[2024-12-06T21:57:42.419+0000] {processor.py:186} INFO - Started process (PID=2132) to work on /home/airflow/.local/lib/python3.12/site-packages/airflow/example_dags/tutorial.py
[2024-12-06T21:57:42.420+0000] {processor.py:914} INFO - Processing file /home/airflow/.local/lib/python3.12/site-packages/airflow/example_dags/tutorial.py for tasks to queue
[2024-12-06T21:57:42.424+0000] {logging_mixin.py:190} INFO - [2024-12-06T21:57:42.424+0000] {dagbag.py:588} INFO - Filling up the DagBag from /home/airflow/.local/lib/python3.12/site-packages/airflow/example_dags/tutorial.py
[2024-12-06T21:57:42.436+0000] {processor.py:925} INFO - DAG(s) 'tutorial' retrieved from /home/airflow/.local/lib/python3.12/site-packages/airflow/example_dags/tutorial.py
[2024-12-06T21:57:42.469+0000] {logging_mixin.py:190} INFO - [2024-12-06T21:57:42.468+0000] {dag.py:3239} INFO - Sync 1 DAGs
[2024-12-06T21:57:42.505+0000] {logging_mixin.py:190} INFO - [2024-12-06T21:57:42.504+0000] {dag.py:4180} INFO - Setting next_dagrun for tutorial to 2024-12-05 00:00:00+00:00, run_after=2024-12-06 00:00:00+00:00
[2024-12-06T21:57:42.534+0000] {processor.py:208} INFO - Processing /home/airflow/.local/lib/python3.12/site-packages/airflow/example_dags/tutorial.py took 0.124 seconds
[2024-12-06T21:58:14.284+0000] {processor.py:186} INFO - Started process (PID=2198) to work on /home/airflow/.local/lib/python3.12/site-packages/airflow/example_dags/tutorial.py
[2024-12-06T21:58:14.285+0000] {processor.py:914} INFO - Processing file /home/airflow/.local/lib/python3.12/site-packages/airflow/example_dags/tutorial.py for tasks to queue
[2024-12-06T21:58:14.289+0000] {logging_mixin.py:190} INFO - [2024-12-06T21:58:14.289+0000] {dagbag.py:588} INFO - Filling up the DagBag from /home/airflow/.local/lib/python3.12/site-packages/airflow/example_dags/tutorial.py
[2024-12-06T21:58:14.305+0000] {processor.py:925} INFO - DAG(s) 'tutorial' retrieved from /home/airflow/.local/lib/python3.12/site-packages/airflow/example_dags/tutorial.py
[2024-12-06T21:58:14.340+0000] {logging_mixin.py:190} INFO - [2024-12-06T21:58:14.339+0000] {dag.py:3239} INFO - Sync 1 DAGs
[2024-12-06T21:58:14.381+0000] {logging_mixin.py:190} INFO - [2024-12-06T21:58:14.380+0000] {dag.py:4180} INFO - Setting next_dagrun for tutorial to 2024-12-05 00:00:00+00:00, run_after=2024-12-06 00:00:00+00:00
[2024-12-06T21:58:14.413+0000] {processor.py:208} INFO - Processing /home/airflow/.local/lib/python3.12/site-packages/airflow/example_dags/tutorial.py took 0.142 seconds
[2024-12-06T21:58:46.114+0000] {processor.py:186} INFO - Started process (PID=2264) to work on /home/airflow/.local/lib/python3.12/site-packages/airflow/example_dags/tutorial.py
[2024-12-06T21:58:46.116+0000] {processor.py:914} INFO - Processing file /home/airflow/.local/lib/python3.12/site-packages/airflow/example_dags/tutorial.py for tasks to queue
[2024-12-06T21:58:46.119+0000] {logging_mixin.py:190} INFO - [2024-12-06T21:58:46.119+0000] {dagbag.py:588} INFO - Filling up the DagBag from /home/airflow/.local/lib/python3.12/site-packages/airflow/example_dags/tutorial.py
[2024-12-06T21:58:46.132+0000] {processor.py:925} INFO - DAG(s) 'tutorial' retrieved from /home/airflow/.local/lib/python3.12/site-packages/airflow/example_dags/tutorial.py
[2024-12-06T21:58:46.163+0000] {logging_mixin.py:190} INFO - [2024-12-06T21:58:46.163+0000] {dag.py:3239} INFO - Sync 1 DAGs
[2024-12-06T21:58:46.200+0000] {logging_mixin.py:190} INFO - [2024-12-06T21:58:46.200+0000] {dag.py:4180} INFO - Setting next_dagrun for tutorial to 2024-12-05 00:00:00+00:00, run_after=2024-12-06 00:00:00+00:00
[2024-12-06T21:58:46.227+0000] {processor.py:208} INFO - Processing /home/airflow/.local/lib/python3.12/site-packages/airflow/example_dags/tutorial.py took 0.123 seconds
[2024-12-06T21:59:17.789+0000] {processor.py:186} INFO - Started process (PID=2327) to work on /home/airflow/.local/lib/python3.12/site-packages/airflow/example_dags/tutorial.py
[2024-12-06T21:59:17.790+0000] {processor.py:914} INFO - Processing file /home/airflow/.local/lib/python3.12/site-packages/airflow/example_dags/tutorial.py for tasks to queue
[2024-12-06T21:59:17.793+0000] {logging_mixin.py:190} INFO - [2024-12-06T21:59:17.793+0000] {dagbag.py:588} INFO - Filling up the DagBag from /home/airflow/.local/lib/python3.12/site-packages/airflow/example_dags/tutorial.py
[2024-12-06T21:59:17.806+0000] {processor.py:925} INFO - DAG(s) 'tutorial' retrieved from /home/airflow/.local/lib/python3.12/site-packages/airflow/example_dags/tutorial.py
[2024-12-06T21:59:17.839+0000] {logging_mixin.py:190} INFO - [2024-12-06T21:59:17.839+0000] {dag.py:3239} INFO - Sync 1 DAGs
[2024-12-06T21:59:17.874+0000] {logging_mixin.py:190} INFO - [2024-12-06T21:59:17.874+0000] {dag.py:4180} INFO - Setting next_dagrun for tutorial to 2024-12-05 00:00:00+00:00, run_after=2024-12-06 00:00:00+00:00
[2024-12-06T21:59:17.904+0000] {processor.py:208} INFO - Processing /home/airflow/.local/lib/python3.12/site-packages/airflow/example_dags/tutorial.py took 0.125 seconds
[2024-12-06T21:59:50.289+0000] {processor.py:186} INFO - Started process (PID=2396) to work on /home/airflow/.local/lib/python3.12/site-packages/airflow/example_dags/tutorial.py
[2024-12-06T21:59:50.291+0000] {processor.py:914} INFO - Processing file /home/airflow/.local/lib/python3.12/site-packages/airflow/example_dags/tutorial.py for tasks to queue
[2024-12-06T21:59:50.295+0000] {logging_mixin.py:190} INFO - [2024-12-06T21:59:50.294+0000] {dagbag.py:588} INFO - Filling up the DagBag from /home/airflow/.local/lib/python3.12/site-packages/airflow/example_dags/tutorial.py
[2024-12-06T21:59:50.312+0000] {processor.py:925} INFO - DAG(s) 'tutorial' retrieved from /home/airflow/.local/lib/python3.12/site-packages/airflow/example_dags/tutorial.py
[2024-12-06T21:59:50.346+0000] {logging_mixin.py:190} INFO - [2024-12-06T21:59:50.346+0000] {dag.py:3239} INFO - Sync 1 DAGs
[2024-12-06T21:59:50.389+0000] {logging_mixin.py:190} INFO - [2024-12-06T21:59:50.389+0000] {dag.py:4180} INFO - Setting next_dagrun for tutorial to 2024-12-05 00:00:00+00:00, run_after=2024-12-06 00:00:00+00:00
[2024-12-06T21:59:50.421+0000] {processor.py:208} INFO - Processing /home/airflow/.local/lib/python3.12/site-packages/airflow/example_dags/tutorial.py took 0.143 seconds
[2024-12-06T22:00:22.731+0000] {processor.py:186} INFO - Started process (PID=2459) to work on /home/airflow/.local/lib/python3.12/site-packages/airflow/example_dags/tutorial.py
[2024-12-06T22:00:22.732+0000] {processor.py:914} INFO - Processing file /home/airflow/.local/lib/python3.12/site-packages/airflow/example_dags/tutorial.py for tasks to queue
[2024-12-06T22:00:22.738+0000] {logging_mixin.py:190} INFO - [2024-12-06T22:00:22.736+0000] {dagbag.py:588} INFO - Filling up the DagBag from /home/airflow/.local/lib/python3.12/site-packages/airflow/example_dags/tutorial.py
[2024-12-06T22:00:22.751+0000] {processor.py:925} INFO - DAG(s) 'tutorial' retrieved from /home/airflow/.local/lib/python3.12/site-packages/airflow/example_dags/tutorial.py
[2024-12-06T22:00:22.786+0000] {logging_mixin.py:190} INFO - [2024-12-06T22:00:22.785+0000] {dag.py:3239} INFO - Sync 1 DAGs
[2024-12-06T22:00:22.827+0000] {logging_mixin.py:190} INFO - [2024-12-06T22:00:22.826+0000] {dag.py:4180} INFO - Setting next_dagrun for tutorial to 2024-12-05 00:00:00+00:00, run_after=2024-12-06 00:00:00+00:00
[2024-12-06T22:00:22.859+0000] {processor.py:208} INFO - Processing /home/airflow/.local/lib/python3.12/site-packages/airflow/example_dags/tutorial.py took 0.138 seconds
[2024-12-06T22:00:54.118+0000] {processor.py:186} INFO - Started process (PID=2522) to work on /home/airflow/.local/lib/python3.12/site-packages/airflow/example_dags/tutorial.py
[2024-12-06T22:00:54.119+0000] {processor.py:914} INFO - Processing file /home/airflow/.local/lib/python3.12/site-packages/airflow/example_dags/tutorial.py for tasks to queue
[2024-12-06T22:00:54.124+0000] {logging_mixin.py:190} INFO - [2024-12-06T22:00:54.123+0000] {dagbag.py:588} INFO - Filling up the DagBag from /home/airflow/.local/lib/python3.12/site-packages/airflow/example_dags/tutorial.py
[2024-12-06T22:00:54.135+0000] {processor.py:925} INFO - DAG(s) 'tutorial' retrieved from /home/airflow/.local/lib/python3.12/site-packages/airflow/example_dags/tutorial.py
[2024-12-06T22:00:54.164+0000] {logging_mixin.py:190} INFO - [2024-12-06T22:00:54.164+0000] {dag.py:3239} INFO - Sync 1 DAGs
[2024-12-06T22:00:54.196+0000] {logging_mixin.py:190} INFO - [2024-12-06T22:00:54.196+0000] {dag.py:4180} INFO - Setting next_dagrun for tutorial to 2024-12-05 00:00:00+00:00, run_after=2024-12-06 00:00:00+00:00
[2024-12-06T22:00:54.221+0000] {processor.py:208} INFO - Processing /home/airflow/.local/lib/python3.12/site-packages/airflow/example_dags/tutorial.py took 0.111 seconds
[2024-12-06T22:01:25.294+0000] {processor.py:186} INFO - Started process (PID=2585) to work on /home/airflow/.local/lib/python3.12/site-packages/airflow/example_dags/tutorial.py
[2024-12-06T22:01:25.296+0000] {processor.py:914} INFO - Processing file /home/airflow/.local/lib/python3.12/site-packages/airflow/example_dags/tutorial.py for tasks to queue
[2024-12-06T22:01:25.299+0000] {logging_mixin.py:190} INFO - [2024-12-06T22:01:25.299+0000] {dagbag.py:588} INFO - Filling up the DagBag from /home/airflow/.local/lib/python3.12/site-packages/airflow/example_dags/tutorial.py
[2024-12-06T22:01:25.314+0000] {processor.py:925} INFO - DAG(s) 'tutorial' retrieved from /home/airflow/.local/lib/python3.12/site-packages/airflow/example_dags/tutorial.py
[2024-12-06T22:01:25.346+0000] {logging_mixin.py:190} INFO - [2024-12-06T22:01:25.345+0000] {dag.py:3239} INFO - Sync 1 DAGs
[2024-12-06T22:01:25.388+0000] {logging_mixin.py:190} INFO - [2024-12-06T22:01:25.387+0000] {dag.py:4180} INFO - Setting next_dagrun for tutorial to 2024-12-05 00:00:00+00:00, run_after=2024-12-06 00:00:00+00:00
[2024-12-06T22:01:25.419+0000] {processor.py:208} INFO - Processing /home/airflow/.local/lib/python3.12/site-packages/airflow/example_dags/tutorial.py took 0.135 seconds
[2024-12-06T22:01:57.316+0000] {processor.py:186} INFO - Started process (PID=2648) to work on /home/airflow/.local/lib/python3.12/site-packages/airflow/example_dags/tutorial.py
[2024-12-06T22:01:57.318+0000] {processor.py:914} INFO - Processing file /home/airflow/.local/lib/python3.12/site-packages/airflow/example_dags/tutorial.py for tasks to queue
[2024-12-06T22:01:57.323+0000] {logging_mixin.py:190} INFO - [2024-12-06T22:01:57.322+0000] {dagbag.py:588} INFO - Filling up the DagBag from /home/airflow/.local/lib/python3.12/site-packages/airflow/example_dags/tutorial.py
[2024-12-06T22:01:57.339+0000] {processor.py:925} INFO - DAG(s) 'tutorial' retrieved from /home/airflow/.local/lib/python3.12/site-packages/airflow/example_dags/tutorial.py
[2024-12-06T22:01:57.374+0000] {logging_mixin.py:190} INFO - [2024-12-06T22:01:57.374+0000] {dag.py:3239} INFO - Sync 1 DAGs
[2024-12-06T22:01:57.427+0000] {logging_mixin.py:190} INFO - [2024-12-06T22:01:57.426+0000] {dag.py:4180} INFO - Setting next_dagrun for tutorial to 2024-12-05 00:00:00+00:00, run_after=2024-12-06 00:00:00+00:00
[2024-12-06T22:01:57.457+0000] {processor.py:208} INFO - Processing /home/airflow/.local/lib/python3.12/site-packages/airflow/example_dags/tutorial.py took 0.153 seconds
[2024-12-06T22:02:29.194+0000] {processor.py:186} INFO - Started process (PID=2711) to work on /home/airflow/.local/lib/python3.12/site-packages/airflow/example_dags/tutorial.py
[2024-12-06T22:02:29.195+0000] {processor.py:914} INFO - Processing file /home/airflow/.local/lib/python3.12/site-packages/airflow/example_dags/tutorial.py for tasks to queue
[2024-12-06T22:02:29.199+0000] {logging_mixin.py:190} INFO - [2024-12-06T22:02:29.198+0000] {dagbag.py:588} INFO - Filling up the DagBag from /home/airflow/.local/lib/python3.12/site-packages/airflow/example_dags/tutorial.py
[2024-12-06T22:02:29.211+0000] {processor.py:925} INFO - DAG(s) 'tutorial' retrieved from /home/airflow/.local/lib/python3.12/site-packages/airflow/example_dags/tutorial.py
[2024-12-06T22:02:29.240+0000] {logging_mixin.py:190} INFO - [2024-12-06T22:02:29.239+0000] {dag.py:3239} INFO - Sync 1 DAGs
[2024-12-06T22:02:29.274+0000] {logging_mixin.py:190} INFO - [2024-12-06T22:02:29.274+0000] {dag.py:4180} INFO - Setting next_dagrun for tutorial to 2024-12-05 00:00:00+00:00, run_after=2024-12-06 00:00:00+00:00
[2024-12-06T22:02:29.298+0000] {processor.py:208} INFO - Processing /home/airflow/.local/lib/python3.12/site-packages/airflow/example_dags/tutorial.py took 0.112 seconds
[2024-12-06T22:03:01.500+0000] {processor.py:186} INFO - Started process (PID=2774) to work on /home/airflow/.local/lib/python3.12/site-packages/airflow/example_dags/tutorial.py
[2024-12-06T22:03:01.502+0000] {processor.py:914} INFO - Processing file /home/airflow/.local/lib/python3.12/site-packages/airflow/example_dags/tutorial.py for tasks to queue
[2024-12-06T22:03:01.508+0000] {logging_mixin.py:190} INFO - [2024-12-06T22:03:01.507+0000] {dagbag.py:588} INFO - Filling up the DagBag from /home/airflow/.local/lib/python3.12/site-packages/airflow/example_dags/tutorial.py
[2024-12-06T22:03:01.522+0000] {processor.py:925} INFO - DAG(s) 'tutorial' retrieved from /home/airflow/.local/lib/python3.12/site-packages/airflow/example_dags/tutorial.py
[2024-12-06T22:03:01.552+0000] {logging_mixin.py:190} INFO - [2024-12-06T22:03:01.552+0000] {dag.py:3239} INFO - Sync 1 DAGs
[2024-12-06T22:03:01.590+0000] {logging_mixin.py:190} INFO - [2024-12-06T22:03:01.590+0000] {dag.py:4180} INFO - Setting next_dagrun for tutorial to 2024-12-05 00:00:00+00:00, run_after=2024-12-06 00:00:00+00:00
[2024-12-06T22:03:01.617+0000] {processor.py:208} INFO - Processing /home/airflow/.local/lib/python3.12/site-packages/airflow/example_dags/tutorial.py took 0.126 seconds
[2024-12-06T22:03:34.268+0000] {processor.py:186} INFO - Started process (PID=2837) to work on /home/airflow/.local/lib/python3.12/site-packages/airflow/example_dags/tutorial.py
[2024-12-06T22:03:34.270+0000] {processor.py:914} INFO - Processing file /home/airflow/.local/lib/python3.12/site-packages/airflow/example_dags/tutorial.py for tasks to queue
[2024-12-06T22:03:34.275+0000] {logging_mixin.py:190} INFO - [2024-12-06T22:03:34.274+0000] {dagbag.py:588} INFO - Filling up the DagBag from /home/airflow/.local/lib/python3.12/site-packages/airflow/example_dags/tutorial.py
[2024-12-06T22:03:34.291+0000] {processor.py:925} INFO - DAG(s) 'tutorial' retrieved from /home/airflow/.local/lib/python3.12/site-packages/airflow/example_dags/tutorial.py
[2024-12-06T22:03:34.328+0000] {logging_mixin.py:190} INFO - [2024-12-06T22:03:34.328+0000] {dag.py:3239} INFO - Sync 1 DAGs
[2024-12-06T22:03:34.366+0000] {logging_mixin.py:190} INFO - [2024-12-06T22:03:34.366+0000] {dag.py:4180} INFO - Setting next_dagrun for tutorial to 2024-12-05 00:00:00+00:00, run_after=2024-12-06 00:00:00+00:00
[2024-12-06T22:03:34.398+0000] {processor.py:208} INFO - Processing /home/airflow/.local/lib/python3.12/site-packages/airflow/example_dags/tutorial.py took 0.145 seconds
[2024-12-06T22:04:05.401+0000] {processor.py:186} INFO - Started process (PID=2900) to work on /home/airflow/.local/lib/python3.12/site-packages/airflow/example_dags/tutorial.py
[2024-12-06T22:04:05.402+0000] {processor.py:914} INFO - Processing file /home/airflow/.local/lib/python3.12/site-packages/airflow/example_dags/tutorial.py for tasks to queue
[2024-12-06T22:04:05.406+0000] {logging_mixin.py:190} INFO - [2024-12-06T22:04:05.406+0000] {dagbag.py:588} INFO - Filling up the DagBag from /home/airflow/.local/lib/python3.12/site-packages/airflow/example_dags/tutorial.py
[2024-12-06T22:04:05.420+0000] {processor.py:925} INFO - DAG(s) 'tutorial' retrieved from /home/airflow/.local/lib/python3.12/site-packages/airflow/example_dags/tutorial.py
[2024-12-06T22:04:05.455+0000] {logging_mixin.py:190} INFO - [2024-12-06T22:04:05.454+0000] {dag.py:3239} INFO - Sync 1 DAGs
[2024-12-06T22:04:05.496+0000] {logging_mixin.py:190} INFO - [2024-12-06T22:04:05.496+0000] {dag.py:4180} INFO - Setting next_dagrun for tutorial to 2024-12-05 00:00:00+00:00, run_after=2024-12-06 00:00:00+00:00
[2024-12-06T22:04:05.528+0000] {processor.py:208} INFO - Processing /home/airflow/.local/lib/python3.12/site-packages/airflow/example_dags/tutorial.py took 0.139 seconds
[2024-12-06T22:04:36.665+0000] {processor.py:186} INFO - Started process (PID=2963) to work on /home/airflow/.local/lib/python3.12/site-packages/airflow/example_dags/tutorial.py
[2024-12-06T22:04:36.667+0000] {processor.py:914} INFO - Processing file /home/airflow/.local/lib/python3.12/site-packages/airflow/example_dags/tutorial.py for tasks to queue
[2024-12-06T22:04:36.670+0000] {logging_mixin.py:190} INFO - [2024-12-06T22:04:36.670+0000] {dagbag.py:588} INFO - Filling up the DagBag from /home/airflow/.local/lib/python3.12/site-packages/airflow/example_dags/tutorial.py
[2024-12-06T22:04:36.685+0000] {processor.py:925} INFO - DAG(s) 'tutorial' retrieved from /home/airflow/.local/lib/python3.12/site-packages/airflow/example_dags/tutorial.py
[2024-12-06T22:04:36.717+0000] {logging_mixin.py:190} INFO - [2024-12-06T22:04:36.716+0000] {dag.py:3239} INFO - Sync 1 DAGs
[2024-12-06T22:04:36.754+0000] {logging_mixin.py:190} INFO - [2024-12-06T22:04:36.753+0000] {dag.py:4180} INFO - Setting next_dagrun for tutorial to 2024-12-05 00:00:00+00:00, run_after=2024-12-06 00:00:00+00:00
[2024-12-06T22:04:36.781+0000] {processor.py:208} INFO - Processing /home/airflow/.local/lib/python3.12/site-packages/airflow/example_dags/tutorial.py took 0.126 seconds
[2024-12-06T22:05:08.068+0000] {processor.py:186} INFO - Started process (PID=3026) to work on /home/airflow/.local/lib/python3.12/site-packages/airflow/example_dags/tutorial.py
[2024-12-06T22:05:08.070+0000] {processor.py:914} INFO - Processing file /home/airflow/.local/lib/python3.12/site-packages/airflow/example_dags/tutorial.py for tasks to queue
[2024-12-06T22:05:08.074+0000] {logging_mixin.py:190} INFO - [2024-12-06T22:05:08.073+0000] {dagbag.py:588} INFO - Filling up the DagBag from /home/airflow/.local/lib/python3.12/site-packages/airflow/example_dags/tutorial.py
[2024-12-06T22:05:08.087+0000] {processor.py:925} INFO - DAG(s) 'tutorial' retrieved from /home/airflow/.local/lib/python3.12/site-packages/airflow/example_dags/tutorial.py
[2024-12-06T22:05:08.117+0000] {logging_mixin.py:190} INFO - [2024-12-06T22:05:08.117+0000] {dag.py:3239} INFO - Sync 1 DAGs
[2024-12-06T22:05:08.153+0000] {logging_mixin.py:190} INFO - [2024-12-06T22:05:08.153+0000] {dag.py:4180} INFO - Setting next_dagrun for tutorial to 2024-12-05 00:00:00+00:00, run_after=2024-12-06 00:00:00+00:00
[2024-12-06T22:05:08.181+0000] {processor.py:208} INFO - Processing /home/airflow/.local/lib/python3.12/site-packages/airflow/example_dags/tutorial.py took 0.122 seconds
[2024-12-06T22:05:39.780+0000] {processor.py:186} INFO - Started process (PID=3089) to work on /home/airflow/.local/lib/python3.12/site-packages/airflow/example_dags/tutorial.py
[2024-12-06T22:05:39.781+0000] {processor.py:914} INFO - Processing file /home/airflow/.local/lib/python3.12/site-packages/airflow/example_dags/tutorial.py for tasks to queue
[2024-12-06T22:05:39.786+0000] {logging_mixin.py:190} INFO - [2024-12-06T22:05:39.785+0000] {dagbag.py:588} INFO - Filling up the DagBag from /home/airflow/.local/lib/python3.12/site-packages/airflow/example_dags/tutorial.py
[2024-12-06T22:05:39.797+0000] {processor.py:925} INFO - DAG(s) 'tutorial' retrieved from /home/airflow/.local/lib/python3.12/site-packages/airflow/example_dags/tutorial.py
[2024-12-06T22:05:39.825+0000] {logging_mixin.py:190} INFO - [2024-12-06T22:05:39.825+0000] {dag.py:3239} INFO - Sync 1 DAGs
[2024-12-06T22:05:39.855+0000] {logging_mixin.py:190} INFO - [2024-12-06T22:05:39.855+0000] {dag.py:4180} INFO - Setting next_dagrun for tutorial to 2024-12-05 00:00:00+00:00, run_after=2024-12-06 00:00:00+00:00
[2024-12-06T22:05:39.880+0000] {processor.py:208} INFO - Processing /home/airflow/.local/lib/python3.12/site-packages/airflow/example_dags/tutorial.py took 0.109 seconds
[2024-12-06T22:06:12.305+0000] {processor.py:186} INFO - Started process (PID=3156) to work on /home/airflow/.local/lib/python3.12/site-packages/airflow/example_dags/tutorial.py
[2024-12-06T22:06:12.308+0000] {processor.py:914} INFO - Processing file /home/airflow/.local/lib/python3.12/site-packages/airflow/example_dags/tutorial.py for tasks to queue
[2024-12-06T22:06:12.312+0000] {logging_mixin.py:190} INFO - [2024-12-06T22:06:12.312+0000] {dagbag.py:588} INFO - Filling up the DagBag from /home/airflow/.local/lib/python3.12/site-packages/airflow/example_dags/tutorial.py
[2024-12-06T22:06:12.325+0000] {processor.py:925} INFO - DAG(s) 'tutorial' retrieved from /home/airflow/.local/lib/python3.12/site-packages/airflow/example_dags/tutorial.py
[2024-12-06T22:06:12.360+0000] {logging_mixin.py:190} INFO - [2024-12-06T22:06:12.359+0000] {dag.py:3239} INFO - Sync 1 DAGs
[2024-12-06T22:06:12.399+0000] {logging_mixin.py:190} INFO - [2024-12-06T22:06:12.399+0000] {dag.py:4180} INFO - Setting next_dagrun for tutorial to 2024-12-05 00:00:00+00:00, run_after=2024-12-06 00:00:00+00:00
[2024-12-06T22:06:12.432+0000] {processor.py:208} INFO - Processing /home/airflow/.local/lib/python3.12/site-packages/airflow/example_dags/tutorial.py took 0.137 seconds
[2024-12-06T22:06:43.647+0000] {processor.py:186} INFO - Started process (PID=3219) to work on /home/airflow/.local/lib/python3.12/site-packages/airflow/example_dags/tutorial.py
[2024-12-06T22:06:43.649+0000] {processor.py:914} INFO - Processing file /home/airflow/.local/lib/python3.12/site-packages/airflow/example_dags/tutorial.py for tasks to queue
[2024-12-06T22:06:43.653+0000] {logging_mixin.py:190} INFO - [2024-12-06T22:06:43.652+0000] {dagbag.py:588} INFO - Filling up the DagBag from /home/airflow/.local/lib/python3.12/site-packages/airflow/example_dags/tutorial.py
[2024-12-06T22:06:43.666+0000] {processor.py:925} INFO - DAG(s) 'tutorial' retrieved from /home/airflow/.local/lib/python3.12/site-packages/airflow/example_dags/tutorial.py
[2024-12-06T22:06:43.700+0000] {logging_mixin.py:190} INFO - [2024-12-06T22:06:43.700+0000] {dag.py:3239} INFO - Sync 1 DAGs
[2024-12-06T22:06:43.736+0000] {logging_mixin.py:190} INFO - [2024-12-06T22:06:43.736+0000] {dag.py:4180} INFO - Setting next_dagrun for tutorial to 2024-12-05 00:00:00+00:00, run_after=2024-12-06 00:00:00+00:00
[2024-12-06T22:06:43.770+0000] {processor.py:208} INFO - Processing /home/airflow/.local/lib/python3.12/site-packages/airflow/example_dags/tutorial.py took 0.133 seconds
[2024-12-06T22:07:16.210+0000] {processor.py:186} INFO - Started process (PID=3282) to work on /home/airflow/.local/lib/python3.12/site-packages/airflow/example_dags/tutorial.py
[2024-12-06T22:07:16.215+0000] {processor.py:914} INFO - Processing file /home/airflow/.local/lib/python3.12/site-packages/airflow/example_dags/tutorial.py for tasks to queue
[2024-12-06T22:07:16.220+0000] {logging_mixin.py:190} INFO - [2024-12-06T22:07:16.219+0000] {dagbag.py:588} INFO - Filling up the DagBag from /home/airflow/.local/lib/python3.12/site-packages/airflow/example_dags/tutorial.py
[2024-12-06T22:07:16.234+0000] {processor.py:925} INFO - DAG(s) 'tutorial' retrieved from /home/airflow/.local/lib/python3.12/site-packages/airflow/example_dags/tutorial.py
[2024-12-06T22:07:16.268+0000] {logging_mixin.py:190} INFO - [2024-12-06T22:07:16.267+0000] {dag.py:3239} INFO - Sync 1 DAGs
[2024-12-06T22:07:16.311+0000] {logging_mixin.py:190} INFO - [2024-12-06T22:07:16.310+0000] {dag.py:4180} INFO - Setting next_dagrun for tutorial to 2024-12-05 00:00:00+00:00, run_after=2024-12-06 00:00:00+00:00
[2024-12-06T22:07:16.610+0000] {processor.py:208} INFO - Processing /home/airflow/.local/lib/python3.12/site-packages/airflow/example_dags/tutorial.py took 0.410 seconds
[2024-12-06T22:07:48.280+0000] {processor.py:186} INFO - Started process (PID=3345) to work on /home/airflow/.local/lib/python3.12/site-packages/airflow/example_dags/tutorial.py
[2024-12-06T22:07:48.282+0000] {processor.py:914} INFO - Processing file /home/airflow/.local/lib/python3.12/site-packages/airflow/example_dags/tutorial.py for tasks to queue
[2024-12-06T22:07:48.289+0000] {logging_mixin.py:190} INFO - [2024-12-06T22:07:48.288+0000] {dagbag.py:588} INFO - Filling up the DagBag from /home/airflow/.local/lib/python3.12/site-packages/airflow/example_dags/tutorial.py
[2024-12-06T22:07:48.305+0000] {processor.py:925} INFO - DAG(s) 'tutorial' retrieved from /home/airflow/.local/lib/python3.12/site-packages/airflow/example_dags/tutorial.py
[2024-12-06T22:07:48.339+0000] {logging_mixin.py:190} INFO - [2024-12-06T22:07:48.338+0000] {dag.py:3239} INFO - Sync 1 DAGs
[2024-12-06T22:07:48.382+0000] {logging_mixin.py:190} INFO - [2024-12-06T22:07:48.381+0000] {dag.py:4180} INFO - Setting next_dagrun for tutorial to 2024-12-05 00:00:00+00:00, run_after=2024-12-06 00:00:00+00:00
[2024-12-06T22:07:48.419+0000] {processor.py:208} INFO - Processing /home/airflow/.local/lib/python3.12/site-packages/airflow/example_dags/tutorial.py took 0.148 seconds
[2024-12-06T22:08:19.808+0000] {processor.py:186} INFO - Started process (PID=3410) to work on /home/airflow/.local/lib/python3.12/site-packages/airflow/example_dags/tutorial.py
[2024-12-06T22:08:19.810+0000] {processor.py:914} INFO - Processing file /home/airflow/.local/lib/python3.12/site-packages/airflow/example_dags/tutorial.py for tasks to queue
[2024-12-06T22:08:19.814+0000] {logging_mixin.py:190} INFO - [2024-12-06T22:08:19.814+0000] {dagbag.py:588} INFO - Filling up the DagBag from /home/airflow/.local/lib/python3.12/site-packages/airflow/example_dags/tutorial.py
[2024-12-06T22:08:19.834+0000] {processor.py:925} INFO - DAG(s) 'tutorial' retrieved from /home/airflow/.local/lib/python3.12/site-packages/airflow/example_dags/tutorial.py
[2024-12-06T22:08:19.865+0000] {logging_mixin.py:190} INFO - [2024-12-06T22:08:19.865+0000] {dag.py:3239} INFO - Sync 1 DAGs
[2024-12-06T22:08:19.901+0000] {logging_mixin.py:190} INFO - [2024-12-06T22:08:19.900+0000] {dag.py:4180} INFO - Setting next_dagrun for tutorial to 2024-12-05 00:00:00+00:00, run_after=2024-12-06 00:00:00+00:00
[2024-12-06T22:08:19.931+0000] {processor.py:208} INFO - Processing /home/airflow/.local/lib/python3.12/site-packages/airflow/example_dags/tutorial.py took 0.136 seconds
[2024-12-06T22:08:54.104+0000] {processor.py:186} INFO - Started process (PID=3480) to work on /home/airflow/.local/lib/python3.12/site-packages/airflow/example_dags/tutorial.py
[2024-12-06T22:08:54.107+0000] {processor.py:914} INFO - Processing file /home/airflow/.local/lib/python3.12/site-packages/airflow/example_dags/tutorial.py for tasks to queue
[2024-12-06T22:08:54.112+0000] {logging_mixin.py:190} INFO - [2024-12-06T22:08:54.111+0000] {dagbag.py:588} INFO - Filling up the DagBag from /home/airflow/.local/lib/python3.12/site-packages/airflow/example_dags/tutorial.py
[2024-12-06T22:08:54.130+0000] {processor.py:925} INFO - DAG(s) 'tutorial' retrieved from /home/airflow/.local/lib/python3.12/site-packages/airflow/example_dags/tutorial.py
[2024-12-06T22:08:54.456+0000] {logging_mixin.py:190} INFO - [2024-12-06T22:08:54.455+0000] {dag.py:3239} INFO - Sync 1 DAGs
[2024-12-06T22:08:54.510+0000] {logging_mixin.py:190} INFO - [2024-12-06T22:08:54.509+0000] {dag.py:4180} INFO - Setting next_dagrun for tutorial to 2024-12-05 00:00:00+00:00, run_after=2024-12-06 00:00:00+00:00
[2024-12-06T22:08:54.544+0000] {processor.py:208} INFO - Processing /home/airflow/.local/lib/python3.12/site-packages/airflow/example_dags/tutorial.py took 0.451 seconds
[2024-12-06T22:09:25.345+0000] {processor.py:186} INFO - Started process (PID=3543) to work on /home/airflow/.local/lib/python3.12/site-packages/airflow/example_dags/tutorial.py
[2024-12-06T22:09:25.347+0000] {processor.py:914} INFO - Processing file /home/airflow/.local/lib/python3.12/site-packages/airflow/example_dags/tutorial.py for tasks to queue
[2024-12-06T22:09:25.350+0000] {logging_mixin.py:190} INFO - [2024-12-06T22:09:25.350+0000] {dagbag.py:588} INFO - Filling up the DagBag from /home/airflow/.local/lib/python3.12/site-packages/airflow/example_dags/tutorial.py
[2024-12-06T22:09:25.364+0000] {processor.py:925} INFO - DAG(s) 'tutorial' retrieved from /home/airflow/.local/lib/python3.12/site-packages/airflow/example_dags/tutorial.py
[2024-12-06T22:09:25.393+0000] {logging_mixin.py:190} INFO - [2024-12-06T22:09:25.393+0000] {dag.py:3239} INFO - Sync 1 DAGs
[2024-12-06T22:09:25.427+0000] {logging_mixin.py:190} INFO - [2024-12-06T22:09:25.427+0000] {dag.py:4180} INFO - Setting next_dagrun for tutorial to 2024-12-05 00:00:00+00:00, run_after=2024-12-06 00:00:00+00:00
[2024-12-06T22:09:25.454+0000] {processor.py:208} INFO - Processing /home/airflow/.local/lib/python3.12/site-packages/airflow/example_dags/tutorial.py took 0.118 seconds
[2024-12-06T22:09:55.944+0000] {processor.py:186} INFO - Started process (PID=3606) to work on /home/airflow/.local/lib/python3.12/site-packages/airflow/example_dags/tutorial.py
[2024-12-06T22:09:55.947+0000] {processor.py:914} INFO - Processing file /home/airflow/.local/lib/python3.12/site-packages/airflow/example_dags/tutorial.py for tasks to queue
[2024-12-06T22:09:55.955+0000] {logging_mixin.py:190} INFO - [2024-12-06T22:09:55.954+0000] {dagbag.py:588} INFO - Filling up the DagBag from /home/airflow/.local/lib/python3.12/site-packages/airflow/example_dags/tutorial.py
[2024-12-06T22:09:55.982+0000] {processor.py:925} INFO - DAG(s) 'tutorial' retrieved from /home/airflow/.local/lib/python3.12/site-packages/airflow/example_dags/tutorial.py
[2024-12-06T22:09:56.053+0000] {logging_mixin.py:190} INFO - [2024-12-06T22:09:56.053+0000] {dag.py:3239} INFO - Sync 1 DAGs
[2024-12-06T22:09:56.132+0000] {logging_mixin.py:190} INFO - [2024-12-06T22:09:56.131+0000] {dag.py:4180} INFO - Setting next_dagrun for tutorial to 2024-12-05 00:00:00+00:00, run_after=2024-12-06 00:00:00+00:00
[2024-12-06T22:09:56.191+0000] {processor.py:208} INFO - Processing /home/airflow/.local/lib/python3.12/site-packages/airflow/example_dags/tutorial.py took 0.267 seconds
[2024-12-06T22:10:27.220+0000] {processor.py:186} INFO - Started process (PID=3669) to work on /home/airflow/.local/lib/python3.12/site-packages/airflow/example_dags/tutorial.py
[2024-12-06T22:10:27.224+0000] {processor.py:914} INFO - Processing file /home/airflow/.local/lib/python3.12/site-packages/airflow/example_dags/tutorial.py for tasks to queue
[2024-12-06T22:10:27.235+0000] {logging_mixin.py:190} INFO - [2024-12-06T22:10:27.233+0000] {dagbag.py:588} INFO - Filling up the DagBag from /home/airflow/.local/lib/python3.12/site-packages/airflow/example_dags/tutorial.py
[2024-12-06T22:10:27.274+0000] {processor.py:925} INFO - DAG(s) 'tutorial' retrieved from /home/airflow/.local/lib/python3.12/site-packages/airflow/example_dags/tutorial.py
[2024-12-06T22:10:27.369+0000] {logging_mixin.py:190} INFO - [2024-12-06T22:10:27.368+0000] {dag.py:3239} INFO - Sync 1 DAGs
[2024-12-06T22:10:27.466+0000] {logging_mixin.py:190} INFO - [2024-12-06T22:10:27.466+0000] {dag.py:4180} INFO - Setting next_dagrun for tutorial to 2024-12-05 00:00:00+00:00, run_after=2024-12-06 00:00:00+00:00
[2024-12-06T22:10:27.504+0000] {processor.py:208} INFO - Processing /home/airflow/.local/lib/python3.12/site-packages/airflow/example_dags/tutorial.py took 0.316 seconds
[2024-12-06T22:10:57.902+0000] {processor.py:186} INFO - Started process (PID=3732) to work on /home/airflow/.local/lib/python3.12/site-packages/airflow/example_dags/tutorial.py
[2024-12-06T22:10:57.903+0000] {processor.py:914} INFO - Processing file /home/airflow/.local/lib/python3.12/site-packages/airflow/example_dags/tutorial.py for tasks to queue
[2024-12-06T22:10:57.906+0000] {logging_mixin.py:190} INFO - [2024-12-06T22:10:57.905+0000] {dagbag.py:588} INFO - Filling up the DagBag from /home/airflow/.local/lib/python3.12/site-packages/airflow/example_dags/tutorial.py
[2024-12-06T22:10:57.916+0000] {processor.py:925} INFO - DAG(s) 'tutorial' retrieved from /home/airflow/.local/lib/python3.12/site-packages/airflow/example_dags/tutorial.py
[2024-12-06T22:10:57.939+0000] {logging_mixin.py:190} INFO - [2024-12-06T22:10:57.939+0000] {dag.py:3239} INFO - Sync 1 DAGs
[2024-12-06T22:10:57.969+0000] {logging_mixin.py:190} INFO - [2024-12-06T22:10:57.968+0000] {dag.py:4180} INFO - Setting next_dagrun for tutorial to 2024-12-05 00:00:00+00:00, run_after=2024-12-06 00:00:00+00:00
[2024-12-06T22:10:57.989+0000] {processor.py:208} INFO - Processing /home/airflow/.local/lib/python3.12/site-packages/airflow/example_dags/tutorial.py took 0.095 seconds
