[2024-12-06T21:40:50.590+0000] {processor.py:186} INFO - Started process (PID=83) to work on /home/airflow/.local/lib/python3.12/site-packages/airflow/example_dags/tutorial_taskflow_api_virtualenv.py
[2024-12-06T21:40:50.591+0000] {processor.py:914} INFO - Processing file /home/airflow/.local/lib/python3.12/site-packages/airflow/example_dags/tutorial_taskflow_api_virtualenv.py for tasks to queue
[2024-12-06T21:40:50.595+0000] {logging_mixin.py:190} INFO - [2024-12-06T21:40:50.595+0000] {dagbag.py:588} INFO - Filling up the DagBag from /home/airflow/.local/lib/python3.12/site-packages/airflow/example_dags/tutorial_taskflow_api_virtualenv.py
[2024-12-06T21:40:50.631+0000] {processor.py:925} INFO - DAG(s) 'tutorial_taskflow_api_virtualenv' retrieved from /home/airflow/.local/lib/python3.12/site-packages/airflow/example_dags/tutorial_taskflow_api_virtualenv.py
[2024-12-06T21:40:50.797+0000] {logging_mixin.py:190} INFO - [2024-12-06T21:40:50.796+0000] {override.py:1911} INFO - Created Permission View: can edit on DAG:tutorial_taskflow_api_virtualenv
[2024-12-06T21:40:50.812+0000] {logging_mixin.py:190} INFO - [2024-12-06T21:40:50.812+0000] {override.py:1911} INFO - Created Permission View: can delete on DAG:tutorial_taskflow_api_virtualenv
[2024-12-06T21:40:50.822+0000] {logging_mixin.py:190} INFO - [2024-12-06T21:40:50.822+0000] {override.py:1911} INFO - Created Permission View: can read on DAG:tutorial_taskflow_api_virtualenv
[2024-12-06T21:40:50.833+0000] {logging_mixin.py:190} INFO - [2024-12-06T21:40:50.833+0000] {override.py:1911} INFO - Created Permission View: menu access on DAG Run:tutorial_taskflow_api_virtualenv
[2024-12-06T21:40:50.843+0000] {logging_mixin.py:190} INFO - [2024-12-06T21:40:50.842+0000] {override.py:1911} INFO - Created Permission View: can create on DAG Run:tutorial_taskflow_api_virtualenv
[2024-12-06T21:40:50.853+0000] {logging_mixin.py:190} INFO - [2024-12-06T21:40:50.853+0000] {override.py:1911} INFO - Created Permission View: can delete on DAG Run:tutorial_taskflow_api_virtualenv
[2024-12-06T21:40:50.863+0000] {logging_mixin.py:190} INFO - [2024-12-06T21:40:50.863+0000] {override.py:1911} INFO - Created Permission View: can read on DAG Run:tutorial_taskflow_api_virtualenv
[2024-12-06T21:40:50.864+0000] {logging_mixin.py:190} INFO - [2024-12-06T21:40:50.864+0000] {dag.py:3239} INFO - Sync 1 DAGs
[2024-12-06T21:40:50.893+0000] {logging_mixin.py:190} INFO - [2024-12-06T21:40:50.893+0000] {dag.py:3262} INFO - Creating ORM DAG for tutorial_taskflow_api_virtualenv
[2024-12-06T21:40:50.895+0000] {logging_mixin.py:190} INFO - [2024-12-06T21:40:50.895+0000] {dag.py:4180} INFO - Setting next_dagrun for tutorial_taskflow_api_virtualenv to None, run_after=None
[2024-12-06T21:40:50.919+0000] {processor.py:208} INFO - Processing /home/airflow/.local/lib/python3.12/site-packages/airflow/example_dags/tutorial_taskflow_api_virtualenv.py took 0.339 seconds
[2024-12-06T21:41:22.336+0000] {processor.py:186} INFO - Started process (PID=146) to work on /home/airflow/.local/lib/python3.12/site-packages/airflow/example_dags/tutorial_taskflow_api_virtualenv.py
[2024-12-06T21:41:22.338+0000] {processor.py:914} INFO - Processing file /home/airflow/.local/lib/python3.12/site-packages/airflow/example_dags/tutorial_taskflow_api_virtualenv.py for tasks to queue
[2024-12-06T21:41:22.341+0000] {logging_mixin.py:190} INFO - [2024-12-06T21:41:22.341+0000] {dagbag.py:588} INFO - Filling up the DagBag from /home/airflow/.local/lib/python3.12/site-packages/airflow/example_dags/tutorial_taskflow_api_virtualenv.py
[2024-12-06T21:41:22.358+0000] {processor.py:925} INFO - DAG(s) 'tutorial_taskflow_api_virtualenv' retrieved from /home/airflow/.local/lib/python3.12/site-packages/airflow/example_dags/tutorial_taskflow_api_virtualenv.py
[2024-12-06T21:41:22.385+0000] {logging_mixin.py:190} INFO - [2024-12-06T21:41:22.385+0000] {dag.py:3239} INFO - Sync 1 DAGs
[2024-12-06T21:41:22.406+0000] {logging_mixin.py:190} INFO - [2024-12-06T21:41:22.406+0000] {dag.py:4180} INFO - Setting next_dagrun for tutorial_taskflow_api_virtualenv to None, run_after=None
[2024-12-06T21:41:22.429+0000] {processor.py:208} INFO - Processing /home/airflow/.local/lib/python3.12/site-packages/airflow/example_dags/tutorial_taskflow_api_virtualenv.py took 0.102 seconds
[2024-12-06T21:41:53.826+0000] {processor.py:186} INFO - Started process (PID=209) to work on /home/airflow/.local/lib/python3.12/site-packages/airflow/example_dags/tutorial_taskflow_api_virtualenv.py
[2024-12-06T21:41:53.827+0000] {processor.py:914} INFO - Processing file /home/airflow/.local/lib/python3.12/site-packages/airflow/example_dags/tutorial_taskflow_api_virtualenv.py for tasks to queue
[2024-12-06T21:41:53.830+0000] {logging_mixin.py:190} INFO - [2024-12-06T21:41:53.830+0000] {dagbag.py:588} INFO - Filling up the DagBag from /home/airflow/.local/lib/python3.12/site-packages/airflow/example_dags/tutorial_taskflow_api_virtualenv.py
[2024-12-06T21:41:53.845+0000] {processor.py:925} INFO - DAG(s) 'tutorial_taskflow_api_virtualenv' retrieved from /home/airflow/.local/lib/python3.12/site-packages/airflow/example_dags/tutorial_taskflow_api_virtualenv.py
[2024-12-06T21:41:53.870+0000] {logging_mixin.py:190} INFO - [2024-12-06T21:41:53.869+0000] {dag.py:3239} INFO - Sync 1 DAGs
[2024-12-06T21:41:53.888+0000] {logging_mixin.py:190} INFO - [2024-12-06T21:41:53.887+0000] {dag.py:4180} INFO - Setting next_dagrun for tutorial_taskflow_api_virtualenv to None, run_after=None
[2024-12-06T21:41:53.911+0000] {processor.py:208} INFO - Processing /home/airflow/.local/lib/python3.12/site-packages/airflow/example_dags/tutorial_taskflow_api_virtualenv.py took 0.093 seconds
[2024-12-06T21:42:24.750+0000] {processor.py:186} INFO - Started process (PID=272) to work on /home/airflow/.local/lib/python3.12/site-packages/airflow/example_dags/tutorial_taskflow_api_virtualenv.py
[2024-12-06T21:42:24.752+0000] {processor.py:914} INFO - Processing file /home/airflow/.local/lib/python3.12/site-packages/airflow/example_dags/tutorial_taskflow_api_virtualenv.py for tasks to queue
[2024-12-06T21:42:24.755+0000] {logging_mixin.py:190} INFO - [2024-12-06T21:42:24.755+0000] {dagbag.py:588} INFO - Filling up the DagBag from /home/airflow/.local/lib/python3.12/site-packages/airflow/example_dags/tutorial_taskflow_api_virtualenv.py
[2024-12-06T21:42:24.773+0000] {processor.py:925} INFO - DAG(s) 'tutorial_taskflow_api_virtualenv' retrieved from /home/airflow/.local/lib/python3.12/site-packages/airflow/example_dags/tutorial_taskflow_api_virtualenv.py
[2024-12-06T21:42:24.799+0000] {logging_mixin.py:190} INFO - [2024-12-06T21:42:24.798+0000] {dag.py:3239} INFO - Sync 1 DAGs
[2024-12-06T21:42:24.817+0000] {logging_mixin.py:190} INFO - [2024-12-06T21:42:24.817+0000] {dag.py:4180} INFO - Setting next_dagrun for tutorial_taskflow_api_virtualenv to None, run_after=None
[2024-12-06T21:42:24.841+0000] {processor.py:208} INFO - Processing /home/airflow/.local/lib/python3.12/site-packages/airflow/example_dags/tutorial_taskflow_api_virtualenv.py took 0.099 seconds
[2024-12-06T21:42:56.098+0000] {processor.py:186} INFO - Started process (PID=335) to work on /home/airflow/.local/lib/python3.12/site-packages/airflow/example_dags/tutorial_taskflow_api_virtualenv.py
[2024-12-06T21:42:56.099+0000] {processor.py:914} INFO - Processing file /home/airflow/.local/lib/python3.12/site-packages/airflow/example_dags/tutorial_taskflow_api_virtualenv.py for tasks to queue
[2024-12-06T21:42:56.102+0000] {logging_mixin.py:190} INFO - [2024-12-06T21:42:56.102+0000] {dagbag.py:588} INFO - Filling up the DagBag from /home/airflow/.local/lib/python3.12/site-packages/airflow/example_dags/tutorial_taskflow_api_virtualenv.py
[2024-12-06T21:42:56.117+0000] {processor.py:925} INFO - DAG(s) 'tutorial_taskflow_api_virtualenv' retrieved from /home/airflow/.local/lib/python3.12/site-packages/airflow/example_dags/tutorial_taskflow_api_virtualenv.py
[2024-12-06T21:42:56.141+0000] {logging_mixin.py:190} INFO - [2024-12-06T21:42:56.141+0000] {dag.py:3239} INFO - Sync 1 DAGs
[2024-12-06T21:42:56.161+0000] {logging_mixin.py:190} INFO - [2024-12-06T21:42:56.161+0000] {dag.py:4180} INFO - Setting next_dagrun for tutorial_taskflow_api_virtualenv to None, run_after=None
[2024-12-06T21:42:56.185+0000] {processor.py:208} INFO - Processing /home/airflow/.local/lib/python3.12/site-packages/airflow/example_dags/tutorial_taskflow_api_virtualenv.py took 0.095 seconds
[2024-12-06T21:43:27.758+0000] {processor.py:186} INFO - Started process (PID=398) to work on /home/airflow/.local/lib/python3.12/site-packages/airflow/example_dags/tutorial_taskflow_api_virtualenv.py
[2024-12-06T21:43:27.760+0000] {processor.py:914} INFO - Processing file /home/airflow/.local/lib/python3.12/site-packages/airflow/example_dags/tutorial_taskflow_api_virtualenv.py for tasks to queue
[2024-12-06T21:43:27.763+0000] {logging_mixin.py:190} INFO - [2024-12-06T21:43:27.763+0000] {dagbag.py:588} INFO - Filling up the DagBag from /home/airflow/.local/lib/python3.12/site-packages/airflow/example_dags/tutorial_taskflow_api_virtualenv.py
[2024-12-06T21:43:27.779+0000] {processor.py:925} INFO - DAG(s) 'tutorial_taskflow_api_virtualenv' retrieved from /home/airflow/.local/lib/python3.12/site-packages/airflow/example_dags/tutorial_taskflow_api_virtualenv.py
[2024-12-06T21:43:27.810+0000] {logging_mixin.py:190} INFO - [2024-12-06T21:43:27.810+0000] {dag.py:3239} INFO - Sync 1 DAGs
[2024-12-06T21:43:27.850+0000] {logging_mixin.py:190} INFO - [2024-12-06T21:43:27.849+0000] {dag.py:4180} INFO - Setting next_dagrun for tutorial_taskflow_api_virtualenv to None, run_after=None
[2024-12-06T21:43:27.877+0000] {processor.py:208} INFO - Processing /home/airflow/.local/lib/python3.12/site-packages/airflow/example_dags/tutorial_taskflow_api_virtualenv.py took 0.127 seconds
[2024-12-06T21:43:59.099+0000] {processor.py:186} INFO - Started process (PID=461) to work on /home/airflow/.local/lib/python3.12/site-packages/airflow/example_dags/tutorial_taskflow_api_virtualenv.py
[2024-12-06T21:43:59.100+0000] {processor.py:914} INFO - Processing file /home/airflow/.local/lib/python3.12/site-packages/airflow/example_dags/tutorial_taskflow_api_virtualenv.py for tasks to queue
[2024-12-06T21:43:59.105+0000] {logging_mixin.py:190} INFO - [2024-12-06T21:43:59.104+0000] {dagbag.py:588} INFO - Filling up the DagBag from /home/airflow/.local/lib/python3.12/site-packages/airflow/example_dags/tutorial_taskflow_api_virtualenv.py
[2024-12-06T21:43:59.124+0000] {processor.py:925} INFO - DAG(s) 'tutorial_taskflow_api_virtualenv' retrieved from /home/airflow/.local/lib/python3.12/site-packages/airflow/example_dags/tutorial_taskflow_api_virtualenv.py
[2024-12-06T21:43:59.155+0000] {logging_mixin.py:190} INFO - [2024-12-06T21:43:59.154+0000] {dag.py:3239} INFO - Sync 1 DAGs
[2024-12-06T21:43:59.177+0000] {logging_mixin.py:190} INFO - [2024-12-06T21:43:59.177+0000] {dag.py:4180} INFO - Setting next_dagrun for tutorial_taskflow_api_virtualenv to None, run_after=None
[2024-12-06T21:43:59.206+0000] {processor.py:208} INFO - Processing /home/airflow/.local/lib/python3.12/site-packages/airflow/example_dags/tutorial_taskflow_api_virtualenv.py took 0.118 seconds
[2024-12-06T21:44:30.649+0000] {processor.py:186} INFO - Started process (PID=524) to work on /home/airflow/.local/lib/python3.12/site-packages/airflow/example_dags/tutorial_taskflow_api_virtualenv.py
[2024-12-06T21:44:30.650+0000] {processor.py:914} INFO - Processing file /home/airflow/.local/lib/python3.12/site-packages/airflow/example_dags/tutorial_taskflow_api_virtualenv.py for tasks to queue
[2024-12-06T21:44:30.653+0000] {logging_mixin.py:190} INFO - [2024-12-06T21:44:30.653+0000] {dagbag.py:588} INFO - Filling up the DagBag from /home/airflow/.local/lib/python3.12/site-packages/airflow/example_dags/tutorial_taskflow_api_virtualenv.py
[2024-12-06T21:44:30.668+0000] {processor.py:925} INFO - DAG(s) 'tutorial_taskflow_api_virtualenv' retrieved from /home/airflow/.local/lib/python3.12/site-packages/airflow/example_dags/tutorial_taskflow_api_virtualenv.py
[2024-12-06T21:44:30.693+0000] {logging_mixin.py:190} INFO - [2024-12-06T21:44:30.693+0000] {dag.py:3239} INFO - Sync 1 DAGs
[2024-12-06T21:44:30.712+0000] {logging_mixin.py:190} INFO - [2024-12-06T21:44:30.712+0000] {dag.py:4180} INFO - Setting next_dagrun for tutorial_taskflow_api_virtualenv to None, run_after=None
[2024-12-06T21:44:30.736+0000] {processor.py:208} INFO - Processing /home/airflow/.local/lib/python3.12/site-packages/airflow/example_dags/tutorial_taskflow_api_virtualenv.py took 0.095 seconds
[2024-12-06T21:45:02.119+0000] {processor.py:186} INFO - Started process (PID=587) to work on /home/airflow/.local/lib/python3.12/site-packages/airflow/example_dags/tutorial_taskflow_api_virtualenv.py
[2024-12-06T21:45:02.120+0000] {processor.py:914} INFO - Processing file /home/airflow/.local/lib/python3.12/site-packages/airflow/example_dags/tutorial_taskflow_api_virtualenv.py for tasks to queue
[2024-12-06T21:45:02.123+0000] {logging_mixin.py:190} INFO - [2024-12-06T21:45:02.123+0000] {dagbag.py:588} INFO - Filling up the DagBag from /home/airflow/.local/lib/python3.12/site-packages/airflow/example_dags/tutorial_taskflow_api_virtualenv.py
[2024-12-06T21:45:02.140+0000] {processor.py:925} INFO - DAG(s) 'tutorial_taskflow_api_virtualenv' retrieved from /home/airflow/.local/lib/python3.12/site-packages/airflow/example_dags/tutorial_taskflow_api_virtualenv.py
[2024-12-06T21:45:02.168+0000] {logging_mixin.py:190} INFO - [2024-12-06T21:45:02.167+0000] {dag.py:3239} INFO - Sync 1 DAGs
[2024-12-06T21:45:02.188+0000] {logging_mixin.py:190} INFO - [2024-12-06T21:45:02.188+0000] {dag.py:4180} INFO - Setting next_dagrun for tutorial_taskflow_api_virtualenv to None, run_after=None
[2024-12-06T21:45:02.212+0000] {processor.py:208} INFO - Processing /home/airflow/.local/lib/python3.12/site-packages/airflow/example_dags/tutorial_taskflow_api_virtualenv.py took 0.102 seconds
[2024-12-06T21:45:33.630+0000] {processor.py:186} INFO - Started process (PID=651) to work on /home/airflow/.local/lib/python3.12/site-packages/airflow/example_dags/tutorial_taskflow_api_virtualenv.py
[2024-12-06T21:45:33.631+0000] {processor.py:914} INFO - Processing file /home/airflow/.local/lib/python3.12/site-packages/airflow/example_dags/tutorial_taskflow_api_virtualenv.py for tasks to queue
[2024-12-06T21:45:33.635+0000] {logging_mixin.py:190} INFO - [2024-12-06T21:45:33.634+0000] {dagbag.py:588} INFO - Filling up the DagBag from /home/airflow/.local/lib/python3.12/site-packages/airflow/example_dags/tutorial_taskflow_api_virtualenv.py
[2024-12-06T21:45:33.653+0000] {processor.py:925} INFO - DAG(s) 'tutorial_taskflow_api_virtualenv' retrieved from /home/airflow/.local/lib/python3.12/site-packages/airflow/example_dags/tutorial_taskflow_api_virtualenv.py
[2024-12-06T21:45:33.683+0000] {logging_mixin.py:190} INFO - [2024-12-06T21:45:33.683+0000] {dag.py:3239} INFO - Sync 1 DAGs
[2024-12-06T21:45:33.705+0000] {logging_mixin.py:190} INFO - [2024-12-06T21:45:33.705+0000] {dag.py:4180} INFO - Setting next_dagrun for tutorial_taskflow_api_virtualenv to None, run_after=None
[2024-12-06T21:45:33.732+0000] {processor.py:208} INFO - Processing /home/airflow/.local/lib/python3.12/site-packages/airflow/example_dags/tutorial_taskflow_api_virtualenv.py took 0.112 seconds
[2024-12-06T21:46:05.596+0000] {processor.py:186} INFO - Started process (PID=714) to work on /home/airflow/.local/lib/python3.12/site-packages/airflow/example_dags/tutorial_taskflow_api_virtualenv.py
[2024-12-06T21:46:05.597+0000] {processor.py:914} INFO - Processing file /home/airflow/.local/lib/python3.12/site-packages/airflow/example_dags/tutorial_taskflow_api_virtualenv.py for tasks to queue
[2024-12-06T21:46:05.601+0000] {logging_mixin.py:190} INFO - [2024-12-06T21:46:05.600+0000] {dagbag.py:588} INFO - Filling up the DagBag from /home/airflow/.local/lib/python3.12/site-packages/airflow/example_dags/tutorial_taskflow_api_virtualenv.py
[2024-12-06T21:46:05.617+0000] {processor.py:925} INFO - DAG(s) 'tutorial_taskflow_api_virtualenv' retrieved from /home/airflow/.local/lib/python3.12/site-packages/airflow/example_dags/tutorial_taskflow_api_virtualenv.py
[2024-12-06T21:46:05.642+0000] {logging_mixin.py:190} INFO - [2024-12-06T21:46:05.642+0000] {dag.py:3239} INFO - Sync 1 DAGs
[2024-12-06T21:46:05.662+0000] {logging_mixin.py:190} INFO - [2024-12-06T21:46:05.662+0000] {dag.py:4180} INFO - Setting next_dagrun for tutorial_taskflow_api_virtualenv to None, run_after=None
[2024-12-06T21:46:05.691+0000] {processor.py:208} INFO - Processing /home/airflow/.local/lib/python3.12/site-packages/airflow/example_dags/tutorial_taskflow_api_virtualenv.py took 0.103 seconds
[2024-12-06T21:46:37.465+0000] {processor.py:186} INFO - Started process (PID=782) to work on /home/airflow/.local/lib/python3.12/site-packages/airflow/example_dags/tutorial_taskflow_api_virtualenv.py
[2024-12-06T21:46:37.467+0000] {processor.py:914} INFO - Processing file /home/airflow/.local/lib/python3.12/site-packages/airflow/example_dags/tutorial_taskflow_api_virtualenv.py for tasks to queue
[2024-12-06T21:46:37.470+0000] {logging_mixin.py:190} INFO - [2024-12-06T21:46:37.469+0000] {dagbag.py:588} INFO - Filling up the DagBag from /home/airflow/.local/lib/python3.12/site-packages/airflow/example_dags/tutorial_taskflow_api_virtualenv.py
[2024-12-06T21:46:37.485+0000] {processor.py:925} INFO - DAG(s) 'tutorial_taskflow_api_virtualenv' retrieved from /home/airflow/.local/lib/python3.12/site-packages/airflow/example_dags/tutorial_taskflow_api_virtualenv.py
[2024-12-06T21:46:37.511+0000] {logging_mixin.py:190} INFO - [2024-12-06T21:46:37.510+0000] {dag.py:3239} INFO - Sync 1 DAGs
[2024-12-06T21:46:37.529+0000] {logging_mixin.py:190} INFO - [2024-12-06T21:46:37.529+0000] {dag.py:4180} INFO - Setting next_dagrun for tutorial_taskflow_api_virtualenv to None, run_after=None
[2024-12-06T21:46:37.552+0000] {processor.py:208} INFO - Processing /home/airflow/.local/lib/python3.12/site-packages/airflow/example_dags/tutorial_taskflow_api_virtualenv.py took 0.095 seconds
[2024-12-06T21:47:08.965+0000] {processor.py:186} INFO - Started process (PID=846) to work on /home/airflow/.local/lib/python3.12/site-packages/airflow/example_dags/tutorial_taskflow_api_virtualenv.py
[2024-12-06T21:47:08.967+0000] {processor.py:914} INFO - Processing file /home/airflow/.local/lib/python3.12/site-packages/airflow/example_dags/tutorial_taskflow_api_virtualenv.py for tasks to queue
[2024-12-06T21:47:08.969+0000] {logging_mixin.py:190} INFO - [2024-12-06T21:47:08.969+0000] {dagbag.py:588} INFO - Filling up the DagBag from /home/airflow/.local/lib/python3.12/site-packages/airflow/example_dags/tutorial_taskflow_api_virtualenv.py
[2024-12-06T21:47:08.990+0000] {processor.py:925} INFO - DAG(s) 'tutorial_taskflow_api_virtualenv' retrieved from /home/airflow/.local/lib/python3.12/site-packages/airflow/example_dags/tutorial_taskflow_api_virtualenv.py
[2024-12-06T21:47:09.016+0000] {logging_mixin.py:190} INFO - [2024-12-06T21:47:09.016+0000] {dag.py:3239} INFO - Sync 1 DAGs
[2024-12-06T21:47:09.034+0000] {logging_mixin.py:190} INFO - [2024-12-06T21:47:09.034+0000] {dag.py:4180} INFO - Setting next_dagrun for tutorial_taskflow_api_virtualenv to None, run_after=None
[2024-12-06T21:47:09.057+0000] {processor.py:208} INFO - Processing /home/airflow/.local/lib/python3.12/site-packages/airflow/example_dags/tutorial_taskflow_api_virtualenv.py took 0.100 seconds
[2024-12-06T21:47:41.060+0000] {processor.py:186} INFO - Started process (PID=914) to work on /home/airflow/.local/lib/python3.12/site-packages/airflow/example_dags/tutorial_taskflow_api_virtualenv.py
[2024-12-06T21:47:41.062+0000] {processor.py:914} INFO - Processing file /home/airflow/.local/lib/python3.12/site-packages/airflow/example_dags/tutorial_taskflow_api_virtualenv.py for tasks to queue
[2024-12-06T21:47:41.066+0000] {logging_mixin.py:190} INFO - [2024-12-06T21:47:41.066+0000] {dagbag.py:588} INFO - Filling up the DagBag from /home/airflow/.local/lib/python3.12/site-packages/airflow/example_dags/tutorial_taskflow_api_virtualenv.py
[2024-12-06T21:47:41.086+0000] {processor.py:925} INFO - DAG(s) 'tutorial_taskflow_api_virtualenv' retrieved from /home/airflow/.local/lib/python3.12/site-packages/airflow/example_dags/tutorial_taskflow_api_virtualenv.py
[2024-12-06T21:47:41.113+0000] {logging_mixin.py:190} INFO - [2024-12-06T21:47:41.113+0000] {dag.py:3239} INFO - Sync 1 DAGs
[2024-12-06T21:47:41.134+0000] {logging_mixin.py:190} INFO - [2024-12-06T21:47:41.134+0000] {dag.py:4180} INFO - Setting next_dagrun for tutorial_taskflow_api_virtualenv to None, run_after=None
[2024-12-06T21:47:41.159+0000] {processor.py:208} INFO - Processing /home/airflow/.local/lib/python3.12/site-packages/airflow/example_dags/tutorial_taskflow_api_virtualenv.py took 0.107 seconds
[2024-12-06T21:48:12.695+0000] {processor.py:186} INFO - Started process (PID=977) to work on /home/airflow/.local/lib/python3.12/site-packages/airflow/example_dags/tutorial_taskflow_api_virtualenv.py
[2024-12-06T21:48:12.697+0000] {processor.py:914} INFO - Processing file /home/airflow/.local/lib/python3.12/site-packages/airflow/example_dags/tutorial_taskflow_api_virtualenv.py for tasks to queue
[2024-12-06T21:48:12.701+0000] {logging_mixin.py:190} INFO - [2024-12-06T21:48:12.700+0000] {dagbag.py:588} INFO - Filling up the DagBag from /home/airflow/.local/lib/python3.12/site-packages/airflow/example_dags/tutorial_taskflow_api_virtualenv.py
[2024-12-06T21:48:12.723+0000] {processor.py:925} INFO - DAG(s) 'tutorial_taskflow_api_virtualenv' retrieved from /home/airflow/.local/lib/python3.12/site-packages/airflow/example_dags/tutorial_taskflow_api_virtualenv.py
[2024-12-06T21:48:12.752+0000] {logging_mixin.py:190} INFO - [2024-12-06T21:48:12.752+0000] {dag.py:3239} INFO - Sync 1 DAGs
[2024-12-06T21:48:12.773+0000] {logging_mixin.py:190} INFO - [2024-12-06T21:48:12.772+0000] {dag.py:4180} INFO - Setting next_dagrun for tutorial_taskflow_api_virtualenv to None, run_after=None
[2024-12-06T21:48:12.800+0000] {processor.py:208} INFO - Processing /home/airflow/.local/lib/python3.12/site-packages/airflow/example_dags/tutorial_taskflow_api_virtualenv.py took 0.115 seconds
[2024-12-06T21:48:43.834+0000] {processor.py:186} INFO - Started process (PID=1040) to work on /home/airflow/.local/lib/python3.12/site-packages/airflow/example_dags/tutorial_taskflow_api_virtualenv.py
[2024-12-06T21:48:43.836+0000] {processor.py:914} INFO - Processing file /home/airflow/.local/lib/python3.12/site-packages/airflow/example_dags/tutorial_taskflow_api_virtualenv.py for tasks to queue
[2024-12-06T21:48:43.839+0000] {logging_mixin.py:190} INFO - [2024-12-06T21:48:43.839+0000] {dagbag.py:588} INFO - Filling up the DagBag from /home/airflow/.local/lib/python3.12/site-packages/airflow/example_dags/tutorial_taskflow_api_virtualenv.py
[2024-12-06T21:48:43.857+0000] {processor.py:925} INFO - DAG(s) 'tutorial_taskflow_api_virtualenv' retrieved from /home/airflow/.local/lib/python3.12/site-packages/airflow/example_dags/tutorial_taskflow_api_virtualenv.py
[2024-12-06T21:48:43.885+0000] {logging_mixin.py:190} INFO - [2024-12-06T21:48:43.884+0000] {dag.py:3239} INFO - Sync 1 DAGs
[2024-12-06T21:48:43.905+0000] {logging_mixin.py:190} INFO - [2024-12-06T21:48:43.905+0000] {dag.py:4180} INFO - Setting next_dagrun for tutorial_taskflow_api_virtualenv to None, run_after=None
[2024-12-06T21:48:43.932+0000] {processor.py:208} INFO - Processing /home/airflow/.local/lib/python3.12/site-packages/airflow/example_dags/tutorial_taskflow_api_virtualenv.py took 0.107 seconds
[2024-12-06T21:49:15.692+0000] {processor.py:186} INFO - Started process (PID=1103) to work on /home/airflow/.local/lib/python3.12/site-packages/airflow/example_dags/tutorial_taskflow_api_virtualenv.py
[2024-12-06T21:49:15.694+0000] {processor.py:914} INFO - Processing file /home/airflow/.local/lib/python3.12/site-packages/airflow/example_dags/tutorial_taskflow_api_virtualenv.py for tasks to queue
[2024-12-06T21:49:15.697+0000] {logging_mixin.py:190} INFO - [2024-12-06T21:49:15.697+0000] {dagbag.py:588} INFO - Filling up the DagBag from /home/airflow/.local/lib/python3.12/site-packages/airflow/example_dags/tutorial_taskflow_api_virtualenv.py
[2024-12-06T21:49:15.714+0000] {processor.py:925} INFO - DAG(s) 'tutorial_taskflow_api_virtualenv' retrieved from /home/airflow/.local/lib/python3.12/site-packages/airflow/example_dags/tutorial_taskflow_api_virtualenv.py
[2024-12-06T21:49:15.744+0000] {logging_mixin.py:190} INFO - [2024-12-06T21:49:15.744+0000] {dag.py:3239} INFO - Sync 1 DAGs
[2024-12-06T21:49:15.766+0000] {logging_mixin.py:190} INFO - [2024-12-06T21:49:15.766+0000] {dag.py:4180} INFO - Setting next_dagrun for tutorial_taskflow_api_virtualenv to None, run_after=None
[2024-12-06T21:49:15.793+0000] {processor.py:208} INFO - Processing /home/airflow/.local/lib/python3.12/site-packages/airflow/example_dags/tutorial_taskflow_api_virtualenv.py took 0.111 seconds
[2024-12-06T21:49:46.292+0000] {processor.py:186} INFO - Started process (PID=1172) to work on /home/airflow/.local/lib/python3.12/site-packages/airflow/example_dags/tutorial_taskflow_api_virtualenv.py
[2024-12-06T21:49:46.295+0000] {processor.py:914} INFO - Processing file /home/airflow/.local/lib/python3.12/site-packages/airflow/example_dags/tutorial_taskflow_api_virtualenv.py for tasks to queue
[2024-12-06T21:49:46.299+0000] {logging_mixin.py:190} INFO - [2024-12-06T21:49:46.298+0000] {dagbag.py:588} INFO - Filling up the DagBag from /home/airflow/.local/lib/python3.12/site-packages/airflow/example_dags/tutorial_taskflow_api_virtualenv.py
[2024-12-06T21:49:46.319+0000] {processor.py:925} INFO - DAG(s) 'tutorial_taskflow_api_virtualenv' retrieved from /home/airflow/.local/lib/python3.12/site-packages/airflow/example_dags/tutorial_taskflow_api_virtualenv.py
[2024-12-06T21:49:46.352+0000] {logging_mixin.py:190} INFO - [2024-12-06T21:49:46.352+0000] {dag.py:3239} INFO - Sync 1 DAGs
[2024-12-06T21:49:46.376+0000] {logging_mixin.py:190} INFO - [2024-12-06T21:49:46.375+0000] {dag.py:4180} INFO - Setting next_dagrun for tutorial_taskflow_api_virtualenv to None, run_after=None
[2024-12-06T21:49:46.407+0000] {processor.py:208} INFO - Processing /home/airflow/.local/lib/python3.12/site-packages/airflow/example_dags/tutorial_taskflow_api_virtualenv.py took 0.125 seconds
[2024-12-06T21:50:16.640+0000] {processor.py:186} INFO - Started process (PID=1234) to work on /home/airflow/.local/lib/python3.12/site-packages/airflow/example_dags/tutorial_taskflow_api_virtualenv.py
[2024-12-06T21:50:16.641+0000] {processor.py:914} INFO - Processing file /home/airflow/.local/lib/python3.12/site-packages/airflow/example_dags/tutorial_taskflow_api_virtualenv.py for tasks to queue
[2024-12-06T21:50:16.647+0000] {logging_mixin.py:190} INFO - [2024-12-06T21:50:16.646+0000] {dagbag.py:588} INFO - Filling up the DagBag from /home/airflow/.local/lib/python3.12/site-packages/airflow/example_dags/tutorial_taskflow_api_virtualenv.py
[2024-12-06T21:50:16.673+0000] {processor.py:925} INFO - DAG(s) 'tutorial_taskflow_api_virtualenv' retrieved from /home/airflow/.local/lib/python3.12/site-packages/airflow/example_dags/tutorial_taskflow_api_virtualenv.py
[2024-12-06T21:50:16.702+0000] {logging_mixin.py:190} INFO - [2024-12-06T21:50:16.702+0000] {dag.py:3239} INFO - Sync 1 DAGs
[2024-12-06T21:50:16.723+0000] {logging_mixin.py:190} INFO - [2024-12-06T21:50:16.723+0000] {dag.py:4180} INFO - Setting next_dagrun for tutorial_taskflow_api_virtualenv to None, run_after=None
[2024-12-06T21:50:16.752+0000] {processor.py:208} INFO - Processing /home/airflow/.local/lib/python3.12/site-packages/airflow/example_dags/tutorial_taskflow_api_virtualenv.py took 0.122 seconds
[2024-12-06T21:50:47.383+0000] {processor.py:186} INFO - Started process (PID=1296) to work on /home/airflow/.local/lib/python3.12/site-packages/airflow/example_dags/tutorial_taskflow_api_virtualenv.py
[2024-12-06T21:50:47.387+0000] {processor.py:914} INFO - Processing file /home/airflow/.local/lib/python3.12/site-packages/airflow/example_dags/tutorial_taskflow_api_virtualenv.py for tasks to queue
[2024-12-06T21:50:47.395+0000] {logging_mixin.py:190} INFO - [2024-12-06T21:50:47.394+0000] {dagbag.py:588} INFO - Filling up the DagBag from /home/airflow/.local/lib/python3.12/site-packages/airflow/example_dags/tutorial_taskflow_api_virtualenv.py
[2024-12-06T21:50:47.437+0000] {processor.py:925} INFO - DAG(s) 'tutorial_taskflow_api_virtualenv' retrieved from /home/airflow/.local/lib/python3.12/site-packages/airflow/example_dags/tutorial_taskflow_api_virtualenv.py
[2024-12-06T21:50:47.503+0000] {logging_mixin.py:190} INFO - [2024-12-06T21:50:47.502+0000] {dag.py:3239} INFO - Sync 1 DAGs
[2024-12-06T21:50:47.555+0000] {logging_mixin.py:190} INFO - [2024-12-06T21:50:47.554+0000] {dag.py:4180} INFO - Setting next_dagrun for tutorial_taskflow_api_virtualenv to None, run_after=None
[2024-12-06T21:50:47.633+0000] {processor.py:208} INFO - Processing /home/airflow/.local/lib/python3.12/site-packages/airflow/example_dags/tutorial_taskflow_api_virtualenv.py took 0.270 seconds
[2024-12-06T21:51:17.861+0000] {processor.py:186} INFO - Started process (PID=1359) to work on /home/airflow/.local/lib/python3.12/site-packages/airflow/example_dags/tutorial_taskflow_api_virtualenv.py
[2024-12-06T21:51:17.864+0000] {processor.py:914} INFO - Processing file /home/airflow/.local/lib/python3.12/site-packages/airflow/example_dags/tutorial_taskflow_api_virtualenv.py for tasks to queue
[2024-12-06T21:51:17.871+0000] {logging_mixin.py:190} INFO - [2024-12-06T21:51:17.870+0000] {dagbag.py:588} INFO - Filling up the DagBag from /home/airflow/.local/lib/python3.12/site-packages/airflow/example_dags/tutorial_taskflow_api_virtualenv.py
[2024-12-06T21:51:17.912+0000] {processor.py:925} INFO - DAG(s) 'tutorial_taskflow_api_virtualenv' retrieved from /home/airflow/.local/lib/python3.12/site-packages/airflow/example_dags/tutorial_taskflow_api_virtualenv.py
[2024-12-06T21:51:17.995+0000] {logging_mixin.py:190} INFO - [2024-12-06T21:51:17.995+0000] {dag.py:3239} INFO - Sync 1 DAGs
[2024-12-06T21:51:18.032+0000] {logging_mixin.py:190} INFO - [2024-12-06T21:51:18.032+0000] {dag.py:4180} INFO - Setting next_dagrun for tutorial_taskflow_api_virtualenv to None, run_after=None
[2024-12-06T21:51:18.062+0000] {processor.py:208} INFO - Processing /home/airflow/.local/lib/python3.12/site-packages/airflow/example_dags/tutorial_taskflow_api_virtualenv.py took 0.221 seconds
[2024-12-06T21:51:48.612+0000] {processor.py:186} INFO - Started process (PID=1422) to work on /home/airflow/.local/lib/python3.12/site-packages/airflow/example_dags/tutorial_taskflow_api_virtualenv.py
[2024-12-06T21:51:48.616+0000] {processor.py:914} INFO - Processing file /home/airflow/.local/lib/python3.12/site-packages/airflow/example_dags/tutorial_taskflow_api_virtualenv.py for tasks to queue
[2024-12-06T21:51:48.626+0000] {logging_mixin.py:190} INFO - [2024-12-06T21:51:48.624+0000] {dagbag.py:588} INFO - Filling up the DagBag from /home/airflow/.local/lib/python3.12/site-packages/airflow/example_dags/tutorial_taskflow_api_virtualenv.py
[2024-12-06T21:51:48.686+0000] {processor.py:925} INFO - DAG(s) 'tutorial_taskflow_api_virtualenv' retrieved from /home/airflow/.local/lib/python3.12/site-packages/airflow/example_dags/tutorial_taskflow_api_virtualenv.py
[2024-12-06T21:51:48.767+0000] {logging_mixin.py:190} INFO - [2024-12-06T21:51:48.767+0000] {dag.py:3239} INFO - Sync 1 DAGs
[2024-12-06T21:51:48.826+0000] {logging_mixin.py:190} INFO - [2024-12-06T21:51:48.825+0000] {dag.py:4180} INFO - Setting next_dagrun for tutorial_taskflow_api_virtualenv to None, run_after=None
[2024-12-06T21:51:48.864+0000] {processor.py:208} INFO - Processing /home/airflow/.local/lib/python3.12/site-packages/airflow/example_dags/tutorial_taskflow_api_virtualenv.py took 0.277 seconds
[2024-12-06T21:52:19.799+0000] {processor.py:186} INFO - Started process (PID=1485) to work on /home/airflow/.local/lib/python3.12/site-packages/airflow/example_dags/tutorial_taskflow_api_virtualenv.py
[2024-12-06T21:52:19.801+0000] {processor.py:914} INFO - Processing file /home/airflow/.local/lib/python3.12/site-packages/airflow/example_dags/tutorial_taskflow_api_virtualenv.py for tasks to queue
[2024-12-06T21:52:19.806+0000] {logging_mixin.py:190} INFO - [2024-12-06T21:52:19.806+0000] {dagbag.py:588} INFO - Filling up the DagBag from /home/airflow/.local/lib/python3.12/site-packages/airflow/example_dags/tutorial_taskflow_api_virtualenv.py
[2024-12-06T21:52:19.835+0000] {processor.py:925} INFO - DAG(s) 'tutorial_taskflow_api_virtualenv' retrieved from /home/airflow/.local/lib/python3.12/site-packages/airflow/example_dags/tutorial_taskflow_api_virtualenv.py
[2024-12-06T21:52:19.878+0000] {logging_mixin.py:190} INFO - [2024-12-06T21:52:19.877+0000] {dag.py:3239} INFO - Sync 1 DAGs
[2024-12-06T21:52:19.907+0000] {logging_mixin.py:190} INFO - [2024-12-06T21:52:19.906+0000] {dag.py:4180} INFO - Setting next_dagrun for tutorial_taskflow_api_virtualenv to None, run_after=None
[2024-12-06T21:52:19.945+0000] {processor.py:208} INFO - Processing /home/airflow/.local/lib/python3.12/site-packages/airflow/example_dags/tutorial_taskflow_api_virtualenv.py took 0.176 seconds
[2024-12-06T21:52:51.015+0000] {processor.py:186} INFO - Started process (PID=1548) to work on /home/airflow/.local/lib/python3.12/site-packages/airflow/example_dags/tutorial_taskflow_api_virtualenv.py
[2024-12-06T21:52:51.017+0000] {processor.py:914} INFO - Processing file /home/airflow/.local/lib/python3.12/site-packages/airflow/example_dags/tutorial_taskflow_api_virtualenv.py for tasks to queue
[2024-12-06T21:52:51.023+0000] {logging_mixin.py:190} INFO - [2024-12-06T21:52:51.022+0000] {dagbag.py:588} INFO - Filling up the DagBag from /home/airflow/.local/lib/python3.12/site-packages/airflow/example_dags/tutorial_taskflow_api_virtualenv.py
[2024-12-06T21:52:51.042+0000] {processor.py:925} INFO - DAG(s) 'tutorial_taskflow_api_virtualenv' retrieved from /home/airflow/.local/lib/python3.12/site-packages/airflow/example_dags/tutorial_taskflow_api_virtualenv.py
[2024-12-06T21:52:51.073+0000] {logging_mixin.py:190} INFO - [2024-12-06T21:52:51.073+0000] {dag.py:3239} INFO - Sync 1 DAGs
[2024-12-06T21:52:51.098+0000] {logging_mixin.py:190} INFO - [2024-12-06T21:52:51.098+0000] {dag.py:4180} INFO - Setting next_dagrun for tutorial_taskflow_api_virtualenv to None, run_after=None
[2024-12-06T21:52:51.128+0000] {processor.py:208} INFO - Processing /home/airflow/.local/lib/python3.12/site-packages/airflow/example_dags/tutorial_taskflow_api_virtualenv.py took 0.142 seconds
[2024-12-06T21:53:21.869+0000] {processor.py:186} INFO - Started process (PID=1611) to work on /home/airflow/.local/lib/python3.12/site-packages/airflow/example_dags/tutorial_taskflow_api_virtualenv.py
[2024-12-06T21:53:21.873+0000] {processor.py:914} INFO - Processing file /home/airflow/.local/lib/python3.12/site-packages/airflow/example_dags/tutorial_taskflow_api_virtualenv.py for tasks to queue
[2024-12-06T21:53:21.883+0000] {logging_mixin.py:190} INFO - [2024-12-06T21:53:21.882+0000] {dagbag.py:588} INFO - Filling up the DagBag from /home/airflow/.local/lib/python3.12/site-packages/airflow/example_dags/tutorial_taskflow_api_virtualenv.py
[2024-12-06T21:53:21.935+0000] {processor.py:925} INFO - DAG(s) 'tutorial_taskflow_api_virtualenv' retrieved from /home/airflow/.local/lib/python3.12/site-packages/airflow/example_dags/tutorial_taskflow_api_virtualenv.py
[2024-12-06T21:53:21.987+0000] {logging_mixin.py:190} INFO - [2024-12-06T21:53:21.986+0000] {dag.py:3239} INFO - Sync 1 DAGs
[2024-12-06T21:53:22.025+0000] {logging_mixin.py:190} INFO - [2024-12-06T21:53:22.025+0000] {dag.py:4180} INFO - Setting next_dagrun for tutorial_taskflow_api_virtualenv to None, run_after=None
[2024-12-06T21:53:22.075+0000] {processor.py:208} INFO - Processing /home/airflow/.local/lib/python3.12/site-packages/airflow/example_dags/tutorial_taskflow_api_virtualenv.py took 0.232 seconds
[2024-12-06T21:53:52.221+0000] {processor.py:186} INFO - Started process (PID=1673) to work on /home/airflow/.local/lib/python3.12/site-packages/airflow/example_dags/tutorial_taskflow_api_virtualenv.py
[2024-12-06T21:53:52.224+0000] {processor.py:914} INFO - Processing file /home/airflow/.local/lib/python3.12/site-packages/airflow/example_dags/tutorial_taskflow_api_virtualenv.py for tasks to queue
[2024-12-06T21:53:52.232+0000] {logging_mixin.py:190} INFO - [2024-12-06T21:53:52.231+0000] {dagbag.py:588} INFO - Filling up the DagBag from /home/airflow/.local/lib/python3.12/site-packages/airflow/example_dags/tutorial_taskflow_api_virtualenv.py
[2024-12-06T21:53:52.255+0000] {processor.py:925} INFO - DAG(s) 'tutorial_taskflow_api_virtualenv' retrieved from /home/airflow/.local/lib/python3.12/site-packages/airflow/example_dags/tutorial_taskflow_api_virtualenv.py
[2024-12-06T21:53:52.285+0000] {logging_mixin.py:190} INFO - [2024-12-06T21:53:52.284+0000] {dag.py:3239} INFO - Sync 1 DAGs
[2024-12-06T21:53:52.307+0000] {logging_mixin.py:190} INFO - [2024-12-06T21:53:52.307+0000] {dag.py:4180} INFO - Setting next_dagrun for tutorial_taskflow_api_virtualenv to None, run_after=None
[2024-12-06T21:53:52.335+0000] {processor.py:208} INFO - Processing /home/airflow/.local/lib/python3.12/site-packages/airflow/example_dags/tutorial_taskflow_api_virtualenv.py took 0.135 seconds
[2024-12-06T21:54:22.464+0000] {processor.py:186} INFO - Started process (PID=1736) to work on /home/airflow/.local/lib/python3.12/site-packages/airflow/example_dags/tutorial_taskflow_api_virtualenv.py
[2024-12-06T21:54:22.466+0000] {processor.py:914} INFO - Processing file /home/airflow/.local/lib/python3.12/site-packages/airflow/example_dags/tutorial_taskflow_api_virtualenv.py for tasks to queue
[2024-12-06T21:54:22.471+0000] {logging_mixin.py:190} INFO - [2024-12-06T21:54:22.470+0000] {dagbag.py:588} INFO - Filling up the DagBag from /home/airflow/.local/lib/python3.12/site-packages/airflow/example_dags/tutorial_taskflow_api_virtualenv.py
[2024-12-06T21:54:22.494+0000] {processor.py:925} INFO - DAG(s) 'tutorial_taskflow_api_virtualenv' retrieved from /home/airflow/.local/lib/python3.12/site-packages/airflow/example_dags/tutorial_taskflow_api_virtualenv.py
[2024-12-06T21:54:22.527+0000] {logging_mixin.py:190} INFO - [2024-12-06T21:54:22.527+0000] {dag.py:3239} INFO - Sync 1 DAGs
[2024-12-06T21:54:22.553+0000] {logging_mixin.py:190} INFO - [2024-12-06T21:54:22.553+0000] {dag.py:4180} INFO - Setting next_dagrun for tutorial_taskflow_api_virtualenv to None, run_after=None
[2024-12-06T21:54:22.588+0000] {processor.py:208} INFO - Processing /home/airflow/.local/lib/python3.12/site-packages/airflow/example_dags/tutorial_taskflow_api_virtualenv.py took 0.133 seconds
[2024-12-06T21:54:53.566+0000] {processor.py:186} INFO - Started process (PID=1800) to work on /home/airflow/.local/lib/python3.12/site-packages/airflow/example_dags/tutorial_taskflow_api_virtualenv.py
[2024-12-06T21:54:53.567+0000] {processor.py:914} INFO - Processing file /home/airflow/.local/lib/python3.12/site-packages/airflow/example_dags/tutorial_taskflow_api_virtualenv.py for tasks to queue
[2024-12-06T21:54:53.572+0000] {logging_mixin.py:190} INFO - [2024-12-06T21:54:53.571+0000] {dagbag.py:588} INFO - Filling up the DagBag from /home/airflow/.local/lib/python3.12/site-packages/airflow/example_dags/tutorial_taskflow_api_virtualenv.py
[2024-12-06T21:54:53.590+0000] {processor.py:925} INFO - DAG(s) 'tutorial_taskflow_api_virtualenv' retrieved from /home/airflow/.local/lib/python3.12/site-packages/airflow/example_dags/tutorial_taskflow_api_virtualenv.py
[2024-12-06T21:54:53.620+0000] {logging_mixin.py:190} INFO - [2024-12-06T21:54:53.619+0000] {dag.py:3239} INFO - Sync 1 DAGs
[2024-12-06T21:54:53.643+0000] {logging_mixin.py:190} INFO - [2024-12-06T21:54:53.643+0000] {dag.py:4180} INFO - Setting next_dagrun for tutorial_taskflow_api_virtualenv to None, run_after=None
[2024-12-06T21:54:53.673+0000] {processor.py:208} INFO - Processing /home/airflow/.local/lib/python3.12/site-packages/airflow/example_dags/tutorial_taskflow_api_virtualenv.py took 0.114 seconds
[2024-12-06T21:55:24.646+0000] {processor.py:186} INFO - Started process (PID=1863) to work on /home/airflow/.local/lib/python3.12/site-packages/airflow/example_dags/tutorial_taskflow_api_virtualenv.py
[2024-12-06T21:55:24.647+0000] {processor.py:914} INFO - Processing file /home/airflow/.local/lib/python3.12/site-packages/airflow/example_dags/tutorial_taskflow_api_virtualenv.py for tasks to queue
[2024-12-06T21:55:24.651+0000] {logging_mixin.py:190} INFO - [2024-12-06T21:55:24.651+0000] {dagbag.py:588} INFO - Filling up the DagBag from /home/airflow/.local/lib/python3.12/site-packages/airflow/example_dags/tutorial_taskflow_api_virtualenv.py
[2024-12-06T21:55:24.670+0000] {processor.py:925} INFO - DAG(s) 'tutorial_taskflow_api_virtualenv' retrieved from /home/airflow/.local/lib/python3.12/site-packages/airflow/example_dags/tutorial_taskflow_api_virtualenv.py
[2024-12-06T21:55:24.729+0000] {logging_mixin.py:190} INFO - [2024-12-06T21:55:24.728+0000] {dag.py:3239} INFO - Sync 1 DAGs
[2024-12-06T21:55:24.785+0000] {logging_mixin.py:190} INFO - [2024-12-06T21:55:24.784+0000] {dag.py:4180} INFO - Setting next_dagrun for tutorial_taskflow_api_virtualenv to None, run_after=None
[2024-12-06T21:55:24.859+0000] {processor.py:208} INFO - Processing /home/airflow/.local/lib/python3.12/site-packages/airflow/example_dags/tutorial_taskflow_api_virtualenv.py took 0.223 seconds
[2024-12-06T21:55:55.274+0000] {processor.py:186} INFO - Started process (PID=1926) to work on /home/airflow/.local/lib/python3.12/site-packages/airflow/example_dags/tutorial_taskflow_api_virtualenv.py
[2024-12-06T21:55:55.280+0000] {processor.py:914} INFO - Processing file /home/airflow/.local/lib/python3.12/site-packages/airflow/example_dags/tutorial_taskflow_api_virtualenv.py for tasks to queue
[2024-12-06T21:55:55.289+0000] {logging_mixin.py:190} INFO - [2024-12-06T21:55:55.288+0000] {dagbag.py:588} INFO - Filling up the DagBag from /home/airflow/.local/lib/python3.12/site-packages/airflow/example_dags/tutorial_taskflow_api_virtualenv.py
[2024-12-06T21:55:55.347+0000] {processor.py:925} INFO - DAG(s) 'tutorial_taskflow_api_virtualenv' retrieved from /home/airflow/.local/lib/python3.12/site-packages/airflow/example_dags/tutorial_taskflow_api_virtualenv.py
[2024-12-06T21:55:55.430+0000] {logging_mixin.py:190} INFO - [2024-12-06T21:55:55.429+0000] {dag.py:3239} INFO - Sync 1 DAGs
[2024-12-06T21:55:55.496+0000] {logging_mixin.py:190} INFO - [2024-12-06T21:55:55.495+0000] {dag.py:4180} INFO - Setting next_dagrun for tutorial_taskflow_api_virtualenv to None, run_after=None
[2024-12-06T21:55:55.568+0000] {processor.py:208} INFO - Processing /home/airflow/.local/lib/python3.12/site-packages/airflow/example_dags/tutorial_taskflow_api_virtualenv.py took 0.319 seconds
[2024-12-06T21:56:26.006+0000] {processor.py:186} INFO - Started process (PID=1989) to work on /home/airflow/.local/lib/python3.12/site-packages/airflow/example_dags/tutorial_taskflow_api_virtualenv.py
[2024-12-06T21:56:26.007+0000] {processor.py:914} INFO - Processing file /home/airflow/.local/lib/python3.12/site-packages/airflow/example_dags/tutorial_taskflow_api_virtualenv.py for tasks to queue
[2024-12-06T21:56:26.011+0000] {logging_mixin.py:190} INFO - [2024-12-06T21:56:26.011+0000] {dagbag.py:588} INFO - Filling up the DagBag from /home/airflow/.local/lib/python3.12/site-packages/airflow/example_dags/tutorial_taskflow_api_virtualenv.py
[2024-12-06T21:56:26.032+0000] {processor.py:925} INFO - DAG(s) 'tutorial_taskflow_api_virtualenv' retrieved from /home/airflow/.local/lib/python3.12/site-packages/airflow/example_dags/tutorial_taskflow_api_virtualenv.py
[2024-12-06T21:56:26.067+0000] {logging_mixin.py:190} INFO - [2024-12-06T21:56:26.066+0000] {dag.py:3239} INFO - Sync 1 DAGs
[2024-12-06T21:56:26.090+0000] {logging_mixin.py:190} INFO - [2024-12-06T21:56:26.090+0000] {dag.py:4180} INFO - Setting next_dagrun for tutorial_taskflow_api_virtualenv to None, run_after=None
[2024-12-06T21:56:26.122+0000] {processor.py:208} INFO - Processing /home/airflow/.local/lib/python3.12/site-packages/airflow/example_dags/tutorial_taskflow_api_virtualenv.py took 0.125 seconds
[2024-12-06T21:56:56.211+0000] {processor.py:186} INFO - Started process (PID=2051) to work on /home/airflow/.local/lib/python3.12/site-packages/airflow/example_dags/tutorial_taskflow_api_virtualenv.py
[2024-12-06T21:56:56.212+0000] {processor.py:914} INFO - Processing file /home/airflow/.local/lib/python3.12/site-packages/airflow/example_dags/tutorial_taskflow_api_virtualenv.py for tasks to queue
[2024-12-06T21:56:56.218+0000] {logging_mixin.py:190} INFO - [2024-12-06T21:56:56.217+0000] {dagbag.py:588} INFO - Filling up the DagBag from /home/airflow/.local/lib/python3.12/site-packages/airflow/example_dags/tutorial_taskflow_api_virtualenv.py
[2024-12-06T21:56:56.235+0000] {processor.py:925} INFO - DAG(s) 'tutorial_taskflow_api_virtualenv' retrieved from /home/airflow/.local/lib/python3.12/site-packages/airflow/example_dags/tutorial_taskflow_api_virtualenv.py
[2024-12-06T21:56:56.261+0000] {logging_mixin.py:190} INFO - [2024-12-06T21:56:56.261+0000] {dag.py:3239} INFO - Sync 1 DAGs
[2024-12-06T21:56:56.283+0000] {logging_mixin.py:190} INFO - [2024-12-06T21:56:56.283+0000] {dag.py:4180} INFO - Setting next_dagrun for tutorial_taskflow_api_virtualenv to None, run_after=None
[2024-12-06T21:56:56.310+0000] {processor.py:208} INFO - Processing /home/airflow/.local/lib/python3.12/site-packages/airflow/example_dags/tutorial_taskflow_api_virtualenv.py took 0.106 seconds
[2024-12-06T21:57:26.400+0000] {processor.py:186} INFO - Started process (PID=2114) to work on /home/airflow/.local/lib/python3.12/site-packages/airflow/example_dags/tutorial_taskflow_api_virtualenv.py
[2024-12-06T21:57:26.402+0000] {processor.py:914} INFO - Processing file /home/airflow/.local/lib/python3.12/site-packages/airflow/example_dags/tutorial_taskflow_api_virtualenv.py for tasks to queue
[2024-12-06T21:57:26.406+0000] {logging_mixin.py:190} INFO - [2024-12-06T21:57:26.406+0000] {dagbag.py:588} INFO - Filling up the DagBag from /home/airflow/.local/lib/python3.12/site-packages/airflow/example_dags/tutorial_taskflow_api_virtualenv.py
[2024-12-06T21:57:26.424+0000] {processor.py:925} INFO - DAG(s) 'tutorial_taskflow_api_virtualenv' retrieved from /home/airflow/.local/lib/python3.12/site-packages/airflow/example_dags/tutorial_taskflow_api_virtualenv.py
[2024-12-06T21:57:26.452+0000] {logging_mixin.py:190} INFO - [2024-12-06T21:57:26.451+0000] {dag.py:3239} INFO - Sync 1 DAGs
[2024-12-06T21:57:26.472+0000] {logging_mixin.py:190} INFO - [2024-12-06T21:57:26.472+0000] {dag.py:4180} INFO - Setting next_dagrun for tutorial_taskflow_api_virtualenv to None, run_after=None
[2024-12-06T21:57:26.497+0000] {processor.py:208} INFO - Processing /home/airflow/.local/lib/python3.12/site-packages/airflow/example_dags/tutorial_taskflow_api_virtualenv.py took 0.105 seconds
[2024-12-06T21:57:56.706+0000] {processor.py:186} INFO - Started process (PID=2177) to work on /home/airflow/.local/lib/python3.12/site-packages/airflow/example_dags/tutorial_taskflow_api_virtualenv.py
[2024-12-06T21:57:56.707+0000] {processor.py:914} INFO - Processing file /home/airflow/.local/lib/python3.12/site-packages/airflow/example_dags/tutorial_taskflow_api_virtualenv.py for tasks to queue
[2024-12-06T21:57:56.711+0000] {logging_mixin.py:190} INFO - [2024-12-06T21:57:56.710+0000] {dagbag.py:588} INFO - Filling up the DagBag from /home/airflow/.local/lib/python3.12/site-packages/airflow/example_dags/tutorial_taskflow_api_virtualenv.py
[2024-12-06T21:57:56.728+0000] {processor.py:925} INFO - DAG(s) 'tutorial_taskflow_api_virtualenv' retrieved from /home/airflow/.local/lib/python3.12/site-packages/airflow/example_dags/tutorial_taskflow_api_virtualenv.py
[2024-12-06T21:57:56.757+0000] {logging_mixin.py:190} INFO - [2024-12-06T21:57:56.756+0000] {dag.py:3239} INFO - Sync 1 DAGs
[2024-12-06T21:57:56.778+0000] {logging_mixin.py:190} INFO - [2024-12-06T21:57:56.778+0000] {dag.py:4180} INFO - Setting next_dagrun for tutorial_taskflow_api_virtualenv to None, run_after=None
[2024-12-06T21:57:56.804+0000] {processor.py:208} INFO - Processing /home/airflow/.local/lib/python3.12/site-packages/airflow/example_dags/tutorial_taskflow_api_virtualenv.py took 0.108 seconds
[2024-12-06T21:58:27.128+0000] {processor.py:186} INFO - Started process (PID=2241) to work on /home/airflow/.local/lib/python3.12/site-packages/airflow/example_dags/tutorial_taskflow_api_virtualenv.py
[2024-12-06T21:58:27.131+0000] {processor.py:914} INFO - Processing file /home/airflow/.local/lib/python3.12/site-packages/airflow/example_dags/tutorial_taskflow_api_virtualenv.py for tasks to queue
[2024-12-06T21:58:27.136+0000] {logging_mixin.py:190} INFO - [2024-12-06T21:58:27.136+0000] {dagbag.py:588} INFO - Filling up the DagBag from /home/airflow/.local/lib/python3.12/site-packages/airflow/example_dags/tutorial_taskflow_api_virtualenv.py
[2024-12-06T21:58:27.173+0000] {processor.py:925} INFO - DAG(s) 'tutorial_taskflow_api_virtualenv' retrieved from /home/airflow/.local/lib/python3.12/site-packages/airflow/example_dags/tutorial_taskflow_api_virtualenv.py
[2024-12-06T21:58:27.218+0000] {logging_mixin.py:190} INFO - [2024-12-06T21:58:27.217+0000] {dag.py:3239} INFO - Sync 1 DAGs
[2024-12-06T21:58:27.253+0000] {logging_mixin.py:190} INFO - [2024-12-06T21:58:27.253+0000] {dag.py:4180} INFO - Setting next_dagrun for tutorial_taskflow_api_virtualenv to None, run_after=None
[2024-12-06T21:58:27.294+0000] {processor.py:208} INFO - Processing /home/airflow/.local/lib/python3.12/site-packages/airflow/example_dags/tutorial_taskflow_api_virtualenv.py took 0.181 seconds
[2024-12-06T21:58:57.987+0000] {processor.py:186} INFO - Started process (PID=2304) to work on /home/airflow/.local/lib/python3.12/site-packages/airflow/example_dags/tutorial_taskflow_api_virtualenv.py
[2024-12-06T21:58:57.988+0000] {processor.py:914} INFO - Processing file /home/airflow/.local/lib/python3.12/site-packages/airflow/example_dags/tutorial_taskflow_api_virtualenv.py for tasks to queue
[2024-12-06T21:58:57.991+0000] {logging_mixin.py:190} INFO - [2024-12-06T21:58:57.991+0000] {dagbag.py:588} INFO - Filling up the DagBag from /home/airflow/.local/lib/python3.12/site-packages/airflow/example_dags/tutorial_taskflow_api_virtualenv.py
[2024-12-06T21:58:58.013+0000] {processor.py:925} INFO - DAG(s) 'tutorial_taskflow_api_virtualenv' retrieved from /home/airflow/.local/lib/python3.12/site-packages/airflow/example_dags/tutorial_taskflow_api_virtualenv.py
[2024-12-06T21:58:58.054+0000] {logging_mixin.py:190} INFO - [2024-12-06T21:58:58.054+0000] {dag.py:3239} INFO - Sync 1 DAGs
[2024-12-06T21:58:58.081+0000] {logging_mixin.py:190} INFO - [2024-12-06T21:58:58.081+0000] {dag.py:4180} INFO - Setting next_dagrun for tutorial_taskflow_api_virtualenv to None, run_after=None
[2024-12-06T21:58:58.113+0000] {processor.py:208} INFO - Processing /home/airflow/.local/lib/python3.12/site-packages/airflow/example_dags/tutorial_taskflow_api_virtualenv.py took 0.135 seconds
[2024-12-06T21:59:28.931+0000] {processor.py:186} INFO - Started process (PID=2367) to work on /home/airflow/.local/lib/python3.12/site-packages/airflow/example_dags/tutorial_taskflow_api_virtualenv.py
[2024-12-06T21:59:28.935+0000] {processor.py:914} INFO - Processing file /home/airflow/.local/lib/python3.12/site-packages/airflow/example_dags/tutorial_taskflow_api_virtualenv.py for tasks to queue
[2024-12-06T21:59:28.943+0000] {logging_mixin.py:190} INFO - [2024-12-06T21:59:28.942+0000] {dagbag.py:588} INFO - Filling up the DagBag from /home/airflow/.local/lib/python3.12/site-packages/airflow/example_dags/tutorial_taskflow_api_virtualenv.py
[2024-12-06T21:59:28.987+0000] {processor.py:925} INFO - DAG(s) 'tutorial_taskflow_api_virtualenv' retrieved from /home/airflow/.local/lib/python3.12/site-packages/airflow/example_dags/tutorial_taskflow_api_virtualenv.py
[2024-12-06T21:59:29.058+0000] {logging_mixin.py:190} INFO - [2024-12-06T21:59:29.057+0000] {dag.py:3239} INFO - Sync 1 DAGs
[2024-12-06T21:59:29.113+0000] {logging_mixin.py:190} INFO - [2024-12-06T21:59:29.112+0000] {dag.py:4180} INFO - Setting next_dagrun for tutorial_taskflow_api_virtualenv to None, run_after=None
[2024-12-06T21:59:29.180+0000] {processor.py:208} INFO - Processing /home/airflow/.local/lib/python3.12/site-packages/airflow/example_dags/tutorial_taskflow_api_virtualenv.py took 0.272 seconds
[2024-12-06T21:59:59.426+0000] {processor.py:186} INFO - Started process (PID=2429) to work on /home/airflow/.local/lib/python3.12/site-packages/airflow/example_dags/tutorial_taskflow_api_virtualenv.py
[2024-12-06T21:59:59.431+0000] {processor.py:914} INFO - Processing file /home/airflow/.local/lib/python3.12/site-packages/airflow/example_dags/tutorial_taskflow_api_virtualenv.py for tasks to queue
[2024-12-06T21:59:59.445+0000] {logging_mixin.py:190} INFO - [2024-12-06T21:59:59.443+0000] {dagbag.py:588} INFO - Filling up the DagBag from /home/airflow/.local/lib/python3.12/site-packages/airflow/example_dags/tutorial_taskflow_api_virtualenv.py
[2024-12-06T21:59:59.513+0000] {processor.py:925} INFO - DAG(s) 'tutorial_taskflow_api_virtualenv' retrieved from /home/airflow/.local/lib/python3.12/site-packages/airflow/example_dags/tutorial_taskflow_api_virtualenv.py
[2024-12-06T21:59:59.611+0000] {logging_mixin.py:190} INFO - [2024-12-06T21:59:59.610+0000] {dag.py:3239} INFO - Sync 1 DAGs
[2024-12-06T21:59:59.690+0000] {logging_mixin.py:190} INFO - [2024-12-06T21:59:59.685+0000] {dag.py:4180} INFO - Setting next_dagrun for tutorial_taskflow_api_virtualenv to None, run_after=None
[2024-12-06T21:59:59.791+0000] {processor.py:208} INFO - Processing /home/airflow/.local/lib/python3.12/site-packages/airflow/example_dags/tutorial_taskflow_api_virtualenv.py took 0.398 seconds
[2024-12-06T22:00:30.692+0000] {processor.py:186} INFO - Started process (PID=2493) to work on /home/airflow/.local/lib/python3.12/site-packages/airflow/example_dags/tutorial_taskflow_api_virtualenv.py
[2024-12-06T22:00:30.694+0000] {processor.py:914} INFO - Processing file /home/airflow/.local/lib/python3.12/site-packages/airflow/example_dags/tutorial_taskflow_api_virtualenv.py for tasks to queue
[2024-12-06T22:00:30.697+0000] {logging_mixin.py:190} INFO - [2024-12-06T22:00:30.696+0000] {dagbag.py:588} INFO - Filling up the DagBag from /home/airflow/.local/lib/python3.12/site-packages/airflow/example_dags/tutorial_taskflow_api_virtualenv.py
[2024-12-06T22:00:30.716+0000] {processor.py:925} INFO - DAG(s) 'tutorial_taskflow_api_virtualenv' retrieved from /home/airflow/.local/lib/python3.12/site-packages/airflow/example_dags/tutorial_taskflow_api_virtualenv.py
[2024-12-06T22:00:30.748+0000] {logging_mixin.py:190} INFO - [2024-12-06T22:00:30.747+0000] {dag.py:3239} INFO - Sync 1 DAGs
[2024-12-06T22:00:30.777+0000] {logging_mixin.py:190} INFO - [2024-12-06T22:00:30.776+0000] {dag.py:4180} INFO - Setting next_dagrun for tutorial_taskflow_api_virtualenv to None, run_after=None
[2024-12-06T22:00:30.804+0000] {processor.py:208} INFO - Processing /home/airflow/.local/lib/python3.12/site-packages/airflow/example_dags/tutorial_taskflow_api_virtualenv.py took 0.123 seconds
[2024-12-06T22:01:01.123+0000] {processor.py:186} INFO - Started process (PID=2556) to work on /home/airflow/.local/lib/python3.12/site-packages/airflow/example_dags/tutorial_taskflow_api_virtualenv.py
[2024-12-06T22:01:01.128+0000] {processor.py:914} INFO - Processing file /home/airflow/.local/lib/python3.12/site-packages/airflow/example_dags/tutorial_taskflow_api_virtualenv.py for tasks to queue
[2024-12-06T22:01:01.136+0000] {logging_mixin.py:190} INFO - [2024-12-06T22:01:01.135+0000] {dagbag.py:588} INFO - Filling up the DagBag from /home/airflow/.local/lib/python3.12/site-packages/airflow/example_dags/tutorial_taskflow_api_virtualenv.py
[2024-12-06T22:01:01.189+0000] {processor.py:925} INFO - DAG(s) 'tutorial_taskflow_api_virtualenv' retrieved from /home/airflow/.local/lib/python3.12/site-packages/airflow/example_dags/tutorial_taskflow_api_virtualenv.py
[2024-12-06T22:01:01.261+0000] {logging_mixin.py:190} INFO - [2024-12-06T22:01:01.260+0000] {dag.py:3239} INFO - Sync 1 DAGs
[2024-12-06T22:01:01.347+0000] {logging_mixin.py:190} INFO - [2024-12-06T22:01:01.345+0000] {dag.py:4180} INFO - Setting next_dagrun for tutorial_taskflow_api_virtualenv to None, run_after=None
[2024-12-06T22:01:01.389+0000] {processor.py:208} INFO - Processing /home/airflow/.local/lib/python3.12/site-packages/airflow/example_dags/tutorial_taskflow_api_virtualenv.py took 0.289 seconds
[2024-12-06T22:01:31.696+0000] {processor.py:186} INFO - Started process (PID=2616) to work on /home/airflow/.local/lib/python3.12/site-packages/airflow/example_dags/tutorial_taskflow_api_virtualenv.py
[2024-12-06T22:01:31.698+0000] {processor.py:914} INFO - Processing file /home/airflow/.local/lib/python3.12/site-packages/airflow/example_dags/tutorial_taskflow_api_virtualenv.py for tasks to queue
[2024-12-06T22:01:31.702+0000] {logging_mixin.py:190} INFO - [2024-12-06T22:01:31.701+0000] {dagbag.py:588} INFO - Filling up the DagBag from /home/airflow/.local/lib/python3.12/site-packages/airflow/example_dags/tutorial_taskflow_api_virtualenv.py
[2024-12-06T22:01:31.722+0000] {processor.py:925} INFO - DAG(s) 'tutorial_taskflow_api_virtualenv' retrieved from /home/airflow/.local/lib/python3.12/site-packages/airflow/example_dags/tutorial_taskflow_api_virtualenv.py
[2024-12-06T22:01:31.756+0000] {logging_mixin.py:190} INFO - [2024-12-06T22:01:31.755+0000] {dag.py:3239} INFO - Sync 1 DAGs
[2024-12-06T22:01:31.780+0000] {logging_mixin.py:190} INFO - [2024-12-06T22:01:31.780+0000] {dag.py:4180} INFO - Setting next_dagrun for tutorial_taskflow_api_virtualenv to None, run_after=None
[2024-12-06T22:01:31.809+0000] {processor.py:208} INFO - Processing /home/airflow/.local/lib/python3.12/site-packages/airflow/example_dags/tutorial_taskflow_api_virtualenv.py took 0.124 seconds
[2024-12-06T22:02:03.470+0000] {processor.py:186} INFO - Started process (PID=2677) to work on /home/airflow/.local/lib/python3.12/site-packages/airflow/example_dags/tutorial_taskflow_api_virtualenv.py
[2024-12-06T22:02:03.472+0000] {processor.py:914} INFO - Processing file /home/airflow/.local/lib/python3.12/site-packages/airflow/example_dags/tutorial_taskflow_api_virtualenv.py for tasks to queue
[2024-12-06T22:02:03.476+0000] {logging_mixin.py:190} INFO - [2024-12-06T22:02:03.475+0000] {dagbag.py:588} INFO - Filling up the DagBag from /home/airflow/.local/lib/python3.12/site-packages/airflow/example_dags/tutorial_taskflow_api_virtualenv.py
[2024-12-06T22:02:03.506+0000] {processor.py:925} INFO - DAG(s) 'tutorial_taskflow_api_virtualenv' retrieved from /home/airflow/.local/lib/python3.12/site-packages/airflow/example_dags/tutorial_taskflow_api_virtualenv.py
[2024-12-06T22:02:03.542+0000] {logging_mixin.py:190} INFO - [2024-12-06T22:02:03.541+0000] {dag.py:3239} INFO - Sync 1 DAGs
[2024-12-06T22:02:03.567+0000] {logging_mixin.py:190} INFO - [2024-12-06T22:02:03.566+0000] {dag.py:4180} INFO - Setting next_dagrun for tutorial_taskflow_api_virtualenv to None, run_after=None
[2024-12-06T22:02:03.597+0000] {processor.py:208} INFO - Processing /home/airflow/.local/lib/python3.12/site-packages/airflow/example_dags/tutorial_taskflow_api_virtualenv.py took 0.140 seconds
[2024-12-06T22:02:33.686+0000] {processor.py:186} INFO - Started process (PID=2737) to work on /home/airflow/.local/lib/python3.12/site-packages/airflow/example_dags/tutorial_taskflow_api_virtualenv.py
[2024-12-06T22:02:33.687+0000] {processor.py:914} INFO - Processing file /home/airflow/.local/lib/python3.12/site-packages/airflow/example_dags/tutorial_taskflow_api_virtualenv.py for tasks to queue
[2024-12-06T22:02:33.690+0000] {logging_mixin.py:190} INFO - [2024-12-06T22:02:33.690+0000] {dagbag.py:588} INFO - Filling up the DagBag from /home/airflow/.local/lib/python3.12/site-packages/airflow/example_dags/tutorial_taskflow_api_virtualenv.py
[2024-12-06T22:02:33.708+0000] {processor.py:925} INFO - DAG(s) 'tutorial_taskflow_api_virtualenv' retrieved from /home/airflow/.local/lib/python3.12/site-packages/airflow/example_dags/tutorial_taskflow_api_virtualenv.py
[2024-12-06T22:02:33.741+0000] {logging_mixin.py:190} INFO - [2024-12-06T22:02:33.741+0000] {dag.py:3239} INFO - Sync 1 DAGs
[2024-12-06T22:02:33.768+0000] {logging_mixin.py:190} INFO - [2024-12-06T22:02:33.768+0000] {dag.py:4180} INFO - Setting next_dagrun for tutorial_taskflow_api_virtualenv to None, run_after=None
[2024-12-06T22:02:33.799+0000] {processor.py:208} INFO - Processing /home/airflow/.local/lib/python3.12/site-packages/airflow/example_dags/tutorial_taskflow_api_virtualenv.py took 0.123 seconds
[2024-12-06T22:03:04.792+0000] {processor.py:186} INFO - Started process (PID=2800) to work on /home/airflow/.local/lib/python3.12/site-packages/airflow/example_dags/tutorial_taskflow_api_virtualenv.py
[2024-12-06T22:03:04.794+0000] {processor.py:914} INFO - Processing file /home/airflow/.local/lib/python3.12/site-packages/airflow/example_dags/tutorial_taskflow_api_virtualenv.py for tasks to queue
[2024-12-06T22:03:04.798+0000] {logging_mixin.py:190} INFO - [2024-12-06T22:03:04.797+0000] {dagbag.py:588} INFO - Filling up the DagBag from /home/airflow/.local/lib/python3.12/site-packages/airflow/example_dags/tutorial_taskflow_api_virtualenv.py
[2024-12-06T22:03:04.824+0000] {processor.py:925} INFO - DAG(s) 'tutorial_taskflow_api_virtualenv' retrieved from /home/airflow/.local/lib/python3.12/site-packages/airflow/example_dags/tutorial_taskflow_api_virtualenv.py
[2024-12-06T22:03:04.859+0000] {logging_mixin.py:190} INFO - [2024-12-06T22:03:04.859+0000] {dag.py:3239} INFO - Sync 1 DAGs
[2024-12-06T22:03:04.884+0000] {logging_mixin.py:190} INFO - [2024-12-06T22:03:04.883+0000] {dag.py:4180} INFO - Setting next_dagrun for tutorial_taskflow_api_virtualenv to None, run_after=None
[2024-12-06T22:03:04.915+0000] {processor.py:208} INFO - Processing /home/airflow/.local/lib/python3.12/site-packages/airflow/example_dags/tutorial_taskflow_api_virtualenv.py took 0.133 seconds
[2024-12-06T22:03:36.618+0000] {processor.py:186} INFO - Started process (PID=2860) to work on /home/airflow/.local/lib/python3.12/site-packages/airflow/example_dags/tutorial_taskflow_api_virtualenv.py
[2024-12-06T22:03:36.619+0000] {processor.py:914} INFO - Processing file /home/airflow/.local/lib/python3.12/site-packages/airflow/example_dags/tutorial_taskflow_api_virtualenv.py for tasks to queue
[2024-12-06T22:03:36.624+0000] {logging_mixin.py:190} INFO - [2024-12-06T22:03:36.623+0000] {dagbag.py:588} INFO - Filling up the DagBag from /home/airflow/.local/lib/python3.12/site-packages/airflow/example_dags/tutorial_taskflow_api_virtualenv.py
[2024-12-06T22:03:36.643+0000] {processor.py:925} INFO - DAG(s) 'tutorial_taskflow_api_virtualenv' retrieved from /home/airflow/.local/lib/python3.12/site-packages/airflow/example_dags/tutorial_taskflow_api_virtualenv.py
[2024-12-06T22:03:36.675+0000] {logging_mixin.py:190} INFO - [2024-12-06T22:03:36.675+0000] {dag.py:3239} INFO - Sync 1 DAGs
[2024-12-06T22:03:36.699+0000] {logging_mixin.py:190} INFO - [2024-12-06T22:03:36.698+0000] {dag.py:4180} INFO - Setting next_dagrun for tutorial_taskflow_api_virtualenv to None, run_after=None
[2024-12-06T22:03:36.727+0000] {processor.py:208} INFO - Processing /home/airflow/.local/lib/python3.12/site-packages/airflow/example_dags/tutorial_taskflow_api_virtualenv.py took 0.118 seconds
[2024-12-06T22:04:07.504+0000] {processor.py:186} INFO - Started process (PID=2920) to work on /home/airflow/.local/lib/python3.12/site-packages/airflow/example_dags/tutorial_taskflow_api_virtualenv.py
[2024-12-06T22:04:07.505+0000] {processor.py:914} INFO - Processing file /home/airflow/.local/lib/python3.12/site-packages/airflow/example_dags/tutorial_taskflow_api_virtualenv.py for tasks to queue
[2024-12-06T22:04:07.510+0000] {logging_mixin.py:190} INFO - [2024-12-06T22:04:07.508+0000] {dagbag.py:588} INFO - Filling up the DagBag from /home/airflow/.local/lib/python3.12/site-packages/airflow/example_dags/tutorial_taskflow_api_virtualenv.py
[2024-12-06T22:04:07.528+0000] {processor.py:925} INFO - DAG(s) 'tutorial_taskflow_api_virtualenv' retrieved from /home/airflow/.local/lib/python3.12/site-packages/airflow/example_dags/tutorial_taskflow_api_virtualenv.py
[2024-12-06T22:04:07.557+0000] {logging_mixin.py:190} INFO - [2024-12-06T22:04:07.557+0000] {dag.py:3239} INFO - Sync 1 DAGs
[2024-12-06T22:04:07.581+0000] {logging_mixin.py:190} INFO - [2024-12-06T22:04:07.580+0000] {dag.py:4180} INFO - Setting next_dagrun for tutorial_taskflow_api_virtualenv to None, run_after=None
[2024-12-06T22:04:07.606+0000] {processor.py:208} INFO - Processing /home/airflow/.local/lib/python3.12/site-packages/airflow/example_dags/tutorial_taskflow_api_virtualenv.py took 0.111 seconds
[2024-12-06T22:04:38.483+0000] {processor.py:186} INFO - Started process (PID=2983) to work on /home/airflow/.local/lib/python3.12/site-packages/airflow/example_dags/tutorial_taskflow_api_virtualenv.py
[2024-12-06T22:04:38.485+0000] {processor.py:914} INFO - Processing file /home/airflow/.local/lib/python3.12/site-packages/airflow/example_dags/tutorial_taskflow_api_virtualenv.py for tasks to queue
[2024-12-06T22:04:38.489+0000] {logging_mixin.py:190} INFO - [2024-12-06T22:04:38.489+0000] {dagbag.py:588} INFO - Filling up the DagBag from /home/airflow/.local/lib/python3.12/site-packages/airflow/example_dags/tutorial_taskflow_api_virtualenv.py
[2024-12-06T22:04:38.510+0000] {processor.py:925} INFO - DAG(s) 'tutorial_taskflow_api_virtualenv' retrieved from /home/airflow/.local/lib/python3.12/site-packages/airflow/example_dags/tutorial_taskflow_api_virtualenv.py
[2024-12-06T22:04:38.548+0000] {logging_mixin.py:190} INFO - [2024-12-06T22:04:38.548+0000] {dag.py:3239} INFO - Sync 1 DAGs
[2024-12-06T22:04:38.574+0000] {logging_mixin.py:190} INFO - [2024-12-06T22:04:38.573+0000] {dag.py:4180} INFO - Setting next_dagrun for tutorial_taskflow_api_virtualenv to None, run_after=None
[2024-12-06T22:04:38.606+0000] {processor.py:208} INFO - Processing /home/airflow/.local/lib/python3.12/site-packages/airflow/example_dags/tutorial_taskflow_api_virtualenv.py took 0.133 seconds
[2024-12-06T22:05:09.130+0000] {processor.py:186} INFO - Started process (PID=3035) to work on /home/airflow/.local/lib/python3.12/site-packages/airflow/example_dags/tutorial_taskflow_api_virtualenv.py
[2024-12-06T22:05:09.132+0000] {processor.py:914} INFO - Processing file /home/airflow/.local/lib/python3.12/site-packages/airflow/example_dags/tutorial_taskflow_api_virtualenv.py for tasks to queue
[2024-12-06T22:05:09.137+0000] {logging_mixin.py:190} INFO - [2024-12-06T22:05:09.136+0000] {dagbag.py:588} INFO - Filling up the DagBag from /home/airflow/.local/lib/python3.12/site-packages/airflow/example_dags/tutorial_taskflow_api_virtualenv.py
[2024-12-06T22:05:09.153+0000] {processor.py:925} INFO - DAG(s) 'tutorial_taskflow_api_virtualenv' retrieved from /home/airflow/.local/lib/python3.12/site-packages/airflow/example_dags/tutorial_taskflow_api_virtualenv.py
[2024-12-06T22:05:09.180+0000] {logging_mixin.py:190} INFO - [2024-12-06T22:05:09.180+0000] {dag.py:3239} INFO - Sync 1 DAGs
[2024-12-06T22:05:09.205+0000] {logging_mixin.py:190} INFO - [2024-12-06T22:05:09.205+0000] {dag.py:4180} INFO - Setting next_dagrun for tutorial_taskflow_api_virtualenv to None, run_after=None
[2024-12-06T22:05:09.231+0000] {processor.py:208} INFO - Processing /home/airflow/.local/lib/python3.12/site-packages/airflow/example_dags/tutorial_taskflow_api_virtualenv.py took 0.108 seconds
[2024-12-06T22:05:40.108+0000] {processor.py:186} INFO - Started process (PID=3092) to work on /home/airflow/.local/lib/python3.12/site-packages/airflow/example_dags/tutorial_taskflow_api_virtualenv.py
[2024-12-06T22:05:40.110+0000] {processor.py:914} INFO - Processing file /home/airflow/.local/lib/python3.12/site-packages/airflow/example_dags/tutorial_taskflow_api_virtualenv.py for tasks to queue
[2024-12-06T22:05:40.113+0000] {logging_mixin.py:190} INFO - [2024-12-06T22:05:40.113+0000] {dagbag.py:588} INFO - Filling up the DagBag from /home/airflow/.local/lib/python3.12/site-packages/airflow/example_dags/tutorial_taskflow_api_virtualenv.py
[2024-12-06T22:05:40.132+0000] {processor.py:925} INFO - DAG(s) 'tutorial_taskflow_api_virtualenv' retrieved from /home/airflow/.local/lib/python3.12/site-packages/airflow/example_dags/tutorial_taskflow_api_virtualenv.py
[2024-12-06T22:05:40.162+0000] {logging_mixin.py:190} INFO - [2024-12-06T22:05:40.162+0000] {dag.py:3239} INFO - Sync 1 DAGs
[2024-12-06T22:05:40.182+0000] {logging_mixin.py:190} INFO - [2024-12-06T22:05:40.182+0000] {dag.py:4180} INFO - Setting next_dagrun for tutorial_taskflow_api_virtualenv to None, run_after=None
[2024-12-06T22:05:40.209+0000] {processor.py:208} INFO - Processing /home/airflow/.local/lib/python3.12/site-packages/airflow/example_dags/tutorial_taskflow_api_virtualenv.py took 0.110 seconds
[2024-12-06T22:06:11.511+0000] {processor.py:186} INFO - Started process (PID=3151) to work on /home/airflow/.local/lib/python3.12/site-packages/airflow/example_dags/tutorial_taskflow_api_virtualenv.py
[2024-12-06T22:06:11.513+0000] {processor.py:914} INFO - Processing file /home/airflow/.local/lib/python3.12/site-packages/airflow/example_dags/tutorial_taskflow_api_virtualenv.py for tasks to queue
[2024-12-06T22:06:11.516+0000] {logging_mixin.py:190} INFO - [2024-12-06T22:06:11.516+0000] {dagbag.py:588} INFO - Filling up the DagBag from /home/airflow/.local/lib/python3.12/site-packages/airflow/example_dags/tutorial_taskflow_api_virtualenv.py
[2024-12-06T22:06:11.536+0000] {processor.py:925} INFO - DAG(s) 'tutorial_taskflow_api_virtualenv' retrieved from /home/airflow/.local/lib/python3.12/site-packages/airflow/example_dags/tutorial_taskflow_api_virtualenv.py
[2024-12-06T22:06:11.570+0000] {logging_mixin.py:190} INFO - [2024-12-06T22:06:11.569+0000] {dag.py:3239} INFO - Sync 1 DAGs
[2024-12-06T22:06:11.594+0000] {logging_mixin.py:190} INFO - [2024-12-06T22:06:11.594+0000] {dag.py:4180} INFO - Setting next_dagrun for tutorial_taskflow_api_virtualenv to None, run_after=None
[2024-12-06T22:06:11.622+0000] {processor.py:208} INFO - Processing /home/airflow/.local/lib/python3.12/site-packages/airflow/example_dags/tutorial_taskflow_api_virtualenv.py took 0.122 seconds
[2024-12-06T22:06:42.290+0000] {processor.py:186} INFO - Started process (PID=3209) to work on /home/airflow/.local/lib/python3.12/site-packages/airflow/example_dags/tutorial_taskflow_api_virtualenv.py
[2024-12-06T22:06:42.291+0000] {processor.py:914} INFO - Processing file /home/airflow/.local/lib/python3.12/site-packages/airflow/example_dags/tutorial_taskflow_api_virtualenv.py for tasks to queue
[2024-12-06T22:06:42.297+0000] {logging_mixin.py:190} INFO - [2024-12-06T22:06:42.297+0000] {dagbag.py:588} INFO - Filling up the DagBag from /home/airflow/.local/lib/python3.12/site-packages/airflow/example_dags/tutorial_taskflow_api_virtualenv.py
[2024-12-06T22:06:42.320+0000] {processor.py:925} INFO - DAG(s) 'tutorial_taskflow_api_virtualenv' retrieved from /home/airflow/.local/lib/python3.12/site-packages/airflow/example_dags/tutorial_taskflow_api_virtualenv.py
[2024-12-06T22:06:42.353+0000] {logging_mixin.py:190} INFO - [2024-12-06T22:06:42.353+0000] {dag.py:3239} INFO - Sync 1 DAGs
[2024-12-06T22:06:42.381+0000] {logging_mixin.py:190} INFO - [2024-12-06T22:06:42.380+0000] {dag.py:4180} INFO - Setting next_dagrun for tutorial_taskflow_api_virtualenv to None, run_after=None
[2024-12-06T22:06:42.412+0000] {processor.py:208} INFO - Processing /home/airflow/.local/lib/python3.12/site-packages/airflow/example_dags/tutorial_taskflow_api_virtualenv.py took 0.132 seconds
[2024-12-06T22:07:14.264+0000] {processor.py:186} INFO - Started process (PID=3271) to work on /home/airflow/.local/lib/python3.12/site-packages/airflow/example_dags/tutorial_taskflow_api_virtualenv.py
[2024-12-06T22:07:14.267+0000] {processor.py:914} INFO - Processing file /home/airflow/.local/lib/python3.12/site-packages/airflow/example_dags/tutorial_taskflow_api_virtualenv.py for tasks to queue
[2024-12-06T22:07:14.270+0000] {logging_mixin.py:190} INFO - [2024-12-06T22:07:14.269+0000] {dagbag.py:588} INFO - Filling up the DagBag from /home/airflow/.local/lib/python3.12/site-packages/airflow/example_dags/tutorial_taskflow_api_virtualenv.py
[2024-12-06T22:07:14.290+0000] {processor.py:925} INFO - DAG(s) 'tutorial_taskflow_api_virtualenv' retrieved from /home/airflow/.local/lib/python3.12/site-packages/airflow/example_dags/tutorial_taskflow_api_virtualenv.py
[2024-12-06T22:07:14.324+0000] {logging_mixin.py:190} INFO - [2024-12-06T22:07:14.324+0000] {dag.py:3239} INFO - Sync 1 DAGs
[2024-12-06T22:07:14.350+0000] {logging_mixin.py:190} INFO - [2024-12-06T22:07:14.349+0000] {dag.py:4180} INFO - Setting next_dagrun for tutorial_taskflow_api_virtualenv to None, run_after=None
[2024-12-06T22:07:14.379+0000] {processor.py:208} INFO - Processing /home/airflow/.local/lib/python3.12/site-packages/airflow/example_dags/tutorial_taskflow_api_virtualenv.py took 0.125 seconds
[2024-12-06T22:07:46.897+0000] {processor.py:186} INFO - Started process (PID=3334) to work on /home/airflow/.local/lib/python3.12/site-packages/airflow/example_dags/tutorial_taskflow_api_virtualenv.py
[2024-12-06T22:07:46.899+0000] {processor.py:914} INFO - Processing file /home/airflow/.local/lib/python3.12/site-packages/airflow/example_dags/tutorial_taskflow_api_virtualenv.py for tasks to queue
[2024-12-06T22:07:46.904+0000] {logging_mixin.py:190} INFO - [2024-12-06T22:07:46.904+0000] {dagbag.py:588} INFO - Filling up the DagBag from /home/airflow/.local/lib/python3.12/site-packages/airflow/example_dags/tutorial_taskflow_api_virtualenv.py
[2024-12-06T22:07:46.928+0000] {processor.py:925} INFO - DAG(s) 'tutorial_taskflow_api_virtualenv' retrieved from /home/airflow/.local/lib/python3.12/site-packages/airflow/example_dags/tutorial_taskflow_api_virtualenv.py
[2024-12-06T22:07:46.965+0000] {logging_mixin.py:190} INFO - [2024-12-06T22:07:46.964+0000] {dag.py:3239} INFO - Sync 1 DAGs
[2024-12-06T22:07:46.995+0000] {logging_mixin.py:190} INFO - [2024-12-06T22:07:46.995+0000] {dag.py:4180} INFO - Setting next_dagrun for tutorial_taskflow_api_virtualenv to None, run_after=None
[2024-12-06T22:07:47.065+0000] {processor.py:208} INFO - Processing /home/airflow/.local/lib/python3.12/site-packages/airflow/example_dags/tutorial_taskflow_api_virtualenv.py took 0.183 seconds
[2024-12-06T22:08:18.447+0000] {processor.py:186} INFO - Started process (PID=3397) to work on /home/airflow/.local/lib/python3.12/site-packages/airflow/example_dags/tutorial_taskflow_api_virtualenv.py
[2024-12-06T22:08:18.449+0000] {processor.py:914} INFO - Processing file /home/airflow/.local/lib/python3.12/site-packages/airflow/example_dags/tutorial_taskflow_api_virtualenv.py for tasks to queue
[2024-12-06T22:08:18.452+0000] {logging_mixin.py:190} INFO - [2024-12-06T22:08:18.451+0000] {dagbag.py:588} INFO - Filling up the DagBag from /home/airflow/.local/lib/python3.12/site-packages/airflow/example_dags/tutorial_taskflow_api_virtualenv.py
[2024-12-06T22:08:18.470+0000] {processor.py:925} INFO - DAG(s) 'tutorial_taskflow_api_virtualenv' retrieved from /home/airflow/.local/lib/python3.12/site-packages/airflow/example_dags/tutorial_taskflow_api_virtualenv.py
[2024-12-06T22:08:18.500+0000] {logging_mixin.py:190} INFO - [2024-12-06T22:08:18.499+0000] {dag.py:3239} INFO - Sync 1 DAGs
[2024-12-06T22:08:18.522+0000] {logging_mixin.py:190} INFO - [2024-12-06T22:08:18.522+0000] {dag.py:4180} INFO - Setting next_dagrun for tutorial_taskflow_api_virtualenv to None, run_after=None
[2024-12-06T22:08:18.548+0000] {processor.py:208} INFO - Processing /home/airflow/.local/lib/python3.12/site-packages/airflow/example_dags/tutorial_taskflow_api_virtualenv.py took 0.109 seconds
[2024-12-06T22:08:49.675+0000] {processor.py:186} INFO - Started process (PID=3460) to work on /home/airflow/.local/lib/python3.12/site-packages/airflow/example_dags/tutorial_taskflow_api_virtualenv.py
[2024-12-06T22:08:49.677+0000] {processor.py:914} INFO - Processing file /home/airflow/.local/lib/python3.12/site-packages/airflow/example_dags/tutorial_taskflow_api_virtualenv.py for tasks to queue
[2024-12-06T22:08:49.680+0000] {logging_mixin.py:190} INFO - [2024-12-06T22:08:49.680+0000] {dagbag.py:588} INFO - Filling up the DagBag from /home/airflow/.local/lib/python3.12/site-packages/airflow/example_dags/tutorial_taskflow_api_virtualenv.py
[2024-12-06T22:08:49.698+0000] {processor.py:925} INFO - DAG(s) 'tutorial_taskflow_api_virtualenv' retrieved from /home/airflow/.local/lib/python3.12/site-packages/airflow/example_dags/tutorial_taskflow_api_virtualenv.py
[2024-12-06T22:08:49.730+0000] {logging_mixin.py:190} INFO - [2024-12-06T22:08:49.729+0000] {dag.py:3239} INFO - Sync 1 DAGs
[2024-12-06T22:08:50.012+0000] {logging_mixin.py:190} INFO - [2024-12-06T22:08:50.012+0000] {dag.py:4180} INFO - Setting next_dagrun for tutorial_taskflow_api_virtualenv to None, run_after=None
[2024-12-06T22:08:50.042+0000] {processor.py:208} INFO - Processing /home/airflow/.local/lib/python3.12/site-packages/airflow/example_dags/tutorial_taskflow_api_virtualenv.py took 0.377 seconds
[2024-12-06T22:09:20.774+0000] {processor.py:186} INFO - Started process (PID=3529) to work on /home/airflow/.local/lib/python3.12/site-packages/airflow/example_dags/tutorial_taskflow_api_virtualenv.py
[2024-12-06T22:09:20.777+0000] {processor.py:914} INFO - Processing file /home/airflow/.local/lib/python3.12/site-packages/airflow/example_dags/tutorial_taskflow_api_virtualenv.py for tasks to queue
[2024-12-06T22:09:20.782+0000] {logging_mixin.py:190} INFO - [2024-12-06T22:09:20.781+0000] {dagbag.py:588} INFO - Filling up the DagBag from /home/airflow/.local/lib/python3.12/site-packages/airflow/example_dags/tutorial_taskflow_api_virtualenv.py
[2024-12-06T22:09:20.801+0000] {processor.py:925} INFO - DAG(s) 'tutorial_taskflow_api_virtualenv' retrieved from /home/airflow/.local/lib/python3.12/site-packages/airflow/example_dags/tutorial_taskflow_api_virtualenv.py
[2024-12-06T22:09:20.834+0000] {logging_mixin.py:190} INFO - [2024-12-06T22:09:20.833+0000] {dag.py:3239} INFO - Sync 1 DAGs
[2024-12-06T22:09:20.856+0000] {logging_mixin.py:190} INFO - [2024-12-06T22:09:20.856+0000] {dag.py:4180} INFO - Setting next_dagrun for tutorial_taskflow_api_virtualenv to None, run_after=None
[2024-12-06T22:09:20.889+0000] {processor.py:208} INFO - Processing /home/airflow/.local/lib/python3.12/site-packages/airflow/example_dags/tutorial_taskflow_api_virtualenv.py took 0.125 seconds
[2024-12-06T22:09:52.377+0000] {processor.py:186} INFO - Started process (PID=3592) to work on /home/airflow/.local/lib/python3.12/site-packages/airflow/example_dags/tutorial_taskflow_api_virtualenv.py
[2024-12-06T22:09:52.379+0000] {processor.py:914} INFO - Processing file /home/airflow/.local/lib/python3.12/site-packages/airflow/example_dags/tutorial_taskflow_api_virtualenv.py for tasks to queue
[2024-12-06T22:09:52.384+0000] {logging_mixin.py:190} INFO - [2024-12-06T22:09:52.384+0000] {dagbag.py:588} INFO - Filling up the DagBag from /home/airflow/.local/lib/python3.12/site-packages/airflow/example_dags/tutorial_taskflow_api_virtualenv.py
[2024-12-06T22:09:52.411+0000] {processor.py:925} INFO - DAG(s) 'tutorial_taskflow_api_virtualenv' retrieved from /home/airflow/.local/lib/python3.12/site-packages/airflow/example_dags/tutorial_taskflow_api_virtualenv.py
[2024-12-06T22:09:52.449+0000] {logging_mixin.py:190} INFO - [2024-12-06T22:09:52.449+0000] {dag.py:3239} INFO - Sync 1 DAGs
[2024-12-06T22:09:52.479+0000] {logging_mixin.py:190} INFO - [2024-12-06T22:09:52.479+0000] {dag.py:4180} INFO - Setting next_dagrun for tutorial_taskflow_api_virtualenv to None, run_after=None
[2024-12-06T22:09:52.514+0000] {processor.py:208} INFO - Processing /home/airflow/.local/lib/python3.12/site-packages/airflow/example_dags/tutorial_taskflow_api_virtualenv.py took 0.150 seconds
[2024-12-06T22:10:23.371+0000] {processor.py:186} INFO - Started process (PID=3655) to work on /home/airflow/.local/lib/python3.12/site-packages/airflow/example_dags/tutorial_taskflow_api_virtualenv.py
[2024-12-06T22:10:23.373+0000] {processor.py:914} INFO - Processing file /home/airflow/.local/lib/python3.12/site-packages/airflow/example_dags/tutorial_taskflow_api_virtualenv.py for tasks to queue
[2024-12-06T22:10:23.377+0000] {logging_mixin.py:190} INFO - [2024-12-06T22:10:23.376+0000] {dagbag.py:588} INFO - Filling up the DagBag from /home/airflow/.local/lib/python3.12/site-packages/airflow/example_dags/tutorial_taskflow_api_virtualenv.py
[2024-12-06T22:10:23.400+0000] {processor.py:925} INFO - DAG(s) 'tutorial_taskflow_api_virtualenv' retrieved from /home/airflow/.local/lib/python3.12/site-packages/airflow/example_dags/tutorial_taskflow_api_virtualenv.py
[2024-12-06T22:10:23.434+0000] {logging_mixin.py:190} INFO - [2024-12-06T22:10:23.433+0000] {dag.py:3239} INFO - Sync 1 DAGs
[2024-12-06T22:10:23.455+0000] {logging_mixin.py:190} INFO - [2024-12-06T22:10:23.455+0000] {dag.py:4180} INFO - Setting next_dagrun for tutorial_taskflow_api_virtualenv to None, run_after=None
[2024-12-06T22:10:23.482+0000] {processor.py:208} INFO - Processing /home/airflow/.local/lib/python3.12/site-packages/airflow/example_dags/tutorial_taskflow_api_virtualenv.py took 0.121 seconds
[2024-12-06T22:10:54.409+0000] {processor.py:186} INFO - Started process (PID=3718) to work on /home/airflow/.local/lib/python3.12/site-packages/airflow/example_dags/tutorial_taskflow_api_virtualenv.py
[2024-12-06T22:10:54.411+0000] {processor.py:914} INFO - Processing file /home/airflow/.local/lib/python3.12/site-packages/airflow/example_dags/tutorial_taskflow_api_virtualenv.py for tasks to queue
[2024-12-06T22:10:54.414+0000] {logging_mixin.py:190} INFO - [2024-12-06T22:10:54.414+0000] {dagbag.py:588} INFO - Filling up the DagBag from /home/airflow/.local/lib/python3.12/site-packages/airflow/example_dags/tutorial_taskflow_api_virtualenv.py
[2024-12-06T22:10:54.431+0000] {processor.py:925} INFO - DAG(s) 'tutorial_taskflow_api_virtualenv' retrieved from /home/airflow/.local/lib/python3.12/site-packages/airflow/example_dags/tutorial_taskflow_api_virtualenv.py
[2024-12-06T22:10:54.463+0000] {logging_mixin.py:190} INFO - [2024-12-06T22:10:54.463+0000] {dag.py:3239} INFO - Sync 1 DAGs
[2024-12-06T22:10:54.487+0000] {logging_mixin.py:190} INFO - [2024-12-06T22:10:54.486+0000] {dag.py:4180} INFO - Setting next_dagrun for tutorial_taskflow_api_virtualenv to None, run_after=None
[2024-12-06T22:10:54.514+0000] {processor.py:208} INFO - Processing /home/airflow/.local/lib/python3.12/site-packages/airflow/example_dags/tutorial_taskflow_api_virtualenv.py took 0.113 seconds
