[2024-12-06T21:46:26.275+0000] {local_task_job_runner.py:123} INFO - ::group::Pre task execution logs
[2024-12-06T21:46:26.301+0000] {taskinstance.py:2613} INFO - Dependencies all met for dep_context=non-requeueable deps ti=<TaskInstance: example_dynamic_task_mapping_with_no_taskflow_operators.sum_it manual__2024-12-06T21:46:16.294031+00:00 [queued]>
[2024-12-06T21:46:26.312+0000] {taskinstance.py:2613} INFO - Dependencies all met for dep_context=requeueable deps ti=<TaskInstance: example_dynamic_task_mapping_with_no_taskflow_operators.sum_it manual__2024-12-06T21:46:16.294031+00:00 [queued]>
[2024-12-06T21:46:26.313+0000] {taskinstance.py:2866} INFO - Starting attempt 1 of 1
[2024-12-06T21:46:26.332+0000] {taskinstance.py:2889} INFO - Executing <Task(SumItOperator): sum_it> on 2024-12-06 21:46:16.294031+00:00
[2024-12-06T21:46:26.341+0000] {warnings.py:112} WARNING - /home/***/.local/lib/python3.12/site-packages/***/task/task_runner/standard_task_runner.py:70: DeprecationWarning: This process (pid=157) is multi-threaded, use of fork() may lead to deadlocks in the child.
  pid = os.fork()

[2024-12-06T21:46:26.343+0000] {standard_task_runner.py:72} INFO - Started process 159 to run task
[2024-12-06T21:46:26.343+0000] {standard_task_runner.py:104} INFO - Running: ['***', 'tasks', 'run', 'example_dynamic_task_mapping_with_no_taskflow_operators', 'sum_it', 'manual__2024-12-06T21:46:16.294031+00:00', '--job-id', '6', '--raw', '--subdir', '/home/***/.local/lib/python3.12/site-packages/***/example_dags/example_dynamic_task_mapping_with_no_taskflow_operators.py', '--cfg-path', '/tmp/tmpsldz716w']
[2024-12-06T21:46:26.346+0000] {standard_task_runner.py:105} INFO - Job 6: Subtask sum_it
[2024-12-06T21:46:26.409+0000] {task_command.py:467} INFO - Running <TaskInstance: example_dynamic_task_mapping_with_no_taskflow_operators.sum_it manual__2024-12-06T21:46:16.294031+00:00 [running]> on host 7ef9882be744
[2024-12-06T21:46:26.528+0000] {taskinstance.py:3132} INFO - Exporting env vars: AIRFLOW_CTX_DAG_OWNER='***' AIRFLOW_CTX_DAG_ID='example_dynamic_task_mapping_with_no_taskflow_operators' AIRFLOW_CTX_TASK_ID='sum_it' AIRFLOW_CTX_EXECUTION_DATE='2024-12-06T21:46:16.294031+00:00' AIRFLOW_CTX_TRY_NUMBER='1' AIRFLOW_CTX_DAG_RUN_ID='manual__2024-12-06T21:46:16.294031+00:00'
[2024-12-06T21:46:26.530+0000] {logging_mixin.py:190} INFO - Task instance is in running state
[2024-12-06T21:46:26.530+0000] {logging_mixin.py:190} INFO -  Previous state of the Task instance: queued
[2024-12-06T21:46:26.531+0000] {logging_mixin.py:190} INFO - Current task name:sum_it state:running start_date:2024-12-06 21:46:26.302334+00:00
[2024-12-06T21:46:26.532+0000] {logging_mixin.py:190} INFO - Dag name:example_dynamic_task_mapping_with_no_taskflow_operators and current dag run status:running
[2024-12-06T21:46:26.533+0000] {taskinstance.py:731} INFO - ::endgroup::
[2024-12-06T21:46:26.542+0000] {logging_mixin.py:190} INFO - Total was 9
[2024-12-06T21:46:26.563+0000] {taskinstance.py:340} INFO - ::group::Post task execution logs
[2024-12-06T21:46:26.564+0000] {taskinstance.py:352} INFO - Marking task as SUCCESS. dag_id=example_dynamic_task_mapping_with_no_taskflow_operators, task_id=sum_it, run_id=manual__2024-12-06T21:46:16.294031+00:00, execution_date=20241206T214616, start_date=20241206T214626, end_date=20241206T214626
[2024-12-06T21:46:26.577+0000] {logging_mixin.py:190} INFO - Task instance in success state
[2024-12-06T21:46:26.577+0000] {logging_mixin.py:190} INFO -  Previous state of the Task instance: running
[2024-12-06T21:46:26.578+0000] {logging_mixin.py:190} INFO - Dag name:example_dynamic_task_mapping_with_no_taskflow_operators queued_at:2024-12-06 21:46:16.317085+00:00
[2024-12-06T21:46:26.579+0000] {logging_mixin.py:190} INFO - Task hostname:7ef9882be744 operator:SumItOperator
[2024-12-06T21:46:26.600+0000] {local_task_job_runner.py:266} INFO - Task exited with return code 0
[2024-12-06T21:46:26.624+0000] {taskinstance.py:3895} INFO - 0 downstream tasks scheduled from follow-on schedule check
[2024-12-06T21:46:26.627+0000] {local_task_job_runner.py:245} INFO - ::endgroup::
