[2024-12-06T21:47:14.976+0000] {local_task_job_runner.py:123} INFO - ::group::Pre task execution logs
[2024-12-06T21:47:15.013+0000] {taskinstance.py:2613} INFO - Dependencies all met for dep_context=non-requeueable deps ti=<TaskInstance: example_dynamic_task_mapping_with_no_taskflow_operators.add_one manual__2024-12-06T21:47:11.020868+00:00 map_index=1 [queued]>
[2024-12-06T21:47:15.029+0000] {taskinstance.py:2613} INFO - Dependencies all met for dep_context=requeueable deps ti=<TaskInstance: example_dynamic_task_mapping_with_no_taskflow_operators.add_one manual__2024-12-06T21:47:11.020868+00:00 map_index=1 [queued]>
[2024-12-06T21:47:15.030+0000] {taskinstance.py:2866} INFO - Starting attempt 1 of 1
[2024-12-06T21:47:15.056+0000] {taskinstance.py:2889} INFO - Executing <Mapped(AddOneOperator): add_one> on 2024-12-06 21:47:11.020868+00:00
[2024-12-06T21:47:15.070+0000] {warnings.py:112} WARNING - /home/***/.local/lib/python3.12/site-packages/***/task/task_runner/standard_task_runner.py:70: DeprecationWarning: This process (pid=168) is multi-threaded, use of fork() may lead to deadlocks in the child.
  pid = os.fork()

[2024-12-06T21:47:15.073+0000] {standard_task_runner.py:72} INFO - Started process 176 to run task
[2024-12-06T21:47:15.075+0000] {standard_task_runner.py:104} INFO - Running: ['***', 'tasks', 'run', 'example_dynamic_task_mapping_with_no_taskflow_operators', 'add_one', 'manual__2024-12-06T21:47:11.020868+00:00', '--job-id', '8', '--raw', '--subdir', '/home/***/.local/lib/python3.12/site-packages/***/example_dags/example_dynamic_task_mapping_with_no_taskflow_operators.py', '--cfg-path', '/tmp/tmpj615yl4w', '--map-index', '1']
[2024-12-06T21:47:15.077+0000] {standard_task_runner.py:105} INFO - Job 8: Subtask add_one
[2024-12-06T21:47:15.168+0000] {task_command.py:467} INFO - Running <TaskInstance: example_dynamic_task_mapping_with_no_taskflow_operators.add_one manual__2024-12-06T21:47:11.020868+00:00 map_index=1 [running]> on host 7ef9882be744
[2024-12-06T21:47:15.339+0000] {taskinstance.py:3132} INFO - Exporting env vars: AIRFLOW_CTX_DAG_OWNER='***' AIRFLOW_CTX_DAG_ID='example_dynamic_task_mapping_with_no_taskflow_operators' AIRFLOW_CTX_TASK_ID='add_one' AIRFLOW_CTX_EXECUTION_DATE='2024-12-06T21:47:11.020868+00:00' AIRFLOW_CTX_TRY_NUMBER='1' AIRFLOW_CTX_DAG_RUN_ID='manual__2024-12-06T21:47:11.020868+00:00'
[2024-12-06T21:47:15.342+0000] {logging_mixin.py:190} INFO - Task instance is in running state
[2024-12-06T21:47:15.343+0000] {logging_mixin.py:190} INFO -  Previous state of the Task instance: queued
[2024-12-06T21:47:15.344+0000] {logging_mixin.py:190} INFO - Current task name:add_one state:running start_date:2024-12-06 21:47:15.014640+00:00
[2024-12-06T21:47:15.345+0000] {logging_mixin.py:190} INFO - Dag name:example_dynamic_task_mapping_with_no_taskflow_operators and current dag run status:running
[2024-12-06T21:47:15.346+0000] {taskinstance.py:731} INFO - ::endgroup::
[2024-12-06T21:47:15.385+0000] {taskinstance.py:340} INFO - ::group::Post task execution logs
[2024-12-06T21:47:15.386+0000] {taskinstance.py:352} INFO - Marking task as SUCCESS. dag_id=example_dynamic_task_mapping_with_no_taskflow_operators, task_id=add_one, run_id=manual__2024-12-06T21:47:11.020868+00:00, map_index=1, execution_date=20241206T214711, start_date=20241206T214715, end_date=20241206T214715
[2024-12-06T21:47:15.405+0000] {logging_mixin.py:190} INFO - Task instance in success state
[2024-12-06T21:47:15.406+0000] {logging_mixin.py:190} INFO -  Previous state of the Task instance: running
[2024-12-06T21:47:15.407+0000] {logging_mixin.py:190} INFO - Dag name:example_dynamic_task_mapping_with_no_taskflow_operators queued_at:2024-12-06 21:47:11.062340+00:00
[2024-12-06T21:47:15.408+0000] {logging_mixin.py:190} INFO - Task hostname:7ef9882be744 operator:AddOneOperator
[2024-12-06T21:47:15.451+0000] {local_task_job_runner.py:266} INFO - Task exited with return code 0
[2024-12-06T21:47:15.470+0000] {local_task_job_runner.py:245} INFO - ::endgroup::
