[2024-12-06T21:46:22.802+0000] {local_task_job_runner.py:123} INFO - ::group::Pre task execution logs
[2024-12-06T21:46:22.834+0000] {taskinstance.py:2613} INFO - Dependencies all met for dep_context=non-requeueable deps ti=<TaskInstance: example_dynamic_task_mapping_with_no_taskflow_operators.add_one manual__2024-12-06T21:46:16.294031+00:00 map_index=2 [queued]>
[2024-12-06T21:46:22.849+0000] {taskinstance.py:2613} INFO - Dependencies all met for dep_context=requeueable deps ti=<TaskInstance: example_dynamic_task_mapping_with_no_taskflow_operators.add_one manual__2024-12-06T21:46:16.294031+00:00 map_index=2 [queued]>
[2024-12-06T21:46:22.851+0000] {taskinstance.py:2866} INFO - Starting attempt 1 of 1
[2024-12-06T21:46:22.873+0000] {taskinstance.py:2889} INFO - Executing <Mapped(AddOneOperator): add_one> on 2024-12-06 21:46:16.294031+00:00
[2024-12-06T21:46:22.883+0000] {warnings.py:112} WARNING - /home/***/.local/lib/python3.12/site-packages/***/task/task_runner/standard_task_runner.py:70: DeprecationWarning: This process (pid=137) is multi-threaded, use of fork() may lead to deadlocks in the child.
  pid = os.fork()

[2024-12-06T21:46:22.887+0000] {standard_task_runner.py:72} INFO - Started process 151 to run task
[2024-12-06T21:46:22.889+0000] {standard_task_runner.py:104} INFO - Running: ['***', 'tasks', 'run', 'example_dynamic_task_mapping_with_no_taskflow_operators', 'add_one', 'manual__2024-12-06T21:46:16.294031+00:00', '--job-id', '5', '--raw', '--subdir', '/home/***/.local/lib/python3.12/site-packages/***/example_dags/example_dynamic_task_mapping_with_no_taskflow_operators.py', '--cfg-path', '/tmp/tmp3qdfv9o6', '--map-index', '2']
[2024-12-06T21:46:22.892+0000] {standard_task_runner.py:105} INFO - Job 5: Subtask add_one
[2024-12-06T21:46:22.964+0000] {task_command.py:467} INFO - Running <TaskInstance: example_dynamic_task_mapping_with_no_taskflow_operators.add_one manual__2024-12-06T21:46:16.294031+00:00 map_index=2 [running]> on host 7ef9882be744
[2024-12-06T21:46:23.498+0000] {taskinstance.py:3132} INFO - Exporting env vars: AIRFLOW_CTX_DAG_OWNER='***' AIRFLOW_CTX_DAG_ID='example_dynamic_task_mapping_with_no_taskflow_operators' AIRFLOW_CTX_TASK_ID='add_one' AIRFLOW_CTX_EXECUTION_DATE='2024-12-06T21:46:16.294031+00:00' AIRFLOW_CTX_TRY_NUMBER='1' AIRFLOW_CTX_DAG_RUN_ID='manual__2024-12-06T21:46:16.294031+00:00'
[2024-12-06T21:46:23.500+0000] {logging_mixin.py:190} INFO - Task instance is in running state
[2024-12-06T21:46:23.501+0000] {logging_mixin.py:190} INFO -  Previous state of the Task instance: queued
[2024-12-06T21:46:23.502+0000] {logging_mixin.py:190} INFO - Current task name:add_one state:running start_date:2024-12-06 21:46:22.835037+00:00
[2024-12-06T21:46:23.504+0000] {logging_mixin.py:190} INFO - Dag name:example_dynamic_task_mapping_with_no_taskflow_operators and current dag run status:running
[2024-12-06T21:46:23.505+0000] {taskinstance.py:731} INFO - ::endgroup::
[2024-12-06T21:46:23.550+0000] {taskinstance.py:340} INFO - ::group::Post task execution logs
[2024-12-06T21:46:23.552+0000] {taskinstance.py:352} INFO - Marking task as SUCCESS. dag_id=example_dynamic_task_mapping_with_no_taskflow_operators, task_id=add_one, run_id=manual__2024-12-06T21:46:16.294031+00:00, map_index=2, execution_date=20241206T214616, start_date=20241206T214622, end_date=20241206T214623
[2024-12-06T21:46:23.571+0000] {logging_mixin.py:190} INFO - Task instance in success state
[2024-12-06T21:46:23.572+0000] {logging_mixin.py:190} INFO -  Previous state of the Task instance: running
[2024-12-06T21:46:23.573+0000] {logging_mixin.py:190} INFO - Dag name:example_dynamic_task_mapping_with_no_taskflow_operators queued_at:2024-12-06 21:46:16.317085+00:00
[2024-12-06T21:46:23.574+0000] {logging_mixin.py:190} INFO - Task hostname:7ef9882be744 operator:AddOneOperator
[2024-12-06T21:46:23.628+0000] {local_task_job_runner.py:266} INFO - Task exited with return code 0
[2024-12-06T21:46:23.649+0000] {local_task_job_runner.py:245} INFO - ::endgroup::
